<Event xmlns="http://schemas.microsoft.com/win/2004/08/events/event">
    <System>
      <Provider Name="Microsoft-Windows-Sysmon" Guid="{5770385f-c22a-43e0-bf4c-06f5698ffbd9}" />
      <EventID>7</EventID>
      <Version>3</Version>
      <Level>4</Level>
      <Task>7</Task>
      <Opcode>0</Opcode>
      <Keywords>0x8000000000000000</Keywords>
      <TimeCreated SystemTime="2020-10-20T11:50:57.258592200Z" />
      <EventRecordID>1083</EventRecordID>
      <Correlation />
      <Execution ProcessID="7212" ThreadID="9748" />
      <Channel>Microsoft-Windows-Sysmon/Operational</Channel>
      <Computer>DESKTOP-NTSSLJD</Computer>
      <Security UserID="S-1-5-18" />
    </System>
    <EventData>
      <Data Name="RuleName">-</Data>
      <Data Name="UtcTime">2020-10-20 11:50:57.254</Data>
      <Data Name="ProcessGuid">{23f38d93-cf1f-5f8e-cc08-000000000c00}</Data>
      <Data Name="ProcessId">9444</Data>
      <Data Name="Image">C:\Windows\System32\dllhost.exe</Data>
      <Data Name="ImageLoaded">C:\Windows\System32\ExplorerFrame.dll</Data>
      <Data Name="FileVersion">10.0.18362.997 (WinBuild.160101.0800)</Data>
      <Data Name="Description">ExplorerFrame</Data>
      <Data Name="Product">Microsoft« Windows« Operating System</Data>
      <Data Name="Company">Microsoft Corporation</Data>
      <Data Name="OriginalFileName">ExplorerFrame.dll</Data>
      <Data Name="Hashes">SHA1=6DE13F799C8B75ECB9E3283AB07D4154B437532E,MD5=1B1A500085181D144F288B61D1B0BB33,SHA256=DF734F4438027969688395FF8B975BBF3BD1652398977568F7B7D77D538DC7EB,IMPHASH=10FFD9FFBE325F65CA203E653BBAF961</Data>
      <Data Name="Signed">true</Data>
      <Data Name="Signature">Microsoft Windows</Data>
      <Data Name="SignatureStatus">Valid</Data>
    </EventData>
  </Event>
  <Event xmlns="http://schemas.microsoft.com/win/2004/08/events/event">
    <System>
      <Provider Name="Microsoft-Windows-Sysmon" Guid="{5770385f-c22a-43e0-bf4c-06f5698ffbd9}" />
      <EventID>22</EventID>
      <Version>5</Version>
      <Level>4</Level>
      <Task>22</Task>
      <Opcode>0</Opcode>
      <Keywords>0x8000000000000000</Keywords>
      <TimeCreated SystemTime="2020-10-20T11:51:01.476722900Z" />
      <EventRecordID>1084</EventRecordID>
      <Correlation />
      <Execution ProcessID="7212" ThreadID="1320" />
      <Channel>Microsoft-Windows-Sysmon/Operational</Channel>
      <Computer>DESKTOP-NTSSLJD</Computer>
      <Security UserID="S-1-5-18" />
    </System>
    <EventData>
      <Data Name="RuleName">-</Data>
      <Data Name="UtcTime">2020-10-20 11:50:59.461</Data>
      <Data Name="ProcessGuid">{23f38d93-abac-5f8e-3900-000000000c00}</Data>
      <Data Name="ProcessId">2428</Data>
      <Data Name="QueryName">wpad</Data>
      <Data Name="QueryStatus">9003</Data>
      <Data Name="QueryResults">-</Data>
      <Data Name="Image">C:\Windows\System32\svchost.exe</Data>
    </EventData>
  </Event>
  <Event xmlns="http://schemas.microsoft.com/win/2004/08/events/event">
    <System>
      <Provider Name="Microsoft-Windows-Sysmon" Guid="{5770385f-c22a-43e0-bf4c-06f5698ffbd9}" />
      <EventID>7</EventID>
      <Version>3</Version>
      <Level>4</Level>
      <Task>7</Task>
      <Opcode>0</Opcode>
      <Keywords>0x8000000000000000</Keywords>
      <TimeCreated SystemTime="2020-10-20T11:51:09.287101700Z" />
      <EventRecordID>1085</EventRecordID>
      <Correlation />
      <Execution ProcessID="7212" ThreadID="9748" />
      <Channel>Microsoft-Windows-Sysmon/Operational</Channel>
      <Computer>DESKTOP-NTSSLJD</Computer>
      <Security UserID="S-1-5-18" />
    </System>
    <EventData>
      <Data Name="RuleName">-</Data>
      <Data Name="UtcTime">2020-10-20 11:51:09.277</Data>
      <Data Name="ProcessGuid">{23f38d93-ceb4-5f8e-9f08-000000000c00}</Data>
      <Data Name="ProcessId">9392</Data>
      <Data Name="Image">C:\Windows\System32\mmc.exe</Data>
      <Data Name="ImageLoaded">C:\Windows\System32\linkinfo.dll</Data>
      <Data Name="FileVersion">10.0.18362.1 (WinBuild.160101.0800)</Data>
      <Data Name="Description">Windows Volume Tracking</Data>
      <Data Name="Product">Microsoft« Windows« Operating System</Data>
      <Data Name="Company">Microsoft Corporation</Data>
      <Data Name="OriginalFileName">LINKINFO.DLL</Data>
      <Data Name="Hashes">SHA1=46EE65A4D1A0169AD5FC2E14B236D0405B7FA0EE,MD5=590EDE606E4AD541A529F7899795A430,SHA256=26904703C9B2F0E1BF0B535BF15CB91FF0A63340E12613D09876BF891A97B2F3,IMPHASH=61736CFA87B6C26F29E8649640CFF671</Data>
      <Data Name="Signed">true</Data>
      <Data Name="Signature">Microsoft Windows</Data>
      <Data Name="SignatureStatus">Valid</Data>
    </EventData>
  </Event>
  <Event xmlns="http://schemas.microsoft.com/win/2004/08/events/event">
    <System>
      <Provider Name="Microsoft-Windows-Sysmon" Guid="{5770385f-c22a-43e0-bf4c-06f5698ffbd9}" />
      <EventID>7</EventID>
      <Version>3</Version>
      <Level>4</Level>
      <Task>7</Task>
      <Opcode>0</Opcode>
      <Keywords>0x8000000000000000</Keywords>
      <TimeCreated SystemTime="2020-10-20T11:51:09.320110600Z" />
      <EventRecordID>1086</EventRecordID>
      <Correlation />
      <Execution ProcessID="7212" ThreadID="9748" />
      <Channel>Microsoft-Windows-Sysmon/Operational</Channel>
      <Computer>DESKTOP-NTSSLJD</Computer>
      <Security UserID="S-1-5-18" />
    </System>
    <EventData>
      <Data Name="RuleName">-</Data>
      <Data Name="UtcTime">2020-10-20 11:51:09.318</Data>
      <Data Name="ProcessGuid">{23f38d93-ceb4-5f8e-9f08-000000000c00}</Data>
      <Data Name="ProcessId">9392</Data>
      <Data Name="Image">C:\Windows\System32\mmc.exe</Data>
      <Data Name="ImageLoaded">C:\Windows\System32\dwmapi.dll</Data>
      <Data Name="FileVersion">10.0.18362.267 (WinBuild.160101.0800)</Data>
      <Data Name="Description">Microsoft Desktop Window Manager API</Data>
      <Data Name="Product">Microsoft« Windows« Operating System</Data>
      <Data Name="Company">Microsoft Corporation</Data>
      <Data Name="OriginalFileName">dwmapi.dll</Data>
      <Data Name="Hashes">SHA1=90B9C077F6C32ED99A95B2CB94DA89666BE4C04F,MD5=8EAACFF9140F8CAD88F4BF8B688B7668,SHA256=C1C65F4C88B6E679C029052D4C7693F00DE584E6A39C756653AA3A4074BA4264,IMPHASH=49F72522BEF9259B786A65BB1E8609C5</Data>
      <Data Name="Signed">true</Data>
      <Data Name="Signature">Microsoft Windows</Data>
      <Data Name="SignatureStatus">Valid</Data>
    </EventData>
  </Event>
  <Event xmlns="http://schemas.microsoft.com/win/2004/08/events/event">
    <System>
      <Provider Name="Microsoft-Windows-Sysmon" Guid="{5770385f-c22a-43e0-bf4c-06f5698ffbd9}" />
      <EventID>7</EventID>
      <Version>3</Version>
      <Level>4</Level>
      <Task>7</Task>
      <Opcode>0</Opcode>
      <Keywords>0x8000000000000000</Keywords>
      <TimeCreated SystemTime="2020-10-20T11:51:09.327806400Z" />
      <EventRecordID>1087</EventRecordID>
      <Correlation />
      <Execution ProcessID="7212" ThreadID="9748" />
      <Channel>Microsoft-Windows-Sysmon/Operational</Channel>
      <Computer>DESKTOP-NTSSLJD</Computer>
      <Security UserID="S-1-5-18" />
    </System>
    <EventData>
      <Data Name="RuleName">-</Data>
      <Data Name="UtcTime">2020-10-20 11:51:09.326</Data>
      <Data Name="ProcessGuid">{23f38d93-ceb4-5f8e-9f08-000000000c00}</Data>
      <Data Name="ProcessId">9392</Data>
      <Data Name="Image">C:\Windows\System32\mmc.exe</Data>
      <Data Name="ImageLoaded">C:\Windows\System32\ExplorerFrame.dll</Data>
      <Data Name="FileVersion">10.0.18362.997 (WinBuild.160101.0800)</Data>
      <Data Name="Description">ExplorerFrame</Data>
      <Data Name="Product">Microsoft« Windows« Operating System</Data>
      <Data Name="Company">Microsoft Corporation</Data>
      <Data Name="OriginalFileName">ExplorerFrame.dll</Data>
      <Data Name="Hashes">SHA1=6DE13F799C8B75ECB9E3283AB07D4154B437532E,MD5=1B1A500085181D144F288B61D1B0BB33,SHA256=DF734F4438027969688395FF8B975BBF3BD1652398977568F7B7D77D538DC7EB,IMPHASH=10FFD9FFBE325F65CA203E653BBAF961</Data>
      <Data Name="Signed">true</Data>
      <Data Name="Signature">Microsoft Windows</Data>
      <Data Name="SignatureStatus">Valid</Data>
    </EventData>
  </Event>
  <Event xmlns="http://schemas.microsoft.com/win/2004/08/events/event">
    <System>
      <Provider Name="Microsoft-Windows-Sysmon" Guid="{5770385f-c22a-43e0-bf4c-06f5698ffbd9}" />
      <EventID>7</EventID>
      <Version>3</Version>
      <Level>4</Level>
      <Task>7</Task>
      <Opcode>0</Opcode>
      <Keywords>0x8000000000000000</Keywords>
      <TimeCreated SystemTime="2020-10-20T11:51:09.370619000Z" />
      <EventRecordID>1088</EventRecordID>
      <Correlation />
      <Execution ProcessID="7212" ThreadID="5064" />
      <Channel>Microsoft-Windows-Sysmon/Operational</Channel>
      <Computer>DESKTOP-NTSSLJD</Computer>
      <Security UserID="S-1-5-18" />
    </System>
    <EventData>
      <Data Name="RuleName">-</Data>
      <Data Name="UtcTime">2020-10-20 11:51:09.355</Data>
      <Data Name="ProcessGuid">{23f38d93-ceb4-5f8e-9f08-000000000c00}</Data>
      <Data Name="ProcessId">9392</Data>
      <Data Name="Image">C:\Windows\System32\mmc.exe</Data>
      <Data Name="ImageLoaded">C:\Windows\System32\thumbcache.dll</Data>
      <Data Name="FileVersion">10.0.18362.1049 (WinBuild.160101.0800)</Data>
      <Data Name="Description">Microsoft Thumbnail Cache</Data>
      <Data Name="Product">Microsoft« Windows« Operating System</Data>
      <Data Name="Company">Microsoft Corporation</Data>
      <Data Name="OriginalFileName">thumbcache.dll</Data>
      <Data Name="Hashes">SHA1=0E82209655AB0633221AFE108E0320515E502681,MD5=CF31BAFC0C1342A94F00BC58B604CEB8,SHA256=AECD0F624F27BB2C2C1F1A278177E3E7D7EEF51D345BA597DE3367A981474C79,IMPHASH=82A0033E34D97FB7F7F4716F824906B5</Data>
      <Data Name="Signed">true</Data>
      <Data Name="Signature">Microsoft Windows</Data>
      <Data Name="SignatureStatus">Valid</Data>
    </EventData>
  </Event>
  <Event xmlns="http://schemas.microsoft.com/win/2004/08/events/event">
    <System>
      <Provider Name="Microsoft-Windows-Sysmon" Guid="{5770385f-c22a-43e0-bf4c-06f5698ffbd9}" />
      <EventID>7</EventID>
      <Version>3</Version>
      <Level>4</Level>
      <Task>7</Task>
      <Opcode>0</Opcode>
      <Keywords>0x8000000000000000</Keywords>
      <TimeCreated SystemTime="2020-10-20T11:51:09.386315600Z" />
      <EventRecordID>1089</EventRecordID>
      <Correlation />
      <Execution ProcessID="7212" ThreadID="5064" />
      <Channel>Microsoft-Windows-Sysmon/Operational</Channel>
      <Computer>DESKTOP-NTSSLJD</Computer>
      <Security UserID="S-1-5-18" />
    </System>
    <EventData>
      <Data Name="RuleName">-</Data>
      <Data Name="UtcTime">2020-10-20 11:51:09.364</Data>
      <Data Name="ProcessGuid">{23f38d93-ceb4-5f8e-9f08-000000000c00}</Data>
      <Data Name="ProcessId">9392</Data>
      <Data Name="Image">C:\Windows\System32\mmc.exe</Data>
      <Data Name="ImageLoaded">C:\Windows\System32\policymanager.dll</Data>
      <Data Name="FileVersion">10.0.18362.1139 (WinBuild.160101.0800)</Data>
      <Data Name="Description">Policy Manager DLL</Data>
      <Data Name="Product">Microsoft« Windows« Operating System</Data>
      <Data Name="Company">Microsoft Corporation</Data>
      <Data Name="OriginalFileName">PolicyManager.dll</Data>
      <Data Name="Hashes">SHA1=946D1E4B3EF5914C0B73FB78065AA19233CCC433,MD5=6C371598EB8C75E0C4CF46D7031E392E,SHA256=523A7CAA09C74C4BFE7AE2857D5E2F1022158899A5B242E99D35B88D9328F390,IMPHASH=E6F5F4C645B5AD825F2D89D8BCC0ACFD</Data>
      <Data Name="Signed">true</Data>
      <Data Name="Signature">Microsoft Windows</Data>
      <Data Name="SignatureStatus">Valid</Data>
    </EventData>
  </Event>
  <Event xmlns="http://schemas.microsoft.com/win/2004/08/events/event">
    <System>
      <Provider Name="Microsoft-Windows-Sysmon" Guid="{5770385f-c22a-43e0-bf4c-06f5698ffbd9}" />
      <EventID>7</EventID>
      <Version>3</Version>
      <Level>4</Level>
      <Task>7</Task>
      <Opcode>0</Opcode>
      <Keywords>0x8000000000000000</Keywords>
      <TimeCreated SystemTime="2020-10-20T11:51:09.396795000Z" />
      <EventRecordID>1090</EventRecordID>
      <Correlation />
      <Execution ProcessID="7212" ThreadID="5064" />
      <Channel>Microsoft-Windows-Sysmon/Operational</Channel>
      <Computer>DESKTOP-NTSSLJD</Computer>
      <Security UserID="S-1-5-18" />
    </System>
    <EventData>
      <Data Name="RuleName">-</Data>
      <Data Name="UtcTime">2020-10-20 11:51:09.379</Data>
      <Data Name="ProcessGuid">{23f38d93-ceb4-5f8e-9f08-000000000c00}</Data>
      <Data Name="ProcessId">9392</Data>
      <Data Name="Image">C:\Windows\System32\mmc.exe</Data>
      <Data Name="ImageLoaded">C:\Windows\System32\msvcp110_win.dll</Data>
      <Data Name="FileVersion">10.0.18362.1 (WinBuild.160101.0800)</Data>
      <Data Name="Description">Microsoft« STL110 C++ Runtime Library</Data>
      <Data Name="Product">Microsoft« Windows« Operating System</Data>
      <Data Name="Company">Microsoft Corporation</Data>
      <Data Name="OriginalFileName">msvcp110_win.dll</Data>
      <Data Name="Hashes">SHA1=1E81F9246CEEF88F4361792EC1F93D74D9C7B1F0,MD5=2661AB2C26F6FD9E3A868C58D408297E,SHA256=3DC331F24BBD33EA0712C3ED7AFC41956F1409360EF88CBDCF0C2E288AEDB1E6,IMPHASH=92380460EFEFA520CA5B66A4164F2053</Data>
      <Data Name="Signed">true</Data>
      <Data Name="Signature">Microsoft Windows</Data>
      <Data Name="SignatureStatus">Valid</Data>
    </EventData>
  </Event>
  <Event xmlns="http://schemas.microsoft.com/win/2004/08/events/event">
    <System>
      <Provider Name="Microsoft-Windows-Sysmon" Guid="{5770385f-c22a-43e0-bf4c-06f5698ffbd9}" />
      <EventID>7</EventID>
      <Version>3</Version>
      <Level>4</Level>
      <Task>7</Task>
      <Opcode>0</Opcode>
      <Keywords>0x8000000000000000</Keywords>
      <TimeCreated SystemTime="2020-10-20T11:51:09.504032000Z" />
      <EventRecordID>1091</EventRecordID>
      <Correlation />
      <Execution ProcessID="7212" ThreadID="5064" />
      <Channel>Microsoft-Windows-Sysmon/Operational</Channel>
      <Computer>DESKTOP-NTSSLJD</Computer>
      <Security UserID="S-1-5-18" />
    </System>
    <EventData>
      <Data Name="RuleName">-</Data>
      <Data Name="UtcTime">2020-10-20 11:51:09.442</Data>
      <Data Name="ProcessGuid">{23f38d93-ceb4-5f8e-9f08-000000000c00}</Data>
      <Data Name="ProcessId">9392</Data>
      <Data Name="Image">C:\Windows\System32\mmc.exe</Data>
      <Data Name="ImageLoaded">C:\Windows\System32\msftedit.dll</Data>
      <Data Name="FileVersion">10.0.18362.329 (WinBuild.160101.0800)</Data>
      <Data Name="Description">Rich Text Edit Control, v8.5</Data>
      <Data Name="Product">Microsoft« Windows« Operating System</Data>
      <Data Name="Company">Microsoft Corporation</Data>
      <Data Name="OriginalFileName">MsftEdit.DLL</Data>
      <Data Name="Hashes">SHA1=D9FBA17D9AF6BD317CB1DB58033FC8E3727859D9,MD5=450E2D69A66229623C2EDC337C7935E3,SHA256=37BAB095791E3508824E07A841F93713DA3F91A5D3C0D30EC9C0ECF9AEC086FF,IMPHASH=2C38FFC5BBEB84BC7F5C11E09C60131C</Data>
      <Data Name="Signed">true</Data>
      <Data Name="Signature">Microsoft Windows</Data>
      <Data Name="SignatureStatus">Valid</Data>
    </EventData>
  </Event>
  <Event xmlns="http://schemas.microsoft.com/win/2004/08/events/event">
    <System>
      <Provider Name="Microsoft-Windows-Sysmon" Guid="{5770385f-c22a-43e0-bf4c-06f5698ffbd9}" />
      <EventID>7</EventID>
      <Version>3</Version>
      <Level>4</Level>
      <Task>7</Task>
      <Opcode>0</Opcode>
      <Keywords>0x8000000000000000</Keywords>
      <TimeCreated SystemTime="2020-10-20T11:51:09.587320700Z" />
      <EventRecordID>1092</EventRecordID>
      <Correlation />
      <Execution ProcessID="7212" ThreadID="9748" />
      <Channel>Microsoft-Windows-Sysmon/Operational</Channel>
      <Computer>DESKTOP-NTSSLJD</Computer>
      <Security UserID="S-1-5-18" />
    </System>
    <EventData>
      <Data Name="RuleName">-</Data>
      <Data Name="UtcTime">2020-10-20 11:51:09.558</Data>
      <Data Name="ProcessGuid">{23f38d93-ceb4-5f8e-9f08-000000000c00}</Data>
      <Data Name="ProcessId">9392</Data>
      <Data Name="Image">C:\Windows\System32\mmc.exe</Data>
      <Data Name="ImageLoaded">C:\Windows\System32\cldapi.dll</Data>
      <Data Name="FileVersion">10.0.18362.1 (WinBuild.160101.0800)</Data>
      <Data Name="Description">Cloud API user mode API</Data>
      <Data Name="Product">Microsoft« Windows« Operating System</Data>
      <Data Name="Company">Microsoft Corporation</Data>
      <Data Name="OriginalFileName">cldapi.dll</Data>
      <Data Name="Hashes">SHA1=1FEE5F8E9F4073DE0AAC2847613086868C28FA75,MD5=A0F67438C0D5CB82C8CF41EC02F3F486,SHA256=00015FA066E590A25F190B53DA7A7D0E150140C6DB70D1DC895A7BD91CF2D5D9,IMPHASH=0FF388423A7E604F50714D7928F133B9</Data>
      <Data Name="Signed">true</Data>
      <Data Name="Signature">Microsoft Windows</Data>
      <Data Name="SignatureStatus">Valid</Data>
    </EventData>
  </Event>
  <Event xmlns="http://schemas.microsoft.com/win/2004/08/events/event">
    <System>
      <Provider Name="Microsoft-Windows-Sysmon" Guid="{5770385f-c22a-43e0-bf4c-06f5698ffbd9}" />
      <EventID>7</EventID>
      <Version>3</Version>
      <Level>4</Level>
      <Task>7</Task>
      <Opcode>0</Opcode>
      <Keywords>0x8000000000000000</Keywords>
      <TimeCreated SystemTime="2020-10-20T11:51:09.590050200Z" />
      <EventRecordID>1093</EventRecordID>
      <Correlation />
      <Execution ProcessID="7212" ThreadID="9748" />
      <Channel>Microsoft-Windows-Sysmon/Operational</Channel>
      <Computer>DESKTOP-NTSSLJD</Computer>
      <Security UserID="S-1-5-18" />
    </System>
    <EventData>
      <Data Name="RuleName">-</Data>
      <Data Name="UtcTime">2020-10-20 11:51:09.558</Data>
      <Data Name="ProcessGuid">{23f38d93-ceb4-5f8e-9f08-000000000c00}</Data>
      <Data Name="ProcessId">9392</Data>
      <Data Name="Image">C:\Windows\System32\mmc.exe</Data>
      <Data Name="ImageLoaded">C:\Windows\System32\fltLib.dll</Data>
      <Data Name="FileVersion">10.0.18362.1 (WinBuild.160101.0800)</Data>
      <Data Name="Description">Filter Library</Data>
      <Data Name="Product">Microsoft« Windows« Operating System</Data>
      <Data Name="Company">Microsoft Corporation</Data>
      <Data Name="OriginalFileName">filterLib.dll</Data>
      <Data Name="Hashes">SHA1=271C76A65E9B4EEB235A7160D5B1286CCE8C13FF,MD5=E202DD92848C5103C9ABF8ECD22BC539,SHA256=353F8D4E647A11F235F4262D913F7BAC4C4F266EAC4601EA416E861AFD611912,IMPHASH=1AC90E68C7E7F27FB14870BE142D19C0</Data>
      <Data Name="Signed">true</Data>
      <Data Name="Signature">Microsoft Windows</Data>
      <Data Name="SignatureStatus">Valid</Data>
    </EventData>
  </Event>
  <Event xmlns="http://schemas.microsoft.com/win/2004/08/events/event">
    <System>
      <Provider Name="Microsoft-Windows-Sysmon" Guid="{5770385f-c22a-43e0-bf4c-06f5698ffbd9}" />
      <EventID>7</EventID>
      <Version>3</Version>
      <Level>4</Level>
      <Task>7</Task>
      <Opcode>0</Opcode>
      <Keywords>0x8000000000000000</Keywords>
      <TimeCreated SystemTime="2020-10-20T11:51:09.592431100Z" />
      <EventRecordID>1094</EventRecordID>
      <Correlation />
      <Execution ProcessID="7212" ThreadID="5064" />
      <Channel>Microsoft-Windows-Sysmon/Operational</Channel>
      <Computer>DESKTOP-NTSSLJD</Computer>
      <Security UserID="S-1-5-18" />
    </System>
    <EventData>
      <Data Name="RuleName">-</Data>
      <Data Name="UtcTime">2020-10-20 11:51:09.457</Data>
      <Data Name="ProcessGuid">{23f38d93-ceb4-5f8e-9f08-000000000c00}</Data>
      <Data Name="ProcessId">9392</Data>
      <Data Name="Image">C:\Windows\System32\mmc.exe</Data>
      <Data Name="ImageLoaded">C:\Windows\System32\Windows.Globalization.dll</Data>
      <Data Name="FileVersion">10.0.18362.959 (WinBuild.160101.0800)</Data>
      <Data Name="Description">Windows Globalization</Data>
      <Data Name="Product">Microsoft« Windows« Operating System</Data>
      <Data Name="Company">Microsoft Corporation</Data>
      <Data Name="OriginalFileName">Windows.Globalization.dll</Data>
      <Data Name="Hashes">SHA1=0E78C9317B7430C2378D70746DA695D9C2DF02CA,MD5=C74EB7D0E81B1F820E5295C685701D22,SHA256=BE424F31C0490F440B7D12341CE6E934D7E086F672CA4C8AD9BE2A6EA0071E51,IMPHASH=E5D4990B394A7799DEC74DFD03159DA8</Data>
      <Data Name="Signed">true</Data>
      <Data Name="Signature">Microsoft Windows</Data>
      <Data Name="SignatureStatus">Valid</Data>
    </EventData>
  </Event>
  <Event xmlns="http://schemas.microsoft.com/win/2004/08/events/event">
    <System>
      <Provider Name="Microsoft-Windows-Sysmon" Guid="{5770385f-c22a-43e0-bf4c-06f5698ffbd9}" />
      <EventID>7</EventID>
      <Version>3</Version>
      <Level>4</Level>
      <Task>7</Task>
      <Opcode>0</Opcode>
      <Keywords>0x8000000000000000</Keywords>
      <TimeCreated SystemTime="2020-10-20T11:51:09.610900000Z" />
      <EventRecordID>1095</EventRecordID>
      <Correlation />
      <Execution ProcessID="7212" ThreadID="5064" />
      <Channel>Microsoft-Windows-Sysmon/Operational</Channel>
      <Computer>DESKTOP-NTSSLJD</Computer>
      <Security UserID="S-1-5-18" />
    </System>
    <EventData>
      <Data Name="RuleName">-</Data>
      <Data Name="UtcTime">2020-10-20 11:51:09.457</Data>
      <Data Name="ProcessGuid">{23f38d93-ceb4-5f8e-9f08-000000000c00}</Data>
      <Data Name="ProcessId">9392</Data>
      <Data Name="Image">C:\Windows\System32\mmc.exe</Data>
      <Data Name="ImageLoaded">C:\Windows\System32\BCP47mrm.dll</Data>
      <Data Name="FileVersion">10.0.18362.997 (WinBuild.160101.0800)</Data>
      <Data Name="Description">BCP47 Language Classes for Resource Management</Data>
      <Data Name="Product">Microsoft« Windows« Operating System</Data>
      <Data Name="Company">Microsoft Corporation</Data>
      <Data Name="OriginalFileName">BCP47mrm.dll</Data>
      <Data Name="Hashes">SHA1=C35D61999D60527F90A38696B14CF87F0796F4E3,MD5=225EC6480F3CC6D4126900134B25C44A,SHA256=7695C74D2E9CB5ABD5F1524A1616031A9D553164941B6D78FAAEFC6B89420301,IMPHASH=7F68A4216CD83907B0318D79B6C5B295</Data>
      <Data Name="Signed">true</Data>
      <Data Name="Signature">Microsoft Windows</Data>
      <Data Name="SignatureStatus">Valid</Data>
    </EventData>
  </Event>
  <Event xmlns="http://schemas.microsoft.com/win/2004/08/events/event">
    <System>
      <Provider Name="Microsoft-Windows-Sysmon" Guid="{5770385f-c22a-43e0-bf4c-06f5698ffbd9}" />
      <EventID>7</EventID>
      <Version>3</Version>
      <Level>4</Level>
      <Task>7</Task>
      <Opcode>0</Opcode>
      <Keywords>0x8000000000000000</Keywords>
      <TimeCreated SystemTime="2020-10-20T11:51:09.632695600Z" />
      <EventRecordID>1096</EventRecordID>
      <Correlation />
      <Execution ProcessID="7212" ThreadID="5064" />
      <Channel>Microsoft-Windows-Sysmon/Operational</Channel>
      <Computer>DESKTOP-NTSSLJD</Computer>
      <Security UserID="S-1-5-18" />
    </System>
    <EventData>
      <Data Name="RuleName">-</Data>
      <Data Name="UtcTime">2020-10-20 11:51:09.457</Data>
      <Data Name="ProcessGuid">{23f38d93-ceb4-5f8e-9f08-000000000c00}</Data>
      <Data Name="ProcessId">9392</Data>
      <Data Name="Image">C:\Windows\System32\mmc.exe</Data>
      <Data Name="ImageLoaded">C:\Windows\System32\BCP47Langs.dll</Data>
      <Data Name="FileVersion">10.0.18362.997 (WinBuild.160101.0800)</Data>
      <Data Name="Description">BCP47 Language Classes</Data>
      <Data Name="Product">Microsoft« Windows« Operating System</Data>
      <Data Name="Company">Microsoft Corporation</Data>
      <Data Name="OriginalFileName">BCP47Lang.dll</Data>
      <Data Name="Hashes">SHA1=0AEA5AB61A9DAE9505083DD74FB6A5F8B55339AD,MD5=4419A2385D10CE1DC3107421ADB51EEC,SHA256=5B771BBF18781C64AEA1974B90DE385BB090C360A12B967E05E0B7D6D40E3DB0,IMPHASH=5961569E1666EF01D6036E9B6F3791E2</Data>
      <Data Name="Signed">true</Data>
      <Data Name="Signature">Microsoft Windows</Data>
      <Data Name="SignatureStatus">Valid</Data>
    </EventData>
  </Event>
  <Event xmlns="http://schemas.microsoft.com/win/2004/08/events/event">
    <System>
      <Provider Name="Microsoft-Windows-Sysmon" Guid="{5770385f-c22a-43e0-bf4c-06f5698ffbd9}" />
      <EventID>7</EventID>
      <Version>3</Version>
      <Level>4</Level>
      <Task>7</Task>
      <Opcode>0</Opcode>
      <Keywords>0x8000000000000000</Keywords>
      <TimeCreated SystemTime="2020-10-20T11:51:09.694213100Z" />
      <EventRecordID>1097</EventRecordID>
      <Correlation />
      <Execution ProcessID="7212" ThreadID="9748" />
      <Channel>Microsoft-Windows-Sysmon/Operational</Channel>
      <Computer>DESKTOP-NTSSLJD</Computer>
      <Security UserID="S-1-5-18" />
    </System>
    <EventData>
      <Data Name="RuleName">-</Data>
      <Data Name="UtcTime">2020-10-20 11:51:09.654</Data>
      <Data Name="ProcessGuid">{23f38d93-ceb4-5f8e-9f08-000000000c00}</Data>
      <Data Name="ProcessId">9392</Data>
      <Data Name="Image">C:\Windows\System32\mmc.exe</Data>
      <Data Name="ImageLoaded">C:\Windows\System32\coml2.dll</Data>
      <Data Name="FileVersion">10.0.18362.1 (WinBuild.160101.0800)</Data>
      <Data Name="Description">Microsoft COM for Windows</Data>
      <Data Name="Product">Microsoft« Windows« Operating System</Data>
      <Data Name="Company">Microsoft Corporation</Data>
      <Data Name="OriginalFileName">COML2.DLL</Data>
      <Data Name="Hashes">SHA1=D10192212E2D342BB7EB8C85C876CEA94EE824F8,MD5=727673EC5D0CD9B726D8F2CFBDC747AB,SHA256=4C67CDC79D8EB20EE49DEF0D8CB5126D5BF660C7BF5E25D17DD6FC48C2902F5E,IMPHASH=F830D7ACFCD0C9974048B2C1271F3E86</Data>
      <Data Name="Signed">true</Data>
      <Data Name="Signature">Microsoft Windows</Data>
      <Data Name="SignatureStatus">Valid</Data>
    </EventData>
  </Event>
  <Event xmlns="http://schemas.microsoft.com/win/2004/08/events/event">
    <System>
      <Provider Name="Microsoft-Windows-Sysmon" Guid="{5770385f-c22a-43e0-bf4c-06f5698ffbd9}" />
      <EventID>7</EventID>
      <Version>3</Version>
      <Level>4</Level>
      <Task>7</Task>
      <Opcode>0</Opcode>
      <Keywords>0x8000000000000000</Keywords>
      <TimeCreated SystemTime="2020-10-20T11:51:09.698400500Z" />
      <EventRecordID>1098</EventRecordID>
      <Correlation />
      <Execution ProcessID="7212" ThreadID="5064" />
      <Channel>Microsoft-Windows-Sysmon/Operational</Channel>
      <Computer>DESKTOP-NTSSLJD</Computer>
      <Security UserID="S-1-5-18" />
    </System>
    <EventData>
      <Data Name="RuleName">-</Data>
      <Data Name="UtcTime">2020-10-20 11:51:09.473</Data>
      <Data Name="ProcessGuid">{23f38d93-ceb4-5f8e-9f08-000000000c00}</Data>
      <Data Name="ProcessId">9392</Data>
      <Data Name="Image">C:\Windows\System32\mmc.exe</Data>
      <Data Name="ImageLoaded">C:\Windows\System32\globinputhost.dll</Data>
      <Data Name="FileVersion">10.0.18362.997 (WinBuild.160101.0800)</Data>
      <Data Name="Description">Windows Globalization Extension API for Input</Data>
      <Data Name="Product">Microsoft« Windows« Operating System</Data>
      <Data Name="Company">Microsoft Corporation</Data>
      <Data Name="OriginalFileName">globinputhost.dll</Data>
      <Data Name="Hashes">SHA1=14BC313DCF541C2B3E609EA410AF05FC53853DBA,MD5=44B8661BFF23B9A334BC33B4CB61CAFA,SHA256=6CBBFE7F858BE093D789A7D9AA09B15C9003F5055C9B0A2F6DFE9F65F580D9AD,IMPHASH=AE0C9A8087D3904C0B27C997AB932074</Data>
      <Data Name="Signed">true</Data>
      <Data Name="Signature">Microsoft Windows</Data>
      <Data Name="SignatureStatus">Valid</Data>
    </EventData>
  </Event>
  <Event xmlns="http://schemas.microsoft.com/win/2004/08/events/event">
    <System>
      <Provider Name="Microsoft-Windows-Sysmon" Guid="{5770385f-c22a-43e0-bf4c-06f5698ffbd9}" />
      <EventID>7</EventID>
      <Version>3</Version>
      <Level>4</Level>
      <Task>7</Task>
      <Opcode>0</Opcode>
      <Keywords>0x8000000000000000</Keywords>
      <TimeCreated SystemTime="2020-10-20T11:51:09.710141500Z" />
      <EventRecordID>1099</EventRecordID>
      <Correlation />
      <Execution ProcessID="7212" ThreadID="5064" />
      <Channel>Microsoft-Windows-Sysmon/Operational</Channel>
      <Computer>DESKTOP-NTSSLJD</Computer>
      <Security UserID="S-1-5-18" />
    </System>
    <EventData>
      <Data Name="RuleName">-</Data>
      <Data Name="UtcTime">2020-10-20 11:51:09.488</Data>
      <Data Name="ProcessGuid">{23f38d93-ceb4-5f8e-9f08-000000000c00}</Data>
      <Data Name="ProcessId">9392</Data>
      <Data Name="Image">C:\Windows\System32\mmc.exe</Data>
      <Data Name="ImageLoaded">C:\Program Files\Common Files\microsoft shared\ink\tiptsf.dll</Data>
      <Data Name="FileVersion">10.0.18362.900 (WinBuild.160101.0800)</Data>
      <Data Name="Description">Touch Keyboard and Handwriting Panel Text Services Framework</Data>
      <Data Name="Product">Microsoft« Windows« Operating System</Data>
      <Data Name="Company">Microsoft Corporation</Data>
      <Data Name="OriginalFileName">TipTsf.dll</Data>
      <Data Name="Hashes">SHA1=B06E14FA8A43531AAA7967D1348A48732A694765,MD5=250779D8AEC4DF6828BF2F99793BCCF1,SHA256=524E2899AEA55021D509DCB438807AC617E2C4B510E153A9263807FCE621B508,IMPHASH=230C2967A703C4F6F153BF6A10173225</Data>
      <Data Name="Signed">true</Data>
      <Data Name="Signature">Microsoft Windows</Data>
      <Data Name="SignatureStatus">Valid</Data>
    </EventData>
  </Event>
  <Event xmlns="http://schemas.microsoft.com/win/2004/08/events/event">
    <System>
      <Provider Name="Microsoft-Windows-Sysmon" Guid="{5770385f-c22a-43e0-bf4c-06f5698ffbd9}" />
      <EventID>7</EventID>
      <Version>3</Version>
      <Level>4</Level>
      <Task>7</Task>
      <Opcode>0</Opcode>
      <Keywords>0x8000000000000000</Keywords>
      <TimeCreated SystemTime="2020-10-20T11:51:09.735148300Z" />
      <EventRecordID>1100</EventRecordID>
      <Correlation />
      <Execution ProcessID="7212" ThreadID="5064" />
      <Channel>Microsoft-Windows-Sysmon/Operational</Channel>
      <Computer>DESKTOP-NTSSLJD</Computer>
      <Security UserID="S-1-5-18" />
    </System>
    <EventData>
      <Data Name="RuleName">-</Data>
      <Data Name="UtcTime">2020-10-20 11:51:09.536</Data>
      <Data Name="ProcessGuid">{23f38d93-ceb4-5f8e-9f08-000000000c00}</Data>
      <Data Name="ProcessId">9392</Data>
      <Data Name="Image">C:\Windows\System32\mmc.exe</Data>
      <Data Name="ImageLoaded">C:\Windows\System32\StructuredQuery.dll</Data>
      <Data Name="FileVersion">7.0.18362.959 (WinBuild.160101.0800)</Data>
      <Data Name="Description">Structured Query</Data>
      <Data Name="Product">Windows« Search</Data>
      <Data Name="Company">Microsoft Corporation</Data>
      <Data Name="OriginalFileName">StructuredQuery.dll</Data>
      <Data Name="Hashes">SHA1=E5C7BCD3F598742B03BFCB13789793E9313E5A25,MD5=B852D2B6C46AF823B1EFA87CCC8AA4F6,SHA256=8FA3009718FABDBC37B9A3193C213E8703A3E00D1812052D108594FC297B7ECD,IMPHASH=5ABD7BFFFD4ECEDAB1EE8FB38DB271C9</Data>
      <Data Name="Signed">true</Data>
      <Data Name="Signature">Microsoft Windows</Data>
      <Data Name="SignatureStatus">Valid</Data>
    </EventData>
  </Event>
  <Event xmlns="http://schemas.microsoft.com/win/2004/08/events/event">
    <System>
      <Provider Name="Microsoft-Windows-Sysmon" Guid="{5770385f-c22a-43e0-bf4c-06f5698ffbd9}" />
      <EventID>7</EventID>
      <Version>3</Version>
      <Level>4</Level>
      <Task>7</Task>
      <Opcode>0</Opcode>
      <Keywords>0x8000000000000000</Keywords>
      <TimeCreated SystemTime="2020-10-20T11:51:09.815120300Z" />
      <EventRecordID>1101</EventRecordID>
      <Correlation />
      <Execution ProcessID="7212" ThreadID="5064" />
      <Channel>Microsoft-Windows-Sysmon/Operational</Channel>
      <Computer>DESKTOP-NTSSLJD</Computer>
      <Security UserID="S-1-5-18" />
    </System>
    <EventData>
      <Data Name="RuleName">-</Data>
      <Data Name="UtcTime">2020-10-20 11:51:09.551</Data>
      <Data Name="ProcessGuid">{23f38d93-ceb4-5f8e-9f08-000000000c00}</Data>
      <Data Name="ProcessId">9392</Data>
      <Data Name="Image">C:\Windows\System32\mmc.exe</Data>
      <Data Name="ImageLoaded">C:\Windows\System32\Windows.Storage.Search.dll</Data>
      <Data Name="FileVersion">10.0.18362.387 (WinBuild.160101.0800)</Data>
      <Data Name="Description">Windows.Storage.Search</Data>
      <Data Name="Product">Microsoft« Windows« Operating System</Data>
      <Data Name="Company">Microsoft Corporation</Data>
      <Data Name="OriginalFileName">Windows.Storage.Search.dll</Data>
      <Data Name="Hashes">SHA1=5E3ABA88375120C836F5DAFC5C1259E23BDBD5EA,MD5=88E7CDCC563D556767B6FFB5253FAF33,SHA256=CA0318110E9BA03D652CE7AC9555D81FF0ED473C4094740E0F81F7A8CBFE019D,IMPHASH=48C60BAC25AC20198FFEC0758A268ECD</Data>
      <Data Name="Signed">true</Data>
      <Data Name="Signature">Microsoft Windows</Data>
      <Data Name="SignatureStatus">Valid</Data>
    </EventData>
  </Event>
  <Event xmlns="http://schemas.microsoft.com/win/2004/08/events/event">
    <System>
      <Provider Name="Microsoft-Windows-Sysmon" Guid="{5770385f-c22a-43e0-bf4c-06f5698ffbd9}" />
      <EventID>7</EventID>
      <Version>3</Version>
      <Level>4</Level>
      <Task>7</Task>
      <Opcode>0</Opcode>
      <Keywords>0x8000000000000000</Keywords>
      <TimeCreated SystemTime="2020-10-20T11:51:09.829766000Z" />
      <EventRecordID>1102</EventRecordID>
      <Correlation />
      <Execution ProcessID="7212" ThreadID="5064" />
      <Channel>Microsoft-Windows-Sysmon/Operational</Channel>
      <Computer>DESKTOP-NTSSLJD</Computer>
      <Security UserID="S-1-5-18" />
    </System>
    <EventData>
      <Data Name="RuleName">-</Data>
      <Data Name="UtcTime">2020-10-20 11:51:09.586</Data>
      <Data Name="ProcessGuid">{23f38d93-ceb4-5f8e-9f08-000000000c00}</Data>
      <Data Name="ProcessId">9392</Data>
      <Data Name="Image">C:\Windows\System32\mmc.exe</Data>
      <Data Name="ImageLoaded">C:\Windows\System32\samcli.dll</Data>
      <Data Name="FileVersion">10.0.18362.1 (WinBuild.160101.0800)</Data>
      <Data Name="Description">Security Accounts Manager Client DLL</Data>
      <Data Name="Product">Microsoft« Windows« Operating System</Data>
      <Data Name="Company">Microsoft Corporation</Data>
      <Data Name="OriginalFileName">SAMCLI.DLL</Data>
      <Data Name="Hashes">SHA1=18E6AFD6B9FEB79D872298A7F8800BFB28B14BA6,MD5=BA0B10749BAE470BD0AB33ED3E0ACA71,SHA256=B048B7037474926559CBF17BB19F3E7D571A2456823568E6068E50407E471120,IMPHASH=EE4C0C2CFFD7F999EC0FAF1376D518DD</Data>
      <Data Name="Signed">true</Data>
      <Data Name="Signature">Microsoft Windows</Data>
      <Data Name="SignatureStatus">Valid</Data>
    </EventData>
  </Event>
  <Event xmlns="http://schemas.microsoft.com/win/2004/08/events/event">
    <System>
      <Provider Name="Microsoft-Windows-Sysmon" Guid="{5770385f-c22a-43e0-bf4c-06f5698ffbd9}" />
      <EventID>7</EventID>
      <Version>3</Version>
      <Level>4</Level>
      <Task>7</Task>
      <Opcode>0</Opcode>
      <Keywords>0x8000000000000000</Keywords>
      <TimeCreated SystemTime="2020-10-20T11:51:09.842559000Z" />
      <EventRecordID>1103</EventRecordID>
      <Correlation />
      <Execution ProcessID="7212" ThreadID="5064" />
      <Channel>Microsoft-Windows-Sysmon/Operational</Channel>
      <Computer>DESKTOP-NTSSLJD</Computer>
      <Security UserID="S-1-5-18" />
    </System>
    <EventData>
      <Data Name="RuleName">-</Data>
      <Data Name="UtcTime">2020-10-20 11:51:09.588</Data>
      <Data Name="ProcessGuid">{23f38d93-ceb4-5f8e-9f08-000000000c00}</Data>
      <Data Name="ProcessId">9392</Data>
      <Data Name="Image">C:\Windows\System32\mmc.exe</Data>
      <Data Name="ImageLoaded">C:\Windows\System32\samlib.dll</Data>
      <Data Name="FileVersion">10.0.18362.1049 (WinBuild.160101.0800)</Data>
      <Data Name="Description">SAM Library DLL</Data>
      <Data Name="Product">Microsoft« Windows« Operating System</Data>
      <Data Name="Company">Microsoft Corporation</Data>
      <Data Name="OriginalFileName">SAMLib.DLL</Data>
      <Data Name="Hashes">SHA1=508CE06737747BC14DF3A4337F8A63B76472C629,MD5=0B4202913B86A44A0FAE7B80D425CDF8,SHA256=3501320367877A6EC814CAB179D329D41E32748F01973F5A053D5801DFC9594B,IMPHASH=3B8923EB77916A851639B50DFA19881B</Data>
      <Data Name="Signed">true</Data>
      <Data Name="Signature">Microsoft Windows</Data>
      <Data Name="SignatureStatus">Valid</Data>
    </EventData>
  </Event>
  <Event xmlns="http://schemas.microsoft.com/win/2004/08/events/event">
    <System>
      <Provider Name="Microsoft-Windows-Sysmon" Guid="{5770385f-c22a-43e0-bf4c-06f5698ffbd9}" />
      <EventID>7</EventID>
      <Version>3</Version>
      <Level>4</Level>
      <Task>7</Task>
      <Opcode>0</Opcode>
      <Keywords>0x8000000000000000</Keywords>
      <TimeCreated SystemTime="2020-10-20T11:51:09.842764600Z" />
      <EventRecordID>1104</EventRecordID>
      <Correlation />
      <Execution ProcessID="7212" ThreadID="9748" />
      <Channel>Microsoft-Windows-Sysmon/Operational</Channel>
      <Computer>DESKTOP-NTSSLJD</Computer>
      <Security UserID="S-1-5-18" />
    </System>
    <EventData>
      <Data Name="RuleName">-</Data>
      <Data Name="UtcTime">2020-10-20 11:51:09.794</Data>
      <Data Name="ProcessGuid">{23f38d93-ceb4-5f8e-9f08-000000000c00}</Data>
      <Data Name="ProcessId">9392</Data>
      <Data Name="Image">C:\Windows\System32\mmc.exe</Data>
      <Data Name="ImageLoaded">C:\Windows\System32\setupapi.dll</Data>
      <Data Name="FileVersion">10.0.18362.1 (WinBuild.160101.0800)</Data>
      <Data Name="Description">Windows Setup API</Data>
      <Data Name="Product">Microsoft« Windows« Operating System</Data>
      <Data Name="Company">Microsoft Corporation</Data>
      <Data Name="OriginalFileName">SETUPAPI.DLL</Data>
      <Data Name="Hashes">SHA1=2EB4B872612BFEF3697F7CD2948044A16B98B51B,MD5=04B058D188908EB631CED20F7B2EA3D9,SHA256=F9AA66AA0B302FD79D34447C371816237D8915F371CD53F19744B720B6A03B99,IMPHASH=C99B549EFE7A882B1FC7F457615E8522</Data>
      <Data Name="Signed">true</Data>
      <Data Name="Signature">Microsoft Windows</Data>
      <Data Name="SignatureStatus">Valid</Data>
    </EventData>
  </Event>
  <Event xmlns="http://schemas.microsoft.com/win/2004/08/events/event">
    <System>
      <Provider Name="Microsoft-Windows-Sysmon" Guid="{5770385f-c22a-43e0-bf4c-06f5698ffbd9}" />
      <EventID>7</EventID>
      <Version>3</Version>
      <Level>4</Level>
      <Task>7</Task>
      <Opcode>0</Opcode>
      <Keywords>0x8000000000000000</Keywords>
      <TimeCreated SystemTime="2020-10-20T11:51:09.843319400Z" />
      <EventRecordID>1105</EventRecordID>
      <Correlation />
      <Execution ProcessID="7212" ThreadID="9748" />
      <Channel>Microsoft-Windows-Sysmon/Operational</Channel>
      <Computer>DESKTOP-NTSSLJD</Computer>
      <Security UserID="S-1-5-18" />
    </System>
    <EventData>
      <Data Name="RuleName">-</Data>
      <Data Name="UtcTime">2020-10-20 11:51:09.794</Data>
      <Data Name="ProcessGuid">{23f38d93-ceb4-5f8e-9f08-000000000c00}</Data>
      <Data Name="ProcessId">9392</Data>
      <Data Name="Image">C:\Windows\System32\mmc.exe</Data>
      <Data Name="ImageLoaded">C:\Windows\System32\ntshrui.dll</Data>
      <Data Name="FileVersion">10.0.18362.752 (WinBuild.160101.0800)</Data>
      <Data Name="Description">Shell extensions for sharing</Data>
      <Data Name="Product">Microsoft« Windows« Operating System</Data>
      <Data Name="Company">Microsoft Corporation</Data>
      <Data Name="OriginalFileName">ntshrui.dll</Data>
      <Data Name="Hashes">SHA1=24143BE7EF3F41EF37959FB22596011C83948786,MD5=4B4CBBBFAD3DAB78E597F599AFA30964,SHA256=D9CF88C0E52593BBA148BA7D6D8680EFA2275D1D4ED155DD8DB94D9E1C6D3FD1,IMPHASH=12A645C8D64CB3F5C31FF8A139528259</Data>
      <Data Name="Signed">true</Data>
      <Data Name="Signature">Microsoft Windows</Data>
      <Data Name="SignatureStatus">Valid</Data>
    </EventData>
  </Event>
  <Event xmlns="http://schemas.microsoft.com/win/2004/08/events/event">
    <System>
      <Provider Name="Microsoft-Windows-Sysmon" Guid="{5770385f-c22a-43e0-bf4c-06f5698ffbd9}" />
      <EventID>7</EventID>
      <Version>3</Version>
      <Level>4</Level>
      <Task>7</Task>
      <Opcode>0</Opcode>
      <Keywords>0x8000000000000000</Keywords>
      <TimeCreated SystemTime="2020-10-20T11:51:09.844278700Z" />
      <EventRecordID>1106</EventRecordID>
      <Correlation />
      <Execution ProcessID="7212" ThreadID="9748" />
      <Channel>Microsoft-Windows-Sysmon/Operational</Channel>
      <Computer>DESKTOP-NTSSLJD</Computer>
      <Security UserID="S-1-5-18" />
    </System>
    <EventData>
      <Data Name="RuleName">-</Data>
      <Data Name="UtcTime">2020-10-20 11:51:09.801</Data>
      <Data Name="ProcessGuid">{23f38d93-ceb4-5f8e-9f08-000000000c00}</Data>
      <Data Name="ProcessId">9392</Data>
      <Data Name="Image">C:\Windows\System32\mmc.exe</Data>
      <Data Name="ImageLoaded">C:\Windows\System32\Windows.StateRepositoryPS.dll</Data>
      <Data Name="FileVersion">10.0.18362.1082 (WinBuild.160101.0800)</Data>
      <Data Name="Description">Windows StateRepository Proxy/Stub Server</Data>
      <Data Name="Product">Microsoft« Windows« Operating System</Data>
      <Data Name="Company">Microsoft Corporation</Data>
      <Data Name="OriginalFileName">Windows.StateRepositoryPS.dll</Data>
      <Data Name="Hashes">SHA1=870F4150AF0FA7BE2478A317E603BC355D623C01,MD5=37B2BCAFF03971D5012BF4EEA367FE4E,SHA256=1D31786E5F23E9C0791EA626B10B0F8250E377000C6668F4141EAD6302A46C5A,IMPHASH=A39887077F3ADC1F3BE7B73D8983927E</Data>
      <Data Name="Signed">true</Data>
      <Data Name="Signature">Microsoft Windows</Data>
      <Data Name="SignatureStatus">Valid</Data>
    </EventData>
  </Event>
  <Event xmlns="http://schemas.microsoft.com/win/2004/08/events/event">
    <System>
      <Provider Name="Microsoft-Windows-Sysmon" Guid="{5770385f-c22a-43e0-bf4c-06f5698ffbd9}" />
      <EventID>7</EventID>
      <Version>3</Version>
      <Level>4</Level>
      <Task>7</Task>
      <Opcode>0</Opcode>
      <Keywords>0x8000000000000000</Keywords>
      <TimeCreated SystemTime="2020-10-20T11:51:09.886714000Z" />
      <EventRecordID>1107</EventRecordID>
      <Correlation />
      <Execution ProcessID="7212" ThreadID="9748" />
      <Channel>Microsoft-Windows-Sysmon/Operational</Channel>
      <Computer>DESKTOP-NTSSLJD</Computer>
      <Security UserID="S-1-5-18" />
    </System>
    <EventData>
      <Data Name="RuleName">-</Data>
      <Data Name="UtcTime">2020-10-20 11:51:09.848</Data>
      <Data Name="ProcessGuid">{23f38d93-ceb4-5f8e-9f08-000000000c00}</Data>
      <Data Name="ProcessId">9392</Data>
      <Data Name="Image">C:\Windows\System32\mmc.exe</Data>
      <Data Name="ImageLoaded">C:\Windows\System32\cscapi.dll</Data>
      <Data Name="FileVersion">10.0.18362.1 (WinBuild.160101.0800)</Data>
      <Data Name="Description">Offline Files Win32 API</Data>
      <Data Name="Product">Microsoft« Windows« Operating System</Data>
      <Data Name="Company">Microsoft Corporation</Data>
      <Data Name="OriginalFileName">cscapi.dll</Data>
      <Data Name="Hashes">SHA1=76F9F3F969D55C2B9557D0A9FE7F1FA58A7E986D,MD5=8E80F56A79B220B24E40C9AFA5C6BEAD,SHA256=DF7D8DBACB87C591EEB124C5C2BD78797D93374BFBA782A8AA4488E16FB57EBE,IMPHASH=4EEB69A56E58C88D7ABF287DF28871A4</Data>
      <Data Name="Signed">true</Data>
      <Data Name="Signature">Microsoft Windows</Data>
      <Data Name="SignatureStatus">Valid</Data>
    </EventData>
  </Event>
  <Event xmlns="http://schemas.microsoft.com/win/2004/08/events/event">
    <System>
      <Provider Name="Microsoft-Windows-Sysmon" Guid="{5770385f-c22a-43e0-bf4c-06f5698ffbd9}" />
      <EventID>7</EventID>
      <Version>3</Version>
      <Level>4</Level>
      <Task>7</Task>
      <Opcode>0</Opcode>
      <Keywords>0x8000000000000000</Keywords>
      <TimeCreated SystemTime="2020-10-20T11:51:09.910211600Z" />
      <EventRecordID>1108</EventRecordID>
      <Correlation />
      <Execution ProcessID="7212" ThreadID="5064" />
      <Channel>Microsoft-Windows-Sysmon/Operational</Channel>
      <Computer>DESKTOP-NTSSLJD</Computer>
      <Security UserID="S-1-5-18" />
    </System>
    <EventData>
      <Data Name="RuleName">-</Data>
      <Data Name="UtcTime">2020-10-20 11:51:09.707</Data>
      <Data Name="ProcessGuid">{23f38d93-ceb4-5f8e-9f08-000000000c00}</Data>
      <Data Name="ProcessId">9392</Data>
      <Data Name="Image">C:\Windows\System32\mmc.exe</Data>
      <Data Name="ImageLoaded">C:\Windows\System32\twinapi.dll</Data>
      <Data Name="FileVersion">10.0.18362.959 (WinBuild.160101.0800)</Data>
      <Data Name="Description">twinapi</Data>
      <Data Name="Product">Microsoft« Windows« Operating System</Data>
      <Data Name="Company">Microsoft Corporation</Data>
      <Data Name="OriginalFileName">twinapi.dll</Data>
      <Data Name="Hashes">SHA1=F62451892005982886F3F1B390684A1A9B27E04F,MD5=69746BD1BF06FF75AAFCD457E5ED743D,SHA256=2B922A085F9434B7BD1791A33303D8CC19EC3DF64ABC4898D3CE319F023059AE,IMPHASH=DFA0368FDF9336293F4B39DFB9819653</Data>
      <Data Name="Signed">true</Data>
      <Data Name="Signature">Microsoft Windows</Data>
      <Data Name="SignatureStatus">Valid</Data>
    </EventData>
  </Event>
  <Event xmlns="http://schemas.microsoft.com/win/2004/08/events/event">
    <System>
      <Provider Name="Microsoft-Windows-Sysmon" Guid="{5770385f-c22a-43e0-bf4c-06f5698ffbd9}" />
      <EventID>7</EventID>
      <Version>3</Version>
      <Level>4</Level>
      <Task>7</Task>
      <Opcode>0</Opcode>
      <Keywords>0x8000000000000000</Keywords>
      <TimeCreated SystemTime="2020-10-20T11:51:09.923681500Z" />
      <EventRecordID>1109</EventRecordID>
      <Correlation />
      <Execution ProcessID="7212" ThreadID="5064" />
      <Channel>Microsoft-Windows-Sysmon/Operational</Channel>
      <Computer>DESKTOP-NTSSLJD</Computer>
      <Security UserID="S-1-5-18" />
    </System>
    <EventData>
      <Data Name="RuleName">-</Data>
      <Data Name="UtcTime">2020-10-20 11:51:09.794</Data>
      <Data Name="ProcessGuid">{23f38d93-ceb4-5f8e-9f08-000000000c00}</Data>
      <Data Name="ProcessId">9392</Data>
      <Data Name="Image">C:\Windows\System32\mmc.exe</Data>
      <Data Name="ImageLoaded">C:\Windows\System32\EhStorShell.dll</Data>
      <Data Name="FileVersion">10.0.18362.1 (WinBuild.160101.0800)</Data>
      <Data Name="Description">Windows Enhanced Storage Shell Extension DLL</Data>
      <Data Name="Product">Microsoft« Windows« Operating System</Data>
      <Data Name="Company">Microsoft Corporation</Data>
      <Data Name="OriginalFileName">EhStorShell.dll</Data>
      <Data Name="Hashes">SHA1=D095FD127D85C613F70A433EB39ACFFFB5BB3838,MD5=C517044EA89A2AD71D1A389454B925EA,SHA256=3015929F24B9A2E1896DA71698B8E09BBD99EF77DAE7ECEBCA77781A41BD8771,IMPHASH=4B18CFDED3EC61EFC7F4BE82A6E8AE6B</Data>
      <Data Name="Signed">true</Data>
      <Data Name="Signature">Microsoft Windows</Data>
      <Data Name="SignatureStatus">Valid</Data>
    </EventData>
  </Event>
  