<Event xmlns="http://schemas.microsoft.com/win/2004/08/events/event">
    <System>
      <Provider Name="Microsoft-Windows-Sysmon" Guid="{5770385f-c22a-43e0-bf4c-06f5698ffbd9}" />
      <EventID>7</EventID>
      <Version>3</Version>
      <Level>4</Level>
      <Task>7</Task>
      <Opcode>0</Opcode>
      <Keywords>0x8000000000000000</Keywords>
      <TimeCreated SystemTime="2020-10-20T11:50:56.611779100Z" />
      <EventRecordID>1028</EventRecordID>
      <Correlation />
      <Execution ProcessID="7212" ThreadID="9748" />
      <Channel>Microsoft-Windows-Sysmon/Operational</Channel>
      <Computer>DESKTOP-NTSSLJD</Computer>
      <Security UserID="S-1-5-18" />
    </System>
    <EventData>
      <Data Name="RuleName">-</Data>
      <Data Name="UtcTime">2020-10-20 11:50:56.520</Data>
      <Data Name="ProcessGuid">{23f38d93-cf20-5f8e-d108-000000000c00}</Data>
      <Data Name="ProcessId">1384</Data>
      <Data Name="Image">C:\Windows\System32\conhost.exe</Data>
      <Data Name="ImageLoaded">C:\Windows\System32\advapi32.dll</Data>
      <Data Name="FileVersion">10.0.18362.752 (WinBuild.160101.0800)</Data>
      <Data Name="Description">Advanced Windows 32 Base API</Data>
      <Data Name="Product">Microsoft« Windows« Operating System</Data>
      <Data Name="Company">Microsoft Corporation</Data>
      <Data Name="OriginalFileName">advapi32.dll</Data>
      <Data Name="Hashes">SHA1=35C61DDE6F8F4ED05F9C4837E2B91C886CA79F82,MD5=EA4F6E7961B4A402F6F5EC33C655260A,SHA256=5E2D103E7E1FD7CA0492E541F082D274EF6259AF2158A3562986C796C5C869DD,IMPHASH=8EEA175C33205685FB8A14876D7564DB</Data>
      <Data Name="Signed">true</Data>
      <Data Name="Signature">Microsoft Windows</Data>
      <Data Name="SignatureStatus">Valid</Data>
    </EventData>
  </Event>
  <Event xmlns="http://schemas.microsoft.com/win/2004/08/events/event">
    <System>
      <Provider Name="Microsoft-Windows-Sysmon" Guid="{5770385f-c22a-43e0-bf4c-06f5698ffbd9}" />
      <EventID>7</EventID>
      <Version>3</Version>
      <Level>4</Level>
      <Task>7</Task>
      <Opcode>0</Opcode>
      <Keywords>0x8000000000000000</Keywords>
      <TimeCreated SystemTime="2020-10-20T11:50:56.612052100Z" />
      <EventRecordID>1029</EventRecordID>
      <Correlation />
      <Execution ProcessID="7212" ThreadID="9748" />
      <Channel>Microsoft-Windows-Sysmon/Operational</Channel>
      <Computer>DESKTOP-NTSSLJD</Computer>
      <Security UserID="S-1-5-18" />
    </System>
    <EventData>
      <Data Name="RuleName">-</Data>
      <Data Name="UtcTime">2020-10-20 11:50:56.520</Data>
      <Data Name="ProcessGuid">{23f38d93-cf20-5f8e-d108-000000000c00}</Data>
      <Data Name="ProcessId">1384</Data>
      <Data Name="Image">C:\Windows\System32\conhost.exe</Data>
      <Data Name="ImageLoaded">C:\Windows\System32\sechost.dll</Data>
      <Data Name="FileVersion">10.0.18362.959 (WinBuild.160101.0800)</Data>
      <Data Name="Description">Host for SCM/SDDL/LSA Lookup APIs</Data>
      <Data Name="Product">Microsoft« Windows« Operating System</Data>
      <Data Name="Company">Microsoft Corporation</Data>
      <Data Name="OriginalFileName">sechost.dll</Data>
      <Data Name="Hashes">SHA1=A330EDE32DFA03AE6808EE7FB6916D8DEB8F5DDE,MD5=A094E2B38D3DD864B07580D243CB6E43,SHA256=C441E19D20961D4E990E117A300ED318BEDBF2F8BA0FF07BEE7832AC502CDDF2,IMPHASH=CE4BD072766253F6A267D0284CA82002</Data>
      <Data Name="Signed">true</Data>
      <Data Name="Signature">Microsoft Windows</Data>
      <Data Name="SignatureStatus">Valid</Data>
    </EventData>
  </Event>
  <Event xmlns="http://schemas.microsoft.com/win/2004/08/events/event">
    <System>
      <Provider Name="Microsoft-Windows-Sysmon" Guid="{5770385f-c22a-43e0-bf4c-06f5698ffbd9}" />
      <EventID>7</EventID>
      <Version>3</Version>
      <Level>4</Level>
      <Task>7</Task>
      <Opcode>0</Opcode>
      <Keywords>0x8000000000000000</Keywords>
      <TimeCreated SystemTime="2020-10-20T11:50:56.612280200Z" />
      <EventRecordID>1030</EventRecordID>
      <Correlation />
      <Execution ProcessID="7212" ThreadID="9748" />
      <Channel>Microsoft-Windows-Sysmon/Operational</Channel>
      <Computer>DESKTOP-NTSSLJD</Computer>
      <Security UserID="S-1-5-18" />
    </System>
    <EventData>
      <Data Name="RuleName">-</Data>
      <Data Name="UtcTime">2020-10-20 11:50:56.520</Data>
      <Data Name="ProcessGuid">{23f38d93-cf20-5f8e-cf08-000000000c00}</Data>
      <Data Name="ProcessId">7716</Data>
      <Data Name="Image">C:\Windows\System32\consent.exe</Data>
      <Data Name="ImageLoaded">C:\Windows\System32\clbcatq.dll</Data>
      <Data Name="FileVersion">2001.12.10941.16384 (WinBuild.160101.0800)</Data>
      <Data Name="Description">COM+ Configuration Catalog</Data>
      <Data Name="Product">Microsoft« Windows« Operating System</Data>
      <Data Name="Company">Microsoft Corporation</Data>
      <Data Name="OriginalFileName">CLBCATQ.DLL</Data>
      <Data Name="Hashes">SHA1=7DE7C7E87CFA639E8C4DF269E38FB69A391D6790,MD5=4B179D7C6AA9424831847BA6BACDB260,SHA256=F0541B07D7B00C8D09BC72DF7E2D974F83482E42CD88B4E8260B832B7A71682E,IMPHASH=70F94828FF194145825265FE7BA88C95</Data>
      <Data Name="Signed">true</Data>
      <Data Name="Signature">Microsoft Windows</Data>
      <Data Name="SignatureStatus">Valid</Data>
    </EventData>
  </Event>
  <Event xmlns="http://schemas.microsoft.com/win/2004/08/events/event">
    <System>
      <Provider Name="Microsoft-Windows-Sysmon" Guid="{5770385f-c22a-43e0-bf4c-06f5698ffbd9}" />
      <EventID>7</EventID>
      <Version>3</Version>
      <Level>4</Level>
      <Task>7</Task>
      <Opcode>0</Opcode>
      <Keywords>0x8000000000000000</Keywords>
      <TimeCreated SystemTime="2020-10-20T11:50:56.612551600Z" />
      <EventRecordID>1031</EventRecordID>
      <Correlation />
      <Execution ProcessID="7212" ThreadID="9748" />
      <Channel>Microsoft-Windows-Sysmon/Operational</Channel>
      <Computer>DESKTOP-NTSSLJD</Computer>
      <Security UserID="S-1-5-18" />
    </System>
    <EventData>
      <Data Name="RuleName">-</Data>
      <Data Name="UtcTime">2020-10-20 11:50:56.520</Data>
      <Data Name="ProcessGuid">{23f38d93-cf20-5f8e-cf08-000000000c00}</Data>
      <Data Name="ProcessId">7716</Data>
      <Data Name="Image">C:\Windows\System32\consent.exe</Data>
      <Data Name="ImageLoaded">C:\Windows\System32\rsaenh.dll</Data>
      <Data Name="FileVersion">10.0.18362.1 (WinBuild.160101.0800)</Data>
      <Data Name="Description">Microsoft Enhanced Cryptographic Provider</Data>
      <Data Name="Product">Microsoft« Windows« Operating System</Data>
      <Data Name="Company">Microsoft Corporation</Data>
      <Data Name="OriginalFileName">rsaenh.dll</Data>
      <Data Name="Hashes">SHA1=09310F93E62D8B8BCBBEA36CB3AAF78CB98798EF,MD5=D3102BD5CD3C24E02C68CF6770379402,SHA256=49BF93C5C4D0D4AEE050ED83193DCF3FCB08D50DB5F0B7740436B24B83D14023,IMPHASH=A4C20B1A7B632846186AD47A0810709E</Data>
      <Data Name="Signed">true</Data>
      <Data Name="Signature">Microsoft Windows</Data>
      <Data Name="SignatureStatus">Valid</Data>
    </EventData>
  </Event>
  <Event xmlns="http://schemas.microsoft.com/win/2004/08/events/event">
    <System>
      <Provider Name="Microsoft-Windows-Sysmon" Guid="{5770385f-c22a-43e0-bf4c-06f5698ffbd9}" />
      <EventID>7</EventID>
      <Version>3</Version>
      <Level>4</Level>
      <Task>7</Task>
      <Opcode>0</Opcode>
      <Keywords>0x8000000000000000</Keywords>
      <TimeCreated SystemTime="2020-10-20T11:50:56.612927600Z" />
      <EventRecordID>1032</EventRecordID>
      <Correlation />
      <Execution ProcessID="7212" ThreadID="9748" />
      <Channel>Microsoft-Windows-Sysmon/Operational</Channel>
      <Computer>DESKTOP-NTSSLJD</Computer>
      <Security UserID="S-1-5-18" />
    </System>
    <EventData>
      <Data Name="RuleName">-</Data>
      <Data Name="UtcTime">2020-10-20 11:50:56.520</Data>
      <Data Name="ProcessGuid">{23f38d93-cf20-5f8e-d108-000000000c00}</Data>
      <Data Name="ProcessId">1384</Data>
      <Data Name="Image">C:\Windows\System32\conhost.exe</Data>
      <Data Name="ImageLoaded">C:\Windows\System32\user32.dll</Data>
      <Data Name="FileVersion">10.0.18362.1110 (WinBuild.160101.0800)</Data>
      <Data Name="Description">Multi-User Windows USER API Client DLL</Data>
      <Data Name="Product">Microsoft« Windows« Operating System</Data>
      <Data Name="Company">Microsoft Corporation</Data>
      <Data Name="OriginalFileName">user32</Data>
      <Data Name="Hashes">SHA1=6B56618013746DA2480E9B14DBD03BD1C6DC009F,MD5=99391EBA3F88D56C3D27268D7947782F,SHA256=3AC2B856DD34D51A631C26791916A036C6C917667D8562676CCE8F2F35349221,IMPHASH=70F6F0466DB32D0AA9E18434AE996907</Data>
      <Data Name="Signed">true</Data>
      <Data Name="Signature">Microsoft Windows</Data>
      <Data Name="SignatureStatus">Valid</Data>
    </EventData>
  </Event>
  <Event xmlns="http://schemas.microsoft.com/win/2004/08/events/event">
    <System>
      <Provider Name="Microsoft-Windows-Sysmon" Guid="{5770385f-c22a-43e0-bf4c-06f5698ffbd9}" />
      <EventID>7</EventID>
      <Version>3</Version>
      <Level>4</Level>
      <Task>7</Task>
      <Opcode>0</Opcode>
      <Keywords>0x8000000000000000</Keywords>
      <TimeCreated SystemTime="2020-10-20T11:50:56.613192600Z" />
      <EventRecordID>1033</EventRecordID>
      <Correlation />
      <Execution ProcessID="7212" ThreadID="9748" />
      <Channel>Microsoft-Windows-Sysmon/Operational</Channel>
      <Computer>DESKTOP-NTSSLJD</Computer>
      <Security UserID="S-1-5-18" />
    </System>
    <EventData>
      <Data Name="RuleName">-</Data>
      <Data Name="UtcTime">2020-10-20 11:50:56.520</Data>
      <Data Name="ProcessGuid">{23f38d93-cf20-5f8e-cf08-000000000c00}</Data>
      <Data Name="ProcessId">7716</Data>
      <Data Name="Image">C:\Windows\System32\consent.exe</Data>
      <Data Name="ImageLoaded">C:\Windows\System32\bcrypt.dll</Data>
      <Data Name="FileVersion">10.0.18362.267 (WinBuild.160101.0800)</Data>
      <Data Name="Description">Windows Cryptographic Primitives Library</Data>
      <Data Name="Product">Microsoft« Windows« Operating System</Data>
      <Data Name="Company">Microsoft Corporation</Data>
      <Data Name="OriginalFileName">bcrypt.dll</Data>
      <Data Name="Hashes">SHA1=421C35E0949143DE72C8F98776565D24815AD47E,MD5=F46778029BE7D755EBDCDF048EA62A4B,SHA256=907A4D1D405283AD24BBA1F9A763C5118A33574F3E0EC7FC543F65B24CC0A748,IMPHASH=E5649DCD6FA9472DB9A89CCD123913C0</Data>
      <Data Name="Signed">true</Data>
      <Data Name="Signature">Microsoft Windows</Data>
      <Data Name="SignatureStatus">Valid</Data>
    </EventData>
  </Event>
  <Event xmlns="http://schemas.microsoft.com/win/2004/08/events/event">
    <System>
      <Provider Name="Microsoft-Windows-Sysmon" Guid="{5770385f-c22a-43e0-bf4c-06f5698ffbd9}" />
      <EventID>7</EventID>
      <Version>3</Version>
      <Level>4</Level>
      <Task>7</Task>
      <Opcode>0</Opcode>
      <Keywords>0x8000000000000000</Keywords>
      <TimeCreated SystemTime="2020-10-20T11:50:56.613765700Z" />
      <EventRecordID>1034</EventRecordID>
      <Correlation />
      <Execution ProcessID="7212" ThreadID="9748" />
      <Channel>Microsoft-Windows-Sysmon/Operational</Channel>
      <Computer>DESKTOP-NTSSLJD</Computer>
      <Security UserID="S-1-5-18" />
    </System>
    <EventData>
      <Data Name="RuleName">-</Data>
      <Data Name="UtcTime">2020-10-20 11:50:56.520</Data>
      <Data Name="ProcessGuid">{23f38d93-cf20-5f8e-d108-000000000c00}</Data>
      <Data Name="ProcessId">1384</Data>
      <Data Name="Image">C:\Windows\System32\conhost.exe</Data>
      <Data Name="ImageLoaded">C:\Windows\System32\win32u.dll</Data>
      <Data Name="FileVersion">10.0.18362.1139 (WinBuild.160101.0800)</Data>
      <Data Name="Description">Win32u</Data>
      <Data Name="Product">Microsoft« Windows« Operating System</Data>
      <Data Name="Company">Microsoft Corporation</Data>
      <Data Name="OriginalFileName">Win32u.DLL</Data>
      <Data Name="Hashes">SHA1=09CAA4704CC828100AA4BDB1366B5156CD1A63E4,MD5=BE23D5C90313AACEC36448136408D336,SHA256=20EE5EE473456C0853CC7B64FA9BCDBFB3C00B0848B3CFE141535C10AC944478,IMPHASH=00000000000000000000000000000000</Data>
      <Data Name="Signed">true</Data>
      <Data Name="Signature">Microsoft Windows</Data>
      <Data Name="SignatureStatus">Valid</Data>
    </EventData>
  </Event>
  <Event xmlns="http://schemas.microsoft.com/win/2004/08/events/event">
    <System>
      <Provider Name="Microsoft-Windows-Sysmon" Guid="{5770385f-c22a-43e0-bf4c-06f5698ffbd9}" />
      <EventID>7</EventID>
      <Version>3</Version>
      <Level>4</Level>
      <Task>7</Task>
      <Opcode>0</Opcode>
      <Keywords>0x8000000000000000</Keywords>
      <TimeCreated SystemTime="2020-10-20T11:50:56.614032500Z" />
      <EventRecordID>1035</EventRecordID>
      <Correlation />
      <Execution ProcessID="7212" ThreadID="9748" />
      <Channel>Microsoft-Windows-Sysmon/Operational</Channel>
      <Computer>DESKTOP-NTSSLJD</Computer>
      <Security UserID="S-1-5-18" />
    </System>
    <EventData>
      <Data Name="RuleName">-</Data>
      <Data Name="UtcTime">2020-10-20 11:50:56.520</Data>
      <Data Name="ProcessGuid">{23f38d93-cf20-5f8e-d108-000000000c00}</Data>
      <Data Name="ProcessId">1384</Data>
      <Data Name="Image">C:\Windows\System32\conhost.exe</Data>
      <Data Name="ImageLoaded">C:\Windows\System32\gdi32.dll</Data>
      <Data Name="FileVersion">10.0.18362.1 (WinBuild.160101.0800)</Data>
      <Data Name="Description">GDI Client DLL</Data>
      <Data Name="Product">Microsoft« Windows« Operating System</Data>
      <Data Name="Company">Microsoft Corporation</Data>
      <Data Name="OriginalFileName">gdi32</Data>
      <Data Name="Hashes">SHA1=9E91D74D5B9BF64A3D4BE8C5EA3594F5DA2BC299,MD5=2839609118F48DEA292084E43FAA72D8,SHA256=4FC9460147D5A3AA1F9498863CF10BB7BE6099BEF1A3D55503164CA51E36E27E,IMPHASH=C5F30E6A06AB646153863B68366FE58A</Data>
      <Data Name="Signed">true</Data>
      <Data Name="Signature">Microsoft Windows</Data>
      <Data Name="SignatureStatus">Valid</Data>
    </EventData>
  </Event>
  <Event xmlns="http://schemas.microsoft.com/win/2004/08/events/event">
    <System>
      <Provider Name="Microsoft-Windows-Sysmon" Guid="{5770385f-c22a-43e0-bf4c-06f5698ffbd9}" />
      <EventID>7</EventID>
      <Version>3</Version>
      <Level>4</Level>
      <Task>7</Task>
      <Opcode>0</Opcode>
      <Keywords>0x8000000000000000</Keywords>
      <TimeCreated SystemTime="2020-10-20T11:50:56.614304300Z" />
      <EventRecordID>1036</EventRecordID>
      <Correlation />
      <Execution ProcessID="7212" ThreadID="9748" />
      <Channel>Microsoft-Windows-Sysmon/Operational</Channel>
      <Computer>DESKTOP-NTSSLJD</Computer>
      <Security UserID="S-1-5-18" />
    </System>
    <EventData>
      <Data Name="RuleName">-</Data>
      <Data Name="UtcTime">2020-10-20 11:50:56.520</Data>
      <Data Name="ProcessGuid">{23f38d93-cf20-5f8e-d108-000000000c00}</Data>
      <Data Name="ProcessId">1384</Data>
      <Data Name="Image">C:\Windows\System32\conhost.exe</Data>
      <Data Name="ImageLoaded">C:\Windows\System32\gdi32full.dll</Data>
      <Data Name="FileVersion">10.0.18362.1139 (WinBuild.160101.0800)</Data>
      <Data Name="Description">GDI Client DLL</Data>
      <Data Name="Product">Microsoft« Windows« Operating System</Data>
      <Data Name="Company">Microsoft Corporation</Data>
      <Data Name="OriginalFileName">gdi32</Data>
      <Data Name="Hashes">SHA1=F9E2F12438029B6CC54E25DC77E0CDAF4E2F60E6,MD5=EF7E6E4AA8B9EB0B9C2915F6C8F0C71A,SHA256=0428CCE46E90E781510B784E97DC514D4F0564B31591526CDABD40654D4A8F79,IMPHASH=4D32F6E2211CD04CA28C2CD4FAC607E8</Data>
      <Data Name="Signed">true</Data>
      <Data Name="Signature">Microsoft Windows</Data>
      <Data Name="SignatureStatus">Valid</Data>
    </EventData>
  </Event>
  <Event xmlns="http://schemas.microsoft.com/win/2004/08/events/event">
    <System>
      <Provider Name="Microsoft-Windows-Sysmon" Guid="{5770385f-c22a-43e0-bf4c-06f5698ffbd9}" />
      <EventID>7</EventID>
      <Version>3</Version>
      <Level>4</Level>
      <Task>7</Task>
      <Opcode>0</Opcode>
      <Keywords>0x8000000000000000</Keywords>
      <TimeCreated SystemTime="2020-10-20T11:50:56.614653300Z" />
      <EventRecordID>1037</EventRecordID>
      <Correlation />
      <Execution ProcessID="7212" ThreadID="9748" />
      <Channel>Microsoft-Windows-Sysmon/Operational</Channel>
      <Computer>DESKTOP-NTSSLJD</Computer>
      <Security UserID="S-1-5-18" />
    </System>
    <EventData>
      <Data Name="RuleName">-</Data>
      <Data Name="UtcTime">2020-10-20 11:50:56.536</Data>
      <Data Name="ProcessGuid">{23f38d93-cf20-5f8e-cf08-000000000c00}</Data>
      <Data Name="ProcessId">7716</Data>
      <Data Name="Image">C:\Windows\System32\consent.exe</Data>
      <Data Name="ImageLoaded">C:\Windows\System32\cryptbase.dll</Data>
      <Data Name="FileVersion">10.0.18362.1 (WinBuild.160101.0800)</Data>
      <Data Name="Description">Base cryptographic API DLL</Data>
      <Data Name="Product">Microsoft« Windows« Operating System</Data>
      <Data Name="Company">Microsoft Corporation</Data>
      <Data Name="OriginalFileName">cryptbase.dll</Data>
      <Data Name="Hashes">SHA1=B6093663113CF33A76156CB3F6D4322514F00E4B,MD5=26887DE7D7D1928F52A452E3A63E55E8,SHA256=EA86D9754164CA2C01B4A7F81188B2490CEE1F350E177861A4702C92DFD6D066,IMPHASH=3F27E242D68FC14338677A25FAE441F7</Data>
      <Data Name="Signed">true</Data>
      <Data Name="Signature">Microsoft Windows</Data>
      <Data Name="SignatureStatus">Valid</Data>
    </EventData>
  </Event>
  <Event xmlns="http://schemas.microsoft.com/win/2004/08/events/event">
    <System>
      <Provider Name="Microsoft-Windows-Sysmon" Guid="{5770385f-c22a-43e0-bf4c-06f5698ffbd9}" />
      <EventID>7</EventID>
      <Version>3</Version>
      <Level>4</Level>
      <Task>7</Task>
      <Opcode>0</Opcode>
      <Keywords>0x8000000000000000</Keywords>
      <TimeCreated SystemTime="2020-10-20T11:50:56.695708600Z" />
      <EventRecordID>1038</EventRecordID>
      <Correlation />
      <Execution ProcessID="7212" ThreadID="9748" />
      <Channel>Microsoft-Windows-Sysmon/Operational</Channel>
      <Computer>DESKTOP-NTSSLJD</Computer>
      <Security UserID="S-1-5-18" />
    </System>
    <EventData>
      <Data Name="RuleName">-</Data>
      <Data Name="UtcTime">2020-10-20 11:50:56.536</Data>
      <Data Name="ProcessGuid">{23f38d93-cf20-5f8e-d108-000000000c00}</Data>
      <Data Name="ProcessId">1384</Data>
      <Data Name="Image">C:\Windows\System32\conhost.exe</Data>
      <Data Name="ImageLoaded">C:\Windows\System32\imm32.dll</Data>
      <Data Name="FileVersion">10.0.18362.387 (WinBuild.160101.0800)</Data>
      <Data Name="Description">Multi-User Windows IMM32 API Client DLL</Data>
      <Data Name="Product">Microsoft« Windows« Operating System</Data>
      <Data Name="Company">Microsoft Corporation</Data>
      <Data Name="OriginalFileName">imm32</Data>
      <Data Name="Hashes">SHA1=76BB2AB8D3CB6DB6D23F4771334C9AA9C231B03A,MD5=025CC332EDC4B1A38290F3E36BCEF4FB,SHA256=0FE3C1C575EA1B0257B2EB12527EC35E3004CD88EA5BAEC7095386A9F9EB70AD,IMPHASH=24F54B6761C10BA12481CF6C780605BF</Data>
      <Data Name="Signed">true</Data>
      <Data Name="Signature">Microsoft Windows</Data>
      <Data Name="SignatureStatus">Valid</Data>
    </EventData>
  </Event>
  <Event xmlns="http://schemas.microsoft.com/win/2004/08/events/event">
    <System>
      <Provider Name="Microsoft-Windows-Sysmon" Guid="{5770385f-c22a-43e0-bf4c-06f5698ffbd9}" />
      <EventID>7</EventID>
      <Version>3</Version>
      <Level>4</Level>
      <Task>7</Task>
      <Opcode>0</Opcode>
      <Keywords>0x8000000000000000</Keywords>
      <TimeCreated SystemTime="2020-10-20T11:50:56.696388500Z" />
      <EventRecordID>1039</EventRecordID>
      <Correlation />
      <Execution ProcessID="7212" ThreadID="9748" />
      <Channel>Microsoft-Windows-Sysmon/Operational</Channel>
      <Computer>DESKTOP-NTSSLJD</Computer>
      <Security UserID="S-1-5-18" />
    </System>
    <EventData>
      <Data Name="RuleName">-</Data>
      <Data Name="UtcTime">2020-10-20 11:50:56.536</Data>
      <Data Name="ProcessGuid">{23f38d93-cf20-5f8e-cf08-000000000c00}</Data>
      <Data Name="ProcessId">7716</Data>
      <Data Name="Image">C:\Windows\System32\consent.exe</Data>
      <Data Name="ImageLoaded">C:\Windows\System32\imagehlp.dll</Data>
      <Data Name="FileVersion">10.0.18362.1 (WinBuild.160101.0800)</Data>
      <Data Name="Description">Windows NT Image Helper</Data>
      <Data Name="Product">Microsoft« Windows« Operating System</Data>
      <Data Name="Company">Microsoft Corporation</Data>
      <Data Name="OriginalFileName">IMAGEHLP.DLL</Data>
      <Data Name="Hashes">SHA1=321F2E4E1E177CE730974369874B1B1663465C71,MD5=A1DB11A87BA91EA909A9F798C7BF028B,SHA256=C1FE1ACC6DBE60FCC266520AE103B5E3E74C596ED748E3DFC0C5911DFD4C051D,IMPHASH=8131C379B220C309A0A223EBB505F96B</Data>
      <Data Name="Signed">true</Data>
      <Data Name="Signature">Microsoft Windows</Data>
      <Data Name="SignatureStatus">Valid</Data>
    </EventData>
  </Event>
  <Event xmlns="http://schemas.microsoft.com/win/2004/08/events/event">
    <System>
      <Provider Name="Microsoft-Windows-Sysmon" Guid="{5770385f-c22a-43e0-bf4c-06f5698ffbd9}" />
      <EventID>7</EventID>
      <Version>3</Version>
      <Level>4</Level>
      <Task>7</Task>
      <Opcode>0</Opcode>
      <Keywords>0x8000000000000000</Keywords>
      <TimeCreated SystemTime="2020-10-20T11:50:56.696999800Z" />
      <EventRecordID>1040</EventRecordID>
      <Correlation />
      <Execution ProcessID="7212" ThreadID="9748" />
      <Channel>Microsoft-Windows-Sysmon/Operational</Channel>
      <Computer>DESKTOP-NTSSLJD</Computer>
      <Security UserID="S-1-5-18" />
    </System>
    <EventData>
      <Data Name="RuleName">-</Data>
      <Data Name="UtcTime">2020-10-20 11:50:56.536</Data>
      <Data Name="ProcessGuid">{23f38d93-cf20-5f8e-cf08-000000000c00}</Data>
      <Data Name="ProcessId">7716</Data>
      <Data Name="Image">C:\Windows\System32\consent.exe</Data>
      <Data Name="ImageLoaded">C:\Windows\System32\amsiproxy.dll</Data>
      <Data Name="FileVersion">10.0.18362.1 (WinBuild.160101.0800)</Data>
      <Data Name="Description">Anti-Malware Scan Interface proxy</Data>
      <Data Name="Product">Microsoft« Windows« Operating System</Data>
      <Data Name="Company">Microsoft Corporation</Data>
      <Data Name="OriginalFileName">amsiproxy.dll</Data>
      <Data Name="Hashes">SHA1=995232EB1D9CFC3583F65366BF42F2DC5D83CA86,MD5=84CA3BB0B6E0B7A4308B99EE53AF25E3,SHA256=CF9C089C0EC5CF79723A210B847BD3D04B503BA45B999B4DBBEF191882F0FCA2,IMPHASH=01ACE9B00300277141032492DC1F3A90</Data>
      <Data Name="Signed">true</Data>
      <Data Name="Signature">Microsoft Windows</Data>
      <Data Name="SignatureStatus">Valid</Data>
    </EventData>
  </Event>
  <Event xmlns="http://schemas.microsoft.com/win/2004/08/events/event">
    <System>
      <Provider Name="Microsoft-Windows-Sysmon" Guid="{5770385f-c22a-43e0-bf4c-06f5698ffbd9}" />
      <EventID>7</EventID>
      <Version>3</Version>
      <Level>4</Level>
      <Task>7</Task>
      <Opcode>0</Opcode>
      <Keywords>0x8000000000000000</Keywords>
      <TimeCreated SystemTime="2020-10-20T11:50:56.697281500Z" />
      <EventRecordID>1041</EventRecordID>
      <Correlation />
      <Execution ProcessID="7212" ThreadID="9748" />
      <Channel>Microsoft-Windows-Sysmon/Operational</Channel>
      <Computer>DESKTOP-NTSSLJD</Computer>
      <Security UserID="S-1-5-18" />
    </System>
    <EventData>
      <Data Name="RuleName">-</Data>
      <Data Name="UtcTime">2020-10-20 11:50:56.536</Data>
      <Data Name="ProcessGuid">{23f38d93-cf20-5f8e-d108-000000000c00}</Data>
      <Data Name="ProcessId">1384</Data>
      <Data Name="Image">C:\Windows\System32\conhost.exe</Data>
      <Data Name="ImageLoaded">C:\Windows\System32\shell32.dll</Data>
      <Data Name="FileVersion">10.0.18362.1110 (WinBuild.160101.0800)</Data>
      <Data Name="Description">Windows Shell Common Dll</Data>
      <Data Name="Product">Microsoft« Windows« Operating System</Data>
      <Data Name="Company">Microsoft Corporation</Data>
      <Data Name="OriginalFileName">SHELL32.DLL</Data>
      <Data Name="Hashes">SHA1=1BE5EC1130E4B812224AF98D1C4B81B91C8D8BCE,MD5=698E67C04A48B58FE0FE2B7DAB428BD2,SHA256=D4F8395347B3C952DA3309BD3ADFBF87F52582C744204692DEDB0B6E720AEE1A,IMPHASH=5DE31297232BD99BC22531D7CE95B80E</Data>
      <Data Name="Signed">true</Data>
      <Data Name="Signature">Microsoft Windows</Data>
      <Data Name="SignatureStatus">Valid</Data>
    </EventData>
  </Event>
  <Event xmlns="http://schemas.microsoft.com/win/2004/08/events/event">
    <System>
      <Provider Name="Microsoft-Windows-Sysmon" Guid="{5770385f-c22a-43e0-bf4c-06f5698ffbd9}" />
      <EventID>7</EventID>
      <Version>3</Version>
      <Level>4</Level>
      <Task>7</Task>
      <Opcode>0</Opcode>
      <Keywords>0x8000000000000000</Keywords>
      <TimeCreated SystemTime="2020-10-20T11:50:56.697616900Z" />
      <EventRecordID>1042</EventRecordID>
      <Correlation />
      <Execution ProcessID="7212" ThreadID="9748" />
      <Channel>Microsoft-Windows-Sysmon/Operational</Channel>
      <Computer>DESKTOP-NTSSLJD</Computer>
      <Security UserID="S-1-5-18" />
    </System>
    <EventData>
      <Data Name="RuleName">-</Data>
      <Data Name="UtcTime">2020-10-20 11:50:56.536</Data>
      <Data Name="ProcessGuid">{23f38d93-cf20-5f8e-d108-000000000c00}</Data>
      <Data Name="ProcessId">1384</Data>
      <Data Name="Image">C:\Windows\System32\conhost.exe</Data>
      <Data Name="ImageLoaded">C:\Windows\System32\cfgmgr32.dll</Data>
      <Data Name="FileVersion">10.0.18362.387 (WinBuild.160101.0800)</Data>
      <Data Name="Description">Configuration Manager DLL</Data>
      <Data Name="Product">Microsoft« Windows« Operating System</Data>
      <Data Name="Company">Microsoft Corporation</Data>
      <Data Name="OriginalFileName">CFGMGR32.DLL</Data>
      <Data Name="Hashes">SHA1=FA3A718BEED81C7084675E250ADC305677A6B5E4,MD5=3A99A40872AF3B87406CC57DBDF53748,SHA256=96A1DB38C74A81FBA4C4AB29020551364FD1ADA3B6FED789D193C787E757979D,IMPHASH=4B4464C7677B6F07342800F4CF0BA273</Data>
      <Data Name="Signed">true</Data>
      <Data Name="Signature">Microsoft Windows</Data>
      <Data Name="SignatureStatus">Valid</Data>
    </EventData>
  </Event>
  <Event xmlns="http://schemas.microsoft.com/win/2004/08/events/event">
    <System>
      <Provider Name="Microsoft-Windows-Sysmon" Guid="{5770385f-c22a-43e0-bf4c-06f5698ffbd9}" />
      <EventID>7</EventID>
      <Version>3</Version>
      <Level>4</Level>
      <Task>7</Task>
      <Opcode>0</Opcode>
      <Keywords>0x8000000000000000</Keywords>
      <TimeCreated SystemTime="2020-10-20T11:50:56.697895600Z" />
      <EventRecordID>1043</EventRecordID>
      <Correlation />
      <Execution ProcessID="7212" ThreadID="9748" />
      <Channel>Microsoft-Windows-Sysmon/Operational</Channel>
      <Computer>DESKTOP-NTSSLJD</Computer>
      <Security UserID="S-1-5-18" />
    </System>
    <EventData>
      <Data Name="RuleName">-</Data>
      <Data Name="UtcTime">2020-10-20 11:50:56.536</Data>
      <Data Name="ProcessGuid">{23f38d93-cf20-5f8e-d108-000000000c00}</Data>
      <Data Name="ProcessId">1384</Data>
      <Data Name="Image">C:\Windows\System32\conhost.exe</Data>
      <Data Name="ImageLoaded">C:\Windows\System32\windows.storage.dll</Data>
      <Data Name="FileVersion">10.0.18362.1082 (WinBuild.160101.0800)</Data>
      <Data Name="Description">Microsoft WinRT Storage API</Data>
      <Data Name="Product">Microsoft« Windows« Operating System</Data>
      <Data Name="Company">Microsoft Corporation</Data>
      <Data Name="OriginalFileName">Windows.Storage.dll</Data>
      <Data Name="Hashes">SHA1=DF7D0248848C0247FD5F65ABD9799FDA0380C77D,MD5=DDD102204FDCD3FC8DD0AA89CF6609A3,SHA256=49F37639155096444C1B780071B8D63320FD8F8DC1D7CEF7A9031830C4F90968,IMPHASH=BDB3E400A78EE2D42C647E85CD2D827B</Data>
      <Data Name="Signed">true</Data>
      <Data Name="Signature">Microsoft Windows</Data>
      <Data Name="SignatureStatus">Valid</Data>
    </EventData>
  </Event>
  <Event xmlns="http://schemas.microsoft.com/win/2004/08/events/event">
    <System>
      <Provider Name="Microsoft-Windows-Sysmon" Guid="{5770385f-c22a-43e0-bf4c-06f5698ffbd9}" />
      <EventID>7</EventID>
      <Version>3</Version>
      <Level>4</Level>
      <Task>7</Task>
      <Opcode>0</Opcode>
      <Keywords>0x8000000000000000</Keywords>
      <TimeCreated SystemTime="2020-10-20T11:50:56.698164300Z" />
      <EventRecordID>1044</EventRecordID>
      <Correlation />
      <Execution ProcessID="7212" ThreadID="9748" />
      <Channel>Microsoft-Windows-Sysmon/Operational</Channel>
      <Computer>DESKTOP-NTSSLJD</Computer>
      <Security UserID="S-1-5-18" />
    </System>
    <EventData>
      <Data Name="RuleName">-</Data>
      <Data Name="UtcTime">2020-10-20 11:50:56.536</Data>
      <Data Name="ProcessGuid">{23f38d93-cf20-5f8e-d108-000000000c00}</Data>
      <Data Name="ProcessId">1384</Data>
      <Data Name="Image">C:\Windows\System32\conhost.exe</Data>
      <Data Name="ImageLoaded">C:\Windows\System32\profapi.dll</Data>
      <Data Name="FileVersion">10.0.18362.693 (WinBuild.160101.0800)</Data>
      <Data Name="Description">User Profile Basic API</Data>
      <Data Name="Product">Microsoft« Windows« Operating System</Data>
      <Data Name="Company">Microsoft Corporation</Data>
      <Data Name="OriginalFileName">PROFAPI.DLL</Data>
      <Data Name="Hashes">SHA1=387FC7660AFDEC45CFFB84980EB77D0E787ED31B,MD5=F4862E1CC68687B9D4B245512BDF8383,SHA256=A2DF0AC95B9AA338EB6062BA5739F65BFBA86658546F4C5CAC6045C363F55E24,IMPHASH=192CF98320740B7D296297054A9C3EEA</Data>
      <Data Name="Signed">true</Data>
      <Data Name="Signature">Microsoft Windows</Data>
      <Data Name="SignatureStatus">Valid</Data>
    </EventData>
  </Event>
  <Event xmlns="http://schemas.microsoft.com/win/2004/08/events/event">
    <System>
      <Provider Name="Microsoft-Windows-Sysmon" Guid="{5770385f-c22a-43e0-bf4c-06f5698ffbd9}" />
      <EventID>7</EventID>
      <Version>3</Version>
      <Level>4</Level>
      <Task>7</Task>
      <Opcode>0</Opcode>
      <Keywords>0x8000000000000000</Keywords>
      <TimeCreated SystemTime="2020-10-20T11:50:56.698429200Z" />
      <EventRecordID>1045</EventRecordID>
      <Correlation />
      <Execution ProcessID="7212" ThreadID="9748" />
      <Channel>Microsoft-Windows-Sysmon/Operational</Channel>
      <Computer>DESKTOP-NTSSLJD</Computer>
      <Security UserID="S-1-5-18" />
    </System>
    <EventData>
      <Data Name="RuleName">-</Data>
      <Data Name="UtcTime">2020-10-20 11:50:56.536</Data>
      <Data Name="ProcessGuid">{23f38d93-cf20-5f8e-d108-000000000c00}</Data>
      <Data Name="ProcessId">1384</Data>
      <Data Name="Image">C:\Windows\System32\conhost.exe</Data>
      <Data Name="ImageLoaded">C:\Windows\System32\powrprof.dll</Data>
      <Data Name="FileVersion">10.0.18362.1 (WinBuild.160101.0800)</Data>
      <Data Name="Description">Power Profile Helper DLL</Data>
      <Data Name="Product">Microsoft« Windows« Operating System</Data>
      <Data Name="Company">Microsoft Corporation</Data>
      <Data Name="OriginalFileName">POWRPROF.DLL</Data>
      <Data Name="Hashes">SHA1=30D5ADBC0664977C27B65622F514632581C9AF45,MD5=07B027B1E0B775FAE815E487F28137B9,SHA256=21358CE9A416C7F6DB063095102E91F014BDB85B08A4E783E17234792C9B483A,IMPHASH=817FF4748665EB442F0081A91349F764</Data>
      <Data Name="Signed">true</Data>
      <Data Name="Signature">Microsoft Windows</Data>
      <Data Name="SignatureStatus">Valid</Data>
    </EventData>
  </Event>
  <Event xmlns="http://schemas.microsoft.com/win/2004/08/events/event">
    <System>
      <Provider Name="Microsoft-Windows-Sysmon" Guid="{5770385f-c22a-43e0-bf4c-06f5698ffbd9}" />
      <EventID>7</EventID>
      <Version>3</Version>
      <Level>4</Level>
      <Task>7</Task>
      <Opcode>0</Opcode>
      <Keywords>0x8000000000000000</Keywords>
      <TimeCreated SystemTime="2020-10-20T11:50:56.698597600Z" />
      <EventRecordID>1046</EventRecordID>
      <Correlation />
      <Execution ProcessID="7212" ThreadID="9748" />
      <Channel>Microsoft-Windows-Sysmon/Operational</Channel>
      <Computer>DESKTOP-NTSSLJD</Computer>
      <Security UserID="S-1-5-18" />
    </System>
    <EventData>
      <Data Name="RuleName">-</Data>
      <Data Name="UtcTime">2020-10-20 11:50:56.536</Data>
      <Data Name="ProcessGuid">{23f38d93-cf20-5f8e-d108-000000000c00}</Data>
      <Data Name="ProcessId">1384</Data>
      <Data Name="Image">C:\Windows\System32\conhost.exe</Data>
      <Data Name="ImageLoaded">C:\Windows\System32\umpdc.dll</Data>
      <Data Name="FileVersion">-</Data>
      <Data Name="Description">-</Data>
      <Data Name="Product">-</Data>
      <Data Name="Company">-</Data>
      <Data Name="OriginalFileName">-</Data>
      <Data Name="Hashes">SHA1=6ABB78FB1614C12E3E9FFF3DE98B0E13E79201D9,MD5=B9A75ED4500DD953DF172FE6F63578E8,SHA256=709B99BA1DFEF6D9B2483F37D242B12F29B1E1ADE13E338B4D7041C55B55204B,IMPHASH=5A0FF5293A05BFEBAE6F2C9C302FC5E7</Data>
      <Data Name="Signed">true</Data>
      <Data Name="Signature">Microsoft Windows</Data>
      <Data Name="SignatureStatus">Valid</Data>
    </EventData>
  </Event>
  <Event xmlns="http://schemas.microsoft.com/win/2004/08/events/event">
    <System>
      <Provider Name="Microsoft-Windows-Sysmon" Guid="{5770385f-c22a-43e0-bf4c-06f5698ffbd9}" />
      <EventID>7</EventID>
      <Version>3</Version>
      <Level>4</Level>
      <Task>7</Task>
      <Opcode>0</Opcode>
      <Keywords>0x8000000000000000</Keywords>
      <TimeCreated SystemTime="2020-10-20T11:50:56.698860900Z" />
      <EventRecordID>1047</EventRecordID>
      <Correlation />
      <Execution ProcessID="7212" ThreadID="9748" />
      <Channel>Microsoft-Windows-Sysmon/Operational</Channel>
      <Computer>DESKTOP-NTSSLJD</Computer>
      <Security UserID="S-1-5-18" />
    </System>
    <EventData>
      <Data Name="RuleName">-</Data>
      <Data Name="UtcTime">2020-10-20 11:50:56.536</Data>
      <Data Name="ProcessGuid">{23f38d93-cf20-5f8e-d108-000000000c00}</Data>
      <Data Name="ProcessId">1384</Data>
      <Data Name="Image">C:\Windows\System32\conhost.exe</Data>
      <Data Name="ImageLoaded">C:\Windows\System32\shlwapi.dll</Data>
      <Data Name="FileVersion">10.0.18362.1 (WinBuild.160101.0800)</Data>
      <Data Name="Description">Shell Light-weight Utility Library</Data>
      <Data Name="Product">Microsoft« Windows« Operating System</Data>
      <Data Name="Company">Microsoft Corporation</Data>
      <Data Name="OriginalFileName">SHLWAPI.DLL</Data>
      <Data Name="Hashes">SHA1=9074DF3335B785BB00B43AE76ACC66B799118FAE,MD5=BFB85A9022324E41FCEC5011BCB5FD23,SHA256=3CDA144CFB6278DA47267FE1E1FE258716A074C3D3DD8413B259DA7DA1039871,IMPHASH=6659A49ABF33952444C5A7FA22FD9032</Data>
      <Data Name="Signed">true</Data>
      <Data Name="Signature">Microsoft Windows</Data>
      <Data Name="SignatureStatus">Valid</Data>
    </EventData>
  </Event>
  <Event xmlns="http://schemas.microsoft.com/win/2004/08/events/event">
    <System>
      <Provider Name="Microsoft-Windows-Sysmon" Guid="{5770385f-c22a-43e0-bf4c-06f5698ffbd9}" />
      <EventID>7</EventID>
      <Version>3</Version>
      <Level>4</Level>
      <Task>7</Task>
      <Opcode>0</Opcode>
      <Keywords>0x8000000000000000</Keywords>
      <TimeCreated SystemTime="2020-10-20T11:50:56.699126200Z" />
      <EventRecordID>1048</EventRecordID>
      <Correlation />
      <Execution ProcessID="7212" ThreadID="9748" />
      <Channel>Microsoft-Windows-Sysmon/Operational</Channel>
      <Computer>DESKTOP-NTSSLJD</Computer>
      <Security UserID="S-1-5-18" />
    </System>
    <EventData>
      <Data Name="RuleName">-</Data>
      <Data Name="UtcTime">2020-10-20 11:50:56.551</Data>
      <Data Name="ProcessGuid">{23f38d93-cf20-5f8e-d108-000000000c00}</Data>
      <Data Name="ProcessId">1384</Data>
      <Data Name="Image">C:\Windows\System32\conhost.exe</Data>
      <Data Name="ImageLoaded">C:\Windows\System32\kernel.appcore.dll</Data>
      <Data Name="FileVersion">10.0.18362.1110 (WinBuild.160101.0800)</Data>
      <Data Name="Description">AppModel API Host</Data>
      <Data Name="Product">Microsoft« Windows« Operating System</Data>
      <Data Name="Company">Microsoft Corporation</Data>
      <Data Name="OriginalFileName">kernel.appcore.dll</Data>
      <Data Name="Hashes">SHA1=F1D1D942ACBA432D60C139A8AE9644665044BCD6,MD5=5539643D8D55C97FB3A5F7E24C448A3F,SHA256=4FB47D56F0FC6C27FEC884E078A2999F7B2E10994359960CC78182544CA80C36,IMPHASH=639D16ACD736EAE912B88E985A0A7A0F</Data>
      <Data Name="Signed">true</Data>
      <Data Name="Signature">Microsoft Windows</Data>
      <Data Name="SignatureStatus">Valid</Data>
    </EventData>
  </Event>
  <Event xmlns="http://schemas.microsoft.com/win/2004/08/events/event">
    <System>
      <Provider Name="Microsoft-Windows-Sysmon" Guid="{5770385f-c22a-43e0-bf4c-06f5698ffbd9}" />
      <EventID>7</EventID>
      <Version>3</Version>
      <Level>4</Level>
      <Task>7</Task>
      <Opcode>0</Opcode>
      <Keywords>0x8000000000000000</Keywords>
      <TimeCreated SystemTime="2020-10-20T11:50:56.699395500Z" />
      <EventRecordID>1049</EventRecordID>
      <Correlation />
      <Execution ProcessID="7212" ThreadID="9748" />
      <Channel>Microsoft-Windows-Sysmon/Operational</Channel>
      <Computer>DESKTOP-NTSSLJD</Computer>
      <Security UserID="S-1-5-18" />
    </System>
    <EventData>
      <Data Name="RuleName">-</Data>
      <Data Name="UtcTime">2020-10-20 11:50:56.551</Data>
      <Data Name="ProcessGuid">{23f38d93-cf20-5f8e-d108-000000000c00}</Data>
      <Data Name="ProcessId">1384</Data>
      <Data Name="Image">C:\Windows\System32\conhost.exe</Data>
      <Data Name="ImageLoaded">C:\Windows\System32\cryptsp.dll</Data>
      <Data Name="FileVersion">10.0.18362.1 (WinBuild.160101.0800)</Data>
      <Data Name="Description">Cryptographic Service Provider API</Data>
      <Data Name="Product">Microsoft« Windows« Operating System</Data>
      <Data Name="Company">Microsoft Corporation</Data>
      <Data Name="OriginalFileName">cryptsp.dll</Data>
      <Data Name="Hashes">SHA1=90F229FB5DB52DF3604195B10C48E946684929ED,MD5=ACE18C6797090A1AA259BB8713917F98,SHA256=F5E118F67745792909973717FAE1F9FE68B2619332A4451AD04E0C9072B8D605,IMPHASH=A9B9D04D0B53DC48ABB37BE77AD01B55</Data>
      <Data Name="Signed">true</Data>
      <Data Name="Signature">Microsoft Windows</Data>
      <Data Name="SignatureStatus">Valid</Data>
    </EventData>
  </Event>
  <Event xmlns="http://schemas.microsoft.com/win/2004/08/events/event">
    <System>
      <Provider Name="Microsoft-Windows-Sysmon" Guid="{5770385f-c22a-43e0-bf4c-06f5698ffbd9}" />
      <EventID>7</EventID>
      <Version>3</Version>
      <Level>4</Level>
      <Task>7</Task>
      <Opcode>0</Opcode>
      <Keywords>0x8000000000000000</Keywords>
      <TimeCreated SystemTime="2020-10-20T11:50:56.699898900Z" />
      <EventRecordID>1050</EventRecordID>
      <Correlation />
      <Execution ProcessID="7212" ThreadID="9748" />
      <Channel>Microsoft-Windows-Sysmon/Operational</Channel>
      <Computer>DESKTOP-NTSSLJD</Computer>
      <Security UserID="S-1-5-18" />
    </System>
    <EventData>
      <Data Name="RuleName">-</Data>
      <Data Name="UtcTime">2020-10-20 11:50:56.551</Data>
      <Data Name="ProcessGuid">{23f38d93-cf20-5f8e-d108-000000000c00}</Data>
      <Data Name="ProcessId">1384</Data>
      <Data Name="Image">C:\Windows\System32\conhost.exe</Data>
      <Data Name="ImageLoaded">C:\Windows\System32\uxtheme.dll</Data>
      <Data Name="FileVersion">10.0.18362.449 (WinBuild.160101.0800)</Data>
      <Data Name="Description">Microsoft UxTheme Library</Data>
      <Data Name="Product">Microsoft« Windows« Operating System</Data>
      <Data Name="Company">Microsoft Corporation</Data>
      <Data Name="OriginalFileName">UxTheme.dll</Data>
      <Data Name="Hashes">SHA1=62956D6FAEB4EC8EA54315A8E3CC15F06165AD57,MD5=3C9D22CAE173AD19806B6A016CD4CC28,SHA256=D95E7D07EA46D7D2AEFA01CD0A64CF266BE26D40FA6BE42F7CF60F6DEB8FBAF3,IMPHASH=64BAD10B75B987F62BF08E1852DE4022</Data>
      <Data Name="Signed">true</Data>
      <Data Name="Signature">Microsoft Windows</Data>
      <Data Name="SignatureStatus">Valid</Data>
    </EventData>
  </Event>
  <Event xmlns="http://schemas.microsoft.com/win/2004/08/events/event">
    <System>
      <Provider Name="Microsoft-Windows-Sysmon" Guid="{5770385f-c22a-43e0-bf4c-06f5698ffbd9}" />
      <EventID>7</EventID>
      <Version>3</Version>
      <Level>4</Level>
      <Task>7</Task>
      <Opcode>0</Opcode>
      <Keywords>0x8000000000000000</Keywords>
      <TimeCreated SystemTime="2020-10-20T11:50:56.700712500Z" />
      <EventRecordID>1051</EventRecordID>
      <Correlation />
      <Execution ProcessID="7212" ThreadID="9748" />
      <Channel>Microsoft-Windows-Sysmon/Operational</Channel>
      <Computer>DESKTOP-NTSSLJD</Computer>
      <Security UserID="S-1-5-18" />
    </System>
    <EventData>
      <Data Name="RuleName">-</Data>
      <Data Name="UtcTime">2020-10-20 11:50:56.567</Data>
      <Data Name="ProcessGuid">{23f38d93-cf20-5f8e-d108-000000000c00}</Data>
      <Data Name="ProcessId">1384</Data>
      <Data Name="Image">C:\Windows\System32\conhost.exe</Data>
      <Data Name="ImageLoaded">C:\Windows\System32\msctf.dll</Data>
      <Data Name="FileVersion">10.0.18362.1139 (WinBuild.160101.0800)</Data>
      <Data Name="Description">MSCTF Server DLL</Data>
      <Data Name="Product">Microsoft« Windows« Operating System</Data>
      <Data Name="Company">Microsoft Corporation</Data>
      <Data Name="OriginalFileName">MSCTF.DLL</Data>
      <Data Name="Hashes">SHA1=5F7008EE8ADAABADD68C6DD5BE92D63E65FA246F,MD5=52FEBDEBB997A30DE66EBFF6C84458FE,SHA256=D5036280A629574D7421D12EDE96C8E05ED595A5DEDF1ED9678FF5667035514B,IMPHASH=E36139468C6DD82FE56B6A135839960B</Data>
      <Data Name="Signed">true</Data>
      <Data Name="Signature">Microsoft Windows</Data>
      <Data Name="SignatureStatus">Valid</Data>
    </EventData>
  </Event>
  <Event xmlns="http://schemas.microsoft.com/win/2004/08/events/event">
    <System>
      <Provider Name="Microsoft-Windows-Sysmon" Guid="{5770385f-c22a-43e0-bf4c-06f5698ffbd9}" />
      <EventID>7</EventID>
      <Version>3</Version>
      <Level>4</Level>
      <Task>7</Task>
      <Opcode>0</Opcode>
      <Keywords>0x8000000000000000</Keywords>
      <TimeCreated SystemTime="2020-10-20T11:50:56.700995900Z" />
      <EventRecordID>1052</EventRecordID>
      <Correlation />
      <Execution ProcessID="7212" ThreadID="9748" />
      <Channel>Microsoft-Windows-Sysmon/Operational</Channel>
      <Computer>DESKTOP-NTSSLJD</Computer>
      <Security UserID="S-1-5-18" />
    </System>
    <EventData>
      <Data Name="RuleName">-</Data>
      <Data Name="UtcTime">2020-10-20 11:50:56.567</Data>
      <Data Name="ProcessGuid">{23f38d93-cf20-5f8e-d108-000000000c00}</Data>
      <Data Name="ProcessId">1384</Data>
      <Data Name="Image">C:\Windows\System32\conhost.exe</Data>
      <Data Name="ImageLoaded">C:\Windows\System32\oleaut32.dll</Data>
      <Data Name="FileVersion">10.0.18362.1110 (WinBuild.160101.0800)</Data>
      <Data Name="Description">OLEAUT32.DLL</Data>
      <Data Name="Product">Microsoft« Windows« Operating System</Data>
      <Data Name="Company">Microsoft Corporation</Data>
      <Data Name="OriginalFileName">OLEAUT32.DLL</Data>
      <Data Name="Hashes">SHA1=35C3365E5F385CB7025DC51D1359BC92CEACB8F4,MD5=81CC27927690AC3A552D92269CBA4899,SHA256=49C1A7FFB5DC382E35F19C1771A0B43120BBB4159EE5BFE23E0410A76A36D68A,IMPHASH=F010E2DB51A2E86CCF6052A1ACC0854F</Data>
      <Data Name="Signed">true</Data>
      <Data Name="Signature">Microsoft Windows</Data>
      <Data Name="SignatureStatus">Valid</Data>
    </EventData>
  </Event>
  <Event xmlns="http://schemas.microsoft.com/win/2004/08/events/event">
    <System>
      <Provider Name="Microsoft-Windows-Sysmon" Guid="{5770385f-c22a-43e0-bf4c-06f5698ffbd9}" />
      <EventID>7</EventID>
      <Version>3</Version>
      <Level>4</Level>
      <Task>7</Task>
      <Opcode>0</Opcode>
      <Keywords>0x8000000000000000</Keywords>
      <TimeCreated SystemTime="2020-10-20T11:50:56.701680300Z" />
      <EventRecordID>1053</EventRecordID>
      <Correlation />
      <Execution ProcessID="7212" ThreadID="9748" />
      <Channel>Microsoft-Windows-Sysmon/Operational</Channel>
      <Computer>DESKTOP-NTSSLJD</Computer>
      <Security UserID="S-1-5-18" />
    </System>
    <EventData>
      <Data Name="RuleName">-</Data>
      <Data Name="UtcTime">2020-10-20 11:50:56.567</Data>
      <Data Name="ProcessGuid">{23f38d93-cf20-5f8e-d108-000000000c00}</Data>
      <Data Name="ProcessId">1384</Data>
      <Data Name="Image">C:\Windows\System32\conhost.exe</Data>
      <Data Name="ImageLoaded">C:\Windows\WinSxS\amd64_microsoft.windows.common-controls_6595b64144ccf1df_6.0.18362.1139_none_9e7bf2d3e4605ac6\comctl32.dll</Data>
      <Data Name="FileVersion">6.10 (WinBuild.160101.0800)</Data>
      <Data Name="Description">User Experience Controls Library</Data>
      <Data Name="Product">Microsoft« Windows« Operating System</Data>
      <Data Name="Company">Microsoft Corporation</Data>
      <Data Name="OriginalFileName">comctl32.DLL</Data>
      <Data Name="Hashes">SHA1=6903CE508BF5BE290209682CE50DA74FF8E41DC7,MD5=B292ADE574FFDFA0828D33B5084D3ADF,SHA256=1C261B3309B851FB08652DE31B86BAB9D843FDF5AEE80AE12F19F6AFE2B97045,IMPHASH=C0671771A067C287DB4783914ABFEAD2</Data>
      <Data Name="Signed">true</Data>
      <Data Name="Signature">Microsoft Windows</Data>
      <Data Name="SignatureStatus">Valid</Data>
    </EventData>
  </Event>
  <Event xmlns="http://schemas.microsoft.com/win/2004/08/events/event">
    <System>
      <Provider Name="Microsoft-Windows-Sysmon" Guid="{5770385f-c22a-43e0-bf4c-06f5698ffbd9}" />
      <EventID>7</EventID>
      <Version>3</Version>
      <Level>4</Level>
      <Task>7</Task>
      <Opcode>0</Opcode>
      <Keywords>0x8000000000000000</Keywords>
      <TimeCreated SystemTime="2020-10-20T11:50:56.703124800Z" />
      <EventRecordID>1054</EventRecordID>
      <Correlation />
      <Execution ProcessID="7212" ThreadID="9748" />
      <Channel>Microsoft-Windows-Sysmon/Operational</Channel>
      <Computer>DESKTOP-NTSSLJD</Computer>
      <Security UserID="S-1-5-18" />
    </System>
    <EventData>
      <Data Name="RuleName">-</Data>
      <Data Name="UtcTime">2020-10-20 11:50:56.600</Data>
      <Data Name="ProcessGuid">{23f38d93-cf20-5f8e-d108-000000000c00}</Data>
      <Data Name="ProcessId">1384</Data>
      <Data Name="Image">C:\Windows\System32\conhost.exe</Data>
      <Data Name="ImageLoaded">C:\Windows\System32\CoreMessaging.dll</Data>
      <Data Name="FileVersion">10.0.18362.1049</Data>
      <Data Name="Description">Microsoft CoreMessaging Dll</Data>
      <Data Name="Product">Microsoft« Windows« Operating System</Data>
      <Data Name="Company">Microsoft Corporation</Data>
      <Data Name="OriginalFileName">CoreMessaging.dll</Data>
      <Data Name="Hashes">SHA1=27AFEDBB2BCE7204B671362BB46909B0D2068F6D,MD5=2E1D612538780D8EF3EC5C0DB5B080E0,SHA256=D7217EBDD8E654E009B700597DCF9AD9A3FD3688160E134C05DD017FDFCCF844,IMPHASH=159F4C943EAB23286854F27C6AA82CE1</Data>
      <Data Name="Signed">true</Data>
      <Data Name="Signature">Microsoft Windows</Data>
      <Data Name="SignatureStatus">Valid</Data>
    </EventData>
  </Event>
  