<Event xmlns="http://schemas.microsoft.com/win/2004/08/events/event">
    <System>
      <Provider Name="Microsoft-Windows-Sysmon" Guid="{5770385f-c22a-43e0-bf4c-06f5698ffbd9}" />
      <EventID>7</EventID>
      <Version>3</Version>
      <Level>4</Level>
      <Task>7</Task>
      <Opcode>0</Opcode>
      <Keywords>0x8000000000000000</Keywords>
      <TimeCreated SystemTime="2020-10-20T11:50:55.004266100Z" />
      <EventRecordID>674</EventRecordID>
      <Correlation />
      <Execution ProcessID="7212" ThreadID="9748" />
      <Channel>Microsoft-Windows-Sysmon/Operational</Channel>
      <Computer>DESKTOP-NTSSLJD</Computer>
      <Security UserID="S-1-5-18" />
    </System>
    <EventData>
      <Data Name="RuleName">-</Data>
      <Data Name="UtcTime">2020-10-20 11:50:54.973</Data>
      <Data Name="ProcessGuid">{23f38d93-cf1e-5f8e-c908-000000000c00}</Data>
      <Data Name="ProcessId">8264</Data>
      <Data Name="Image">C:\Windows\System32\consent.exe</Data>
      <Data Name="ImageLoaded">C:\Windows\System32\crypt32.dll</Data>
      <Data Name="FileVersion">10.0.18362.592 (WinBuild.160101.0800)</Data>
      <Data Name="Description">Crypto API32</Data>
      <Data Name="Product">Microsoft« Windows« Operating System</Data>
      <Data Name="Company">Microsoft Corporation</Data>
      <Data Name="OriginalFileName">CRYPT32.DLL</Data>
      <Data Name="Hashes">SHA1=7A9DD389B0E3C124D4BFE5C1FF15F9A93285514F,MD5=1676DE3980DF1D78E14B172989916570,SHA256=E832E3A58B542E15A169B1545CE82451ACE19BD361FD81764383048528F9B540,IMPHASH=F523F043ACCD8EF1D89F5FD34B5CBBA6</Data>
      <Data Name="Signed">true</Data>
      <Data Name="Signature">Microsoft Windows</Data>
      <Data Name="SignatureStatus">Valid</Data>
    </EventData>
  </Event>
  <Event xmlns="http://schemas.microsoft.com/win/2004/08/events/event">
    <System>
      <Provider Name="Microsoft-Windows-Sysmon" Guid="{5770385f-c22a-43e0-bf4c-06f5698ffbd9}" />
      <EventID>7</EventID>
      <Version>3</Version>
      <Level>4</Level>
      <Task>7</Task>
      <Opcode>0</Opcode>
      <Keywords>0x8000000000000000</Keywords>
      <TimeCreated SystemTime="2020-10-20T11:50:55.004534800Z" />
      <EventRecordID>675</EventRecordID>
      <Correlation />
      <Execution ProcessID="7212" ThreadID="9748" />
      <Channel>Microsoft-Windows-Sysmon/Operational</Channel>
      <Computer>DESKTOP-NTSSLJD</Computer>
      <Security UserID="S-1-5-18" />
    </System>
    <EventData>
      <Data Name="RuleName">-</Data>
      <Data Name="UtcTime">2020-10-20 11:50:54.973</Data>
      <Data Name="ProcessGuid">{23f38d93-cf1e-5f8e-c908-000000000c00}</Data>
      <Data Name="ProcessId">8264</Data>
      <Data Name="Image">C:\Windows\System32\consent.exe</Data>
      <Data Name="ImageLoaded">C:\Windows\System32\msasn1.dll</Data>
      <Data Name="FileVersion">10.0.18362.1 (WinBuild.160101.0800)</Data>
      <Data Name="Description">ASN.1 Runtime APIs</Data>
      <Data Name="Product">Microsoft« Windows« Operating System</Data>
      <Data Name="Company">Microsoft Corporation</Data>
      <Data Name="OriginalFileName">msasn1.dll</Data>
      <Data Name="Hashes">SHA1=F1F2A398A07419B588494558430A141884AD66EF,MD5=23D95BFDCD23EC6AFFF7E4B0703CE464,SHA256=18DE438E2C068383700C5A87423B70B251302F0D5107F331BC7EDE5097504907,IMPHASH=F79599CA729D557E0381EC0A41471A27</Data>
      <Data Name="Signed">true</Data>
      <Data Name="Signature">Microsoft Windows</Data>
      <Data Name="SignatureStatus">Valid</Data>
    </EventData>
  </Event>
  <Event xmlns="http://schemas.microsoft.com/win/2004/08/events/event">
    <System>
      <Provider Name="Microsoft-Windows-Sysmon" Guid="{5770385f-c22a-43e0-bf4c-06f5698ffbd9}" />
      <EventID>7</EventID>
      <Version>3</Version>
      <Level>4</Level>
      <Task>7</Task>
      <Opcode>0</Opcode>
      <Keywords>0x8000000000000000</Keywords>
      <TimeCreated SystemTime="2020-10-20T11:50:55.004959100Z" />
      <EventRecordID>676</EventRecordID>
      <Correlation />
      <Execution ProcessID="7212" ThreadID="9748" />
      <Channel>Microsoft-Windows-Sysmon/Operational</Channel>
      <Computer>DESKTOP-NTSSLJD</Computer>
      <Security UserID="S-1-5-18" />
    </System>
    <EventData>
      <Data Name="RuleName">-</Data>
      <Data Name="UtcTime">2020-10-20 11:50:54.973</Data>
      <Data Name="ProcessGuid">{23f38d93-cf1e-5f8e-c908-000000000c00}</Data>
      <Data Name="ProcessId">8264</Data>
      <Data Name="Image">C:\Windows\System32\consent.exe</Data>
      <Data Name="ImageLoaded">C:\Windows\System32\sechost.dll</Data>
      <Data Name="FileVersion">10.0.18362.959 (WinBuild.160101.0800)</Data>
      <Data Name="Description">Host for SCM/SDDL/LSA Lookup APIs</Data>
      <Data Name="Product">Microsoft« Windows« Operating System</Data>
      <Data Name="Company">Microsoft Corporation</Data>
      <Data Name="OriginalFileName">sechost.dll</Data>
      <Data Name="Hashes">SHA1=A330EDE32DFA03AE6808EE7FB6916D8DEB8F5DDE,MD5=A094E2B38D3DD864B07580D243CB6E43,SHA256=C441E19D20961D4E990E117A300ED318BEDBF2F8BA0FF07BEE7832AC502CDDF2,IMPHASH=CE4BD072766253F6A267D0284CA82002</Data>
      <Data Name="Signed">true</Data>
      <Data Name="Signature">Microsoft Windows</Data>
      <Data Name="SignatureStatus">Valid</Data>
    </EventData>
  </Event>
  <Event xmlns="http://schemas.microsoft.com/win/2004/08/events/event">
    <System>
      <Provider Name="Microsoft-Windows-Sysmon" Guid="{5770385f-c22a-43e0-bf4c-06f5698ffbd9}" />
      <EventID>7</EventID>
      <Version>3</Version>
      <Level>4</Level>
      <Task>7</Task>
      <Opcode>0</Opcode>
      <Keywords>0x8000000000000000</Keywords>
      <TimeCreated SystemTime="2020-10-20T11:50:55.005492000Z" />
      <EventRecordID>677</EventRecordID>
      <Correlation />
      <Execution ProcessID="7212" ThreadID="9748" />
      <Channel>Microsoft-Windows-Sysmon/Operational</Channel>
      <Computer>DESKTOP-NTSSLJD</Computer>
      <Security UserID="S-1-5-18" />
    </System>
    <EventData>
      <Data Name="RuleName">-</Data>
      <Data Name="UtcTime">2020-10-20 11:50:54.973</Data>
      <Data Name="ProcessGuid">{23f38d93-cf1e-5f8e-c908-000000000c00}</Data>
      <Data Name="ProcessId">8264</Data>
      <Data Name="Image">C:\Windows\System32\consent.exe</Data>
      <Data Name="ImageLoaded">C:\Windows\System32\sspicli.dll</Data>
      <Data Name="FileVersion">10.0.18362.1049 (WinBuild.160101.0800)</Data>
      <Data Name="Description">Security Support Provider Interface</Data>
      <Data Name="Product">Microsoft« Windows« Operating System</Data>
      <Data Name="Company">Microsoft Corporation</Data>
      <Data Name="OriginalFileName">sspicli.dll</Data>
      <Data Name="Hashes">SHA1=A30A81AB6EB472CC79CF9E8C5B47ECA85998801A,MD5=DA9647C845792371DD2F95E1CCC9A63A,SHA256=FE741D2F986B0B9557A90BDF0560F49CD17381D1094C42A91634AABE49F46A1E,IMPHASH=D08C52FA17116C062A28110FE7465D80</Data>
      <Data Name="Signed">true</Data>
      <Data Name="Signature">Microsoft Windows</Data>
      <Data Name="SignatureStatus">Valid</Data>
    </EventData>
  </Event>
  <Event xmlns="http://schemas.microsoft.com/win/2004/08/events/event">
    <System>
      <Provider Name="Microsoft-Windows-Sysmon" Guid="{5770385f-c22a-43e0-bf4c-06f5698ffbd9}" />
      <EventID>7</EventID>
      <Version>3</Version>
      <Level>4</Level>
      <Task>7</Task>
      <Opcode>0</Opcode>
      <Keywords>0x8000000000000000</Keywords>
      <TimeCreated SystemTime="2020-10-20T11:50:55.005775200Z" />
      <EventRecordID>678</EventRecordID>
      <Correlation />
      <Execution ProcessID="7212" ThreadID="9748" />
      <Channel>Microsoft-Windows-Sysmon/Operational</Channel>
      <Computer>DESKTOP-NTSSLJD</Computer>
      <Security UserID="S-1-5-18" />
    </System>
    <EventData>
      <Data Name="RuleName">-</Data>
      <Data Name="UtcTime">2020-10-20 11:50:54.973</Data>
      <Data Name="ProcessGuid">{23f38d93-cf1e-5f8e-c908-000000000c00}</Data>
      <Data Name="ProcessId">8264</Data>
      <Data Name="Image">C:\Windows\System32\consent.exe</Data>
      <Data Name="ImageLoaded">C:\Windows\System32\userenv.dll</Data>
      <Data Name="FileVersion">10.0.18362.1139 (WinBuild.160101.0800)</Data>
      <Data Name="Description">Userenv</Data>
      <Data Name="Product">Microsoft« Windows« Operating System</Data>
      <Data Name="Company">Microsoft Corporation</Data>
      <Data Name="OriginalFileName">userenv.dll</Data>
      <Data Name="Hashes">SHA1=6767284D50E4B23357C234D4CCF9FD05D821CD78,MD5=6DC9184E8E2827C756E74F7C685FFAD3,SHA256=8F0FB258D463DB0B1CEC91797816E427A125EE8EE46F9CF845678BEDB776D9AE,IMPHASH=B27EC605C3878D5AFB745034F25A7E03</Data>
      <Data Name="Signed">true</Data>
      <Data Name="Signature">Microsoft Windows</Data>
      <Data Name="SignatureStatus">Valid</Data>
    </EventData>
  </Event>
  <Event xmlns="http://schemas.microsoft.com/win/2004/08/events/event">
    <System>
      <Provider Name="Microsoft-Windows-Sysmon" Guid="{5770385f-c22a-43e0-bf4c-06f5698ffbd9}" />
      <EventID>7</EventID>
      <Version>3</Version>
      <Level>4</Level>
      <Task>7</Task>
      <Opcode>0</Opcode>
      <Keywords>0x8000000000000000</Keywords>
      <TimeCreated SystemTime="2020-10-20T11:50:55.006347600Z" />
      <EventRecordID>679</EventRecordID>
      <Correlation />
      <Execution ProcessID="7212" ThreadID="9748" />
      <Channel>Microsoft-Windows-Sysmon/Operational</Channel>
      <Computer>DESKTOP-NTSSLJD</Computer>
      <Security UserID="S-1-5-18" />
    </System>
    <EventData>
      <Data Name="RuleName">-</Data>
      <Data Name="UtcTime">2020-10-20 11:50:54.973</Data>
      <Data Name="ProcessGuid">{23f38d93-cf1e-5f8e-c908-000000000c00}</Data>
      <Data Name="ProcessId">8264</Data>
      <Data Name="Image">C:\Windows\System32\consent.exe</Data>
      <Data Name="ImageLoaded">C:\Windows\System32\profapi.dll</Data>
      <Data Name="FileVersion">10.0.18362.693 (WinBuild.160101.0800)</Data>
      <Data Name="Description">User Profile Basic API</Data>
      <Data Name="Product">Microsoft« Windows« Operating System</Data>
      <Data Name="Company">Microsoft Corporation</Data>
      <Data Name="OriginalFileName">PROFAPI.DLL</Data>
      <Data Name="Hashes">SHA1=387FC7660AFDEC45CFFB84980EB77D0E787ED31B,MD5=F4862E1CC68687B9D4B245512BDF8383,SHA256=A2DF0AC95B9AA338EB6062BA5739F65BFBA86658546F4C5CAC6045C363F55E24,IMPHASH=192CF98320740B7D296297054A9C3EEA</Data>
      <Data Name="Signed">true</Data>
      <Data Name="Signature">Microsoft Windows</Data>
      <Data Name="SignatureStatus">Valid</Data>
    </EventData>
  </Event>
  <Event xmlns="http://schemas.microsoft.com/win/2004/08/events/event">
    <System>
      <Provider Name="Microsoft-Windows-Sysmon" Guid="{5770385f-c22a-43e0-bf4c-06f5698ffbd9}" />
      <EventID>7</EventID>
      <Version>3</Version>
      <Level>4</Level>
      <Task>7</Task>
      <Opcode>0</Opcode>
      <Keywords>0x8000000000000000</Keywords>
      <TimeCreated SystemTime="2020-10-20T11:50:55.009012100Z" />
      <EventRecordID>680</EventRecordID>
      <Correlation />
      <Execution ProcessID="7212" ThreadID="9748" />
      <Channel>Microsoft-Windows-Sysmon/Operational</Channel>
      <Computer>DESKTOP-NTSSLJD</Computer>
      <Security UserID="S-1-5-18" />
    </System>
    <EventData>
      <Data Name="RuleName">-</Data>
      <Data Name="UtcTime">2020-10-20 11:50:54.973</Data>
      <Data Name="ProcessGuid">{23f38d93-cf1e-5f8e-c908-000000000c00}</Data>
      <Data Name="ProcessId">8264</Data>
      <Data Name="Image">C:\Windows\System32\consent.exe</Data>
      <Data Name="ImageLoaded">C:\Windows\System32\amsi.dll</Data>
      <Data Name="FileVersion">10.0.18362.1 (WinBuild.160101.0800)</Data>
      <Data Name="Description">Anti-Malware Scan Interface</Data>
      <Data Name="Product">Microsoft« Windows« Operating System</Data>
      <Data Name="Company">Microsoft Corporation</Data>
      <Data Name="OriginalFileName">amsi.dll</Data>
      <Data Name="Hashes">SHA1=C6027664D44C8579A0EF7F515E12A4542FD782CD,MD5=1C188194C6C1880FB7D9E6F54383FF40,SHA256=0A6947B24CAED32006E86DD83A29C1570DFE4ED363AE22D1277D9211430F73AD,IMPHASH=371B4EC2A6801A18FA86FD488786917F</Data>
      <Data Name="Signed">true</Data>
      <Data Name="Signature">Microsoft Windows</Data>
      <Data Name="SignatureStatus">Valid</Data>
    </EventData>
  </Event>
  <Event xmlns="http://schemas.microsoft.com/win/2004/08/events/event">
    <System>
      <Provider Name="Microsoft-Windows-Sysmon" Guid="{5770385f-c22a-43e0-bf4c-06f5698ffbd9}" />
      <EventID>7</EventID>
      <Version>3</Version>
      <Level>4</Level>
      <Task>7</Task>
      <Opcode>0</Opcode>
      <Keywords>0x8000000000000000</Keywords>
      <TimeCreated SystemTime="2020-10-20T11:50:55.010254600Z" />
      <EventRecordID>681</EventRecordID>
      <Correlation />
      <Execution ProcessID="7212" ThreadID="9748" />
      <Channel>Microsoft-Windows-Sysmon/Operational</Channel>
      <Computer>DESKTOP-NTSSLJD</Computer>
      <Security UserID="S-1-5-18" />
    </System>
    <EventData>
      <Data Name="RuleName">-</Data>
      <Data Name="UtcTime">2020-10-20 11:50:54.973</Data>
      <Data Name="ProcessGuid">{23f38d93-cf1e-5f8e-c908-000000000c00}</Data>
      <Data Name="ProcessId">8264</Data>
      <Data Name="Image">C:\Windows\System32\consent.exe</Data>
      <Data Name="ImageLoaded">C:\Windows\System32\cryptsp.dll</Data>
      <Data Name="FileVersion">10.0.18362.1 (WinBuild.160101.0800)</Data>
      <Data Name="Description">Cryptographic Service Provider API</Data>
      <Data Name="Product">Microsoft« Windows« Operating System</Data>
      <Data Name="Company">Microsoft Corporation</Data>
      <Data Name="OriginalFileName">cryptsp.dll</Data>
      <Data Name="Hashes">SHA1=90F229FB5DB52DF3604195B10C48E946684929ED,MD5=ACE18C6797090A1AA259BB8713917F98,SHA256=F5E118F67745792909973717FAE1F9FE68B2619332A4451AD04E0C9072B8D605,IMPHASH=A9B9D04D0B53DC48ABB37BE77AD01B55</Data>
      <Data Name="Signed">true</Data>
      <Data Name="Signature">Microsoft Windows</Data>
      <Data Name="SignatureStatus">Valid</Data>
    </EventData>
  </Event>
  <Event xmlns="http://schemas.microsoft.com/win/2004/08/events/event">
    <System>
      <Provider Name="Microsoft-Windows-Sysmon" Guid="{5770385f-c22a-43e0-bf4c-06f5698ffbd9}" />
      <EventID>7</EventID>
      <Version>3</Version>
      <Level>4</Level>
      <Task>7</Task>
      <Opcode>0</Opcode>
      <Keywords>0x8000000000000000</Keywords>
      <TimeCreated SystemTime="2020-10-20T11:50:55.012990200Z" />
      <EventRecordID>682</EventRecordID>
      <Correlation />
      <Execution ProcessID="7212" ThreadID="9748" />
      <Channel>Microsoft-Windows-Sysmon/Operational</Channel>
      <Computer>DESKTOP-NTSSLJD</Computer>
      <Security UserID="S-1-5-18" />
    </System>
    <EventData>
      <Data Name="RuleName">-</Data>
      <Data Name="UtcTime">2020-10-20 11:50:54.973</Data>
      <Data Name="ProcessGuid">{23f38d93-cf1e-5f8e-c908-000000000c00}</Data>
      <Data Name="ProcessId">8264</Data>
      <Data Name="Image">C:\Windows\System32\consent.exe</Data>
      <Data Name="ImageLoaded">C:\Windows\WinSxS\amd64_microsoft.windows.common-controls_6595b64144ccf1df_6.0.18362.1139_none_9e7bf2d3e4605ac6\comctl32.dll</Data>
      <Data Name="FileVersion">6.10 (WinBuild.160101.0800)</Data>
      <Data Name="Description">User Experience Controls Library</Data>
      <Data Name="Product">Microsoft« Windows« Operating System</Data>
      <Data Name="Company">Microsoft Corporation</Data>
      <Data Name="OriginalFileName">comctl32.DLL</Data>
      <Data Name="Hashes">SHA1=6903CE508BF5BE290209682CE50DA74FF8E41DC7,MD5=B292ADE574FFDFA0828D33B5084D3ADF,SHA256=1C261B3309B851FB08652DE31B86BAB9D843FDF5AEE80AE12F19F6AFE2B97045,IMPHASH=C0671771A067C287DB4783914ABFEAD2</Data>
      <Data Name="Signed">true</Data>
      <Data Name="Signature">Microsoft Windows</Data>
      <Data Name="SignatureStatus">Valid</Data>
    </EventData>
  </Event>
  <Event xmlns="http://schemas.microsoft.com/win/2004/08/events/event">
    <System>
      <Provider Name="Microsoft-Windows-Sysmon" Guid="{5770385f-c22a-43e0-bf4c-06f5698ffbd9}" />
      <EventID>7</EventID>
      <Version>3</Version>
      <Level>4</Level>
      <Task>7</Task>
      <Opcode>0</Opcode>
      <Keywords>0x8000000000000000</Keywords>
      <TimeCreated SystemTime="2020-10-20T11:50:55.013751200Z" />
      <EventRecordID>683</EventRecordID>
      <Correlation />
      <Execution ProcessID="7212" ThreadID="9748" />
      <Channel>Microsoft-Windows-Sysmon/Operational</Channel>
      <Computer>DESKTOP-NTSSLJD</Computer>
      <Security UserID="S-1-5-18" />
    </System>
    <EventData>
      <Data Name="RuleName">-</Data>
      <Data Name="UtcTime">2020-10-20 11:50:54.973</Data>
      <Data Name="ProcessGuid">{23f38d93-cf1e-5f8e-c908-000000000c00}</Data>
      <Data Name="ProcessId">8264</Data>
      <Data Name="Image">C:\Windows\System32\consent.exe</Data>
      <Data Name="ImageLoaded">C:\Windows\System32\msctf.dll</Data>
      <Data Name="FileVersion">10.0.18362.1139 (WinBuild.160101.0800)</Data>
      <Data Name="Description">MSCTF Server DLL</Data>
      <Data Name="Product">Microsoft« Windows« Operating System</Data>
      <Data Name="Company">Microsoft Corporation</Data>
      <Data Name="OriginalFileName">MSCTF.DLL</Data>
      <Data Name="Hashes">SHA1=5F7008EE8ADAABADD68C6DD5BE92D63E65FA246F,MD5=52FEBDEBB997A30DE66EBFF6C84458FE,SHA256=D5036280A629574D7421D12EDE96C8E05ED595A5DEDF1ED9678FF5667035514B,IMPHASH=E36139468C6DD82FE56B6A135839960B</Data>
      <Data Name="Signed">true</Data>
      <Data Name="Signature">Microsoft Windows</Data>
      <Data Name="SignatureStatus">Valid</Data>
    </EventData>
  </Event>
  <Event xmlns="http://schemas.microsoft.com/win/2004/08/events/event">
    <System>
      <Provider Name="Microsoft-Windows-Sysmon" Guid="{5770385f-c22a-43e0-bf4c-06f5698ffbd9}" />
      <EventID>7</EventID>
      <Version>3</Version>
      <Level>4</Level>
      <Task>7</Task>
      <Opcode>0</Opcode>
      <Keywords>0x8000000000000000</Keywords>
      <TimeCreated SystemTime="2020-10-20T11:50:55.014057000Z" />
      <EventRecordID>684</EventRecordID>
      <Correlation />
      <Execution ProcessID="7212" ThreadID="9748" />
      <Channel>Microsoft-Windows-Sysmon/Operational</Channel>
      <Computer>DESKTOP-NTSSLJD</Computer>
      <Security UserID="S-1-5-18" />
    </System>
    <EventData>
      <Data Name="RuleName">-</Data>
      <Data Name="UtcTime">2020-10-20 11:50:54.973</Data>
      <Data Name="ProcessGuid">{23f38d93-cf1e-5f8e-c908-000000000c00}</Data>
      <Data Name="ProcessId">8264</Data>
      <Data Name="Image">C:\Windows\System32\consent.exe</Data>
      <Data Name="ImageLoaded">C:\Windows\System32\oleaut32.dll</Data>
      <Data Name="FileVersion">10.0.18362.1110 (WinBuild.160101.0800)</Data>
      <Data Name="Description">OLEAUT32.DLL</Data>
      <Data Name="Product">Microsoft« Windows« Operating System</Data>
      <Data Name="Company">Microsoft Corporation</Data>
      <Data Name="OriginalFileName">OLEAUT32.DLL</Data>
      <Data Name="Hashes">SHA1=35C3365E5F385CB7025DC51D1359BC92CEACB8F4,MD5=81CC27927690AC3A552D92269CBA4899,SHA256=49C1A7FFB5DC382E35F19C1771A0B43120BBB4159EE5BFE23E0410A76A36D68A,IMPHASH=F010E2DB51A2E86CCF6052A1ACC0854F</Data>
      <Data Name="Signed">true</Data>
      <Data Name="Signature">Microsoft Windows</Data>
      <Data Name="SignatureStatus">Valid</Data>
    </EventData>
  </Event>
  <Event xmlns="http://schemas.microsoft.com/win/2004/08/events/event">
    <System>
      <Provider Name="Microsoft-Windows-Sysmon" Guid="{5770385f-c22a-43e0-bf4c-06f5698ffbd9}" />
      <EventID>7</EventID>
      <Version>3</Version>
      <Level>4</Level>
      <Task>7</Task>
      <Opcode>0</Opcode>
      <Keywords>0x8000000000000000</Keywords>
      <TimeCreated SystemTime="2020-10-20T11:50:55.014914100Z" />
      <EventRecordID>685</EventRecordID>
      <Correlation />
      <Execution ProcessID="7212" ThreadID="9748" />
      <Channel>Microsoft-Windows-Sysmon/Operational</Channel>
      <Computer>DESKTOP-NTSSLJD</Computer>
      <Security UserID="S-1-5-18" />
    </System>
    <EventData>
      <Data Name="RuleName">-</Data>
      <Data Name="UtcTime">2020-10-20 11:50:54.973</Data>
      <Data Name="ProcessGuid">{23f38d93-cf1e-5f8e-c908-000000000c00}</Data>
      <Data Name="ProcessId">8264</Data>
      <Data Name="Image">C:\Windows\System32\consent.exe</Data>
      <Data Name="ImageLoaded">C:\Windows\System32\imm32.dll</Data>
      <Data Name="FileVersion">10.0.18362.387 (WinBuild.160101.0800)</Data>
      <Data Name="Description">Multi-User Windows IMM32 API Client DLL</Data>
      <Data Name="Product">Microsoft« Windows« Operating System</Data>
      <Data Name="Company">Microsoft Corporation</Data>
      <Data Name="OriginalFileName">imm32</Data>
      <Data Name="Hashes">SHA1=76BB2AB8D3CB6DB6D23F4771334C9AA9C231B03A,MD5=025CC332EDC4B1A38290F3E36BCEF4FB,SHA256=0FE3C1C575EA1B0257B2EB12527EC35E3004CD88EA5BAEC7095386A9F9EB70AD,IMPHASH=24F54B6761C10BA12481CF6C780605BF</Data>
      <Data Name="Signed">true</Data>
      <Data Name="Signature">Microsoft Windows</Data>
      <Data Name="SignatureStatus">Valid</Data>
    </EventData>
  </Event>
  <Event xmlns="http://schemas.microsoft.com/win/2004/08/events/event">
    <System>
      <Provider Name="Microsoft-Windows-Sysmon" Guid="{5770385f-c22a-43e0-bf4c-06f5698ffbd9}" />
      <EventID>7</EventID>
      <Version>3</Version>
      <Level>4</Level>
      <Task>7</Task>
      <Opcode>0</Opcode>
      <Keywords>0x8000000000000000</Keywords>
      <TimeCreated SystemTime="2020-10-20T11:50:55.015199500Z" />
      <EventRecordID>686</EventRecordID>
      <Correlation />
      <Execution ProcessID="7212" ThreadID="9748" />
      <Channel>Microsoft-Windows-Sysmon/Operational</Channel>
      <Computer>DESKTOP-NTSSLJD</Computer>
      <Security UserID="S-1-5-18" />
    </System>
    <EventData>
      <Data Name="RuleName">-</Data>
      <Data Name="UtcTime">2020-10-20 11:50:54.973</Data>
      <Data Name="ProcessGuid">{23f38d93-cf1e-5f8e-c908-000000000c00}</Data>
      <Data Name="ProcessId">8264</Data>
      <Data Name="Image">C:\Windows\System32\consent.exe</Data>
      <Data Name="ImageLoaded">C:\Windows\System32\advapi32.dll</Data>
      <Data Name="FileVersion">10.0.18362.752 (WinBuild.160101.0800)</Data>
      <Data Name="Description">Advanced Windows 32 Base API</Data>
      <Data Name="Product">Microsoft« Windows« Operating System</Data>
      <Data Name="Company">Microsoft Corporation</Data>
      <Data Name="OriginalFileName">advapi32.dll</Data>
      <Data Name="Hashes">SHA1=35C61DDE6F8F4ED05F9C4837E2B91C886CA79F82,MD5=EA4F6E7961B4A402F6F5EC33C655260A,SHA256=5E2D103E7E1FD7CA0492E541F082D274EF6259AF2158A3562986C796C5C869DD,IMPHASH=8EEA175C33205685FB8A14876D7564DB</Data>
      <Data Name="Signed">true</Data>
      <Data Name="Signature">Microsoft Windows</Data>
      <Data Name="SignatureStatus">Valid</Data>
    </EventData>
  </Event>
  <Event xmlns="http://schemas.microsoft.com/win/2004/08/events/event">
    <System>
      <Provider Name="Microsoft-Windows-Sysmon" Guid="{5770385f-c22a-43e0-bf4c-06f5698ffbd9}" />
      <EventID>7</EventID>
      <Version>3</Version>
      <Level>4</Level>
      <Task>7</Task>
      <Opcode>0</Opcode>
      <Keywords>0x8000000000000000</Keywords>
      <TimeCreated SystemTime="2020-10-20T11:50:55.015470700Z" />
      <EventRecordID>687</EventRecordID>
      <Correlation />
      <Execution ProcessID="7212" ThreadID="9748" />
      <Channel>Microsoft-Windows-Sysmon/Operational</Channel>
      <Computer>DESKTOP-NTSSLJD</Computer>
      <Security UserID="S-1-5-18" />
    </System>
    <EventData>
      <Data Name="RuleName">-</Data>
      <Data Name="UtcTime">2020-10-20 11:50:54.989</Data>
      <Data Name="ProcessGuid">{23f38d93-cf1e-5f8e-c908-000000000c00}</Data>
      <Data Name="ProcessId">8264</Data>
      <Data Name="Image">C:\Windows\System32\consent.exe</Data>
      <Data Name="ImageLoaded">C:\Windows\System32\wtsapi32.dll</Data>
      <Data Name="FileVersion">10.0.18362.1 (WinBuild.160101.0800)</Data>
      <Data Name="Description">Windows Remote Desktop Session Host Server SDK APIs</Data>
      <Data Name="Product">Microsoft« Windows« Operating System</Data>
      <Data Name="Company">Microsoft Corporation</Data>
      <Data Name="OriginalFileName">wtsapi32.dll</Data>
      <Data Name="Hashes">SHA1=9DE9A9DA2684073AC22A4C87E0B3A70526D8A14E,MD5=19840E5A1F6EF9664C92D35B350AE9C6,SHA256=F538B498A0134043BECF98251A52B1BDE32A6748DE4FEFD6E0C3358D65E6F2AA,IMPHASH=1D3A55F1B05A4AA4D327269FDE13BA58</Data>
      <Data Name="Signed">true</Data>
      <Data Name="Signature">Microsoft Windows</Data>
      <Data Name="SignatureStatus">Valid</Data>
    </EventData>
  </Event>
  <Event xmlns="http://schemas.microsoft.com/win/2004/08/events/event">
    <System>
      <Provider Name="Microsoft-Windows-Sysmon" Guid="{5770385f-c22a-43e0-bf4c-06f5698ffbd9}" />
      <EventID>7</EventID>
      <Version>3</Version>
      <Level>4</Level>
      <Task>7</Task>
      <Opcode>0</Opcode>
      <Keywords>0x8000000000000000</Keywords>
      <TimeCreated SystemTime="2020-10-20T11:50:55.016121900Z" />
      <EventRecordID>688</EventRecordID>
      <Correlation />
      <Execution ProcessID="7212" ThreadID="9748" />
      <Channel>Microsoft-Windows-Sysmon/Operational</Channel>
      <Computer>DESKTOP-NTSSLJD</Computer>
      <Security UserID="S-1-5-18" />
    </System>
    <EventData>
      <Data Name="RuleName">-</Data>
      <Data Name="UtcTime">2020-10-20 11:50:54.989</Data>
      <Data Name="ProcessGuid">{23f38d93-cf1e-5f8e-c908-000000000c00}</Data>
      <Data Name="ProcessId">8264</Data>
      <Data Name="Image">C:\Windows\System32\consent.exe</Data>
      <Data Name="ImageLoaded">C:\Windows\System32\shell32.dll</Data>
      <Data Name="FileVersion">10.0.18362.1110 (WinBuild.160101.0800)</Data>
      <Data Name="Description">Windows Shell Common Dll</Data>
      <Data Name="Product">Microsoft« Windows« Operating System</Data>
      <Data Name="Company">Microsoft Corporation</Data>
      <Data Name="OriginalFileName">SHELL32.DLL</Data>
      <Data Name="Hashes">SHA1=1BE5EC1130E4B812224AF98D1C4B81B91C8D8BCE,MD5=698E67C04A48B58FE0FE2B7DAB428BD2,SHA256=D4F8395347B3C952DA3309BD3ADFBF87F52582C744204692DEDB0B6E720AEE1A,IMPHASH=5DE31297232BD99BC22531D7CE95B80E</Data>
      <Data Name="Signed">true</Data>
      <Data Name="Signature">Microsoft Windows</Data>
      <Data Name="SignatureStatus">Valid</Data>
    </EventData>
  </Event>
  <Event xmlns="http://schemas.microsoft.com/win/2004/08/events/event">
    <System>
      <Provider Name="Microsoft-Windows-Sysmon" Guid="{5770385f-c22a-43e0-bf4c-06f5698ffbd9}" />
      <EventID>7</EventID>
      <Version>3</Version>
      <Level>4</Level>
      <Task>7</Task>
      <Opcode>0</Opcode>
      <Keywords>0x8000000000000000</Keywords>
      <TimeCreated SystemTime="2020-10-20T11:50:55.016429000Z" />
      <EventRecordID>689</EventRecordID>
      <Correlation />
      <Execution ProcessID="7212" ThreadID="9748" />
      <Channel>Microsoft-Windows-Sysmon/Operational</Channel>
      <Computer>DESKTOP-NTSSLJD</Computer>
      <Security UserID="S-1-5-18" />
    </System>
    <EventData>
      <Data Name="RuleName">-</Data>
      <Data Name="UtcTime">2020-10-20 11:50:54.989</Data>
      <Data Name="ProcessGuid">{23f38d93-cf1e-5f8e-c908-000000000c00}</Data>
      <Data Name="ProcessId">8264</Data>
      <Data Name="Image">C:\Windows\System32\consent.exe</Data>
      <Data Name="ImageLoaded">C:\Windows\System32\cfgmgr32.dll</Data>
      <Data Name="FileVersion">10.0.18362.387 (WinBuild.160101.0800)</Data>
      <Data Name="Description">Configuration Manager DLL</Data>
      <Data Name="Product">Microsoft« Windows« Operating System</Data>
      <Data Name="Company">Microsoft Corporation</Data>
      <Data Name="OriginalFileName">CFGMGR32.DLL</Data>
      <Data Name="Hashes">SHA1=FA3A718BEED81C7084675E250ADC305677A6B5E4,MD5=3A99A40872AF3B87406CC57DBDF53748,SHA256=96A1DB38C74A81FBA4C4AB29020551364FD1ADA3B6FED789D193C787E757979D,IMPHASH=4B4464C7677B6F07342800F4CF0BA273</Data>
      <Data Name="Signed">true</Data>
      <Data Name="Signature">Microsoft Windows</Data>
      <Data Name="SignatureStatus">Valid</Data>
    </EventData>
  </Event>
  <Event xmlns="http://schemas.microsoft.com/win/2004/08/events/event">
    <System>
      <Provider Name="Microsoft-Windows-Sysmon" Guid="{5770385f-c22a-43e0-bf4c-06f5698ffbd9}" />
      <EventID>7</EventID>
      <Version>3</Version>
      <Level>4</Level>
      <Task>7</Task>
      <Opcode>0</Opcode>
      <Keywords>0x8000000000000000</Keywords>
      <TimeCreated SystemTime="2020-10-20T11:50:55.016691600Z" />
      <EventRecordID>690</EventRecordID>
      <Correlation />
      <Execution ProcessID="7212" ThreadID="9748" />
      <Channel>Microsoft-Windows-Sysmon/Operational</Channel>
      <Computer>DESKTOP-NTSSLJD</Computer>
      <Security UserID="S-1-5-18" />
    </System>
    <EventData>
      <Data Name="RuleName">-</Data>
      <Data Name="UtcTime">2020-10-20 11:50:54.989</Data>
      <Data Name="ProcessGuid">{23f38d93-cf1e-5f8e-c908-000000000c00}</Data>
      <Data Name="ProcessId">8264</Data>
      <Data Name="Image">C:\Windows\System32\consent.exe</Data>
      <Data Name="ImageLoaded">C:\Windows\System32\SHCore.dll</Data>
      <Data Name="FileVersion">10.0.18362.959 (WinBuild.160101.0800)</Data>
      <Data Name="Description">SHCORE</Data>
      <Data Name="Product">Microsoft« Windows« Operating System</Data>
      <Data Name="Company">Microsoft Corporation</Data>
      <Data Name="OriginalFileName">SHCORE.dll</Data>
      <Data Name="Hashes">SHA1=75C9F506592699E30D8ECA63F88C79E956324111,MD5=6ACBCCE095FDB475FC2B3D178E5D9208,SHA256=3F49AB1B04EE3D843E961A1B62CB695EE3FE940EE287819BBBABCC1C3A38F507,IMPHASH=0E48D88DA5B1AEFE29036ECDE5B34E8D</Data>
      <Data Name="Signed">true</Data>
      <Data Name="Signature">Microsoft Windows</Data>
      <Data Name="SignatureStatus">Valid</Data>
    </EventData>
  </Event>
  <Event xmlns="http://schemas.microsoft.com/win/2004/08/events/event">
    <System>
      <Provider Name="Microsoft-Windows-Sysmon" Guid="{5770385f-c22a-43e0-bf4c-06f5698ffbd9}" />
      <EventID>7</EventID>
      <Version>3</Version>
      <Level>4</Level>
      <Task>7</Task>
      <Opcode>0</Opcode>
      <Keywords>0x8000000000000000</Keywords>
      <TimeCreated SystemTime="2020-10-20T11:50:55.016958400Z" />
      <EventRecordID>691</EventRecordID>
      <Correlation />
      <Execution ProcessID="7212" ThreadID="9748" />
      <Channel>Microsoft-Windows-Sysmon/Operational</Channel>
      <Computer>DESKTOP-NTSSLJD</Computer>
      <Security UserID="S-1-5-18" />
    </System>
    <EventData>
      <Data Name="RuleName">-</Data>
      <Data Name="UtcTime">2020-10-20 11:50:54.989</Data>
      <Data Name="ProcessGuid">{23f38d93-cf1e-5f8e-c908-000000000c00}</Data>
      <Data Name="ProcessId">8264</Data>
      <Data Name="Image">C:\Windows\System32\consent.exe</Data>
      <Data Name="ImageLoaded">C:\Windows\System32\windows.storage.dll</Data>
      <Data Name="FileVersion">10.0.18362.1082 (WinBuild.160101.0800)</Data>
      <Data Name="Description">Microsoft WinRT Storage API</Data>
      <Data Name="Product">Microsoft« Windows« Operating System</Data>
      <Data Name="Company">Microsoft Corporation</Data>
      <Data Name="OriginalFileName">Windows.Storage.dll</Data>
      <Data Name="Hashes">SHA1=DF7D0248848C0247FD5F65ABD9799FDA0380C77D,MD5=DDD102204FDCD3FC8DD0AA89CF6609A3,SHA256=49F37639155096444C1B780071B8D63320FD8F8DC1D7CEF7A9031830C4F90968,IMPHASH=BDB3E400A78EE2D42C647E85CD2D827B</Data>
      <Data Name="Signed">true</Data>
      <Data Name="Signature">Microsoft Windows</Data>
      <Data Name="SignatureStatus">Valid</Data>
    </EventData>
  </Event>
  <Event xmlns="http://schemas.microsoft.com/win/2004/08/events/event">
    <System>
      <Provider Name="Microsoft-Windows-Sysmon" Guid="{5770385f-c22a-43e0-bf4c-06f5698ffbd9}" />
      <EventID>7</EventID>
      <Version>3</Version>
      <Level>4</Level>
      <Task>7</Task>
      <Opcode>0</Opcode>
      <Keywords>0x8000000000000000</Keywords>
      <TimeCreated SystemTime="2020-10-20T11:50:55.017218500Z" />
      <EventRecordID>692</EventRecordID>
      <Correlation />
      <Execution ProcessID="7212" ThreadID="9748" />
      <Channel>Microsoft-Windows-Sysmon/Operational</Channel>
      <Computer>DESKTOP-NTSSLJD</Computer>
      <Security UserID="S-1-5-18" />
    </System>
    <EventData>
      <Data Name="RuleName">-</Data>
      <Data Name="UtcTime">2020-10-20 11:50:54.989</Data>
      <Data Name="ProcessGuid">{23f38d93-cf1e-5f8e-c908-000000000c00}</Data>
      <Data Name="ProcessId">8264</Data>
      <Data Name="Image">C:\Windows\System32\consent.exe</Data>
      <Data Name="ImageLoaded">C:\Windows\System32\powrprof.dll</Data>
      <Data Name="FileVersion">10.0.18362.1 (WinBuild.160101.0800)</Data>
      <Data Name="Description">Power Profile Helper DLL</Data>
      <Data Name="Product">Microsoft« Windows« Operating System</Data>
      <Data Name="Company">Microsoft Corporation</Data>
      <Data Name="OriginalFileName">POWRPROF.DLL</Data>
      <Data Name="Hashes">SHA1=30D5ADBC0664977C27B65622F514632581C9AF45,MD5=07B027B1E0B775FAE815E487F28137B9,SHA256=21358CE9A416C7F6DB063095102E91F014BDB85B08A4E783E17234792C9B483A,IMPHASH=817FF4748665EB442F0081A91349F764</Data>
      <Data Name="Signed">true</Data>
      <Data Name="Signature">Microsoft Windows</Data>
      <Data Name="SignatureStatus">Valid</Data>
    </EventData>
  </Event>
  <Event xmlns="http://schemas.microsoft.com/win/2004/08/events/event">
    <System>
      <Provider Name="Microsoft-Windows-Sysmon" Guid="{5770385f-c22a-43e0-bf4c-06f5698ffbd9}" />
      <EventID>7</EventID>
      <Version>3</Version>
      <Level>4</Level>
      <Task>7</Task>
      <Opcode>0</Opcode>
      <Keywords>0x8000000000000000</Keywords>
      <TimeCreated SystemTime="2020-10-20T11:50:55.017390700Z" />
      <EventRecordID>693</EventRecordID>
      <Correlation />
      <Execution ProcessID="7212" ThreadID="9748" />
      <Channel>Microsoft-Windows-Sysmon/Operational</Channel>
      <Computer>DESKTOP-NTSSLJD</Computer>
      <Security UserID="S-1-5-18" />
    </System>
    <EventData>
      <Data Name="RuleName">-</Data>
      <Data Name="UtcTime">2020-10-20 11:50:54.989</Data>
      <Data Name="ProcessGuid">{23f38d93-cf1e-5f8e-c908-000000000c00}</Data>
      <Data Name="ProcessId">8264</Data>
      <Data Name="Image">C:\Windows\System32\consent.exe</Data>
      <Data Name="ImageLoaded">C:\Windows\System32\umpdc.dll</Data>
      <Data Name="FileVersion">-</Data>
      <Data Name="Description">-</Data>
      <Data Name="Product">-</Data>
      <Data Name="Company">-</Data>
      <Data Name="OriginalFileName">-</Data>
      <Data Name="Hashes">SHA1=6ABB78FB1614C12E3E9FFF3DE98B0E13E79201D9,MD5=B9A75ED4500DD953DF172FE6F63578E8,SHA256=709B99BA1DFEF6D9B2483F37D242B12F29B1E1ADE13E338B4D7041C55B55204B,IMPHASH=5A0FF5293A05BFEBAE6F2C9C302FC5E7</Data>
      <Data Name="Signed">true</Data>
      <Data Name="Signature">Microsoft Windows</Data>
      <Data Name="SignatureStatus">Valid</Data>
    </EventData>
  </Event>
  <Event xmlns="http://schemas.microsoft.com/win/2004/08/events/event">
    <System>
      <Provider Name="Microsoft-Windows-Sysmon" Guid="{5770385f-c22a-43e0-bf4c-06f5698ffbd9}" />
      <EventID>7</EventID>
      <Version>3</Version>
      <Level>4</Level>
      <Task>7</Task>
      <Opcode>0</Opcode>
      <Keywords>0x8000000000000000</Keywords>
      <TimeCreated SystemTime="2020-10-20T11:50:55.017650500Z" />
      <EventRecordID>694</EventRecordID>
      <Correlation />
      <Execution ProcessID="7212" ThreadID="9748" />
      <Channel>Microsoft-Windows-Sysmon/Operational</Channel>
      <Computer>DESKTOP-NTSSLJD</Computer>
      <Security UserID="S-1-5-18" />
    </System>
    <EventData>
      <Data Name="RuleName">-</Data>
      <Data Name="UtcTime">2020-10-20 11:50:54.989</Data>
      <Data Name="ProcessGuid">{23f38d93-cf1e-5f8e-c908-000000000c00}</Data>
      <Data Name="ProcessId">8264</Data>
      <Data Name="Image">C:\Windows\System32\consent.exe</Data>
      <Data Name="ImageLoaded">C:\Windows\System32\shlwapi.dll</Data>
      <Data Name="FileVersion">10.0.18362.1 (WinBuild.160101.0800)</Data>
      <Data Name="Description">Shell Light-weight Utility Library</Data>
      <Data Name="Product">Microsoft« Windows« Operating System</Data>
      <Data Name="Company">Microsoft Corporation</Data>
      <Data Name="OriginalFileName">SHLWAPI.DLL</Data>
      <Data Name="Hashes">SHA1=9074DF3335B785BB00B43AE76ACC66B799118FAE,MD5=BFB85A9022324E41FCEC5011BCB5FD23,SHA256=3CDA144CFB6278DA47267FE1E1FE258716A074C3D3DD8413B259DA7DA1039871,IMPHASH=6659A49ABF33952444C5A7FA22FD9032</Data>
      <Data Name="Signed">true</Data>
      <Data Name="Signature">Microsoft Windows</Data>
      <Data Name="SignatureStatus">Valid</Data>
    </EventData>
  </Event>
  <Event xmlns="http://schemas.microsoft.com/win/2004/08/events/event">
    <System>
      <Provider Name="Microsoft-Windows-Sysmon" Guid="{5770385f-c22a-43e0-bf4c-06f5698ffbd9}" />
      <EventID>7</EventID>
      <Version>3</Version>
      <Level>4</Level>
      <Task>7</Task>
      <Opcode>0</Opcode>
      <Keywords>0x8000000000000000</Keywords>
      <TimeCreated SystemTime="2020-10-20T11:50:55.017914200Z" />
      <EventRecordID>695</EventRecordID>
      <Correlation />
      <Execution ProcessID="7212" ThreadID="9748" />
      <Channel>Microsoft-Windows-Sysmon/Operational</Channel>
      <Computer>DESKTOP-NTSSLJD</Computer>
      <Security UserID="S-1-5-18" />
    </System>
    <EventData>
      <Data Name="RuleName">-</Data>
      <Data Name="UtcTime">2020-10-20 11:50:54.989</Data>
      <Data Name="ProcessGuid">{23f38d93-cf1e-5f8e-c908-000000000c00}</Data>
      <Data Name="ProcessId">8264</Data>
      <Data Name="Image">C:\Windows\System32\consent.exe</Data>
      <Data Name="ImageLoaded">C:\Windows\System32\kernel.appcore.dll</Data>
      <Data Name="FileVersion">10.0.18362.1110 (WinBuild.160101.0800)</Data>
      <Data Name="Description">AppModel API Host</Data>
      <Data Name="Product">Microsoft« Windows« Operating System</Data>
      <Data Name="Company">Microsoft Corporation</Data>
      <Data Name="OriginalFileName">kernel.appcore.dll</Data>
      <Data Name="Hashes">SHA1=F1D1D942ACBA432D60C139A8AE9644665044BCD6,MD5=5539643D8D55C97FB3A5F7E24C448A3F,SHA256=4FB47D56F0FC6C27FEC884E078A2999F7B2E10994359960CC78182544CA80C36,IMPHASH=639D16ACD736EAE912B88E985A0A7A0F</Data>
      <Data Name="Signed">true</Data>
      <Data Name="Signature">Microsoft Windows</Data>
      <Data Name="SignatureStatus">Valid</Data>
    </EventData>
  </Event>
  <Event xmlns="http://schemas.microsoft.com/win/2004/08/events/event">
    <System>
      <Provider Name="Microsoft-Windows-Sysmon" Guid="{5770385f-c22a-43e0-bf4c-06f5698ffbd9}" />
      <EventID>7</EventID>
      <Version>3</Version>
      <Level>4</Level>
      <Task>7</Task>
      <Opcode>0</Opcode>
      <Keywords>0x8000000000000000</Keywords>
      <TimeCreated SystemTime="2020-10-20T11:50:55.018567500Z" />
      <EventRecordID>696</EventRecordID>
      <Correlation />
      <Execution ProcessID="7212" ThreadID="9748" />
      <Channel>Microsoft-Windows-Sysmon/Operational</Channel>
      <Computer>DESKTOP-NTSSLJD</Computer>
      <Security UserID="S-1-5-18" />
    </System>
    <EventData>
      <Data Name="RuleName">-</Data>
      <Data Name="UtcTime">2020-10-20 11:50:55.004</Data>
      <Data Name="ProcessGuid">{23f38d93-cf1e-5f8e-c908-000000000c00}</Data>
      <Data Name="ProcessId">8264</Data>
      <Data Name="Image">C:\Windows\System32\consent.exe</Data>
      <Data Name="ImageLoaded">C:\Windows\System32\uxtheme.dll</Data>
      <Data Name="FileVersion">10.0.18362.449 (WinBuild.160101.0800)</Data>
      <Data Name="Description">Microsoft UxTheme Library</Data>
      <Data Name="Product">Microsoft« Windows« Operating System</Data>
      <Data Name="Company">Microsoft Corporation</Data>
      <Data Name="OriginalFileName">UxTheme.dll</Data>
      <Data Name="Hashes">SHA1=62956D6FAEB4EC8EA54315A8E3CC15F06165AD57,MD5=3C9D22CAE173AD19806B6A016CD4CC28,SHA256=D95E7D07EA46D7D2AEFA01CD0A64CF266BE26D40FA6BE42F7CF60F6DEB8FBAF3,IMPHASH=64BAD10B75B987F62BF08E1852DE4022</Data>
      <Data Name="Signed">true</Data>
      <Data Name="Signature">Microsoft Windows</Data>
      <Data Name="SignatureStatus">Valid</Data>
    </EventData>
  </Event>
  <Event xmlns="http://schemas.microsoft.com/win/2004/08/events/event">
    <System>
      <Provider Name="Microsoft-Windows-Sysmon" Guid="{5770385f-c22a-43e0-bf4c-06f5698ffbd9}" />
      <EventID>7</EventID>
      <Version>3</Version>
      <Level>4</Level>
      <Task>7</Task>
      <Opcode>0</Opcode>
      <Keywords>0x8000000000000000</Keywords>
      <TimeCreated SystemTime="2020-10-20T11:50:55.023400300Z" />
      <EventRecordID>697</EventRecordID>
      <Correlation />
      <Execution ProcessID="7212" ThreadID="5064" />
      <Channel>Microsoft-Windows-Sysmon/Operational</Channel>
      <Computer>DESKTOP-NTSSLJD</Computer>
      <Security UserID="S-1-5-18" />
    </System>
    <EventData>
      <Data Name="RuleName">-</Data>
      <Data Name="UtcTime">2020-10-20 11:50:54.973</Data>
      <Data Name="ProcessGuid">{23f38d93-cf1e-5f8e-c908-000000000c00}</Data>
      <Data Name="ProcessId">8264</Data>
      <Data Name="Image">C:\Windows\System32\consent.exe</Data>
      <Data Name="ImageLoaded">C:\Windows\System32\wmsgapi.dll</Data>
      <Data Name="FileVersion">10.0.18362.387 (WinBuild.160101.0800)</Data>
      <Data Name="Description">WinLogon IPC Client</Data>
      <Data Name="Product">Microsoft« Windows« Operating System</Data>
      <Data Name="Company">Microsoft Corporation</Data>
      <Data Name="OriginalFileName">WMsgAPI.DLL</Data>
      <Data Name="Hashes">SHA1=E135BA80D5AED38B7C7972ECC06055AC9561BCB8,MD5=B1F2FE40F529972B0A6218F564112357,SHA256=4628290759BE1DA3D3B848691CE2D12F3001D358FBE8908EC8BE1EA4E4875735,IMPHASH=FFBEACFAA4A46F3CE95CD0816F2E20D5</Data>
      <Data Name="Signed">true</Data>
      <Data Name="Signature">Microsoft Windows</Data>
      <Data Name="SignatureStatus">Valid</Data>
    </EventData>
  </Event>
  <Event xmlns="http://schemas.microsoft.com/win/2004/08/events/event">
    <System>
      <Provider Name="Microsoft-Windows-Sysmon" Guid="{5770385f-c22a-43e0-bf4c-06f5698ffbd9}" />
      <EventID>7</EventID>
      <Version>3</Version>
      <Level>4</Level>
      <Task>7</Task>
      <Opcode>0</Opcode>
      <Keywords>0x8000000000000000</Keywords>
      <TimeCreated SystemTime="2020-10-20T11:50:55.034488800Z" />
      <EventRecordID>698</EventRecordID>
      <Correlation />
      <Execution ProcessID="7212" ThreadID="5064" />
      <Channel>Microsoft-Windows-Sysmon/Operational</Channel>
      <Computer>DESKTOP-NTSSLJD</Computer>
      <Security UserID="S-1-5-18" />
    </System>
    <EventData>
      <Data Name="RuleName">-</Data>
      <Data Name="UtcTime">2020-10-20 11:50:54.973</Data>
      <Data Name="ProcessGuid">{23f38d93-cf1e-5f8e-c908-000000000c00}</Data>
      <Data Name="ProcessId">8264</Data>
      <Data Name="Image">C:\Windows\System32\consent.exe</Data>
      <Data Name="ImageLoaded">C:\Windows\System32\MsCtfMonitor.dll</Data>
      <Data Name="FileVersion">10.0.18362.1 (WinBuild.160101.0800)</Data>
      <Data Name="Description">MsCtfMonitor DLL</Data>
      <Data Name="Product">Microsoft« Windows« Operating System</Data>
      <Data Name="Company">Microsoft Corporation</Data>
      <Data Name="OriginalFileName">MsCtfMonitor.DLL</Data>
      <Data Name="Hashes">SHA1=168E6F545D48FC8E28A68C66543DA39E8C115E57,MD5=564E279FE93EB2EDE62271ED7083999A,SHA256=B42C83A3A9D74490B507C50275A146AE99EF87EDC7186574F4FD675782FF172D,IMPHASH=A44C925D6F3EA12E6296FEDCC1BC35D5</Data>
      <Data Name="Signed">true</Data>
      <Data Name="Signature">Microsoft Windows</Data>
      <Data Name="SignatureStatus">Valid</Data>
    </EventData>
  </Event>
  <Event xmlns="http://schemas.microsoft.com/win/2004/08/events/event">
    <System>
      <Provider Name="Microsoft-Windows-Sysmon" Guid="{5770385f-c22a-43e0-bf4c-06f5698ffbd9}" />
      <EventID>7</EventID>
      <Version>3</Version>
      <Level>4</Level>
      <Task>7</Task>
      <Opcode>0</Opcode>
      <Keywords>0x8000000000000000</Keywords>
      <TimeCreated SystemTime="2020-10-20T11:50:55.047091700Z" />
      <EventRecordID>699</EventRecordID>
      <Correlation />
      <Execution ProcessID="7212" ThreadID="5064" />
      <Channel>Microsoft-Windows-Sysmon/Operational</Channel>
      <Computer>DESKTOP-NTSSLJD</Computer>
      <Security UserID="S-1-5-18" />
    </System>
    <EventData>
      <Data Name="RuleName">-</Data>
      <Data Name="UtcTime">2020-10-20 11:50:54.973</Data>
      <Data Name="ProcessGuid">{23f38d93-cf1e-5f8e-c908-000000000c00}</Data>
      <Data Name="ProcessId">8264</Data>
      <Data Name="Image">C:\Windows\System32\consent.exe</Data>
      <Data Name="ImageLoaded">C:\Windows\System32\msimg32.dll</Data>
      <Data Name="FileVersion">10.0.18362.1082 (WinBuild.160101.0800)</Data>
      <Data Name="Description">GDIEXT Client DLL</Data>
      <Data Name="Product">Microsoft« Windows« Operating System</Data>
      <Data Name="Company">Microsoft Corporation</Data>
      <Data Name="OriginalFileName">gdiext</Data>
      <Data Name="Hashes">SHA1=2208CEEFEE5D712E88B15B1442A550B5551AFE76,MD5=819B74D9D5A6E38EFBAF4E792AB862F7,SHA256=61DE5F4FC5EAF5D2EF48E1351D5EBFDA0CADF86F57F9F1445020BBD99649BB21,IMPHASH=B7EF9630C9E2EAA54D80CF5332520503</Data>
      <Data Name="Signed">true</Data>
      <Data Name="Signature">Microsoft Windows</Data>
      <Data Name="SignatureStatus">Valid</Data>
    </EventData>
  </Event>
  <Event xmlns="http://schemas.microsoft.com/win/2004/08/events/event">
    <System>
      <Provider Name="Microsoft-Windows-Sysmon" Guid="{5770385f-c22a-43e0-bf4c-06f5698ffbd9}" />
      <EventID>7</EventID>
      <Version>3</Version>
      <Level>4</Level>
      <Task>7</Task>
      <Opcode>0</Opcode>
      <Keywords>0x8000000000000000</Keywords>
      <TimeCreated SystemTime="2020-10-20T11:50:55.055742800Z" />
      <EventRecordID>700</EventRecordID>
      <Correlation />
      <Execution ProcessID="7212" ThreadID="5064" />
      <Channel>Microsoft-Windows-Sysmon/Operational</Channel>
      <Computer>DESKTOP-NTSSLJD</Computer>
      <Security UserID="S-1-5-18" />
    </System>
    <EventData>
      <Data Name="RuleName">-</Data>
      <Data Name="UtcTime">2020-10-20 11:50:54.989</Data>
      <Data Name="ProcessGuid">{23f38d93-cf1e-5f8e-c908-000000000c00}</Data>
      <Data Name="ProcessId">8264</Data>
      <Data Name="Image">C:\Windows\System32\consent.exe</Data>
      <Data Name="ImageLoaded">C:\Windows\System32\winsta.dll</Data>
      <Data Name="FileVersion">10.0.18362.836 (WinBuild.160101.0800)</Data>
      <Data Name="Description">Winstation Library</Data>
      <Data Name="Product">Microsoft« Windows« Operating System</Data>
      <Data Name="Company">Microsoft Corporation</Data>
      <Data Name="OriginalFileName">winsta.dll</Data>
      <Data Name="Hashes">SHA1=BC666F6AC9985FD99FA974398A63EFDF68E5F766,MD5=7F83AD032FE8C2A85FD1BFC6A2C8ECCA,SHA256=3F597058770B12ABF3697B01237FDB79E7EEAE3A4038E76B7EFCCAADEA633952,IMPHASH=804811DBB54325C74F39C5B286FBDF29</Data>
      <Data Name="Signed">true</Data>
      <Data Name="Signature">Microsoft Windows</Data>
      <Data Name="SignatureStatus">Valid</Data>
    </EventData>
  </Event>
  