<Event xmlns="http://schemas.microsoft.com/win/2004/08/events/event">
    <System>
      <Provider Name="Microsoft-Windows-Sysmon" Guid="{5770385f-c22a-43e0-bf4c-06f5698ffbd9}" />
      <EventID>7</EventID>
      <Version>3</Version>
      <Level>4</Level>
      <Task>7</Task>
      <Opcode>0</Opcode>
      <Keywords>0x8000000000000000</Keywords>
      <TimeCreated SystemTime="2020-10-20T11:51:13.637583800Z" />
      <EventRecordID>1137</EventRecordID>
      <Correlation />
      <Execution ProcessID="7212" ThreadID="9748" />
      <Channel>Microsoft-Windows-Sysmon/Operational</Channel>
      <Computer>DESKTOP-NTSSLJD</Computer>
      <Security UserID="S-1-5-18" />
    </System>
    <EventData>
      <Data Name="RuleName">-</Data>
      <Data Name="UtcTime">2020-10-20 11:51:13.629</Data>
      <Data Name="ProcessGuid">{23f38d93-cf31-5f8e-d208-000000000c00}</Data>
      <Data Name="ProcessId">9600</Data>
      <Data Name="Image">C:\Windows\System32\dllhost.exe</Data>
      <Data Name="ImageLoaded">C:\Windows\System32\gdi32.dll</Data>
      <Data Name="FileVersion">10.0.18362.1 (WinBuild.160101.0800)</Data>
      <Data Name="Description">GDI Client DLL</Data>
      <Data Name="Product">Microsoft« Windows« Operating System</Data>
      <Data Name="Company">Microsoft Corporation</Data>
      <Data Name="OriginalFileName">gdi32</Data>
      <Data Name="Hashes">SHA1=9E91D74D5B9BF64A3D4BE8C5EA3594F5DA2BC299,MD5=2839609118F48DEA292084E43FAA72D8,SHA256=4FC9460147D5A3AA1F9498863CF10BB7BE6099BEF1A3D55503164CA51E36E27E,IMPHASH=C5F30E6A06AB646153863B68366FE58A</Data>
      <Data Name="Signed">true</Data>
      <Data Name="Signature">Microsoft Windows</Data>
      <Data Name="SignatureStatus">Valid</Data>
    </EventData>
  </Event>
  <Event xmlns="http://schemas.microsoft.com/win/2004/08/events/event">
    <System>
      <Provider Name="Microsoft-Windows-Sysmon" Guid="{5770385f-c22a-43e0-bf4c-06f5698ffbd9}" />
      <EventID>7</EventID>
      <Version>3</Version>
      <Level>4</Level>
      <Task>7</Task>
      <Opcode>0</Opcode>
      <Keywords>0x8000000000000000</Keywords>
      <TimeCreated SystemTime="2020-10-20T11:51:13.638290900Z" />
      <EventRecordID>1138</EventRecordID>
      <Correlation />
      <Execution ProcessID="7212" ThreadID="9748" />
      <Channel>Microsoft-Windows-Sysmon/Operational</Channel>
      <Computer>DESKTOP-NTSSLJD</Computer>
      <Security UserID="S-1-5-18" />
    </System>
    <EventData>
      <Data Name="RuleName">-</Data>
      <Data Name="UtcTime">2020-10-20 11:51:13.629</Data>
      <Data Name="ProcessGuid">{23f38d93-cf31-5f8e-d208-000000000c00}</Data>
      <Data Name="ProcessId">9600</Data>
      <Data Name="Image">C:\Windows\System32\dllhost.exe</Data>
      <Data Name="ImageLoaded">C:\Windows\System32\gdi32full.dll</Data>
      <Data Name="FileVersion">10.0.18362.1139 (WinBuild.160101.0800)</Data>
      <Data Name="Description">GDI Client DLL</Data>
      <Data Name="Product">Microsoft« Windows« Operating System</Data>
      <Data Name="Company">Microsoft Corporation</Data>
      <Data Name="OriginalFileName">gdi32</Data>
      <Data Name="Hashes">SHA1=F9E2F12438029B6CC54E25DC77E0CDAF4E2F60E6,MD5=EF7E6E4AA8B9EB0B9C2915F6C8F0C71A,SHA256=0428CCE46E90E781510B784E97DC514D4F0564B31591526CDABD40654D4A8F79,IMPHASH=4D32F6E2211CD04CA28C2CD4FAC607E8</Data>
      <Data Name="Signed">true</Data>
      <Data Name="Signature">Microsoft Windows</Data>
      <Data Name="SignatureStatus">Valid</Data>
    </EventData>
  </Event>
  <Event xmlns="http://schemas.microsoft.com/win/2004/08/events/event">
    <System>
      <Provider Name="Microsoft-Windows-Sysmon" Guid="{5770385f-c22a-43e0-bf4c-06f5698ffbd9}" />
      <EventID>7</EventID>
      <Version>3</Version>
      <Level>4</Level>
      <Task>7</Task>
      <Opcode>0</Opcode>
      <Keywords>0x8000000000000000</Keywords>
      <TimeCreated SystemTime="2020-10-20T11:51:13.638577100Z" />
      <EventRecordID>1139</EventRecordID>
      <Correlation />
      <Execution ProcessID="7212" ThreadID="9748" />
      <Channel>Microsoft-Windows-Sysmon/Operational</Channel>
      <Computer>DESKTOP-NTSSLJD</Computer>
      <Security UserID="S-1-5-18" />
    </System>
    <EventData>
      <Data Name="RuleName">-</Data>
      <Data Name="UtcTime">2020-10-20 11:51:13.629</Data>
      <Data Name="ProcessGuid">{23f38d93-cf31-5f8e-d208-000000000c00}</Data>
      <Data Name="ProcessId">9600</Data>
      <Data Name="Image">C:\Windows\System32\dllhost.exe</Data>
      <Data Name="ImageLoaded">C:\Windows\System32\msvcp_win.dll</Data>
      <Data Name="FileVersion">10.0.18362.1110 (WinBuild.160101.0800)</Data>
      <Data Name="Description">Microsoft« C Runtime Library</Data>
      <Data Name="Product">Microsoft« Windows« Operating System</Data>
      <Data Name="Company">Microsoft Corporation</Data>
      <Data Name="OriginalFileName">msvcp_win.dll</Data>
      <Data Name="Hashes">SHA1=56A126B33C43CE80C5DA3319FA4FBE28F617599C,MD5=94027F5AE9D6FC3B0917C1B5BCD2D88E,SHA256=2FC246F193104FB36285360E9FB14CE10B04EDB50D9D5ECFD9FDA1F010BFCDB9,IMPHASH=7F555C87AEA488E97B6067A0419ED3B4</Data>
      <Data Name="Signed">true</Data>
      <Data Name="Signature">Microsoft Windows</Data>
      <Data Name="SignatureStatus">Valid</Data>
    </EventData>
  </Event>
  <Event xmlns="http://schemas.microsoft.com/win/2004/08/events/event">
    <System>
      <Provider Name="Microsoft-Windows-Sysmon" Guid="{5770385f-c22a-43e0-bf4c-06f5698ffbd9}" />
      <EventID>7</EventID>
      <Version>3</Version>
      <Level>4</Level>
      <Task>7</Task>
      <Opcode>0</Opcode>
      <Keywords>0x8000000000000000</Keywords>
      <TimeCreated SystemTime="2020-10-20T11:51:13.640437300Z" />
      <EventRecordID>1140</EventRecordID>
      <Correlation />
      <Execution ProcessID="7212" ThreadID="9748" />
      <Channel>Microsoft-Windows-Sysmon/Operational</Channel>
      <Computer>DESKTOP-NTSSLJD</Computer>
      <Security UserID="S-1-5-18" />
    </System>
    <EventData>
      <Data Name="RuleName">-</Data>
      <Data Name="UtcTime">2020-10-20 11:51:13.629</Data>
      <Data Name="ProcessGuid">{23f38d93-cf31-5f8e-d208-000000000c00}</Data>
      <Data Name="ProcessId">9600</Data>
      <Data Name="Image">C:\Windows\System32\dllhost.exe</Data>
      <Data Name="ImageLoaded">C:\Windows\System32\imm32.dll</Data>
      <Data Name="FileVersion">10.0.18362.387 (WinBuild.160101.0800)</Data>
      <Data Name="Description">Multi-User Windows IMM32 API Client DLL</Data>
      <Data Name="Product">Microsoft« Windows« Operating System</Data>
      <Data Name="Company">Microsoft Corporation</Data>
      <Data Name="OriginalFileName">imm32</Data>
      <Data Name="Hashes">SHA1=76BB2AB8D3CB6DB6D23F4771334C9AA9C231B03A,MD5=025CC332EDC4B1A38290F3E36BCEF4FB,SHA256=0FE3C1C575EA1B0257B2EB12527EC35E3004CD88EA5BAEC7095386A9F9EB70AD,IMPHASH=24F54B6761C10BA12481CF6C780605BF</Data>
      <Data Name="Signed">true</Data>
      <Data Name="Signature">Microsoft Windows</Data>
      <Data Name="SignatureStatus">Valid</Data>
    </EventData>
  </Event>
  <Event xmlns="http://schemas.microsoft.com/win/2004/08/events/event">
    <System>
      <Provider Name="Microsoft-Windows-Sysmon" Guid="{5770385f-c22a-43e0-bf4c-06f5698ffbd9}" />
      <EventID>7</EventID>
      <Version>3</Version>
      <Level>4</Level>
      <Task>7</Task>
      <Opcode>0</Opcode>
      <Keywords>0x8000000000000000</Keywords>
      <TimeCreated SystemTime="2020-10-20T11:51:13.642706700Z" />
      <EventRecordID>1141</EventRecordID>
      <Correlation />
      <Execution ProcessID="7212" ThreadID="9748" />
      <Channel>Microsoft-Windows-Sysmon/Operational</Channel>
      <Computer>DESKTOP-NTSSLJD</Computer>
      <Security UserID="S-1-5-18" />
    </System>
    <EventData>
      <Data Name="RuleName">-</Data>
      <Data Name="UtcTime">2020-10-20 11:51:13.629</Data>
      <Data Name="ProcessGuid">{23f38d93-cf31-5f8e-d208-000000000c00}</Data>
      <Data Name="ProcessId">9600</Data>
      <Data Name="Image">C:\Windows\System32\dllhost.exe</Data>
      <Data Name="ImageLoaded">C:\Windows\System32\uxtheme.dll</Data>
      <Data Name="FileVersion">10.0.18362.449 (WinBuild.160101.0800)</Data>
      <Data Name="Description">Microsoft UxTheme Library</Data>
      <Data Name="Product">Microsoft« Windows« Operating System</Data>
      <Data Name="Company">Microsoft Corporation</Data>
      <Data Name="OriginalFileName">UxTheme.dll</Data>
      <Data Name="Hashes">SHA1=62956D6FAEB4EC8EA54315A8E3CC15F06165AD57,MD5=3C9D22CAE173AD19806B6A016CD4CC28,SHA256=D95E7D07EA46D7D2AEFA01CD0A64CF266BE26D40FA6BE42F7CF60F6DEB8FBAF3,IMPHASH=64BAD10B75B987F62BF08E1852DE4022</Data>
      <Data Name="Signed">true</Data>
      <Data Name="Signature">Microsoft Windows</Data>
      <Data Name="SignatureStatus">Valid</Data>
    </EventData>
  </Event>
  <Event xmlns="http://schemas.microsoft.com/win/2004/08/events/event">
    <System>
      <Provider Name="Microsoft-Windows-Sysmon" Guid="{5770385f-c22a-43e0-bf4c-06f5698ffbd9}" />
      <EventID>7</EventID>
      <Version>3</Version>
      <Level>4</Level>
      <Task>7</Task>
      <Opcode>0</Opcode>
      <Keywords>0x8000000000000000</Keywords>
      <TimeCreated SystemTime="2020-10-20T11:51:13.646177000Z" />
      <EventRecordID>1142</EventRecordID>
      <Correlation />
      <Execution ProcessID="7212" ThreadID="9748" />
      <Channel>Microsoft-Windows-Sysmon/Operational</Channel>
      <Computer>DESKTOP-NTSSLJD</Computer>
      <Security UserID="S-1-5-18" />
    </System>
    <EventData>
      <Data Name="RuleName">-</Data>
      <Data Name="UtcTime">2020-10-20 11:51:13.645</Data>
      <Data Name="ProcessGuid">{23f38d93-cf31-5f8e-d208-000000000c00}</Data>
      <Data Name="ProcessId">9600</Data>
      <Data Name="Image">C:\Windows\System32\dllhost.exe</Data>
      <Data Name="ImageLoaded">C:\Windows\System32\thumbcache.dll</Data>
      <Data Name="FileVersion">10.0.18362.1049 (WinBuild.160101.0800)</Data>
      <Data Name="Description">Microsoft Thumbnail Cache</Data>
      <Data Name="Product">Microsoft« Windows« Operating System</Data>
      <Data Name="Company">Microsoft Corporation</Data>
      <Data Name="OriginalFileName">thumbcache.dll</Data>
      <Data Name="Hashes">SHA1=0E82209655AB0633221AFE108E0320515E502681,MD5=CF31BAFC0C1342A94F00BC58B604CEB8,SHA256=AECD0F624F27BB2C2C1F1A278177E3E7D7EEF51D345BA597DE3367A981474C79,IMPHASH=82A0033E34D97FB7F7F4716F824906B5</Data>
      <Data Name="Signed">true</Data>
      <Data Name="Signature">Microsoft Windows</Data>
      <Data Name="SignatureStatus">Valid</Data>
    </EventData>
  </Event>
  <Event xmlns="http://schemas.microsoft.com/win/2004/08/events/event">
    <System>
      <Provider Name="Microsoft-Windows-Sysmon" Guid="{5770385f-c22a-43e0-bf4c-06f5698ffbd9}" />
      <EventID>7</EventID>
      <Version>3</Version>
      <Level>4</Level>
      <Task>7</Task>
      <Opcode>0</Opcode>
      <Keywords>0x8000000000000000</Keywords>
      <TimeCreated SystemTime="2020-10-20T11:51:13.646481400Z" />
      <EventRecordID>1143</EventRecordID>
      <Correlation />
      <Execution ProcessID="7212" ThreadID="9748" />
      <Channel>Microsoft-Windows-Sysmon/Operational</Channel>
      <Computer>DESKTOP-NTSSLJD</Computer>
      <Security UserID="S-1-5-18" />
    </System>
    <EventData>
      <Data Name="RuleName">-</Data>
      <Data Name="UtcTime">2020-10-20 11:51:13.645</Data>
      <Data Name="ProcessGuid">{23f38d93-cf31-5f8e-d208-000000000c00}</Data>
      <Data Name="ProcessId">9600</Data>
      <Data Name="Image">C:\Windows\System32\dllhost.exe</Data>
      <Data Name="ImageLoaded">C:\Windows\System32\SHCore.dll</Data>
      <Data Name="FileVersion">10.0.18362.959 (WinBuild.160101.0800)</Data>
      <Data Name="Description">SHCORE</Data>
      <Data Name="Product">Microsoft« Windows« Operating System</Data>
      <Data Name="Company">Microsoft Corporation</Data>
      <Data Name="OriginalFileName">SHCORE.dll</Data>
      <Data Name="Hashes">SHA1=75C9F506592699E30D8ECA63F88C79E956324111,MD5=6ACBCCE095FDB475FC2B3D178E5D9208,SHA256=3F49AB1B04EE3D843E961A1B62CB695EE3FE940EE287819BBBABCC1C3A38F507,IMPHASH=0E48D88DA5B1AEFE29036ECDE5B34E8D</Data>
      <Data Name="Signed">true</Data>
      <Data Name="Signature">Microsoft Windows</Data>
      <Data Name="SignatureStatus">Valid</Data>
    </EventData>
  </Event>
  <Event xmlns="http://schemas.microsoft.com/win/2004/08/events/event">
    <System>
      <Provider Name="Microsoft-Windows-Sysmon" Guid="{5770385f-c22a-43e0-bf4c-06f5698ffbd9}" />
      <EventID>7</EventID>
      <Version>3</Version>
      <Level>4</Level>
      <Task>7</Task>
      <Opcode>0</Opcode>
      <Keywords>0x8000000000000000</Keywords>
      <TimeCreated SystemTime="2020-10-20T11:51:13.647727900Z" />
      <EventRecordID>1144</EventRecordID>
      <Correlation />
      <Execution ProcessID="7212" ThreadID="9748" />
      <Channel>Microsoft-Windows-Sysmon/Operational</Channel>
      <Computer>DESKTOP-NTSSLJD</Computer>
      <Security UserID="S-1-5-18" />
    </System>
    <EventData>
      <Data Name="RuleName">-</Data>
      <Data Name="UtcTime">2020-10-20 11:51:13.645</Data>
      <Data Name="ProcessGuid">{23f38d93-cf31-5f8e-d208-000000000c00}</Data>
      <Data Name="ProcessId">9600</Data>
      <Data Name="Image">C:\Windows\System32\dllhost.exe</Data>
      <Data Name="ImageLoaded">C:\Windows\System32\propsys.dll</Data>
      <Data Name="FileVersion">7.0.18362.815 (WinBuild.160101.0800)</Data>
      <Data Name="Description">Microsoft Property System</Data>
      <Data Name="Product">Windows« Search</Data>
      <Data Name="Company">Microsoft Corporation</Data>
      <Data Name="OriginalFileName">propsys.dll</Data>
      <Data Name="Hashes">SHA1=9CC7754BDE825122FB0D3DF16579BD7CC2884B8B,MD5=B6D1AA0F21AC82024879E4EE96B50B56,SHA256=AF6B7199AAB64EBDADDA63B8662878A076A343955B1CF5E9F48C98114EF52BBE,IMPHASH=0D1929519D5C1A55D02774067E6F2181</Data>
      <Data Name="Signed">true</Data>
      <Data Name="Signature">Microsoft Windows</Data>
      <Data Name="SignatureStatus">Valid</Data>
    </EventData>
  </Event>
  <Event xmlns="http://schemas.microsoft.com/win/2004/08/events/event">
    <System>
      <Provider Name="Microsoft-Windows-Sysmon" Guid="{5770385f-c22a-43e0-bf4c-06f5698ffbd9}" />
      <EventID>7</EventID>
      <Version>3</Version>
      <Level>4</Level>
      <Task>7</Task>
      <Opcode>0</Opcode>
      <Keywords>0x8000000000000000</Keywords>
      <TimeCreated SystemTime="2020-10-20T11:51:13.648019600Z" />
      <EventRecordID>1145</EventRecordID>
      <Correlation />
      <Execution ProcessID="7212" ThreadID="9748" />
      <Channel>Microsoft-Windows-Sysmon/Operational</Channel>
      <Computer>DESKTOP-NTSSLJD</Computer>
      <Security UserID="S-1-5-18" />
    </System>
    <EventData>
      <Data Name="RuleName">-</Data>
      <Data Name="UtcTime">2020-10-20 11:51:13.645</Data>
      <Data Name="ProcessGuid">{23f38d93-cf31-5f8e-d208-000000000c00}</Data>
      <Data Name="ProcessId">9600</Data>
      <Data Name="Image">C:\Windows\System32\dllhost.exe</Data>
      <Data Name="ImageLoaded">C:\Windows\System32\oleaut32.dll</Data>
      <Data Name="FileVersion">10.0.18362.1110 (WinBuild.160101.0800)</Data>
      <Data Name="Description">OLEAUT32.DLL</Data>
      <Data Name="Product">Microsoft« Windows« Operating System</Data>
      <Data Name="Company">Microsoft Corporation</Data>
      <Data Name="OriginalFileName">OLEAUT32.DLL</Data>
      <Data Name="Hashes">SHA1=35C3365E5F385CB7025DC51D1359BC92CEACB8F4,MD5=81CC27927690AC3A552D92269CBA4899,SHA256=49C1A7FFB5DC382E35F19C1771A0B43120BBB4159EE5BFE23E0410A76A36D68A,IMPHASH=F010E2DB51A2E86CCF6052A1ACC0854F</Data>
      <Data Name="Signed">true</Data>
      <Data Name="Signature">Microsoft Windows</Data>
      <Data Name="SignatureStatus">Valid</Data>
    </EventData>
  </Event>
  <Event xmlns="http://schemas.microsoft.com/win/2004/08/events/event">
    <System>
      <Provider Name="Microsoft-Windows-Sysmon" Guid="{5770385f-c22a-43e0-bf4c-06f5698ffbd9}" />
      <EventID>7</EventID>
      <Version>3</Version>
      <Level>4</Level>
      <Task>7</Task>
      <Opcode>0</Opcode>
      <Keywords>0x8000000000000000</Keywords>
      <TimeCreated SystemTime="2020-10-20T11:51:13.679173700Z" />
      <EventRecordID>1146</EventRecordID>
      <Correlation />
      <Execution ProcessID="7212" ThreadID="5064" />
      <Channel>Microsoft-Windows-Sysmon/Operational</Channel>
      <Computer>DESKTOP-NTSSLJD</Computer>
      <Security UserID="S-1-5-18" />
    </System>
    <EventData>
      <Data Name="RuleName">-</Data>
      <Data Name="UtcTime">2020-10-20 11:51:13.645</Data>
      <Data Name="ProcessGuid">{23f38d93-ceb4-5f8e-9f08-000000000c00}</Data>
      <Data Name="ProcessId">9392</Data>
      <Data Name="Image">C:\Windows\System32\mmc.exe</Data>
      <Data Name="ImageLoaded">C:\Windows\System32\PhotoMetadataHandler.dll</Data>
      <Data Name="FileVersion">10.0.18362.1 (WinBuild.160101.0800)</Data>
      <Data Name="Description">Photo Metadata Handler</Data>
      <Data Name="Product">Microsoft« Windows« Operating System</Data>
      <Data Name="Company">Microsoft Corporation</Data>
      <Data Name="OriginalFileName">PhotoMetadataHandler.dll</Data>
      <Data Name="Hashes">SHA1=264A91D759AC6C746634C4889746354252E480D5,MD5=3462C734AAE98242BC0B10C215DA3ABB,SHA256=8A110245D661D520DA03DFE9D91227F12793AEEBF3E5867B2734DAAD376A1E1D,IMPHASH=B4854DC389045B01B788BE1DA5FB3D77</Data>
      <Data Name="Signed">true</Data>
      <Data Name="Signature">Microsoft Windows</Data>
      <Data Name="SignatureStatus">Valid</Data>
    </EventData>
  </Event>
  <Event xmlns="http://schemas.microsoft.com/win/2004/08/events/event">
    <System>
      <Provider Name="Microsoft-Windows-Sysmon" Guid="{5770385f-c22a-43e0-bf4c-06f5698ffbd9}" />
      <EventID>7</EventID>
      <Version>3</Version>
      <Level>4</Level>
      <Task>7</Task>
      <Opcode>0</Opcode>
      <Keywords>0x8000000000000000</Keywords>
      <TimeCreated SystemTime="2020-10-20T11:51:16.844942200Z" />
      <EventRecordID>1147</EventRecordID>
      <Correlation />
      <Execution ProcessID="7212" ThreadID="5064" />
      <Channel>Microsoft-Windows-Sysmon/Operational</Channel>
      <Computer>DESKTOP-NTSSLJD</Computer>
      <Security UserID="S-1-5-18" />
    </System>
    <EventData>
      <Data Name="RuleName">-</Data>
      <Data Name="UtcTime">2020-10-20 11:51:16.832</Data>
      <Data Name="ProcessGuid">{23f38d93-ceb4-5f8e-9f08-000000000c00}</Data>
      <Data Name="ProcessId">9392</Data>
      <Data Name="Image">C:\Windows\System32\mmc.exe</Data>
      <Data Name="ImageLoaded">C:\Windows\System32\winmm.dll</Data>
      <Data Name="FileVersion">10.0.18362.1 (WinBuild.160101.0800)</Data>
      <Data Name="Description">MCI API DLL</Data>
      <Data Name="Product">Microsoft« Windows« Operating System</Data>
      <Data Name="Company">Microsoft Corporation</Data>
      <Data Name="OriginalFileName">WINMM.DLL</Data>
      <Data Name="Hashes">SHA1=67E25361DCE72026B1472607EC389040DBAF5E94,MD5=965EB822D0EF8FDA78CCB1F41DEF093D,SHA256=AD43D686930EAE0F57A55EE75D10BD1882747089A291371FFE1E131EB5F76938,IMPHASH=6D0CF242319887A443589CFA0A273333</Data>
      <Data Name="Signed">true</Data>
      <Data Name="Signature">Microsoft Windows</Data>
      <Data Name="SignatureStatus">Valid</Data>
    </EventData>
  </Event>
  <Event xmlns="http://schemas.microsoft.com/win/2004/08/events/event">
    <System>
      <Provider Name="Microsoft-Windows-Sysmon" Guid="{5770385f-c22a-43e0-bf4c-06f5698ffbd9}" />
      <EventID>7</EventID>
      <Version>3</Version>
      <Level>4</Level>
      <Task>7</Task>
      <Opcode>0</Opcode>
      <Keywords>0x8000000000000000</Keywords>
      <TimeCreated SystemTime="2020-10-20T11:51:16.851991600Z" />
      <EventRecordID>1148</EventRecordID>
      <Correlation />
      <Execution ProcessID="7212" ThreadID="5064" />
      <Channel>Microsoft-Windows-Sysmon/Operational</Channel>
      <Computer>DESKTOP-NTSSLJD</Computer>
      <Security UserID="S-1-5-18" />
    </System>
    <EventData>
      <Data Name="RuleName">-</Data>
      <Data Name="UtcTime">2020-10-20 11:51:16.832</Data>
      <Data Name="ProcessGuid">{23f38d93-ceb4-5f8e-9f08-000000000c00}</Data>
      <Data Name="ProcessId">9392</Data>
      <Data Name="Image">C:\Windows\System32\mmc.exe</Data>
      <Data Name="ImageLoaded">C:\Windows\System32\winmmbase.dll</Data>
      <Data Name="FileVersion">10.0.18362.1 (WinBuild.160101.0800)</Data>
      <Data Name="Description">Base Multimedia Extension API DLL</Data>
      <Data Name="Product">Microsoft« Windows« Operating System</Data>
      <Data Name="Company">Microsoft Corporation</Data>
      <Data Name="OriginalFileName">WINMMbase.DLL</Data>
      <Data Name="Hashes">SHA1=81690A25EE76DEFF1E56232F489087B9BD7679C6,MD5=E6450257BA3DF5161684E4C73EBB8F92,SHA256=948F13FE144CD80F93565DED2AC2E96D000869BB2761538996D28942495CB1D7,IMPHASH=573B9CF443320F1F8CA53DB3905ECF4C</Data>
      <Data Name="Signed">true</Data>
      <Data Name="Signature">Microsoft Windows</Data>
      <Data Name="SignatureStatus">Valid</Data>
    </EventData>
  </Event>
  <Event xmlns="http://schemas.microsoft.com/win/2004/08/events/event">
    <System>
      <Provider Name="Microsoft-Windows-Sysmon" Guid="{5770385f-c22a-43e0-bf4c-06f5698ffbd9}" />
      <EventID>7</EventID>
      <Version>3</Version>
      <Level>4</Level>
      <Task>7</Task>
      <Opcode>0</Opcode>
      <Keywords>0x8000000000000000</Keywords>
      <TimeCreated SystemTime="2020-10-20T11:51:16.852472000Z" />
      <EventRecordID>1149</EventRecordID>
      <Correlation />
      <Execution ProcessID="7212" ThreadID="5064" />
      <Channel>Microsoft-Windows-Sysmon/Operational</Channel>
      <Computer>DESKTOP-NTSSLJD</Computer>
      <Security UserID="S-1-5-18" />
    </System>
    <EventData>
      <Data Name="RuleName">-</Data>
      <Data Name="UtcTime">2020-10-20 11:51:16.832</Data>
      <Data Name="ProcessGuid">{23f38d93-ceb4-5f8e-9f08-000000000c00}</Data>
      <Data Name="ProcessId">9392</Data>
      <Data Name="Image">C:\Windows\System32\mmc.exe</Data>
      <Data Name="ImageLoaded">C:\Windows\System32\winmmbase.dll</Data>
      <Data Name="FileVersion">10.0.18362.1 (WinBuild.160101.0800)</Data>
      <Data Name="Description">Base Multimedia Extension API DLL</Data>
      <Data Name="Product">Microsoft« Windows« Operating System</Data>
      <Data Name="Company">Microsoft Corporation</Data>
      <Data Name="OriginalFileName">WINMMbase.DLL</Data>
      <Data Name="Hashes">SHA1=81690A25EE76DEFF1E56232F489087B9BD7679C6,MD5=E6450257BA3DF5161684E4C73EBB8F92,SHA256=948F13FE144CD80F93565DED2AC2E96D000869BB2761538996D28942495CB1D7,IMPHASH=573B9CF443320F1F8CA53DB3905ECF4C</Data>
      <Data Name="Signed">true</Data>
      <Data Name="Signature">Microsoft Windows</Data>
      <Data Name="SignatureStatus">Valid</Data>
    </EventData>
  </Event>
  <Event xmlns="http://schemas.microsoft.com/win/2004/08/events/event">
    <System>
      <Provider Name="Microsoft-Windows-Sysmon" Guid="{5770385f-c22a-43e0-bf4c-06f5698ffbd9}" />
      <EventID>7</EventID>
      <Version>3</Version>
      <Level>4</Level>
      <Task>7</Task>
      <Opcode>0</Opcode>
      <Keywords>0x8000000000000000</Keywords>
      <TimeCreated SystemTime="2020-10-20T11:51:19.470522600Z" />
      <EventRecordID>1150</EventRecordID>
      <Correlation />
      <Execution ProcessID="7212" ThreadID="5064" />
      <Channel>Microsoft-Windows-Sysmon/Operational</Channel>
      <Computer>DESKTOP-NTSSLJD</Computer>
      <Security UserID="S-1-5-18" />
    </System>
    <EventData>
      <Data Name="RuleName">-</Data>
      <Data Name="UtcTime">2020-10-20 11:51:19.439</Data>
      <Data Name="ProcessGuid">{23f38d93-ae9d-5f8e-9501-000000000c00}</Data>
      <Data Name="ProcessId">5420</Data>
      <Data Name="Image">C:\Windows\explorer.exe</Data>
      <Data Name="ImageLoaded">C:\Windows\System32\Windows.System.Launcher.dll</Data>
      <Data Name="FileVersion">10.0.18362.959 (WinBuild.160101.0800)</Data>
      <Data Name="Description">Windows.System.Launcher</Data>
      <Data Name="Product">Microsoft« Windows« Operating System</Data>
      <Data Name="Company">Microsoft Corporation</Data>
      <Data Name="OriginalFileName">Windows.System.Launcher.dll</Data>
      <Data Name="Hashes">SHA1=DF7ABA8C9426332688DF3884CB9811FC40FECA78,MD5=D92F0AD63E9193733273CD01065E3A6D,SHA256=BCA9D05FB4BD544AD33B6EA4506A6C7E80FB892C52557E464BC09A92AF75C0E5,IMPHASH=DDC12AE08B9EC80BE7CBECCDAF370F32</Data>
      <Data Name="Signed">true</Data>
      <Data Name="Signature">Microsoft Windows</Data>
      <Data Name="SignatureStatus">Valid</Data>
    </EventData>
  </Event>
</root>