<root>
  <Event xmlns="http://schemas.microsoft.com/win/2004/08/events/event">
    <System>
      <Provider Name="Microsoft-Windows-Sysmon" Guid="{5770385f-c22a-43e0-bf4c-06f5698ffbd9}" />
      <EventID>7</EventID>
      <Version>3</Version>
      <Level>4</Level>
      <Task>7</Task>
      <Opcode>0</Opcode>
      <Keywords>0x8000000000000000</Keywords>
      <TimeCreated SystemTime="2020-10-20T11:50:51.804638300Z" />
      <EventRecordID>621</EventRecordID>
      <Correlation />
      <Execution ProcessID="7212" ThreadID="5064" />
      <Channel>Microsoft-Windows-Sysmon/Operational</Channel>
      <Computer>DESKTOP-NTSSLJD</Computer>
      <Security UserID="S-1-5-18" />
    </System>
    <EventData>
      <Data Name="RuleName">-</Data>
      <Data Name="UtcTime">2020-10-20 11:50:51.739</Data>
      <Data Name="ProcessGuid">{23f38d93-ceb4-5f8e-9f08-000000000c00}</Data>
      <Data Name="ProcessId">9392</Data>
      <Data Name="Image">C:\Windows\System32\mmc.exe</Data>
      <Data Name="ImageLoaded">C:\Windows\System32\UIAutomationCore.dll</Data>
      <Data Name="FileVersion">7.2.18362.997 (WinBuild.160101.0800)</Data>
      <Data Name="Description">Microsoft UI Automation Core</Data>
      <Data Name="Product">Microsoft« Windows« Operating System</Data>
      <Data Name="Company">Microsoft Corporation</Data>
      <Data Name="OriginalFileName">UIAutomationCore.dll</Data>
      <Data Name="Hashes">SHA1=C1B5762E8C59D2912AB408CA14875583EF5A66C9,MD5=C402A9717DF55C1B74864C1DB2E5A0E1,SHA256=C16AC8542EE2B34D7248DFDC1C877ACF222FEDC8FB1418B8BB12905EFBDCBC2B,IMPHASH=E380F823A2FDF736666DA9E6AA697BA6</Data>
      <Data Name="Signed">true</Data>
      <Data Name="Signature">Microsoft Windows</Data>
      <Data Name="SignatureStatus">Valid</Data>
    </EventData>
  </Event>
  <Event xmlns="http://schemas.microsoft.com/win/2004/08/events/event">
    <System>
      <Provider Name="Microsoft-Windows-Sysmon" Guid="{5770385f-c22a-43e0-bf4c-06f5698ffbd9}" />
      <EventID>1</EventID>
      <Version>5</Version>
      <Level>4</Level>
      <Task>1</Task>
      <Opcode>0</Opcode>
      <Keywords>0x8000000000000000</Keywords>
      <TimeCreated SystemTime="2020-10-20T11:50:54.810152000Z" />
      <EventRecordID>622</EventRecordID>
      <Correlation />
      <Execution ProcessID="7212" ThreadID="9748" />
      <Channel>Microsoft-Windows-Sysmon/Operational</Channel>
      <Computer>DESKTOP-NTSSLJD</Computer>
      <Security UserID="S-1-5-18" />
    </System>
    <EventData>
      <Data Name="RuleName">technique_id=T1059.001,technique_name=PowerShell</Data>
      <Data Name="UtcTime">2020-10-20 11:50:54.800</Data>
      <Data Name="ProcessGuid">{23f38d93-cf1e-5f8e-c808-000000000c00}</Data>
      <Data Name="ProcessId">8712</Data>
      <Data Name="Image">C:\Users\den\Source\Repos\UACME\Source\Akagi\output\x64\Release\Akagi64.exe</Data>
      <Data Name="FileVersion">3.5.1.2010</Data>
      <Data Name="Description">Pentesting utility</Data>
      <Data Name="Product">UACMe</Data>
      <Data Name="Company">Integrity Investment LLC</Data>
      <Data Name="OriginalFileName">Akagi.exe</Data>
      <Data Name="CommandLine">"C:\Users\den\Source\Repos\UACME\Source\Akagi\output\x64\Release\Akagi64.exe" 64</Data>
      <Data Name="CurrentDirectory">C:\Users\den\Source\Repos\UACME\Source\Akagi\output\x64\Release\</Data>
      <Data Name="User">DESKTOP-NTSSLJD\den</Data>
      <Data Name="LogonGuid">{23f38d93-ae9b-5f8e-8ced-170000000000}</Data>
      <Data Name="LogonId">0x17ed8c</Data>
      <Data Name="TerminalSessionId">2</Data>
      <Data Name="IntegrityLevel">Medium</Data>
      <Data Name="Hashes">SHA1=4DFA874CE545B22B3AAFF93BD143C6E463996698,MD5=661D7257C25198B973361117467616BE,SHA256=870691CFC9C98866B2AF2E7E48ED5FD5F1D14CFE0E3E9C630BC472FC0A013D0B,IMPHASH=F31CA5C7DD56008F53D4F3926CF37891</Data>
      <Data Name="ParentProcessGuid">{23f38d93-af70-5f8e-1e02-000000000c00}</Data>
      <Data Name="ParentProcessId">5592</Data>
      <Data Name="ParentImage">C:\Windows\System32\WindowsPowerShell\v1.0\powershell.exe</Data>
      <Data Name="ParentCommandLine">"C:\Windows\System32\WindowsPowerShell\v1.0\powershell.exe" </Data>
    </EventData>
  </Event>
  <Event xmlns="http://schemas.microsoft.com/win/2004/08/events/event">
    <System>
      <Provider Name="Microsoft-Windows-Sysmon" Guid="{5770385f-c22a-43e0-bf4c-06f5698ffbd9}" />
      <EventID>7</EventID>
      <Version>3</Version>
      <Level>4</Level>
      <Task>7</Task>
      <Opcode>0</Opcode>
      <Keywords>0x8000000000000000</Keywords>
      <TimeCreated SystemTime="2020-10-20T11:50:54.811212300Z" />
      <EventRecordID>623</EventRecordID>
      <Correlation />
      <Execution ProcessID="7212" ThreadID="9748" />
      <Channel>Microsoft-Windows-Sysmon/Operational</Channel>
      <Computer>DESKTOP-NTSSLJD</Computer>
      <Security UserID="S-1-5-18" />
    </System>
    <EventData>
      <Data Name="RuleName">-</Data>
      <Data Name="UtcTime">2020-10-20 11:50:54.801</Data>
      <Data Name="ProcessGuid">{23f38d93-cf1e-5f8e-c808-000000000c00}</Data>
      <Data Name="ProcessId">8712</Data>
      <Data Name="Image">C:\Users\den\Source\Repos\UACME\Source\Akagi\output\x64\Release\Akagi64.exe</Data>
      <Data Name="ImageLoaded">C:\Windows\System32\ntdll.dll</Data>
      <Data Name="FileVersion">10.0.18362.1139 (WinBuild.160101.0800)</Data>
      <Data Name="Description">NT Layer DLL</Data>
      <Data Name="Product">Microsoft« Windows« Operating System</Data>
      <Data Name="Company">Microsoft Corporation</Data>
      <Data Name="OriginalFileName">ntdll.dll</Data>
      <Data Name="Hashes">SHA1=2006BDF15EAED226CE4FDB5337F7C121C311A0AE,MD5=3051E3AB25FBF0401FCA1A4CF63B2507,SHA256=B9FE6B85C174DB6BCAF0DA9961B9247FC79F0757DB3401AA3184E80BE339CB75,IMPHASH=00000000000000000000000000000000</Data>
      <Data Name="Signed">true</Data>
      <Data Name="Signature">Microsoft Windows</Data>
      <Data Name="SignatureStatus">Valid</Data>
    </EventData>
  </Event>
  <Event xmlns="http://schemas.microsoft.com/win/2004/08/events/event">
    <System>
      <Provider Name="Microsoft-Windows-Sysmon" Guid="{5770385f-c22a-43e0-bf4c-06f5698ffbd9}" />
      <EventID>7</EventID>
      <Version>3</Version>
      <Level>4</Level>
      <Task>7</Task>
      <Opcode>0</Opcode>
      <Keywords>0x8000000000000000</Keywords>
      <TimeCreated SystemTime="2020-10-20T11:50:54.811854900Z" />
      <EventRecordID>624</EventRecordID>
      <Correlation />
      <Execution ProcessID="7212" ThreadID="9748" />
      <Channel>Microsoft-Windows-Sysmon/Operational</Channel>
      <Computer>DESKTOP-NTSSLJD</Computer>
      <Security UserID="S-1-5-18" />
    </System>
    <EventData>
      <Data Name="RuleName">-</Data>
      <Data Name="UtcTime">2020-10-20 11:50:54.801</Data>
      <Data Name="ProcessGuid">{23f38d93-cf1e-5f8e-c808-000000000c00}</Data>
      <Data Name="ProcessId">8712</Data>
      <Data Name="Image">C:\Users\den\Source\Repos\UACME\Source\Akagi\output\x64\Release\Akagi64.exe</Data>
      <Data Name="ImageLoaded">C:\Windows\System32\kernel32.dll</Data>
      <Data Name="FileVersion">10.0.18362.1110 (WinBuild.160101.0800)</Data>
      <Data Name="Description">Windows NT BASE API Client DLL</Data>
      <Data Name="Product">Microsoft« Windows« Operating System</Data>
      <Data Name="Company">Microsoft Corporation</Data>
      <Data Name="OriginalFileName">kernel32</Data>
      <Data Name="Hashes">SHA1=D207A86541CABC3190BBD5B1CC982F6D7C90051B,MD5=ED906DB51BCB4F5A68606D2683AF44A3,SHA256=DF5CE6E95294579D7D7D16C47CB3DC5C8FA1DB53CCE56091E3496309B0D87536,IMPHASH=D3645703895C4EBB8EA5B9B26816A081</Data>
      <Data Name="Signed">true</Data>
      <Data Name="Signature">Microsoft Windows</Data>
      <Data Name="SignatureStatus">Valid</Data>
    </EventData>
  </Event>
  <Event xmlns="http://schemas.microsoft.com/win/2004/08/events/event">
    <System>
      <Provider Name="Microsoft-Windows-Sysmon" Guid="{5770385f-c22a-43e0-bf4c-06f5698ffbd9}" />
      <EventID>7</EventID>
      <Version>3</Version>
      <Level>4</Level>
      <Task>7</Task>
      <Opcode>0</Opcode>
      <Keywords>0x8000000000000000</Keywords>
      <TimeCreated SystemTime="2020-10-20T11:50:54.812251700Z" />
      <EventRecordID>625</EventRecordID>
      <Correlation />
      <Execution ProcessID="7212" ThreadID="9748" />
      <Channel>Microsoft-Windows-Sysmon/Operational</Channel>
      <Computer>DESKTOP-NTSSLJD</Computer>
      <Security UserID="S-1-5-18" />
    </System>
    <EventData>
      <Data Name="RuleName">-</Data>
      <Data Name="UtcTime">2020-10-20 11:50:54.801</Data>
      <Data Name="ProcessGuid">{23f38d93-cf1e-5f8e-c808-000000000c00}</Data>
      <Data Name="ProcessId">8712</Data>
      <Data Name="Image">C:\Users\den\Source\Repos\UACME\Source\Akagi\output\x64\Release\Akagi64.exe</Data>
      <Data Name="ImageLoaded">C:\Windows\System32\KernelBase.dll</Data>
      <Data Name="FileVersion">10.0.18362.1139 (WinBuild.160101.0800)</Data>
      <Data Name="Description">Windows NT BASE API Client DLL</Data>
      <Data Name="Product">Microsoft« Windows« Operating System</Data>
      <Data Name="Company">Microsoft Corporation</Data>
      <Data Name="OriginalFileName">Kernelbase.dll</Data>
      <Data Name="Hashes">SHA1=48B3741C6497B40F71868EFAAA9EB7A224CB8060,MD5=AEE6D39564EEB18A90C3160215941B46,SHA256=6733FEEA211EA651B5DF46D391825D7861126546AE80A42A4C1E7B1ABD0E4DA5,IMPHASH=16003AF856720C35351BB8C14AD0B0A8</Data>
      <Data Name="Signed">true</Data>
      <Data Name="Signature">Microsoft Windows</Data>
      <Data Name="SignatureStatus">Valid</Data>
    </EventData>
  </Event>
  <Event xmlns="http://schemas.microsoft.com/win/2004/08/events/event">
    <System>
      <Provider Name="Microsoft-Windows-Sysmon" Guid="{5770385f-c22a-43e0-bf4c-06f5698ffbd9}" />
      <EventID>7</EventID>
      <Version>3</Version>
      <Level>4</Level>
      <Task>7</Task>
      <Opcode>0</Opcode>
      <Keywords>0x8000000000000000</Keywords>
      <TimeCreated SystemTime="2020-10-20T11:50:54.812864200Z" />
      <EventRecordID>626</EventRecordID>
      <Correlation />
      <Execution ProcessID="7212" ThreadID="9748" />
      <Channel>Microsoft-Windows-Sysmon/Operational</Channel>
      <Computer>DESKTOP-NTSSLJD</Computer>
      <Security UserID="S-1-5-18" />
    </System>
    <EventData>
      <Data Name="RuleName">-</Data>
      <Data Name="UtcTime">2020-10-20 11:50:54.801</Data>
      <Data Name="ProcessGuid">{23f38d93-cf1e-5f8e-c808-000000000c00}</Data>
      <Data Name="ProcessId">8712</Data>
      <Data Name="Image">C:\Users\den\Source\Repos\UACME\Source\Akagi\output\x64\Release\Akagi64.exe</Data>
      <Data Name="ImageLoaded">C:\Windows\System32\user32.dll</Data>
      <Data Name="FileVersion">10.0.18362.1110 (WinBuild.160101.0800)</Data>
      <Data Name="Description">Multi-User Windows USER API Client DLL</Data>
      <Data Name="Product">Microsoft« Windows« Operating System</Data>
      <Data Name="Company">Microsoft Corporation</Data>
      <Data Name="OriginalFileName">user32</Data>
      <Data Name="Hashes">SHA1=6B56618013746DA2480E9B14DBD03BD1C6DC009F,MD5=99391EBA3F88D56C3D27268D7947782F,SHA256=3AC2B856DD34D51A631C26791916A036C6C917667D8562676CCE8F2F35349221,IMPHASH=70F6F0466DB32D0AA9E18434AE996907</Data>
      <Data Name="Signed">true</Data>
      <Data Name="Signature">Microsoft Windows</Data>
      <Data Name="SignatureStatus">Valid</Data>
    </EventData>
  </Event>
  <Event xmlns="http://schemas.microsoft.com/win/2004/08/events/event">
    <System>
      <Provider Name="Microsoft-Windows-Sysmon" Guid="{5770385f-c22a-43e0-bf4c-06f5698ffbd9}" />
      <EventID>7</EventID>
      <Version>3</Version>
      <Level>4</Level>
      <Task>7</Task>
      <Opcode>0</Opcode>
      <Keywords>0x8000000000000000</Keywords>
      <TimeCreated SystemTime="2020-10-20T11:50:54.813147600Z" />
      <EventRecordID>627</EventRecordID>
      <Correlation />
      <Execution ProcessID="7212" ThreadID="9748" />
      <Channel>Microsoft-Windows-Sysmon/Operational</Channel>
      <Computer>DESKTOP-NTSSLJD</Computer>
      <Security UserID="S-1-5-18" />
    </System>
    <EventData>
      <Data Name="RuleName">-</Data>
      <Data Name="UtcTime">2020-10-20 11:50:54.801</Data>
      <Data Name="ProcessGuid">{23f38d93-cf1e-5f8e-c808-000000000c00}</Data>
      <Data Name="ProcessId">8712</Data>
      <Data Name="Image">C:\Users\den\Source\Repos\UACME\Source\Akagi\output\x64\Release\Akagi64.exe</Data>
      <Data Name="ImageLoaded">C:\Windows\System32\win32u.dll</Data>
      <Data Name="FileVersion">10.0.18362.1139 (WinBuild.160101.0800)</Data>
      <Data Name="Description">Win32u</Data>
      <Data Name="Product">Microsoft« Windows« Operating System</Data>
      <Data Name="Company">Microsoft Corporation</Data>
      <Data Name="OriginalFileName">Win32u.DLL</Data>
      <Data Name="Hashes">SHA1=09CAA4704CC828100AA4BDB1366B5156CD1A63E4,MD5=BE23D5C90313AACEC36448136408D336,SHA256=20EE5EE473456C0853CC7B64FA9BCDBFB3C00B0848B3CFE141535C10AC944478,IMPHASH=00000000000000000000000000000000</Data>
      <Data Name="Signed">true</Data>
      <Data Name="Signature">Microsoft Windows</Data>
      <Data Name="SignatureStatus">Valid</Data>
    </EventData>
  </Event>
  <Event xmlns="http://schemas.microsoft.com/win/2004/08/events/event">
    <System>
      <Provider Name="Microsoft-Windows-Sysmon" Guid="{5770385f-c22a-43e0-bf4c-06f5698ffbd9}" />
      <EventID>7</EventID>
      <Version>3</Version>
      <Level>4</Level>
      <Task>7</Task>
      <Opcode>0</Opcode>
      <Keywords>0x8000000000000000</Keywords>
      <TimeCreated SystemTime="2020-10-20T11:50:54.813432800Z" />
      <EventRecordID>628</EventRecordID>
      <Correlation />
      <Execution ProcessID="7212" ThreadID="9748" />
      <Channel>Microsoft-Windows-Sysmon/Operational</Channel>
      <Computer>DESKTOP-NTSSLJD</Computer>
      <Security UserID="S-1-5-18" />
    </System>
    <EventData>
      <Data Name="RuleName">-</Data>
      <Data Name="UtcTime">2020-10-20 11:50:54.801</Data>
      <Data Name="ProcessGuid">{23f38d93-cf1e-5f8e-c808-000000000c00}</Data>
      <Data Name="ProcessId">8712</Data>
      <Data Name="Image">C:\Users\den\Source\Repos\UACME\Source\Akagi\output\x64\Release\Akagi64.exe</Data>
      <Data Name="ImageLoaded">C:\Windows\System32\gdi32.dll</Data>
      <Data Name="FileVersion">10.0.18362.1 (WinBuild.160101.0800)</Data>
      <Data Name="Description">GDI Client DLL</Data>
      <Data Name="Product">Microsoft« Windows« Operating System</Data>
      <Data Name="Company">Microsoft Corporation</Data>
      <Data Name="OriginalFileName">gdi32</Data>
      <Data Name="Hashes">SHA1=9E91D74D5B9BF64A3D4BE8C5EA3594F5DA2BC299,MD5=2839609118F48DEA292084E43FAA72D8,SHA256=4FC9460147D5A3AA1F9498863CF10BB7BE6099BEF1A3D55503164CA51E36E27E,IMPHASH=C5F30E6A06AB646153863B68366FE58A</Data>
      <Data Name="Signed">true</Data>
      <Data Name="Signature">Microsoft Windows</Data>
      <Data Name="SignatureStatus">Valid</Data>
    </EventData>
  </Event>
  <Event xmlns="http://schemas.microsoft.com/win/2004/08/events/event">
    <System>
      <Provider Name="Microsoft-Windows-Sysmon" Guid="{5770385f-c22a-43e0-bf4c-06f5698ffbd9}" />
      <EventID>7</EventID>
      <Version>3</Version>
      <Level>4</Level>
      <Task>7</Task>
      <Opcode>0</Opcode>
      <Keywords>0x8000000000000000</Keywords>
      <TimeCreated SystemTime="2020-10-20T11:50:54.813756900Z" />
      <EventRecordID>629</EventRecordID>
      <Correlation />
      <Execution ProcessID="7212" ThreadID="9748" />
      <Channel>Microsoft-Windows-Sysmon/Operational</Channel>
      <Computer>DESKTOP-NTSSLJD</Computer>
      <Security UserID="S-1-5-18" />
    </System>
    <EventData>
      <Data Name="RuleName">-</Data>
      <Data Name="UtcTime">2020-10-20 11:50:54.801</Data>
      <Data Name="ProcessGuid">{23f38d93-cf1e-5f8e-c808-000000000c00}</Data>
      <Data Name="ProcessId">8712</Data>
      <Data Name="Image">C:\Users\den\Source\Repos\UACME\Source\Akagi\output\x64\Release\Akagi64.exe</Data>
      <Data Name="ImageLoaded">C:\Windows\System32\gdi32full.dll</Data>
      <Data Name="FileVersion">10.0.18362.1139 (WinBuild.160101.0800)</Data>
      <Data Name="Description">GDI Client DLL</Data>
      <Data Name="Product">Microsoft« Windows« Operating System</Data>
      <Data Name="Company">Microsoft Corporation</Data>
      <Data Name="OriginalFileName">gdi32</Data>
      <Data Name="Hashes">SHA1=F9E2F12438029B6CC54E25DC77E0CDAF4E2F60E6,MD5=EF7E6E4AA8B9EB0B9C2915F6C8F0C71A,SHA256=0428CCE46E90E781510B784E97DC514D4F0564B31591526CDABD40654D4A8F79,IMPHASH=4D32F6E2211CD04CA28C2CD4FAC607E8</Data>
      <Data Name="Signed">true</Data>
      <Data Name="Signature">Microsoft Windows</Data>
      <Data Name="SignatureStatus">Valid</Data>
    </EventData>
  </Event>
  <Event xmlns="http://schemas.microsoft.com/win/2004/08/events/event">
    <System>
      <Provider Name="Microsoft-Windows-Sysmon" Guid="{5770385f-c22a-43e0-bf4c-06f5698ffbd9}" />
      <EventID>7</EventID>
      <Version>3</Version>
      <Level>4</Level>
      <Task>7</Task>
      <Opcode>0</Opcode>
      <Keywords>0x8000000000000000</Keywords>
      <TimeCreated SystemTime="2020-10-20T11:50:54.814073500Z" />
      <EventRecordID>630</EventRecordID>
      <Correlation />
      <Execution ProcessID="7212" ThreadID="9748" />
      <Channel>Microsoft-Windows-Sysmon/Operational</Channel>
      <Computer>DESKTOP-NTSSLJD</Computer>
      <Security UserID="S-1-5-18" />
    </System>
    <EventData>
      <Data Name="RuleName">-</Data>
      <Data Name="UtcTime">2020-10-20 11:50:54.801</Data>
      <Data Name="ProcessGuid">{23f38d93-cf1e-5f8e-c808-000000000c00}</Data>
      <Data Name="ProcessId">8712</Data>
      <Data Name="Image">C:\Users\den\Source\Repos\UACME\Source\Akagi\output\x64\Release\Akagi64.exe</Data>
      <Data Name="ImageLoaded">C:\Windows\System32\msvcp_win.dll</Data>
      <Data Name="FileVersion">10.0.18362.1110 (WinBuild.160101.0800)</Data>
      <Data Name="Description">Microsoft« C Runtime Library</Data>
      <Data Name="Product">Microsoft« Windows« Operating System</Data>
      <Data Name="Company">Microsoft Corporation</Data>
      <Data Name="OriginalFileName">msvcp_win.dll</Data>
      <Data Name="Hashes">SHA1=56A126B33C43CE80C5DA3319FA4FBE28F617599C,MD5=94027F5AE9D6FC3B0917C1B5BCD2D88E,SHA256=2FC246F193104FB36285360E9FB14CE10B04EDB50D9D5ECFD9FDA1F010BFCDB9,IMPHASH=7F555C87AEA488E97B6067A0419ED3B4</Data>
      <Data Name="Signed">true</Data>
      <Data Name="Signature">Microsoft Windows</Data>
      <Data Name="SignatureStatus">Valid</Data>
    </EventData>
  </Event>
  <Event xmlns="http://schemas.microsoft.com/win/2004/08/events/event">
    <System>
      <Provider Name="Microsoft-Windows-Sysmon" Guid="{5770385f-c22a-43e0-bf4c-06f5698ffbd9}" />
      <EventID>7</EventID>
      <Version>3</Version>
      <Level>4</Level>
      <Task>7</Task>
      <Opcode>0</Opcode>
      <Keywords>0x8000000000000000</Keywords>
      <TimeCreated SystemTime="2020-10-20T11:50:54.814379000Z" />
      <EventRecordID>631</EventRecordID>
      <Correlation />
      <Execution ProcessID="7212" ThreadID="9748" />
      <Channel>Microsoft-Windows-Sysmon/Operational</Channel>
      <Computer>DESKTOP-NTSSLJD</Computer>
      <Security UserID="S-1-5-18" />
    </System>
    <EventData>
      <Data Name="RuleName">-</Data>
      <Data Name="UtcTime">2020-10-20 11:50:54.801</Data>
      <Data Name="ProcessGuid">{23f38d93-cf1e-5f8e-c808-000000000c00}</Data>
      <Data Name="ProcessId">8712</Data>
      <Data Name="Image">C:\Users\den\Source\Repos\UACME\Source\Akagi\output\x64\Release\Akagi64.exe</Data>
      <Data Name="ImageLoaded">C:\Windows\System32\ucrtbase.dll</Data>
      <Data Name="FileVersion">10.0.18362.1110 (WinBuild.160101.0800)</Data>
      <Data Name="Description">Microsoft« C Runtime Library</Data>
      <Data Name="Product">Microsoft« Windows« Operating System</Data>
      <Data Name="Company">Microsoft Corporation</Data>
      <Data Name="OriginalFileName">ucrtbase.dll</Data>
      <Data Name="Hashes">SHA1=D10BBE9B65C2C6F8FCA6850D0B79CBC6EF04D691,MD5=126821F73FD9FFCE6E091CF9480E1B60,SHA256=7B28F46F0A09CFD9129109A94B1C16C9C62EEF46C09113C4C585D9BF0E69B2DA,IMPHASH=5AE9A136FAFA10321F3D48251BF4F6A1</Data>
      <Data Name="Signed">true</Data>
      <Data Name="Signature">Microsoft Windows</Data>
      <Data Name="SignatureStatus">Valid</Data>
    </EventData>
  </Event>
  <Event xmlns="http://schemas.microsoft.com/win/2004/08/events/event">
    <System>
      <Provider Name="Microsoft-Windows-Sysmon" Guid="{5770385f-c22a-43e0-bf4c-06f5698ffbd9}" />
      <EventID>7</EventID>
      <Version>3</Version>
      <Level>4</Level>
      <Task>7</Task>
      <Opcode>0</Opcode>
      <Keywords>0x8000000000000000</Keywords>
      <TimeCreated SystemTime="2020-10-20T11:50:54.814689100Z" />
      <EventRecordID>632</EventRecordID>
      <Correlation />
      <Execution ProcessID="7212" ThreadID="9748" />
      <Channel>Microsoft-Windows-Sysmon/Operational</Channel>
      <Computer>DESKTOP-NTSSLJD</Computer>
      <Security UserID="S-1-5-18" />
    </System>
    <EventData>
      <Data Name="RuleName">-</Data>
      <Data Name="UtcTime">2020-10-20 11:50:54.801</Data>
      <Data Name="ProcessGuid">{23f38d93-cf1e-5f8e-c808-000000000c00}</Data>
      <Data Name="ProcessId">8712</Data>
      <Data Name="Image">C:\Users\den\Source\Repos\UACME\Source\Akagi\output\x64\Release\Akagi64.exe</Data>
      <Data Name="ImageLoaded">C:\Windows\System32\advapi32.dll</Data>
      <Data Name="FileVersion">10.0.18362.752 (WinBuild.160101.0800)</Data>
      <Data Name="Description">Advanced Windows 32 Base API</Data>
      <Data Name="Product">Microsoft« Windows« Operating System</Data>
      <Data Name="Company">Microsoft Corporation</Data>
      <Data Name="OriginalFileName">advapi32.dll</Data>
      <Data Name="Hashes">SHA1=35C61DDE6F8F4ED05F9C4837E2B91C886CA79F82,MD5=EA4F6E7961B4A402F6F5EC33C655260A,SHA256=5E2D103E7E1FD7CA0492E541F082D274EF6259AF2158A3562986C796C5C869DD,IMPHASH=8EEA175C33205685FB8A14876D7564DB</Data>
      <Data Name="Signed">true</Data>
      <Data Name="Signature">Microsoft Windows</Data>
      <Data Name="SignatureStatus">Valid</Data>
    </EventData>
  </Event>
  <Event xmlns="http://schemas.microsoft.com/win/2004/08/events/event">
    <System>
      <Provider Name="Microsoft-Windows-Sysmon" Guid="{5770385f-c22a-43e0-bf4c-06f5698ffbd9}" />
      <EventID>7</EventID>
      <Version>3</Version>
      <Level>4</Level>
      <Task>7</Task>
      <Opcode>0</Opcode>
      <Keywords>0x8000000000000000</Keywords>
      <TimeCreated SystemTime="2020-10-20T11:50:54.814937100Z" />
      <EventRecordID>633</EventRecordID>
      <Correlation />
      <Execution ProcessID="7212" ThreadID="9748" />
      <Channel>Microsoft-Windows-Sysmon/Operational</Channel>
      <Computer>DESKTOP-NTSSLJD</Computer>
      <Security UserID="S-1-5-18" />
    </System>
    <EventData>
      <Data Name="RuleName">-</Data>
      <Data Name="UtcTime">2020-10-20 11:50:54.801</Data>
      <Data Name="ProcessGuid">{23f38d93-cf1e-5f8e-c808-000000000c00}</Data>
      <Data Name="ProcessId">8712</Data>
      <Data Name="Image">C:\Users\den\Source\Repos\UACME\Source\Akagi\output\x64\Release\Akagi64.exe</Data>
      <Data Name="ImageLoaded">C:\Windows\System32\msvcrt.dll</Data>
      <Data Name="FileVersion">7.0.18362.1 (WinBuild.160101.0800)</Data>
      <Data Name="Description">Windows NT CRT DLL</Data>
      <Data Name="Product">Microsoft« Windows« Operating System</Data>
      <Data Name="Company">Microsoft Corporation</Data>
      <Data Name="OriginalFileName">msvcrt.dll</Data>
      <Data Name="Hashes">SHA1=0EA4B3CFB14E49CEC0D42FF0F1FA989E69647A8F,MD5=36354D9B5B0A58A4B9A19103852C00A2,SHA256=E5A863D3F4BFEFED7D73A7B1499F81B7235BC9AE3C108065041BCB8E5446B1BB,IMPHASH=1273683626EBBA703979F188A1E64237</Data>
      <Data Name="Signed">true</Data>
      <Data Name="Signature">Microsoft Windows</Data>
      <Data Name="SignatureStatus">Valid</Data>
    </EventData>
  </Event>
  <Event xmlns="http://schemas.microsoft.com/win/2004/08/events/event">
    <System>
      <Provider Name="Microsoft-Windows-Sysmon" Guid="{5770385f-c22a-43e0-bf4c-06f5698ffbd9}" />
      <EventID>7</EventID>
      <Version>3</Version>
      <Level>4</Level>
      <Task>7</Task>
      <Opcode>0</Opcode>
      <Keywords>0x8000000000000000</Keywords>
      <TimeCreated SystemTime="2020-10-20T11:50:54.815249400Z" />
      <EventRecordID>634</EventRecordID>
      <Correlation />
      <Execution ProcessID="7212" ThreadID="9748" />
      <Channel>Microsoft-Windows-Sysmon/Operational</Channel>
      <Computer>DESKTOP-NTSSLJD</Computer>
      <Security UserID="S-1-5-18" />
    </System>
    <EventData>
      <Data Name="RuleName">-</Data>
      <Data Name="UtcTime">2020-10-20 11:50:54.801</Data>
      <Data Name="ProcessGuid">{23f38d93-cf1e-5f8e-c808-000000000c00}</Data>
      <Data Name="ProcessId">8712</Data>
      <Data Name="Image">C:\Users\den\Source\Repos\UACME\Source\Akagi\output\x64\Release\Akagi64.exe</Data>
      <Data Name="ImageLoaded">C:\Windows\System32\sechost.dll</Data>
      <Data Name="FileVersion">10.0.18362.959 (WinBuild.160101.0800)</Data>
      <Data Name="Description">Host for SCM/SDDL/LSA Lookup APIs</Data>
      <Data Name="Product">Microsoft« Windows« Operating System</Data>
      <Data Name="Company">Microsoft Corporation</Data>
      <Data Name="OriginalFileName">sechost.dll</Data>
      <Data Name="Hashes">SHA1=A330EDE32DFA03AE6808EE7FB6916D8DEB8F5DDE,MD5=A094E2B38D3DD864B07580D243CB6E43,SHA256=C441E19D20961D4E990E117A300ED318BEDBF2F8BA0FF07BEE7832AC502CDDF2,IMPHASH=CE4BD072766253F6A267D0284CA82002</Data>
      <Data Name="Signed">true</Data>
      <Data Name="Signature">Microsoft Windows</Data>
      <Data Name="SignatureStatus">Valid</Data>
    </EventData>
  </Event>
  <Event xmlns="http://schemas.microsoft.com/win/2004/08/events/event">
    <System>
      <Provider Name="Microsoft-Windows-Sysmon" Guid="{5770385f-c22a-43e0-bf4c-06f5698ffbd9}" />
      <EventID>7</EventID>
      <Version>3</Version>
      <Level>4</Level>
      <Task>7</Task>
      <Opcode>0</Opcode>
      <Keywords>0x8000000000000000</Keywords>
      <TimeCreated SystemTime="2020-10-20T11:50:54.815555500Z" />
      <EventRecordID>635</EventRecordID>
      <Correlation />
      <Execution ProcessID="7212" ThreadID="9748" />
      <Channel>Microsoft-Windows-Sysmon/Operational</Channel>
      <Computer>DESKTOP-NTSSLJD</Computer>
      <Security UserID="S-1-5-18" />
    </System>
    <EventData>
      <Data Name="RuleName">-</Data>
      <Data Name="UtcTime">2020-10-20 11:50:54.801</Data>
      <Data Name="ProcessGuid">{23f38d93-cf1e-5f8e-c808-000000000c00}</Data>
      <Data Name="ProcessId">8712</Data>
      <Data Name="Image">C:\Users\den\Source\Repos\UACME\Source\Akagi\output\x64\Release\Akagi64.exe</Data>
      <Data Name="ImageLoaded">C:\Windows\System32\rpcrt4.dll</Data>
      <Data Name="FileVersion">10.0.18362.1110 (WinBuild.160101.0800)</Data>
      <Data Name="Description">Remote Procedure Call Runtime</Data>
      <Data Name="Product">Microsoft« Windows« Operating System</Data>
      <Data Name="Company">Microsoft Corporation</Data>
      <Data Name="OriginalFileName">rpcrt4.dll</Data>
      <Data Name="Hashes">SHA1=04BCAE1D932B2FB22A3B7ADC6C1EC1776151FC68,MD5=DBC5A40335E9F25C5C9313AB95C88CE8,SHA256=C39C71244E43B5469FF3F9313893E1AB7AFF5806B1A179CBED06A59B3F6F81B5,IMPHASH=88E7E7C7FA90052EC162DD37F2B7C7BD</Data>
      <Data Name="Signed">true</Data>
      <Data Name="Signature">Microsoft Windows</Data>
      <Data Name="SignatureStatus">Valid</Data>
    </EventData>
  </Event>
  <Event xmlns="http://schemas.microsoft.com/win/2004/08/events/event">
    <System>
      <Provider Name="Microsoft-Windows-Sysmon" Guid="{5770385f-c22a-43e0-bf4c-06f5698ffbd9}" />
      <EventID>7</EventID>
      <Version>3</Version>
      <Level>4</Level>
      <Task>7</Task>
      <Opcode>0</Opcode>
      <Keywords>0x8000000000000000</Keywords>
      <TimeCreated SystemTime="2020-10-20T11:50:54.815858700Z" />
      <EventRecordID>636</EventRecordID>
      <Correlation />
      <Execution ProcessID="7212" ThreadID="9748" />
      <Channel>Microsoft-Windows-Sysmon/Operational</Channel>
      <Computer>DESKTOP-NTSSLJD</Computer>
      <Security UserID="S-1-5-18" />
    </System>
    <EventData>
      <Data Name="RuleName">-</Data>
      <Data Name="UtcTime">2020-10-20 11:50:54.801</Data>
      <Data Name="ProcessGuid">{23f38d93-cf1e-5f8e-c808-000000000c00}</Data>
      <Data Name="ProcessId">8712</Data>
      <Data Name="Image">C:\Users\den\Source\Repos\UACME\Source\Akagi\output\x64\Release\Akagi64.exe</Data>
      <Data Name="ImageLoaded">C:\Windows\System32\shell32.dll</Data>
      <Data Name="FileVersion">10.0.18362.1110 (WinBuild.160101.0800)</Data>
      <Data Name="Description">Windows Shell Common Dll</Data>
      <Data Name="Product">Microsoft« Windows« Operating System</Data>
      <Data Name="Company">Microsoft Corporation</Data>
      <Data Name="OriginalFileName">SHELL32.DLL</Data>
      <Data Name="Hashes">SHA1=1BE5EC1130E4B812224AF98D1C4B81B91C8D8BCE,MD5=698E67C04A48B58FE0FE2B7DAB428BD2,SHA256=D4F8395347B3C952DA3309BD3ADFBF87F52582C744204692DEDB0B6E720AEE1A,IMPHASH=5DE31297232BD99BC22531D7CE95B80E</Data>
      <Data Name="Signed">true</Data>
      <Data Name="Signature">Microsoft Windows</Data>
      <Data Name="SignatureStatus">Valid</Data>
    </EventData>
  </Event>
  <Event xmlns="http://schemas.microsoft.com/win/2004/08/events/event">
    <System>
      <Provider Name="Microsoft-Windows-Sysmon" Guid="{5770385f-c22a-43e0-bf4c-06f5698ffbd9}" />
      <EventID>7</EventID>
      <Version>3</Version>
      <Level>4</Level>
      <Task>7</Task>
      <Opcode>0</Opcode>
      <Keywords>0x8000000000000000</Keywords>
      <TimeCreated SystemTime="2020-10-20T11:50:54.816173600Z" />
      <EventRecordID>637</EventRecordID>
      <Correlation />
      <Execution ProcessID="7212" ThreadID="9748" />
      <Channel>Microsoft-Windows-Sysmon/Operational</Channel>
      <Computer>DESKTOP-NTSSLJD</Computer>
      <Security UserID="S-1-5-18" />
    </System>
    <EventData>
      <Data Name="RuleName">-</Data>
      <Data Name="UtcTime">2020-10-20 11:50:54.801</Data>
      <Data Name="ProcessGuid">{23f38d93-cf1e-5f8e-c808-000000000c00}</Data>
      <Data Name="ProcessId">8712</Data>
      <Data Name="Image">C:\Users\den\Source\Repos\UACME\Source\Akagi\output\x64\Release\Akagi64.exe</Data>
      <Data Name="ImageLoaded">C:\Windows\System32\cfgmgr32.dll</Data>
      <Data Name="FileVersion">10.0.18362.387 (WinBuild.160101.0800)</Data>
      <Data Name="Description">Configuration Manager DLL</Data>
      <Data Name="Product">Microsoft« Windows« Operating System</Data>
      <Data Name="Company">Microsoft Corporation</Data>
      <Data Name="OriginalFileName">CFGMGR32.DLL</Data>
      <Data Name="Hashes">SHA1=FA3A718BEED81C7084675E250ADC305677A6B5E4,MD5=3A99A40872AF3B87406CC57DBDF53748,SHA256=96A1DB38C74A81FBA4C4AB29020551364FD1ADA3B6FED789D193C787E757979D,IMPHASH=4B4464C7677B6F07342800F4CF0BA273</Data>
      <Data Name="Signed">true</Data>
      <Data Name="Signature">Microsoft Windows</Data>
      <Data Name="SignatureStatus">Valid</Data>
    </EventData>
  </Event>
  <Event xmlns="http://schemas.microsoft.com/win/2004/08/events/event">
    <System>
      <Provider Name="Microsoft-Windows-Sysmon" Guid="{5770385f-c22a-43e0-bf4c-06f5698ffbd9}" />
      <EventID>7</EventID>
      <Version>3</Version>
      <Level>4</Level>
      <Task>7</Task>
      <Opcode>0</Opcode>
      <Keywords>0x8000000000000000</Keywords>
      <TimeCreated SystemTime="2020-10-20T11:50:54.816482600Z" />
      <EventRecordID>638</EventRecordID>
      <Correlation />
      <Execution ProcessID="7212" ThreadID="9748" />
      <Channel>Microsoft-Windows-Sysmon/Operational</Channel>
      <Computer>DESKTOP-NTSSLJD</Computer>
      <Security UserID="S-1-5-18" />
    </System>
    <EventData>
      <Data Name="RuleName">-</Data>
      <Data Name="UtcTime">2020-10-20 11:50:54.801</Data>
      <Data Name="ProcessGuid">{23f38d93-cf1e-5f8e-c808-000000000c00}</Data>
      <Data Name="ProcessId">8712</Data>
      <Data Name="Image">C:\Users\den\Source\Repos\UACME\Source\Akagi\output\x64\Release\Akagi64.exe</Data>
      <Data Name="ImageLoaded">C:\Windows\System32\SHCore.dll</Data>
      <Data Name="FileVersion">10.0.18362.959 (WinBuild.160101.0800)</Data>
      <Data Name="Description">SHCORE</Data>
      <Data Name="Product">Microsoft« Windows« Operating System</Data>
      <Data Name="Company">Microsoft Corporation</Data>
      <Data Name="OriginalFileName">SHCORE.dll</Data>
      <Data Name="Hashes">SHA1=75C9F506592699E30D8ECA63F88C79E956324111,MD5=6ACBCCE095FDB475FC2B3D178E5D9208,SHA256=3F49AB1B04EE3D843E961A1B62CB695EE3FE940EE287819BBBABCC1C3A38F507,IMPHASH=0E48D88DA5B1AEFE29036ECDE5B34E8D</Data>
      <Data Name="Signed">true</Data>
      <Data Name="Signature">Microsoft Windows</Data>
      <Data Name="SignatureStatus">Valid</Data>
    </EventData>
  </Event>
  <Event xmlns="http://schemas.microsoft.com/win/2004/08/events/event">
    <System>
      <Provider Name="Microsoft-Windows-Sysmon" Guid="{5770385f-c22a-43e0-bf4c-06f5698ffbd9}" />
      <EventID>7</EventID>
      <Version>3</Version>
      <Level>4</Level>
      <Task>7</Task>
      <Opcode>0</Opcode>
      <Keywords>0x8000000000000000</Keywords>
      <TimeCreated SystemTime="2020-10-20T11:50:54.816792100Z" />
      <EventRecordID>639</EventRecordID>
      <Correlation />
      <Execution ProcessID="7212" ThreadID="9748" />
      <Channel>Microsoft-Windows-Sysmon/Operational</Channel>
      <Computer>DESKTOP-NTSSLJD</Computer>
      <Security UserID="S-1-5-18" />
    </System>
    <EventData>
      <Data Name="RuleName">-</Data>
      <Data Name="UtcTime">2020-10-20 11:50:54.801</Data>
      <Data Name="ProcessGuid">{23f38d93-cf1e-5f8e-c808-000000000c00}</Data>
      <Data Name="ProcessId">8712</Data>
      <Data Name="Image">C:\Users\den\Source\Repos\UACME\Source\Akagi\output\x64\Release\Akagi64.exe</Data>
      <Data Name="ImageLoaded">C:\Windows\System32\combase.dll</Data>
      <Data Name="FileVersion">10.0.18362.1139 (WinBuild.160101.0800)</Data>
      <Data Name="Description">Microsoft COM for Windows</Data>
      <Data Name="Product">Microsoft« Windows« Operating System</Data>
      <Data Name="Company">Microsoft Corporation</Data>
      <Data Name="OriginalFileName">COMBASE.DLL</Data>
      <Data Name="Hashes">SHA1=969AA7FF99DD7452EDA4558492D7A7435E414B37,MD5=66D9CBC07F05DC58E9B01E7E247DBA9C,SHA256=C0687B0277326C0DCB36B729F1257D03F23744B17E6BB4A92AFC52BE528EA6E1,IMPHASH=D1A511866766E387FD0DAF3ACBB54B12</Data>
      <Data Name="Signed">true</Data>
      <Data Name="Signature">Microsoft Windows</Data>
      <Data Name="SignatureStatus">Valid</Data>
    </EventData>
  </Event>
  <Event xmlns="http://schemas.microsoft.com/win/2004/08/events/event">
    <System>
      <Provider Name="Microsoft-Windows-Sysmon" Guid="{5770385f-c22a-43e0-bf4c-06f5698ffbd9}" />
      <EventID>7</EventID>
      <Version>3</Version>
      <Level>4</Level>
      <Task>7</Task>
      <Opcode>0</Opcode>
      <Keywords>0x8000000000000000</Keywords>
      <TimeCreated SystemTime="2020-10-20T11:50:54.817099800Z" />
      <EventRecordID>640</EventRecordID>
      <Correlation />
      <Execution ProcessID="7212" ThreadID="9748" />
      <Channel>Microsoft-Windows-Sysmon/Operational</Channel>
      <Computer>DESKTOP-NTSSLJD</Computer>
      <Security UserID="S-1-5-18" />
    </System>
    <EventData>
      <Data Name="RuleName">-</Data>
      <Data Name="UtcTime">2020-10-20 11:50:54.801</Data>
      <Data Name="ProcessGuid">{23f38d93-cf1e-5f8e-c808-000000000c00}</Data>
      <Data Name="ProcessId">8712</Data>
      <Data Name="Image">C:\Users\den\Source\Repos\UACME\Source\Akagi\output\x64\Release\Akagi64.exe</Data>
      <Data Name="ImageLoaded">C:\Windows\System32\bcryptprimitives.dll</Data>
      <Data Name="FileVersion">10.0.18362.836 (WinBuild.160101.0800)</Data>
      <Data Name="Description">Windows Cryptographic Primitives Library</Data>
      <Data Name="Product">Microsoft« Windows« Operating System</Data>
      <Data Name="Company">Microsoft Corporation</Data>
      <Data Name="OriginalFileName">bcryptprimitives.dll</Data>
      <Data Name="Hashes">SHA1=B4222C8DC3274CFC3FE54F322D827B2F01FFF036,MD5=EF2BBEAFF07D32A2EC77FB4602FA9664,SHA256=6B47F3E88CDEDF8F31F91940E38A4544818C79D153323262F9F46B21F41D262C,IMPHASH=402DA460E2AC467F4489C588A9941032</Data>
      <Data Name="Signed">true</Data>
      <Data Name="Signature">Microsoft Windows</Data>
      <Data Name="SignatureStatus">Valid</Data>
    </EventData>
  </Event>
  <Event xmlns="http://schemas.microsoft.com/win/2004/08/events/event">
    <System>
      <Provider Name="Microsoft-Windows-Sysmon" Guid="{5770385f-c22a-43e0-bf4c-06f5698ffbd9}" />
      <EventID>7</EventID>
      <Version>3</Version>
      <Level>4</Level>
      <Task>7</Task>
      <Opcode>0</Opcode>
      <Keywords>0x8000000000000000</Keywords>
      <TimeCreated SystemTime="2020-10-20T11:50:54.817418300Z" />
      <EventRecordID>641</EventRecordID>
      <Correlation />
      <Execution ProcessID="7212" ThreadID="9748" />
      <Channel>Microsoft-Windows-Sysmon/Operational</Channel>
      <Computer>DESKTOP-NTSSLJD</Computer>
      <Security UserID="S-1-5-18" />
    </System>
    <EventData>
      <Data Name="RuleName">-</Data>
      <Data Name="UtcTime">2020-10-20 11:50:54.801</Data>
      <Data Name="ProcessGuid">{23f38d93-cf1e-5f8e-c808-000000000c00}</Data>
      <Data Name="ProcessId">8712</Data>
      <Data Name="Image">C:\Users\den\Source\Repos\UACME\Source\Akagi\output\x64\Release\Akagi64.exe</Data>
      <Data Name="ImageLoaded">C:\Windows\System32\windows.storage.dll</Data>
      <Data Name="FileVersion">10.0.18362.1082 (WinBuild.160101.0800)</Data>
      <Data Name="Description">Microsoft WinRT Storage API</Data>
      <Data Name="Product">Microsoft« Windows« Operating System</Data>
      <Data Name="Company">Microsoft Corporation</Data>
      <Data Name="OriginalFileName">Windows.Storage.dll</Data>
      <Data Name="Hashes">SHA1=DF7D0248848C0247FD5F65ABD9799FDA0380C77D,MD5=DDD102204FDCD3FC8DD0AA89CF6609A3,SHA256=49F37639155096444C1B780071B8D63320FD8F8DC1D7CEF7A9031830C4F90968,IMPHASH=BDB3E400A78EE2D42C647E85CD2D827B</Data>
      <Data Name="Signed">true</Data>
      <Data Name="Signature">Microsoft Windows</Data>
      <Data Name="SignatureStatus">Valid</Data>
    </EventData>
  </Event>
  <Event xmlns="http://schemas.microsoft.com/win/2004/08/events/event">
    <System>
      <Provider Name="Microsoft-Windows-Sysmon" Guid="{5770385f-c22a-43e0-bf4c-06f5698ffbd9}" />
      <EventID>7</EventID>
      <Version>3</Version>
      <Level>4</Level>
      <Task>7</Task>
      <Opcode>0</Opcode>
      <Keywords>0x8000000000000000</Keywords>
      <TimeCreated SystemTime="2020-10-20T11:50:54.817719700Z" />
      <EventRecordID>642</EventRecordID>
      <Correlation />
      <Execution ProcessID="7212" ThreadID="9748" />
      <Channel>Microsoft-Windows-Sysmon/Operational</Channel>
      <Computer>DESKTOP-NTSSLJD</Computer>
      <Security UserID="S-1-5-18" />
    </System>
    <EventData>
      <Data Name="RuleName">-</Data>
      <Data Name="UtcTime">2020-10-20 11:50:54.801</Data>
      <Data Name="ProcessGuid">{23f38d93-cf1e-5f8e-c808-000000000c00}</Data>
      <Data Name="ProcessId">8712</Data>
      <Data Name="Image">C:\Users\den\Source\Repos\UACME\Source\Akagi\output\x64\Release\Akagi64.exe</Data>
      <Data Name="ImageLoaded">C:\Windows\System32\profapi.dll</Data>
      <Data Name="FileVersion">10.0.18362.693 (WinBuild.160101.0800)</Data>
      <Data Name="Description">User Profile Basic API</Data>
      <Data Name="Product">Microsoft« Windows« Operating System</Data>
      <Data Name="Company">Microsoft Corporation</Data>
      <Data Name="OriginalFileName">PROFAPI.DLL</Data>
      <Data Name="Hashes">SHA1=387FC7660AFDEC45CFFB84980EB77D0E787ED31B,MD5=F4862E1CC68687B9D4B245512BDF8383,SHA256=A2DF0AC95B9AA338EB6062BA5739F65BFBA86658546F4C5CAC6045C363F55E24,IMPHASH=192CF98320740B7D296297054A9C3EEA</Data>
      <Data Name="Signed">true</Data>
      <Data Name="Signature">Microsoft Windows</Data>
      <Data Name="SignatureStatus">Valid</Data>
    </EventData>
  </Event>
  <Event xmlns="http://schemas.microsoft.com/win/2004/08/events/event">
    <System>
      <Provider Name="Microsoft-Windows-Sysmon" Guid="{5770385f-c22a-43e0-bf4c-06f5698ffbd9}" />
      <EventID>7</EventID>
      <Version>3</Version>
      <Level>4</Level>
      <Task>7</Task>
      <Opcode>0</Opcode>
      <Keywords>0x8000000000000000</Keywords>
      <TimeCreated SystemTime="2020-10-20T11:50:54.823675700Z" />
      <EventRecordID>643</EventRecordID>
      <Correlation />
      <Execution ProcessID="7212" ThreadID="9748" />
      <Channel>Microsoft-Windows-Sysmon/Operational</Channel>
      <Computer>DESKTOP-NTSSLJD</Computer>
      <Security UserID="S-1-5-18" />
    </System>
    <EventData>
      <Data Name="RuleName">-</Data>
      <Data Name="UtcTime">2020-10-20 11:50:54.817</Data>
      <Data Name="ProcessGuid">{23f38d93-cf1e-5f8e-c808-000000000c00}</Data>
      <Data Name="ProcessId">8712</Data>
      <Data Name="Image">C:\Users\den\Source\Repos\UACME\Source\Akagi\output\x64\Release\Akagi64.exe</Data>
      <Data Name="ImageLoaded">C:\Windows\System32\powrprof.dll</Data>
      <Data Name="FileVersion">10.0.18362.1 (WinBuild.160101.0800)</Data>
      <Data Name="Description">Power Profile Helper DLL</Data>
      <Data Name="Product">Microsoft« Windows« Operating System</Data>
      <Data Name="Company">Microsoft Corporation</Data>
      <Data Name="OriginalFileName">POWRPROF.DLL</Data>
      <Data Name="Hashes">SHA1=30D5ADBC0664977C27B65622F514632581C9AF45,MD5=07B027B1E0B775FAE815E487F28137B9,SHA256=21358CE9A416C7F6DB063095102E91F014BDB85B08A4E783E17234792C9B483A,IMPHASH=817FF4748665EB442F0081A91349F764</Data>
      <Data Name="Signed">true</Data>
      <Data Name="Signature">Microsoft Windows</Data>
      <Data Name="SignatureStatus">Valid</Data>
    </EventData>
  </Event>
  <Event xmlns="http://schemas.microsoft.com/win/2004/08/events/event">
    <System>
      <Provider Name="Microsoft-Windows-Sysmon" Guid="{5770385f-c22a-43e0-bf4c-06f5698ffbd9}" />
      <EventID>7</EventID>
      <Version>3</Version>
      <Level>4</Level>
      <Task>7</Task>
      <Opcode>0</Opcode>
      <Keywords>0x8000000000000000</Keywords>
      <TimeCreated SystemTime="2020-10-20T11:50:54.823897000Z" />
      <EventRecordID>644</EventRecordID>
      <Correlation />
      <Execution ProcessID="7212" ThreadID="9748" />
      <Channel>Microsoft-Windows-Sysmon/Operational</Channel>
      <Computer>DESKTOP-NTSSLJD</Computer>
      <Security UserID="S-1-5-18" />
    </System>
    <EventData>
      <Data Name="RuleName">-</Data>
      <Data Name="UtcTime">2020-10-20 11:50:54.817</Data>
      <Data Name="ProcessGuid">{23f38d93-cf1e-5f8e-c808-000000000c00}</Data>
      <Data Name="ProcessId">8712</Data>
      <Data Name="Image">C:\Users\den\Source\Repos\UACME\Source\Akagi\output\x64\Release\Akagi64.exe</Data>
      <Data Name="ImageLoaded">C:\Windows\System32\umpdc.dll</Data>
      <Data Name="FileVersion">-</Data>
      <Data Name="Description">-</Data>
      <Data Name="Product">-</Data>
      <Data Name="Company">-</Data>
      <Data Name="OriginalFileName">-</Data>
      <Data Name="Hashes">SHA1=6ABB78FB1614C12E3E9FFF3DE98B0E13E79201D9,MD5=B9A75ED4500DD953DF172FE6F63578E8,SHA256=709B99BA1DFEF6D9B2483F37D242B12F29B1E1ADE13E338B4D7041C55B55204B,IMPHASH=5A0FF5293A05BFEBAE6F2C9C302FC5E7</Data>
      <Data Name="Signed">true</Data>
      <Data Name="Signature">Microsoft Windows</Data>
      <Data Name="SignatureStatus">Valid</Data>
    </EventData>
  </Event>
  <Event xmlns="http://schemas.microsoft.com/win/2004/08/events/event">
    <System>
      <Provider Name="Microsoft-Windows-Sysmon" Guid="{5770385f-c22a-43e0-bf4c-06f5698ffbd9}" />
      <EventID>7</EventID>
      <Version>3</Version>
      <Level>4</Level>
      <Task>7</Task>
      <Opcode>0</Opcode>
      <Keywords>0x8000000000000000</Keywords>
      <TimeCreated SystemTime="2020-10-20T11:50:54.824190600Z" />
      <EventRecordID>645</EventRecordID>
      <Correlation />
      <Execution ProcessID="7212" ThreadID="9748" />
      <Channel>Microsoft-Windows-Sysmon/Operational</Channel>
      <Computer>DESKTOP-NTSSLJD</Computer>
      <Security UserID="S-1-5-18" />
    </System>
    <EventData>
      <Data Name="RuleName">-</Data>
      <Data Name="UtcTime">2020-10-20 11:50:54.817</Data>
      <Data Name="ProcessGuid">{23f38d93-cf1e-5f8e-c808-000000000c00}</Data>
      <Data Name="ProcessId">8712</Data>
      <Data Name="Image">C:\Users\den\Source\Repos\UACME\Source\Akagi\output\x64\Release\Akagi64.exe</Data>
      <Data Name="ImageLoaded">C:\Windows\System32\shlwapi.dll</Data>
      <Data Name="FileVersion">10.0.18362.1 (WinBuild.160101.0800)</Data>
      <Data Name="Description">Shell Light-weight Utility Library</Data>
      <Data Name="Product">Microsoft« Windows« Operating System</Data>
      <Data Name="Company">Microsoft Corporation</Data>
      <Data Name="OriginalFileName">SHLWAPI.DLL</Data>
      <Data Name="Hashes">SHA1=9074DF3335B785BB00B43AE76ACC66B799118FAE,MD5=BFB85A9022324E41FCEC5011BCB5FD23,SHA256=3CDA144CFB6278DA47267FE1E1FE258716A074C3D3DD8413B259DA7DA1039871,IMPHASH=6659A49ABF33952444C5A7FA22FD9032</Data>
      <Data Name="Signed">true</Data>
      <Data Name="Signature">Microsoft Windows</Data>
      <Data Name="SignatureStatus">Valid</Data>
    </EventData>
  </Event>
  <Event xmlns="http://schemas.microsoft.com/win/2004/08/events/event">
    <System>
      <Provider Name="Microsoft-Windows-Sysmon" Guid="{5770385f-c22a-43e0-bf4c-06f5698ffbd9}" />
      <EventID>7</EventID>
      <Version>3</Version>
      <Level>4</Level>
      <Task>7</Task>
      <Opcode>0</Opcode>
      <Keywords>0x8000000000000000</Keywords>
      <TimeCreated SystemTime="2020-10-20T11:50:54.824481300Z" />
      <EventRecordID>646</EventRecordID>
      <Correlation />
      <Execution ProcessID="7212" ThreadID="9748" />
      <Channel>Microsoft-Windows-Sysmon/Operational</Channel>
      <Computer>DESKTOP-NTSSLJD</Computer>
      <Security UserID="S-1-5-18" />
    </System>
    <EventData>
      <Data Name="RuleName">-</Data>
      <Data Name="UtcTime">2020-10-20 11:50:54.817</Data>
      <Data Name="ProcessGuid">{23f38d93-cf1e-5f8e-c808-000000000c00}</Data>
      <Data Name="ProcessId">8712</Data>
      <Data Name="Image">C:\Users\den\Source\Repos\UACME\Source\Akagi\output\x64\Release\Akagi64.exe</Data>
      <Data Name="ImageLoaded">C:\Windows\System32\kernel.appcore.dll</Data>
      <Data Name="FileVersion">10.0.18362.1110 (WinBuild.160101.0800)</Data>
      <Data Name="Description">AppModel API Host</Data>
      <Data Name="Product">Microsoft« Windows« Operating System</Data>
      <Data Name="Company">Microsoft Corporation</Data>
      <Data Name="OriginalFileName">kernel.appcore.dll</Data>
      <Data Name="Hashes">SHA1=F1D1D942ACBA432D60C139A8AE9644665044BCD6,MD5=5539643D8D55C97FB3A5F7E24C448A3F,SHA256=4FB47D56F0FC6C27FEC884E078A2999F7B2E10994359960CC78182544CA80C36,IMPHASH=639D16ACD736EAE912B88E985A0A7A0F</Data>
      <Data Name="Signed">true</Data>
      <Data Name="Signature">Microsoft Windows</Data>
      <Data Name="SignatureStatus">Valid</Data>
    </EventData>
  </Event>
  