<Event xmlns="http://schemas.microsoft.com/win/2004/08/events/event">
    <System>
      <Provider Name="Microsoft-Windows-Sysmon" Guid="{5770385f-c22a-43e0-bf4c-06f5698ffbd9}" />
      <EventID>7</EventID>
      <Version>3</Version>
      <Level>4</Level>
      <Task>7</Task>
      <Opcode>0</Opcode>
      <Keywords>0x8000000000000000</Keywords>
      <TimeCreated SystemTime="2020-10-20T11:50:55.295960300Z" />
      <EventRecordID>728</EventRecordID>
      <Correlation />
      <Execution ProcessID="7212" ThreadID="9748" />
      <Channel>Microsoft-Windows-Sysmon/Operational</Channel>
      <Computer>DESKTOP-NTSSLJD</Computer>
      <Security UserID="S-1-5-18" />
    </System>
    <EventData>
      <Data Name="RuleName">-</Data>
      <Data Name="UtcTime">2020-10-20 11:50:55.270</Data>
      <Data Name="ProcessGuid">{23f38d93-cf1f-5f8e-ca08-000000000c00}</Data>
      <Data Name="ProcessId">8736</Data>
      <Data Name="Image">C:\Program Files\Internet Explorer\ieinstal.exe</Data>
      <Data Name="ImageLoaded">C:\Windows\System32\ole32.dll</Data>
      <Data Name="FileVersion">10.0.18362.1082 (WinBuild.160101.0800)</Data>
      <Data Name="Description">Microsoft OLE for Windows</Data>
      <Data Name="Product">Microsoft« Windows« Operating System</Data>
      <Data Name="Company">Microsoft Corporation</Data>
      <Data Name="OriginalFileName">OLE32.DLL</Data>
      <Data Name="Hashes">SHA1=C7BA959197D19EC7C8F7707B0D8BBE77E80A9DBE,MD5=D3BAA65CBCA982E5835AE33C2C7513E9,SHA256=56D18A442AD599B04C29D98AB9E2A1983959FB74AB27D4392667A975310754E8,IMPHASH=C908A257ACFAF3BDE15426EE5244D1EB</Data>
      <Data Name="Signed">true</Data>
      <Data Name="Signature">Microsoft Windows</Data>
      <Data Name="SignatureStatus">Valid</Data>
    </EventData>
  </Event>
  <Event xmlns="http://schemas.microsoft.com/win/2004/08/events/event">
    <System>
      <Provider Name="Microsoft-Windows-Sysmon" Guid="{5770385f-c22a-43e0-bf4c-06f5698ffbd9}" />
      <EventID>7</EventID>
      <Version>3</Version>
      <Level>4</Level>
      <Task>7</Task>
      <Opcode>0</Opcode>
      <Keywords>0x8000000000000000</Keywords>
      <TimeCreated SystemTime="2020-10-20T11:50:55.297826500Z" />
      <EventRecordID>729</EventRecordID>
      <Correlation />
      <Execution ProcessID="7212" ThreadID="9748" />
      <Channel>Microsoft-Windows-Sysmon/Operational</Channel>
      <Computer>DESKTOP-NTSSLJD</Computer>
      <Security UserID="S-1-5-18" />
    </System>
    <EventData>
      <Data Name="RuleName">-</Data>
      <Data Name="UtcTime">2020-10-20 11:50:55.270</Data>
      <Data Name="ProcessGuid">{23f38d93-cf1f-5f8e-ca08-000000000c00}</Data>
      <Data Name="ProcessId">8736</Data>
      <Data Name="Image">C:\Program Files\Internet Explorer\ieinstal.exe</Data>
      <Data Name="ImageLoaded">C:\Windows\System32\combase.dll</Data>
      <Data Name="FileVersion">10.0.18362.1139 (WinBuild.160101.0800)</Data>
      <Data Name="Description">Microsoft COM for Windows</Data>
      <Data Name="Product">Microsoft« Windows« Operating System</Data>
      <Data Name="Company">Microsoft Corporation</Data>
      <Data Name="OriginalFileName">COMBASE.DLL</Data>
      <Data Name="Hashes">SHA1=969AA7FF99DD7452EDA4558492D7A7435E414B37,MD5=66D9CBC07F05DC58E9B01E7E247DBA9C,SHA256=C0687B0277326C0DCB36B729F1257D03F23744B17E6BB4A92AFC52BE528EA6E1,IMPHASH=D1A511866766E387FD0DAF3ACBB54B12</Data>
      <Data Name="Signed">true</Data>
      <Data Name="Signature">Microsoft Windows</Data>
      <Data Name="SignatureStatus">Valid</Data>
    </EventData>
  </Event>
  <Event xmlns="http://schemas.microsoft.com/win/2004/08/events/event">
    <System>
      <Provider Name="Microsoft-Windows-Sysmon" Guid="{5770385f-c22a-43e0-bf4c-06f5698ffbd9}" />
      <EventID>7</EventID>
      <Version>3</Version>
      <Level>4</Level>
      <Task>7</Task>
      <Opcode>0</Opcode>
      <Keywords>0x8000000000000000</Keywords>
      <TimeCreated SystemTime="2020-10-20T11:50:55.299227000Z" />
      <EventRecordID>730</EventRecordID>
      <Correlation />
      <Execution ProcessID="7212" ThreadID="9748" />
      <Channel>Microsoft-Windows-Sysmon/Operational</Channel>
      <Computer>DESKTOP-NTSSLJD</Computer>
      <Security UserID="S-1-5-18" />
    </System>
    <EventData>
      <Data Name="RuleName">-</Data>
      <Data Name="UtcTime">2020-10-20 11:50:55.270</Data>
      <Data Name="ProcessGuid">{23f38d93-cf1f-5f8e-ca08-000000000c00}</Data>
      <Data Name="ProcessId">8736</Data>
      <Data Name="Image">C:\Program Files\Internet Explorer\ieinstal.exe</Data>
      <Data Name="ImageLoaded">C:\Windows\System32\bcryptprimitives.dll</Data>
      <Data Name="FileVersion">10.0.18362.836 (WinBuild.160101.0800)</Data>
      <Data Name="Description">Windows Cryptographic Primitives Library</Data>
      <Data Name="Product">Microsoft« Windows« Operating System</Data>
      <Data Name="Company">Microsoft Corporation</Data>
      <Data Name="OriginalFileName">bcryptprimitives.dll</Data>
      <Data Name="Hashes">SHA1=B4222C8DC3274CFC3FE54F322D827B2F01FFF036,MD5=EF2BBEAFF07D32A2EC77FB4602FA9664,SHA256=6B47F3E88CDEDF8F31F91940E38A4544818C79D153323262F9F46B21F41D262C,IMPHASH=402DA460E2AC467F4489C588A9941032</Data>
      <Data Name="Signed">true</Data>
      <Data Name="Signature">Microsoft Windows</Data>
      <Data Name="SignatureStatus">Valid</Data>
    </EventData>
  </Event>
  <Event xmlns="http://schemas.microsoft.com/win/2004/08/events/event">
    <System>
      <Provider Name="Microsoft-Windows-Sysmon" Guid="{5770385f-c22a-43e0-bf4c-06f5698ffbd9}" />
      <EventID>7</EventID>
      <Version>3</Version>
      <Level>4</Level>
      <Task>7</Task>
      <Opcode>0</Opcode>
      <Keywords>0x8000000000000000</Keywords>
      <TimeCreated SystemTime="2020-10-20T11:50:55.299526800Z" />
      <EventRecordID>731</EventRecordID>
      <Correlation />
      <Execution ProcessID="7212" ThreadID="9748" />
      <Channel>Microsoft-Windows-Sysmon/Operational</Channel>
      <Computer>DESKTOP-NTSSLJD</Computer>
      <Security UserID="S-1-5-18" />
    </System>
    <EventData>
      <Data Name="RuleName">-</Data>
      <Data Name="UtcTime">2020-10-20 11:50:55.270</Data>
      <Data Name="ProcessGuid">{23f38d93-cf1f-5f8e-ca08-000000000c00}</Data>
      <Data Name="ProcessId">8736</Data>
      <Data Name="Image">C:\Program Files\Internet Explorer\ieinstal.exe</Data>
      <Data Name="ImageLoaded">C:\Windows\System32\oleaut32.dll</Data>
      <Data Name="FileVersion">10.0.18362.1110 (WinBuild.160101.0800)</Data>
      <Data Name="Description">OLEAUT32.DLL</Data>
      <Data Name="Product">Microsoft« Windows« Operating System</Data>
      <Data Name="Company">Microsoft Corporation</Data>
      <Data Name="OriginalFileName">OLEAUT32.DLL</Data>
      <Data Name="Hashes">SHA1=35C3365E5F385CB7025DC51D1359BC92CEACB8F4,MD5=81CC27927690AC3A552D92269CBA4899,SHA256=49C1A7FFB5DC382E35F19C1771A0B43120BBB4159EE5BFE23E0410A76A36D68A,IMPHASH=F010E2DB51A2E86CCF6052A1ACC0854F</Data>
      <Data Name="Signed">true</Data>
      <Data Name="Signature">Microsoft Windows</Data>
      <Data Name="SignatureStatus">Valid</Data>
    </EventData>
  </Event>
  <Event xmlns="http://schemas.microsoft.com/win/2004/08/events/event">
    <System>
      <Provider Name="Microsoft-Windows-Sysmon" Guid="{5770385f-c22a-43e0-bf4c-06f5698ffbd9}" />
      <EventID>7</EventID>
      <Version>3</Version>
      <Level>4</Level>
      <Task>7</Task>
      <Opcode>0</Opcode>
      <Keywords>0x8000000000000000</Keywords>
      <TimeCreated SystemTime="2020-10-20T11:50:55.299815300Z" />
      <EventRecordID>732</EventRecordID>
      <Correlation />
      <Execution ProcessID="7212" ThreadID="9748" />
      <Channel>Microsoft-Windows-Sysmon/Operational</Channel>
      <Computer>DESKTOP-NTSSLJD</Computer>
      <Security UserID="S-1-5-18" />
    </System>
    <EventData>
      <Data Name="RuleName">-</Data>
      <Data Name="UtcTime">2020-10-20 11:50:55.270</Data>
      <Data Name="ProcessGuid">{23f38d93-cf1f-5f8e-ca08-000000000c00}</Data>
      <Data Name="ProcessId">8736</Data>
      <Data Name="Image">C:\Program Files\Internet Explorer\ieinstal.exe</Data>
      <Data Name="ImageLoaded">C:\Windows\System32\wintrust.dll</Data>
      <Data Name="FileVersion">10.0.18362.1139 (WinBuild.160101.0800)</Data>
      <Data Name="Description">Microsoft Trust Verification APIs</Data>
      <Data Name="Product">Microsoft« Windows« Operating System</Data>
      <Data Name="Company">Microsoft Corporation</Data>
      <Data Name="OriginalFileName">WINTRUST.DLL</Data>
      <Data Name="Hashes">SHA1=1D4CAA4103D48114427B8D1E69707ED12C30E634,MD5=E8C1E4DEC2498695CC0EE5FAC806D501,SHA256=253B83765C2FE82B75357AAEA08053FDF281201EF36F6A69406CFDEA84ADB9E0,IMPHASH=E57A72C1C30E2E99A58FD1D7A27738D7</Data>
      <Data Name="Signed">true</Data>
      <Data Name="Signature">Microsoft Windows</Data>
      <Data Name="SignatureStatus">Valid</Data>
    </EventData>
  </Event>
  <Event xmlns="http://schemas.microsoft.com/win/2004/08/events/event">
    <System>
      <Provider Name="Microsoft-Windows-Sysmon" Guid="{5770385f-c22a-43e0-bf4c-06f5698ffbd9}" />
      <EventID>7</EventID>
      <Version>3</Version>
      <Level>4</Level>
      <Task>7</Task>
      <Opcode>0</Opcode>
      <Keywords>0x8000000000000000</Keywords>
      <TimeCreated SystemTime="2020-10-20T11:50:55.300093900Z" />
      <EventRecordID>733</EventRecordID>
      <Correlation />
      <Execution ProcessID="7212" ThreadID="9748" />
      <Channel>Microsoft-Windows-Sysmon/Operational</Channel>
      <Computer>DESKTOP-NTSSLJD</Computer>
      <Security UserID="S-1-5-18" />
    </System>
    <EventData>
      <Data Name="RuleName">-</Data>
      <Data Name="UtcTime">2020-10-20 11:50:55.270</Data>
      <Data Name="ProcessGuid">{23f38d93-cf1f-5f8e-ca08-000000000c00}</Data>
      <Data Name="ProcessId">8736</Data>
      <Data Name="Image">C:\Program Files\Internet Explorer\ieinstal.exe</Data>
      <Data Name="ImageLoaded">C:\Windows\System32\msasn1.dll</Data>
      <Data Name="FileVersion">10.0.18362.1 (WinBuild.160101.0800)</Data>
      <Data Name="Description">ASN.1 Runtime APIs</Data>
      <Data Name="Product">Microsoft« Windows« Operating System</Data>
      <Data Name="Company">Microsoft Corporation</Data>
      <Data Name="OriginalFileName">msasn1.dll</Data>
      <Data Name="Hashes">SHA1=F1F2A398A07419B588494558430A141884AD66EF,MD5=23D95BFDCD23EC6AFFF7E4B0703CE464,SHA256=18DE438E2C068383700C5A87423B70B251302F0D5107F331BC7EDE5097504907,IMPHASH=F79599CA729D557E0381EC0A41471A27</Data>
      <Data Name="Signed">true</Data>
      <Data Name="Signature">Microsoft Windows</Data>
      <Data Name="SignatureStatus">Valid</Data>
    </EventData>
  </Event>
  <Event xmlns="http://schemas.microsoft.com/win/2004/08/events/event">
    <System>
      <Provider Name="Microsoft-Windows-Sysmon" Guid="{5770385f-c22a-43e0-bf4c-06f5698ffbd9}" />
      <EventID>7</EventID>
      <Version>3</Version>
      <Level>4</Level>
      <Task>7</Task>
      <Opcode>0</Opcode>
      <Keywords>0x8000000000000000</Keywords>
      <TimeCreated SystemTime="2020-10-20T11:50:55.300425900Z" />
      <EventRecordID>734</EventRecordID>
      <Correlation />
      <Execution ProcessID="7212" ThreadID="9748" />
      <Channel>Microsoft-Windows-Sysmon/Operational</Channel>
      <Computer>DESKTOP-NTSSLJD</Computer>
      <Security UserID="S-1-5-18" />
    </System>
    <EventData>
      <Data Name="RuleName">-</Data>
      <Data Name="UtcTime">2020-10-20 11:50:55.270</Data>
      <Data Name="ProcessGuid">{23f38d93-cf1f-5f8e-ca08-000000000c00}</Data>
      <Data Name="ProcessId">8736</Data>
      <Data Name="Image">C:\Program Files\Internet Explorer\ieinstal.exe</Data>
      <Data Name="ImageLoaded">C:\Windows\System32\crypt32.dll</Data>
      <Data Name="FileVersion">10.0.18362.592 (WinBuild.160101.0800)</Data>
      <Data Name="Description">Crypto API32</Data>
      <Data Name="Product">Microsoft« Windows« Operating System</Data>
      <Data Name="Company">Microsoft Corporation</Data>
      <Data Name="OriginalFileName">CRYPT32.DLL</Data>
      <Data Name="Hashes">SHA1=7A9DD389B0E3C124D4BFE5C1FF15F9A93285514F,MD5=1676DE3980DF1D78E14B172989916570,SHA256=E832E3A58B542E15A169B1545CE82451ACE19BD361FD81764383048528F9B540,IMPHASH=F523F043ACCD8EF1D89F5FD34B5CBBA6</Data>
      <Data Name="Signed">true</Data>
      <Data Name="Signature">Microsoft Windows</Data>
      <Data Name="SignatureStatus">Valid</Data>
    </EventData>
  </Event>
  <Event xmlns="http://schemas.microsoft.com/win/2004/08/events/event">
    <System>
      <Provider Name="Microsoft-Windows-Sysmon" Guid="{5770385f-c22a-43e0-bf4c-06f5698ffbd9}" />
      <EventID>7</EventID>
      <Version>3</Version>
      <Level>4</Level>
      <Task>7</Task>
      <Opcode>0</Opcode>
      <Keywords>0x8000000000000000</Keywords>
      <TimeCreated SystemTime="2020-10-20T11:50:55.300954200Z" />
      <EventRecordID>735</EventRecordID>
      <Correlation />
      <Execution ProcessID="7212" ThreadID="9748" />
      <Channel>Microsoft-Windows-Sysmon/Operational</Channel>
      <Computer>DESKTOP-NTSSLJD</Computer>
      <Security UserID="S-1-5-18" />
    </System>
    <EventData>
      <Data Name="RuleName">-</Data>
      <Data Name="UtcTime">2020-10-20 11:50:55.285</Data>
      <Data Name="ProcessGuid">{23f38d93-cf1f-5f8e-ca08-000000000c00}</Data>
      <Data Name="ProcessId">8736</Data>
      <Data Name="Image">C:\Program Files\Internet Explorer\ieinstal.exe</Data>
      <Data Name="ImageLoaded">C:\Windows\System32\urlmon.dll</Data>
      <Data Name="FileVersion">11.00.18362.1110 (WinBuild.160101.0800)</Data>
      <Data Name="Description">OLE32 Extensions for Win32</Data>
      <Data Name="Product">Internet Explorer</Data>
      <Data Name="Company">Microsoft Corporation</Data>
      <Data Name="OriginalFileName">UrlMon.dll</Data>
      <Data Name="Hashes">SHA1=D17D9B227D596326AB3DDB62C112AF7FC2086A81,MD5=47BD27E286130A898A71D28354C6EA51,SHA256=720DB7C8EE00F11FE741317420FF07906ADE1F83EABDCB875B5CF37241D99E09,IMPHASH=75660DEE439E0444CAA3BB74E19C02F0</Data>
      <Data Name="Signed">true</Data>
      <Data Name="Signature">Microsoft Windows</Data>
      <Data Name="SignatureStatus">Valid</Data>
    </EventData>
  </Event>
  <Event xmlns="http://schemas.microsoft.com/win/2004/08/events/event">
    <System>
      <Provider Name="Microsoft-Windows-Sysmon" Guid="{5770385f-c22a-43e0-bf4c-06f5698ffbd9}" />
      <EventID>7</EventID>
      <Version>3</Version>
      <Level>4</Level>
      <Task>7</Task>
      <Opcode>0</Opcode>
      <Keywords>0x8000000000000000</Keywords>
      <TimeCreated SystemTime="2020-10-20T11:50:55.301258900Z" />
      <EventRecordID>736</EventRecordID>
      <Correlation />
      <Execution ProcessID="7212" ThreadID="9748" />
      <Channel>Microsoft-Windows-Sysmon/Operational</Channel>
      <Computer>DESKTOP-NTSSLJD</Computer>
      <Security UserID="S-1-5-18" />
    </System>
    <EventData>
      <Data Name="RuleName">-</Data>
      <Data Name="UtcTime">2020-10-20 11:50:55.285</Data>
      <Data Name="ProcessGuid">{23f38d93-cf1f-5f8e-ca08-000000000c00}</Data>
      <Data Name="ProcessId">8736</Data>
      <Data Name="Image">C:\Program Files\Internet Explorer\ieinstal.exe</Data>
      <Data Name="ImageLoaded">C:\Windows\System32\SHCore.dll</Data>
      <Data Name="FileVersion">10.0.18362.959 (WinBuild.160101.0800)</Data>
      <Data Name="Description">SHCORE</Data>
      <Data Name="Product">Microsoft« Windows« Operating System</Data>
      <Data Name="Company">Microsoft Corporation</Data>
      <Data Name="OriginalFileName">SHCORE.dll</Data>
      <Data Name="Hashes">SHA1=75C9F506592699E30D8ECA63F88C79E956324111,MD5=6ACBCCE095FDB475FC2B3D178E5D9208,SHA256=3F49AB1B04EE3D843E961A1B62CB695EE3FE940EE287819BBBABCC1C3A38F507,IMPHASH=0E48D88DA5B1AEFE29036ECDE5B34E8D</Data>
      <Data Name="Signed">true</Data>
      <Data Name="Signature">Microsoft Windows</Data>
      <Data Name="SignatureStatus">Valid</Data>
    </EventData>
  </Event>
  <Event xmlns="http://schemas.microsoft.com/win/2004/08/events/event">
    <System>
      <Provider Name="Microsoft-Windows-Sysmon" Guid="{5770385f-c22a-43e0-bf4c-06f5698ffbd9}" />
      <EventID>7</EventID>
      <Version>3</Version>
      <Level>4</Level>
      <Task>7</Task>
      <Opcode>0</Opcode>
      <Keywords>0x8000000000000000</Keywords>
      <TimeCreated SystemTime="2020-10-20T11:50:55.301551900Z" />
      <EventRecordID>737</EventRecordID>
      <Correlation />
      <Execution ProcessID="7212" ThreadID="9748" />
      <Channel>Microsoft-Windows-Sysmon/Operational</Channel>
      <Computer>DESKTOP-NTSSLJD</Computer>
      <Security UserID="S-1-5-18" />
    </System>
    <EventData>
      <Data Name="RuleName">-</Data>
      <Data Name="UtcTime">2020-10-20 11:50:55.285</Data>
      <Data Name="ProcessGuid">{23f38d93-cf1f-5f8e-ca08-000000000c00}</Data>
      <Data Name="ProcessId">8736</Data>
      <Data Name="Image">C:\Program Files\Internet Explorer\ieinstal.exe</Data>
      <Data Name="ImageLoaded">C:\Windows\System32\windows.storage.dll</Data>
      <Data Name="FileVersion">10.0.18362.1082 (WinBuild.160101.0800)</Data>
      <Data Name="Description">Microsoft WinRT Storage API</Data>
      <Data Name="Product">Microsoft« Windows« Operating System</Data>
      <Data Name="Company">Microsoft Corporation</Data>
      <Data Name="OriginalFileName">Windows.Storage.dll</Data>
      <Data Name="Hashes">SHA1=DF7D0248848C0247FD5F65ABD9799FDA0380C77D,MD5=DDD102204FDCD3FC8DD0AA89CF6609A3,SHA256=49F37639155096444C1B780071B8D63320FD8F8DC1D7CEF7A9031830C4F90968,IMPHASH=BDB3E400A78EE2D42C647E85CD2D827B</Data>
      <Data Name="Signed">true</Data>
      <Data Name="Signature">Microsoft Windows</Data>
      <Data Name="SignatureStatus">Valid</Data>
    </EventData>
  </Event>
  <Event xmlns="http://schemas.microsoft.com/win/2004/08/events/event">
    <System>
      <Provider Name="Microsoft-Windows-Sysmon" Guid="{5770385f-c22a-43e0-bf4c-06f5698ffbd9}" />
      <EventID>7</EventID>
      <Version>3</Version>
      <Level>4</Level>
      <Task>7</Task>
      <Opcode>0</Opcode>
      <Keywords>0x8000000000000000</Keywords>
      <TimeCreated SystemTime="2020-10-20T11:50:55.301834900Z" />
      <EventRecordID>738</EventRecordID>
      <Correlation />
      <Execution ProcessID="7212" ThreadID="9748" />
      <Channel>Microsoft-Windows-Sysmon/Operational</Channel>
      <Computer>DESKTOP-NTSSLJD</Computer>
      <Security UserID="S-1-5-18" />
    </System>
    <EventData>
      <Data Name="RuleName">-</Data>
      <Data Name="UtcTime">2020-10-20 11:50:55.285</Data>
      <Data Name="ProcessGuid">{23f38d93-cf1f-5f8e-ca08-000000000c00}</Data>
      <Data Name="ProcessId">8736</Data>
      <Data Name="Image">C:\Program Files\Internet Explorer\ieinstal.exe</Data>
      <Data Name="ImageLoaded">C:\Windows\System32\profapi.dll</Data>
      <Data Name="FileVersion">10.0.18362.693 (WinBuild.160101.0800)</Data>
      <Data Name="Description">User Profile Basic API</Data>
      <Data Name="Product">Microsoft« Windows« Operating System</Data>
      <Data Name="Company">Microsoft Corporation</Data>
      <Data Name="OriginalFileName">PROFAPI.DLL</Data>
      <Data Name="Hashes">SHA1=387FC7660AFDEC45CFFB84980EB77D0E787ED31B,MD5=F4862E1CC68687B9D4B245512BDF8383,SHA256=A2DF0AC95B9AA338EB6062BA5739F65BFBA86658546F4C5CAC6045C363F55E24,IMPHASH=192CF98320740B7D296297054A9C3EEA</Data>
      <Data Name="Signed">true</Data>
      <Data Name="Signature">Microsoft Windows</Data>
      <Data Name="SignatureStatus">Valid</Data>
    </EventData>
  </Event>
  <Event xmlns="http://schemas.microsoft.com/win/2004/08/events/event">
    <System>
      <Provider Name="Microsoft-Windows-Sysmon" Guid="{5770385f-c22a-43e0-bf4c-06f5698ffbd9}" />
      <EventID>7</EventID>
      <Version>3</Version>
      <Level>4</Level>
      <Task>7</Task>
      <Opcode>0</Opcode>
      <Keywords>0x8000000000000000</Keywords>
      <TimeCreated SystemTime="2020-10-20T11:50:55.302117400Z" />
      <EventRecordID>739</EventRecordID>
      <Correlation />
      <Execution ProcessID="7212" ThreadID="9748" />
      <Channel>Microsoft-Windows-Sysmon/Operational</Channel>
      <Computer>DESKTOP-NTSSLJD</Computer>
      <Security UserID="S-1-5-18" />
    </System>
    <EventData>
      <Data Name="RuleName">-</Data>
      <Data Name="UtcTime">2020-10-20 11:50:55.285</Data>
      <Data Name="ProcessGuid">{23f38d93-cf1f-5f8e-ca08-000000000c00}</Data>
      <Data Name="ProcessId">8736</Data>
      <Data Name="Image">C:\Program Files\Internet Explorer\ieinstal.exe</Data>
      <Data Name="ImageLoaded">C:\Windows\System32\powrprof.dll</Data>
      <Data Name="FileVersion">10.0.18362.1 (WinBuild.160101.0800)</Data>
      <Data Name="Description">Power Profile Helper DLL</Data>
      <Data Name="Product">Microsoft« Windows« Operating System</Data>
      <Data Name="Company">Microsoft Corporation</Data>
      <Data Name="OriginalFileName">POWRPROF.DLL</Data>
      <Data Name="Hashes">SHA1=30D5ADBC0664977C27B65622F514632581C9AF45,MD5=07B027B1E0B775FAE815E487F28137B9,SHA256=21358CE9A416C7F6DB063095102E91F014BDB85B08A4E783E17234792C9B483A,IMPHASH=817FF4748665EB442F0081A91349F764</Data>
      <Data Name="Signed">true</Data>
      <Data Name="Signature">Microsoft Windows</Data>
      <Data Name="SignatureStatus">Valid</Data>
    </EventData>
  </Event>
  <Event xmlns="http://schemas.microsoft.com/win/2004/08/events/event">
    <System>
      <Provider Name="Microsoft-Windows-Sysmon" Guid="{5770385f-c22a-43e0-bf4c-06f5698ffbd9}" />
      <EventID>7</EventID>
      <Version>3</Version>
      <Level>4</Level>
      <Task>7</Task>
      <Opcode>0</Opcode>
      <Keywords>0x8000000000000000</Keywords>
      <TimeCreated SystemTime="2020-10-20T11:50:55.302295700Z" />
      <EventRecordID>740</EventRecordID>
      <Correlation />
      <Execution ProcessID="7212" ThreadID="9748" />
      <Channel>Microsoft-Windows-Sysmon/Operational</Channel>
      <Computer>DESKTOP-NTSSLJD</Computer>
      <Security UserID="S-1-5-18" />
    </System>
    <EventData>
      <Data Name="RuleName">-</Data>
      <Data Name="UtcTime">2020-10-20 11:50:55.285</Data>
      <Data Name="ProcessGuid">{23f38d93-cf1f-5f8e-ca08-000000000c00}</Data>
      <Data Name="ProcessId">8736</Data>
      <Data Name="Image">C:\Program Files\Internet Explorer\ieinstal.exe</Data>
      <Data Name="ImageLoaded">C:\Windows\System32\umpdc.dll</Data>
      <Data Name="FileVersion">-</Data>
      <Data Name="Description">-</Data>
      <Data Name="Product">-</Data>
      <Data Name="Company">-</Data>
      <Data Name="OriginalFileName">-</Data>
      <Data Name="Hashes">SHA1=6ABB78FB1614C12E3E9FFF3DE98B0E13E79201D9,MD5=B9A75ED4500DD953DF172FE6F63578E8,SHA256=709B99BA1DFEF6D9B2483F37D242B12F29B1E1ADE13E338B4D7041C55B55204B,IMPHASH=5A0FF5293A05BFEBAE6F2C9C302FC5E7</Data>
      <Data Name="Signed">true</Data>
      <Data Name="Signature">Microsoft Windows</Data>
      <Data Name="SignatureStatus">Valid</Data>
    </EventData>
  </Event>
  <Event xmlns="http://schemas.microsoft.com/win/2004/08/events/event">
    <System>
      <Provider Name="Microsoft-Windows-Sysmon" Guid="{5770385f-c22a-43e0-bf4c-06f5698ffbd9}" />
      <EventID>7</EventID>
      <Version>3</Version>
      <Level>4</Level>
      <Task>7</Task>
      <Opcode>0</Opcode>
      <Keywords>0x8000000000000000</Keywords>
      <TimeCreated SystemTime="2020-10-20T11:50:55.302582900Z" />
      <EventRecordID>741</EventRecordID>
      <Correlation />
      <Execution ProcessID="7212" ThreadID="9748" />
      <Channel>Microsoft-Windows-Sysmon/Operational</Channel>
      <Computer>DESKTOP-NTSSLJD</Computer>
      <Security UserID="S-1-5-18" />
    </System>
    <EventData>
      <Data Name="RuleName">-</Data>
      <Data Name="UtcTime">2020-10-20 11:50:55.285</Data>
      <Data Name="ProcessGuid">{23f38d93-cf1f-5f8e-ca08-000000000c00}</Data>
      <Data Name="ProcessId">8736</Data>
      <Data Name="Image">C:\Program Files\Internet Explorer\ieinstal.exe</Data>
      <Data Name="ImageLoaded">C:\Windows\System32\shlwapi.dll</Data>
      <Data Name="FileVersion">10.0.18362.1 (WinBuild.160101.0800)</Data>
      <Data Name="Description">Shell Light-weight Utility Library</Data>
      <Data Name="Product">Microsoft« Windows« Operating System</Data>
      <Data Name="Company">Microsoft Corporation</Data>
      <Data Name="OriginalFileName">SHLWAPI.DLL</Data>
      <Data Name="Hashes">SHA1=9074DF3335B785BB00B43AE76ACC66B799118FAE,MD5=BFB85A9022324E41FCEC5011BCB5FD23,SHA256=3CDA144CFB6278DA47267FE1E1FE258716A074C3D3DD8413B259DA7DA1039871,IMPHASH=6659A49ABF33952444C5A7FA22FD9032</Data>
      <Data Name="Signed">true</Data>
      <Data Name="Signature">Microsoft Windows</Data>
      <Data Name="SignatureStatus">Valid</Data>
    </EventData>
  </Event>
  <Event xmlns="http://schemas.microsoft.com/win/2004/08/events/event">
    <System>
      <Provider Name="Microsoft-Windows-Sysmon" Guid="{5770385f-c22a-43e0-bf4c-06f5698ffbd9}" />
      <EventID>7</EventID>
      <Version>3</Version>
      <Level>4</Level>
      <Task>7</Task>
      <Opcode>0</Opcode>
      <Keywords>0x8000000000000000</Keywords>
      <TimeCreated SystemTime="2020-10-20T11:50:55.302868900Z" />
      <EventRecordID>742</EventRecordID>
      <Correlation />
      <Execution ProcessID="7212" ThreadID="9748" />
      <Channel>Microsoft-Windows-Sysmon/Operational</Channel>
      <Computer>DESKTOP-NTSSLJD</Computer>
      <Security UserID="S-1-5-18" />
    </System>
    <EventData>
      <Data Name="RuleName">-</Data>
      <Data Name="UtcTime">2020-10-20 11:50:55.285</Data>
      <Data Name="ProcessGuid">{23f38d93-cf1f-5f8e-ca08-000000000c00}</Data>
      <Data Name="ProcessId">8736</Data>
      <Data Name="Image">C:\Program Files\Internet Explorer\ieinstal.exe</Data>
      <Data Name="ImageLoaded">C:\Windows\System32\kernel.appcore.dll</Data>
      <Data Name="FileVersion">10.0.18362.1110 (WinBuild.160101.0800)</Data>
      <Data Name="Description">AppModel API Host</Data>
      <Data Name="Product">Microsoft« Windows« Operating System</Data>
      <Data Name="Company">Microsoft Corporation</Data>
      <Data Name="OriginalFileName">kernel.appcore.dll</Data>
      <Data Name="Hashes">SHA1=F1D1D942ACBA432D60C139A8AE9644665044BCD6,MD5=5539643D8D55C97FB3A5F7E24C448A3F,SHA256=4FB47D56F0FC6C27FEC884E078A2999F7B2E10994359960CC78182544CA80C36,IMPHASH=639D16ACD736EAE912B88E985A0A7A0F</Data>
      <Data Name="Signed">true</Data>
      <Data Name="Signature">Microsoft Windows</Data>
      <Data Name="SignatureStatus">Valid</Data>
    </EventData>
  </Event>
  <Event xmlns="http://schemas.microsoft.com/win/2004/08/events/event">
    <System>
      <Provider Name="Microsoft-Windows-Sysmon" Guid="{5770385f-c22a-43e0-bf4c-06f5698ffbd9}" />
      <EventID>7</EventID>
      <Version>3</Version>
      <Level>4</Level>
      <Task>7</Task>
      <Opcode>0</Opcode>
      <Keywords>0x8000000000000000</Keywords>
      <TimeCreated SystemTime="2020-10-20T11:50:55.303828100Z" />
      <EventRecordID>743</EventRecordID>
      <Correlation />
      <Execution ProcessID="7212" ThreadID="9748" />
      <Channel>Microsoft-Windows-Sysmon/Operational</Channel>
      <Computer>DESKTOP-NTSSLJD</Computer>
      <Security UserID="S-1-5-18" />
    </System>
    <EventData>
      <Data Name="RuleName">-</Data>
      <Data Name="UtcTime">2020-10-20 11:50:55.285</Data>
      <Data Name="ProcessGuid">{23f38d93-cf1f-5f8e-ca08-000000000c00}</Data>
      <Data Name="ProcessId">8736</Data>
      <Data Name="Image">C:\Program Files\Internet Explorer\ieinstal.exe</Data>
      <Data Name="ImageLoaded">C:\Windows\System32\iertutil.dll</Data>
      <Data Name="FileVersion">11.00.18362.1110 (WinBuild.160101.0800)</Data>
      <Data Name="Description">Run time utility for Internet Explorer</Data>
      <Data Name="Product">Internet Explorer</Data>
      <Data Name="Company">Microsoft Corporation</Data>
      <Data Name="OriginalFileName">IeRtUtil.dll</Data>
      <Data Name="Hashes">SHA1=0CB5F095246A71A1EA43BDA79913A7FEF1BFC0F3,MD5=4366B745BB95EA955EBFDAB02762A781,SHA256=1B15BADDFA5C45446413E9297E9D98134E5E61AFA454C4B82DE911B1518C69CA,IMPHASH=8A91E12AED8A0B282C3E51CA39DEC3F4</Data>
      <Data Name="Signed">true</Data>
      <Data Name="Signature">Microsoft Windows</Data>
      <Data Name="SignatureStatus">Valid</Data>
    </EventData>
  </Event>
  <Event xmlns="http://schemas.microsoft.com/win/2004/08/events/event">
    <System>
      <Provider Name="Microsoft-Windows-Sysmon" Guid="{5770385f-c22a-43e0-bf4c-06f5698ffbd9}" />
      <EventID>7</EventID>
      <Version>3</Version>
      <Level>4</Level>
      <Task>7</Task>
      <Opcode>0</Opcode>
      <Keywords>0x8000000000000000</Keywords>
      <TimeCreated SystemTime="2020-10-20T11:50:55.304145300Z" />
      <EventRecordID>744</EventRecordID>
      <Correlation />
      <Execution ProcessID="7212" ThreadID="9748" />
      <Channel>Microsoft-Windows-Sysmon/Operational</Channel>
      <Computer>DESKTOP-NTSSLJD</Computer>
      <Security UserID="S-1-5-18" />
    </System>
    <EventData>
      <Data Name="RuleName">-</Data>
      <Data Name="UtcTime">2020-10-20 11:50:55.285</Data>
      <Data Name="ProcessGuid">{23f38d93-cf1f-5f8e-ca08-000000000c00}</Data>
      <Data Name="ProcessId">8736</Data>
      <Data Name="Image">C:\Program Files\Internet Explorer\ieinstal.exe</Data>
      <Data Name="ImageLoaded">C:\Windows\System32\cryptbase.dll</Data>
      <Data Name="FileVersion">10.0.18362.1 (WinBuild.160101.0800)</Data>
      <Data Name="Description">Base cryptographic API DLL</Data>
      <Data Name="Product">Microsoft« Windows« Operating System</Data>
      <Data Name="Company">Microsoft Corporation</Data>
      <Data Name="OriginalFileName">cryptbase.dll</Data>
      <Data Name="Hashes">SHA1=B6093663113CF33A76156CB3F6D4322514F00E4B,MD5=26887DE7D7D1928F52A452E3A63E55E8,SHA256=EA86D9754164CA2C01B4A7F81188B2490CEE1F350E177861A4702C92DFD6D066,IMPHASH=3F27E242D68FC14338677A25FAE441F7</Data>
      <Data Name="Signed">true</Data>
      <Data Name="Signature">Microsoft Windows</Data>
      <Data Name="SignatureStatus">Valid</Data>
    </EventData>
  </Event>
  <Event xmlns="http://schemas.microsoft.com/win/2004/08/events/event">
    <System>
      <Provider Name="Microsoft-Windows-Sysmon" Guid="{5770385f-c22a-43e0-bf4c-06f5698ffbd9}" />
      <EventID>7</EventID>
      <Version>3</Version>
      <Level>4</Level>
      <Task>7</Task>
      <Opcode>0</Opcode>
      <Keywords>0x8000000000000000</Keywords>
      <TimeCreated SystemTime="2020-10-20T11:50:55.305064900Z" />
      <EventRecordID>745</EventRecordID>
      <Correlation />
      <Execution ProcessID="7212" ThreadID="9748" />
      <Channel>Microsoft-Windows-Sysmon/Operational</Channel>
      <Computer>DESKTOP-NTSSLJD</Computer>
      <Security UserID="S-1-5-18" />
    </System>
    <EventData>
      <Data Name="RuleName">-</Data>
      <Data Name="UtcTime">2020-10-20 11:50:55.285</Data>
      <Data Name="ProcessGuid">{23f38d93-cf1f-5f8e-ca08-000000000c00}</Data>
      <Data Name="ProcessId">8736</Data>
      <Data Name="Image">C:\Program Files\Internet Explorer\ieinstal.exe</Data>
      <Data Name="ImageLoaded">C:\Windows\System32\imm32.dll</Data>
      <Data Name="FileVersion">10.0.18362.387 (WinBuild.160101.0800)</Data>
      <Data Name="Description">Multi-User Windows IMM32 API Client DLL</Data>
      <Data Name="Product">Microsoft« Windows« Operating System</Data>
      <Data Name="Company">Microsoft Corporation</Data>
      <Data Name="OriginalFileName">imm32</Data>
      <Data Name="Hashes">SHA1=76BB2AB8D3CB6DB6D23F4771334C9AA9C231B03A,MD5=025CC332EDC4B1A38290F3E36BCEF4FB,SHA256=0FE3C1C575EA1B0257B2EB12527EC35E3004CD88EA5BAEC7095386A9F9EB70AD,IMPHASH=24F54B6761C10BA12481CF6C780605BF</Data>
      <Data Name="Signed">true</Data>
      <Data Name="Signature">Microsoft Windows</Data>
      <Data Name="SignatureStatus">Valid</Data>
    </EventData>
  </Event>
  <Event xmlns="http://schemas.microsoft.com/win/2004/08/events/event">
    <System>
      <Provider Name="Microsoft-Windows-Sysmon" Guid="{5770385f-c22a-43e0-bf4c-06f5698ffbd9}" />
      <EventID>7</EventID>
      <Version>3</Version>
      <Level>4</Level>
      <Task>7</Task>
      <Opcode>0</Opcode>
      <Keywords>0x8000000000000000</Keywords>
      <TimeCreated SystemTime="2020-10-20T11:50:55.315262500Z" />
      <EventRecordID>746</EventRecordID>
      <Correlation />
      <Execution ProcessID="7212" ThreadID="9748" />
      <Channel>Microsoft-Windows-Sysmon/Operational</Channel>
      <Computer>DESKTOP-NTSSLJD</Computer>
      <Security UserID="S-1-5-18" />
    </System>
    <EventData>
      <Data Name="RuleName">-</Data>
      <Data Name="UtcTime">2020-10-20 11:50:55.301</Data>
      <Data Name="ProcessGuid">{23f38d93-cf1f-5f8e-ca08-000000000c00}</Data>
      <Data Name="ProcessId">8736</Data>
      <Data Name="Image">C:\Program Files\Internet Explorer\ieinstal.exe</Data>
      <Data Name="ImageLoaded">C:\Windows\WinSxS\amd64_microsoft.windows.common-controls_6595b64144ccf1df_6.0.18362.1139_none_9e7bf2d3e4605ac6\comctl32.dll</Data>
      <Data Name="FileVersion">6.10 (WinBuild.160101.0800)</Data>
      <Data Name="Description">User Experience Controls Library</Data>
      <Data Name="Product">Microsoft« Windows« Operating System</Data>
      <Data Name="Company">Microsoft Corporation</Data>
      <Data Name="OriginalFileName">comctl32.DLL</Data>
      <Data Name="Hashes">SHA1=6903CE508BF5BE290209682CE50DA74FF8E41DC7,MD5=B292ADE574FFDFA0828D33B5084D3ADF,SHA256=1C261B3309B851FB08652DE31B86BAB9D843FDF5AEE80AE12F19F6AFE2B97045,IMPHASH=C0671771A067C287DB4783914ABFEAD2</Data>
      <Data Name="Signed">true</Data>
      <Data Name="Signature">Microsoft Windows</Data>
      <Data Name="SignatureStatus">Valid</Data>
    </EventData>
  </Event>
  <Event xmlns="http://schemas.microsoft.com/win/2004/08/events/event">
    <System>
      <Provider Name="Microsoft-Windows-Sysmon" Guid="{5770385f-c22a-43e0-bf4c-06f5698ffbd9}" />
      <EventID>7</EventID>
      <Version>3</Version>
      <Level>4</Level>
      <Task>7</Task>
      <Opcode>0</Opcode>
      <Keywords>0x8000000000000000</Keywords>
      <TimeCreated SystemTime="2020-10-20T11:50:55.319582600Z" />
      <EventRecordID>747</EventRecordID>
      <Correlation />
      <Execution ProcessID="7212" ThreadID="9748" />
      <Channel>Microsoft-Windows-Sysmon/Operational</Channel>
      <Computer>DESKTOP-NTSSLJD</Computer>
      <Security UserID="S-1-5-18" />
    </System>
    <EventData>
      <Data Name="RuleName">-</Data>
      <Data Name="UtcTime">2020-10-20 11:50:55.317</Data>
      <Data Name="ProcessGuid">{23f38d93-cf1f-5f8e-ca08-000000000c00}</Data>
      <Data Name="ProcessId">8736</Data>
      <Data Name="Image">C:\Program Files\Internet Explorer\ieinstal.exe</Data>
      <Data Name="ImageLoaded">C:\Windows\System32\clbcatq.dll</Data>
      <Data Name="FileVersion">2001.12.10941.16384 (WinBuild.160101.0800)</Data>
      <Data Name="Description">COM+ Configuration Catalog</Data>
      <Data Name="Product">Microsoft« Windows« Operating System</Data>
      <Data Name="Company">Microsoft Corporation</Data>
      <Data Name="OriginalFileName">CLBCATQ.DLL</Data>
      <Data Name="Hashes">SHA1=7DE7C7E87CFA639E8C4DF269E38FB69A391D6790,MD5=4B179D7C6AA9424831847BA6BACDB260,SHA256=F0541B07D7B00C8D09BC72DF7E2D974F83482E42CD88B4E8260B832B7A71682E,IMPHASH=70F94828FF194145825265FE7BA88C95</Data>
      <Data Name="Signed">true</Data>
      <Data Name="Signature">Microsoft Windows</Data>
      <Data Name="SignatureStatus">Valid</Data>
    </EventData>
  </Event>
  <Event xmlns="http://schemas.microsoft.com/win/2004/08/events/event">
    <System>
      <Provider Name="Microsoft-Windows-Sysmon" Guid="{5770385f-c22a-43e0-bf4c-06f5698ffbd9}" />
      <EventID>7</EventID>
      <Version>3</Version>
      <Level>4</Level>
      <Task>7</Task>
      <Opcode>0</Opcode>
      <Keywords>0x8000000000000000</Keywords>
      <TimeCreated SystemTime="2020-10-20T11:50:55.323327800Z" />
      <EventRecordID>748</EventRecordID>
      <Correlation />
      <Execution ProcessID="7212" ThreadID="5064" />
      <Channel>Microsoft-Windows-Sysmon/Operational</Channel>
      <Computer>DESKTOP-NTSSLJD</Computer>
      <Security UserID="S-1-5-18" />
    </System>
    <EventData>
      <Data Name="RuleName">-</Data>
      <Data Name="UtcTime">2020-10-20 11:50:55.285</Data>
      <Data Name="ProcessGuid">{23f38d93-cf1f-5f8e-ca08-000000000c00}</Data>
      <Data Name="ProcessId">8736</Data>
      <Data Name="Image">C:\Program Files\Internet Explorer\ieinstal.exe</Data>
      <Data Name="ImageLoaded">C:\Windows\System32\authz.dll</Data>
      <Data Name="FileVersion">10.0.18362.1 (WinBuild.160101.0800)</Data>
      <Data Name="Description">Authorization Framework</Data>
      <Data Name="Product">Microsoft« Windows« Operating System</Data>
      <Data Name="Company">Microsoft Corporation</Data>
      <Data Name="OriginalFileName">authz.dll</Data>
      <Data Name="Hashes">SHA1=A9D0855857DD0A946BC2B5982353574776EC957A,MD5=984173FF935793794A817ABA374B8B1B,SHA256=AA6F5C2741E76F614932188DDF88320417B40C8DDACF2B044F52D7759FD612FD,IMPHASH=2B609AAA2143BB40347912D3E7AC6AB0</Data>
      <Data Name="Signed">true</Data>
      <Data Name="Signature">Microsoft Windows</Data>
      <Data Name="SignatureStatus">Valid</Data>
    </EventData>
  </Event>
  <Event xmlns="http://schemas.microsoft.com/win/2004/08/events/event">
    <System>
      <Provider Name="Microsoft-Windows-Sysmon" Guid="{5770385f-c22a-43e0-bf4c-06f5698ffbd9}" />
      <EventID>7</EventID>
      <Version>3</Version>
      <Level>4</Level>
      <Task>7</Task>
      <Opcode>0</Opcode>
      <Keywords>0x8000000000000000</Keywords>
      <TimeCreated SystemTime="2020-10-20T11:50:55.353578200Z" />
      <EventRecordID>749</EventRecordID>
      <Correlation />
      <Execution ProcessID="7212" ThreadID="5064" />
      <Channel>Microsoft-Windows-Sysmon/Operational</Channel>
      <Computer>DESKTOP-NTSSLJD</Computer>
      <Security UserID="S-1-5-18" />
    </System>
    <EventData>
      <Data Name="RuleName">-</Data>
      <Data Name="UtcTime">2020-10-20 11:50:55.317</Data>
      <Data Name="ProcessGuid">{23f38d93-cf1f-5f8e-ca08-000000000c00}</Data>
      <Data Name="ProcessId">8736</Data>
      <Data Name="Image">C:\Program Files\Internet Explorer\ieinstal.exe</Data>
      <Data Name="ImageLoaded">C:\Windows\System32\ieproxy.dll</Data>
      <Data Name="FileVersion">11.00.18362.1139 (WinBuild.160101.0800)</Data>
      <Data Name="Description">IE ActiveX Interface Marshaling Library</Data>
      <Data Name="Product">Internet Explorer</Data>
      <Data Name="Company">Microsoft Corporation</Data>
      <Data Name="OriginalFileName">ieproxy.dll</Data>
      <Data Name="Hashes">SHA1=606F2E3BCEC432592902D80A8D8DFEA2F92AFC1F,MD5=27342870EEFF15BD2475B1805EEA7430,SHA256=D48EDE6062851848C2C3FE6F5611B7F72DD9384B102B579D91B73A08337300D3,IMPHASH=75C30C9120F11895C047B7F133AF6D52</Data>
      <Data Name="Signed">true</Data>
      <Data Name="Signature">Microsoft Windows</Data>
      <Data Name="SignatureStatus">Valid</Data>
    </EventData>
  </Event>
  <Event xmlns="http://schemas.microsoft.com/win/2004/08/events/event">
    <System>
      <Provider Name="Microsoft-Windows-Sysmon" Guid="{5770385f-c22a-43e0-bf4c-06f5698ffbd9}" />
      <EventID>7</EventID>
      <Version>3</Version>
      <Level>4</Level>
      <Task>7</Task>
      <Opcode>0</Opcode>
      <Keywords>0x8000000000000000</Keywords>
      <TimeCreated SystemTime="2020-10-20T11:50:55.354033300Z" />
      <EventRecordID>750</EventRecordID>
      <Correlation />
      <Execution ProcessID="7212" ThreadID="5064" />
      <Channel>Microsoft-Windows-Sysmon/Operational</Channel>
      <Computer>DESKTOP-NTSSLJD</Computer>
      <Security UserID="S-1-5-18" />
    </System>
    <EventData>
      <Data Name="RuleName">-</Data>
      <Data Name="UtcTime">2020-10-20 11:50:55.332</Data>
      <Data Name="ProcessGuid">{23f38d93-cf1e-5f8e-c808-000000000c00}</Data>
      <Data Name="ProcessId">8712</Data>
      <Data Name="Image">C:\Users\den\Source\Repos\UACME\Source\Akagi\output\x64\Release\Akagi64.exe</Data>
      <Data Name="ImageLoaded">C:\Windows\System32\ieproxy.dll</Data>
      <Data Name="FileVersion">11.00.18362.1139 (WinBuild.160101.0800)</Data>
      <Data Name="Description">IE ActiveX Interface Marshaling Library</Data>
      <Data Name="Product">Internet Explorer</Data>
      <Data Name="Company">Microsoft Corporation</Data>
      <Data Name="OriginalFileName">ieproxy.dll</Data>
      <Data Name="Hashes">SHA1=606F2E3BCEC432592902D80A8D8DFEA2F92AFC1F,MD5=27342870EEFF15BD2475B1805EEA7430,SHA256=D48EDE6062851848C2C3FE6F5611B7F72DD9384B102B579D91B73A08337300D3,IMPHASH=75C30C9120F11895C047B7F133AF6D52</Data>
      <Data Name="Signed">true</Data>
      <Data Name="Signature">Microsoft Windows</Data>
      <Data Name="SignatureStatus">Valid</Data>
    </EventData>
  </Event>
  <Event xmlns="http://schemas.microsoft.com/win/2004/08/events/event">
    <System>
      <Provider Name="Microsoft-Windows-Sysmon" Guid="{5770385f-c22a-43e0-bf4c-06f5698ffbd9}" />
      <EventID>7</EventID>
      <Version>3</Version>
      <Level>4</Level>
      <Task>7</Task>
      <Opcode>0</Opcode>
      <Keywords>0x8000000000000000</Keywords>
      <TimeCreated SystemTime="2020-10-20T11:50:55.359575900Z" />
      <EventRecordID>751</EventRecordID>
      <Correlation />
      <Execution ProcessID="7212" ThreadID="5064" />
      <Channel>Microsoft-Windows-Sysmon/Operational</Channel>
      <Computer>DESKTOP-NTSSLJD</Computer>
      <Security UserID="S-1-5-18" />
    </System>
    <EventData>
      <Data Name="RuleName">-</Data>
      <Data Name="UtcTime">2020-10-20 11:50:55.332</Data>
      <Data Name="ProcessGuid">{23f38d93-cf1f-5f8e-ca08-000000000c00}</Data>
      <Data Name="ProcessId">8736</Data>
      <Data Name="Image">C:\Program Files\Internet Explorer\ieinstal.exe</Data>
      <Data Name="ImageLoaded">C:\Windows\System32\ntmarta.dll</Data>
      <Data Name="FileVersion">10.0.18362.1 (WinBuild.160101.0800)</Data>
      <Data Name="Description">Windows NT MARTA provider</Data>
      <Data Name="Product">Microsoft« Windows« Operating System</Data>
      <Data Name="Company">Microsoft Corporation</Data>
      <Data Name="OriginalFileName">ntmarta.dll</Data>
      <Data Name="Hashes">SHA1=5C986A06C21B5CDCFD799E3B5CA475CE2AFF6058,MD5=435009D1DDC0365BFA34B8C8D3F85286,SHA256=2F94628F056FE65EA81351E134E59ECE813FEC5E8400C12D6DFA49DEFD126D01,IMPHASH=B0E49176FB29AC2D0ABB840B4C490D21</Data>
      <Data Name="Signed">true</Data>
      <Data Name="Signature">Microsoft Windows</Data>
      <Data Name="SignatureStatus">Valid</Data>
    </EventData>
  </Event>
  <Event xmlns="http://schemas.microsoft.com/win/2004/08/events/event">
    <System>
      <Provider Name="Microsoft-Windows-Sysmon" Guid="{5770385f-c22a-43e0-bf4c-06f5698ffbd9}" />
      <EventID>7</EventID>
      <Version>3</Version>
      <Level>4</Level>
      <Task>7</Task>
      <Opcode>0</Opcode>
      <Keywords>0x8000000000000000</Keywords>
      <TimeCreated SystemTime="2020-10-20T11:50:55.367267500Z" />
      <EventRecordID>752</EventRecordID>
      <Correlation />
      <Execution ProcessID="7212" ThreadID="9748" />
      <Channel>Microsoft-Windows-Sysmon/Operational</Channel>
      <Computer>DESKTOP-NTSSLJD</Computer>
      <Security UserID="S-1-5-18" />
    </System>
    <EventData>
      <Data Name="RuleName">-</Data>
      <Data Name="UtcTime">2020-10-20 11:50:55.348</Data>
      <Data Name="ProcessGuid">{23f38d93-cf1f-5f8e-ca08-000000000c00}</Data>
      <Data Name="ProcessId">8736</Data>
      <Data Name="Image">C:\Program Files\Internet Explorer\ieinstal.exe</Data>
      <Data Name="ImageLoaded">C:\Windows\System32\uxtheme.dll</Data>
      <Data Name="FileVersion">10.0.18362.449 (WinBuild.160101.0800)</Data>
      <Data Name="Description">Microsoft UxTheme Library</Data>
      <Data Name="Product">Microsoft« Windows« Operating System</Data>
      <Data Name="Company">Microsoft Corporation</Data>
      <Data Name="OriginalFileName">UxTheme.dll</Data>
      <Data Name="Hashes">SHA1=62956D6FAEB4EC8EA54315A8E3CC15F06165AD57,MD5=3C9D22CAE173AD19806B6A016CD4CC28,SHA256=D95E7D07EA46D7D2AEFA01CD0A64CF266BE26D40FA6BE42F7CF60F6DEB8FBAF3,IMPHASH=64BAD10B75B987F62BF08E1852DE4022</Data>
      <Data Name="Signed">true</Data>
      <Data Name="Signature">Microsoft Windows</Data>
      <Data Name="SignatureStatus">Valid</Data>
    </EventData>
  </Event>
  <Event xmlns="http://schemas.microsoft.com/win/2004/08/events/event">
    <System>
      <Provider Name="Microsoft-Windows-Sysmon" Guid="{5770385f-c22a-43e0-bf4c-06f5698ffbd9}" />
      <EventID>7</EventID>
      <Version>3</Version>
      <Level>4</Level>
      <Task>7</Task>
      <Opcode>0</Opcode>
      <Keywords>0x8000000000000000</Keywords>
      <TimeCreated SystemTime="2020-10-20T11:50:55.367727300Z" />
      <EventRecordID>753</EventRecordID>
      <Correlation />
      <Execution ProcessID="7212" ThreadID="9748" />
      <Channel>Microsoft-Windows-Sysmon/Operational</Channel>
      <Computer>DESKTOP-NTSSLJD</Computer>
      <Security UserID="S-1-5-18" />
    </System>
    <EventData>
      <Data Name="RuleName">-</Data>
      <Data Name="UtcTime">2020-10-20 11:50:55.348</Data>
      <Data Name="ProcessGuid">{23f38d93-cf1f-5f8e-ca08-000000000c00}</Data>
      <Data Name="ProcessId">8736</Data>
      <Data Name="Image">C:\Program Files\Internet Explorer\ieinstal.exe</Data>
      <Data Name="ImageLoaded">C:\Windows\System32\cryptsp.dll</Data>
      <Data Name="FileVersion">10.0.18362.1 (WinBuild.160101.0800)</Data>
      <Data Name="Description">Cryptographic Service Provider API</Data>
      <Data Name="Product">Microsoft« Windows« Operating System</Data>
      <Data Name="Company">Microsoft Corporation</Data>
      <Data Name="OriginalFileName">cryptsp.dll</Data>
      <Data Name="Hashes">SHA1=90F229FB5DB52DF3604195B10C48E946684929ED,MD5=ACE18C6797090A1AA259BB8713917F98,SHA256=F5E118F67745792909973717FAE1F9FE68B2619332A4451AD04E0C9072B8D605,IMPHASH=A9B9D04D0B53DC48ABB37BE77AD01B55</Data>
      <Data Name="Signed">true</Data>
      <Data Name="Signature">Microsoft Windows</Data>
      <Data Name="SignatureStatus">Valid</Data>
    </EventData>
  </Event>
  <Event xmlns="http://schemas.microsoft.com/win/2004/08/events/event">
    <System>
      <Provider Name="Microsoft-Windows-Sysmon" Guid="{5770385f-c22a-43e0-bf4c-06f5698ffbd9}" />
      <EventID>7</EventID>
      <Version>3</Version>
      <Level>4</Level>
      <Task>7</Task>
      <Opcode>0</Opcode>
      <Keywords>0x8000000000000000</Keywords>
      <TimeCreated SystemTime="2020-10-20T11:50:55.368011100Z" />
      <EventRecordID>754</EventRecordID>
      <Correlation />
      <Execution ProcessID="7212" ThreadID="9748" />
      <Channel>Microsoft-Windows-Sysmon/Operational</Channel>
      <Computer>DESKTOP-NTSSLJD</Computer>
      <Security UserID="S-1-5-18" />
    </System>
    <EventData>
      <Data Name="RuleName">-</Data>
      <Data Name="UtcTime">2020-10-20 11:50:55.348</Data>
      <Data Name="ProcessGuid">{23f38d93-cf1f-5f8e-ca08-000000000c00}</Data>
      <Data Name="ProcessId">8736</Data>
      <Data Name="Image">C:\Program Files\Internet Explorer\ieinstal.exe</Data>
      <Data Name="ImageLoaded">C:\Windows\System32\rsaenh.dll</Data>
      <Data Name="FileVersion">10.0.18362.1 (WinBuild.160101.0800)</Data>
      <Data Name="Description">Microsoft Enhanced Cryptographic Provider</Data>
      <Data Name="Product">Microsoft« Windows« Operating System</Data>
      <Data Name="Company">Microsoft Corporation</Data>
      <Data Name="OriginalFileName">rsaenh.dll</Data>
      <Data Name="Hashes">SHA1=09310F93E62D8B8BCBBEA36CB3AAF78CB98798EF,MD5=D3102BD5CD3C24E02C68CF6770379402,SHA256=49BF93C5C4D0D4AEE050ED83193DCF3FCB08D50DB5F0B7740436B24B83D14023,IMPHASH=A4C20B1A7B632846186AD47A0810709E</Data>
      <Data Name="Signed">true</Data>
      <Data Name="Signature">Microsoft Windows</Data>
      <Data Name="SignatureStatus">Valid</Data>
    </EventData>
  </Event>
  