<root>
  <Event xmlns="http://schemas.microsoft.com/win/2004/08/events/event">
    <System>
      <Provider Name="Microsoft-Windows-Eventlog" Guid="{fc65ddd8-d6ef-4962-83d5-6e5cfe9ce148}" />
      <EventID>1102</EventID>
      <Version>0</Version>
      <Level>4</Level>
      <Task>104</Task>
      <Opcode>0</Opcode>
      <Keywords>0x4020000000000000</Keywords>
      <TimeCreated SystemTime="2021-11-13T14:30:53.638285100Z" />
      <EventRecordID>469345</EventRecordID>
      <Correlation />
      <Execution ProcessID="712" ThreadID="1848" />
      <Channel>Security</Channel>
      <Computer>FS03.offsec.lan</Computer>
      <Security />
    </System>
    <UserData>
      <LogFileCleared xmlns="http://manifests.microsoft.com/win/2004/08/windows/eventlog">
        <SubjectUserSid>S-1-5-21-4230534742-2542757381-3142984815-1111</SubjectUserSid>
        <SubjectUserName>admmig</SubjectUserName>
        <SubjectDomainName>OFFSEC</SubjectDomainName>
        <SubjectLogonId>0x123550</SubjectLogonId>
      </LogFileCleared>
    </UserData>
  </Event>
  <Event xmlns="http://schemas.microsoft.com/win/2004/08/events/event">
    <System>
      <Provider Name="Microsoft-Windows-Security-Auditing" Guid="{54849625-5478-4994-a5ba-3e3b0328c30d}" />
      <EventID>4688</EventID>
      <Version>2</Version>
      <Level>0</Level>
      <Task>13312</Task>
      <Opcode>0</Opcode>
      <Keywords>0x8020000000000000</Keywords>
      <TimeCreated SystemTime="2021-11-13T14:30:56.099105300Z" />
      <EventRecordID>469346</EventRecordID>
      <Correlation />
      <Execution ProcessID="4" ThreadID="4016" />
      <Channel>Security</Channel>
      <Computer>FS03.offsec.lan</Computer>
      <Security />
    </System>
    <EventData>
      <Data Name="SubjectUserSid">S-1-5-21-4230534742-2542757381-3142984815-1111</Data>
      <Data Name="SubjectUserName">admmig</Data>
      <Data Name="SubjectDomainName">OFFSEC</Data>
      <Data Name="SubjectLogonId">0x123550</Data>
      <Data Name="NewProcessId">0x85c</Data>
      <Data Name="NewProcessName">C:\Windows\System32\runas.exe</Data>
      <Data Name="TokenElevationType">%%1937</Data>
      <Data Name="ProcessId">0x408</Data>
      <Data Name="CommandLine">runas  /user:offsec\hack1 cmd.exe </Data>
      <Data Name="TargetUserSid">S-1-0-0</Data>
      <Data Name="TargetUserName">-</Data>
      <Data Name="TargetDomainName">-</Data>
      <Data Name="TargetLogonId">0x0</Data>
    </EventData>
  </Event>
  <Event xmlns="http://schemas.microsoft.com/win/2004/08/events/event">
    <System>
      <Provider Name="Microsoft-Windows-Security-Auditing" Guid="{54849625-5478-4994-a5ba-3e3b0328c30d}" />
      <EventID>4648</EventID>
      <Version>0</Version>
      <Level>0</Level>
      <Task>12544</Task>
      <Opcode>0</Opcode>
      <Keywords>0x8020000000000000</Keywords>
      <TimeCreated SystemTime="2021-11-13T14:30:58.226925000Z" />
      <EventRecordID>469347</EventRecordID>
      <Correlation />
      <Execution ProcessID="492" ThreadID="1604" />
      <Channel>Security</Channel>
      <Computer>FS03.offsec.lan</Computer>
      <Security />
    </System>
    <EventData>
      <Data Name="SubjectUserSid">S-1-5-21-4230534742-2542757381-3142984815-1111</Data>
      <Data Name="SubjectUserName">admmig</Data>
      <Data Name="SubjectDomainName">OFFSEC</Data>
      <Data Name="SubjectLogonId">0x123550</Data>
      <Data Name="LogonGuid">{64b4aedd-47c8-c360-ddb7-5d7b77226ddc}</Data>
      <Data Name="TargetUserName">hack1</Data>
      <Data Name="TargetDomainName">OFFSEC</Data>
      <Data Name="TargetLogonGuid">{4babbe7b-f9b1-d738-99c3-c3388f497347}</Data>
      <Data Name="TargetServerName">localhost</Data>
      <Data Name="TargetInfo">localhost</Data>
      <Data Name="ProcessId">0x2f0</Data>
      <Data Name="ProcessName">C:\Windows\System32\svchost.exe</Data>
      <Data Name="IpAddress">::1</Data>
      <Data Name="IpPort">0</Data>
    </EventData>
  </Event>
  <Event xmlns="http://schemas.microsoft.com/win/2004/08/events/event">
    <System>
      <Provider Name="Microsoft-Windows-Security-Auditing" Guid="{54849625-5478-4994-a5ba-3e3b0328c30d}" />
      <EventID>4624</EventID>
      <Version>1</Version>
      <Level>0</Level>
      <Task>12544</Task>
      <Opcode>0</Opcode>
      <Keywords>0x8020000000000000</Keywords>
      <TimeCreated SystemTime="2021-11-13T14:30:58.226925000Z" />
      <EventRecordID>469348</EventRecordID>
      <Correlation />
      <Execution ProcessID="492" ThreadID="1604" />
      <Channel>Security</Channel>
      <Computer>FS03.offsec.lan</Computer>
      <Security />
    </System>
    <EventData>
      <Data Name="SubjectUserSid">S-1-5-21-4230534742-2542757381-3142984815-1111</Data>
      <Data Name="SubjectUserName">admmig</Data>
      <Data Name="SubjectDomainName">OFFSEC</Data>
      <Data Name="SubjectLogonId">0x123550</Data>
      <Data Name="TargetUserSid">S-1-5-21-4230534742-2542757381-3142984815-1234</Data>
      <Data Name="TargetUserName">hack1</Data>
      <Data Name="TargetDomainName">OFFSEC</Data>
      <Data Name="TargetLogonId">0xa6f5fa4</Data>
      <Data Name="LogonType">2</Data>
      <Data Name="LogonProcessName">seclogo</Data>
      <Data Name="AuthenticationPackageName">Negotiate</Data>
      <Data Name="WorkstationName">FS03</Data>
      <Data Name="LogonGuid">{4babbe7b-f9b1-d738-99c3-c3388f497347}</Data>
      <Data Name="TransmittedServices">-</Data>
      <Data Name="LmPackageName">-</Data>
      <Data Name="KeyLength">0</Data>
      <Data Name="ProcessId">0x2f0</Data>
      <Data Name="ProcessName">C:\Windows\System32\svchost.exe</Data>
      <Data Name="IpAddress">::1</Data>
      <Data Name="IpPort">0</Data>
      <Data Name="ImpersonationLevel">%%1833</Data>
    </EventData>
  </Event>
  <Event xmlns="http://schemas.microsoft.com/win/2004/08/events/event">
    <System>
      <Provider Name="Microsoft-Windows-Security-Auditing" Guid="{54849625-5478-4994-a5ba-3e3b0328c30d}" />
      <EventID>4624</EventID>
      <Version>1</Version>
      <Level>0</Level>
      <Task>12544</Task>
      <Opcode>0</Opcode>
      <Keywords>0x8020000000000000</Keywords>
      <TimeCreated SystemTime="2021-11-13T14:30:58.226925000Z" />
      <EventRecordID>469349</EventRecordID>
      <Correlation />
      <Execution ProcessID="492" ThreadID="1604" />
      <Channel>Security</Channel>
      <Computer>FS03.offsec.lan</Computer>
      <Security />
    </System>
    <EventData>
      <Data Name="SubjectUserSid">S-1-5-21-4230534742-2542757381-3142984815-1111</Data>
      <Data Name="SubjectUserName">admmig</Data>
      <Data Name="SubjectDomainName">OFFSEC</Data>
      <Data Name="SubjectLogonId">0x123550</Data>
      <Data Name="TargetUserSid">S-1-5-21-4230534742-2542757381-3142984815-1234</Data>
      <Data Name="TargetUserName">hack1</Data>
      <Data Name="TargetDomainName">OFFSEC</Data>
      <Data Name="TargetLogonId">0xa6f5fc2</Data>
      <Data Name="LogonType">2</Data>
      <Data Name="LogonProcessName">seclogo</Data>
      <Data Name="AuthenticationPackageName">Negotiate</Data>
      <Data Name="WorkstationName">FS03</Data>
      <Data Name="LogonGuid">{00000000-0000-0000-0000-000000000000}</Data>
      <Data Name="TransmittedServices">-</Data>
      <Data Name="LmPackageName">-</Data>
      <Data Name="KeyLength">0</Data>
      <Data Name="ProcessId">0x2f0</Data>
      <Data Name="ProcessName">C:\Windows\System32\svchost.exe</Data>
      <Data Name="IpAddress">::1</Data>
      <Data Name="IpPort">0</Data>
      <Data Name="ImpersonationLevel">%%1833</Data>
    </EventData>
  </Event>
  <Event xmlns="http://schemas.microsoft.com/win/2004/08/events/event">
    <System>
      <Provider Name="Microsoft-Windows-Security-Auditing" Guid="{54849625-5478-4994-a5ba-3e3b0328c30d}" />
      <EventID>4672</EventID>
      <Version>0</Version>
      <Level>0</Level>
      <Task>12548</Task>
      <Opcode>0</Opcode>
      <Keywords>0x8020000000000000</Keywords>
      <TimeCreated SystemTime="2021-11-13T14:30:58.226925000Z" />
      <EventRecordID>469350</EventRecordID>
      <Correlation />
      <Execution ProcessID="492" ThreadID="1604" />
      <Channel>Security</Channel>
      <Computer>FS03.offsec.lan</Computer>
      <Security />
    </System>
    <EventData>
      <Data Name="SubjectUserSid">S-1-5-21-4230534742-2542757381-3142984815-1234</Data>
      <Data Name="SubjectUserName">hack1</Data>
      <Data Name="SubjectDomainName">OFFSEC</Data>
      <Data Name="SubjectLogonId">0xa6f5fa4</Data>
      <Data Name="PrivilegeList">SeSecurityPrivilege
			SeTakeOwnershipPrivilege
			SeLoadDriverPrivilege
			SeBackupPrivilege
			SeRestorePrivilege
			SeDebugPrivilege
			SeSystemEnvironmentPrivilege
			SeImpersonatePrivilege</Data>
    </EventData>
  </Event>
  <Event xmlns="http://schemas.microsoft.com/win/2004/08/events/event">
    <System>
      <Provider Name="Microsoft-Windows-Security-Auditing" Guid="{54849625-5478-4994-a5ba-3e3b0328c30d}" />
      <EventID>4688</EventID>
      <Version>2</Version>
      <Level>0</Level>
      <Task>13312</Task>
      <Opcode>0</Opcode>
      <Keywords>0x8020000000000000</Keywords>
      <TimeCreated SystemTime="2021-11-13T14:30:58.226925000Z" />
      <EventRecordID>469351</EventRecordID>
      <Correlation />
      <Execution ProcessID="4" ThreadID="2096" />
      <Channel>Security</Channel>
      <Computer>FS03.offsec.lan</Computer>
      <Security />
    </System>
    <EventData>
      <Data Name="SubjectUserSid">S-1-5-18</Data>
      <Data Name="SubjectUserName">FS03$</Data>
      <Data Name="SubjectDomainName">OFFSEC</Data>
      <Data Name="SubjectLogonId">0x3e7</Data>
      <Data Name="NewProcessId">0x1c4</Data>
      <Data Name="NewProcessName">C:\Windows\System32\cmd.exe</Data>
      <Data Name="TokenElevationType">%%1938</Data>
      <Data Name="ProcessId">0x85c</Data>
      <Data Name="CommandLine">cmd.exe</Data>
      <Data Name="TargetUserSid">S-1-5-21-4230534742-2542757381-3142984815-1234</Data>
      <Data Name="TargetUserName">hack1</Data>
      <Data Name="TargetDomainName">OFFSEC</Data>
      <Data Name="TargetLogonId">0xa6f5fc2</Data>
    </EventData>
  </Event>
  <Event xmlns="http://schemas.microsoft.com/win/2004/08/events/event">
    <System>
      <Provider Name="Microsoft-Windows-Security-Auditing" Guid="{54849625-5478-4994-a5ba-3e3b0328c30d}" />
      <EventID>4688</EventID>
      <Version>2</Version>
      <Level>0</Level>
      <Task>13312</Task>
      <Opcode>0</Opcode>
      <Keywords>0x8020000000000000</Keywords>
      <TimeCreated SystemTime="2021-11-13T14:30:58.226925000Z" />
      <EventRecordID>469352</EventRecordID>
      <Correlation />
      <Execution ProcessID="4" ThreadID="2096" />
      <Channel>Security</Channel>
      <Computer>FS03.offsec.lan</Computer>
      <Security />
    </System>
    <EventData>
      <Data Name="SubjectUserSid">S-1-5-21-4230534742-2542757381-3142984815-1234</Data>
      <Data Name="SubjectUserName">hack1</Data>
      <Data Name="SubjectDomainName">OFFSEC</Data>
      <Data Name="SubjectLogonId">0xa6f5fc2</Data>
      <Data Name="NewProcessId">0xaf0</Data>
      <Data Name="NewProcessName">C:\Windows\System32\conhost.exe</Data>
      <Data Name="TokenElevationType">%%1938</Data>
      <Data Name="ProcessId">0x1c4</Data>
      <Data Name="CommandLine">\??\C:\Windows\system32\conhost.exe 0xffffffff</Data>
      <Data Name="TargetUserSid">S-1-0-0</Data>
      <Data Name="TargetUserName">-</Data>
      <Data Name="TargetDomainName">-</Data>
      <Data Name="TargetLogonId">0x0</Data>
    </EventData>
  </Event>
  <Event xmlns="http://schemas.microsoft.com/win/2004/08/events/event">
    <System>
      <Provider Name="Microsoft-Windows-Security-Auditing" Guid="{54849625-5478-4994-a5ba-3e3b0328c30d}" />
      <EventID>4688</EventID>
      <Version>2</Version>
      <Level>0</Level>
      <Task>13312</Task>
      <Opcode>0</Opcode>
      <Keywords>0x8020000000000000</Keywords>
      <TimeCreated SystemTime="2021-11-13T14:30:58.258166100Z" />
      <EventRecordID>469353</EventRecordID>
      <Correlation />
      <Execution ProcessID="4" ThreadID="2096" />
      <Channel>Security</Channel>
      <Computer>FS03.offsec.lan</Computer>
      <Security />
    </System>
    <EventData>
      <Data Name="SubjectUserSid">S-1-5-21-4230534742-2542757381-3142984815-1234</Data>
      <Data Name="SubjectUserName">hack1</Data>
      <Data Name="SubjectDomainName">OFFSEC</Data>
      <Data Name="SubjectLogonId">0xa6f5fc2</Data>
      <Data Name="NewProcessId">0x3f4</Data>
      <Data Name="NewProcessName">C:\Windows\System32\ctfmon.exe</Data>
      <Data Name="TokenElevationType">%%1938</Data>
      <Data Name="ProcessId">0xaf0</Data>
      <Data Name="CommandLine">ctfmon.exe</Data>
      <Data Name="TargetUserSid">S-1-0-0</Data>
      <Data Name="TargetUserName">-</Data>
      <Data Name="TargetDomainName">-</Data>
      <Data Name="TargetLogonId">0x0</Data>
    </EventData>
  </Event>
</root>