<root>
  <Event xmlns="http://schemas.microsoft.com/win/2004/08/events/event">
    <System>
      <Provider Name="Microsoft-Windows-Eventlog" Guid="{fc65ddd8-d6ef-4962-83d5-6e5cfe9ce148}" />
      <EventID>1102</EventID>
      <Version>0</Version>
      <Level>4</Level>
      <Task>104</Task>
      <Opcode>0</Opcode>
      <Keywords>0x4020000000000000</Keywords>
      <TimeCreated SystemTime="2021-12-09T13:41:50.714542700Z" />
      <EventRecordID>1122929</EventRecordID>
      <Correlation />
      <Execution ProcessID="712" ThreadID="740" />
      <Channel>Security</Channel>
      <Computer>fs03vuln.offsec.lan</Computer>
      <Security />
    </System>
    <UserData>
      <LogFileCleared xmlns="http://manifests.microsoft.com/win/2004/08/windows/eventlog">
        <SubjectUserSid>S-1-5-21-4230534742-2542757381-3142984815-1234</SubjectUserSid>
        <SubjectUserName>hack1</SubjectUserName>
        <SubjectDomainName>OFFSEC</SubjectDomainName>
        <SubjectLogonId>0x767a7ed</SubjectLogonId>
      </LogFileCleared>
    </UserData>
  </Event>
  <Event xmlns="http://schemas.microsoft.com/win/2004/08/events/event">
    <System>
      <Provider Name="Microsoft-Windows-Security-Auditing" Guid="{54849625-5478-4994-a5ba-3e3b0328c30d}" />
      <EventID>4688</EventID>
      <Version>1</Version>
      <Level>0</Level>
      <Task>13312</Task>
      <Opcode>0</Opcode>
      <Keywords>0x8020000000000000</Keywords>
      <TimeCreated SystemTime="2021-12-09T13:41:51.740907400Z" />
      <EventRecordID>1122930</EventRecordID>
      <Correlation />
      <Execution ProcessID="4" ThreadID="364" />
      <Channel>Security</Channel>
      <Computer>fs03vuln.offsec.lan</Computer>
      <Security />
    </System>
    <EventData>
      <Data Name="SubjectUserSid">S-1-5-21-4230534742-2542757381-3142984815-1234</Data>
      <Data Name="SubjectUserName">hack1</Data>
      <Data Name="SubjectDomainName">OFFSEC</Data>
      <Data Name="SubjectLogonId">0x767a7ed</Data>
      <Data Name="NewProcessId">0x105c</Data>
      <Data Name="NewProcessName">C:\TOOLS\MSFRottenPotato.exe</Data>
      <Data Name="TokenElevationType">%%1937</Data>
      <Data Name="ProcessId">0x12dc</Data>
      <Data Name="CommandLine">MSFRottenPotato.exe</Data>
    </EventData>
  </Event>
  <Event xmlns="http://schemas.microsoft.com/win/2004/08/events/event">
    <System>
      <Provider Name="Microsoft-Windows-Security-Auditing" Guid="{54849625-5478-4994-a5ba-3e3b0328c30d}" />
      <EventID>4624</EventID>
      <Version>1</Version>
      <Level>0</Level>
      <Task>12544</Task>
      <Opcode>0</Opcode>
      <Keywords>0x8020000000000000</Keywords>
      <TimeCreated SystemTime="2021-12-09T13:41:53.761027300Z" />
      <EventRecordID>1122931</EventRecordID>
      <Correlation />
      <Execution ProcessID="480" ThreadID="4508" />
      <Channel>Security</Channel>
      <Computer>fs03vuln.offsec.lan</Computer>
      <Security />
    </System>
    <EventData>
      <Data Name="SubjectUserSid">S-1-0-0</Data>
      <Data Name="SubjectUserName">-</Data>
      <Data Name="SubjectDomainName">-</Data>
      <Data Name="SubjectLogonId">0x0</Data>
      <Data Name="TargetUserSid">S-1-5-7</Data>
      <Data Name="TargetUserName">ANONYMOUS LOGON</Data>
      <Data Name="TargetDomainName">NT AUTHORITY</Data>
      <Data Name="TargetLogonId">0x7796c19</Data>
      <Data Name="LogonType">3</Data>
      <Data Name="LogonProcessName">NtLmSsp </Data>
      <Data Name="AuthenticationPackageName">NTLM</Data>
      <Data Name="WorkstationName">
      </Data>
      <Data Name="LogonGuid">{00000000-0000-0000-0000-000000000000}</Data>
      <Data Name="TransmittedServices">-</Data>
      <Data Name="LmPackageName">NTLM V1</Data>
      <Data Name="KeyLength">128</Data>
      <Data Name="ProcessId">0x0</Data>
      <Data Name="ProcessName">-</Data>
      <Data Name="IpAddress">127.0.0.1</Data>
      <Data Name="IpPort">52684</Data>
      <Data Name="ImpersonationLevel">%%1833</Data>
    </EventData>
  </Event>
  <Event xmlns="http://schemas.microsoft.com/win/2004/08/events/event">
    <System>
      <Provider Name="Microsoft-Windows-Security-Auditing" Guid="{54849625-5478-4994-a5ba-3e3b0328c30d}" />
      <EventID>4688</EventID>
      <Version>1</Version>
      <Level>0</Level>
      <Task>13312</Task>
      <Opcode>0</Opcode>
      <Keywords>0x8020000000000000</Keywords>
      <TimeCreated SystemTime="2021-12-09T13:41:53.761027300Z" />
      <EventRecordID>1122932</EventRecordID>
      <Correlation />
      <Execution ProcessID="4" ThreadID="364" />
      <Channel>Security</Channel>
      <Computer>fs03vuln.offsec.lan</Computer>
      <Security />
    </System>
    <EventData>
      <Data Name="SubjectUserSid">S-1-5-18</Data>
      <Data Name="SubjectUserName">FS03VULN$</Data>
      <Data Name="SubjectDomainName">OFFSEC</Data>
      <Data Name="SubjectLogonId">0x3e7</Data>
      <Data Name="NewProcessId">0xd88</Data>
      <Data Name="NewProcessName">C:\Windows\System32\cmd.exe</Data>
      <Data Name="TokenElevationType">%%1936</Data>
      <Data Name="ProcessId">0x105c</Data>
      <Data Name="CommandLine">"C:\Windows\System32\cmd.exe"</Data>
    </EventData>
  </Event>
  <Event xmlns="http://schemas.microsoft.com/win/2004/08/events/event">
    <System>
      <Provider Name="Microsoft-Windows-Security-Auditing" Guid="{54849625-5478-4994-a5ba-3e3b0328c30d}" />
      <EventID>4688</EventID>
      <Version>1</Version>
      <Level>0</Level>
      <Task>13312</Task>
      <Opcode>0</Opcode>
      <Keywords>0x8020000000000000</Keywords>
      <TimeCreated SystemTime="2021-12-09T13:41:53.761027300Z" />
      <EventRecordID>1122933</EventRecordID>
      <Correlation />
      <Execution ProcessID="4" ThreadID="364" />
      <Channel>Security</Channel>
      <Computer>fs03vuln.offsec.lan</Computer>
      <Security />
    </System>
    <EventData>
      <Data Name="SubjectUserSid">S-1-5-18</Data>
      <Data Name="SubjectUserName">FS03VULN$</Data>
      <Data Name="SubjectDomainName">OFFSEC</Data>
      <Data Name="SubjectLogonId">0x3e7</Data>
      <Data Name="NewProcessId">0x1144</Data>
      <Data Name="NewProcessName">C:\Windows\System32\conhost.exe</Data>
      <Data Name="TokenElevationType">%%1936</Data>
      <Data Name="ProcessId">0xd88</Data>
      <Data Name="CommandLine">\??\C:\Windows\system32\conhost.exe 0xffffffff</Data>
    </EventData>
  </Event>
</root>