<Event xmlns="http://schemas.microsoft.com/win/2004/08/events/event">
    <System>
      <Provider Name="Microsoft-Windows-Security-Auditing" Guid="{54849625-5478-4994-a5ba-3e3b0328c30d}" />
      <EventID>5145</EventID>
      <Version>0</Version>
      <Level>0</Level>
      <Task>12811</Task>
      <Opcode>0</Opcode>
      <Keywords>0x8020000000000000</Keywords>
      <TimeCreated SystemTime="2019-03-18T14:24:10.053626400Z" />
      <EventRecordID>438337</EventRecordID>
      <Correlation />
      <Execution ProcessID="536" ThreadID="556" />
      <Channel>Security</Channel>
      <Computer>PC01.example.corp</Computer>
      <Security />
    </System>
    <EventData>
      <Data Name="SubjectUserSid">S-1-5-21-1587066498-1489273250-1035260531-500</Data>
      <Data Name="SubjectUserName">Administrator</Data>
      <Data Name="SubjectDomainName">EXAMPLE</Data>
      <Data Name="SubjectLogonId">0xfc635</Data>
      <Data Name="ObjectType">File</Data>
      <Data Name="IpAddress">10.0.2.15</Data>
      <Data Name="IpPort">55632</Data>
      <Data Name="ShareName">\\*\C$</Data>
      <Data Name="ShareLocalPath">\??\C:\</Data>
      <Data Name="RelativeTargetName">Windows</Data>
      <Data Name="AccessMask">0x100081</Data>
      <Data Name="AccessList">%%1541
				%%4416
				%%4423
				</Data>
      <Data Name="AccessReason">-</Data>
    </EventData>
  </Event>
  <Event xmlns="http://schemas.microsoft.com/win/2004/08/events/event">
    <System>
      <Provider Name="Microsoft-Windows-Security-Auditing" Guid="{54849625-5478-4994-a5ba-3e3b0328c30d}" />
      <EventID>5145</EventID>
      <Version>0</Version>
      <Level>0</Level>
      <Task>12811</Task>
      <Opcode>0</Opcode>
      <Keywords>0x8020000000000000</Keywords>
      <TimeCreated SystemTime="2019-03-18T14:24:10.053626400Z" />
      <EventRecordID>438338</EventRecordID>
      <Correlation />
      <Execution ProcessID="536" ThreadID="556" />
      <Channel>Security</Channel>
      <Computer>PC01.example.corp</Computer>
      <Security />
    </System>
    <EventData>
      <Data Name="SubjectUserSid">S-1-5-21-1587066498-1489273250-1035260531-500</Data>
      <Data Name="SubjectUserName">Administrator</Data>
      <Data Name="SubjectDomainName">EXAMPLE</Data>
      <Data Name="SubjectLogonId">0xfc635</Data>
      <Data Name="ObjectType">File</Data>
      <Data Name="IpAddress">10.0.2.15</Data>
      <Data Name="IpPort">55632</Data>
      <Data Name="ShareName">\\*\C$</Data>
      <Data Name="ShareLocalPath">\??\C:\</Data>
      <Data Name="RelativeTargetName">Windows\Temp\wodCmdTerm.exe</Data>
      <Data Name="AccessMask">0x120089</Data>
      <Data Name="AccessList">%%1538
				%%1541
				%%4416
				%%4419
				%%4423
				</Data>
      <Data Name="AccessReason">-</Data>
    </EventData>
  </Event>
  <Event xmlns="http://schemas.microsoft.com/win/2004/08/events/event">
    <System>
      <Provider Name="Microsoft-Windows-Security-Auditing" Guid="{54849625-5478-4994-a5ba-3e3b0328c30d}" />
      <EventID>5145</EventID>
      <Version>0</Version>
      <Level>0</Level>
      <Task>12811</Task>
      <Opcode>0</Opcode>
      <Keywords>0x8020000000000000</Keywords>
      <TimeCreated SystemTime="2019-03-18T14:24:10.053626400Z" />
      <EventRecordID>438339</EventRecordID>
      <Correlation />
      <Execution ProcessID="536" ThreadID="556" />
      <Channel>Security</Channel>
      <Computer>PC01.example.corp</Computer>
      <Security />
    </System>
    <EventData>
      <Data Name="SubjectUserSid">S-1-5-21-1587066498-1489273250-1035260531-500</Data>
      <Data Name="SubjectUserName">Administrator</Data>
      <Data Name="SubjectDomainName">EXAMPLE</Data>
      <Data Name="SubjectLogonId">0xfc635</Data>
      <Data Name="ObjectType">File</Data>
      <Data Name="IpAddress">10.0.2.15</Data>
      <Data Name="IpPort">55632</Data>
      <Data Name="ShareName">\\*\C$</Data>
      <Data Name="ShareLocalPath">\??\C:\</Data>
      <Data Name="RelativeTargetName">Windows\Temp\ui\SwDRM.dll</Data>
      <Data Name="AccessMask">0x80</Data>
      <Data Name="AccessList">%%4423
				</Data>
      <Data Name="AccessReason">-</Data>
    </EventData>
  </Event>
  <Event xmlns="http://schemas.microsoft.com/win/2004/08/events/event">
    <System>
      <Provider Name="Microsoft-Windows-Security-Auditing" Guid="{54849625-5478-4994-a5ba-3e3b0328c30d}" />
      <EventID>5145</EventID>
      <Version>0</Version>
      <Level>0</Level>
      <Task>12811</Task>
      <Opcode>0</Opcode>
      <Keywords>0x8020000000000000</Keywords>
      <TimeCreated SystemTime="2019-03-18T14:24:10.063640800Z" />
      <EventRecordID>438340</EventRecordID>
      <Correlation />
      <Execution ProcessID="536" ThreadID="556" />
      <Channel>Security</Channel>
      <Computer>PC01.example.corp</Computer>
      <Security />
    </System>
    <EventData>
      <Data Name="SubjectUserSid">S-1-5-21-1587066498-1489273250-1035260531-500</Data>
      <Data Name="SubjectUserName">Administrator</Data>
      <Data Name="SubjectDomainName">EXAMPLE</Data>
      <Data Name="SubjectLogonId">0xfc635</Data>
      <Data Name="ObjectType">File</Data>
      <Data Name="IpAddress">10.0.2.15</Data>
      <Data Name="IpPort">55632</Data>
      <Data Name="ShareName">\\*\C$</Data>
      <Data Name="ShareLocalPath">\??\C:\</Data>
      <Data Name="RelativeTargetName">Windows\Temp\wodCmdTerm.exe</Data>
      <Data Name="AccessMask">0x1200a9</Data>
      <Data Name="AccessList">%%1538
				%%1541
				%%4416
				%%4419
				%%4421
				%%4423
				</Data>
      <Data Name="AccessReason">-</Data>
    </EventData>
  </Event>
</root>