<Event xmlns="http://schemas.microsoft.com/win/2004/08/events/event">
    <System>
      <Provider Name="Microsoft-Windows-TerminalServices-RemoteConnectionManager" Guid="{c76baa63-ae81-421c-b425-340b4b24157f}" />
      <EventID>261</EventID>
      <Version>0</Version>
      <Level>4</Level>
      <Task>0</Task>
      <Opcode>0</Opcode>
      <Keywords>0x1000000000000000</Keywords>
      <TimeCreated SystemTime="2019-02-02T22:42:54.728239400Z" />
      <EventRecordID>162</EventRecordID>
      <Correlation />
      <Execution ProcessID="1316" ThreadID="1544" />
      <Channel>Microsoft-Windows-TerminalServices-RemoteConnectionManager/Operational</Channel>
      <Computer>PC01.example.corp</Computer>
      <Security UserID="S-1-5-20" />
    </System>
    <UserData>
      <EventXML xmlns:auto-ns2="http://schemas.microsoft.com/win/2004/08/events" xmlns="Event_NS">
        <listenerName>RDP-Tcp</listenerName>
      </EventXML>
    </UserData>
  </Event>
  <Event xmlns="http://schemas.microsoft.com/win/2004/08/events/event">
    <System>
      <Provider Name="Microsoft-Windows-TerminalServices-RemoteConnectionManager" Guid="{c76baa63-ae81-421c-b425-340b4b24157f}" />
      <EventID>261</EventID>
      <Version>0</Version>
      <Level>4</Level>
      <Task>0</Task>
      <Opcode>0</Opcode>
      <Keywords>0x1000000000000000</Keywords>
      <TimeCreated SystemTime="2019-02-02T22:44:33.680525800Z" />
      <EventRecordID>163</EventRecordID>
      <Correlation />
      <Execution ProcessID="1316" ThreadID="1544" />
      <Channel>Microsoft-Windows-TerminalServices-RemoteConnectionManager/Operational</Channel>
      <Computer>PC01.example.corp</Computer>
      <Security UserID="S-1-5-20" />
    </System>
    <UserData>
      <EventXML xmlns:auto-ns2="http://schemas.microsoft.com/win/2004/08/events" xmlns="Event_NS">
        <listenerName>RDP-Tcp</listenerName>
      </EventXML>
    </UserData>
  </Event>
  <Event xmlns="http://schemas.microsoft.com/win/2004/08/events/event">
    <System>
      <Provider Name="Microsoft-Windows-TerminalServices-RemoteConnectionManager" Guid="{c76baa63-ae81-421c-b425-340b4b24157f}" />
      <EventID>1149</EventID>
      <Version>0</Version>
      <Level>4</Level>
      <Task>0</Task>
      <Opcode>0</Opcode>
      <Keywords>0x1000000000000000</Keywords>
      <TimeCreated SystemTime="2019-02-02T22:44:55.932522600Z" />
      <EventRecordID>164</EventRecordID>
      <Correlation />
      <Execution ProcessID="1316" ThreadID="2164" />
      <Channel>Microsoft-Windows-TerminalServices-RemoteConnectionManager/Operational</Channel>
      <Computer>PC01.example.corp</Computer>
      <Security UserID="S-1-5-20" />
    </System>
    <UserData>
      <EventXML xmlns:auto-ns2="http://schemas.microsoft.com/win/2004/08/events" xmlns="Event_NS">
        <Param1>admin01</Param1>
        <Param2>example</Param2>
        <Param3>10.0.2.15</Param3>
      </EventXML>
    </UserData>
  </Event>
  <Event xmlns="http://schemas.microsoft.com/win/2004/08/events/event">
    <System>
      <Provider Name="Microsoft-Windows-TerminalServices-RemoteConnectionManager" Guid="{c76baa63-ae81-421c-b425-340b4b24157f}" />
      <EventID>261</EventID>
      <Version>0</Version>
      <Level>4</Level>
      <Task>0</Task>
      <Opcode>0</Opcode>
      <Keywords>0x1000000000000000</Keywords>
      <TimeCreated SystemTime="2019-02-02T23:02:41.826340000Z" />
      <EventRecordID>165</EventRecordID>
      <Correlation />
      <Execution ProcessID="1316" ThreadID="1544" />
      <Channel>Microsoft-Windows-TerminalServices-RemoteConnectionManager/Operational</Channel>
      <Computer>PC01.example.corp</Computer>
      <Security UserID="S-1-5-20" />
    </System>
    <UserData>
      <EventXML xmlns:auto-ns2="http://schemas.microsoft.com/win/2004/08/events" xmlns="Event_NS">
        <listenerName>RDP-Tcp</listenerName>
      </EventXML>
    </UserData>
  </Event>
  <Event xmlns="http://schemas.microsoft.com/win/2004/08/events/event">
    <System>
      <Provider Name="Microsoft-Windows-TerminalServices-RemoteConnectionManager" Guid="{c76baa63-ae81-421c-b425-340b4b24157f}" />
      <EventID>1155</EventID>
      <Version>0</Version>
      <Level>4</Level>
      <Task>0</Task>
      <Opcode>0</Opcode>
      <Keywords>0x1000000000000000</Keywords>
      <TimeCreated SystemTime="2019-02-02T23:36:28.081220800Z" />
      <EventRecordID>166</EventRecordID>
      <Correlation ActivityID="{6808f421-f53e-41a1-a773-c893ccec9fe0}" />
      <Execution ProcessID="1312" ThreadID="1336" />
      <Channel>Microsoft-Windows-TerminalServices-RemoteConnectionManager/Operational</Channel>
      <Computer>PC01.example.corp</Computer>
      <Security UserID="S-1-5-20" />
    </System>
    <EventData>
    </EventData>
  </Event>
  <Event xmlns="http://schemas.microsoft.com/win/2004/08/events/event">
    <System>
      <Provider Name="Microsoft-Windows-TerminalServices-RemoteConnectionManager" Guid="{c76baa63-ae81-421c-b425-340b4b24157f}" />
      <EventID>258</EventID>
      <Version>0</Version>
      <Level>4</Level>
      <Task>0</Task>
      <Opcode>0</Opcode>
      <Keywords>0x1000000000000000</Keywords>
      <TimeCreated SystemTime="2019-02-02T23:36:29.268006400Z" />
      <EventRecordID>167</EventRecordID>
      <Correlation ActivityID="{00000000-d244-0000-7441-ff819bbbd401}" />
      <Execution ProcessID="1312" ThreadID="1336" />
      <Channel>Microsoft-Windows-TerminalServices-RemoteConnectionManager/Operational</Channel>
      <Computer>PC01.example.corp</Computer>
      <Security UserID="S-1-5-20" />
    </System>
    <UserData>
      <EventXML xmlns:auto-ns2="http://schemas.microsoft.com/win/2004/08/events" xmlns="Event_NS">
        <listenerName>RDP-Tcp</listenerName>
      </EventXML>
    </UserData>
  </Event>
  <Event xmlns="http://schemas.microsoft.com/win/2004/08/events/event">
    <System>
      <Provider Name="Microsoft-Windows-TerminalServices-RemoteConnectionManager" Guid="{c76baa63-ae81-421c-b425-340b4b24157f}" />
      <EventID>1136</EventID>
      <Version>0</Version>
      <Level>4</Level>
      <Task>0</Task>
      <Opcode>0</Opcode>
      <Keywords>0x1000000000000000</Keywords>
      <TimeCreated SystemTime="2019-02-02T23:36:30.926876800Z" />
      <EventRecordID>168</EventRecordID>
      <Correlation />
      <Execution ProcessID="1036" ThreadID="2156" />
      <Channel>Microsoft-Windows-TerminalServices-RemoteConnectionManager/Operational</Channel>
      <Computer>PC01.example.corp</Computer>
      <Security UserID="S-1-5-18" />
    </System>
    <EventData>
    </EventData>
  </Event>
  <Event xmlns="http://schemas.microsoft.com/win/2004/08/events/event">
    <System>
      <Provider Name="Microsoft-Windows-TerminalServices-RemoteConnectionManager" Guid="{c76baa63-ae81-421c-b425-340b4b24157f}" />
      <EventID>1155</EventID>
      <Version>0</Version>
      <Level>4</Level>
      <Task>0</Task>
      <Opcode>0</Opcode>
      <Keywords>0x1000000000000000</Keywords>
      <TimeCreated SystemTime="2019-02-03T01:08:18.188990400Z" />
      <EventRecordID>169</EventRecordID>
      <Correlation ActivityID="{3759d529-bff2-4372-b52b-b42a48d4bd37}" />
      <Execution ProcessID="1316" ThreadID="1332" />
      <Channel>Microsoft-Windows-TerminalServices-RemoteConnectionManager/Operational</Channel>
      <Computer>PC01.example.corp</Computer>
      <Security UserID="S-1-5-20" />
    </System>
    <EventData>
    </EventData>
  </Event>
  <Event xmlns="http://schemas.microsoft.com/win/2004/08/events/event">
    <System>
      <Provider Name="Microsoft-Windows-TerminalServices-RemoteConnectionManager" Guid="{c76baa63-ae81-421c-b425-340b4b24157f}" />
      <EventID>258</EventID>
      <Version>0</Version>
      <Level>4</Level>
      <Task>0</Task>
      <Opcode>0</Opcode>
      <Keywords>0x1000000000000000</Keywords>
      <TimeCreated SystemTime="2019-02-03T01:08:19.503481600Z" />
      <EventRecordID>170</EventRecordID>
      <Correlation ActivityID="{00000000-f244-0000-341e-a952a8bbd401}" />
      <Execution ProcessID="1316" ThreadID="1332" />
      <Channel>Microsoft-Windows-TerminalServices-RemoteConnectionManager/Operational</Channel>
      <Computer>PC01.example.corp</Computer>
      <Security UserID="S-1-5-20" />
    </System>
    <UserData>
      <EventXML xmlns:auto-ns2="http://schemas.microsoft.com/win/2004/08/events" xmlns="Event_NS">
        <listenerName>RDP-Tcp</listenerName>
      </EventXML>
    </UserData>
  </Event>
  <Event xmlns="http://schemas.microsoft.com/win/2004/08/events/event">
    <System>
      <Provider Name="Microsoft-Windows-TerminalServices-RemoteConnectionManager" Guid="{c76baa63-ae81-421c-b425-340b4b24157f}" />
      <EventID>1136</EventID>
      <Version>0</Version>
      <Level>4</Level>
      <Task>0</Task>
      <Opcode>0</Opcode>
      <Keywords>0x1000000000000000</Keywords>
      <TimeCreated SystemTime="2019-02-03T01:08:20.865440000Z" />
      <EventRecordID>171</EventRecordID>
      <Correlation />
      <Execution ProcessID="1036" ThreadID="2064" />
      <Channel>Microsoft-Windows-TerminalServices-RemoteConnectionManager/Operational</Channel>
      <Computer>PC01.example.corp</Computer>
      <Security UserID="S-1-5-18" />
    </System>
    <EventData>
    </EventData>
  </Event>
  <Event xmlns="http://schemas.microsoft.com/win/2004/08/events/event">
    <System>
      <Provider Name="Microsoft-Windows-TerminalServices-RemoteConnectionManager" Guid="{c76baa63-ae81-421c-b425-340b4b24157f}" />
      <EventID>1155</EventID>
      <Version>0</Version>
      <Level>4</Level>
      <Task>0</Task>
      <Opcode>0</Opcode>
      <Keywords>0x1000000000000000</Keywords>
      <TimeCreated SystemTime="2019-02-03T03:05:56.544276800Z" />
      <EventRecordID>172</EventRecordID>
      <Correlation ActivityID="{7562b311-322e-4a38-8b88-66f37ecdabd0}" />
      <Execution ProcessID="1328" ThreadID="1804" />
      <Channel>Microsoft-Windows-TerminalServices-RemoteConnectionManager/Operational</Channel>
      <Computer>PC01.example.corp</Computer>
      <Security UserID="S-1-5-20" />
    </System>
    <EventData>
    </EventData>
  </Event>
  <Event xmlns="http://schemas.microsoft.com/win/2004/08/events/event">
    <System>
      <Provider Name="Microsoft-Windows-TerminalServices-RemoteConnectionManager" Guid="{c76baa63-ae81-421c-b425-340b4b24157f}" />
      <EventID>258</EventID>
      <Version>0</Version>
      <Level>4</Level>
      <Task>0</Task>
      <Opcode>0</Opcode>
      <Keywords>0x1000000000000000</Keywords>
      <TimeCreated SystemTime="2019-02-03T03:05:58.148428800Z" />
      <EventRecordID>173</EventRecordID>
      <Correlation ActivityID="{00000000-8244-0000-6473-fcbdb8bbd401}" />
      <Execution ProcessID="1328" ThreadID="1804" />
      <Channel>Microsoft-Windows-TerminalServices-RemoteConnectionManager/Operational</Channel>
      <Computer>PC01.example.corp</Computer>
      <Security UserID="S-1-5-20" />
    </System>
    <UserData>
      <EventXML xmlns:auto-ns2="http://schemas.microsoft.com/win/2004/08/events" xmlns="Event_NS">
        <listenerName>RDP-Tcp</listenerName>
      </EventXML>
    </UserData>
  </Event>
  <Event xmlns="http://schemas.microsoft.com/win/2004/08/events/event">
    <System>
      <Provider Name="Microsoft-Windows-TerminalServices-RemoteConnectionManager" Guid="{c76baa63-ae81-421c-b425-340b4b24157f}" />
      <EventID>1136</EventID>
      <Version>0</Version>
      <Level>4</Level>
      <Task>0</Task>
      <Opcode>0</Opcode>
      <Keywords>0x1000000000000000</Keywords>
      <TimeCreated SystemTime="2019-02-03T03:05:59.951020800Z" />
      <EventRecordID>174</EventRecordID>
      <Correlation />
      <Execution ProcessID="1032" ThreadID="1544" />
      <Channel>Microsoft-Windows-TerminalServices-RemoteConnectionManager/Operational</Channel>
      <Computer>PC01.example.corp</Computer>
      <Security UserID="S-1-5-18" />
    </System>
    <EventData>
    </EventData>
  </Event>
  <Event xmlns="http://schemas.microsoft.com/win/2004/08/events/event">
    <System>
      <Provider Name="Microsoft-Windows-TerminalServices-RemoteConnectionManager" Guid="{c76baa63-ae81-421c-b425-340b4b24157f}" />
      <EventID>1155</EventID>
      <Version>0</Version>
      <Level>4</Level>
      <Task>0</Task>
      <Opcode>0</Opcode>
      <Keywords>0x1000000000000000</Keywords>
      <TimeCreated SystemTime="2019-02-04T12:02:44.206947200Z" />
      <EventRecordID>175</EventRecordID>
      <Correlation ActivityID="{61c51218-51ab-487e-972b-ec794820fe3f}" />
      <Execution ProcessID="1276" ThreadID="1548" />
      <Channel>Microsoft-Windows-TerminalServices-RemoteConnectionManager/Operational</Channel>
      <Computer>PC01.example.corp</Computer>
      <Security UserID="S-1-5-20" />
    </System>
    <EventData>
    </EventData>
  </Event>
  <Event xmlns="http://schemas.microsoft.com/win/2004/08/events/event">
    <System>
      <Provider Name="Microsoft-Windows-TerminalServices-RemoteConnectionManager" Guid="{c76baa63-ae81-421c-b425-340b4b24157f}" />
      <EventID>258</EventID>
      <Version>0</Version>
      <Level>4</Level>
      <Task>0</Task>
      <Opcode>0</Opcode>
      <Keywords>0x1000000000000000</Keywords>
      <TimeCreated SystemTime="2019-02-04T12:02:44.927244800Z" />
      <EventRecordID>176</EventRecordID>
      <Correlation ActivityID="{00000000-b244-0000-14a3-34e8ccbcd401}" />
      <Execution ProcessID="1276" ThreadID="1548" />
      <Channel>Microsoft-Windows-TerminalServices-RemoteConnectionManager/Operational</Channel>
      <Computer>PC01.example.corp</Computer>
      <Security UserID="S-1-5-20" />
    </System>
    <UserData>
      <EventXML xmlns:auto-ns2="http://schemas.microsoft.com/win/2004/08/events" xmlns="Event_NS">
        <listenerName>RDP-Tcp</listenerName>
      </EventXML>
    </UserData>
  </Event>
  <Event xmlns="http://schemas.microsoft.com/win/2004/08/events/event">
    <System>
      <Provider Name="Microsoft-Windows-TerminalServices-RemoteConnectionManager" Guid="{c76baa63-ae81-421c-b425-340b4b24157f}" />
      <EventID>1136</EventID>
      <Version>0</Version>
      <Level>4</Level>
      <Task>0</Task>
      <Opcode>0</Opcode>
      <Keywords>0x1000000000000000</Keywords>
      <TimeCreated SystemTime="2019-02-04T12:02:46.301628800Z" />
      <EventRecordID>177</EventRecordID>
      <Correlation />
      <Execution ProcessID="1020" ThreadID="668" />
      <Channel>Microsoft-Windows-TerminalServices-RemoteConnectionManager/Operational</Channel>
      <Computer>PC01.example.corp</Computer>
      <Security UserID="S-1-5-18" />
    </System>
    <EventData>
    </EventData>
  </Event>
  <Event xmlns="http://schemas.microsoft.com/win/2004/08/events/event">
    <System>
      <Provider Name="Microsoft-Windows-TerminalServices-RemoteConnectionManager" Guid="{c76baa63-ae81-421c-b425-340b4b24157f}" />
      <EventID>1155</EventID>
      <Version>0</Version>
      <Level>4</Level>
      <Task>0</Task>
      <Opcode>0</Opcode>
      <Keywords>0x1000000000000000</Keywords>
      <TimeCreated SystemTime="2019-02-04T12:13:24.810782200Z" />
      <EventRecordID>178</EventRecordID>
      <Correlation ActivityID="{31bf73f8-5572-4b66-9b2c-277d059db31c}" />
      <Execution ProcessID="1300" ThreadID="1704" />
      <Channel>Microsoft-Windows-TerminalServices-RemoteConnectionManager/Operational</Channel>
      <Computer>PC01.example.corp</Computer>
      <Security UserID="S-1-5-20" />
    </System>
    <EventData>
    </EventData>
  </Event>
  <Event xmlns="http://schemas.microsoft.com/win/2004/08/events/event">
    <System>
      <Provider Name="Microsoft-Windows-TerminalServices-RemoteConnectionManager" Guid="{c76baa63-ae81-421c-b425-340b4b24157f}" />
      <EventID>258</EventID>
      <Version>0</Version>
      <Level>4</Level>
      <Task>0</Task>
      <Opcode>0</Opcode>
      <Keywords>0x1000000000000000</Keywords>
      <TimeCreated SystemTime="2019-02-04T12:13:25.552063100Z" />
      <EventRecordID>179</EventRecordID>
      <Correlation ActivityID="{00000000-c244-0000-c4c0-e8ff82bcd401}" />
      <Execution ProcessID="1300" ThreadID="1704" />
      <Channel>Microsoft-Windows-TerminalServices-RemoteConnectionManager/Operational</Channel>
      <Computer>PC01.example.corp</Computer>
      <Security UserID="S-1-5-20" />
    </System>
    <UserData>
      <EventXML xmlns:auto-ns2="http://schemas.microsoft.com/win/2004/08/events" xmlns="Event_NS">
        <listenerName>RDP-Tcp</listenerName>
      </EventXML>
    </UserData>
  </Event>
  <Event xmlns="http://schemas.microsoft.com/win/2004/08/events/event">
    <System>
      <Provider Name="Microsoft-Windows-TerminalServices-RemoteConnectionManager" Guid="{c76baa63-ae81-421c-b425-340b4b24157f}" />
      <EventID>1136</EventID>
      <Version>0</Version>
      <Level>4</Level>
      <Task>0</Task>
      <Opcode>0</Opcode>
      <Keywords>0x1000000000000000</Keywords>
      <TimeCreated SystemTime="2019-02-04T12:13:26.584756700Z" />
      <EventRecordID>180</EventRecordID>
      <Correlation />
      <Execution ProcessID="1028" ThreadID="1900" />
      <Channel>Microsoft-Windows-TerminalServices-RemoteConnectionManager/Operational</Channel>
      <Computer>PC01.example.corp</Computer>
      <Security UserID="S-1-5-18" />
    </System>
    <EventData>
    </EventData>
  </Event>
  <Event xmlns="http://schemas.microsoft.com/win/2004/08/events/event">
    <System>
      <Provider Name="Microsoft-Windows-TerminalServices-RemoteConnectionManager" Guid="{c76baa63-ae81-421c-b425-340b4b24157f}" />
      <EventID>1155</EventID>
      <Version>0</Version>
      <Level>4</Level>
      <Task>0</Task>
      <Opcode>0</Opcode>
      <Keywords>0x1000000000000000</Keywords>
      <TimeCreated SystemTime="2019-02-04T12:37:59.567164900Z" />
      <EventRecordID>181</EventRecordID>
      <Correlation ActivityID="{d3024948-2b6e-416b-b60f-60d40dec38da}" />
      <Execution ProcessID="1320" ThreadID="1688" />
      <Channel>Microsoft-Windows-TerminalServices-RemoteConnectionManager/Operational</Channel>
      <Computer>PC01.example.corp</Computer>
      <Security UserID="S-1-5-20" />
    </System>
    <EventData>
    </EventData>
  </Event>
  <Event xmlns="http://schemas.microsoft.com/win/2004/08/events/event">
    <System>
      <Provider Name="Microsoft-Windows-TerminalServices-RemoteConnectionManager" Guid="{c76baa63-ae81-421c-b425-340b4b24157f}" />
      <EventID>258</EventID>
      <Version>0</Version>
      <Level>4</Level>
      <Task>0</Task>
      <Opcode>0</Opcode>
      <Keywords>0x1000000000000000</Keywords>
      <TimeCreated SystemTime="2019-02-04T12:38:00.222670300Z" />
      <EventRecordID>182</EventRecordID>
      <Correlation ActivityID="{00000000-1244-0000-148a-437086bcd401}" />
      <Execution ProcessID="1320" ThreadID="1688" />
      <Channel>Microsoft-Windows-TerminalServices-RemoteConnectionManager/Operational</Channel>
      <Computer>PC01.example.corp</Computer>
      <Security UserID="S-1-5-20" />
    </System>
    <UserData>
      <EventXML xmlns:auto-ns2="http://schemas.microsoft.com/win/2004/08/events" xmlns="Event_NS">
        <listenerName>RDP-Tcp</listenerName>
      </EventXML>
    </UserData>
  </Event>
  <Event xmlns="http://schemas.microsoft.com/win/2004/08/events/event">
    <System>
      <Provider Name="Microsoft-Windows-TerminalServices-RemoteConnectionManager" Guid="{c76baa63-ae81-421c-b425-340b4b24157f}" />
      <EventID>1136</EventID>
      <Version>0</Version>
      <Level>4</Level>
      <Task>0</Task>
      <Opcode>0</Opcode>
      <Keywords>0x1000000000000000</Keywords>
      <TimeCreated SystemTime="2019-02-04T12:38:01.953529600Z" />
      <EventRecordID>183</EventRecordID>
      <Correlation />
      <Execution ProcessID="1036" ThreadID="440" />
      <Channel>Microsoft-Windows-TerminalServices-RemoteConnectionManager/Operational</Channel>
      <Computer>PC01.example.corp</Computer>
      <Security UserID="S-1-5-18" />
    </System>
    <EventData>
    </EventData>
  </Event>
  <Event xmlns="http://schemas.microsoft.com/win/2004/08/events/event">
    <System>
      <Provider Name="Microsoft-Windows-TerminalServices-RemoteConnectionManager" Guid="{c76baa63-ae81-421c-b425-340b4b24157f}" />
      <EventID>1155</EventID>
      <Version>0</Version>
      <Level>4</Level>
      <Task>0</Task>
      <Opcode>0</Opcode>
      <Keywords>0x1000000000000000</Keywords>
      <TimeCreated SystemTime="2019-02-04T13:46:45.991889600Z" />
      <EventRecordID>184</EventRecordID>
      <Correlation ActivityID="{1c62828c-c4a9-4e8a-8394-4f85552f4f10}" />
      <Execution ProcessID="1276" ThreadID="1716" />
      <Channel>Microsoft-Windows-TerminalServices-RemoteConnectionManager/Operational</Channel>
      <Computer>PC01.example.corp</Computer>
      <Security UserID="S-1-5-20" />
    </System>
    <EventData>
    </EventData>
  </Event>
  <Event xmlns="http://schemas.microsoft.com/win/2004/08/events/event">
    <System>
      <Provider Name="Microsoft-Windows-TerminalServices-RemoteConnectionManager" Guid="{c76baa63-ae81-421c-b425-340b4b24157f}" />
      <EventID>258</EventID>
      <Version>0</Version>
      <Level>4</Level>
      <Task>0</Task>
      <Opcode>0</Opcode>
      <Keywords>0x1000000000000000</Keywords>
      <TimeCreated SystemTime="2019-02-04T13:46:47.020169600Z" />
      <EventRecordID>185</EventRecordID>
      <Correlation ActivityID="{00000000-8244-0000-e469-5377dbbcd401}" />
      <Execution ProcessID="1276" ThreadID="1716" />
      <Channel>Microsoft-Windows-TerminalServices-RemoteConnectionManager/Operational</Channel>
      <Computer>PC01.example.corp</Computer>
      <Security UserID="S-1-5-20" />
    </System>
    <UserData>
      <EventXML xmlns:auto-ns2="http://schemas.microsoft.com/win/2004/08/events" xmlns="Event_NS">
        <listenerName>RDP-Tcp</listenerName>
      </EventXML>
    </UserData>
  </Event>
  <Event xmlns="http://schemas.microsoft.com/win/2004/08/events/event">
    <System>
      <Provider Name="Microsoft-Windows-TerminalServices-RemoteConnectionManager" Guid="{c76baa63-ae81-421c-b425-340b4b24157f}" />
      <EventID>1136</EventID>
      <Version>0</Version>
      <Level>4</Level>
      <Task>0</Task>
      <Opcode>0</Opcode>
      <Keywords>0x1000000000000000</Keywords>
      <TimeCreated SystemTime="2019-02-04T13:46:48.413016000Z" />
      <EventRecordID>186</EventRecordID>
      <Correlation />
      <Execution ProcessID="1028" ThreadID="2112" />
      <Channel>Microsoft-Windows-TerminalServices-RemoteConnectionManager/Operational</Channel>
      <Computer>PC01.example.corp</Computer>
      <Security UserID="S-1-5-18" />
    </System>
    <EventData>
    </EventData>
  </Event>
  <Event xmlns="http://schemas.microsoft.com/win/2004/08/events/event">
    <System>
      <Provider Name="Microsoft-Windows-TerminalServices-RemoteConnectionManager" Guid="{c76baa63-ae81-421c-b425-340b4b24157f}" />
      <EventID>1155</EventID>
      <Version>0</Version>
      <Level>4</Level>
      <Task>0</Task>
      <Opcode>0</Opcode>
      <Keywords>0x1000000000000000</Keywords>
      <TimeCreated SystemTime="2019-02-04T20:13:11.672704000Z" />
      <EventRecordID>187</EventRecordID>
      <Correlation ActivityID="{065a958a-e794-4604-bc1d-b10c4d7f6c61}" />
      <Execution ProcessID="1312" ThreadID="1324" />
      <Channel>Microsoft-Windows-TerminalServices-RemoteConnectionManager/Operational</Channel>
      <Computer>PC01.example.corp</Computer>
      <Security UserID="S-1-5-20" />
    </System>
    <EventData>
    </EventData>
  </Event>
  <Event xmlns="http://schemas.microsoft.com/win/2004/08/events/event">
    <System>
      <Provider Name="Microsoft-Windows-TerminalServices-RemoteConnectionManager" Guid="{c76baa63-ae81-421c-b425-340b4b24157f}" />
      <EventID>258</EventID>
      <Version>0</Version>
      <Level>4</Level>
      <Task>0</Task>
      <Opcode>0</Opcode>
      <Keywords>0x1000000000000000</Keywords>
      <TimeCreated SystemTime="2019-02-04T20:13:12.397014400Z" />
      <EventRecordID>188</EventRecordID>
      <Correlation ActivityID="{00000000-8244-0000-1423-d07311bdd401}" />
      <Execution ProcessID="1312" ThreadID="1328" />
      <Channel>Microsoft-Windows-TerminalServices-RemoteConnectionManager/Operational</Channel>
      <Computer>PC01.example.corp</Computer>
      <Security UserID="S-1-5-20" />
    </System>
    <UserData>
      <EventXML xmlns:auto-ns2="http://schemas.microsoft.com/win/2004/08/events" xmlns="Event_NS">
        <listenerName>RDP-Tcp</listenerName>
      </EventXML>
    </UserData>
  </Event>
  <Event xmlns="http://schemas.microsoft.com/win/2004/08/events/event">
    <System>
      <Provider Name="Microsoft-Windows-TerminalServices-RemoteConnectionManager" Guid="{c76baa63-ae81-421c-b425-340b4b24157f}" />
      <EventID>1136</EventID>
      <Version>0</Version>
      <Level>4</Level>
      <Task>0</Task>
      <Opcode>0</Opcode>
      <Keywords>0x1000000000000000</Keywords>
      <TimeCreated SystemTime="2019-02-04T20:13:13.818548800Z" />
      <EventRecordID>189</EventRecordID>
      <Correlation />
      <Execution ProcessID="1040" ThreadID="2136" />
      <Channel>Microsoft-Windows-TerminalServices-RemoteConnectionManager/Operational</Channel>
      <Computer>PC01.example.corp</Computer>
      <Security UserID="S-1-5-18" />
    </System>
    <EventData>
    </EventData>
  </Event>
  <Event xmlns="http://schemas.microsoft.com/win/2004/08/events/event">
    <System>
      <Provider Name="Microsoft-Windows-TerminalServices-RemoteConnectionManager" Guid="{c76baa63-ae81-421c-b425-340b4b24157f}" />
      <EventID>1155</EventID>
      <Version>0</Version>
      <Level>4</Level>
      <Task>0</Task>
      <Opcode>0</Opcode>
      <Keywords>0x1000000000000000</Keywords>
      <TimeCreated SystemTime="2019-02-04T21:36:57.697524800Z" />
      <EventRecordID>190</EventRecordID>
      <Correlation ActivityID="{369fde95-d6f7-4601-92b6-85a71b302ca3}" />
      <Execution ProcessID="1320" ThreadID="1820" />
      <Channel>Microsoft-Windows-TerminalServices-RemoteConnectionManager/Operational</Channel>
      <Computer>PC01.example.corp</Computer>
      <Security UserID="S-1-5-20" />
    </System>
    <EventData>
    </EventData>
  </Event>
  <Event xmlns="http://schemas.microsoft.com/win/2004/08/events/event">
    <System>
      <Provider Name="Microsoft-Windows-TerminalServices-RemoteConnectionManager" Guid="{c76baa63-ae81-421c-b425-340b4b24157f}" />
      <EventID>258</EventID>
      <Version>0</Version>
      <Level>4</Level>
      <Task>0</Task>
      <Opcode>0</Opcode>
      <Keywords>0x1000000000000000</Keywords>
      <TimeCreated SystemTime="2019-02-04T21:36:58.760916800Z" />
      <EventRecordID>191</EventRecordID>
      <Correlation ActivityID="{00000000-5244-0000-f42a-c4251dbdd401}" />
      <Execution ProcessID="1320" ThreadID="1820" />
      <Channel>Microsoft-Windows-TerminalServices-RemoteConnectionManager/Operational</Channel>
      <Computer>PC01.example.corp</Computer>
      <Security UserID="S-1-5-20" />
    </System>
    <UserData>
      <EventXML xmlns:auto-ns2="http://schemas.microsoft.com/win/2004/08/events" xmlns="Event_NS">
        <listenerName>RDP-Tcp</listenerName>
      </EventXML>
    </UserData>
  </Event>
  <Event xmlns="http://schemas.microsoft.com/win/2004/08/events/event">
    <System>
      <Provider Name="Microsoft-Windows-TerminalServices-RemoteConnectionManager" Guid="{c76baa63-ae81-421c-b425-340b4b24157f}" />
      <EventID>1136</EventID>
      <Version>0</Version>
      <Level>4</Level>
      <Task>0</Task>
      <Opcode>0</Opcode>
      <Keywords>0x1000000000000000</Keywords>
      <TimeCreated SystemTime="2019-02-04T21:37:00.983163200Z" />
      <EventRecordID>192</EventRecordID>
      <Correlation />
      <Execution ProcessID="1036" ThreadID="1092" />
      <Channel>Microsoft-Windows-TerminalServices-RemoteConnectionManager/Operational</Channel>
      <Computer>PC01.example.corp</Computer>
      <Security UserID="S-1-5-18" />
    </System>
    <EventData>
    </EventData>
  </Event>
  <Event xmlns="http://schemas.microsoft.com/win/2004/08/events/event">
    <System>
      <Provider Name="Microsoft-Windows-TerminalServices-RemoteConnectionManager" Guid="{c76baa63-ae81-421c-b425-340b4b24157f}" />
      <EventID>1155</EventID>
      <Version>0</Version>
      <Level>4</Level>
      <Task>0</Task>
      <Opcode>0</Opcode>
      <Keywords>0x1000000000000000</Keywords>
      <TimeCreated SystemTime="2019-02-06T09:47:36.926696000Z" />
      <EventRecordID>193</EventRecordID>
      <Correlation ActivityID="{21f7c954-6131-4bc4-9842-b525b71dbb91}" />
      <Execution ProcessID="1264" ThreadID="1800" />
      <Channel>Microsoft-Windows-TerminalServices-RemoteConnectionManager/Operational</Channel>
      <Computer>PC01.example.corp</Computer>
      <Security UserID="S-1-5-20" />
    </System>
    <EventData>
    </EventData>
  </Event>
  <Event xmlns="http://schemas.microsoft.com/win/2004/08/events/event">
    <System>
      <Provider Name="Microsoft-Windows-TerminalServices-RemoteConnectionManager" Guid="{c76baa63-ae81-421c-b425-340b4b24157f}" />
      <EventID>258</EventID>
      <Version>0</Version>
      <Level>4</Level>
      <Task>0</Task>
      <Opcode>0</Opcode>
      <Keywords>0x1000000000000000</Keywords>
      <TimeCreated SystemTime="2019-02-06T09:47:37.847633600Z" />
      <EventRecordID>194</EventRecordID>
      <Correlation ActivityID="{00000000-8244-0000-04ad-ba614cbed401}" />
      <Execution ProcessID="1264" ThreadID="1800" />
      <Channel>Microsoft-Windows-TerminalServices-RemoteConnectionManager/Operational</Channel>
      <Computer>PC01.example.corp</Computer>
      <Security UserID="S-1-5-20" />
    </System>
    <UserData>
      <EventXML xmlns:auto-ns2="http://schemas.microsoft.com/win/2004/08/events" xmlns="Event_NS">
        <listenerName>RDP-Tcp</listenerName>
      </EventXML>
    </UserData>
  </Event>
  <Event xmlns="http://schemas.microsoft.com/win/2004/08/events/event">
    <System>
      <Provider Name="Microsoft-Windows-TerminalServices-RemoteConnectionManager" Guid="{c76baa63-ae81-421c-b425-340b4b24157f}" />
      <EventID>1136</EventID>
      <Version>0</Version>
      <Level>4</Level>
      <Task>0</Task>
      <Opcode>0</Opcode>
      <Keywords>0x1000000000000000</Keywords>
      <TimeCreated SystemTime="2019-02-06T09:47:39.273568000Z" />
      <EventRecordID>195</EventRecordID>
      <Correlation />
      <Execution ProcessID="1000" ThreadID="2060" />
      <Channel>Microsoft-Windows-TerminalServices-RemoteConnectionManager/Operational</Channel>
      <Computer>PC01.example.corp</Computer>
      <Security UserID="S-1-5-18" />
    </System>
    <EventData>
    </EventData>
  </Event>
  <Event xmlns="http://schemas.microsoft.com/win/2004/08/events/event">
    <System>
      <Provider Name="Microsoft-Windows-TerminalServices-RemoteConnectionManager" Guid="{c76baa63-ae81-421c-b425-340b4b24157f}" />
      <EventID>1155</EventID>
      <Version>0</Version>
      <Level>4</Level>
      <Task>0</Task>
      <Opcode>0</Opcode>
      <Keywords>0x1000000000000000</Keywords>
      <TimeCreated SystemTime="2019-02-07T20:06:49.261014400Z" />
      <EventRecordID>196</EventRecordID>
      <Correlation ActivityID="{a7bc38af-56d6-4c83-9929-584f6361b127}" />
      <Execution ProcessID="1300" ThreadID="1540" />
      <Channel>Microsoft-Windows-TerminalServices-RemoteConnectionManager/Operational</Channel>
      <Computer>PC01.example.corp</Computer>
      <Security UserID="S-1-5-20" />
    </System>
    <EventData>
    </EventData>
  </Event>
  <Event xmlns="http://schemas.microsoft.com/win/2004/08/events/event">
    <System>
      <Provider Name="Microsoft-Windows-TerminalServices-RemoteConnectionManager" Guid="{c76baa63-ae81-421c-b425-340b4b24157f}" />
      <EventID>258</EventID>
      <Version>0</Version>
      <Level>4</Level>
      <Task>0</Task>
      <Opcode>0</Opcode>
      <Keywords>0x1000000000000000</Keywords>
      <TimeCreated SystemTime="2019-02-07T20:06:50.195996800Z" />
      <EventRecordID>197</EventRecordID>
      <Correlation ActivityID="{00000000-7244-0000-942b-9d076cbfd401}" />
      <Execution ProcessID="1300" ThreadID="1316" />
      <Channel>Microsoft-Windows-TerminalServices-RemoteConnectionManager/Operational</Channel>
      <Computer>PC01.example.corp</Computer>
      <Security UserID="S-1-5-20" />
    </System>
    <UserData>
      <EventXML xmlns:auto-ns2="http://schemas.microsoft.com/win/2004/08/events" xmlns="Event_NS">
        <listenerName>RDP-Tcp</listenerName>
      </EventXML>
    </UserData>
  </Event>
  <Event xmlns="http://schemas.microsoft.com/win/2004/08/events/event">
    <System>
      <Provider Name="Microsoft-Windows-TerminalServices-RemoteConnectionManager" Guid="{c76baa63-ae81-421c-b425-340b4b24157f}" />
      <EventID>1136</EventID>
      <Version>0</Version>
      <Level>4</Level>
      <Task>0</Task>
      <Opcode>0</Opcode>
      <Keywords>0x1000000000000000</Keywords>
      <TimeCreated SystemTime="2019-02-07T20:06:51.532980800Z" />
      <EventRecordID>198</EventRecordID>
      <Correlation />
      <Execution ProcessID="1004" ThreadID="2108" />
      <Channel>Microsoft-Windows-TerminalServices-RemoteConnectionManager/Operational</Channel>
      <Computer>PC01.example.corp</Computer>
      <Security UserID="S-1-5-18" />
    </System>
    <EventData>
    </EventData>
  </Event>
  <Event xmlns="http://schemas.microsoft.com/win/2004/08/events/event">
    <System>
      <Provider Name="Microsoft-Windows-TerminalServices-RemoteConnectionManager" Guid="{c76baa63-ae81-421c-b425-340b4b24157f}" />
      <EventID>1155</EventID>
      <Version>0</Version>
      <Level>4</Level>
      <Task>0</Task>
      <Opcode>0</Opcode>
      <Keywords>0x1000000000000000</Keywords>
      <TimeCreated SystemTime="2019-02-08T09:23:46.465374400Z" />
      <EventRecordID>199</EventRecordID>
      <Correlation ActivityID="{f2042228-a156-4232-9aeb-b135adba41c9}" />
      <Execution ProcessID="1296" ThreadID="1332" />
      <Channel>Microsoft-Windows-TerminalServices-RemoteConnectionManager/Operational</Channel>
      <Computer>PC01.example.corp</Computer>
      <Security UserID="S-1-5-20" />
    </System>
    <EventData>
    </EventData>
  </Event>
  <Event xmlns="http://schemas.microsoft.com/win/2004/08/events/event">
    <System>
      <Provider Name="Microsoft-Windows-TerminalServices-RemoteConnectionManager" Guid="{c76baa63-ae81-421c-b425-340b4b24157f}" />
      <EventID>258</EventID>
      <Version>0</Version>
      <Level>4</Level>
      <Task>0</Task>
      <Opcode>0</Opcode>
      <Keywords>0x1000000000000000</Keywords>
      <TimeCreated SystemTime="2019-02-08T09:23:49.605038400Z" />
      <EventRecordID>200</EventRecordID>
      <Correlation ActivityID="{00000000-c244-0000-74eb-5a60dbbfd401}" />
      <Execution ProcessID="1296" ThreadID="1332" />
      <Channel>Microsoft-Windows-TerminalServices-RemoteConnectionManager/Operational</Channel>
      <Computer>PC01.example.corp</Computer>
      <Security UserID="S-1-5-20" />
    </System>
    <UserData>
      <EventXML xmlns:auto-ns2="http://schemas.microsoft.com/win/2004/08/events" xmlns="Event_NS">
        <listenerName>RDP-Tcp</listenerName>
      </EventXML>
    </UserData>
  </Event>
  <Event xmlns="http://schemas.microsoft.com/win/2004/08/events/event">
    <System>
      <Provider Name="Microsoft-Windows-TerminalServices-RemoteConnectionManager" Guid="{c76baa63-ae81-421c-b425-340b4b24157f}" />
      <EventID>1136</EventID>
      <Version>0</Version>
      <Level>4</Level>
      <Task>0</Task>
      <Opcode>0</Opcode>
      <Keywords>0x1000000000000000</Keywords>
      <TimeCreated SystemTime="2019-02-08T09:24:02.603377600Z" />
      <EventRecordID>201</EventRecordID>
      <Correlation />
      <Execution ProcessID="992" ThreadID="2480" />
      <Channel>Microsoft-Windows-TerminalServices-RemoteConnectionManager/Operational</Channel>
      <Computer>PC01.example.corp</Computer>
      <Security UserID="S-1-5-18" />
    </System>
    <EventData>
    </EventData>
  </Event>
  <Event xmlns="http://schemas.microsoft.com/win/2004/08/events/event">
    <System>
      <Provider Name="Microsoft-Windows-TerminalServices-RemoteConnectionManager" Guid="{c76baa63-ae81-421c-b425-340b4b24157f}" />
      <EventID>1155</EventID>
      <Version>0</Version>
      <Level>4</Level>
      <Task>0</Task>
      <Opcode>0</Opcode>
      <Keywords>0x1000000000000000</Keywords>
      <TimeCreated SystemTime="2019-02-08T16:09:19.326968000Z" />
      <EventRecordID>202</EventRecordID>
      <Correlation ActivityID="{22513f28-07f0-40a7-bf79-fa1601e5310d}" />
      <Execution ProcessID="1280" ThreadID="1316" />
      <Channel>Microsoft-Windows-TerminalServices-RemoteConnectionManager/Operational</Channel>
      <Computer>PC01.example.corp</Computer>
      <Security UserID="S-1-5-20" />
    </System>
    <EventData>
    </EventData>
  </Event>
  <Event xmlns="http://schemas.microsoft.com/win/2004/08/events/event">
    <System>
      <Provider Name="Microsoft-Windows-TerminalServices-RemoteConnectionManager" Guid="{c76baa63-ae81-421c-b425-340b4b24157f}" />
      <EventID>258</EventID>
      <Version>0</Version>
      <Level>4</Level>
      <Task>0</Task>
      <Opcode>0</Opcode>
      <Keywords>0x1000000000000000</Keywords>
      <TimeCreated SystemTime="2019-02-08T16:09:20.439516800Z" />
      <EventRecordID>203</EventRecordID>
      <Correlation ActivityID="{00000000-c244-0000-c4e2-540a14c0d401}" />
      <Execution ProcessID="1280" ThreadID="1312" />
      <Channel>Microsoft-Windows-TerminalServices-RemoteConnectionManager/Operational</Channel>
      <Computer>PC01.example.corp</Computer>
      <Security UserID="S-1-5-20" />
    </System>
    <UserData>
      <EventXML xmlns:auto-ns2="http://schemas.microsoft.com/win/2004/08/events" xmlns="Event_NS">
        <listenerName>RDP-Tcp</listenerName>
      </EventXML>
    </UserData>
  </Event>
  <Event xmlns="http://schemas.microsoft.com/win/2004/08/events/event">
    <System>
      <Provider Name="Microsoft-Windows-TerminalServices-RemoteConnectionManager" Guid="{c76baa63-ae81-421c-b425-340b4b24157f}" />
      <EventID>1136</EventID>
      <Version>0</Version>
      <Level>4</Level>
      <Task>0</Task>
      <Opcode>0</Opcode>
      <Keywords>0x1000000000000000</Keywords>
      <TimeCreated SystemTime="2019-02-08T16:09:21.905755200Z" />
      <EventRecordID>204</EventRecordID>
      <Correlation />
      <Execution ProcessID="996" ThreadID="1292" />
      <Channel>Microsoft-Windows-TerminalServices-RemoteConnectionManager/Operational</Channel>
      <Computer>PC01.example.corp</Computer>
      <Security UserID="S-1-5-18" />
    </System>
    <EventData>
    </EventData>
  </Event>
  <Event xmlns="http://schemas.microsoft.com/win/2004/08/events/event">
    <System>
      <Provider Name="Microsoft-Windows-TerminalServices-RemoteConnectionManager" Guid="{c76baa63-ae81-421c-b425-340b4b24157f}" />
      <EventID>1155</EventID>
      <Version>0</Version>
      <Level>4</Level>
      <Task>0</Task>
      <Opcode>0</Opcode>
      <Keywords>0x1000000000000000</Keywords>
      <TimeCreated SystemTime="2019-02-10T11:02:26.394484800Z" />
      <EventRecordID>205</EventRecordID>
      <Correlation ActivityID="{6f727ba3-d273-4761-becd-b7b60edb467c}" />
      <Execution ProcessID="1296" ThreadID="1688" />
      <Channel>Microsoft-Windows-TerminalServices-RemoteConnectionManager/Operational</Channel>
      <Computer>PC01.example.corp</Computer>
      <Security UserID="S-1-5-20" />
    </System>
    <EventData>
    </EventData>
  </Event>
  <Event xmlns="http://schemas.microsoft.com/win/2004/08/events/event">
    <System>
      <Provider Name="Microsoft-Windows-TerminalServices-RemoteConnectionManager" Guid="{c76baa63-ae81-421c-b425-340b4b24157f}" />
      <EventID>258</EventID>
      <Version>0</Version>
      <Level>4</Level>
      <Task>0</Task>
      <Opcode>0</Opcode>
      <Keywords>0x1000000000000000</Keywords>
      <TimeCreated SystemTime="2019-02-10T11:02:29.208672000Z" />
      <EventRecordID>206</EventRecordID>
      <Correlation ActivityID="{00000000-9244-0000-4461-f67e7bc1d401}" />
      <Execution ProcessID="1296" ThreadID="1688" />
      <Channel>Microsoft-Windows-TerminalServices-RemoteConnectionManager/Operational</Channel>
      <Computer>PC01.example.corp</Computer>
      <Security UserID="S-1-5-20" />
    </System>
    <UserData>
      <EventXML xmlns:auto-ns2="http://schemas.microsoft.com/win/2004/08/events" xmlns="Event_NS">
        <listenerName>RDP-Tcp</listenerName>
      </EventXML>
    </UserData>
  </Event>
  <Event xmlns="http://schemas.microsoft.com/win/2004/08/events/event">
    <System>
      <Provider Name="Microsoft-Windows-TerminalServices-RemoteConnectionManager" Guid="{c76baa63-ae81-421c-b425-340b4b24157f}" />
      <EventID>1136</EventID>
      <Version>0</Version>
      <Level>4</Level>
      <Task>0</Task>
      <Opcode>0</Opcode>
      <Keywords>0x1000000000000000</Keywords>
      <TimeCreated SystemTime="2019-02-10T11:02:42.427680000Z" />
      <EventRecordID>207</EventRecordID>
      <Correlation />
      <Execution ProcessID="976" ThreadID="2372" />
      <Channel>Microsoft-Windows-TerminalServices-RemoteConnectionManager/Operational</Channel>
      <Computer>PC01.example.corp</Computer>
      <Security UserID="S-1-5-18" />
    </System>
    <EventData>
    </EventData>
  </Event>
  <Event xmlns="http://schemas.microsoft.com/win/2004/08/events/event">
    <System>
      <Provider Name="Microsoft-Windows-TerminalServices-RemoteConnectionManager" Guid="{c76baa63-ae81-421c-b425-340b4b24157f}" />
      <EventID>1155</EventID>
      <Version>0</Version>
      <Level>4</Level>
      <Task>0</Task>
      <Opcode>0</Opcode>
      <Keywords>0x1000000000000000</Keywords>
      <TimeCreated SystemTime="2019-02-13T12:18:48.588120000Z" />
      <EventRecordID>208</EventRecordID>
      <Correlation ActivityID="{4e2952c2-db09-486e-8cfd-506b0529b328}" />
      <Execution ProcessID="1284" ThreadID="1548" />
      <Channel>Microsoft-Windows-TerminalServices-RemoteConnectionManager/Operational</Channel>
      <Computer>PC01.example.corp</Computer>
      <Security UserID="S-1-5-20" />
    </System>
    <EventData>
    </EventData>
  </Event>
  <Event xmlns="http://schemas.microsoft.com/win/2004/08/events/event">
    <System>
      <Provider Name="Microsoft-Windows-TerminalServices-RemoteConnectionManager" Guid="{c76baa63-ae81-421c-b425-340b4b24157f}" />
      <EventID>258</EventID>
      <Version>0</Version>
      <Level>4</Level>
      <Task>0</Task>
      <Opcode>0</Opcode>
      <Keywords>0x1000000000000000</Keywords>
      <TimeCreated SystemTime="2019-02-13T12:18:49.474948800Z" />
      <EventRecordID>209</EventRecordID>
      <Correlation ActivityID="{00000000-2244-0000-e4f2-9f92e1c3d401}" />
      <Execution ProcessID="1284" ThreadID="1548" />
      <Channel>Microsoft-Windows-TerminalServices-RemoteConnectionManager/Operational</Channel>
      <Computer>PC01.example.corp</Computer>
      <Security UserID="S-1-5-20" />
    </System>
    <UserData>
      <EventXML xmlns:auto-ns2="http://schemas.microsoft.com/win/2004/08/events" xmlns="Event_NS">
        <listenerName>RDP-Tcp</listenerName>
      </EventXML>
    </UserData>
  </Event>
  <Event xmlns="http://schemas.microsoft.com/win/2004/08/events/event">
    <System>
      <Provider Name="Microsoft-Windows-TerminalServices-RemoteConnectionManager" Guid="{c76baa63-ae81-421c-b425-340b4b24157f}" />
      <EventID>1136</EventID>
      <Version>0</Version>
      <Level>4</Level>
      <Task>0</Task>
      <Opcode>0</Opcode>
      <Keywords>0x1000000000000000</Keywords>
      <TimeCreated SystemTime="2019-02-13T12:18:50.723932800Z" />
      <EventRecordID>210</EventRecordID>
      <Correlation />
      <Execution ProcessID="1016" ThreadID="364" />
      <Channel>Microsoft-Windows-TerminalServices-RemoteConnectionManager/Operational</Channel>
      <Computer>PC01.example.corp</Computer>
      <Security UserID="S-1-5-18" />
    </System>
    <EventData>
    </EventData>
  </Event>
  <Event xmlns="http://schemas.microsoft.com/win/2004/08/events/event">
    <System>
      <Provider Name="Microsoft-Windows-TerminalServices-RemoteConnectionManager" Guid="{c76baa63-ae81-421c-b425-340b4b24157f}" />
      <EventID>261</EventID>
      <Version>0</Version>
      <Level>4</Level>
      <Task>0</Task>
      <Opcode>0</Opcode>
      <Keywords>0x1000000000000000</Keywords>
      <TimeCreated SystemTime="2019-02-13T12:23:42.178296000Z" />
      <EventRecordID>211</EventRecordID>
      <Correlation />
      <Execution ProcessID="1284" ThreadID="592" />
      <Channel>Microsoft-Windows-TerminalServices-RemoteConnectionManager/Operational</Channel>
      <Computer>PC01.example.corp</Computer>
      <Security UserID="S-1-5-20" />
    </System>
    <UserData>
      <EventXML xmlns:auto-ns2="http://schemas.microsoft.com/win/2004/08/events" xmlns="Event_NS">
        <listenerName>RDP-Tcp</listenerName>
      </EventXML>
    </UserData>
  </Event>
  <Event xmlns="http://schemas.microsoft.com/win/2004/08/events/event">
    <System>
      <Provider Name="Microsoft-Windows-TerminalServices-RemoteConnectionManager" Guid="{c76baa63-ae81-421c-b425-340b4b24157f}" />
      <EventID>261</EventID>
      <Version>0</Version>
      <Level>4</Level>
      <Task>0</Task>
      <Opcode>0</Opcode>
      <Keywords>0x1000000000000000</Keywords>
      <TimeCreated SystemTime="2019-02-13T12:23:53.754942400Z" />
      <EventRecordID>212</EventRecordID>
      <Correlation />
      <Execution ProcessID="1284" ThreadID="592" />
      <Channel>Microsoft-Windows-TerminalServices-RemoteConnectionManager/Operational</Channel>
      <Computer>PC01.example.corp</Computer>
      <Security UserID="S-1-5-20" />
    </System>
    <UserData>
      <EventXML xmlns:auto-ns2="http://schemas.microsoft.com/win/2004/08/events" xmlns="Event_NS">
        <listenerName>RDP-Tcp</listenerName>
      </EventXML>
    </UserData>
  </Event>
  <Event xmlns="http://schemas.microsoft.com/win/2004/08/events/event">
    <System>
      <Provider Name="Microsoft-Windows-TerminalServices-RemoteConnectionManager" Guid="{c76baa63-ae81-421c-b425-340b4b24157f}" />
      <EventID>1149</EventID>
      <Version>0</Version>
      <Level>4</Level>
      <Task>0</Task>
      <Opcode>0</Opcode>
      <Keywords>0x1000000000000000</Keywords>
      <TimeCreated SystemTime="2019-02-13T12:23:53.875115200Z" />
      <EventRecordID>213</EventRecordID>
      <Correlation />
      <Execution ProcessID="1284" ThreadID="2472" />
      <Channel>Microsoft-Windows-TerminalServices-RemoteConnectionManager/Operational</Channel>
      <Computer>PC01.example.corp</Computer>
      <Security UserID="S-1-5-20" />
    </System>
    <UserData>
      <EventXML xmlns:auto-ns2="http://schemas.microsoft.com/win/2004/08/events" xmlns="Event_NS">
        <Param1>IEUser</Param1>
        <Param2>PC01</Param2>
        <Param3>10.0.2.16</Param3>
      </EventXML>
    </UserData>
  </Event>
  <Event xmlns="http://schemas.microsoft.com/win/2004/08/events/event">
    <System>
      <Provider Name="Microsoft-Windows-TerminalServices-RemoteConnectionManager" Guid="{c76baa63-ae81-421c-b425-340b4b24157f}" />
      <EventID>1155</EventID>
      <Version>0</Version>
      <Level>4</Level>
      <Task>0</Task>
      <Opcode>0</Opcode>
      <Keywords>0x1000000000000000</Keywords>
      <TimeCreated SystemTime="2019-02-13T14:05:43.500158400Z" />
      <EventRecordID>214</EventRecordID>
      <Correlation ActivityID="{aec70588-3b40-4a0d-840a-a4d62254e811}" />
      <Execution ProcessID="1292" ThreadID="1612" />
      <Channel>Microsoft-Windows-TerminalServices-RemoteConnectionManager/Operational</Channel>
      <Computer>PC01.example.corp</Computer>
      <Security UserID="S-1-5-20" />
    </System>
    <EventData>
    </EventData>
  </Event>
  