<Event xmlns="http://schemas.microsoft.com/win/2004/08/events/event">
    <System>
      <Provider Name="Microsoft-Windows-TerminalServices-RemoteConnectionManager" Guid="{c76baa63-ae81-421c-b425-340b4b24157f}" />
      <EventID>258</EventID>
      <Version>0</Version>
      <Level>4</Level>
      <Task>0</Task>
      <Opcode>0</Opcode>
      <Keywords>0x1000000000000000</Keywords>
      <TimeCreated SystemTime="2019-01-17T19:25:23.706796800Z" />
      <EventRecordID>56</EventRecordID>
      <Correlation ActivityID="{00000000-e244-0000-1437-88c8e5aed401}" />
      <Execution ProcessID="1356" ThreadID="1508" />
      <Channel>Microsoft-Windows-TerminalServices-RemoteConnectionManager/Operational</Channel>
      <Computer>IEWIN7</Computer>
      <Security UserID="S-1-5-20" />
    </System>
    <UserData>
      <EventXML xmlns:auto-ns2="http://schemas.microsoft.com/win/2004/08/events" xmlns="Event_NS">
        <listenerName>RDP-Tcp</listenerName>
      </EventXML>
    </UserData>
  </Event>
  <Event xmlns="http://schemas.microsoft.com/win/2004/08/events/event">
    <System>
      <Provider Name="Microsoft-Windows-TerminalServices-RemoteConnectionManager" Guid="{c76baa63-ae81-421c-b425-340b4b24157f}" />
      <EventID>1136</EventID>
      <Version>0</Version>
      <Level>4</Level>
      <Task>0</Task>
      <Opcode>0</Opcode>
      <Keywords>0x1000000000000000</Keywords>
      <TimeCreated SystemTime="2019-01-17T19:25:24.668179200Z" />
      <EventRecordID>57</EventRecordID>
      <Correlation />
      <Execution ProcessID="1012" ThreadID="2080" />
      <Channel>Microsoft-Windows-TerminalServices-RemoteConnectionManager/Operational</Channel>
      <Computer>IEWIN7</Computer>
      <Security UserID="S-1-5-18" />
    </System>
    <EventData>
    </EventData>
  </Event>
  <Event xmlns="http://schemas.microsoft.com/win/2004/08/events/event">
    <System>
      <Provider Name="Microsoft-Windows-TerminalServices-RemoteConnectionManager" Guid="{c76baa63-ae81-421c-b425-340b4b24157f}" />
      <EventID>1155</EventID>
      <Version>0</Version>
      <Level>4</Level>
      <Task>0</Task>
      <Opcode>0</Opcode>
      <Keywords>0x1000000000000000</Keywords>
      <TimeCreated SystemTime="2019-01-17T20:30:02.760105600Z" />
      <EventRecordID>58</EventRecordID>
      <Correlation ActivityID="{7b176fb3-5e88-4b96-92ab-25663d9516ad}" />
      <Execution ProcessID="1264" ThreadID="1284" />
      <Channel>Microsoft-Windows-TerminalServices-RemoteConnectionManager/Operational</Channel>
      <Computer>IEWIN7</Computer>
      <Security UserID="S-1-5-20" />
    </System>
    <EventData>
    </EventData>
  </Event>
  <Event xmlns="http://schemas.microsoft.com/win/2004/08/events/event">
    <System>
      <Provider Name="Microsoft-Windows-TerminalServices-RemoteConnectionManager" Guid="{c76baa63-ae81-421c-b425-340b4b24157f}" />
      <EventID>258</EventID>
      <Version>0</Version>
      <Level>4</Level>
      <Task>0</Task>
      <Opcode>0</Opcode>
      <Keywords>0x1000000000000000</Keywords>
      <TimeCreated SystemTime="2019-01-17T20:30:03.421056000Z" />
      <EventRecordID>59</EventRecordID>
      <Correlation ActivityID="{00000000-0244-0000-1495-93d3eeaed401}" />
      <Execution ProcessID="1264" ThreadID="1284" />
      <Channel>Microsoft-Windows-TerminalServices-RemoteConnectionManager/Operational</Channel>
      <Computer>IEWIN7</Computer>
      <Security UserID="S-1-5-20" />
    </System>
    <UserData>
      <EventXML xmlns:auto-ns2="http://schemas.microsoft.com/win/2004/08/events" xmlns="Event_NS">
        <listenerName>RDP-Tcp</listenerName>
      </EventXML>
    </UserData>
  </Event>
  <Event xmlns="http://schemas.microsoft.com/win/2004/08/events/event">
    <System>
      <Provider Name="Microsoft-Windows-TerminalServices-RemoteConnectionManager" Guid="{c76baa63-ae81-421c-b425-340b4b24157f}" />
      <EventID>1136</EventID>
      <Version>0</Version>
      <Level>4</Level>
      <Task>0</Task>
      <Opcode>0</Opcode>
      <Keywords>0x1000000000000000</Keywords>
      <TimeCreated SystemTime="2019-01-17T20:30:04.142092800Z" />
      <EventRecordID>60</EventRecordID>
      <Correlation />
      <Execution ProcessID="1036" ThreadID="2128" />
      <Channel>Microsoft-Windows-TerminalServices-RemoteConnectionManager/Operational</Channel>
      <Computer>IEWIN7</Computer>
      <Security UserID="S-1-5-18" />
    </System>
    <EventData>
    </EventData>
  </Event>
  <Event xmlns="http://schemas.microsoft.com/win/2004/08/events/event">
    <System>
      <Provider Name="Microsoft-Windows-TerminalServices-RemoteConnectionManager" Guid="{c76baa63-ae81-421c-b425-340b4b24157f}" />
      <EventID>1155</EventID>
      <Version>0</Version>
      <Level>4</Level>
      <Task>0</Task>
      <Opcode>0</Opcode>
      <Keywords>0x1000000000000000</Keywords>
      <TimeCreated SystemTime="2019-01-17T21:03:33.425283800Z" />
      <EventRecordID>61</EventRecordID>
      <Correlation ActivityID="{43abd68e-0f65-4859-bf1d-960e5b259e94}" />
      <Execution ProcessID="1296" ThreadID="1344" />
      <Channel>Microsoft-Windows-TerminalServices-RemoteConnectionManager/Operational</Channel>
      <Computer>IEWIN7</Computer>
      <Security UserID="S-1-5-20" />
    </System>
    <EventData>
    </EventData>
  </Event>
  <Event xmlns="http://schemas.microsoft.com/win/2004/08/events/event">
    <System>
      <Provider Name="Microsoft-Windows-TerminalServices-RemoteConnectionManager" Guid="{c76baa63-ae81-421c-b425-340b4b24157f}" />
      <EventID>258</EventID>
      <Version>0</Version>
      <Level>4</Level>
      <Task>0</Task>
      <Opcode>0</Opcode>
      <Keywords>0x1000000000000000</Keywords>
      <TimeCreated SystemTime="2019-01-17T21:03:34.119284800Z" />
      <EventRecordID>62</EventRecordID>
      <Correlation ActivityID="{00000000-c244-0000-e495-4b15a8aed401}" />
      <Execution ProcessID="1296" ThreadID="1344" />
      <Channel>Microsoft-Windows-TerminalServices-RemoteConnectionManager/Operational</Channel>
      <Computer>IEWIN7</Computer>
      <Security UserID="S-1-5-20" />
    </System>
    <UserData>
      <EventXML xmlns:auto-ns2="http://schemas.microsoft.com/win/2004/08/events" xmlns="Event_NS">
        <listenerName>RDP-Tcp</listenerName>
      </EventXML>
    </UserData>
  </Event>
  <Event xmlns="http://schemas.microsoft.com/win/2004/08/events/event">
    <System>
      <Provider Name="Microsoft-Windows-TerminalServices-RemoteConnectionManager" Guid="{c76baa63-ae81-421c-b425-340b4b24157f}" />
      <EventID>1136</EventID>
      <Version>0</Version>
      <Level>4</Level>
      <Task>0</Task>
      <Opcode>0</Opcode>
      <Keywords>0x1000000000000000</Keywords>
      <TimeCreated SystemTime="2019-01-17T21:03:34.308557800Z" />
      <EventRecordID>63</EventRecordID>
      <Correlation />
      <Execution ProcessID="1024" ThreadID="2068" />
      <Channel>Microsoft-Windows-TerminalServices-RemoteConnectionManager/Operational</Channel>
      <Computer>IEWIN7</Computer>
      <Security UserID="S-1-5-18" />
    </System>
    <EventData>
    </EventData>
  </Event>
  <Event xmlns="http://schemas.microsoft.com/win/2004/08/events/event">
    <System>
      <Provider Name="Microsoft-Windows-TerminalServices-RemoteConnectionManager" Guid="{c76baa63-ae81-421c-b425-340b4b24157f}" />
      <EventID>1155</EventID>
      <Version>0</Version>
      <Level>4</Level>
      <Task>0</Task>
      <Opcode>0</Opcode>
      <Keywords>0x1000000000000000</Keywords>
      <TimeCreated SystemTime="2019-01-19T11:34:08.796889600Z" />
      <EventRecordID>64</EventRecordID>
      <Correlation ActivityID="{e9f755f5-8fa2-489b-902b-c6349b994a47}" />
      <Execution ProcessID="1260" ThreadID="1280" />
      <Channel>Microsoft-Windows-TerminalServices-RemoteConnectionManager/Operational</Channel>
      <Computer>IEWIN7</Computer>
      <Security UserID="S-1-5-20" />
    </System>
    <EventData>
    </EventData>
  </Event>
  <Event xmlns="http://schemas.microsoft.com/win/2004/08/events/event">
    <System>
      <Provider Name="Microsoft-Windows-TerminalServices-RemoteConnectionManager" Guid="{c76baa63-ae81-421c-b425-340b4b24157f}" />
      <EventID>258</EventID>
      <Version>0</Version>
      <Level>4</Level>
      <Task>0</Task>
      <Opcode>0</Opcode>
      <Keywords>0x1000000000000000</Keywords>
      <TimeCreated SystemTime="2019-01-19T11:34:09.547969600Z" />
      <EventRecordID>65</EventRecordID>
      <Correlation ActivityID="{00000000-4244-0000-4493-214b36b0d401}" />
      <Execution ProcessID="1260" ThreadID="1980" />
      <Channel>Microsoft-Windows-TerminalServices-RemoteConnectionManager/Operational</Channel>
      <Computer>IEWIN7</Computer>
      <Security UserID="S-1-5-20" />
    </System>
    <UserData>
      <EventXML xmlns:auto-ns2="http://schemas.microsoft.com/win/2004/08/events" xmlns="Event_NS">
        <listenerName>RDP-Tcp</listenerName>
      </EventXML>
    </UserData>
  </Event>
  <Event xmlns="http://schemas.microsoft.com/win/2004/08/events/event">
    <System>
      <Provider Name="Microsoft-Windows-TerminalServices-RemoteConnectionManager" Guid="{c76baa63-ae81-421c-b425-340b4b24157f}" />
      <EventID>1136</EventID>
      <Version>0</Version>
      <Level>4</Level>
      <Task>0</Task>
      <Opcode>0</Opcode>
      <Keywords>0x1000000000000000</Keywords>
      <TimeCreated SystemTime="2019-01-19T11:34:10.178876800Z" />
      <EventRecordID>66</EventRecordID>
      <Correlation />
      <Execution ProcessID="1036" ThreadID="2120" />
      <Channel>Microsoft-Windows-TerminalServices-RemoteConnectionManager/Operational</Channel>
      <Computer>IEWIN7</Computer>
      <Security UserID="S-1-5-18" />
    </System>
    <EventData>
    </EventData>
  </Event>
  <Event xmlns="http://schemas.microsoft.com/win/2004/08/events/event">
    <System>
      <Provider Name="Microsoft-Windows-TerminalServices-RemoteConnectionManager" Guid="{c76baa63-ae81-421c-b425-340b4b24157f}" />
      <EventID>1155</EventID>
      <Version>0</Version>
      <Level>4</Level>
      <Task>0</Task>
      <Opcode>0</Opcode>
      <Keywords>0x1000000000000000</Keywords>
      <TimeCreated SystemTime="2019-01-19T12:20:37.756737200Z" />
      <EventRecordID>67</EventRecordID>
      <Correlation ActivityID="{f27087e3-0140-4e80-b201-780896d57499}" />
      <Execution ProcessID="1272" ThreadID="1288" />
      <Channel>Microsoft-Windows-TerminalServices-RemoteConnectionManager/Operational</Channel>
      <Computer>IEWIN7</Computer>
      <Security UserID="S-1-5-20" />
    </System>
    <EventData>
    </EventData>
  </Event>
  <Event xmlns="http://schemas.microsoft.com/win/2004/08/events/event">
    <System>
      <Provider Name="Microsoft-Windows-TerminalServices-RemoteConnectionManager" Guid="{c76baa63-ae81-421c-b425-340b4b24157f}" />
      <EventID>258</EventID>
      <Version>0</Version>
      <Level>4</Level>
      <Task>0</Task>
      <Opcode>0</Opcode>
      <Keywords>0x1000000000000000</Keywords>
      <TimeCreated SystemTime="2019-01-19T12:20:38.362606200Z" />
      <EventRecordID>68</EventRecordID>
      <Correlation ActivityID="{00000000-5244-0000-b4e6-8f5cf1afd401}" />
      <Execution ProcessID="1272" ThreadID="1284" />
      <Channel>Microsoft-Windows-TerminalServices-RemoteConnectionManager/Operational</Channel>
      <Computer>IEWIN7</Computer>
      <Security UserID="S-1-5-20" />
    </System>
    <UserData>
      <EventXML xmlns:auto-ns2="http://schemas.microsoft.com/win/2004/08/events" xmlns="Event_NS">
        <listenerName>RDP-Tcp</listenerName>
      </EventXML>
    </UserData>
  </Event>
  <Event xmlns="http://schemas.microsoft.com/win/2004/08/events/event">
    <System>
      <Provider Name="Microsoft-Windows-TerminalServices-RemoteConnectionManager" Guid="{c76baa63-ae81-421c-b425-340b4b24157f}" />
      <EventID>1136</EventID>
      <Version>0</Version>
      <Level>4</Level>
      <Task>0</Task>
      <Opcode>0</Opcode>
      <Keywords>0x1000000000000000</Keywords>
      <TimeCreated SystemTime="2019-01-19T12:20:38.671048600Z" />
      <EventRecordID>69</EventRecordID>
      <Correlation />
      <Execution ProcessID="1008" ThreadID="328" />
      <Channel>Microsoft-Windows-TerminalServices-RemoteConnectionManager/Operational</Channel>
      <Computer>IEWIN7</Computer>
      <Security UserID="S-1-5-18" />
    </System>
    <EventData>
    </EventData>
  </Event>
  <Event xmlns="http://schemas.microsoft.com/win/2004/08/events/event">
    <System>
      <Provider Name="Microsoft-Windows-TerminalServices-RemoteConnectionManager" Guid="{c76baa63-ae81-421c-b425-340b4b24157f}" />
      <EventID>1155</EventID>
      <Version>0</Version>
      <Level>4</Level>
      <Task>0</Task>
      <Opcode>0</Opcode>
      <Keywords>0x1000000000000000</Keywords>
      <TimeCreated SystemTime="2019-01-19T14:31:26.896128000Z" />
      <EventRecordID>70</EventRecordID>
      <Correlation ActivityID="{c8b05bf2-da6b-4215-bf4c-fdae667596eb}" />
      <Execution ProcessID="1236" ThreadID="1256" />
      <Channel>Microsoft-Windows-TerminalServices-RemoteConnectionManager/Operational</Channel>
      <Computer>IEWIN7</Computer>
      <Security UserID="S-1-5-20" />
    </System>
    <EventData>
    </EventData>
  </Event>
  <Event xmlns="http://schemas.microsoft.com/win/2004/08/events/event">
    <System>
      <Provider Name="Microsoft-Windows-TerminalServices-RemoteConnectionManager" Guid="{c76baa63-ae81-421c-b425-340b4b24157f}" />
      <EventID>258</EventID>
      <Version>0</Version>
      <Level>4</Level>
      <Task>0</Task>
      <Opcode>0</Opcode>
      <Keywords>0x1000000000000000</Keywords>
      <TimeCreated SystemTime="2019-01-19T14:31:27.857510400Z" />
      <EventRecordID>71</EventRecordID>
      <Correlation ActivityID="{00000000-1244-0000-c470-b30b4fb0d401}" />
      <Execution ProcessID="1236" ThreadID="1912" />
      <Channel>Microsoft-Windows-TerminalServices-RemoteConnectionManager/Operational</Channel>
      <Computer>IEWIN7</Computer>
      <Security UserID="S-1-5-20" />
    </System>
    <UserData>
      <EventXML xmlns:auto-ns2="http://schemas.microsoft.com/win/2004/08/events" xmlns="Event_NS">
        <listenerName>RDP-Tcp</listenerName>
      </EventXML>
    </UserData>
  </Event>
  <Event xmlns="http://schemas.microsoft.com/win/2004/08/events/event">
    <System>
      <Provider Name="Microsoft-Windows-TerminalServices-RemoteConnectionManager" Guid="{c76baa63-ae81-421c-b425-340b4b24157f}" />
      <EventID>1136</EventID>
      <Version>0</Version>
      <Level>4</Level>
      <Task>0</Task>
      <Opcode>0</Opcode>
      <Keywords>0x1000000000000000</Keywords>
      <TimeCreated SystemTime="2019-01-19T14:31:28.167956800Z" />
      <EventRecordID>72</EventRecordID>
      <Correlation />
      <Execution ProcessID="980" ThreadID="2056" />
      <Channel>Microsoft-Windows-TerminalServices-RemoteConnectionManager/Operational</Channel>
      <Computer>IEWIN7</Computer>
      <Security UserID="S-1-5-18" />
    </System>
    <EventData>
    </EventData>
  </Event>
  <Event xmlns="http://schemas.microsoft.com/win/2004/08/events/event">
    <System>
      <Provider Name="Microsoft-Windows-TerminalServices-RemoteConnectionManager" Guid="{c76baa63-ae81-421c-b425-340b4b24157f}" />
      <EventID>1155</EventID>
      <Version>0</Version>
      <Level>4</Level>
      <Task>0</Task>
      <Opcode>0</Opcode>
      <Keywords>0x1000000000000000</Keywords>
      <TimeCreated SystemTime="2019-01-19T20:33:17.566996800Z" />
      <EventRecordID>73</EventRecordID>
      <Correlation ActivityID="{039b1759-5189-4855-bbed-050fcfcdf33b}" />
      <Execution ProcessID="1268" ThreadID="1896" />
      <Channel>Microsoft-Windows-TerminalServices-RemoteConnectionManager/Operational</Channel>
      <Computer>IEWIN7</Computer>
      <Security UserID="S-1-5-20" />
    </System>
    <EventData>
    </EventData>
  </Event>
  <Event xmlns="http://schemas.microsoft.com/win/2004/08/events/event">
    <System>
      <Provider Name="Microsoft-Windows-TerminalServices-RemoteConnectionManager" Guid="{c76baa63-ae81-421c-b425-340b4b24157f}" />
      <EventID>258</EventID>
      <Version>0</Version>
      <Level>4</Level>
      <Task>0</Task>
      <Opcode>0</Opcode>
      <Keywords>0x1000000000000000</Keywords>
      <TimeCreated SystemTime="2019-01-19T20:33:18.438249600Z" />
      <EventRecordID>74</EventRecordID>
      <Correlation ActivityID="{00000000-3244-0000-1422-099c81b0d401}" />
      <Execution ProcessID="1268" ThreadID="1916" />
      <Channel>Microsoft-Windows-TerminalServices-RemoteConnectionManager/Operational</Channel>
      <Computer>IEWIN7</Computer>
      <Security UserID="S-1-5-20" />
    </System>
    <UserData>
      <EventXML xmlns:auto-ns2="http://schemas.microsoft.com/win/2004/08/events" xmlns="Event_NS">
        <listenerName>RDP-Tcp</listenerName>
      </EventXML>
    </UserData>
  </Event>
  <Event xmlns="http://schemas.microsoft.com/win/2004/08/events/event">
    <System>
      <Provider Name="Microsoft-Windows-TerminalServices-RemoteConnectionManager" Guid="{c76baa63-ae81-421c-b425-340b4b24157f}" />
      <EventID>1136</EventID>
      <Version>0</Version>
      <Level>4</Level>
      <Task>0</Task>
      <Opcode>0</Opcode>
      <Keywords>0x1000000000000000</Keywords>
      <TimeCreated SystemTime="2019-01-19T20:33:18.778739200Z" />
      <EventRecordID>75</EventRecordID>
      <Correlation />
      <Execution ProcessID="984" ThreadID="1980" />
      <Channel>Microsoft-Windows-TerminalServices-RemoteConnectionManager/Operational</Channel>
      <Computer>IEWIN7</Computer>
      <Security UserID="S-1-5-18" />
    </System>
    <EventData>
    </EventData>
  </Event>
  <Event xmlns="http://schemas.microsoft.com/win/2004/08/events/event">
    <System>
      <Provider Name="Microsoft-Windows-TerminalServices-RemoteConnectionManager" Guid="{c76baa63-ae81-421c-b425-340b4b24157f}" />
      <EventID>1155</EventID>
      <Version>0</Version>
      <Level>4</Level>
      <Task>0</Task>
      <Opcode>0</Opcode>
      <Keywords>0x1000000000000000</Keywords>
      <TimeCreated SystemTime="2019-01-19T20:43:35.123838400Z" />
      <EventRecordID>76</EventRecordID>
      <Correlation ActivityID="{24abdecc-a23b-4d4f-8f9a-91ec91514325}" />
      <Execution ProcessID="1248" ThreadID="1268" />
      <Channel>Microsoft-Windows-TerminalServices-RemoteConnectionManager/Operational</Channel>
      <Computer>IEWIN7</Computer>
      <Security UserID="S-1-5-20" />
    </System>
    <EventData>
    </EventData>
  </Event>
  <Event xmlns="http://schemas.microsoft.com/win/2004/08/events/event">
    <System>
      <Provider Name="Microsoft-Windows-TerminalServices-RemoteConnectionManager" Guid="{c76baa63-ae81-421c-b425-340b4b24157f}" />
      <EventID>258</EventID>
      <Version>0</Version>
      <Level>4</Level>
      <Task>0</Task>
      <Opcode>0</Opcode>
      <Keywords>0x1000000000000000</Keywords>
      <TimeCreated SystemTime="2019-01-19T20:43:35.574486400Z" />
      <EventRecordID>77</EventRecordID>
      <Correlation ActivityID="{00000000-7244-0000-1452-10a037b0d401}" />
      <Execution ProcessID="1248" ThreadID="1268" />
      <Channel>Microsoft-Windows-TerminalServices-RemoteConnectionManager/Operational</Channel>
      <Computer>IEWIN7</Computer>
      <Security UserID="S-1-5-20" />
    </System>
    <UserData>
      <EventXML xmlns:auto-ns2="http://schemas.microsoft.com/win/2004/08/events" xmlns="Event_NS">
        <listenerName>RDP-Tcp</listenerName>
      </EventXML>
    </UserData>
  </Event>
  <Event xmlns="http://schemas.microsoft.com/win/2004/08/events/event">
    <System>
      <Provider Name="Microsoft-Windows-TerminalServices-RemoteConnectionManager" Guid="{c76baa63-ae81-421c-b425-340b4b24157f}" />
      <EventID>1136</EventID>
      <Version>0</Version>
      <Level>4</Level>
      <Task>0</Task>
      <Opcode>0</Opcode>
      <Keywords>0x1000000000000000</Keywords>
      <TimeCreated SystemTime="2019-01-19T20:43:35.955033600Z" />
      <EventRecordID>78</EventRecordID>
      <Correlation />
      <Execution ProcessID="1024" ThreadID="2068" />
      <Channel>Microsoft-Windows-TerminalServices-RemoteConnectionManager/Operational</Channel>
      <Computer>IEWIN7</Computer>
      <Security UserID="S-1-5-18" />
    </System>
    <EventData>
    </EventData>
  </Event>
  <Event xmlns="http://schemas.microsoft.com/win/2004/08/events/event">
    <System>
      <Provider Name="Microsoft-Windows-TerminalServices-RemoteConnectionManager" Guid="{c76baa63-ae81-421c-b425-340b4b24157f}" />
      <EventID>1155</EventID>
      <Version>0</Version>
      <Level>4</Level>
      <Task>0</Task>
      <Opcode>0</Opcode>
      <Keywords>0x1000000000000000</Keywords>
      <TimeCreated SystemTime="2019-01-19T20:52:28.029467200Z" />
      <EventRecordID>79</EventRecordID>
      <Correlation ActivityID="{41c8d26f-ba01-472a-bec7-be3e17288184}" />
      <Execution ProcessID="1288" ThreadID="1548" />
      <Channel>Microsoft-Windows-TerminalServices-RemoteConnectionManager/Operational</Channel>
      <Computer>PC01.example.corp</Computer>
      <Security UserID="S-1-5-20" />
    </System>
    <EventData>
    </EventData>
  </Event>
  <Event xmlns="http://schemas.microsoft.com/win/2004/08/events/event">
    <System>
      <Provider Name="Microsoft-Windows-TerminalServices-RemoteConnectionManager" Guid="{c76baa63-ae81-421c-b425-340b4b24157f}" />
      <EventID>258</EventID>
      <Version>0</Version>
      <Level>4</Level>
      <Task>0</Task>
      <Opcode>0</Opcode>
      <Keywords>0x1000000000000000</Keywords>
      <TimeCreated SystemTime="2019-01-19T20:52:28.473884800Z" />
      <EventRecordID>80</EventRecordID>
      <Correlation ActivityID="{00000000-4244-0000-6423-c0dd38b0d401}" />
      <Execution ProcessID="1288" ThreadID="1548" />
      <Channel>Microsoft-Windows-TerminalServices-RemoteConnectionManager/Operational</Channel>
      <Computer>PC01.example.corp</Computer>
      <Security UserID="S-1-5-20" />
    </System>
    <UserData>
      <EventXML xmlns:auto-ns2="http://schemas.microsoft.com/win/2004/08/events" xmlns="Event_NS">
        <listenerName>RDP-Tcp</listenerName>
      </EventXML>
    </UserData>
  </Event>
  <Event xmlns="http://schemas.microsoft.com/win/2004/08/events/event">
    <System>
      <Provider Name="Microsoft-Windows-TerminalServices-RemoteConnectionManager" Guid="{c76baa63-ae81-421c-b425-340b4b24157f}" />
      <EventID>1136</EventID>
      <Version>0</Version>
      <Level>4</Level>
      <Task>0</Task>
      <Opcode>0</Opcode>
      <Keywords>0x1000000000000000</Keywords>
      <TimeCreated SystemTime="2019-01-19T20:52:28.813969600Z" />
      <EventRecordID>81</EventRecordID>
      <Correlation />
      <Execution ProcessID="1024" ThreadID="332" />
      <Channel>Microsoft-Windows-TerminalServices-RemoteConnectionManager/Operational</Channel>
      <Computer>PC01.example.corp</Computer>
      <Security UserID="S-1-5-18" />
    </System>
    <EventData>
    </EventData>
  </Event>
  <Event xmlns="http://schemas.microsoft.com/win/2004/08/events/event">
    <System>
      <Provider Name="Microsoft-Windows-TerminalServices-RemoteConnectionManager" Guid="{c76baa63-ae81-421c-b425-340b4b24157f}" />
      <EventID>1155</EventID>
      <Version>0</Version>
      <Level>4</Level>
      <Task>0</Task>
      <Opcode>0</Opcode>
      <Keywords>0x1000000000000000</Keywords>
      <TimeCreated SystemTime="2019-01-19T21:03:27.630729600Z" />
      <EventRecordID>82</EventRecordID>
      <Correlation ActivityID="{dd6eb33e-2996-4969-8bb7-ba53426abaa0}" />
      <Execution ProcessID="1312" ThreadID="1548" />
      <Channel>Microsoft-Windows-TerminalServices-RemoteConnectionManager/Operational</Channel>
      <Computer>PC01.example.corp</Computer>
      <Security UserID="S-1-5-20" />
    </System>
    <EventData>
    </EventData>
  </Event>
  <Event xmlns="http://schemas.microsoft.com/win/2004/08/events/event">
    <System>
      <Provider Name="Microsoft-Windows-TerminalServices-RemoteConnectionManager" Guid="{c76baa63-ae81-421c-b425-340b4b24157f}" />
      <EventID>258</EventID>
      <Version>0</Version>
      <Level>4</Level>
      <Task>0</Task>
      <Opcode>0</Opcode>
      <Keywords>0x1000000000000000</Keywords>
      <TimeCreated SystemTime="2019-01-19T21:03:29.649977600Z" />
      <EventRecordID>83</EventRecordID>
      <Correlation ActivityID="{00000000-b244-0000-6446-78d385b0d401}" />
      <Execution ProcessID="1312" ThreadID="1804" />
      <Channel>Microsoft-Windows-TerminalServices-RemoteConnectionManager/Operational</Channel>
      <Computer>PC01.example.corp</Computer>
      <Security UserID="S-1-5-20" />
    </System>
    <UserData>
      <EventXML xmlns:auto-ns2="http://schemas.microsoft.com/win/2004/08/events" xmlns="Event_NS">
        <listenerName>RDP-Tcp</listenerName>
      </EventXML>
    </UserData>
  </Event>
  <Event xmlns="http://schemas.microsoft.com/win/2004/08/events/event">
    <System>
      <Provider Name="Microsoft-Windows-TerminalServices-RemoteConnectionManager" Guid="{c76baa63-ae81-421c-b425-340b4b24157f}" />
      <EventID>1136</EventID>
      <Version>0</Version>
      <Level>4</Level>
      <Task>0</Task>
      <Opcode>0</Opcode>
      <Keywords>0x1000000000000000</Keywords>
      <TimeCreated SystemTime="2019-01-19T21:03:30.244294400Z" />
      <EventRecordID>84</EventRecordID>
      <Correlation />
      <Execution ProcessID="1028" ThreadID="1296" />
      <Channel>Microsoft-Windows-TerminalServices-RemoteConnectionManager/Operational</Channel>
      <Computer>PC01.example.corp</Computer>
      <Security UserID="S-1-5-18" />
    </System>
    <EventData>
    </EventData>
  </Event>
  <Event xmlns="http://schemas.microsoft.com/win/2004/08/events/event">
    <System>
      <Provider Name="Microsoft-Windows-TerminalServices-RemoteConnectionManager" Guid="{c76baa63-ae81-421c-b425-340b4b24157f}" />
      <EventID>1155</EventID>
      <Version>0</Version>
      <Level>4</Level>
      <Task>0</Task>
      <Opcode>0</Opcode>
      <Keywords>0x1000000000000000</Keywords>
      <TimeCreated SystemTime="2019-01-19T21:18:40.452051200Z" />
      <EventRecordID>85</EventRecordID>
      <Correlation ActivityID="{20b6addf-a784-4477-993d-85291a1fb65a}" />
      <Execution ProcessID="1308" ThreadID="1536" />
      <Channel>Microsoft-Windows-TerminalServices-RemoteConnectionManager/Operational</Channel>
      <Computer>PC01.example.corp</Computer>
      <Security UserID="S-1-5-20" />
    </System>
    <EventData>
    </EventData>
  </Event>
  <Event xmlns="http://schemas.microsoft.com/win/2004/08/events/event">
    <System>
      <Provider Name="Microsoft-Windows-TerminalServices-RemoteConnectionManager" Guid="{c76baa63-ae81-421c-b425-340b4b24157f}" />
      <EventID>258</EventID>
      <Version>0</Version>
      <Level>4</Level>
      <Task>0</Task>
      <Opcode>0</Opcode>
      <Keywords>0x1000000000000000</Keywords>
      <TimeCreated SystemTime="2019-01-19T21:18:42.633008000Z" />
      <EventRecordID>86</EventRecordID>
      <Correlation ActivityID="{00000000-9244-0000-e404-a9f387b0d401}" />
      <Execution ProcessID="1308" ThreadID="1536" />
      <Channel>Microsoft-Windows-TerminalServices-RemoteConnectionManager/Operational</Channel>
      <Computer>PC01.example.corp</Computer>
      <Security UserID="S-1-5-20" />
    </System>
    <UserData>
      <EventXML xmlns:auto-ns2="http://schemas.microsoft.com/win/2004/08/events" xmlns="Event_NS">
        <listenerName>RDP-Tcp</listenerName>
      </EventXML>
    </UserData>
  </Event>
  <Event xmlns="http://schemas.microsoft.com/win/2004/08/events/event">
    <System>
      <Provider Name="Microsoft-Windows-TerminalServices-RemoteConnectionManager" Guid="{c76baa63-ae81-421c-b425-340b4b24157f}" />
      <EventID>1136</EventID>
      <Version>0</Version>
      <Level>4</Level>
      <Task>0</Task>
      <Opcode>0</Opcode>
      <Keywords>0x1000000000000000</Keywords>
      <TimeCreated SystemTime="2019-01-19T21:18:42.880745600Z" />
      <EventRecordID>87</EventRecordID>
      <Correlation />
      <Execution ProcessID="1028" ThreadID="380" />
      <Channel>Microsoft-Windows-TerminalServices-RemoteConnectionManager/Operational</Channel>
      <Computer>PC01.example.corp</Computer>
      <Security UserID="S-1-5-18" />
    </System>
    <EventData>
    </EventData>
  </Event>
  <Event xmlns="http://schemas.microsoft.com/win/2004/08/events/event">
    <System>
      <Provider Name="Microsoft-Windows-TerminalServices-RemoteConnectionManager" Guid="{c76baa63-ae81-421c-b425-340b4b24157f}" />
      <EventID>1155</EventID>
      <Version>0</Version>
      <Level>4</Level>
      <Task>0</Task>
      <Opcode>0</Opcode>
      <Keywords>0x1000000000000000</Keywords>
      <TimeCreated SystemTime="2019-01-19T22:19:47.283878400Z" />
      <EventRecordID>88</EventRecordID>
      <Correlation ActivityID="{b5fc6193-3f46-41b5-9978-fdd1c3200c95}" />
      <Execution ProcessID="1284" ThreadID="1552" />
      <Channel>Microsoft-Windows-TerminalServices-RemoteConnectionManager/Operational</Channel>
      <Computer>PC01.example.corp</Computer>
      <Security UserID="S-1-5-20" />
    </System>
    <EventData>
    </EventData>
  </Event>
  <Event xmlns="http://schemas.microsoft.com/win/2004/08/events/event">
    <System>
      <Provider Name="Microsoft-Windows-TerminalServices-RemoteConnectionManager" Guid="{c76baa63-ae81-421c-b425-340b4b24157f}" />
      <EventID>258</EventID>
      <Version>0</Version>
      <Level>4</Level>
      <Task>0</Task>
      <Opcode>0</Opcode>
      <Keywords>0x1000000000000000</Keywords>
      <TimeCreated SystemTime="2019-01-19T22:19:48.099480000Z" />
      <EventRecordID>89</EventRecordID>
      <Correlation ActivityID="{00000000-0244-0000-64a3-2b7c90b0d401}" />
      <Execution ProcessID="1284" ThreadID="1784" />
      <Channel>Microsoft-Windows-TerminalServices-RemoteConnectionManager/Operational</Channel>
      <Computer>PC01.example.corp</Computer>
      <Security UserID="S-1-5-20" />
    </System>
    <UserData>
      <EventXML xmlns:auto-ns2="http://schemas.microsoft.com/win/2004/08/events" xmlns="Event_NS">
        <listenerName>RDP-Tcp</listenerName>
      </EventXML>
    </UserData>
  </Event>
  <Event xmlns="http://schemas.microsoft.com/win/2004/08/events/event">
    <System>
      <Provider Name="Microsoft-Windows-TerminalServices-RemoteConnectionManager" Guid="{c76baa63-ae81-421c-b425-340b4b24157f}" />
      <EventID>1136</EventID>
      <Version>0</Version>
      <Level>4</Level>
      <Task>0</Task>
      <Opcode>0</Opcode>
      <Keywords>0x1000000000000000</Keywords>
      <TimeCreated SystemTime="2019-01-19T22:19:48.595060800Z" />
      <EventRecordID>90</EventRecordID>
      <Correlation />
      <Execution ProcessID="1000" ThreadID="992" />
      <Channel>Microsoft-Windows-TerminalServices-RemoteConnectionManager/Operational</Channel>
      <Computer>PC01.example.corp</Computer>
      <Security UserID="S-1-5-18" />
    </System>
    <EventData>
    </EventData>
  </Event>
  <Event xmlns="http://schemas.microsoft.com/win/2004/08/events/event">
    <System>
      <Provider Name="Microsoft-Windows-TerminalServices-RemoteConnectionManager" Guid="{c76baa63-ae81-421c-b425-340b4b24157f}" />
      <EventID>1155</EventID>
      <Version>0</Version>
      <Level>4</Level>
      <Task>0</Task>
      <Opcode>0</Opcode>
      <Keywords>0x1000000000000000</Keywords>
      <TimeCreated SystemTime="2019-01-20T13:34:14.249203200Z" />
      <EventRecordID>91</EventRecordID>
      <Correlation ActivityID="{a2b5a3af-f2a6-4960-a5a3-7e0434ae2471}" />
      <Execution ProcessID="1300" ThreadID="1536" />
      <Channel>Microsoft-Windows-TerminalServices-RemoteConnectionManager/Operational</Channel>
      <Computer>PC01.example.corp</Computer>
      <Security UserID="S-1-5-20" />
    </System>
    <EventData>
    </EventData>
  </Event>
  <Event xmlns="http://schemas.microsoft.com/win/2004/08/events/event">
    <System>
      <Provider Name="Microsoft-Windows-TerminalServices-RemoteConnectionManager" Guid="{c76baa63-ae81-421c-b425-340b4b24157f}" />
      <EventID>258</EventID>
      <Version>0</Version>
      <Level>4</Level>
      <Task>0</Task>
      <Opcode>0</Opcode>
      <Keywords>0x1000000000000000</Keywords>
      <TimeCreated SystemTime="2019-01-20T13:34:15.346704000Z" />
      <EventRecordID>92</EventRecordID>
      <Correlation ActivityID="{00000000-f244-0000-1423-a63c10b1d401}" />
      <Execution ProcessID="1300" ThreadID="1536" />
      <Channel>Microsoft-Windows-TerminalServices-RemoteConnectionManager/Operational</Channel>
      <Computer>PC01.example.corp</Computer>
      <Security UserID="S-1-5-20" />
    </System>
    <UserData>
      <EventXML xmlns:auto-ns2="http://schemas.microsoft.com/win/2004/08/events" xmlns="Event_NS">
        <listenerName>RDP-Tcp</listenerName>
      </EventXML>
    </UserData>
  </Event>
  <Event xmlns="http://schemas.microsoft.com/win/2004/08/events/event">
    <System>
      <Provider Name="Microsoft-Windows-TerminalServices-RemoteConnectionManager" Guid="{c76baa63-ae81-421c-b425-340b4b24157f}" />
      <EventID>1136</EventID>
      <Version>0</Version>
      <Level>4</Level>
      <Task>0</Task>
      <Opcode>0</Opcode>
      <Keywords>0x1000000000000000</Keywords>
      <TimeCreated SystemTime="2019-01-20T13:34:15.795134400Z" />
      <EventRecordID>93</EventRecordID>
      <Correlation />
      <Execution ProcessID="1024" ThreadID="408" />
      <Channel>Microsoft-Windows-TerminalServices-RemoteConnectionManager/Operational</Channel>
      <Computer>PC01.example.corp</Computer>
      <Security UserID="S-1-5-18" />
    </System>
    <EventData>
    </EventData>
  </Event>
  <Event xmlns="http://schemas.microsoft.com/win/2004/08/events/event">
    <System>
      <Provider Name="Microsoft-Windows-TerminalServices-RemoteConnectionManager" Guid="{c76baa63-ae81-421c-b425-340b4b24157f}" />
      <EventID>1155</EventID>
      <Version>0</Version>
      <Level>4</Level>
      <Task>0</Task>
      <Opcode>0</Opcode>
      <Keywords>0x1000000000000000</Keywords>
      <TimeCreated SystemTime="2019-01-21T12:15:33.938275200Z" />
      <EventRecordID>94</EventRecordID>
      <Correlation ActivityID="{7c5a6cf3-73a3-4d6d-98d9-cf9b332e3964}" />
      <Execution ProcessID="1324" ThreadID="1624" />
      <Channel>Microsoft-Windows-TerminalServices-RemoteConnectionManager/Operational</Channel>
      <Computer>PC01.example.corp</Computer>
      <Security UserID="S-1-5-20" />
    </System>
    <EventData>
    </EventData>
  </Event>
  <Event xmlns="http://schemas.microsoft.com/win/2004/08/events/event">
    <System>
      <Provider Name="Microsoft-Windows-TerminalServices-RemoteConnectionManager" Guid="{c76baa63-ae81-421c-b425-340b4b24157f}" />
      <EventID>258</EventID>
      <Version>0</Version>
      <Level>4</Level>
      <Task>0</Task>
      <Opcode>0</Opcode>
      <Keywords>0x1000000000000000</Keywords>
      <TimeCreated SystemTime="2019-01-21T12:15:34.920408000Z" />
      <EventRecordID>95</EventRecordID>
      <Correlation ActivityID="{00000000-b244-0000-e456-8668ceb1d401}" />
      <Execution ProcessID="1324" ThreadID="1624" />
      <Channel>Microsoft-Windows-TerminalServices-RemoteConnectionManager/Operational</Channel>
      <Computer>PC01.example.corp</Computer>
      <Security UserID="S-1-5-20" />
    </System>
    <UserData>
      <EventXML xmlns:auto-ns2="http://schemas.microsoft.com/win/2004/08/events" xmlns="Event_NS">
        <listenerName>RDP-Tcp</listenerName>
      </EventXML>
    </UserData>
  </Event>
  <Event xmlns="http://schemas.microsoft.com/win/2004/08/events/event">
    <System>
      <Provider Name="Microsoft-Windows-TerminalServices-RemoteConnectionManager" Guid="{c76baa63-ae81-421c-b425-340b4b24157f}" />
      <EventID>1136</EventID>
      <Version>0</Version>
      <Level>4</Level>
      <Task>0</Task>
      <Opcode>0</Opcode>
      <Keywords>0x1000000000000000</Keywords>
      <TimeCreated SystemTime="2019-01-21T12:15:35.036779200Z" />
      <EventRecordID>96</EventRecordID>
      <Correlation />
      <Execution ProcessID="996" ThreadID="856" />
      <Channel>Microsoft-Windows-TerminalServices-RemoteConnectionManager/Operational</Channel>
      <Computer>PC01.example.corp</Computer>
      <Security UserID="S-1-5-18" />
    </System>
    <EventData>
    </EventData>
  </Event>
  <Event xmlns="http://schemas.microsoft.com/win/2004/08/events/event">
    <System>
      <Provider Name="Microsoft-Windows-TerminalServices-RemoteConnectionManager" Guid="{c76baa63-ae81-421c-b425-340b4b24157f}" />
      <EventID>1155</EventID>
      <Version>0</Version>
      <Level>4</Level>
      <Task>0</Task>
      <Opcode>0</Opcode>
      <Keywords>0x1000000000000000</Keywords>
      <TimeCreated SystemTime="2019-01-21T12:16:32.063545000Z" />
      <EventRecordID>97</EventRecordID>
      <Correlation ActivityID="{0cbc23d7-2cd6-4930-9f84-d9a3f7a42da8}" />
      <Execution ProcessID="1304" ThreadID="1536" />
      <Channel>Microsoft-Windows-TerminalServices-RemoteConnectionManager/Operational</Channel>
      <Computer>PC01.example.corp</Computer>
      <Security UserID="S-1-5-20" />
    </System>
    <EventData>
    </EventData>
  </Event>
  <Event xmlns="http://schemas.microsoft.com/win/2004/08/events/event">
    <System>
      <Provider Name="Microsoft-Windows-TerminalServices-RemoteConnectionManager" Guid="{c76baa63-ae81-421c-b425-340b4b24157f}" />
      <EventID>258</EventID>
      <Version>0</Version>
      <Level>4</Level>
      <Task>0</Task>
      <Opcode>0</Opcode>
      <Keywords>0x1000000000000000</Keywords>
      <TimeCreated SystemTime="2019-01-21T12:16:32.964082600Z" />
      <EventRecordID>98</EventRecordID>
      <Correlation ActivityID="{00000000-2244-0000-9431-061783b1d401}" />
      <Execution ProcessID="1304" ThreadID="1612" />
      <Channel>Microsoft-Windows-TerminalServices-RemoteConnectionManager/Operational</Channel>
      <Computer>PC01.example.corp</Computer>
      <Security UserID="S-1-5-20" />
    </System>
    <UserData>
      <EventXML xmlns:auto-ns2="http://schemas.microsoft.com/win/2004/08/events" xmlns="Event_NS">
        <listenerName>RDP-Tcp</listenerName>
      </EventXML>
    </UserData>
  </Event>
  <Event xmlns="http://schemas.microsoft.com/win/2004/08/events/event">
    <System>
      <Provider Name="Microsoft-Windows-TerminalServices-RemoteConnectionManager" Guid="{c76baa63-ae81-421c-b425-340b4b24157f}" />
      <EventID>1136</EventID>
      <Version>0</Version>
      <Level>4</Level>
      <Task>0</Task>
      <Opcode>0</Opcode>
      <Keywords>0x1000000000000000</Keywords>
      <TimeCreated SystemTime="2019-01-21T12:16:33.360275000Z" />
      <EventRecordID>99</EventRecordID>
      <Correlation />
      <Execution ProcessID="1000" ThreadID="748" />
      <Channel>Microsoft-Windows-TerminalServices-RemoteConnectionManager/Operational</Channel>
      <Computer>PC01.example.corp</Computer>
      <Security UserID="S-1-5-18" />
    </System>
    <EventData>
    </EventData>
  </Event>
  <Event xmlns="http://schemas.microsoft.com/win/2004/08/events/event">
    <System>
      <Provider Name="Microsoft-Windows-TerminalServices-RemoteConnectionManager" Guid="{c76baa63-ae81-421c-b425-340b4b24157f}" />
      <EventID>1155</EventID>
      <Version>0</Version>
      <Level>4</Level>
      <Task>0</Task>
      <Opcode>0</Opcode>
      <Keywords>0x1000000000000000</Keywords>
      <TimeCreated SystemTime="2019-01-21T13:22:08.843588800Z" />
      <EventRecordID>100</EventRecordID>
      <Correlation ActivityID="{cc754eff-b358-4465-9e89-693d6041c89f}" />
      <Execution ProcessID="1240" ThreadID="1264" />
      <Channel>Microsoft-Windows-TerminalServices-RemoteConnectionManager/Operational</Channel>
      <Computer>PC01.example.corp</Computer>
      <Security UserID="S-1-5-20" />
    </System>
    <EventData>
    </EventData>
  </Event>
  <Event xmlns="http://schemas.microsoft.com/win/2004/08/events/event">
    <System>
      <Provider Name="Microsoft-Windows-TerminalServices-RemoteConnectionManager" Guid="{c76baa63-ae81-421c-b425-340b4b24157f}" />
      <EventID>258</EventID>
      <Version>0</Version>
      <Level>4</Level>
      <Task>0</Task>
      <Opcode>0</Opcode>
      <Keywords>0x1000000000000000</Keywords>
      <TimeCreated SystemTime="2019-01-21T13:22:09.850801600Z" />
      <EventRecordID>101</EventRecordID>
      <Correlation ActivityID="{00000000-d244-0000-2413-c1b5d7b1d401}" />
      <Execution ProcessID="1240" ThreadID="1264" />
      <Channel>Microsoft-Windows-TerminalServices-RemoteConnectionManager/Operational</Channel>
      <Computer>PC01.example.corp</Computer>
      <Security UserID="S-1-5-20" />
    </System>
    <UserData>
      <EventXML xmlns:auto-ns2="http://schemas.microsoft.com/win/2004/08/events" xmlns="Event_NS">
        <listenerName>RDP-Tcp</listenerName>
      </EventXML>
    </UserData>
  </Event>
  <Event xmlns="http://schemas.microsoft.com/win/2004/08/events/event">
    <System>
      <Provider Name="Microsoft-Windows-TerminalServices-RemoteConnectionManager" Guid="{c76baa63-ae81-421c-b425-340b4b24157f}" />
      <EventID>1136</EventID>
      <Version>0</Version>
      <Level>4</Level>
      <Task>0</Task>
      <Opcode>0</Opcode>
      <Keywords>0x1000000000000000</Keywords>
      <TimeCreated SystemTime="2019-01-21T13:22:09.957140800Z" />
      <EventRecordID>102</EventRecordID>
      <Correlation />
      <Execution ProcessID="980" ThreadID="1288" />
      <Channel>Microsoft-Windows-TerminalServices-RemoteConnectionManager/Operational</Channel>
      <Computer>PC01.example.corp</Computer>
      <Security UserID="S-1-5-18" />
    </System>
    <EventData>
    </EventData>
  </Event>
  <Event xmlns="http://schemas.microsoft.com/win/2004/08/events/event">
    <System>
      <Provider Name="Microsoft-Windows-TerminalServices-RemoteConnectionManager" Guid="{c76baa63-ae81-421c-b425-340b4b24157f}" />
      <EventID>1155</EventID>
      <Version>0</Version>
      <Level>4</Level>
      <Task>0</Task>
      <Opcode>0</Opcode>
      <Keywords>0x1000000000000000</Keywords>
      <TimeCreated SystemTime="2019-01-22T13:19:35.402825600Z" />
      <EventRecordID>103</EventRecordID>
      <Correlation ActivityID="{51b2a7b7-abb7-4eba-bc42-4bed0061d133}" />
      <Execution ProcessID="1288" ThreadID="1512" />
      <Channel>Microsoft-Windows-TerminalServices-RemoteConnectionManager/Operational</Channel>
      <Computer>PC01.example.corp</Computer>
      <Security UserID="S-1-5-20" />
    </System>
    <EventData>
    </EventData>
  </Event>
  <Event xmlns="http://schemas.microsoft.com/win/2004/08/events/event">
    <System>
      <Provider Name="Microsoft-Windows-TerminalServices-RemoteConnectionManager" Guid="{c76baa63-ae81-421c-b425-340b4b24157f}" />
      <EventID>258</EventID>
      <Version>0</Version>
      <Level>4</Level>
      <Task>0</Task>
      <Opcode>0</Opcode>
      <Keywords>0x1000000000000000</Keywords>
      <TimeCreated SystemTime="2019-01-22T13:19:36.313731200Z" />
      <EventRecordID>104</EventRecordID>
      <Correlation ActivityID="{00000000-6244-0000-e496-c183a0b2d401}" />
      <Execution ProcessID="1288" ThreadID="1804" />
      <Channel>Microsoft-Windows-TerminalServices-RemoteConnectionManager/Operational</Channel>
      <Computer>PC01.example.corp</Computer>
      <Security UserID="S-1-5-20" />
    </System>
    <UserData>
      <EventXML xmlns:auto-ns2="http://schemas.microsoft.com/win/2004/08/events" xmlns="Event_NS">
        <listenerName>RDP-Tcp</listenerName>
      </EventXML>
    </UserData>
  </Event>
  <Event xmlns="http://schemas.microsoft.com/win/2004/08/events/event">
    <System>
      <Provider Name="Microsoft-Windows-TerminalServices-RemoteConnectionManager" Guid="{c76baa63-ae81-421c-b425-340b4b24157f}" />
      <EventID>1136</EventID>
      <Version>0</Version>
      <Level>4</Level>
      <Task>0</Task>
      <Opcode>0</Opcode>
      <Keywords>0x1000000000000000</Keywords>
      <TimeCreated SystemTime="2019-01-22T13:19:36.547476800Z" />
      <EventRecordID>105</EventRecordID>
      <Correlation />
      <Execution ProcessID="972" ThreadID="564" />
      <Channel>Microsoft-Windows-TerminalServices-RemoteConnectionManager/Operational</Channel>
      <Computer>PC01.example.corp</Computer>
      <Security UserID="S-1-5-18" />
    </System>
    <EventData>
    </EventData>
  </Event>
  <Event xmlns="http://schemas.microsoft.com/win/2004/08/events/event">
    <System>
      <Provider Name="Microsoft-Windows-TerminalServices-RemoteConnectionManager" Guid="{c76baa63-ae81-421c-b425-340b4b24157f}" />
      <EventID>1155</EventID>
      <Version>0</Version>
      <Level>4</Level>
      <Task>0</Task>
      <Opcode>0</Opcode>
      <Keywords>0x1000000000000000</Keywords>
      <TimeCreated SystemTime="2019-01-25T08:54:21.119736000Z" />
      <EventRecordID>106</EventRecordID>
      <Correlation ActivityID="{70725f0b-1471-4ff6-98d2-37eaf8bd12a5}" />
      <Execution ProcessID="1268" ThreadID="1532" />
      <Channel>Microsoft-Windows-TerminalServices-RemoteConnectionManager/Operational</Channel>
      <Computer>PC01.example.corp</Computer>
      <Security UserID="S-1-5-20" />
    </System>
    <EventData>
    </EventData>
  </Event>
  <Event xmlns="http://schemas.microsoft.com/win/2004/08/events/event">
    <System>
      <Provider Name="Microsoft-Windows-TerminalServices-RemoteConnectionManager" Guid="{c76baa63-ae81-421c-b425-340b4b24157f}" />
      <EventID>258</EventID>
      <Version>0</Version>
      <Level>4</Level>
      <Task>0</Task>
      <Opcode>0</Opcode>
      <Keywords>0x1000000000000000</Keywords>
      <TimeCreated SystemTime="2019-01-25T08:54:21.827995200Z" />
      <EventRecordID>107</EventRecordID>
      <Correlation ActivityID="{00000000-1244-0000-e425-83f5d6b4d401}" />
      <Execution ProcessID="1268" ThreadID="1532" />
      <Channel>Microsoft-Windows-TerminalServices-RemoteConnectionManager/Operational</Channel>
      <Computer>PC01.example.corp</Computer>
      <Security UserID="S-1-5-20" />
    </System>
    <UserData>
      <EventXML xmlns:auto-ns2="http://schemas.microsoft.com/win/2004/08/events" xmlns="Event_NS">
        <listenerName>RDP-Tcp</listenerName>
      </EventXML>
    </UserData>
  </Event>
  <Event xmlns="http://schemas.microsoft.com/win/2004/08/events/event">
    <System>
      <Provider Name="Microsoft-Windows-TerminalServices-RemoteConnectionManager" Guid="{c76baa63-ae81-421c-b425-340b4b24157f}" />
      <EventID>1136</EventID>
      <Version>0</Version>
      <Level>4</Level>
      <Task>0</Task>
      <Opcode>0</Opcode>
      <Keywords>0x1000000000000000</Keywords>
      <TimeCreated SystemTime="2019-01-25T08:54:22.289467200Z" />
      <EventRecordID>108</EventRecordID>
      <Correlation />
      <Execution ProcessID="980" ThreadID="352" />
      <Channel>Microsoft-Windows-TerminalServices-RemoteConnectionManager/Operational</Channel>
      <Computer>PC01.example.corp</Computer>
      <Security UserID="S-1-5-18" />
    </System>
    <EventData>
    </EventData>
  </Event>
  <Event xmlns="http://schemas.microsoft.com/win/2004/08/events/event">
    <System>
      <Provider Name="Microsoft-Windows-TerminalServices-RemoteConnectionManager" Guid="{c76baa63-ae81-421c-b425-340b4b24157f}" />
      <EventID>1155</EventID>
      <Version>0</Version>
      <Level>4</Level>
      <Task>0</Task>
      <Opcode>0</Opcode>
      <Keywords>0x1000000000000000</Keywords>
      <TimeCreated SystemTime="2019-01-28T15:17:39.509209600Z" />
      <EventRecordID>109</EventRecordID>
      <Correlation ActivityID="{16cf7a55-5152-4d26-82c9-41dd0df9d64d}" />
      <Execution ProcessID="1268" ThreadID="1740" />
      <Channel>Microsoft-Windows-TerminalServices-RemoteConnectionManager/Operational</Channel>
      <Computer>PC01.example.corp</Computer>
      <Security UserID="S-1-5-20" />
    </System>
    <EventData>
    </EventData>
  </Event>
  