<root>
  <Event xmlns="http://schemas.microsoft.com/win/2004/08/events/event">
    <System>
      <Provider Name="Microsoft-Windows-TerminalServices-RemoteConnectionManager" Guid="{c76baa63-ae81-421c-b425-340b4b24157f}" />
      <EventID>1155</EventID>
      <Version>0</Version>
      <Level>4</Level>
      <Task>0</Task>
      <Opcode>0</Opcode>
      <Keywords>0x1000000000000000</Keywords>
      <TimeCreated SystemTime="2018-11-06T21:31:54.070985700Z" />
      <EventRecordID>1</EventRecordID>
      <Correlation />
      <Execution ProcessID="812" ThreadID="1328" />
      <Channel>Microsoft-Windows-TerminalServices-RemoteConnectionManager/Operational</Channel>
      <Computer>IEWIN7</Computer>
      <Security UserID="S-1-5-20" />
    </System>
    <EventData>
    </EventData>
  </Event>
  <Event xmlns="http://schemas.microsoft.com/win/2004/08/events/event">
    <System>
      <Provider Name="Microsoft-Windows-TerminalServices-RemoteConnectionManager" Guid="{c76baa63-ae81-421c-b425-340b4b24157f}" />
      <EventID>258</EventID>
      <Version>0</Version>
      <Level>4</Level>
      <Task>0</Task>
      <Opcode>0</Opcode>
      <Keywords>0x1000000000000000</Keywords>
      <TimeCreated SystemTime="2018-11-06T21:32:00.420115300Z" />
      <EventRecordID>2</EventRecordID>
      <Correlation ActivityID="{00000000-a244-0000-1dc6-fb2a5f76d401}" />
      <Execution ProcessID="812" ThreadID="1328" />
      <Channel>Microsoft-Windows-TerminalServices-RemoteConnectionManager/Operational</Channel>
      <Computer>IEWIN7</Computer>
      <Security UserID="S-1-5-20" />
    </System>
    <UserData>
      <EventXML xmlns:auto-ns2="http://schemas.microsoft.com/win/2004/08/events" xmlns="Event_NS">
        <listenerName>RDP-Tcp</listenerName>
      </EventXML>
    </UserData>
  </Event>
  <Event xmlns="http://schemas.microsoft.com/win/2004/08/events/event">
    <System>
      <Provider Name="Microsoft-Windows-TerminalServices-RemoteConnectionManager" Guid="{c76baa63-ae81-421c-b425-340b4b24157f}" />
      <EventID>1136</EventID>
      <Version>0</Version>
      <Level>4</Level>
      <Task>0</Task>
      <Opcode>0</Opcode>
      <Keywords>0x1000000000000000</Keywords>
      <TimeCreated SystemTime="2018-11-06T21:32:00.540288100Z" />
      <EventRecordID>3</EventRecordID>
      <Correlation />
      <Execution ProcessID="912" ThreadID="1720" />
      <Channel>Microsoft-Windows-TerminalServices-RemoteConnectionManager/Operational</Channel>
      <Computer>IEWIN7</Computer>
      <Security UserID="S-1-5-18" />
    </System>
    <EventData>
    </EventData>
  </Event>
  <Event xmlns="http://schemas.microsoft.com/win/2004/08/events/event">
    <System>
      <Provider Name="Microsoft-Windows-TerminalServices-RemoteConnectionManager" Guid="{c76baa63-ae81-421c-b425-340b4b24157f}" />
      <EventID>261</EventID>
      <Version>0</Version>
      <Level>4</Level>
      <Task>0</Task>
      <Opcode>0</Opcode>
      <Keywords>0x1000000000000000</Keywords>
      <TimeCreated SystemTime="2018-11-06T21:45:34.878929700Z" />
      <EventRecordID>4</EventRecordID>
      <Correlation />
      <Execution ProcessID="812" ThreadID="3416" />
      <Channel>Microsoft-Windows-TerminalServices-RemoteConnectionManager/Operational</Channel>
      <Computer>IEWIN7</Computer>
      <Security UserID="S-1-5-20" />
    </System>
    <UserData>
      <EventXML xmlns:auto-ns2="http://schemas.microsoft.com/win/2004/08/events" xmlns="Event_NS">
        <listenerName>RDP-Tcp</listenerName>
      </EventXML>
    </UserData>
  </Event>
  <Event xmlns="http://schemas.microsoft.com/win/2004/08/events/event">
    <System>
      <Provider Name="Microsoft-Windows-TerminalServices-RemoteConnectionManager" Guid="{c76baa63-ae81-421c-b425-340b4b24157f}" />
      <EventID>261</EventID>
      <Version>0</Version>
      <Level>4</Level>
      <Task>0</Task>
      <Opcode>0</Opcode>
      <Keywords>0x1000000000000000</Keywords>
      <TimeCreated SystemTime="2018-11-06T21:45:50.281076900Z" />
      <EventRecordID>5</EventRecordID>
      <Correlation />
      <Execution ProcessID="812" ThreadID="3416" />
      <Channel>Microsoft-Windows-TerminalServices-RemoteConnectionManager/Operational</Channel>
      <Computer>IEWIN7</Computer>
      <Security UserID="S-1-5-20" />
    </System>
    <UserData>
      <EventXML xmlns:auto-ns2="http://schemas.microsoft.com/win/2004/08/events" xmlns="Event_NS">
        <listenerName>RDP-Tcp</listenerName>
      </EventXML>
    </UserData>
  </Event>
  <Event xmlns="http://schemas.microsoft.com/win/2004/08/events/event">
    <System>
      <Provider Name="Microsoft-Windows-TerminalServices-RemoteConnectionManager" Guid="{c76baa63-ae81-421c-b425-340b4b24157f}" />
      <EventID>1149</EventID>
      <Version>0</Version>
      <Level>4</Level>
      <Task>0</Task>
      <Opcode>0</Opcode>
      <Keywords>0x1000000000000000</Keywords>
      <TimeCreated SystemTime="2018-11-06T21:45:50.411264100Z" />
      <EventRecordID>6</EventRecordID>
      <Correlation />
      <Execution ProcessID="812" ThreadID="1956" />
      <Channel>Microsoft-Windows-TerminalServices-RemoteConnectionManager/Operational</Channel>
      <Computer>IEWIN7</Computer>
      <Security UserID="S-1-5-20" />
    </System>
    <UserData>
      <EventXML xmlns:auto-ns2="http://schemas.microsoft.com/win/2004/08/events" xmlns="Event_NS">
        <Param1>administrator</Param1>
        <Param2>ie11win7</Param2>
        <Param3>10.0.2.16</Param3>
      </EventXML>
    </UserData>
  </Event>
  <Event xmlns="http://schemas.microsoft.com/win/2004/08/events/event">
    <System>
      <Provider Name="Microsoft-Windows-TerminalServices-RemoteConnectionManager" Guid="{c76baa63-ae81-421c-b425-340b4b24157f}" />
      <EventID>261</EventID>
      <Version>0</Version>
      <Level>4</Level>
      <Task>0</Task>
      <Opcode>0</Opcode>
      <Keywords>0x1000000000000000</Keywords>
      <TimeCreated SystemTime="2018-11-06T21:48:54.981854400Z" />
      <EventRecordID>7</EventRecordID>
      <Correlation />
      <Execution ProcessID="812" ThreadID="3416" />
      <Channel>Microsoft-Windows-TerminalServices-RemoteConnectionManager/Operational</Channel>
      <Computer>IEWIN7</Computer>
      <Security UserID="S-1-5-20" />
    </System>
    <UserData>
      <EventXML xmlns:auto-ns2="http://schemas.microsoft.com/win/2004/08/events" xmlns="Event_NS">
        <listenerName>RDP-Tcp</listenerName>
      </EventXML>
    </UserData>
  </Event>
  <Event xmlns="http://schemas.microsoft.com/win/2004/08/events/event">
    <System>
      <Provider Name="Microsoft-Windows-TerminalServices-RemoteConnectionManager" Guid="{c76baa63-ae81-421c-b425-340b4b24157f}" />
      <EventID>261</EventID>
      <Version>0</Version>
      <Level>4</Level>
      <Task>0</Task>
      <Opcode>0</Opcode>
      <Keywords>0x1000000000000000</Keywords>
      <TimeCreated SystemTime="2018-11-06T21:49:31.083766400Z" />
      <EventRecordID>8</EventRecordID>
      <Correlation />
      <Execution ProcessID="812" ThreadID="3416" />
      <Channel>Microsoft-Windows-TerminalServices-RemoteConnectionManager/Operational</Channel>
      <Computer>IEWIN7</Computer>
      <Security UserID="S-1-5-20" />
    </System>
    <UserData>
      <EventXML xmlns:auto-ns2="http://schemas.microsoft.com/win/2004/08/events" xmlns="Event_NS">
        <listenerName>RDP-Tcp</listenerName>
      </EventXML>
    </UserData>
  </Event>
  <Event xmlns="http://schemas.microsoft.com/win/2004/08/events/event">
    <System>
      <Provider Name="Microsoft-Windows-TerminalServices-RemoteConnectionManager" Guid="{c76baa63-ae81-421c-b425-340b4b24157f}" />
      <EventID>1149</EventID>
      <Version>0</Version>
      <Level>4</Level>
      <Task>0</Task>
      <Opcode>0</Opcode>
      <Keywords>0x1000000000000000</Keywords>
      <TimeCreated SystemTime="2018-11-06T21:49:31.193924800Z" />
      <EventRecordID>9</EventRecordID>
      <Correlation />
      <Execution ProcessID="812" ThreadID="2316" />
      <Channel>Microsoft-Windows-TerminalServices-RemoteConnectionManager/Operational</Channel>
      <Computer>IEWIN7</Computer>
      <Security UserID="S-1-5-20" />
    </System>
    <UserData>
      <EventXML xmlns:auto-ns2="http://schemas.microsoft.com/win/2004/08/events" xmlns="Event_NS">
        <Param1>administrator</Param1>
        <Param2>ie11win7</Param2>
        <Param3>10.0.2.16</Param3>
      </EventXML>
    </UserData>
  </Event>
  <Event xmlns="http://schemas.microsoft.com/win/2004/08/events/event">
    <System>
      <Provider Name="Microsoft-Windows-TerminalServices-RemoteConnectionManager" Guid="{c76baa63-ae81-421c-b425-340b4b24157f}" />
      <EventID>1155</EventID>
      <Version>0</Version>
      <Level>4</Level>
      <Task>0</Task>
      <Opcode>0</Opcode>
      <Keywords>0x1000000000000000</Keywords>
      <TimeCreated SystemTime="2018-11-22T10:35:54.700580800Z" />
      <EventRecordID>10</EventRecordID>
      <Correlation />
      <Execution ProcessID="1208" ThreadID="1776" />
      <Channel>Microsoft-Windows-TerminalServices-RemoteConnectionManager/Operational</Channel>
      <Computer>IEWIN7</Computer>
      <Security UserID="S-1-5-20" />
    </System>
    <EventData>
    </EventData>
  </Event>
  <Event xmlns="http://schemas.microsoft.com/win/2004/08/events/event">
    <System>
      <Provider Name="Microsoft-Windows-TerminalServices-RemoteConnectionManager" Guid="{c76baa63-ae81-421c-b425-340b4b24157f}" />
      <EventID>258</EventID>
      <Version>0</Version>
      <Level>4</Level>
      <Task>0</Task>
      <Opcode>0</Opcode>
      <Keywords>0x1000000000000000</Keywords>
      <TimeCreated SystemTime="2018-11-22T10:36:03.453166400Z" />
      <EventRecordID>11</EventRecordID>
      <Correlation ActivityID="{00000000-c244-0000-44a2-338a9a82d401}" />
      <Execution ProcessID="1208" ThreadID="1776" />
      <Channel>Microsoft-Windows-TerminalServices-RemoteConnectionManager/Operational</Channel>
      <Computer>IEWIN7</Computer>
      <Security UserID="S-1-5-20" />
    </System>
    <UserData>
      <EventXML xmlns:auto-ns2="http://schemas.microsoft.com/win/2004/08/events" xmlns="Event_NS">
        <listenerName>RDP-Tcp</listenerName>
      </EventXML>
    </UserData>
  </Event>
  <Event xmlns="http://schemas.microsoft.com/win/2004/08/events/event">
    <System>
      <Provider Name="Microsoft-Windows-TerminalServices-RemoteConnectionManager" Guid="{c76baa63-ae81-421c-b425-340b4b24157f}" />
      <EventID>1136</EventID>
      <Version>0</Version>
      <Level>4</Level>
      <Task>0</Task>
      <Opcode>0</Opcode>
      <Keywords>0x1000000000000000</Keywords>
      <TimeCreated SystemTime="2018-11-22T10:36:03.573339200Z" />
      <EventRecordID>12</EventRecordID>
      <Correlation />
      <Execution ProcessID="912" ThreadID="2148" />
      <Channel>Microsoft-Windows-TerminalServices-RemoteConnectionManager/Operational</Channel>
      <Computer>IEWIN7</Computer>
      <Security UserID="S-1-5-18" />
    </System>
    <EventData>
    </EventData>
  </Event>
  <Event xmlns="http://schemas.microsoft.com/win/2004/08/events/event">
    <System>
      <Provider Name="Microsoft-Windows-TerminalServices-RemoteConnectionManager" Guid="{c76baa63-ae81-421c-b425-340b4b24157f}" />
      <EventID>1155</EventID>
      <Version>0</Version>
      <Level>4</Level>
      <Task>0</Task>
      <Opcode>0</Opcode>
      <Keywords>0x1000000000000000</Keywords>
      <TimeCreated SystemTime="2018-11-22T12:14:20.036048000Z" />
      <EventRecordID>13</EventRecordID>
      <Correlation />
      <Execution ProcessID="1184" ThreadID="1204" />
      <Channel>Microsoft-Windows-TerminalServices-RemoteConnectionManager/Operational</Channel>
      <Computer>IEWIN7</Computer>
      <Security UserID="S-1-5-20" />
    </System>
    <EventData>
    </EventData>
  </Event>
  <Event xmlns="http://schemas.microsoft.com/win/2004/08/events/event">
    <System>
      <Provider Name="Microsoft-Windows-TerminalServices-RemoteConnectionManager" Guid="{c76baa63-ae81-421c-b425-340b4b24157f}" />
      <EventID>258</EventID>
      <Version>0</Version>
      <Level>4</Level>
      <Task>0</Task>
      <Opcode>0</Opcode>
      <Keywords>0x1000000000000000</Keywords>
      <TimeCreated SystemTime="2018-11-22T12:14:20.807156800Z" />
      <EventRecordID>14</EventRecordID>
      <Correlation ActivityID="{00000000-8244-0000-f401-3f4ca882d401}" />
      <Execution ProcessID="1184" ThreadID="1200" />
      <Channel>Microsoft-Windows-TerminalServices-RemoteConnectionManager/Operational</Channel>
      <Computer>IEWIN7</Computer>
      <Security UserID="S-1-5-20" />
    </System>
    <UserData>
      <EventXML xmlns:auto-ns2="http://schemas.microsoft.com/win/2004/08/events" xmlns="Event_NS">
        <listenerName>RDP-Tcp</listenerName>
      </EventXML>
    </UserData>
  </Event>
  <Event xmlns="http://schemas.microsoft.com/win/2004/08/events/event">
    <System>
      <Provider Name="Microsoft-Windows-TerminalServices-RemoteConnectionManager" Guid="{c76baa63-ae81-421c-b425-340b4b24157f}" />
      <EventID>1136</EventID>
      <Version>0</Version>
      <Level>4</Level>
      <Task>0</Task>
      <Opcode>0</Opcode>
      <Keywords>0x1000000000000000</Keywords>
      <TimeCreated SystemTime="2018-11-22T12:14:21.498150400Z" />
      <EventRecordID>15</EventRecordID>
      <Correlation />
      <Execution ProcessID="956" ThreadID="1552" />
      <Channel>Microsoft-Windows-TerminalServices-RemoteConnectionManager/Operational</Channel>
      <Computer>IEWIN7</Computer>
      <Security UserID="S-1-5-18" />
    </System>
    <EventData>
    </EventData>
  </Event>
  <Event xmlns="http://schemas.microsoft.com/win/2004/08/events/event">
    <System>
      <Provider Name="Microsoft-Windows-TerminalServices-RemoteConnectionManager" Guid="{c76baa63-ae81-421c-b425-340b4b24157f}" />
      <EventID>1155</EventID>
      <Version>0</Version>
      <Level>4</Level>
      <Task>0</Task>
      <Opcode>0</Opcode>
      <Keywords>0x1000000000000000</Keywords>
      <TimeCreated SystemTime="2018-12-02T13:12:57.971852800Z" />
      <EventRecordID>16</EventRecordID>
      <Correlation />
      <Execution ProcessID="1204" ThreadID="1776" />
      <Channel>Microsoft-Windows-TerminalServices-RemoteConnectionManager/Operational</Channel>
      <Computer>IEWIN7</Computer>
      <Security UserID="S-1-5-20" />
    </System>
    <EventData>
    </EventData>
  </Event>
  <Event xmlns="http://schemas.microsoft.com/win/2004/08/events/event">
    <System>
      <Provider Name="Microsoft-Windows-TerminalServices-RemoteConnectionManager" Guid="{c76baa63-ae81-421c-b425-340b4b24157f}" />
      <EventID>258</EventID>
      <Version>0</Version>
      <Level>4</Level>
      <Task>0</Task>
      <Opcode>0</Opcode>
      <Keywords>0x1000000000000000</Keywords>
      <TimeCreated SystemTime="2018-12-02T13:12:59.043393600Z" />
      <EventRecordID>17</EventRecordID>
      <Correlation ActivityID="{00000000-e244-0000-64c5-dd228c8ad401}" />
      <Execution ProcessID="1204" ThreadID="1776" />
      <Channel>Microsoft-Windows-TerminalServices-RemoteConnectionManager/Operational</Channel>
      <Computer>IEWIN7</Computer>
      <Security UserID="S-1-5-20" />
    </System>
    <UserData>
      <EventXML xmlns:auto-ns2="http://schemas.microsoft.com/win/2004/08/events" xmlns="Event_NS">
        <listenerName>RDP-Tcp</listenerName>
      </EventXML>
    </UserData>
  </Event>
  <Event xmlns="http://schemas.microsoft.com/win/2004/08/events/event">
    <System>
      <Provider Name="Microsoft-Windows-TerminalServices-RemoteConnectionManager" Guid="{c76baa63-ae81-421c-b425-340b4b24157f}" />
      <EventID>1136</EventID>
      <Version>0</Version>
      <Level>4</Level>
      <Task>0</Task>
      <Opcode>0</Opcode>
      <Keywords>0x1000000000000000</Keywords>
      <TimeCreated SystemTime="2018-12-02T13:12:59.203624000Z" />
      <EventRecordID>18</EventRecordID>
      <Correlation />
      <Execution ProcessID="928" ThreadID="1688" />
      <Channel>Microsoft-Windows-TerminalServices-RemoteConnectionManager/Operational</Channel>
      <Computer>IEWIN7</Computer>
      <Security UserID="S-1-5-18" />
    </System>
    <EventData>
    </EventData>
  </Event>
  <Event xmlns="http://schemas.microsoft.com/win/2004/08/events/event">
    <System>
      <Provider Name="Microsoft-Windows-TerminalServices-RemoteConnectionManager" Guid="{c76baa63-ae81-421c-b425-340b4b24157f}" />
      <EventID>1155</EventID>
      <Version>0</Version>
      <Level>4</Level>
      <Task>0</Task>
      <Opcode>0</Opcode>
      <Keywords>0x1000000000000000</Keywords>
      <TimeCreated SystemTime="2018-12-21T11:54:48.701435200Z" />
      <EventRecordID>19</EventRecordID>
      <Correlation />
      <Execution ProcessID="1172" ThreadID="1764" />
      <Channel>Microsoft-Windows-TerminalServices-RemoteConnectionManager/Operational</Channel>
      <Computer>IEWIN7</Computer>
      <Security UserID="S-1-5-20" />
    </System>
    <EventData>
    </EventData>
  </Event>
  <Event xmlns="http://schemas.microsoft.com/win/2004/08/events/event">
    <System>
      <Provider Name="Microsoft-Windows-TerminalServices-RemoteConnectionManager" Guid="{c76baa63-ae81-421c-b425-340b4b24157f}" />
      <EventID>258</EventID>
      <Version>0</Version>
      <Level>4</Level>
      <Task>0</Task>
      <Opcode>0</Opcode>
      <Keywords>0x1000000000000000</Keywords>
      <TimeCreated SystemTime="2018-12-21T11:54:49.482558400Z" />
      <EventRecordID>20</EventRecordID>
      <Correlation ActivityID="{00000000-8244-0000-a4dd-42606f99d401}" />
      <Execution ProcessID="1172" ThreadID="1764" />
      <Channel>Microsoft-Windows-TerminalServices-RemoteConnectionManager/Operational</Channel>
      <Computer>IEWIN7</Computer>
      <Security UserID="S-1-5-20" />
    </System>
    <UserData>
      <EventXML xmlns:auto-ns2="http://schemas.microsoft.com/win/2004/08/events" xmlns="Event_NS">
        <listenerName>RDP-Tcp</listenerName>
      </EventXML>
    </UserData>
  </Event>
  <Event xmlns="http://schemas.microsoft.com/win/2004/08/events/event">
    <System>
      <Provider Name="Microsoft-Windows-TerminalServices-RemoteConnectionManager" Guid="{c76baa63-ae81-421c-b425-340b4b24157f}" />
      <EventID>1136</EventID>
      <Version>0</Version>
      <Level>4</Level>
      <Task>0</Task>
      <Opcode>0</Opcode>
      <Keywords>0x1000000000000000</Keywords>
      <TimeCreated SystemTime="2018-12-21T11:54:49.622760000Z" />
      <EventRecordID>21</EventRecordID>
      <Correlation />
      <Execution ProcessID="916" ThreadID="2036" />
      <Channel>Microsoft-Windows-TerminalServices-RemoteConnectionManager/Operational</Channel>
      <Computer>IEWIN7</Computer>
      <Security UserID="S-1-5-18" />
    </System>
    <EventData>
    </EventData>
  </Event>
  <Event xmlns="http://schemas.microsoft.com/win/2004/08/events/event">
    <System>
      <Provider Name="Microsoft-Windows-TerminalServices-RemoteConnectionManager" Guid="{c76baa63-ae81-421c-b425-340b4b24157f}" />
      <EventID>1155</EventID>
      <Version>0</Version>
      <Level>4</Level>
      <Task>0</Task>
      <Opcode>0</Opcode>
      <Keywords>0x1000000000000000</Keywords>
      <TimeCreated SystemTime="2018-12-21T14:45:28.179192000Z" />
      <EventRecordID>22</EventRecordID>
      <Correlation ActivityID="{2d52e3a0-ab6e-4675-9a28-447bd538b025}" />
      <Execution ProcessID="1248" ThreadID="1264" />
      <Channel>Microsoft-Windows-TerminalServices-RemoteConnectionManager/Operational</Channel>
      <Computer>IEWIN7</Computer>
      <Security UserID="S-1-5-20" />
    </System>
    <EventData>
    </EventData>
  </Event>
  <Event xmlns="http://schemas.microsoft.com/win/2004/08/events/event">
    <System>
      <Provider Name="Microsoft-Windows-TerminalServices-RemoteConnectionManager" Guid="{c76baa63-ae81-421c-b425-340b4b24157f}" />
      <EventID>258</EventID>
      <Version>0</Version>
      <Level>4</Level>
      <Task>0</Task>
      <Opcode>0</Opcode>
      <Keywords>0x1000000000000000</Keywords>
      <TimeCreated SystemTime="2018-12-21T14:45:28.629840000Z" />
      <EventRecordID>23</EventRecordID>
      <Correlation ActivityID="{00000000-3244-0000-e4c0-c0378799d401}" />
      <Execution ProcessID="1248" ThreadID="1264" />
      <Channel>Microsoft-Windows-TerminalServices-RemoteConnectionManager/Operational</Channel>
      <Computer>IEWIN7</Computer>
      <Security UserID="S-1-5-20" />
    </System>
    <UserData>
      <EventXML xmlns:auto-ns2="http://schemas.microsoft.com/win/2004/08/events" xmlns="Event_NS">
        <listenerName>RDP-Tcp</listenerName>
      </EventXML>
    </UserData>
  </Event>
  <Event xmlns="http://schemas.microsoft.com/win/2004/08/events/event">
    <System>
      <Provider Name="Microsoft-Windows-TerminalServices-RemoteConnectionManager" Guid="{c76baa63-ae81-421c-b425-340b4b24157f}" />
      <EventID>1136</EventID>
      <Version>0</Version>
      <Level>4</Level>
      <Task>0</Task>
      <Opcode>0</Opcode>
      <Keywords>0x1000000000000000</Keywords>
      <TimeCreated SystemTime="2018-12-21T14:45:29.280776000Z" />
      <EventRecordID>24</EventRecordID>
      <Correlation />
      <Execution ProcessID="1020" ThreadID="2096" />
      <Channel>Microsoft-Windows-TerminalServices-RemoteConnectionManager/Operational</Channel>
      <Computer>IEWIN7</Computer>
      <Security UserID="S-1-5-18" />
    </System>
    <EventData>
    </EventData>
  </Event>
  <Event xmlns="http://schemas.microsoft.com/win/2004/08/events/event">
    <System>
      <Provider Name="Microsoft-Windows-TerminalServices-RemoteConnectionManager" Guid="{c76baa63-ae81-421c-b425-340b4b24157f}" />
      <EventID>1155</EventID>
      <Version>0</Version>
      <Level>4</Level>
      <Task>0</Task>
      <Opcode>0</Opcode>
      <Keywords>0x1000000000000000</Keywords>
      <TimeCreated SystemTime="2018-12-21T17:20:18.578184000Z" />
      <EventRecordID>25</EventRecordID>
      <Correlation ActivityID="{52cf815d-b1a0-4e93-960b-57d9e764e622}" />
      <Execution ProcessID="1276" ThreadID="1296" />
      <Channel>Microsoft-Windows-TerminalServices-RemoteConnectionManager/Operational</Channel>
      <Computer>IEWIN7</Computer>
      <Security UserID="S-1-5-20" />
    </System>
    <EventData>
    </EventData>
  </Event>
  <Event xmlns="http://schemas.microsoft.com/win/2004/08/events/event">
    <System>
      <Provider Name="Microsoft-Windows-TerminalServices-RemoteConnectionManager" Guid="{c76baa63-ae81-421c-b425-340b4b24157f}" />
      <EventID>258</EventID>
      <Version>0</Version>
      <Level>4</Level>
      <Task>0</Task>
      <Opcode>0</Opcode>
      <Keywords>0x1000000000000000</Keywords>
      <TimeCreated SystemTime="2018-12-21T17:20:19.459451200Z" />
      <EventRecordID>26</EventRecordID>
      <Correlation ActivityID="{00000000-8244-0000-945f-a0d99c99d401}" />
      <Execution ProcessID="1276" ThreadID="1904" />
      <Channel>Microsoft-Windows-TerminalServices-RemoteConnectionManager/Operational</Channel>
      <Computer>IEWIN7</Computer>
      <Security UserID="S-1-5-20" />
    </System>
    <UserData>
      <EventXML xmlns:auto-ns2="http://schemas.microsoft.com/win/2004/08/events" xmlns="Event_NS">
        <listenerName>RDP-Tcp</listenerName>
      </EventXML>
    </UserData>
  </Event>
  <Event xmlns="http://schemas.microsoft.com/win/2004/08/events/event">
    <System>
      <Provider Name="Microsoft-Windows-TerminalServices-RemoteConnectionManager" Guid="{c76baa63-ae81-421c-b425-340b4b24157f}" />
      <EventID>1136</EventID>
      <Version>0</Version>
      <Level>4</Level>
      <Task>0</Task>
      <Opcode>0</Opcode>
      <Keywords>0x1000000000000000</Keywords>
      <TimeCreated SystemTime="2018-12-21T17:20:19.749868800Z" />
      <EventRecordID>27</EventRecordID>
      <Correlation />
      <Execution ProcessID="1016" ThreadID="1824" />
      <Channel>Microsoft-Windows-TerminalServices-RemoteConnectionManager/Operational</Channel>
      <Computer>IEWIN7</Computer>
      <Security UserID="S-1-5-18" />
    </System>
    <EventData>
    </EventData>
  </Event>
  <Event xmlns="http://schemas.microsoft.com/win/2004/08/events/event">
    <System>
      <Provider Name="Microsoft-Windows-TerminalServices-RemoteConnectionManager" Guid="{c76baa63-ae81-421c-b425-340b4b24157f}" />
      <EventID>1155</EventID>
      <Version>0</Version>
      <Level>4</Level>
      <Task>0</Task>
      <Opcode>0</Opcode>
      <Keywords>0x1000000000000000</Keywords>
      <TimeCreated SystemTime="2018-12-21T17:21:42.376190400Z" />
      <EventRecordID>28</EventRecordID>
      <Correlation ActivityID="{614b009b-09fc-467e-86ac-d7f9a7e32c3c}" />
      <Execution ProcessID="1240" ThreadID="1260" />
      <Channel>Microsoft-Windows-TerminalServices-RemoteConnectionManager/Operational</Channel>
      <Computer>IEWIN7</Computer>
      <Security UserID="S-1-5-20" />
    </System>
    <EventData>
    </EventData>
  </Event>
  <Event xmlns="http://schemas.microsoft.com/win/2004/08/events/event">
    <System>
      <Provider Name="Microsoft-Windows-TerminalServices-RemoteConnectionManager" Guid="{c76baa63-ae81-421c-b425-340b4b24157f}" />
      <EventID>258</EventID>
      <Version>0</Version>
      <Level>4</Level>
      <Task>0</Task>
      <Opcode>0</Opcode>
      <Keywords>0x1000000000000000</Keywords>
      <TimeCreated SystemTime="2018-12-21T17:21:43.081201600Z" />
      <EventRecordID>29</EventRecordID>
      <Correlation ActivityID="{00000000-d244-0000-64ec-2a9e5199d401}" />
      <Execution ProcessID="1240" ThreadID="1260" />
      <Channel>Microsoft-Windows-TerminalServices-RemoteConnectionManager/Operational</Channel>
      <Computer>IEWIN7</Computer>
      <Security UserID="S-1-5-20" />
    </System>
    <UserData>
      <EventXML xmlns:auto-ns2="http://schemas.microsoft.com/win/2004/08/events" xmlns="Event_NS">
        <listenerName>RDP-Tcp</listenerName>
      </EventXML>
    </UserData>
  </Event>
  <Event xmlns="http://schemas.microsoft.com/win/2004/08/events/event">
    <System>
      <Provider Name="Microsoft-Windows-TerminalServices-RemoteConnectionManager" Guid="{c76baa63-ae81-421c-b425-340b4b24157f}" />
      <EventID>1136</EventID>
      <Version>0</Version>
      <Level>4</Level>
      <Task>0</Task>
      <Opcode>0</Opcode>
      <Keywords>0x1000000000000000</Keywords>
      <TimeCreated SystemTime="2018-12-21T17:21:44.028560400Z" />
      <EventRecordID>30</EventRecordID>
      <Correlation />
      <Execution ProcessID="1016" ThreadID="2068" />
      <Channel>Microsoft-Windows-TerminalServices-RemoteConnectionManager/Operational</Channel>
      <Computer>IEWIN7</Computer>
      <Security UserID="S-1-5-18" />
    </System>
    <EventData>
    </EventData>
  </Event>
  <Event xmlns="http://schemas.microsoft.com/win/2004/08/events/event">
    <System>
      <Provider Name="Microsoft-Windows-TerminalServices-RemoteConnectionManager" Guid="{c76baa63-ae81-421c-b425-340b4b24157f}" />
      <EventID>1155</EventID>
      <Version>0</Version>
      <Level>4</Level>
      <Task>0</Task>
      <Opcode>0</Opcode>
      <Keywords>0x1000000000000000</Keywords>
      <TimeCreated SystemTime="2018-12-21T17:23:30.011666000Z" />
      <EventRecordID>31</EventRecordID>
      <Correlation ActivityID="{893617eb-e5ec-4c3e-90d1-8a6b7a349fe4}" />
      <Execution ProcessID="1240" ThreadID="1264" />
      <Channel>Microsoft-Windows-TerminalServices-RemoteConnectionManager/Operational</Channel>
      <Computer>IEWIN7</Computer>
      <Security UserID="S-1-5-20" />
    </System>
    <EventData>
    </EventData>
  </Event>
  <Event xmlns="http://schemas.microsoft.com/win/2004/08/events/event">
    <System>
      <Provider Name="Microsoft-Windows-TerminalServices-RemoteConnectionManager" Guid="{c76baa63-ae81-421c-b425-340b4b24157f}" />
      <EventID>258</EventID>
      <Version>0</Version>
      <Level>4</Level>
      <Task>0</Task>
      <Opcode>0</Opcode>
      <Keywords>0x1000000000000000</Keywords>
      <TimeCreated SystemTime="2018-12-21T17:23:30.562456000Z" />
      <EventRecordID>32</EventRecordID>
      <Correlation ActivityID="{00000000-b244-0000-646a-8ade5199d401}" />
      <Execution ProcessID="1240" ThreadID="1264" />
      <Channel>Microsoft-Windows-TerminalServices-RemoteConnectionManager/Operational</Channel>
      <Computer>IEWIN7</Computer>
      <Security UserID="S-1-5-20" />
    </System>
    <UserData>
      <EventXML xmlns:auto-ns2="http://schemas.microsoft.com/win/2004/08/events" xmlns="Event_NS">
        <listenerName>RDP-Tcp</listenerName>
      </EventXML>
    </UserData>
  </Event>
  <Event xmlns="http://schemas.microsoft.com/win/2004/08/events/event">
    <System>
      <Provider Name="Microsoft-Windows-TerminalServices-RemoteConnectionManager" Guid="{c76baa63-ae81-421c-b425-340b4b24157f}" />
      <EventID>1136</EventID>
      <Version>0</Version>
      <Level>4</Level>
      <Task>0</Task>
      <Opcode>0</Opcode>
      <Keywords>0x1000000000000000</Keywords>
      <TimeCreated SystemTime="2018-12-21T17:23:31.036135400Z" />
      <EventRecordID>33</EventRecordID>
      <Correlation />
      <Execution ProcessID="1012" ThreadID="1908" />
      <Channel>Microsoft-Windows-TerminalServices-RemoteConnectionManager/Operational</Channel>
      <Computer>IEWIN7</Computer>
      <Security UserID="S-1-5-18" />
    </System>
    <EventData>
    </EventData>
  </Event>
  <Event xmlns="http://schemas.microsoft.com/win/2004/08/events/event">
    <System>
      <Provider Name="Microsoft-Windows-TerminalServices-RemoteConnectionManager" Guid="{c76baa63-ae81-421c-b425-340b4b24157f}" />
      <EventID>1155</EventID>
      <Version>0</Version>
      <Level>4</Level>
      <Task>0</Task>
      <Opcode>0</Opcode>
      <Keywords>0x1000000000000000</Keywords>
      <TimeCreated SystemTime="2018-12-21T17:26:28.269035800Z" />
      <EventRecordID>34</EventRecordID>
      <Correlation ActivityID="{e4b08c9a-548e-47b2-b178-57435cdc8c01}" />
      <Execution ProcessID="1252" ThreadID="1280" />
      <Channel>Microsoft-Windows-TerminalServices-RemoteConnectionManager/Operational</Channel>
      <Computer>IEWIN7</Computer>
      <Security UserID="S-1-5-20" />
    </System>
    <EventData>
    </EventData>
  </Event>
  <Event xmlns="http://schemas.microsoft.com/win/2004/08/events/event">
    <System>
      <Provider Name="Microsoft-Windows-TerminalServices-RemoteConnectionManager" Guid="{c76baa63-ae81-421c-b425-340b4b24157f}" />
      <EventID>258</EventID>
      <Version>0</Version>
      <Level>4</Level>
      <Task>0</Task>
      <Opcode>0</Opcode>
      <Keywords>0x1000000000000000</Keywords>
      <TimeCreated SystemTime="2018-12-21T17:26:28.863889000Z" />
      <EventRecordID>35</EventRecordID>
      <Correlation ActivityID="{00000000-a244-0000-640f-a3485299d401}" />
      <Execution ProcessID="1252" ThreadID="1268" />
      <Channel>Microsoft-Windows-TerminalServices-RemoteConnectionManager/Operational</Channel>
      <Computer>IEWIN7</Computer>
      <Security UserID="S-1-5-20" />
    </System>
    <UserData>
      <EventXML xmlns:auto-ns2="http://schemas.microsoft.com/win/2004/08/events" xmlns="Event_NS">
        <listenerName>RDP-Tcp</listenerName>
      </EventXML>
    </UserData>
  </Event>
  <Event xmlns="http://schemas.microsoft.com/win/2004/08/events/event">
    <System>
      <Provider Name="Microsoft-Windows-TerminalServices-RemoteConnectionManager" Guid="{c76baa63-ae81-421c-b425-340b4b24157f}" />
      <EventID>1136</EventID>
      <Version>0</Version>
      <Level>4</Level>
      <Task>0</Task>
      <Opcode>0</Opcode>
      <Keywords>0x1000000000000000</Keywords>
      <TimeCreated SystemTime="2018-12-21T17:26:29.271473600Z" />
      <EventRecordID>36</EventRecordID>
      <Correlation />
      <Execution ProcessID="1012" ThreadID="120" />
      <Channel>Microsoft-Windows-TerminalServices-RemoteConnectionManager/Operational</Channel>
      <Computer>IEWIN7</Computer>
      <Security UserID="S-1-5-18" />
    </System>
    <EventData>
    </EventData>
  </Event>
  <Event xmlns="http://schemas.microsoft.com/win/2004/08/events/event">
    <System>
      <Provider Name="Microsoft-Windows-TerminalServices-RemoteConnectionManager" Guid="{c76baa63-ae81-421c-b425-340b4b24157f}" />
      <EventID>1155</EventID>
      <Version>0</Version>
      <Level>4</Level>
      <Task>0</Task>
      <Opcode>0</Opcode>
      <Keywords>0x1000000000000000</Keywords>
      <TimeCreated SystemTime="2018-12-23T01:47:23.872688000Z" />
      <EventRecordID>37</EventRecordID>
      <Correlation ActivityID="{df4f7235-c63e-490e-b01c-8dde320e50f8}" />
      <Execution ProcessID="1244" ThreadID="1260" />
      <Channel>Microsoft-Windows-TerminalServices-RemoteConnectionManager/Operational</Channel>
      <Computer>IEWIN7</Computer>
      <Security UserID="S-1-5-20" />
    </System>
    <EventData>
    </EventData>
  </Event>
  <Event xmlns="http://schemas.microsoft.com/win/2004/08/events/event">
    <System>
      <Provider Name="Microsoft-Windows-TerminalServices-RemoteConnectionManager" Guid="{c76baa63-ae81-421c-b425-340b4b24157f}" />
      <EventID>258</EventID>
      <Version>0</Version>
      <Level>4</Level>
      <Task>0</Task>
      <Opcode>0</Opcode>
      <Keywords>0x1000000000000000</Keywords>
      <TimeCreated SystemTime="2018-12-23T01:47:24.523624000Z" />
      <EventRecordID>38</EventRecordID>
      <Correlation ActivityID="{00000000-7244-0000-4439-c2daac9ad401}" />
      <Execution ProcessID="1244" ThreadID="1256" />
      <Channel>Microsoft-Windows-TerminalServices-RemoteConnectionManager/Operational</Channel>
      <Computer>IEWIN7</Computer>
      <Security UserID="S-1-5-20" />
    </System>
    <UserData>
      <EventXML xmlns:auto-ns2="http://schemas.microsoft.com/win/2004/08/events" xmlns="Event_NS">
        <listenerName>RDP-Tcp</listenerName>
      </EventXML>
    </UserData>
  </Event>
  <Event xmlns="http://schemas.microsoft.com/win/2004/08/events/event">
    <System>
      <Provider Name="Microsoft-Windows-TerminalServices-RemoteConnectionManager" Guid="{c76baa63-ae81-421c-b425-340b4b24157f}" />
      <EventID>1136</EventID>
      <Version>0</Version>
      <Level>4</Level>
      <Task>0</Task>
      <Opcode>0</Opcode>
      <Keywords>0x1000000000000000</Keywords>
      <TimeCreated SystemTime="2018-12-23T01:47:25.114473600Z" />
      <EventRecordID>39</EventRecordID>
      <Correlation />
      <Execution ProcessID="1016" ThreadID="2136" />
      <Channel>Microsoft-Windows-TerminalServices-RemoteConnectionManager/Operational</Channel>
      <Computer>IEWIN7</Computer>
      <Security UserID="S-1-5-18" />
    </System>
    <EventData>
    </EventData>
  </Event>
  <Event xmlns="http://schemas.microsoft.com/win/2004/08/events/event">
    <System>
      <Provider Name="Microsoft-Windows-TerminalServices-RemoteConnectionManager" Guid="{c76baa63-ae81-421c-b425-340b4b24157f}" />
      <EventID>1155</EventID>
      <Version>0</Version>
      <Level>4</Level>
      <Task>0</Task>
      <Opcode>0</Opcode>
      <Keywords>0x1000000000000000</Keywords>
      <TimeCreated SystemTime="2018-12-23T12:34:22.016422400Z" />
      <EventRecordID>40</EventRecordID>
      <Correlation ActivityID="{9f0b14d4-691b-4de9-ac0f-12eaac5953db}" />
      <Execution ProcessID="1224" ThreadID="1240" />
      <Channel>Microsoft-Windows-TerminalServices-RemoteConnectionManager/Operational</Channel>
      <Computer>IEWIN7</Computer>
      <Security UserID="S-1-5-20" />
    </System>
    <EventData>
    </EventData>
  </Event>
  <Event xmlns="http://schemas.microsoft.com/win/2004/08/events/event">
    <System>
      <Provider Name="Microsoft-Windows-TerminalServices-RemoteConnectionManager" Guid="{c76baa63-ae81-421c-b425-340b4b24157f}" />
      <EventID>258</EventID>
      <Version>0</Version>
      <Level>4</Level>
      <Task>0</Task>
      <Opcode>0</Opcode>
      <Keywords>0x1000000000000000</Keywords>
      <TimeCreated SystemTime="2018-12-23T12:34:23.248193600Z" />
      <EventRecordID>41</EventRecordID>
      <Correlation ActivityID="{00000000-4244-0000-44c9-e53a079bd401}" />
      <Execution ProcessID="1224" ThreadID="1880" />
      <Channel>Microsoft-Windows-TerminalServices-RemoteConnectionManager/Operational</Channel>
      <Computer>IEWIN7</Computer>
      <Security UserID="S-1-5-20" />
    </System>
    <UserData>
      <EventXML xmlns:auto-ns2="http://schemas.microsoft.com/win/2004/08/events" xmlns="Event_NS">
        <listenerName>RDP-Tcp</listenerName>
      </EventXML>
    </UserData>
  </Event>
  <Event xmlns="http://schemas.microsoft.com/win/2004/08/events/event">
    <System>
      <Provider Name="Microsoft-Windows-TerminalServices-RemoteConnectionManager" Guid="{c76baa63-ae81-421c-b425-340b4b24157f}" />
      <EventID>1136</EventID>
      <Version>0</Version>
      <Level>4</Level>
      <Task>0</Task>
      <Opcode>0</Opcode>
      <Keywords>0x1000000000000000</Keywords>
      <TimeCreated SystemTime="2018-12-23T12:34:23.929172800Z" />
      <EventRecordID>42</EventRecordID>
      <Correlation />
      <Execution ProcessID="1000" ThreadID="1732" />
      <Channel>Microsoft-Windows-TerminalServices-RemoteConnectionManager/Operational</Channel>
      <Computer>IEWIN7</Computer>
      <Security UserID="S-1-5-18" />
    </System>
    <EventData>
    </EventData>
  </Event>
  <Event xmlns="http://schemas.microsoft.com/win/2004/08/events/event">
    <System>
      <Provider Name="Microsoft-Windows-TerminalServices-RemoteConnectionManager" Guid="{c76baa63-ae81-421c-b425-340b4b24157f}" />
      <EventID>1155</EventID>
      <Version>0</Version>
      <Level>4</Level>
      <Task>0</Task>
      <Opcode>0</Opcode>
      <Keywords>0x1000000000000000</Keywords>
      <TimeCreated SystemTime="2018-12-29T19:35:20.165724800Z" />
      <EventRecordID>43</EventRecordID>
      <Correlation ActivityID="{155da92e-f1cb-4bca-8884-178ca77bd250}" />
      <Execution ProcessID="1240" ThreadID="1976" />
      <Channel>Microsoft-Windows-TerminalServices-RemoteConnectionManager/Operational</Channel>
      <Computer>IEWIN7</Computer>
      <Security UserID="S-1-5-20" />
    </System>
    <EventData>
    </EventData>
  </Event>
  <Event xmlns="http://schemas.microsoft.com/win/2004/08/events/event">
    <System>
      <Provider Name="Microsoft-Windows-TerminalServices-RemoteConnectionManager" Guid="{c76baa63-ae81-421c-b425-340b4b24157f}" />
      <EventID>258</EventID>
      <Version>0</Version>
      <Level>4</Level>
      <Task>0</Task>
      <Opcode>0</Opcode>
      <Keywords>0x1000000000000000</Keywords>
      <TimeCreated SystemTime="2018-12-29T19:35:20.936833600Z" />
      <EventRecordID>44</EventRecordID>
      <Correlation ActivityID="{00000000-2244-0000-f52a-ba07f99fd401}" />
      <Execution ProcessID="1240" ThreadID="1976" />
      <Channel>Microsoft-Windows-TerminalServices-RemoteConnectionManager/Operational</Channel>
      <Computer>IEWIN7</Computer>
      <Security UserID="S-1-5-20" />
    </System>
    <UserData>
      <EventXML xmlns:auto-ns2="http://schemas.microsoft.com/win/2004/08/events" xmlns="Event_NS">
        <listenerName>RDP-Tcp</listenerName>
      </EventXML>
    </UserData>
  </Event>
  <Event xmlns="http://schemas.microsoft.com/win/2004/08/events/event">
    <System>
      <Provider Name="Microsoft-Windows-TerminalServices-RemoteConnectionManager" Guid="{c76baa63-ae81-421c-b425-340b4b24157f}" />
      <EventID>1136</EventID>
      <Version>0</Version>
      <Level>4</Level>
      <Task>0</Task>
      <Opcode>0</Opcode>
      <Keywords>0x1000000000000000</Keywords>
      <TimeCreated SystemTime="2018-12-29T19:35:21.147136000Z" />
      <EventRecordID>45</EventRecordID>
      <Correlation />
      <Execution ProcessID="968" ThreadID="652" />
      <Channel>Microsoft-Windows-TerminalServices-RemoteConnectionManager/Operational</Channel>
      <Computer>IEWIN7</Computer>
      <Security UserID="S-1-5-18" />
    </System>
    <EventData>
    </EventData>
  </Event>
  <Event xmlns="http://schemas.microsoft.com/win/2004/08/events/event">
    <System>
      <Provider Name="Microsoft-Windows-TerminalServices-RemoteConnectionManager" Guid="{c76baa63-ae81-421c-b425-340b4b24157f}" />
      <EventID>1155</EventID>
      <Version>0</Version>
      <Level>4</Level>
      <Task>0</Task>
      <Opcode>0</Opcode>
      <Keywords>0x1000000000000000</Keywords>
      <TimeCreated SystemTime="2018-12-29T20:18:19.331249600Z" />
      <EventRecordID>46</EventRecordID>
      <Correlation ActivityID="{75421c5b-6935-40cd-b5a5-3892971f3aed}" />
      <Execution ProcessID="1260" ThreadID="1288" />
      <Channel>Microsoft-Windows-TerminalServices-RemoteConnectionManager/Operational</Channel>
      <Computer>IEWIN7</Computer>
      <Security UserID="S-1-5-20" />
    </System>
    <EventData>
    </EventData>
  </Event>
  <Event xmlns="http://schemas.microsoft.com/win/2004/08/events/event">
    <System>
      <Provider Name="Microsoft-Windows-TerminalServices-RemoteConnectionManager" Guid="{c76baa63-ae81-421c-b425-340b4b24157f}" />
      <EventID>258</EventID>
      <Version>0</Version>
      <Level>4</Level>
      <Task>0</Task>
      <Opcode>0</Opcode>
      <Keywords>0x1000000000000000</Keywords>
      <TimeCreated SystemTime="2018-12-29T20:18:20.963596800Z" />
      <EventRecordID>47</EventRecordID>
      <Correlation ActivityID="{00000000-8244-0000-c492-b60aff9fd401}" />
      <Execution ProcessID="1260" ThreadID="1288" />
      <Channel>Microsoft-Windows-TerminalServices-RemoteConnectionManager/Operational</Channel>
      <Computer>IEWIN7</Computer>
      <Security UserID="S-1-5-20" />
    </System>
    <UserData>
      <EventXML xmlns:auto-ns2="http://schemas.microsoft.com/win/2004/08/events" xmlns="Event_NS">
        <listenerName>RDP-Tcp</listenerName>
      </EventXML>
    </UserData>
  </Event>
  <Event xmlns="http://schemas.microsoft.com/win/2004/08/events/event">
    <System>
      <Provider Name="Microsoft-Windows-TerminalServices-RemoteConnectionManager" Guid="{c76baa63-ae81-421c-b425-340b4b24157f}" />
      <EventID>1136</EventID>
      <Version>0</Version>
      <Level>4</Level>
      <Task>0</Task>
      <Opcode>0</Opcode>
      <Keywords>0x1000000000000000</Keywords>
      <TimeCreated SystemTime="2018-12-29T20:18:21.684633600Z" />
      <EventRecordID>48</EventRecordID>
      <Correlation />
      <Execution ProcessID="1020" ThreadID="1588" />
      <Channel>Microsoft-Windows-TerminalServices-RemoteConnectionManager/Operational</Channel>
      <Computer>IEWIN7</Computer>
      <Security UserID="S-1-5-18" />
    </System>
    <EventData>
    </EventData>
  </Event>
  <Event xmlns="http://schemas.microsoft.com/win/2004/08/events/event">
    <System>
      <Provider Name="Microsoft-Windows-TerminalServices-RemoteConnectionManager" Guid="{c76baa63-ae81-421c-b425-340b4b24157f}" />
      <EventID>1155</EventID>
      <Version>0</Version>
      <Level>4</Level>
      <Task>0</Task>
      <Opcode>0</Opcode>
      <Keywords>0x1000000000000000</Keywords>
      <TimeCreated SystemTime="2019-01-08T12:31:08.589264000Z" />
      <EventRecordID>49</EventRecordID>
      <Correlation ActivityID="{03a9063b-5a6d-4645-94ab-4f7020922b9e}" />
      <Execution ProcessID="1264" ThreadID="1820" />
      <Channel>Microsoft-Windows-TerminalServices-RemoteConnectionManager/Operational</Channel>
      <Computer>IEWIN7</Computer>
      <Security UserID="S-1-5-20" />
    </System>
    <EventData>
    </EventData>
  </Event>
  <Event xmlns="http://schemas.microsoft.com/win/2004/08/events/event">
    <System>
      <Provider Name="Microsoft-Windows-TerminalServices-RemoteConnectionManager" Guid="{c76baa63-ae81-421c-b425-340b4b24157f}" />
      <EventID>258</EventID>
      <Version>0</Version>
      <Level>4</Level>
      <Task>0</Task>
      <Opcode>0</Opcode>
      <Keywords>0x1000000000000000</Keywords>
      <TimeCreated SystemTime="2019-01-08T12:31:09.280257600Z" />
      <EventRecordID>50</EventRecordID>
      <Correlation ActivityID="{00000000-9244-0000-2434-4a6d99a7d401}" />
      <Execution ProcessID="1264" ThreadID="1820" />
      <Channel>Microsoft-Windows-TerminalServices-RemoteConnectionManager/Operational</Channel>
      <Computer>IEWIN7</Computer>
      <Security UserID="S-1-5-20" />
    </System>
    <UserData>
      <EventXML xmlns:auto-ns2="http://schemas.microsoft.com/win/2004/08/events" xmlns="Event_NS">
        <listenerName>RDP-Tcp</listenerName>
      </EventXML>
    </UserData>
  </Event>
  <Event xmlns="http://schemas.microsoft.com/win/2004/08/events/event">
    <System>
      <Provider Name="Microsoft-Windows-TerminalServices-RemoteConnectionManager" Guid="{c76baa63-ae81-421c-b425-340b4b24157f}" />
      <EventID>1136</EventID>
      <Version>0</Version>
      <Level>4</Level>
      <Task>0</Task>
      <Opcode>0</Opcode>
      <Keywords>0x1000000000000000</Keywords>
      <TimeCreated SystemTime="2019-01-08T12:31:09.530617600Z" />
      <EventRecordID>51</EventRecordID>
      <Correlation />
      <Execution ProcessID="988" ThreadID="1796" />
      <Channel>Microsoft-Windows-TerminalServices-RemoteConnectionManager/Operational</Channel>
      <Computer>IEWIN7</Computer>
      <Security UserID="S-1-5-18" />
    </System>
    <EventData>
    </EventData>
  </Event>
  <Event xmlns="http://schemas.microsoft.com/win/2004/08/events/event">
    <System>
      <Provider Name="Microsoft-Windows-TerminalServices-RemoteConnectionManager" Guid="{c76baa63-ae81-421c-b425-340b4b24157f}" />
      <EventID>1155</EventID>
      <Version>0</Version>
      <Level>4</Level>
      <Task>0</Task>
      <Opcode>0</Opcode>
      <Keywords>0x1000000000000000</Keywords>
      <TimeCreated SystemTime="2019-01-17T19:21:01.800784000Z" />
      <EventRecordID>52</EventRecordID>
      <Correlation ActivityID="{ea22d5c2-6b57-4db8-b534-f3e716b90534}" />
      <Execution ProcessID="1232" ThreadID="1244" />
      <Channel>Microsoft-Windows-TerminalServices-RemoteConnectionManager/Operational</Channel>
      <Computer>IEWIN7</Computer>
      <Security UserID="S-1-5-20" />
    </System>
    <EventData>
    </EventData>
  </Event>
  <Event xmlns="http://schemas.microsoft.com/win/2004/08/events/event">
    <System>
      <Provider Name="Microsoft-Windows-TerminalServices-RemoteConnectionManager" Guid="{c76baa63-ae81-421c-b425-340b4b24157f}" />
      <EventID>258</EventID>
      <Version>0</Version>
      <Level>4</Level>
      <Task>0</Task>
      <Opcode>0</Opcode>
      <Keywords>0x1000000000000000</Keywords>
      <TimeCreated SystemTime="2019-01-17T19:21:02.832267200Z" />
      <EventRecordID>53</EventRecordID>
      <Correlation ActivityID="{00000000-9244-0000-44b7-5f2ce5aed401}" />
      <Execution ProcessID="1232" ThreadID="1244" />
      <Channel>Microsoft-Windows-TerminalServices-RemoteConnectionManager/Operational</Channel>
      <Computer>IEWIN7</Computer>
      <Security UserID="S-1-5-20" />
    </System>
    <UserData>
      <EventXML xmlns:auto-ns2="http://schemas.microsoft.com/win/2004/08/events" xmlns="Event_NS">
        <listenerName>RDP-Tcp</listenerName>
      </EventXML>
    </UserData>
  </Event>
  <Event xmlns="http://schemas.microsoft.com/win/2004/08/events/event">
    <System>
      <Provider Name="Microsoft-Windows-TerminalServices-RemoteConnectionManager" Guid="{c76baa63-ae81-421c-b425-340b4b24157f}" />
      <EventID>1136</EventID>
      <Version>0</Version>
      <Level>4</Level>
      <Task>0</Task>
      <Opcode>0</Opcode>
      <Keywords>0x1000000000000000</Keywords>
      <TimeCreated SystemTime="2019-01-17T19:21:03.443145600Z" />
      <EventRecordID>54</EventRecordID>
      <Correlation />
      <Execution ProcessID="980" ThreadID="2116" />
      <Channel>Microsoft-Windows-TerminalServices-RemoteConnectionManager/Operational</Channel>
      <Computer>IEWIN7</Computer>
      <Security UserID="S-1-5-18" />
    </System>
    <EventData>
    </EventData>
  </Event>
  <Event xmlns="http://schemas.microsoft.com/win/2004/08/events/event">
    <System>
      <Provider Name="Microsoft-Windows-TerminalServices-RemoteConnectionManager" Guid="{c76baa63-ae81-421c-b425-340b4b24157f}" />
      <EventID>1155</EventID>
      <Version>0</Version>
      <Level>4</Level>
      <Task>0</Task>
      <Opcode>0</Opcode>
      <Keywords>0x1000000000000000</Keywords>
      <TimeCreated SystemTime="2019-01-17T19:25:22.595198400Z" />
      <EventRecordID>55</EventRecordID>
      <Correlation ActivityID="{deb9e3f7-6b80-480c-bf81-45d3ad30ce6e}" />
      <Execution ProcessID="1356" ThreadID="1372" />
      <Channel>Microsoft-Windows-TerminalServices-RemoteConnectionManager/Operational</Channel>
      <Computer>IEWIN7</Computer>
      <Security UserID="S-1-5-20" />
    </System>
    <EventData>
    </EventData>
  </Event>
  