<Event xmlns="http://schemas.microsoft.com/win/2004/08/events/event">
    <System>
      <Provider Name="Microsoft-Windows-TerminalServices-RemoteConnectionManager" Guid="{c76baa63-ae81-421c-b425-340b4b24157f}" />
      <EventID>258</EventID>
      <Version>0</Version>
      <Level>4</Level>
      <Task>0</Task>
      <Opcode>0</Opcode>
      <Keywords>0x1000000000000000</Keywords>
      <TimeCreated SystemTime="2019-01-28T15:17:40.599688000Z" />
      <EventRecordID>110</EventRecordID>
      <Correlation ActivityID="{00000000-0244-0000-f4b3-0c0068b7d401}" />
      <Execution ProcessID="1268" ThreadID="1956" />
      <Channel>Microsoft-Windows-TerminalServices-RemoteConnectionManager/Operational</Channel>
      <Computer>PC01.example.corp</Computer>
      <Security UserID="S-1-5-20" />
    </System>
    <UserData>
      <EventXML xmlns:auto-ns2="http://schemas.microsoft.com/win/2004/08/events" xmlns="Event_NS">
        <listenerName>RDP-Tcp</listenerName>
      </EventXML>
    </UserData>
  </Event>
  <Event xmlns="http://schemas.microsoft.com/win/2004/08/events/event">
    <System>
      <Provider Name="Microsoft-Windows-TerminalServices-RemoteConnectionManager" Guid="{c76baa63-ae81-421c-b425-340b4b24157f}" />
      <EventID>1136</EventID>
      <Version>0</Version>
      <Level>4</Level>
      <Task>0</Task>
      <Opcode>0</Opcode>
      <Keywords>0x1000000000000000</Keywords>
      <TimeCreated SystemTime="2019-01-28T15:17:40.744148800Z" />
      <EventRecordID>111</EventRecordID>
      <Correlation />
      <Execution ProcessID="980" ThreadID="1120" />
      <Channel>Microsoft-Windows-TerminalServices-RemoteConnectionManager/Operational</Channel>
      <Computer>PC01.example.corp</Computer>
      <Security UserID="S-1-5-18" />
    </System>
    <EventData>
    </EventData>
  </Event>
  <Event xmlns="http://schemas.microsoft.com/win/2004/08/events/event">
    <System>
      <Provider Name="Microsoft-Windows-TerminalServices-RemoteConnectionManager" Guid="{c76baa63-ae81-421c-b425-340b4b24157f}" />
      <EventID>1155</EventID>
      <Version>0</Version>
      <Level>4</Level>
      <Task>0</Task>
      <Opcode>0</Opcode>
      <Keywords>0x1000000000000000</Keywords>
      <TimeCreated SystemTime="2019-01-28T16:05:44.196821200Z" />
      <EventRecordID>112</EventRecordID>
      <Correlation ActivityID="{3596865e-b2e2-4047-bc65-39994f47c1bd}" />
      <Execution ProcessID="1280" ThreadID="1756" />
      <Channel>Microsoft-Windows-TerminalServices-RemoteConnectionManager/Operational</Channel>
      <Computer>PC01.example.corp</Computer>
      <Security UserID="S-1-5-20" />
    </System>
    <EventData>
    </EventData>
  </Event>
  <Event xmlns="http://schemas.microsoft.com/win/2004/08/events/event">
    <System>
      <Provider Name="Microsoft-Windows-TerminalServices-RemoteConnectionManager" Guid="{c76baa63-ae81-421c-b425-340b4b24157f}" />
      <EventID>258</EventID>
      <Version>0</Version>
      <Level>4</Level>
      <Task>0</Task>
      <Opcode>0</Opcode>
      <Keywords>0x1000000000000000</Keywords>
      <TimeCreated SystemTime="2019-01-28T16:05:45.044644300Z" />
      <EventRecordID>113</EventRecordID>
      <Correlation ActivityID="{00000000-f244-0000-2494-b94a23b7d401}" />
      <Execution ProcessID="1280" ThreadID="1756" />
      <Channel>Microsoft-Windows-TerminalServices-RemoteConnectionManager/Operational</Channel>
      <Computer>PC01.example.corp</Computer>
      <Security UserID="S-1-5-20" />
    </System>
    <UserData>
      <EventXML xmlns:auto-ns2="http://schemas.microsoft.com/win/2004/08/events" xmlns="Event_NS">
        <listenerName>RDP-Tcp</listenerName>
      </EventXML>
    </UserData>
  </Event>
  <Event xmlns="http://schemas.microsoft.com/win/2004/08/events/event">
    <System>
      <Provider Name="Microsoft-Windows-TerminalServices-RemoteConnectionManager" Guid="{c76baa63-ae81-421c-b425-340b4b24157f}" />
      <EventID>1136</EventID>
      <Version>0</Version>
      <Level>4</Level>
      <Task>0</Task>
      <Opcode>0</Opcode>
      <Keywords>0x1000000000000000</Keywords>
      <TimeCreated SystemTime="2019-01-28T16:05:45.600718700Z" />
      <EventRecordID>114</EventRecordID>
      <Correlation />
      <Execution ProcessID="996" ThreadID="1548" />
      <Channel>Microsoft-Windows-TerminalServices-RemoteConnectionManager/Operational</Channel>
      <Computer>PC01.example.corp</Computer>
      <Security UserID="S-1-5-18" />
    </System>
    <EventData>
    </EventData>
  </Event>
  <Event xmlns="http://schemas.microsoft.com/win/2004/08/events/event">
    <System>
      <Provider Name="Microsoft-Windows-TerminalServices-RemoteConnectionManager" Guid="{c76baa63-ae81-421c-b425-340b4b24157f}" />
      <EventID>1155</EventID>
      <Version>0</Version>
      <Level>4</Level>
      <Task>0</Task>
      <Opcode>0</Opcode>
      <Keywords>0x1000000000000000</Keywords>
      <TimeCreated SystemTime="2019-01-28T16:39:09.752389400Z" />
      <EventRecordID>115</EventRecordID>
      <Correlation ActivityID="{e454485f-f7d5-441b-a802-dfb9a48c1c54}" />
      <Execution ProcessID="1296" ThreadID="1532" />
      <Channel>Microsoft-Windows-TerminalServices-RemoteConnectionManager/Operational</Channel>
      <Computer>PC01.example.corp</Computer>
      <Security UserID="S-1-5-20" />
    </System>
    <EventData>
    </EventData>
  </Event>
  <Event xmlns="http://schemas.microsoft.com/win/2004/08/events/event">
    <System>
      <Provider Name="Microsoft-Windows-TerminalServices-RemoteConnectionManager" Guid="{c76baa63-ae81-421c-b425-340b4b24157f}" />
      <EventID>258</EventID>
      <Version>0</Version>
      <Level>4</Level>
      <Task>0</Task>
      <Opcode>0</Opcode>
      <Keywords>0x1000000000000000</Keywords>
      <TimeCreated SystemTime="2019-01-28T16:39:11.074502200Z" />
      <EventRecordID>116</EventRecordID>
      <Correlation ActivityID="{00000000-5244-0000-a44c-ccf527b7d401}" />
      <Execution ProcessID="1296" ThreadID="1532" />
      <Channel>Microsoft-Windows-TerminalServices-RemoteConnectionManager/Operational</Channel>
      <Computer>PC01.example.corp</Computer>
      <Security UserID="S-1-5-20" />
    </System>
    <UserData>
      <EventXML xmlns:auto-ns2="http://schemas.microsoft.com/win/2004/08/events" xmlns="Event_NS">
        <listenerName>RDP-Tcp</listenerName>
      </EventXML>
    </UserData>
  </Event>
  <Event xmlns="http://schemas.microsoft.com/win/2004/08/events/event">
    <System>
      <Provider Name="Microsoft-Windows-TerminalServices-RemoteConnectionManager" Guid="{c76baa63-ae81-421c-b425-340b4b24157f}" />
      <EventID>1136</EventID>
      <Version>0</Version>
      <Level>4</Level>
      <Task>0</Task>
      <Opcode>0</Opcode>
      <Keywords>0x1000000000000000</Keywords>
      <TimeCreated SystemTime="2019-01-28T16:39:11.752630400Z" />
      <EventRecordID>117</EventRecordID>
      <Correlation />
      <Execution ProcessID="1004" ThreadID="1448" />
      <Channel>Microsoft-Windows-TerminalServices-RemoteConnectionManager/Operational</Channel>
      <Computer>PC01.example.corp</Computer>
      <Security UserID="S-1-5-18" />
    </System>
    <EventData>
    </EventData>
  </Event>
  <Event xmlns="http://schemas.microsoft.com/win/2004/08/events/event">
    <System>
      <Provider Name="Microsoft-Windows-TerminalServices-RemoteConnectionManager" Guid="{c76baa63-ae81-421c-b425-340b4b24157f}" />
      <EventID>1155</EventID>
      <Version>0</Version>
      <Level>4</Level>
      <Task>0</Task>
      <Opcode>0</Opcode>
      <Keywords>0x1000000000000000</Keywords>
      <TimeCreated SystemTime="2019-01-29T10:40:46.795030400Z" />
      <EventRecordID>118</EventRecordID>
      <Correlation ActivityID="{7d5678e0-db29-461a-afb0-5fc8cf6f5d7f}" />
      <Execution ProcessID="1256" ThreadID="1272" />
      <Channel>Microsoft-Windows-TerminalServices-RemoteConnectionManager/Operational</Channel>
      <Computer>PC01.example.corp</Computer>
      <Security UserID="S-1-5-20" />
    </System>
    <EventData>
    </EventData>
  </Event>
  <Event xmlns="http://schemas.microsoft.com/win/2004/08/events/event">
    <System>
      <Provider Name="Microsoft-Windows-TerminalServices-RemoteConnectionManager" Guid="{c76baa63-ae81-421c-b425-340b4b24157f}" />
      <EventID>258</EventID>
      <Version>0</Version>
      <Level>4</Level>
      <Task>0</Task>
      <Opcode>0</Opcode>
      <Keywords>0x1000000000000000</Keywords>
      <TimeCreated SystemTime="2019-01-29T10:40:47.900556800Z" />
      <EventRecordID>119</EventRecordID>
      <Correlation ActivityID="{00000000-0244-0000-c4e2-ee7c0ab8d401}" />
      <Execution ProcessID="1256" ThreadID="1528" />
      <Channel>Microsoft-Windows-TerminalServices-RemoteConnectionManager/Operational</Channel>
      <Computer>PC01.example.corp</Computer>
      <Security UserID="S-1-5-20" />
    </System>
    <UserData>
      <EventXML xmlns:auto-ns2="http://schemas.microsoft.com/win/2004/08/events" xmlns="Event_NS">
        <listenerName>RDP-Tcp</listenerName>
      </EventXML>
    </UserData>
  </Event>
  <Event xmlns="http://schemas.microsoft.com/win/2004/08/events/event">
    <System>
      <Provider Name="Microsoft-Windows-TerminalServices-RemoteConnectionManager" Guid="{c76baa63-ae81-421c-b425-340b4b24157f}" />
      <EventID>1136</EventID>
      <Version>0</Version>
      <Level>4</Level>
      <Task>0</Task>
      <Opcode>0</Opcode>
      <Keywords>0x1000000000000000</Keywords>
      <TimeCreated SystemTime="2019-01-29T10:40:48.480406400Z" />
      <EventRecordID>120</EventRecordID>
      <Correlation />
      <Execution ProcessID="976" ThreadID="1280" />
      <Channel>Microsoft-Windows-TerminalServices-RemoteConnectionManager/Operational</Channel>
      <Computer>PC01.example.corp</Computer>
      <Security UserID="S-1-5-18" />
    </System>
    <EventData>
    </EventData>
  </Event>
  <Event xmlns="http://schemas.microsoft.com/win/2004/08/events/event">
    <System>
      <Provider Name="Microsoft-Windows-TerminalServices-RemoteConnectionManager" Guid="{c76baa63-ae81-421c-b425-340b4b24157f}" />
      <EventID>1155</EventID>
      <Version>0</Version>
      <Level>4</Level>
      <Task>0</Task>
      <Opcode>0</Opcode>
      <Keywords>0x1000000000000000</Keywords>
      <TimeCreated SystemTime="2019-01-29T22:54:04.319923200Z" />
      <EventRecordID>121</EventRecordID>
      <Correlation ActivityID="{a942d683-dba4-4cec-b1f9-14fc7ecc4896}" />
      <Execution ProcessID="1256" ThreadID="1584" />
      <Channel>Microsoft-Windows-TerminalServices-RemoteConnectionManager/Operational</Channel>
      <Computer>PC01.example.corp</Computer>
      <Security UserID="S-1-5-20" />
    </System>
    <EventData>
    </EventData>
  </Event>
  <Event xmlns="http://schemas.microsoft.com/win/2004/08/events/event">
    <System>
      <Provider Name="Microsoft-Windows-TerminalServices-RemoteConnectionManager" Guid="{c76baa63-ae81-421c-b425-340b4b24157f}" />
      <EventID>258</EventID>
      <Version>0</Version>
      <Level>4</Level>
      <Task>0</Task>
      <Opcode>0</Opcode>
      <Keywords>0x1000000000000000</Keywords>
      <TimeCreated SystemTime="2019-01-29T22:54:05.060284800Z" />
      <EventRecordID>122</EventRecordID>
      <Correlation ActivityID="{00000000-b244-0000-447c-61ee70b8d401}" />
      <Execution ProcessID="1256" ThreadID="1584" />
      <Channel>Microsoft-Windows-TerminalServices-RemoteConnectionManager/Operational</Channel>
      <Computer>PC01.example.corp</Computer>
      <Security UserID="S-1-5-20" />
    </System>
    <UserData>
      <EventXML xmlns:auto-ns2="http://schemas.microsoft.com/win/2004/08/events" xmlns="Event_NS">
        <listenerName>RDP-Tcp</listenerName>
      </EventXML>
    </UserData>
  </Event>
  <Event xmlns="http://schemas.microsoft.com/win/2004/08/events/event">
    <System>
      <Provider Name="Microsoft-Windows-TerminalServices-RemoteConnectionManager" Guid="{c76baa63-ae81-421c-b425-340b4b24157f}" />
      <EventID>1136</EventID>
      <Version>0</Version>
      <Level>4</Level>
      <Task>0</Task>
      <Opcode>0</Opcode>
      <Keywords>0x1000000000000000</Keywords>
      <TimeCreated SystemTime="2019-01-29T22:54:05.498683200Z" />
      <EventRecordID>123</EventRecordID>
      <Correlation />
      <Execution ProcessID="976" ThreadID="308" />
      <Channel>Microsoft-Windows-TerminalServices-RemoteConnectionManager/Operational</Channel>
      <Computer>PC01.example.corp</Computer>
      <Security UserID="S-1-5-18" />
    </System>
    <EventData>
    </EventData>
  </Event>
  <Event xmlns="http://schemas.microsoft.com/win/2004/08/events/event">
    <System>
      <Provider Name="Microsoft-Windows-TerminalServices-RemoteConnectionManager" Guid="{c76baa63-ae81-421c-b425-340b4b24157f}" />
      <EventID>261</EventID>
      <Version>0</Version>
      <Level>4</Level>
      <Task>0</Task>
      <Opcode>0</Opcode>
      <Keywords>0x1000000000000000</Keywords>
      <TimeCreated SystemTime="2019-01-29T22:58:34.995092800Z" />
      <EventRecordID>124</EventRecordID>
      <Correlation />
      <Execution ProcessID="1256" ThreadID="1960" />
      <Channel>Microsoft-Windows-TerminalServices-RemoteConnectionManager/Operational</Channel>
      <Computer>PC01.example.corp</Computer>
      <Security UserID="S-1-5-20" />
    </System>
    <UserData>
      <EventXML xmlns:auto-ns2="http://schemas.microsoft.com/win/2004/08/events" xmlns="Event_NS">
        <listenerName>RDP-Tcp</listenerName>
      </EventXML>
    </UserData>
  </Event>
  <Event xmlns="http://schemas.microsoft.com/win/2004/08/events/event">
    <System>
      <Provider Name="Microsoft-Windows-TerminalServices-RemoteConnectionManager" Guid="{c76baa63-ae81-421c-b425-340b4b24157f}" />
      <EventID>261</EventID>
      <Version>0</Version>
      <Level>4</Level>
      <Task>0</Task>
      <Opcode>0</Opcode>
      <Keywords>0x1000000000000000</Keywords>
      <TimeCreated SystemTime="2019-01-29T22:59:37.084372800Z" />
      <EventRecordID>125</EventRecordID>
      <Correlation />
      <Execution ProcessID="1256" ThreadID="1960" />
      <Channel>Microsoft-Windows-TerminalServices-RemoteConnectionManager/Operational</Channel>
      <Computer>PC01.example.corp</Computer>
      <Security UserID="S-1-5-20" />
    </System>
    <UserData>
      <EventXML xmlns:auto-ns2="http://schemas.microsoft.com/win/2004/08/events" xmlns="Event_NS">
        <listenerName>RDP-Tcp</listenerName>
      </EventXML>
    </UserData>
  </Event>
  <Event xmlns="http://schemas.microsoft.com/win/2004/08/events/event">
    <System>
      <Provider Name="Microsoft-Windows-TerminalServices-RemoteConnectionManager" Guid="{c76baa63-ae81-421c-b425-340b4b24157f}" />
      <EventID>1149</EventID>
      <Version>0</Version>
      <Level>4</Level>
      <Task>0</Task>
      <Opcode>0</Opcode>
      <Keywords>0x1000000000000000</Keywords>
      <TimeCreated SystemTime="2019-01-29T23:00:10.212008000Z" />
      <EventRecordID>126</EventRecordID>
      <Correlation />
      <Execution ProcessID="1256" ThreadID="3072" />
      <Channel>Microsoft-Windows-TerminalServices-RemoteConnectionManager/Operational</Channel>
      <Computer>PC01.example.corp</Computer>
      <Security UserID="S-1-5-20" />
    </System>
    <UserData>
      <EventXML xmlns:auto-ns2="http://schemas.microsoft.com/win/2004/08/events" xmlns="Event_NS">
        <Param1>admin01</Param1>
        <Param2>example</Param2>
        <Param3>10.0.2.15</Param3>
      </EventXML>
    </UserData>
  </Event>
  <Event xmlns="http://schemas.microsoft.com/win/2004/08/events/event">
    <System>
      <Provider Name="Microsoft-Windows-TerminalServices-RemoteConnectionManager" Guid="{c76baa63-ae81-421c-b425-340b4b24157f}" />
      <EventID>261</EventID>
      <Version>0</Version>
      <Level>4</Level>
      <Task>0</Task>
      <Opcode>0</Opcode>
      <Keywords>0x1000000000000000</Keywords>
      <TimeCreated SystemTime="2019-01-29T23:15:24.164235400Z" />
      <EventRecordID>127</EventRecordID>
      <Correlation />
      <Execution ProcessID="1256" ThreadID="1960" />
      <Channel>Microsoft-Windows-TerminalServices-RemoteConnectionManager/Operational</Channel>
      <Computer>PC01.example.corp</Computer>
      <Security UserID="S-1-5-20" />
    </System>
    <UserData>
      <EventXML xmlns:auto-ns2="http://schemas.microsoft.com/win/2004/08/events" xmlns="Event_NS">
        <listenerName>RDP-Tcp</listenerName>
      </EventXML>
    </UserData>
  </Event>
  <Event xmlns="http://schemas.microsoft.com/win/2004/08/events/event">
    <System>
      <Provider Name="Microsoft-Windows-TerminalServices-RemoteConnectionManager" Guid="{c76baa63-ae81-421c-b425-340b4b24157f}" />
      <EventID>261</EventID>
      <Version>0</Version>
      <Level>4</Level>
      <Task>0</Task>
      <Opcode>0</Opcode>
      <Keywords>0x1000000000000000</Keywords>
      <TimeCreated SystemTime="2019-01-29T23:16:28.646957000Z" />
      <EventRecordID>128</EventRecordID>
      <Correlation />
      <Execution ProcessID="1256" ThreadID="1960" />
      <Channel>Microsoft-Windows-TerminalServices-RemoteConnectionManager/Operational</Channel>
      <Computer>PC01.example.corp</Computer>
      <Security UserID="S-1-5-20" />
    </System>
    <UserData>
      <EventXML xmlns:auto-ns2="http://schemas.microsoft.com/win/2004/08/events" xmlns="Event_NS">
        <listenerName>RDP-Tcp</listenerName>
      </EventXML>
    </UserData>
  </Event>
  <Event xmlns="http://schemas.microsoft.com/win/2004/08/events/event">
    <System>
      <Provider Name="Microsoft-Windows-TerminalServices-RemoteConnectionManager" Guid="{c76baa63-ae81-421c-b425-340b4b24157f}" />
      <EventID>1149</EventID>
      <Version>0</Version>
      <Level>4</Level>
      <Task>0</Task>
      <Opcode>0</Opcode>
      <Keywords>0x1000000000000000</Keywords>
      <TimeCreated SystemTime="2019-01-29T23:16:39.762941000Z" />
      <EventRecordID>129</EventRecordID>
      <Correlation />
      <Execution ProcessID="1256" ThreadID="2320" />
      <Channel>Microsoft-Windows-TerminalServices-RemoteConnectionManager/Operational</Channel>
      <Computer>PC01.example.corp</Computer>
      <Security UserID="S-1-5-20" />
    </System>
    <UserData>
      <EventXML xmlns:auto-ns2="http://schemas.microsoft.com/win/2004/08/events" xmlns="Event_NS">
        <Param1>admin01</Param1>
        <Param2>example</Param2>
        <Param3>10.0.2.15</Param3>
      </EventXML>
    </UserData>
  </Event>
  <Event xmlns="http://schemas.microsoft.com/win/2004/08/events/event">
    <System>
      <Provider Name="Microsoft-Windows-TerminalServices-RemoteConnectionManager" Guid="{c76baa63-ae81-421c-b425-340b4b24157f}" />
      <EventID>261</EventID>
      <Version>0</Version>
      <Level>4</Level>
      <Task>0</Task>
      <Opcode>0</Opcode>
      <Keywords>0x1000000000000000</Keywords>
      <TimeCreated SystemTime="2019-01-29T23:50:40.730333000Z" />
      <EventRecordID>130</EventRecordID>
      <Correlation />
      <Execution ProcessID="1256" ThreadID="1960" />
      <Channel>Microsoft-Windows-TerminalServices-RemoteConnectionManager/Operational</Channel>
      <Computer>PC01.example.corp</Computer>
      <Security UserID="S-1-5-20" />
    </System>
    <UserData>
      <EventXML xmlns:auto-ns2="http://schemas.microsoft.com/win/2004/08/events" xmlns="Event_NS">
        <listenerName>RDP-Tcp</listenerName>
      </EventXML>
    </UserData>
  </Event>
  <Event xmlns="http://schemas.microsoft.com/win/2004/08/events/event">
    <System>
      <Provider Name="Microsoft-Windows-TerminalServices-RemoteConnectionManager" Guid="{c76baa63-ae81-421c-b425-340b4b24157f}" />
      <EventID>261</EventID>
      <Version>0</Version>
      <Level>4</Level>
      <Task>0</Task>
      <Opcode>0</Opcode>
      <Keywords>0x1000000000000000</Keywords>
      <TimeCreated SystemTime="2019-01-29T23:54:04.665624600Z" />
      <EventRecordID>131</EventRecordID>
      <Correlation />
      <Execution ProcessID="1256" ThreadID="1960" />
      <Channel>Microsoft-Windows-TerminalServices-RemoteConnectionManager/Operational</Channel>
      <Computer>PC01.example.corp</Computer>
      <Security UserID="S-1-5-20" />
    </System>
    <UserData>
      <EventXML xmlns:auto-ns2="http://schemas.microsoft.com/win/2004/08/events" xmlns="Event_NS">
        <listenerName>RDP-Tcp</listenerName>
      </EventXML>
    </UserData>
  </Event>
  <Event xmlns="http://schemas.microsoft.com/win/2004/08/events/event">
    <System>
      <Provider Name="Microsoft-Windows-TerminalServices-RemoteConnectionManager" Guid="{c76baa63-ae81-421c-b425-340b4b24157f}" />
      <EventID>1155</EventID>
      <Version>0</Version>
      <Level>4</Level>
      <Task>0</Task>
      <Opcode>0</Opcode>
      <Keywords>0x1000000000000000</Keywords>
      <TimeCreated SystemTime="2019-01-29T23:54:54.730976000Z" />
      <EventRecordID>132</EventRecordID>
      <Correlation ActivityID="{bc1700cd-54e4-4a9f-8c7e-7582ebc19140}" />
      <Execution ProcessID="1264" ThreadID="1280" />
      <Channel>Microsoft-Windows-TerminalServices-RemoteConnectionManager/Operational</Channel>
      <Computer>PC01.example.corp</Computer>
      <Security UserID="S-1-5-20" />
    </System>
    <EventData>
    </EventData>
  </Event>
  <Event xmlns="http://schemas.microsoft.com/win/2004/08/events/event">
    <System>
      <Provider Name="Microsoft-Windows-TerminalServices-RemoteConnectionManager" Guid="{c76baa63-ae81-421c-b425-340b4b24157f}" />
      <EventID>258</EventID>
      <Version>0</Version>
      <Level>4</Level>
      <Task>0</Task>
      <Opcode>0</Opcode>
      <Keywords>0x1000000000000000</Keywords>
      <TimeCreated SystemTime="2019-01-29T23:54:55.470334400Z" />
      <EventRecordID>133</EventRecordID>
      <Correlation ActivityID="{00000000-a244-0000-4476-246f79b8d401}" />
      <Execution ProcessID="1264" ThreadID="1276" />
      <Channel>Microsoft-Windows-TerminalServices-RemoteConnectionManager/Operational</Channel>
      <Computer>PC01.example.corp</Computer>
      <Security UserID="S-1-5-20" />
    </System>
    <UserData>
      <EventXML xmlns:auto-ns2="http://schemas.microsoft.com/win/2004/08/events" xmlns="Event_NS">
        <listenerName>RDP-Tcp</listenerName>
      </EventXML>
    </UserData>
  </Event>
  <Event xmlns="http://schemas.microsoft.com/win/2004/08/events/event">
    <System>
      <Provider Name="Microsoft-Windows-TerminalServices-RemoteConnectionManager" Guid="{c76baa63-ae81-421c-b425-340b4b24157f}" />
      <EventID>1136</EventID>
      <Version>0</Version>
      <Level>4</Level>
      <Task>0</Task>
      <Opcode>0</Opcode>
      <Keywords>0x1000000000000000</Keywords>
      <TimeCreated SystemTime="2019-01-29T23:54:55.621817600Z" />
      <EventRecordID>134</EventRecordID>
      <Correlation />
      <Execution ProcessID="980" ThreadID="1216" />
      <Channel>Microsoft-Windows-TerminalServices-RemoteConnectionManager/Operational</Channel>
      <Computer>PC01.example.corp</Computer>
      <Security UserID="S-1-5-18" />
    </System>
    <EventData>
    </EventData>
  </Event>
  <Event xmlns="http://schemas.microsoft.com/win/2004/08/events/event">
    <System>
      <Provider Name="Microsoft-Windows-TerminalServices-RemoteConnectionManager" Guid="{c76baa63-ae81-421c-b425-340b4b24157f}" />
      <EventID>261</EventID>
      <Version>0</Version>
      <Level>4</Level>
      <Task>0</Task>
      <Opcode>0</Opcode>
      <Keywords>0x1000000000000000</Keywords>
      <TimeCreated SystemTime="2019-01-29T23:56:17.851288300Z" />
      <EventRecordID>135</EventRecordID>
      <Correlation />
      <Execution ProcessID="1264" ThreadID="568" />
      <Channel>Microsoft-Windows-TerminalServices-RemoteConnectionManager/Operational</Channel>
      <Computer>PC01.example.corp</Computer>
      <Security UserID="S-1-5-20" />
    </System>
    <UserData>
      <EventXML xmlns:auto-ns2="http://schemas.microsoft.com/win/2004/08/events" xmlns="Event_NS">
        <listenerName>RDP-Tcp</listenerName>
      </EventXML>
    </UserData>
  </Event>
  <Event xmlns="http://schemas.microsoft.com/win/2004/08/events/event">
    <System>
      <Provider Name="Microsoft-Windows-TerminalServices-RemoteConnectionManager" Guid="{c76baa63-ae81-421c-b425-340b4b24157f}" />
      <EventID>261</EventID>
      <Version>0</Version>
      <Level>4</Level>
      <Task>0</Task>
      <Opcode>0</Opcode>
      <Keywords>0x1000000000000000</Keywords>
      <TimeCreated SystemTime="2019-01-29T23:57:54.299974700Z" />
      <EventRecordID>136</EventRecordID>
      <Correlation />
      <Execution ProcessID="1264" ThreadID="568" />
      <Channel>Microsoft-Windows-TerminalServices-RemoteConnectionManager/Operational</Channel>
      <Computer>PC01.example.corp</Computer>
      <Security UserID="S-1-5-20" />
    </System>
    <UserData>
      <EventXML xmlns:auto-ns2="http://schemas.microsoft.com/win/2004/08/events" xmlns="Event_NS">
        <listenerName>RDP-Tcp</listenerName>
      </EventXML>
    </UserData>
  </Event>
  <Event xmlns="http://schemas.microsoft.com/win/2004/08/events/event">
    <System>
      <Provider Name="Microsoft-Windows-TerminalServices-RemoteConnectionManager" Guid="{c76baa63-ae81-421c-b425-340b4b24157f}" />
      <EventID>1149</EventID>
      <Version>0</Version>
      <Level>4</Level>
      <Task>0</Task>
      <Opcode>0</Opcode>
      <Keywords>0x1000000000000000</Keywords>
      <TimeCreated SystemTime="2019-01-29T23:58:05.245713900Z" />
      <EventRecordID>137</EventRecordID>
      <Correlation />
      <Execution ProcessID="1264" ThreadID="3700" />
      <Channel>Microsoft-Windows-TerminalServices-RemoteConnectionManager/Operational</Channel>
      <Computer>PC01.example.corp</Computer>
      <Security UserID="S-1-5-20" />
    </System>
    <UserData>
      <EventXML xmlns:auto-ns2="http://schemas.microsoft.com/win/2004/08/events" xmlns="Event_NS">
        <Param1>admin01</Param1>
        <Param2>example</Param2>
        <Param3>10.0.2.15</Param3>
      </EventXML>
    </UserData>
  </Event>
  <Event xmlns="http://schemas.microsoft.com/win/2004/08/events/event">
    <System>
      <Provider Name="Microsoft-Windows-TerminalServices-RemoteConnectionManager" Guid="{c76baa63-ae81-421c-b425-340b4b24157f}" />
      <EventID>261</EventID>
      <Version>0</Version>
      <Level>4</Level>
      <Task>0</Task>
      <Opcode>0</Opcode>
      <Keywords>0x1000000000000000</Keywords>
      <TimeCreated SystemTime="2019-01-30T00:00:50.843832300Z" />
      <EventRecordID>138</EventRecordID>
      <Correlation />
      <Execution ProcessID="1264" ThreadID="568" />
      <Channel>Microsoft-Windows-TerminalServices-RemoteConnectionManager/Operational</Channel>
      <Computer>PC01.example.corp</Computer>
      <Security UserID="S-1-5-20" />
    </System>
    <UserData>
      <EventXML xmlns:auto-ns2="http://schemas.microsoft.com/win/2004/08/events" xmlns="Event_NS">
        <listenerName>RDP-Tcp</listenerName>
      </EventXML>
    </UserData>
  </Event>
  <Event xmlns="http://schemas.microsoft.com/win/2004/08/events/event">
    <System>
      <Provider Name="Microsoft-Windows-TerminalServices-RemoteConnectionManager" Guid="{c76baa63-ae81-421c-b425-340b4b24157f}" />
      <EventID>261</EventID>
      <Version>0</Version>
      <Level>4</Level>
      <Task>0</Task>
      <Opcode>0</Opcode>
      <Keywords>0x1000000000000000</Keywords>
      <TimeCreated SystemTime="2019-01-30T00:01:00.497713900Z" />
      <EventRecordID>139</EventRecordID>
      <Correlation />
      <Execution ProcessID="1264" ThreadID="568" />
      <Channel>Microsoft-Windows-TerminalServices-RemoteConnectionManager/Operational</Channel>
      <Computer>PC01.example.corp</Computer>
      <Security UserID="S-1-5-20" />
    </System>
    <UserData>
      <EventXML xmlns:auto-ns2="http://schemas.microsoft.com/win/2004/08/events" xmlns="Event_NS">
        <listenerName>RDP-Tcp</listenerName>
      </EventXML>
    </UserData>
  </Event>
  <Event xmlns="http://schemas.microsoft.com/win/2004/08/events/event">
    <System>
      <Provider Name="Microsoft-Windows-TerminalServices-RemoteConnectionManager" Guid="{c76baa63-ae81-421c-b425-340b4b24157f}" />
      <EventID>1149</EventID>
      <Version>0</Version>
      <Level>4</Level>
      <Task>0</Task>
      <Opcode>0</Opcode>
      <Keywords>0x1000000000000000</Keywords>
      <TimeCreated SystemTime="2019-01-30T00:01:00.547785900Z" />
      <EventRecordID>140</EventRecordID>
      <Correlation />
      <Execution ProcessID="1264" ThreadID="2444" />
      <Channel>Microsoft-Windows-TerminalServices-RemoteConnectionManager/Operational</Channel>
      <Computer>PC01.example.corp</Computer>
      <Security UserID="S-1-5-20" />
    </System>
    <UserData>
      <EventXML xmlns:auto-ns2="http://schemas.microsoft.com/win/2004/08/events" xmlns="Event_NS">
        <Param1>admin01</Param1>
        <Param2>example</Param2>
        <Param3>10.0.2.15</Param3>
      </EventXML>
    </UserData>
  </Event>
  <Event xmlns="http://schemas.microsoft.com/win/2004/08/events/event">
    <System>
      <Provider Name="Microsoft-Windows-TerminalServices-RemoteConnectionManager" Guid="{c76baa63-ae81-421c-b425-340b4b24157f}" />
      <EventID>1155</EventID>
      <Version>0</Version>
      <Level>4</Level>
      <Task>0</Task>
      <Opcode>0</Opcode>
      <Keywords>0x1000000000000000</Keywords>
      <TimeCreated SystemTime="2019-02-01T10:26:57.663112000Z" />
      <EventRecordID>141</EventRecordID>
      <Correlation ActivityID="{2452f842-83f2-481d-95dd-6c9e72443d9f}" />
      <Execution ProcessID="1268" ThreadID="1640" />
      <Channel>Microsoft-Windows-TerminalServices-RemoteConnectionManager/Operational</Channel>
      <Computer>PC01.example.corp</Computer>
      <Security UserID="S-1-5-20" />
    </System>
    <EventData>
    </EventData>
  </Event>
  <Event xmlns="http://schemas.microsoft.com/win/2004/08/events/event">
    <System>
      <Provider Name="Microsoft-Windows-TerminalServices-RemoteConnectionManager" Guid="{c76baa63-ae81-421c-b425-340b4b24157f}" />
      <EventID>258</EventID>
      <Version>0</Version>
      <Level>4</Level>
      <Task>0</Task>
      <Opcode>0</Opcode>
      <Keywords>0x1000000000000000</Keywords>
      <TimeCreated SystemTime="2019-02-01T10:26:58.696408000Z" />
      <EventRecordID>142</EventRecordID>
      <Correlation ActivityID="{00000000-8244-0000-246b-a80e64bad401}" />
      <Execution ProcessID="1268" ThreadID="1284" />
      <Channel>Microsoft-Windows-TerminalServices-RemoteConnectionManager/Operational</Channel>
      <Computer>PC01.example.corp</Computer>
      <Security UserID="S-1-5-20" />
    </System>
    <UserData>
      <EventXML xmlns:auto-ns2="http://schemas.microsoft.com/win/2004/08/events" xmlns="Event_NS">
        <listenerName>RDP-Tcp</listenerName>
      </EventXML>
    </UserData>
  </Event>
  <Event xmlns="http://schemas.microsoft.com/win/2004/08/events/event">
    <System>
      <Provider Name="Microsoft-Windows-TerminalServices-RemoteConnectionManager" Guid="{c76baa63-ae81-421c-b425-340b4b24157f}" />
      <EventID>1136</EventID>
      <Version>0</Version>
      <Level>4</Level>
      <Task>0</Task>
      <Opcode>0</Opcode>
      <Keywords>0x1000000000000000</Keywords>
      <TimeCreated SystemTime="2019-02-01T10:26:59.284283200Z" />
      <EventRecordID>143</EventRecordID>
      <Correlation />
      <Execution ProcessID="976" ThreadID="1484" />
      <Channel>Microsoft-Windows-TerminalServices-RemoteConnectionManager/Operational</Channel>
      <Computer>PC01.example.corp</Computer>
      <Security UserID="S-1-5-18" />
    </System>
    <EventData>
    </EventData>
  </Event>
  <Event xmlns="http://schemas.microsoft.com/win/2004/08/events/event">
    <System>
      <Provider Name="Microsoft-Windows-TerminalServices-RemoteConnectionManager" Guid="{c76baa63-ae81-421c-b425-340b4b24157f}" />
      <EventID>1155</EventID>
      <Version>0</Version>
      <Level>4</Level>
      <Task>0</Task>
      <Opcode>0</Opcode>
      <Keywords>0x1000000000000000</Keywords>
      <TimeCreated SystemTime="2019-02-02T16:12:53.471403200Z" />
      <EventRecordID>144</EventRecordID>
      <Correlation ActivityID="{0ee55ae6-a616-4a57-9aa2-dd24cd07bfec}" />
      <Execution ProcessID="1300" ThreadID="1540" />
      <Channel>Microsoft-Windows-TerminalServices-RemoteConnectionManager/Operational</Channel>
      <Computer>PC01.example.corp</Computer>
      <Security UserID="S-1-5-20" />
    </System>
    <EventData>
    </EventData>
  </Event>
  <Event xmlns="http://schemas.microsoft.com/win/2004/08/events/event">
    <System>
      <Provider Name="Microsoft-Windows-TerminalServices-RemoteConnectionManager" Guid="{c76baa63-ae81-421c-b425-340b4b24157f}" />
      <EventID>258</EventID>
      <Version>0</Version>
      <Level>4</Level>
      <Task>0</Task>
      <Opcode>0</Opcode>
      <Keywords>0x1000000000000000</Keywords>
      <TimeCreated SystemTime="2019-02-02T16:12:54.933417600Z" />
      <EventRecordID>145</EventRecordID>
      <Correlation ActivityID="{00000000-1244-0000-24d8-e1815dbbd401}" />
      <Execution ProcessID="1300" ThreadID="1540" />
      <Channel>Microsoft-Windows-TerminalServices-RemoteConnectionManager/Operational</Channel>
      <Computer>PC01.example.corp</Computer>
      <Security UserID="S-1-5-20" />
    </System>
    <UserData>
      <EventXML xmlns:auto-ns2="http://schemas.microsoft.com/win/2004/08/events" xmlns="Event_NS">
        <listenerName>RDP-Tcp</listenerName>
      </EventXML>
    </UserData>
  </Event>
  <Event xmlns="http://schemas.microsoft.com/win/2004/08/events/event">
    <System>
      <Provider Name="Microsoft-Windows-TerminalServices-RemoteConnectionManager" Guid="{c76baa63-ae81-421c-b425-340b4b24157f}" />
      <EventID>1136</EventID>
      <Version>0</Version>
      <Level>4</Level>
      <Task>0</Task>
      <Opcode>0</Opcode>
      <Keywords>0x1000000000000000</Keywords>
      <TimeCreated SystemTime="2019-02-02T16:12:56.285361600Z" />
      <EventRecordID>146</EventRecordID>
      <Correlation />
      <Execution ProcessID="1028" ThreadID="1484" />
      <Channel>Microsoft-Windows-TerminalServices-RemoteConnectionManager/Operational</Channel>
      <Computer>PC01.example.corp</Computer>
      <Security UserID="S-1-5-18" />
    </System>
    <EventData>
    </EventData>
  </Event>
  <Event xmlns="http://schemas.microsoft.com/win/2004/08/events/event">
    <System>
      <Provider Name="Microsoft-Windows-TerminalServices-RemoteConnectionManager" Guid="{c76baa63-ae81-421c-b425-340b4b24157f}" />
      <EventID>1155</EventID>
      <Version>0</Version>
      <Level>4</Level>
      <Task>0</Task>
      <Opcode>0</Opcode>
      <Keywords>0x1000000000000000</Keywords>
      <TimeCreated SystemTime="2019-02-02T17:16:10.753070400Z" />
      <EventRecordID>147</EventRecordID>
      <Correlation ActivityID="{2ea3ef14-0c88-4625-8cee-e41ea37d6647}" />
      <Execution ProcessID="1296" ThreadID="1548" />
      <Channel>Microsoft-Windows-TerminalServices-RemoteConnectionManager/Operational</Channel>
      <Computer>PC01.example.corp</Computer>
      <Security UserID="S-1-5-20" />
    </System>
    <EventData>
    </EventData>
  </Event>
  <Event xmlns="http://schemas.microsoft.com/win/2004/08/events/event">
    <System>
      <Provider Name="Microsoft-Windows-TerminalServices-RemoteConnectionManager" Guid="{c76baa63-ae81-421c-b425-340b4b24157f}" />
      <EventID>258</EventID>
      <Version>0</Version>
      <Level>4</Level>
      <Task>0</Task>
      <Opcode>0</Opcode>
      <Keywords>0x1000000000000000</Keywords>
      <TimeCreated SystemTime="2019-02-02T17:16:12.196604800Z" />
      <EventRecordID>148</EventRecordID>
      <Correlation ActivityID="{00000000-4244-0000-540f-a25f66bbd401}" />
      <Execution ProcessID="1296" ThreadID="1316" />
      <Channel>Microsoft-Windows-TerminalServices-RemoteConnectionManager/Operational</Channel>
      <Computer>PC01.example.corp</Computer>
      <Security UserID="S-1-5-20" />
    </System>
    <UserData>
      <EventXML xmlns:auto-ns2="http://schemas.microsoft.com/win/2004/08/events" xmlns="Event_NS">
        <listenerName>RDP-Tcp</listenerName>
      </EventXML>
    </UserData>
  </Event>
  <Event xmlns="http://schemas.microsoft.com/win/2004/08/events/event">
    <System>
      <Provider Name="Microsoft-Windows-TerminalServices-RemoteConnectionManager" Guid="{c76baa63-ae81-421c-b425-340b4b24157f}" />
      <EventID>1136</EventID>
      <Version>0</Version>
      <Level>4</Level>
      <Task>0</Task>
      <Opcode>0</Opcode>
      <Keywords>0x1000000000000000</Keywords>
      <TimeCreated SystemTime="2019-02-02T17:16:13.818937600Z" />
      <EventRecordID>149</EventRecordID>
      <Correlation />
      <Execution ProcessID="1008" ThreadID="2136" />
      <Channel>Microsoft-Windows-TerminalServices-RemoteConnectionManager/Operational</Channel>
      <Computer>PC01.example.corp</Computer>
      <Security UserID="S-1-5-18" />
    </System>
    <EventData>
    </EventData>
  </Event>
  <Event xmlns="http://schemas.microsoft.com/win/2004/08/events/event">
    <System>
      <Provider Name="Microsoft-Windows-TerminalServices-RemoteConnectionManager" Guid="{c76baa63-ae81-421c-b425-340b4b24157f}" />
      <EventID>1155</EventID>
      <Version>0</Version>
      <Level>4</Level>
      <Task>0</Task>
      <Opcode>0</Opcode>
      <Keywords>0x1000000000000000</Keywords>
      <TimeCreated SystemTime="2019-02-02T20:25:38.398097600Z" />
      <EventRecordID>150</EventRecordID>
      <Correlation ActivityID="{9bf42a88-1d36-4252-9c57-ebdeba80963b}" />
      <Execution ProcessID="1292" ThreadID="1556" />
      <Channel>Microsoft-Windows-TerminalServices-RemoteConnectionManager/Operational</Channel>
      <Computer>PC01.example.corp</Computer>
      <Security UserID="S-1-5-20" />
    </System>
    <EventData>
    </EventData>
  </Event>
  <Event xmlns="http://schemas.microsoft.com/win/2004/08/events/event">
    <System>
      <Provider Name="Microsoft-Windows-TerminalServices-RemoteConnectionManager" Guid="{c76baa63-ae81-421c-b425-340b4b24157f}" />
      <EventID>258</EventID>
      <Version>0</Version>
      <Level>4</Level>
      <Task>0</Task>
      <Opcode>0</Opcode>
      <Keywords>0x1000000000000000</Keywords>
      <TimeCreated SystemTime="2019-02-02T20:25:39.673112000Z" />
      <EventRecordID>151</EventRecordID>
      <Correlation ActivityID="{00000000-e244-0000-24ac-7bd780bbd401}" />
      <Execution ProcessID="1292" ThreadID="1556" />
      <Channel>Microsoft-Windows-TerminalServices-RemoteConnectionManager/Operational</Channel>
      <Computer>PC01.example.corp</Computer>
      <Security UserID="S-1-5-20" />
    </System>
    <UserData>
      <EventXML xmlns:auto-ns2="http://schemas.microsoft.com/win/2004/08/events" xmlns="Event_NS">
        <listenerName>RDP-Tcp</listenerName>
      </EventXML>
    </UserData>
  </Event>
  <Event xmlns="http://schemas.microsoft.com/win/2004/08/events/event">
    <System>
      <Provider Name="Microsoft-Windows-TerminalServices-RemoteConnectionManager" Guid="{c76baa63-ae81-421c-b425-340b4b24157f}" />
      <EventID>1136</EventID>
      <Version>0</Version>
      <Level>4</Level>
      <Task>0</Task>
      <Opcode>0</Opcode>
      <Keywords>0x1000000000000000</Keywords>
      <TimeCreated SystemTime="2019-02-02T20:25:41.495732800Z" />
      <EventRecordID>152</EventRecordID>
      <Correlation />
      <Execution ProcessID="1016" ThreadID="2112" />
      <Channel>Microsoft-Windows-TerminalServices-RemoteConnectionManager/Operational</Channel>
      <Computer>PC01.example.corp</Computer>
      <Security UserID="S-1-5-18" />
    </System>
    <EventData>
    </EventData>
  </Event>
  <Event xmlns="http://schemas.microsoft.com/win/2004/08/events/event">
    <System>
      <Provider Name="Microsoft-Windows-TerminalServices-RemoteConnectionManager" Guid="{c76baa63-ae81-421c-b425-340b4b24157f}" />
      <EventID>1155</EventID>
      <Version>0</Version>
      <Level>4</Level>
      <Task>0</Task>
      <Opcode>0</Opcode>
      <Keywords>0x1000000000000000</Keywords>
      <TimeCreated SystemTime="2019-02-02T21:28:12.359316800Z" />
      <EventRecordID>153</EventRecordID>
      <Correlation ActivityID="{586231b5-1017-4190-a40d-75dee0f94595}" />
      <Execution ProcessID="1300" ThreadID="1328" />
      <Channel>Microsoft-Windows-TerminalServices-RemoteConnectionManager/Operational</Channel>
      <Computer>PC01.example.corp</Computer>
      <Security UserID="S-1-5-20" />
    </System>
    <EventData>
    </EventData>
  </Event>
  <Event xmlns="http://schemas.microsoft.com/win/2004/08/events/event">
    <System>
      <Provider Name="Microsoft-Windows-TerminalServices-RemoteConnectionManager" Guid="{c76baa63-ae81-421c-b425-340b4b24157f}" />
      <EventID>258</EventID>
      <Version>0</Version>
      <Level>4</Level>
      <Task>0</Task>
      <Opcode>0</Opcode>
      <Keywords>0x1000000000000000</Keywords>
      <TimeCreated SystemTime="2019-02-02T21:28:14.008718400Z" />
      <EventRecordID>154</EventRecordID>
      <Correlation ActivityID="{00000000-4244-0000-249d-0a9589bbd401}" />
      <Execution ProcessID="1300" ThreadID="1324" />
      <Channel>Microsoft-Windows-TerminalServices-RemoteConnectionManager/Operational</Channel>
      <Computer>PC01.example.corp</Computer>
      <Security UserID="S-1-5-20" />
    </System>
    <UserData>
      <EventXML xmlns:auto-ns2="http://schemas.microsoft.com/win/2004/08/events" xmlns="Event_NS">
        <listenerName>RDP-Tcp</listenerName>
      </EventXML>
    </UserData>
  </Event>
  <Event xmlns="http://schemas.microsoft.com/win/2004/08/events/event">
    <System>
      <Provider Name="Microsoft-Windows-TerminalServices-RemoteConnectionManager" Guid="{c76baa63-ae81-421c-b425-340b4b24157f}" />
      <EventID>1136</EventID>
      <Version>0</Version>
      <Level>4</Level>
      <Task>0</Task>
      <Opcode>0</Opcode>
      <Keywords>0x1000000000000000</Keywords>
      <TimeCreated SystemTime="2019-02-02T21:28:15.621036800Z" />
      <EventRecordID>155</EventRecordID>
      <Correlation />
      <Execution ProcessID="1032" ThreadID="2076" />
      <Channel>Microsoft-Windows-TerminalServices-RemoteConnectionManager/Operational</Channel>
      <Computer>PC01.example.corp</Computer>
      <Security UserID="S-1-5-18" />
    </System>
    <EventData>
    </EventData>
  </Event>
  <Event xmlns="http://schemas.microsoft.com/win/2004/08/events/event">
    <System>
      <Provider Name="Microsoft-Windows-TerminalServices-RemoteConnectionManager" Guid="{c76baa63-ae81-421c-b425-340b4b24157f}" />
      <EventID>1155</EventID>
      <Version>0</Version>
      <Level>4</Level>
      <Task>0</Task>
      <Opcode>0</Opcode>
      <Keywords>0x1000000000000000</Keywords>
      <TimeCreated SystemTime="2019-02-02T22:35:13.949436800Z" />
      <EventRecordID>156</EventRecordID>
      <Correlation ActivityID="{789532e0-9bc5-45e1-97f5-a1d38478b589}" />
      <Execution ProcessID="1316" ThreadID="1696" />
      <Channel>Microsoft-Windows-TerminalServices-RemoteConnectionManager/Operational</Channel>
      <Computer>PC01.example.corp</Computer>
      <Security UserID="S-1-5-20" />
    </System>
    <EventData>
    </EventData>
  </Event>
  <Event xmlns="http://schemas.microsoft.com/win/2004/08/events/event">
    <System>
      <Provider Name="Microsoft-Windows-TerminalServices-RemoteConnectionManager" Guid="{c76baa63-ae81-421c-b425-340b4b24157f}" />
      <EventID>258</EventID>
      <Version>0</Version>
      <Level>4</Level>
      <Task>0</Task>
      <Opcode>0</Opcode>
      <Keywords>0x1000000000000000</Keywords>
      <TimeCreated SystemTime="2019-02-02T22:35:15.576292800Z" />
      <EventRecordID>157</EventRecordID>
      <Correlation ActivityID="{00000000-9244-0000-a458-8df092bbd401}" />
      <Execution ProcessID="1316" ThreadID="1696" />
      <Channel>Microsoft-Windows-TerminalServices-RemoteConnectionManager/Operational</Channel>
      <Computer>PC01.example.corp</Computer>
      <Security UserID="S-1-5-20" />
    </System>
    <UserData>
      <EventXML xmlns:auto-ns2="http://schemas.microsoft.com/win/2004/08/events" xmlns="Event_NS">
        <listenerName>RDP-Tcp</listenerName>
      </EventXML>
    </UserData>
  </Event>
  <Event xmlns="http://schemas.microsoft.com/win/2004/08/events/event">
    <System>
      <Provider Name="Microsoft-Windows-TerminalServices-RemoteConnectionManager" Guid="{c76baa63-ae81-421c-b425-340b4b24157f}" />
      <EventID>1136</EventID>
      <Version>0</Version>
      <Level>4</Level>
      <Task>0</Task>
      <Opcode>0</Opcode>
      <Keywords>0x1000000000000000</Keywords>
      <TimeCreated SystemTime="2019-02-02T22:35:28.314609600Z" />
      <EventRecordID>158</EventRecordID>
      <Correlation />
      <Execution ProcessID="1020" ThreadID="2400" />
      <Channel>Microsoft-Windows-TerminalServices-RemoteConnectionManager/Operational</Channel>
      <Computer>PC01.example.corp</Computer>
      <Security UserID="S-1-5-18" />
    </System>
    <EventData>
    </EventData>
  </Event>
  <Event xmlns="http://schemas.microsoft.com/win/2004/08/events/event">
    <System>
      <Provider Name="Microsoft-Windows-TerminalServices-RemoteConnectionManager" Guid="{c76baa63-ae81-421c-b425-340b4b24157f}" />
      <EventID>261</EventID>
      <Version>0</Version>
      <Level>4</Level>
      <Task>0</Task>
      <Opcode>0</Opcode>
      <Keywords>0x1000000000000000</Keywords>
      <TimeCreated SystemTime="2019-02-02T22:39:00.497213800Z" />
      <EventRecordID>159</EventRecordID>
      <Correlation />
      <Execution ProcessID="1316" ThreadID="1544" />
      <Channel>Microsoft-Windows-TerminalServices-RemoteConnectionManager/Operational</Channel>
      <Computer>PC01.example.corp</Computer>
      <Security UserID="S-1-5-20" />
    </System>
    <UserData>
      <EventXML xmlns:auto-ns2="http://schemas.microsoft.com/win/2004/08/events" xmlns="Event_NS">
        <listenerName>RDP-Tcp</listenerName>
      </EventXML>
    </UserData>
  </Event>
  <Event xmlns="http://schemas.microsoft.com/win/2004/08/events/event">
    <System>
      <Provider Name="Microsoft-Windows-TerminalServices-RemoteConnectionManager" Guid="{c76baa63-ae81-421c-b425-340b4b24157f}" />
      <EventID>261</EventID>
      <Version>0</Version>
      <Level>4</Level>
      <Task>0</Task>
      <Opcode>0</Opcode>
      <Keywords>0x1000000000000000</Keywords>
      <TimeCreated SystemTime="2019-02-02T22:39:42.597751400Z" />
      <EventRecordID>160</EventRecordID>
      <Correlation />
      <Execution ProcessID="1316" ThreadID="1544" />
      <Channel>Microsoft-Windows-TerminalServices-RemoteConnectionManager/Operational</Channel>
      <Computer>PC01.example.corp</Computer>
      <Security UserID="S-1-5-20" />
    </System>
    <UserData>
      <EventXML xmlns:auto-ns2="http://schemas.microsoft.com/win/2004/08/events" xmlns="Event_NS">
        <listenerName>RDP-Tcp</listenerName>
      </EventXML>
    </UserData>
  </Event>
  <Event xmlns="http://schemas.microsoft.com/win/2004/08/events/event">
    <System>
      <Provider Name="Microsoft-Windows-TerminalServices-RemoteConnectionManager" Guid="{c76baa63-ae81-421c-b425-340b4b24157f}" />
      <EventID>1149</EventID>
      <Version>0</Version>
      <Level>4</Level>
      <Task>0</Task>
      <Opcode>0</Opcode>
      <Keywords>0x1000000000000000</Keywords>
      <TimeCreated SystemTime="2019-02-02T22:40:13.572290600Z" />
      <EventRecordID>161</EventRecordID>
      <Correlation />
      <Execution ProcessID="1316" ThreadID="2688" />
      <Channel>Microsoft-Windows-TerminalServices-RemoteConnectionManager/Operational</Channel>
      <Computer>PC01.example.corp</Computer>
      <Security UserID="S-1-5-20" />
    </System>
    <UserData>
      <EventXML xmlns:auto-ns2="http://schemas.microsoft.com/win/2004/08/events" xmlns="Event_NS">
        <Param1>admin01</Param1>
        <Param2>example</Param2>
        <Param3>10.0.2.15</Param3>
      </EventXML>
    </UserData>
  </Event>
  