<Event xmlns="http://schemas.microsoft.com/win/2004/08/events/event">
    <System>
      <Provider Name="Microsoft-Windows-TerminalServices-RemoteConnectionManager" Guid="{c76baa63-ae81-421c-b425-340b4b24157f}" />
      <EventID>258</EventID>
      <Version>0</Version>
      <Level>4</Level>
      <Task>0</Task>
      <Opcode>0</Opcode>
      <Keywords>0x1000000000000000</Keywords>
      <TimeCreated SystemTime="2019-02-13T14:05:44.336827200Z" />
      <EventRecordID>215</EventRecordID>
      <Correlation ActivityID="{00000000-3244-0000-94a9-7e9cf0c3d401}" />
      <Execution ProcessID="1292" ThreadID="1612" />
      <Channel>Microsoft-Windows-TerminalServices-RemoteConnectionManager/Operational</Channel>
      <Computer>PC01.example.corp</Computer>
      <Security UserID="S-1-5-20" />
    </System>
    <UserData>
      <EventXML xmlns:auto-ns2="http://schemas.microsoft.com/win/2004/08/events" xmlns="Event_NS">
        <listenerName>RDP-Tcp</listenerName>
      </EventXML>
    </UserData>
  </Event>
  <Event xmlns="http://schemas.microsoft.com/win/2004/08/events/event">
    <System>
      <Provider Name="Microsoft-Windows-TerminalServices-RemoteConnectionManager" Guid="{c76baa63-ae81-421c-b425-340b4b24157f}" />
      <EventID>1136</EventID>
      <Version>0</Version>
      <Level>4</Level>
      <Task>0</Task>
      <Opcode>0</Opcode>
      <Keywords>0x1000000000000000</Keywords>
      <TimeCreated SystemTime="2019-02-13T14:05:45.553708800Z" />
      <EventRecordID>216</EventRecordID>
      <Correlation />
      <Execution ProcessID="1020" ThreadID="2176" />
      <Channel>Microsoft-Windows-TerminalServices-RemoteConnectionManager/Operational</Channel>
      <Computer>PC01.example.corp</Computer>
      <Security UserID="S-1-5-18" />
    </System>
    <EventData>
    </EventData>
  </Event>
  <Event xmlns="http://schemas.microsoft.com/win/2004/08/events/event">
    <System>
      <Provider Name="Microsoft-Windows-TerminalServices-RemoteConnectionManager" Guid="{c76baa63-ae81-421c-b425-340b4b24157f}" />
      <EventID>1155</EventID>
      <Version>0</Version>
      <Level>4</Level>
      <Task>0</Task>
      <Opcode>0</Opcode>
      <Keywords>0x1000000000000000</Keywords>
      <TimeCreated SystemTime="2019-02-13T15:15:14.054340800Z" />
      <EventRecordID>217</EventRecordID>
      <Correlation ActivityID="{41f16504-c36e-41d5-8fbf-4defc32d1d0e}" />
      <Execution ProcessID="1312" ThreadID="1840" />
      <Channel>Microsoft-Windows-TerminalServices-RemoteConnectionManager/Operational</Channel>
      <Computer>PC01.example.corp</Computer>
      <Security UserID="S-1-5-20" />
    </System>
    <EventData>
    </EventData>
  </Event>
  <Event xmlns="http://schemas.microsoft.com/win/2004/08/events/event">
    <System>
      <Provider Name="Microsoft-Windows-TerminalServices-RemoteConnectionManager" Guid="{c76baa63-ae81-421c-b425-340b4b24157f}" />
      <EventID>258</EventID>
      <Version>0</Version>
      <Level>4</Level>
      <Task>0</Task>
      <Opcode>0</Opcode>
      <Keywords>0x1000000000000000</Keywords>
      <TimeCreated SystemTime="2019-02-13T15:15:14.846868800Z" />
      <EventRecordID>218</EventRecordID>
      <Correlation ActivityID="{00000000-f244-0000-44ee-3950fac3d401}" />
      <Execution ProcessID="1312" ThreadID="1840" />
      <Channel>Microsoft-Windows-TerminalServices-RemoteConnectionManager/Operational</Channel>
      <Computer>PC01.example.corp</Computer>
      <Security UserID="S-1-5-20" />
    </System>
    <UserData>
      <EventXML xmlns:auto-ns2="http://schemas.microsoft.com/win/2004/08/events" xmlns="Event_NS">
        <listenerName>RDP-Tcp</listenerName>
      </EventXML>
    </UserData>
  </Event>
  <Event xmlns="http://schemas.microsoft.com/win/2004/08/events/event">
    <System>
      <Provider Name="Microsoft-Windows-TerminalServices-RemoteConnectionManager" Guid="{c76baa63-ae81-421c-b425-340b4b24157f}" />
      <EventID>1136</EventID>
      <Version>0</Version>
      <Level>4</Level>
      <Task>0</Task>
      <Opcode>0</Opcode>
      <Keywords>0x1000000000000000</Keywords>
      <TimeCreated SystemTime="2019-02-13T15:15:16.973652800Z" />
      <EventRecordID>219</EventRecordID>
      <Correlation />
      <Execution ProcessID="1028" ThreadID="2116" />
      <Channel>Microsoft-Windows-TerminalServices-RemoteConnectionManager/Operational</Channel>
      <Computer>PC01.example.corp</Computer>
      <Security UserID="S-1-5-18" />
    </System>
    <EventData>
    </EventData>
  </Event>
  <Event xmlns="http://schemas.microsoft.com/win/2004/08/events/event">
    <System>
      <Provider Name="Microsoft-Windows-TerminalServices-RemoteConnectionManager" Guid="{c76baa63-ae81-421c-b425-340b4b24157f}" />
      <EventID>1155</EventID>
      <Version>0</Version>
      <Level>4</Level>
      <Task>0</Task>
      <Opcode>0</Opcode>
      <Keywords>0x1000000000000000</Keywords>
      <TimeCreated SystemTime="2019-02-13T17:18:28.040385600Z" />
      <EventRecordID>220</EventRecordID>
      <Correlation ActivityID="{8f0c0c22-a5aa-4f83-b10f-0880ab96471f}" />
      <Execution ProcessID="1280" ThreadID="1548" />
      <Channel>Microsoft-Windows-TerminalServices-RemoteConnectionManager/Operational</Channel>
      <Computer>PC01.example.corp</Computer>
      <Security UserID="S-1-5-20" />
    </System>
    <EventData>
    </EventData>
  </Event>
  <Event xmlns="http://schemas.microsoft.com/win/2004/08/events/event">
    <System>
      <Provider Name="Microsoft-Windows-TerminalServices-RemoteConnectionManager" Guid="{c76baa63-ae81-421c-b425-340b4b24157f}" />
      <EventID>258</EventID>
      <Version>0</Version>
      <Level>4</Level>
      <Task>0</Task>
      <Opcode>0</Opcode>
      <Keywords>0x1000000000000000</Keywords>
      <TimeCreated SystemTime="2019-02-13T17:18:30.771694400Z" />
      <EventRecordID>221</EventRecordID>
      <Correlation ActivityID="{00000000-0244-0000-c48e-2e890bc4d401}" />
      <Execution ProcessID="1280" ThreadID="1548" />
      <Channel>Microsoft-Windows-TerminalServices-RemoteConnectionManager/Operational</Channel>
      <Computer>PC01.example.corp</Computer>
      <Security UserID="S-1-5-20" />
    </System>
    <UserData>
      <EventXML xmlns:auto-ns2="http://schemas.microsoft.com/win/2004/08/events" xmlns="Event_NS">
        <listenerName>RDP-Tcp</listenerName>
      </EventXML>
    </UserData>
  </Event>
  <Event xmlns="http://schemas.microsoft.com/win/2004/08/events/event">
    <System>
      <Provider Name="Microsoft-Windows-TerminalServices-RemoteConnectionManager" Guid="{c76baa63-ae81-421c-b425-340b4b24157f}" />
      <EventID>1136</EventID>
      <Version>0</Version>
      <Level>4</Level>
      <Task>0</Task>
      <Opcode>0</Opcode>
      <Keywords>0x1000000000000000</Keywords>
      <TimeCreated SystemTime="2019-02-13T17:18:41.657347200Z" />
      <EventRecordID>222</EventRecordID>
      <Correlation />
      <Execution ProcessID="1008" ThreadID="2440" />
      <Channel>Microsoft-Windows-TerminalServices-RemoteConnectionManager/Operational</Channel>
      <Computer>PC01.example.corp</Computer>
      <Security UserID="S-1-5-18" />
    </System>
    <EventData>
    </EventData>
  </Event>
  <Event xmlns="http://schemas.microsoft.com/win/2004/08/events/event">
    <System>
      <Provider Name="Microsoft-Windows-TerminalServices-RemoteConnectionManager" Guid="{c76baa63-ae81-421c-b425-340b4b24157f}" />
      <EventID>261</EventID>
      <Version>0</Version>
      <Level>4</Level>
      <Task>0</Task>
      <Opcode>0</Opcode>
      <Keywords>0x1000000000000000</Keywords>
      <TimeCreated SystemTime="2019-02-13T17:50:15.741019800Z" />
      <EventRecordID>223</EventRecordID>
      <Correlation />
      <Execution ProcessID="1280" ThreadID="1876" />
      <Channel>Microsoft-Windows-TerminalServices-RemoteConnectionManager/Operational</Channel>
      <Computer>PC01.example.corp</Computer>
      <Security UserID="S-1-5-20" />
    </System>
    <UserData>
      <EventXML xmlns:auto-ns2="http://schemas.microsoft.com/win/2004/08/events" xmlns="Event_NS">
        <listenerName>RDP-Tcp</listenerName>
      </EventXML>
    </UserData>
  </Event>
  <Event xmlns="http://schemas.microsoft.com/win/2004/08/events/event">
    <System>
      <Provider Name="Microsoft-Windows-TerminalServices-RemoteConnectionManager" Guid="{c76baa63-ae81-421c-b425-340b4b24157f}" />
      <EventID>261</EventID>
      <Version>0</Version>
      <Level>4</Level>
      <Task>0</Task>
      <Opcode>0</Opcode>
      <Keywords>0x1000000000000000</Keywords>
      <TimeCreated SystemTime="2019-02-13T17:50:55.608346200Z" />
      <EventRecordID>224</EventRecordID>
      <Correlation />
      <Execution ProcessID="1280" ThreadID="1876" />
      <Channel>Microsoft-Windows-TerminalServices-RemoteConnectionManager/Operational</Channel>
      <Computer>PC01.example.corp</Computer>
      <Security UserID="S-1-5-20" />
    </System>
    <UserData>
      <EventXML xmlns:auto-ns2="http://schemas.microsoft.com/win/2004/08/events" xmlns="Event_NS">
        <listenerName>RDP-Tcp</listenerName>
      </EventXML>
    </UserData>
  </Event>
  <Event xmlns="http://schemas.microsoft.com/win/2004/08/events/event">
    <System>
      <Provider Name="Microsoft-Windows-TerminalServices-RemoteConnectionManager" Guid="{c76baa63-ae81-421c-b425-340b4b24157f}" />
      <EventID>1149</EventID>
      <Version>0</Version>
      <Level>4</Level>
      <Task>0</Task>
      <Opcode>0</Opcode>
      <Keywords>0x1000000000000000</Keywords>
      <TimeCreated SystemTime="2019-02-13T17:51:19.943338200Z" />
      <EventRecordID>225</EventRecordID>
      <Correlation />
      <Execution ProcessID="1280" ThreadID="2332" />
      <Channel>Microsoft-Windows-TerminalServices-RemoteConnectionManager/Operational</Channel>
      <Computer>PC01.example.corp</Computer>
      <Security UserID="S-1-5-20" />
    </System>
    <UserData>
      <EventXML xmlns:auto-ns2="http://schemas.microsoft.com/win/2004/08/events" xmlns="Event_NS">
        <Param1>admin01</Param1>
        <Param2>example</Param2>
        <Param3>fe80::80ac:4126:fa58:1b81%10</Param3>
      </EventXML>
    </UserData>
  </Event>
  <Event xmlns="http://schemas.microsoft.com/win/2004/08/events/event">
    <System>
      <Provider Name="Microsoft-Windows-TerminalServices-RemoteConnectionManager" Guid="{c76baa63-ae81-421c-b425-340b4b24157f}" />
      <EventID>261</EventID>
      <Version>0</Version>
      <Level>4</Level>
      <Task>0</Task>
      <Opcode>0</Opcode>
      <Keywords>0x1000000000000000</Keywords>
      <TimeCreated SystemTime="2019-02-13T18:04:01.632120800Z" />
      <EventRecordID>226</EventRecordID>
      <Correlation />
      <Execution ProcessID="1280" ThreadID="1876" />
      <Channel>Microsoft-Windows-TerminalServices-RemoteConnectionManager/Operational</Channel>
      <Computer>PC01.example.corp</Computer>
      <Security UserID="S-1-5-20" />
    </System>
    <UserData>
      <EventXML xmlns:auto-ns2="http://schemas.microsoft.com/win/2004/08/events" xmlns="Event_NS">
        <listenerName>RDP-Tcp</listenerName>
      </EventXML>
    </UserData>
  </Event>
  <Event xmlns="http://schemas.microsoft.com/win/2004/08/events/event">
    <System>
      <Provider Name="Microsoft-Windows-TerminalServices-RemoteConnectionManager" Guid="{c76baa63-ae81-421c-b425-340b4b24157f}" />
      <EventID>261</EventID>
      <Version>0</Version>
      <Level>4</Level>
      <Task>0</Task>
      <Opcode>0</Opcode>
      <Keywords>0x1000000000000000</Keywords>
      <TimeCreated SystemTime="2019-02-13T18:04:45.905783200Z" />
      <EventRecordID>227</EventRecordID>
      <Correlation />
      <Execution ProcessID="1280" ThreadID="1876" />
      <Channel>Microsoft-Windows-TerminalServices-RemoteConnectionManager/Operational</Channel>
      <Computer>PC01.example.corp</Computer>
      <Security UserID="S-1-5-20" />
    </System>
    <UserData>
      <EventXML xmlns:auto-ns2="http://schemas.microsoft.com/win/2004/08/events" xmlns="Event_NS">
        <listenerName>RDP-Tcp</listenerName>
      </EventXML>
    </UserData>
  </Event>
  <Event xmlns="http://schemas.microsoft.com/win/2004/08/events/event">
    <System>
      <Provider Name="Microsoft-Windows-TerminalServices-RemoteConnectionManager" Guid="{c76baa63-ae81-421c-b425-340b4b24157f}" />
      <EventID>1149</EventID>
      <Version>0</Version>
      <Level>4</Level>
      <Task>0</Task>
      <Opcode>0</Opcode>
      <Keywords>0x1000000000000000</Keywords>
      <TimeCreated SystemTime="2019-02-13T18:04:57.452386400Z" />
      <EventRecordID>228</EventRecordID>
      <Correlation />
      <Execution ProcessID="1280" ThreadID="2748" />
      <Channel>Microsoft-Windows-TerminalServices-RemoteConnectionManager/Operational</Channel>
      <Computer>PC01.example.corp</Computer>
      <Security UserID="S-1-5-20" />
    </System>
    <UserData>
      <EventXML xmlns:auto-ns2="http://schemas.microsoft.com/win/2004/08/events" xmlns="Event_NS">
        <Param1>admin01</Param1>
        <Param2>example</Param2>
        <Param3>127.0.0.1</Param3>
      </EventXML>
    </UserData>
  </Event>
</root>