<Event xmlns="http://schemas.microsoft.com/win/2004/08/events/event">
    <System>
      <Provider Name="Microsoft-Windows-Security-Auditing" Guid="{54849625-5478-4994-a5ba-3e3b0328c30d}" />
      <EventID>4658</EventID>
      <Version>0</Version>
      <Level>0</Level>
      <Task>12812</Task>
      <Opcode>0</Opcode>
      <Keywords>0x8020000000000000</Keywords>
      <TimeCreated SystemTime="2021-03-26T17:00:15.559704300Z" />
      <EventRecordID>125523230</EventRecordID>
      <Correlation />
      <Execution ProcessID="4" ThreadID="160" />
      <Channel>Security</Channel>
      <Computer>rootdc1.offsec.lan</Computer>
      <Security />
    </System>
    <EventData>
      <Data Name="SubjectUserSid">S-1-5-18</Data>
      <Data Name="SubjectUserName">ROOTDC1$</Data>
      <Data Name="SubjectDomainName">OFFSEC</Data>
      <Data Name="SubjectLogonId">0x3e7</Data>
      <Data Name="ObjectServer">Security</Data>
      <Data Name="HandleId">0xfc8</Data>
      <Data Name="ProcessId">0x598</Data>
      <Data Name="ProcessName">C:\Windows\System32\wbem\WmiPrvSE.exe</Data>
    </EventData>
  </Event>
  <Event xmlns="http://schemas.microsoft.com/win/2004/08/events/event">
    <System>
      <Provider Name="Microsoft-Windows-Security-Auditing" Guid="{54849625-5478-4994-a5ba-3e3b0328c30d}" />
      <EventID>4658</EventID>
      <Version>0</Version>
      <Level>0</Level>
      <Task>12812</Task>
      <Opcode>0</Opcode>
      <Keywords>0x8020000000000000</Keywords>
      <TimeCreated SystemTime="2021-03-26T17:00:15.559884900Z" />
      <EventRecordID>125523233</EventRecordID>
      <Correlation />
      <Execution ProcessID="4" ThreadID="160" />
      <Channel>Security</Channel>
      <Computer>rootdc1.offsec.lan</Computer>
      <Security />
    </System>
    <EventData>
      <Data Name="SubjectUserSid">S-1-5-18</Data>
      <Data Name="SubjectUserName">ROOTDC1$</Data>
      <Data Name="SubjectDomainName">OFFSEC</Data>
      <Data Name="SubjectLogonId">0x3e7</Data>
      <Data Name="ObjectServer">Security</Data>
      <Data Name="HandleId">0xfc8</Data>
      <Data Name="ProcessId">0x598</Data>
      <Data Name="ProcessName">C:\Windows\System32\wbem\WmiPrvSE.exe</Data>
    </EventData>
  </Event>
  <Event xmlns="http://schemas.microsoft.com/win/2004/08/events/event">
    <System>
      <Provider Name="Microsoft-Windows-Security-Auditing" Guid="{54849625-5478-4994-a5ba-3e3b0328c30d}" />
      <EventID>4658</EventID>
      <Version>0</Version>
      <Level>0</Level>
      <Task>12812</Task>
      <Opcode>0</Opcode>
      <Keywords>0x8020000000000000</Keywords>
      <TimeCreated SystemTime="2021-03-26T17:00:15.559921300Z" />
      <EventRecordID>125523235</EventRecordID>
      <Correlation />
      <Execution ProcessID="4" ThreadID="160" />
      <Channel>Security</Channel>
      <Computer>rootdc1.offsec.lan</Computer>
      <Security />
    </System>
    <EventData>
      <Data Name="SubjectUserSid">S-1-5-18</Data>
      <Data Name="SubjectUserName">ROOTDC1$</Data>
      <Data Name="SubjectDomainName">OFFSEC</Data>
      <Data Name="SubjectLogonId">0x3e7</Data>
      <Data Name="ObjectServer">Security</Data>
      <Data Name="HandleId">0x41c</Data>
      <Data Name="ProcessId">0x598</Data>
      <Data Name="ProcessName">C:\Windows\System32\wbem\WmiPrvSE.exe</Data>
    </EventData>
  </Event>
  <Event xmlns="http://schemas.microsoft.com/win/2004/08/events/event">
    <System>
      <Provider Name="Microsoft-Windows-Security-Auditing" Guid="{54849625-5478-4994-a5ba-3e3b0328c30d}" />
      <EventID>4658</EventID>
      <Version>0</Version>
      <Level>0</Level>
      <Task>12812</Task>
      <Opcode>0</Opcode>
      <Keywords>0x8020000000000000</Keywords>
      <TimeCreated SystemTime="2021-03-26T17:00:15.559941800Z" />
      <EventRecordID>125523236</EventRecordID>
      <Correlation />
      <Execution ProcessID="4" ThreadID="160" />
      <Channel>Security</Channel>
      <Computer>rootdc1.offsec.lan</Computer>
      <Security />
    </System>
    <EventData>
      <Data Name="SubjectUserSid">S-1-5-18</Data>
      <Data Name="SubjectUserName">ROOTDC1$</Data>
      <Data Name="SubjectDomainName">OFFSEC</Data>
      <Data Name="SubjectLogonId">0x3e7</Data>
      <Data Name="ObjectServer">Security</Data>
      <Data Name="HandleId">0x558</Data>
      <Data Name="ProcessId">0x598</Data>
      <Data Name="ProcessName">C:\Windows\System32\wbem\WmiPrvSE.exe</Data>
    </EventData>
  </Event>
</root>