<Event xmlns="http://schemas.microsoft.com/win/2004/08/events/event">
    <System>
      <Provider Name="Microsoft-Windows-RPC" Guid="{6ad52b32-d609-4be9-ae07-ce8dae937e39}" />
      <EventID>6</EventID>
      <Version>1</Version>
      <Level>4</Level>
      <Task>2</Task>
      <Opcode>1</Opcode>
      <Keywords>0x4000000000000000</Keywords>
      <TimeCreated SystemTime="2020-09-18T14:02:52.689872100Z" />
      <EventRecordID>5158</EventRecordID>
      <Correlation ActivityID="{37118caa-3350-408e-aaf5-8c3a29a0fba0}" />
      <Execution ProcessID="1244" ThreadID="1772" ProcessorID="0" KernelTime="180" UserTime="171" />
      <Channel>
      </Channel>
      <Computer>LAPTOP-JU4M3I0E</Computer>
      <Security />
    </System>
    <EventData>
      <Data Name="InterfaceUuid">{423ec01e-2e35-11d2-b604-00104b703efd}</Data>
      <Data Name="ProcNum">3</Data>
      <Data Name="Protocol">3</Data>
      <Data Name="NetworkAddress">NULL</Data>
      <Data Name="Endpoint">OLE1D66DF2E47C355AC517E8BD1AC9E</Data>
      <Data Name="Options">NULL</Data>
      <Data Name="AuthenticationLevel">6</Data>
      <Data Name="AuthenticationService">20</Data>
      <Data Name="ImpersonationLevel">0</Data>
    </EventData>
  </Event>
  <Event xmlns="http://schemas.microsoft.com/win/2004/08/events/event">
    <System>
      <Provider Name="Microsoft-Windows-RPC" Guid="{6ad52b32-d609-4be9-ae07-ce8dae937e39}" />
      <EventID>6</EventID>
      <Version>1</Version>
      <Level>4</Level>
      <Task>2</Task>
      <Opcode>1</Opcode>
      <Keywords>0x4000000000000000</Keywords>
      <TimeCreated SystemTime="2020-09-18T14:02:52.689906400Z" />
      <EventRecordID>5184</EventRecordID>
      <Correlation ActivityID="{92349dfa-6ce5-4525-befd-7cf110a4f16f}" />
      <Execution ProcessID="1244" ThreadID="1772" ProcessorID="0" KernelTime="180" UserTime="171" />
      <Channel>
      </Channel>
      <Computer>LAPTOP-JU4M3I0E</Computer>
      <Security />
    </System>
    <EventData>
      <Data Name="InterfaceUuid">{423ec01e-2e35-11d2-b604-00104b703efd}</Data>
      <Data Name="ProcNum">3</Data>
      <Data Name="Protocol">3</Data>
      <Data Name="NetworkAddress">NULL</Data>
      <Data Name="Endpoint">OLE1D66DF2E47C355AC517E8BD1AC9E</Data>
      <Data Name="Options">NULL</Data>
      <Data Name="AuthenticationLevel">6</Data>
      <Data Name="AuthenticationService">20</Data>
      <Data Name="ImpersonationLevel">0</Data>
    </EventData>
  </Event>
  <Event xmlns="http://schemas.microsoft.com/win/2004/08/events/event">
    <System>
      <Provider Name="Microsoft-Windows-RPC" Guid="{6ad52b32-d609-4be9-ae07-ce8dae937e39}" />
      <EventID>6</EventID>
      <Version>1</Version>
      <Level>4</Level>
      <Task>2</Task>
      <Opcode>1</Opcode>
      <Keywords>0x4000000000000000</Keywords>
      <TimeCreated SystemTime="2020-09-18T14:02:52.689932600Z" />
      <EventRecordID>5211</EventRecordID>
      <Correlation ActivityID="{9f7ba00b-21cd-4cc1-80ba-9384d9f01f3f}" />
      <Execution ProcessID="1244" ThreadID="6472" ProcessorID="1" KernelTime="42" UserTime="42" />
      <Channel>
      </Channel>
      <Computer>LAPTOP-JU4M3I0E</Computer>
      <Security />
    </System>
    <EventData>
      <Data Name="InterfaceUuid">{7c857801-7381-11cf-884d-00aa004b2e24}</Data>
      <Data Name="ProcNum">4</Data>
      <Data Name="Protocol">3</Data>
      <Data Name="NetworkAddress">NULL</Data>
      <Data Name="Endpoint">OLE1D66DF2E47C355AC517E8BD1AC9E</Data>
      <Data Name="Options">NULL</Data>
      <Data Name="AuthenticationLevel">6</Data>
      <Data Name="AuthenticationService">20</Data>
      <Data Name="ImpersonationLevel">0</Data>
    </EventData>
  </Event>
  <Event xmlns="http://schemas.microsoft.com/win/2004/08/events/event">
    <System>
      <Provider Name="Microsoft-Windows-RPC" Guid="{6ad52b32-d609-4be9-ae07-ce8dae937e39}" />
      <EventID>6</EventID>
      <Version>1</Version>
      <Level>4</Level>
      <Task>2</Task>
      <Opcode>1</Opcode>
      <Keywords>0x4000000000000000</Keywords>
      <TimeCreated SystemTime="2020-09-18T14:02:52.689940700Z" />
      <EventRecordID>5218</EventRecordID>
      <Correlation ActivityID="{1f7b5f7b-2d6b-4345-b550-47c2427e4b5e}" />
      <Execution ProcessID="1244" ThreadID="1772" ProcessorID="0" KernelTime="180" UserTime="171" />
      <Channel>
      </Channel>
      <Computer>LAPTOP-JU4M3I0E</Computer>
      <Security />
    </System>
    <EventData>
      <Data Name="InterfaceUuid">{423ec01e-2e35-11d2-b604-00104b703efd}</Data>
      <Data Name="ProcNum">3</Data>
      <Data Name="Protocol">3</Data>
      <Data Name="NetworkAddress">NULL</Data>
      <Data Name="Endpoint">OLE1D66DF2E47C355AC517E8BD1AC9E</Data>
      <Data Name="Options">NULL</Data>
      <Data Name="AuthenticationLevel">6</Data>
      <Data Name="AuthenticationService">20</Data>
      <Data Name="ImpersonationLevel">0</Data>
    </EventData>
  </Event>
  <Event xmlns="http://schemas.microsoft.com/win/2004/08/events/event">
    <System>
      <Provider Name="Microsoft-Windows-RPC" Guid="{6ad52b32-d609-4be9-ae07-ce8dae937e39}" />
      <EventID>6</EventID>
      <Version>1</Version>
      <Level>4</Level>
      <Task>2</Task>
      <Opcode>1</Opcode>
      <Keywords>0x4000000000000000</Keywords>
      <TimeCreated SystemTime="2020-09-18T14:02:52.689975800Z" />
      <EventRecordID>5249</EventRecordID>
      <Correlation ActivityID="{f00dfb6f-feb9-4202-a6ab-d8ec0f809f5c}" />
      <Execution ProcessID="1244" ThreadID="1772" ProcessorID="0" KernelTime="180" UserTime="171" />
      <Channel>
      </Channel>
      <Computer>LAPTOP-JU4M3I0E</Computer>
      <Security />
    </System>
    <EventData>
      <Data Name="InterfaceUuid">{423ec01e-2e35-11d2-b604-00104b703efd}</Data>
      <Data Name="ProcNum">3</Data>
      <Data Name="Protocol">3</Data>
      <Data Name="NetworkAddress">NULL</Data>
      <Data Name="Endpoint">OLE1D66DF2E47C355AC517E8BD1AC9E</Data>
      <Data Name="Options">NULL</Data>
      <Data Name="AuthenticationLevel">6</Data>
      <Data Name="AuthenticationService">20</Data>
      <Data Name="ImpersonationLevel">0</Data>
    </EventData>
  </Event>
  <Event xmlns="http://schemas.microsoft.com/win/2004/08/events/event">
    <System>
      <Provider Name="Microsoft-Windows-RPC" Guid="{6ad52b32-d609-4be9-ae07-ce8dae937e39}" />
      <EventID>6</EventID>
      <Version>1</Version>
      <Level>4</Level>
      <Task>2</Task>
      <Opcode>1</Opcode>
      <Keywords>0x4000000000000000</Keywords>
      <TimeCreated SystemTime="2020-09-18T14:02:52.690011900Z" />
      <EventRecordID>5280</EventRecordID>
      <Correlation ActivityID="{e9896a14-ddf9-43a0-86a6-1dc706d2963f}" />
      <Execution ProcessID="1244" ThreadID="1772" ProcessorID="1" KernelTime="180" UserTime="171" />
      <Channel>
      </Channel>
      <Computer>LAPTOP-JU4M3I0E</Computer>
      <Security />
    </System>
    <EventData>
      <Data Name="InterfaceUuid">{00000134-0000-0000-c000-000000000046}</Data>
      <Data Name="ProcNum">5</Data>
      <Data Name="Protocol">3</Data>
      <Data Name="NetworkAddress">NULL</Data>
      <Data Name="Endpoint">OLE1D66DF2E47C355AC517E8BD1AC9E</Data>
      <Data Name="Options">NULL</Data>
      <Data Name="AuthenticationLevel">6</Data>
      <Data Name="AuthenticationService">20</Data>
      <Data Name="ImpersonationLevel">0</Data>
    </EventData>
  </Event>
  <Event xmlns="http://schemas.microsoft.com/win/2004/08/events/event">
    <System>
      <Provider Name="Microsoft-Windows-RPC" Guid="{6ad52b32-d609-4be9-ae07-ce8dae937e39}" />
      <EventID>6</EventID>
      <Version>1</Version>
      <Level>4</Level>
      <Task>2</Task>
      <Opcode>1</Opcode>
      <Keywords>0x4000000000000000</Keywords>
      <TimeCreated SystemTime="2020-09-18T14:02:52.690013700Z" />
      <EventRecordID>5283</EventRecordID>
      <Correlation ActivityID="{af91b055-69ad-43ed-a726-641478b3b258}" />
      <Execution ProcessID="1244" ThreadID="6472" ProcessorID="0" KernelTime="42" UserTime="42" />
      <Channel>
      </Channel>
      <Computer>LAPTOP-JU4M3I0E</Computer>
      <Security />
    </System>
    <EventData>
      <Data Name="InterfaceUuid">{423ec01e-2e35-11d2-b604-00104b703efd}</Data>
      <Data Name="ProcNum">3</Data>
      <Data Name="Protocol">3</Data>
      <Data Name="NetworkAddress">NULL</Data>
      <Data Name="Endpoint">OLE1D66DF2E47C355AC517E8BD1AC9E</Data>
      <Data Name="Options">NULL</Data>
      <Data Name="AuthenticationLevel">6</Data>
      <Data Name="AuthenticationService">20</Data>
      <Data Name="ImpersonationLevel">0</Data>
    </EventData>
  </Event>
  <Event xmlns="http://schemas.microsoft.com/win/2004/08/events/event">
    <System>
      <Provider Name="Microsoft-Windows-RPC" Guid="{6ad52b32-d609-4be9-ae07-ce8dae937e39}" />
      <EventID>6</EventID>
      <Version>1</Version>
      <Level>4</Level>
      <Task>2</Task>
      <Opcode>1</Opcode>
      <Keywords>0x4000000000000000</Keywords>
      <TimeCreated SystemTime="2020-09-18T14:02:52.690048800Z" />
      <EventRecordID>5320</EventRecordID>
      <Correlation ActivityID="{329b2a2a-b657-400f-ae0e-27da830b8068}" />
      <Execution ProcessID="1244" ThreadID="1772" ProcessorID="0" KernelTime="180" UserTime="171" />
      <Channel>
      </Channel>
      <Computer>LAPTOP-JU4M3I0E</Computer>
      <Security />
    </System>
    <EventData>
      <Data Name="InterfaceUuid">{423ec01e-2e35-11d2-b604-00104b703efd}</Data>
      <Data Name="ProcNum">3</Data>
      <Data Name="Protocol">3</Data>
      <Data Name="NetworkAddress">NULL</Data>
      <Data Name="Endpoint">OLE1D66DF2E47C355AC517E8BD1AC9E</Data>
      <Data Name="Options">NULL</Data>
      <Data Name="AuthenticationLevel">6</Data>
      <Data Name="AuthenticationService">20</Data>
      <Data Name="ImpersonationLevel">0</Data>
    </EventData>
  </Event>
  <Event xmlns="http://schemas.microsoft.com/win/2004/08/events/event">
    <System>
      <Provider Name="Microsoft-Windows-RPC" Guid="{6ad52b32-d609-4be9-ae07-ce8dae937e39}" />
      <EventID>6</EventID>
      <Version>1</Version>
      <Level>4</Level>
      <Task>2</Task>
      <Opcode>1</Opcode>
      <Keywords>0x4000000000000000</Keywords>
      <TimeCreated SystemTime="2020-09-18T14:02:52.690085800Z" />
      <EventRecordID>5345</EventRecordID>
      <Correlation ActivityID="{ac79f212-d93c-4d01-a4dd-4da06845af06}" />
      <Execution ProcessID="1244" ThreadID="1772" ProcessorID="0" KernelTime="180" UserTime="171" />
      <Channel>
      </Channel>
      <Computer>LAPTOP-JU4M3I0E</Computer>
      <Security />
    </System>
    <EventData>
      <Data Name="InterfaceUuid">{423ec01e-2e35-11d2-b604-00104b703efd}</Data>
      <Data Name="ProcNum">3</Data>
      <Data Name="Protocol">3</Data>
      <Data Name="NetworkAddress">NULL</Data>
      <Data Name="Endpoint">OLE1D66DF2E47C355AC517E8BD1AC9E</Data>
      <Data Name="Options">NULL</Data>
      <Data Name="AuthenticationLevel">6</Data>
      <Data Name="AuthenticationService">20</Data>
      <Data Name="ImpersonationLevel">0</Data>
    </EventData>
  </Event>
  <Event xmlns="http://schemas.microsoft.com/win/2004/08/events/event">
    <System>
      <Provider Name="Microsoft-Windows-RPC" Guid="{6ad52b32-d609-4be9-ae07-ce8dae937e39}" />
      <EventID>6</EventID>
      <Version>1</Version>
      <Level>4</Level>
      <Task>2</Task>
      <Opcode>1</Opcode>
      <Keywords>0x4000000000000000</Keywords>
      <TimeCreated SystemTime="2020-09-18T14:02:52.690118700Z" />
      <EventRecordID>5368</EventRecordID>
      <Correlation ActivityID="{b4b8662a-2fc0-4f57-a915-908e16b56873}" />
      <Execution ProcessID="1244" ThreadID="1772" ProcessorID="0" KernelTime="180" UserTime="171" />
      <Channel>
      </Channel>
      <Computer>LAPTOP-JU4M3I0E</Computer>
      <Security />
    </System>
    <EventData>
      <Data Name="InterfaceUuid">{423ec01e-2e35-11d2-b604-00104b703efd}</Data>
      <Data Name="ProcNum">3</Data>
      <Data Name="Protocol">3</Data>
      <Data Name="NetworkAddress">NULL</Data>
      <Data Name="Endpoint">OLE1D66DF2E47C355AC517E8BD1AC9E</Data>
      <Data Name="Options">NULL</Data>
      <Data Name="AuthenticationLevel">6</Data>
      <Data Name="AuthenticationService">20</Data>
      <Data Name="ImpersonationLevel">0</Data>
    </EventData>
  </Event>
  <Event xmlns="http://schemas.microsoft.com/win/2004/08/events/event">
    <System>
      <Provider Name="Microsoft-Windows-RPC" Guid="{6ad52b32-d609-4be9-ae07-ce8dae937e39}" />
      <EventID>6</EventID>
      <Version>1</Version>
      <Level>4</Level>
      <Task>2</Task>
      <Opcode>1</Opcode>
      <Keywords>0x4000000000000000</Keywords>
      <TimeCreated SystemTime="2020-09-18T14:02:52.690148100Z" />
      <EventRecordID>5389</EventRecordID>
      <Correlation ActivityID="{b5e0c4d3-1a88-43e3-a28c-ba5a00123fe6}" />
      <Execution ProcessID="1244" ThreadID="1772" ProcessorID="0" KernelTime="180" UserTime="171" />
      <Channel>
      </Channel>
      <Computer>LAPTOP-JU4M3I0E</Computer>
      <Security />
    </System>
    <EventData>
      <Data Name="InterfaceUuid">{423ec01e-2e35-11d2-b604-00104b703efd}</Data>
      <Data Name="ProcNum">3</Data>
      <Data Name="Protocol">3</Data>
      <Data Name="NetworkAddress">NULL</Data>
      <Data Name="Endpoint">OLE1D66DF2E47C355AC517E8BD1AC9E</Data>
      <Data Name="Options">NULL</Data>
      <Data Name="AuthenticationLevel">6</Data>
      <Data Name="AuthenticationService">20</Data>
      <Data Name="ImpersonationLevel">0</Data>
    </EventData>
  </Event>
  <Event xmlns="http://schemas.microsoft.com/win/2004/08/events/event">
    <System>
      <Provider Name="Microsoft-Windows-RPC" Guid="{6ad52b32-d609-4be9-ae07-ce8dae937e39}" />
      <EventID>6</EventID>
      <Version>1</Version>
      <Level>4</Level>
      <Task>2</Task>
      <Opcode>1</Opcode>
      <Keywords>0x4000000000000000</Keywords>
      <TimeCreated SystemTime="2020-09-18T14:02:52.690178000Z" />
      <EventRecordID>5410</EventRecordID>
      <Correlation ActivityID="{644f55cf-cc44-4bc9-93f8-ee8914d356ad}" />
      <Execution ProcessID="1244" ThreadID="1772" ProcessorID="0" KernelTime="180" UserTime="171" />
      <Channel>
      </Channel>
      <Computer>LAPTOP-JU4M3I0E</Computer>
      <Security />
    </System>
    <EventData>
      <Data Name="InterfaceUuid">{423ec01e-2e35-11d2-b604-00104b703efd}</Data>
      <Data Name="ProcNum">3</Data>
      <Data Name="Protocol">3</Data>
      <Data Name="NetworkAddress">NULL</Data>
      <Data Name="Endpoint">OLE1D66DF2E47C355AC517E8BD1AC9E</Data>
      <Data Name="Options">NULL</Data>
      <Data Name="AuthenticationLevel">6</Data>
      <Data Name="AuthenticationService">20</Data>
      <Data Name="ImpersonationLevel">0</Data>
    </EventData>
  </Event>
  <Event xmlns="http://schemas.microsoft.com/win/2004/08/events/event">
    <System>
      <Provider Name="Microsoft-Windows-RPC" Guid="{6ad52b32-d609-4be9-ae07-ce8dae937e39}" />
      <EventID>6</EventID>
      <Version>1</Version>
      <Level>4</Level>
      <Task>2</Task>
      <Opcode>1</Opcode>
      <Keywords>0x4000000000000000</Keywords>
      <TimeCreated SystemTime="2020-09-18T14:02:52.690212200Z" />
      <EventRecordID>5431</EventRecordID>
      <Correlation ActivityID="{47c39272-72c7-4c9f-995a-fbae65c2a480}" />
      <Execution ProcessID="1244" ThreadID="1772" ProcessorID="0" KernelTime="180" UserTime="171" />
      <Channel>
      </Channel>
      <Computer>LAPTOP-JU4M3I0E</Computer>
      <Security />
    </System>
    <EventData>
      <Data Name="InterfaceUuid">{423ec01e-2e35-11d2-b604-00104b703efd}</Data>
      <Data Name="ProcNum">3</Data>
      <Data Name="Protocol">3</Data>
      <Data Name="NetworkAddress">NULL</Data>
      <Data Name="Endpoint">OLE1D66DF2E47C355AC517E8BD1AC9E</Data>
      <Data Name="Options">NULL</Data>
      <Data Name="AuthenticationLevel">6</Data>
      <Data Name="AuthenticationService">20</Data>
      <Data Name="ImpersonationLevel">0</Data>
    </EventData>
  </Event>
  <Event xmlns="http://schemas.microsoft.com/win/2004/08/events/event">
    <System>
      <Provider Name="Microsoft-Windows-RPC" Guid="{6ad52b32-d609-4be9-ae07-ce8dae937e39}" />
      <EventID>6</EventID>
      <Version>1</Version>
      <Level>4</Level>
      <Task>2</Task>
      <Opcode>1</Opcode>
      <Keywords>0x4000000000000000</Keywords>
      <TimeCreated SystemTime="2020-09-18T14:02:52.690241600Z" />
      <EventRecordID>5452</EventRecordID>
      <Correlation ActivityID="{2f3ff504-e8d2-4b2f-8eb5-114d7dd79740}" />
      <Execution ProcessID="1244" ThreadID="1772" ProcessorID="0" KernelTime="180" UserTime="171" />
      <Channel>
      </Channel>
      <Computer>LAPTOP-JU4M3I0E</Computer>
      <Security />
    </System>
    <EventData>
      <Data Name="InterfaceUuid">{423ec01e-2e35-11d2-b604-00104b703efd}</Data>
      <Data Name="ProcNum">3</Data>
      <Data Name="Protocol">3</Data>
      <Data Name="NetworkAddress">NULL</Data>
      <Data Name="Endpoint">OLE1D66DF2E47C355AC517E8BD1AC9E</Data>
      <Data Name="Options">NULL</Data>
      <Data Name="AuthenticationLevel">6</Data>
      <Data Name="AuthenticationService">20</Data>
      <Data Name="ImpersonationLevel">0</Data>
    </EventData>
  </Event>
  <Event xmlns="http://schemas.microsoft.com/win/2004/08/events/event">
    <System>
      <Provider Name="Microsoft-Windows-RPC" Guid="{6ad52b32-d609-4be9-ae07-ce8dae937e39}" />
      <EventID>6</EventID>
      <Version>1</Version>
      <Level>4</Level>
      <Task>2</Task>
      <Opcode>1</Opcode>
      <Keywords>0x4000000000000000</Keywords>
      <TimeCreated SystemTime="2020-09-18T14:02:52.690271000Z" />
      <EventRecordID>5473</EventRecordID>
      <Correlation ActivityID="{a61ae93b-586c-4f7b-9357-fc687532627c}" />
      <Execution ProcessID="1244" ThreadID="1772" ProcessorID="0" KernelTime="180" UserTime="171" />
      <Channel>
      </Channel>
      <Computer>LAPTOP-JU4M3I0E</Computer>
      <Security />
    </System>
    <EventData>
      <Data Name="InterfaceUuid">{423ec01e-2e35-11d2-b604-00104b703efd}</Data>
      <Data Name="ProcNum">3</Data>
      <Data Name="Protocol">3</Data>
      <Data Name="NetworkAddress">NULL</Data>
      <Data Name="Endpoint">OLE1D66DF2E47C355AC517E8BD1AC9E</Data>
      <Data Name="Options">NULL</Data>
      <Data Name="AuthenticationLevel">6</Data>
      <Data Name="AuthenticationService">20</Data>
      <Data Name="ImpersonationLevel">0</Data>
    </EventData>
  </Event>
  <Event xmlns="http://schemas.microsoft.com/win/2004/08/events/event">
    <System>
      <Provider Name="Microsoft-Windows-RPC" Guid="{6ad52b32-d609-4be9-ae07-ce8dae937e39}" />
      <EventID>6</EventID>
      <Version>1</Version>
      <Level>4</Level>
      <Task>2</Task>
      <Opcode>1</Opcode>
      <Keywords>0x4000000000000000</Keywords>
      <TimeCreated SystemTime="2020-09-18T14:02:52.690304400Z" />
      <EventRecordID>5494</EventRecordID>
      <Correlation ActivityID="{e8c35a16-90c5-4cf5-9e8e-31d895eaeeb2}" />
      <Execution ProcessID="1244" ThreadID="1772" ProcessorID="0" KernelTime="180" UserTime="171" />
      <Channel>
      </Channel>
      <Computer>LAPTOP-JU4M3I0E</Computer>
      <Security />
    </System>
    <EventData>
      <Data Name="InterfaceUuid">{423ec01e-2e35-11d2-b604-00104b703efd}</Data>
      <Data Name="ProcNum">3</Data>
      <Data Name="Protocol">3</Data>
      <Data Name="NetworkAddress">NULL</Data>
      <Data Name="Endpoint">OLE1D66DF2E47C355AC517E8BD1AC9E</Data>
      <Data Name="Options">NULL</Data>
      <Data Name="AuthenticationLevel">6</Data>
      <Data Name="AuthenticationService">20</Data>
      <Data Name="ImpersonationLevel">0</Data>
    </EventData>
  </Event>
  <Event xmlns="http://schemas.microsoft.com/win/2004/08/events/event">
    <System>
      <Provider Name="Microsoft-Windows-RPC" Guid="{6ad52b32-d609-4be9-ae07-ce8dae937e39}" />
      <EventID>6</EventID>
      <Version>1</Version>
      <Level>4</Level>
      <Task>2</Task>
      <Opcode>1</Opcode>
      <Keywords>0x4000000000000000</Keywords>
      <TimeCreated SystemTime="2020-09-18T14:02:52.690334700Z" />
      <EventRecordID>5515</EventRecordID>
      <Correlation ActivityID="{802cf076-99a6-4fd4-872a-842754f36e79}" />
      <Execution ProcessID="1244" ThreadID="1772" ProcessorID="0" KernelTime="180" UserTime="171" />
      <Channel>
      </Channel>
      <Computer>LAPTOP-JU4M3I0E</Computer>
      <Security />
    </System>
    <EventData>
      <Data Name="InterfaceUuid">{423ec01e-2e35-11d2-b604-00104b703efd}</Data>
      <Data Name="ProcNum">3</Data>
      <Data Name="Protocol">3</Data>
      <Data Name="NetworkAddress">NULL</Data>
      <Data Name="Endpoint">OLE1D66DF2E47C355AC517E8BD1AC9E</Data>
      <Data Name="Options">NULL</Data>
      <Data Name="AuthenticationLevel">6</Data>
      <Data Name="AuthenticationService">20</Data>
      <Data Name="ImpersonationLevel">0</Data>
    </EventData>
  </Event>
  <Event xmlns="http://schemas.microsoft.com/win/2004/08/events/event">
    <System>
      <Provider Name="Microsoft-Windows-RPC" Guid="{6ad52b32-d609-4be9-ae07-ce8dae937e39}" />
      <EventID>6</EventID>
      <Version>1</Version>
      <Level>4</Level>
      <Task>2</Task>
      <Opcode>1</Opcode>
      <Keywords>0x4000000000000000</Keywords>
      <TimeCreated SystemTime="2020-09-18T14:02:52.690365400Z" />
      <EventRecordID>5536</EventRecordID>
      <Correlation ActivityID="{866a4fcc-2f3d-4e05-b26e-ce6fc2217814}" />
      <Execution ProcessID="1244" ThreadID="1772" ProcessorID="0" KernelTime="180" UserTime="171" />
      <Channel>
      </Channel>
      <Computer>LAPTOP-JU4M3I0E</Computer>
      <Security />
    </System>
    <EventData>
      <Data Name="InterfaceUuid">{423ec01e-2e35-11d2-b604-00104b703efd}</Data>
      <Data Name="ProcNum">3</Data>
      <Data Name="Protocol">3</Data>
      <Data Name="NetworkAddress">NULL</Data>
      <Data Name="Endpoint">OLE1D66DF2E47C355AC517E8BD1AC9E</Data>
      <Data Name="Options">NULL</Data>
      <Data Name="AuthenticationLevel">6</Data>
      <Data Name="AuthenticationService">20</Data>
      <Data Name="ImpersonationLevel">0</Data>
    </EventData>
  </Event>
  <Event xmlns="http://schemas.microsoft.com/win/2004/08/events/event">
    <System>
      <Provider Name="Microsoft-Windows-RPC" Guid="{6ad52b32-d609-4be9-ae07-ce8dae937e39}" />
      <EventID>6</EventID>
      <Version>1</Version>
      <Level>4</Level>
      <Task>2</Task>
      <Opcode>1</Opcode>
      <Keywords>0x4000000000000000</Keywords>
      <TimeCreated SystemTime="2020-09-18T14:02:52.690398800Z" />
      <EventRecordID>5557</EventRecordID>
      <Correlation ActivityID="{52d33330-4075-4620-99fc-3b7f73766fa6}" />
      <Execution ProcessID="1244" ThreadID="1772" ProcessorID="0" KernelTime="180" UserTime="171" />
      <Channel>
      </Channel>
      <Computer>LAPTOP-JU4M3I0E</Computer>
      <Security />
    </System>
    <EventData>
      <Data Name="InterfaceUuid">{423ec01e-2e35-11d2-b604-00104b703efd}</Data>
      <Data Name="ProcNum">3</Data>
      <Data Name="Protocol">3</Data>
      <Data Name="NetworkAddress">NULL</Data>
      <Data Name="Endpoint">OLE1D66DF2E47C355AC517E8BD1AC9E</Data>
      <Data Name="Options">NULL</Data>
      <Data Name="AuthenticationLevel">6</Data>
      <Data Name="AuthenticationService">20</Data>
      <Data Name="ImpersonationLevel">0</Data>
    </EventData>
  </Event>
  <Event xmlns="http://schemas.microsoft.com/win/2004/08/events/event">
    <System>
      <Provider Name="Microsoft-Windows-RPC" Guid="{6ad52b32-d609-4be9-ae07-ce8dae937e39}" />
      <EventID>6</EventID>
      <Version>1</Version>
      <Level>4</Level>
      <Task>2</Task>
      <Opcode>1</Opcode>
      <Keywords>0x4000000000000000</Keywords>
      <TimeCreated SystemTime="2020-09-18T14:02:52.690429500Z" />
      <EventRecordID>5578</EventRecordID>
      <Correlation ActivityID="{427cca3c-1178-4c34-9434-f5990d445836}" />
      <Execution ProcessID="1244" ThreadID="1772" ProcessorID="0" KernelTime="180" UserTime="171" />
      <Channel>
      </Channel>
      <Computer>LAPTOP-JU4M3I0E</Computer>
      <Security />
    </System>
    <EventData>
      <Data Name="InterfaceUuid">{423ec01e-2e35-11d2-b604-00104b703efd}</Data>
      <Data Name="ProcNum">3</Data>
      <Data Name="Protocol">3</Data>
      <Data Name="NetworkAddress">NULL</Data>
      <Data Name="Endpoint">OLE1D66DF2E47C355AC517E8BD1AC9E</Data>
      <Data Name="Options">NULL</Data>
      <Data Name="AuthenticationLevel">6</Data>
      <Data Name="AuthenticationService">20</Data>
      <Data Name="ImpersonationLevel">0</Data>
    </EventData>
  </Event>
  <Event xmlns="http://schemas.microsoft.com/win/2004/08/events/event">
    <System>
      <Provider Name="Microsoft-Windows-RPC" Guid="{6ad52b32-d609-4be9-ae07-ce8dae937e39}" />
      <EventID>6</EventID>
      <Version>1</Version>
      <Level>4</Level>
      <Task>2</Task>
      <Opcode>1</Opcode>
      <Keywords>0x4000000000000000</Keywords>
      <TimeCreated SystemTime="2020-09-18T14:02:52.690458900Z" />
      <EventRecordID>5599</EventRecordID>
      <Correlation ActivityID="{99baad91-193f-4c7e-b070-e778adac3bae}" />
      <Execution ProcessID="1244" ThreadID="1772" ProcessorID="0" KernelTime="180" UserTime="171" />
      <Channel>
      </Channel>
      <Computer>LAPTOP-JU4M3I0E</Computer>
      <Security />
    </System>
    <EventData>
      <Data Name="InterfaceUuid">{423ec01e-2e35-11d2-b604-00104b703efd}</Data>
      <Data Name="ProcNum">3</Data>
      <Data Name="Protocol">3</Data>
      <Data Name="NetworkAddress">NULL</Data>
      <Data Name="Endpoint">OLE1D66DF2E47C355AC517E8BD1AC9E</Data>
      <Data Name="Options">NULL</Data>
      <Data Name="AuthenticationLevel">6</Data>
      <Data Name="AuthenticationService">20</Data>
      <Data Name="ImpersonationLevel">0</Data>
    </EventData>
  </Event>
  <Event xmlns="http://schemas.microsoft.com/win/2004/08/events/event">
    <System>
      <Provider Name="Microsoft-Windows-RPC" Guid="{6ad52b32-d609-4be9-ae07-ce8dae937e39}" />
      <EventID>6</EventID>
      <Version>1</Version>
      <Level>4</Level>
      <Task>2</Task>
      <Opcode>1</Opcode>
      <Keywords>0x4000000000000000</Keywords>
      <TimeCreated SystemTime="2020-09-18T14:02:52.690491400Z" />
      <EventRecordID>5620</EventRecordID>
      <Correlation ActivityID="{7b0cd83d-17f6-48c3-b988-a2ae97279f41}" />
      <Execution ProcessID="1244" ThreadID="1772" ProcessorID="0" KernelTime="180" UserTime="171" />
      <Channel>
      </Channel>
      <Computer>LAPTOP-JU4M3I0E</Computer>
      <Security />
    </System>
    <EventData>
      <Data Name="InterfaceUuid">{423ec01e-2e35-11d2-b604-00104b703efd}</Data>
      <Data Name="ProcNum">3</Data>
      <Data Name="Protocol">3</Data>
      <Data Name="NetworkAddress">NULL</Data>
      <Data Name="Endpoint">OLE1D66DF2E47C355AC517E8BD1AC9E</Data>
      <Data Name="Options">NULL</Data>
      <Data Name="AuthenticationLevel">6</Data>
      <Data Name="AuthenticationService">20</Data>
      <Data Name="ImpersonationLevel">0</Data>
    </EventData>
  </Event>
  <Event xmlns="http://schemas.microsoft.com/win/2004/08/events/event">
    <System>
      <Provider Name="Microsoft-Windows-RPC" Guid="{6ad52b32-d609-4be9-ae07-ce8dae937e39}" />
      <EventID>6</EventID>
      <Version>1</Version>
      <Level>4</Level>
      <Task>2</Task>
      <Opcode>1</Opcode>
      <Keywords>0x4000000000000000</Keywords>
      <TimeCreated SystemTime="2020-09-18T14:02:52.690521700Z" />
      <EventRecordID>5641</EventRecordID>
      <Correlation ActivityID="{52024859-074a-474a-b3c7-39d228de80f4}" />
      <Execution ProcessID="1244" ThreadID="1772" ProcessorID="0" KernelTime="180" UserTime="171" />
      <Channel>
      </Channel>
      <Computer>LAPTOP-JU4M3I0E</Computer>
      <Security />
    </System>
    <EventData>
      <Data Name="InterfaceUuid">{423ec01e-2e35-11d2-b604-00104b703efd}</Data>
      <Data Name="ProcNum">3</Data>
      <Data Name="Protocol">3</Data>
      <Data Name="NetworkAddress">NULL</Data>
      <Data Name="Endpoint">OLE1D66DF2E47C355AC517E8BD1AC9E</Data>
      <Data Name="Options">NULL</Data>
      <Data Name="AuthenticationLevel">6</Data>
      <Data Name="AuthenticationService">20</Data>
      <Data Name="ImpersonationLevel">0</Data>
    </EventData>
  </Event>
  <Event xmlns="http://schemas.microsoft.com/win/2004/08/events/event">
    <System>
      <Provider Name="Microsoft-Windows-RPC" Guid="{6ad52b32-d609-4be9-ae07-ce8dae937e39}" />
      <EventID>6</EventID>
      <Version>1</Version>
      <Level>4</Level>
      <Task>2</Task>
      <Opcode>1</Opcode>
      <Keywords>0x4000000000000000</Keywords>
      <TimeCreated SystemTime="2020-09-18T14:02:52.690550600Z" />
      <EventRecordID>5662</EventRecordID>
      <Correlation ActivityID="{e67a406c-8cc5-4b0f-8010-72c45c2dae2f}" />
      <Execution ProcessID="1244" ThreadID="1772" ProcessorID="0" KernelTime="180" UserTime="171" />
      <Channel>
      </Channel>
      <Computer>LAPTOP-JU4M3I0E</Computer>
      <Security />
    </System>
    <EventData>
      <Data Name="InterfaceUuid">{423ec01e-2e35-11d2-b604-00104b703efd}</Data>
      <Data Name="ProcNum">3</Data>
      <Data Name="Protocol">3</Data>
      <Data Name="NetworkAddress">NULL</Data>
      <Data Name="Endpoint">OLE1D66DF2E47C355AC517E8BD1AC9E</Data>
      <Data Name="Options">NULL</Data>
      <Data Name="AuthenticationLevel">6</Data>
      <Data Name="AuthenticationService">20</Data>
      <Data Name="ImpersonationLevel">0</Data>
    </EventData>
  </Event>
  <Event xmlns="http://schemas.microsoft.com/win/2004/08/events/event">
    <System>
      <Provider Name="Microsoft-Windows-RPC" Guid="{6ad52b32-d609-4be9-ae07-ce8dae937e39}" />
      <EventID>6</EventID>
      <Version>1</Version>
      <Level>4</Level>
      <Task>2</Task>
      <Opcode>1</Opcode>
      <Keywords>0x4000000000000000</Keywords>
      <TimeCreated SystemTime="2020-09-18T14:02:52.690580400Z" />
      <EventRecordID>5683</EventRecordID>
      <Correlation ActivityID="{7d63e22a-fe35-4a6e-9d93-bd7e9bfded9d}" />
      <Execution ProcessID="1244" ThreadID="1772" ProcessorID="0" KernelTime="180" UserTime="171" />
      <Channel>
      </Channel>
      <Computer>LAPTOP-JU4M3I0E</Computer>
      <Security />
    </System>
    <EventData>
      <Data Name="InterfaceUuid">{423ec01e-2e35-11d2-b604-00104b703efd}</Data>
      <Data Name="ProcNum">3</Data>
      <Data Name="Protocol">3</Data>
      <Data Name="NetworkAddress">NULL</Data>
      <Data Name="Endpoint">OLE1D66DF2E47C355AC517E8BD1AC9E</Data>
      <Data Name="Options">NULL</Data>
      <Data Name="AuthenticationLevel">6</Data>
      <Data Name="AuthenticationService">20</Data>
      <Data Name="ImpersonationLevel">0</Data>
    </EventData>
  </Event>
  <Event xmlns="http://schemas.microsoft.com/win/2004/08/events/event">
    <System>
      <Provider Name="Microsoft-Windows-RPC" Guid="{6ad52b32-d609-4be9-ae07-ce8dae937e39}" />
      <EventID>6</EventID>
      <Version>1</Version>
      <Level>4</Level>
      <Task>2</Task>
      <Opcode>1</Opcode>
      <Keywords>0x4000000000000000</Keywords>
      <TimeCreated SystemTime="2020-09-18T14:02:52.690613800Z" />
      <EventRecordID>5704</EventRecordID>
      <Correlation ActivityID="{2594ab80-be58-4737-8eb3-88bfee7d8608}" />
      <Execution ProcessID="1244" ThreadID="1772" ProcessorID="0" KernelTime="180" UserTime="171" />
      <Channel>
      </Channel>
      <Computer>LAPTOP-JU4M3I0E</Computer>
      <Security />
    </System>
    <EventData>
      <Data Name="InterfaceUuid">{423ec01e-2e35-11d2-b604-00104b703efd}</Data>
      <Data Name="ProcNum">3</Data>
      <Data Name="Protocol">3</Data>
      <Data Name="NetworkAddress">NULL</Data>
      <Data Name="Endpoint">OLE1D66DF2E47C355AC517E8BD1AC9E</Data>
      <Data Name="Options">NULL</Data>
      <Data Name="AuthenticationLevel">6</Data>
      <Data Name="AuthenticationService">20</Data>
      <Data Name="ImpersonationLevel">0</Data>
    </EventData>
  </Event>
  <Event xmlns="http://schemas.microsoft.com/win/2004/08/events/event">
    <System>
      <Provider Name="Microsoft-Windows-RPC" Guid="{6ad52b32-d609-4be9-ae07-ce8dae937e39}" />
      <EventID>6</EventID>
      <Version>1</Version>
      <Level>4</Level>
      <Task>2</Task>
      <Opcode>1</Opcode>
      <Keywords>0x4000000000000000</Keywords>
      <TimeCreated SystemTime="2020-09-18T14:02:52.690643200Z" />
      <EventRecordID>5725</EventRecordID>
      <Correlation ActivityID="{badb4bf5-1cf1-4166-920f-b8c4ef436ee3}" />
      <Execution ProcessID="1244" ThreadID="1772" ProcessorID="0" KernelTime="180" UserTime="171" />
      <Channel>
      </Channel>
      <Computer>LAPTOP-JU4M3I0E</Computer>
      <Security />
    </System>
    <EventData>
      <Data Name="InterfaceUuid">{423ec01e-2e35-11d2-b604-00104b703efd}</Data>
      <Data Name="ProcNum">3</Data>
      <Data Name="Protocol">3</Data>
      <Data Name="NetworkAddress">NULL</Data>
      <Data Name="Endpoint">OLE1D66DF2E47C355AC517E8BD1AC9E</Data>
      <Data Name="Options">NULL</Data>
      <Data Name="AuthenticationLevel">6</Data>
      <Data Name="AuthenticationService">20</Data>
      <Data Name="ImpersonationLevel">0</Data>
    </EventData>
  </Event>
  <Event xmlns="http://schemas.microsoft.com/win/2004/08/events/event">
    <System>
      <Provider Name="Microsoft-Windows-RPC" Guid="{6ad52b32-d609-4be9-ae07-ce8dae937e39}" />
      <EventID>6</EventID>
      <Version>1</Version>
      <Level>4</Level>
      <Task>2</Task>
      <Opcode>1</Opcode>
      <Keywords>0x4000000000000000</Keywords>
      <TimeCreated SystemTime="2020-09-18T14:02:52.690672100Z" />
      <EventRecordID>5746</EventRecordID>
      <Correlation ActivityID="{32e47da8-72cf-43e6-a9da-acc8ffa24686}" />
      <Execution ProcessID="1244" ThreadID="1772" ProcessorID="0" KernelTime="180" UserTime="171" />
      <Channel>
      </Channel>
      <Computer>LAPTOP-JU4M3I0E</Computer>
      <Security />
    </System>
    <EventData>
      <Data Name="InterfaceUuid">{423ec01e-2e35-11d2-b604-00104b703efd}</Data>
      <Data Name="ProcNum">3</Data>
      <Data Name="Protocol">3</Data>
      <Data Name="NetworkAddress">NULL</Data>
      <Data Name="Endpoint">OLE1D66DF2E47C355AC517E8BD1AC9E</Data>
      <Data Name="Options">NULL</Data>
      <Data Name="AuthenticationLevel">6</Data>
      <Data Name="AuthenticationService">20</Data>
      <Data Name="ImpersonationLevel">0</Data>
    </EventData>
  </Event>
  <Event xmlns="http://schemas.microsoft.com/win/2004/08/events/event">
    <System>
      <Provider Name="Microsoft-Windows-RPC" Guid="{6ad52b32-d609-4be9-ae07-ce8dae937e39}" />
      <EventID>6</EventID>
      <Version>1</Version>
      <Level>4</Level>
      <Task>2</Task>
      <Opcode>1</Opcode>
      <Keywords>0x4000000000000000</Keywords>
      <TimeCreated SystemTime="2020-09-18T14:02:52.690706000Z" />
      <EventRecordID>5767</EventRecordID>
      <Correlation ActivityID="{6d17d5d2-1c5f-4eb6-bd3a-2c826994a8da}" />
      <Execution ProcessID="1244" ThreadID="1772" ProcessorID="0" KernelTime="180" UserTime="171" />
      <Channel>
      </Channel>
      <Computer>LAPTOP-JU4M3I0E</Computer>
      <Security />
    </System>
    <EventData>
      <Data Name="InterfaceUuid">{423ec01e-2e35-11d2-b604-00104b703efd}</Data>
      <Data Name="ProcNum">3</Data>
      <Data Name="Protocol">3</Data>
      <Data Name="NetworkAddress">NULL</Data>
      <Data Name="Endpoint">OLE1D66DF2E47C355AC517E8BD1AC9E</Data>
      <Data Name="Options">NULL</Data>
      <Data Name="AuthenticationLevel">6</Data>
      <Data Name="AuthenticationService">20</Data>
      <Data Name="ImpersonationLevel">0</Data>
    </EventData>
  </Event>
  <Event xmlns="http://schemas.microsoft.com/win/2004/08/events/event">
    <System>
      <Provider Name="Microsoft-Windows-RPC" Guid="{6ad52b32-d609-4be9-ae07-ce8dae937e39}" />
      <EventID>6</EventID>
      <Version>1</Version>
      <Level>4</Level>
      <Task>2</Task>
      <Opcode>1</Opcode>
      <Keywords>0x4000000000000000</Keywords>
      <TimeCreated SystemTime="2020-09-18T14:02:52.690736300Z" />
      <EventRecordID>5788</EventRecordID>
      <Correlation ActivityID="{0e0c9c9c-43de-445d-a09a-8ea10419b5af}" />
      <Execution ProcessID="1244" ThreadID="1772" ProcessorID="0" KernelTime="180" UserTime="171" />
      <Channel>
      </Channel>
      <Computer>LAPTOP-JU4M3I0E</Computer>
      <Security />
    </System>
    <EventData>
      <Data Name="InterfaceUuid">{423ec01e-2e35-11d2-b604-00104b703efd}</Data>
      <Data Name="ProcNum">3</Data>
      <Data Name="Protocol">3</Data>
      <Data Name="NetworkAddress">NULL</Data>
      <Data Name="Endpoint">OLE1D66DF2E47C355AC517E8BD1AC9E</Data>
      <Data Name="Options">NULL</Data>
      <Data Name="AuthenticationLevel">6</Data>
      <Data Name="AuthenticationService">20</Data>
      <Data Name="ImpersonationLevel">0</Data>
    </EventData>
  </Event>
  <Event xmlns="http://schemas.microsoft.com/win/2004/08/events/event">
    <System>
      <Provider Name="Microsoft-Windows-RPC" Guid="{6ad52b32-d609-4be9-ae07-ce8dae937e39}" />
      <EventID>6</EventID>
      <Version>1</Version>
      <Level>4</Level>
      <Task>2</Task>
      <Opcode>1</Opcode>
      <Keywords>0x4000000000000000</Keywords>
      <TimeCreated SystemTime="2020-09-18T14:02:52.690765600Z" />
      <EventRecordID>5809</EventRecordID>
      <Correlation ActivityID="{723b4822-62d9-46e9-8f62-d01c97a12822}" />
      <Execution ProcessID="1244" ThreadID="1772" ProcessorID="0" KernelTime="180" UserTime="171" />
      <Channel>
      </Channel>
      <Computer>LAPTOP-JU4M3I0E</Computer>
      <Security />
    </System>
    <EventData>
      <Data Name="InterfaceUuid">{423ec01e-2e35-11d2-b604-00104b703efd}</Data>
      <Data Name="ProcNum">3</Data>
      <Data Name="Protocol">3</Data>
      <Data Name="NetworkAddress">NULL</Data>
      <Data Name="Endpoint">OLE1D66DF2E47C355AC517E8BD1AC9E</Data>
      <Data Name="Options">NULL</Data>
      <Data Name="AuthenticationLevel">6</Data>
      <Data Name="AuthenticationService">20</Data>
      <Data Name="ImpersonationLevel">0</Data>
    </EventData>
  </Event>
  <Event xmlns="http://schemas.microsoft.com/win/2004/08/events/event">
    <System>
      <Provider Name="Microsoft-Windows-RPC" Guid="{6ad52b32-d609-4be9-ae07-ce8dae937e39}" />
      <EventID>6</EventID>
      <Version>1</Version>
      <Level>4</Level>
      <Task>2</Task>
      <Opcode>1</Opcode>
      <Keywords>0x4000000000000000</Keywords>
      <TimeCreated SystemTime="2020-09-18T14:02:52.690798600Z" />
      <EventRecordID>5830</EventRecordID>
      <Correlation ActivityID="{a8e43740-0abc-468e-aadf-aec79a139935}" />
      <Execution ProcessID="1244" ThreadID="1772" ProcessorID="0" KernelTime="180" UserTime="171" />
      <Channel>
      </Channel>
      <Computer>LAPTOP-JU4M3I0E</Computer>
      <Security />
    </System>
    <EventData>
      <Data Name="InterfaceUuid">{423ec01e-2e35-11d2-b604-00104b703efd}</Data>
      <Data Name="ProcNum">3</Data>
      <Data Name="Protocol">3</Data>
      <Data Name="NetworkAddress">NULL</Data>
      <Data Name="Endpoint">OLE1D66DF2E47C355AC517E8BD1AC9E</Data>
      <Data Name="Options">NULL</Data>
      <Data Name="AuthenticationLevel">6</Data>
      <Data Name="AuthenticationService">20</Data>
      <Data Name="ImpersonationLevel">0</Data>
    </EventData>
  </Event>
  <Event xmlns="http://schemas.microsoft.com/win/2004/08/events/event">
    <System>
      <Provider Name="Microsoft-Windows-RPC" Guid="{6ad52b32-d609-4be9-ae07-ce8dae937e39}" />
      <EventID>6</EventID>
      <Version>1</Version>
      <Level>4</Level>
      <Task>2</Task>
      <Opcode>1</Opcode>
      <Keywords>0x4000000000000000</Keywords>
      <TimeCreated SystemTime="2020-09-18T14:02:52.690828900Z" />
      <EventRecordID>5851</EventRecordID>
      <Correlation ActivityID="{413de7cf-27f9-4920-84dd-639c286db3c6}" />
      <Execution ProcessID="1244" ThreadID="1772" ProcessorID="0" KernelTime="180" UserTime="171" />
      <Channel>
      </Channel>
      <Computer>LAPTOP-JU4M3I0E</Computer>
      <Security />
    </System>
    <EventData>
      <Data Name="InterfaceUuid">{423ec01e-2e35-11d2-b604-00104b703efd}</Data>
      <Data Name="ProcNum">3</Data>
      <Data Name="Protocol">3</Data>
      <Data Name="NetworkAddress">NULL</Data>
      <Data Name="Endpoint">OLE1D66DF2E47C355AC517E8BD1AC9E</Data>
      <Data Name="Options">NULL</Data>
      <Data Name="AuthenticationLevel">6</Data>
      <Data Name="AuthenticationService">20</Data>
      <Data Name="ImpersonationLevel">0</Data>
    </EventData>
  </Event>
  <Event xmlns="http://schemas.microsoft.com/win/2004/08/events/event">
    <System>
      <Provider Name="Microsoft-Windows-RPC" Guid="{6ad52b32-d609-4be9-ae07-ce8dae937e39}" />
      <EventID>6</EventID>
      <Version>1</Version>
      <Level>4</Level>
      <Task>2</Task>
      <Opcode>1</Opcode>
      <Keywords>0x4000000000000000</Keywords>
      <TimeCreated SystemTime="2020-09-18T14:02:52.690882700Z" />
      <EventRecordID>5872</EventRecordID>
      <Correlation ActivityID="{55db2402-33a0-48a3-86f1-6712cf9808f9}" />
      <Execution ProcessID="1244" ThreadID="1772" ProcessorID="0" KernelTime="180" UserTime="171" />
      <Channel>
      </Channel>
      <Computer>LAPTOP-JU4M3I0E</Computer>
      <Security />
    </System>
    <EventData>
      <Data Name="InterfaceUuid">{423ec01e-2e35-11d2-b604-00104b703efd}</Data>
      <Data Name="ProcNum">3</Data>
      <Data Name="Protocol">3</Data>
      <Data Name="NetworkAddress">NULL</Data>
      <Data Name="Endpoint">OLE1D66DF2E47C355AC517E8BD1AC9E</Data>
      <Data Name="Options">NULL</Data>
      <Data Name="AuthenticationLevel">6</Data>
      <Data Name="AuthenticationService">20</Data>
      <Data Name="ImpersonationLevel">0</Data>
    </EventData>
  </Event>
  <Event xmlns="http://schemas.microsoft.com/win/2004/08/events/event">
    <System>
      <Provider Name="Microsoft-Windows-RPC" Guid="{6ad52b32-d609-4be9-ae07-ce8dae937e39}" />
      <EventID>6</EventID>
      <Version>1</Version>
      <Level>4</Level>
      <Task>2</Task>
      <Opcode>1</Opcode>
      <Keywords>0x4000000000000000</Keywords>
      <TimeCreated SystemTime="2020-09-18T14:02:52.694290000Z" />
      <EventRecordID>5932</EventRecordID>
      <Correlation />
      <Execution ProcessID="360" ThreadID="32" ProcessorID="1" KernelTime="21" UserTime="10" />
      <Channel>
      </Channel>
      <Computer>LAPTOP-JU4M3I0E</Computer>
      <Security />
    </System>
    <EventData>
      <Data Name="InterfaceUuid">{6bffd098-a112-3610-9833-46c3f87e345a}</Data>
      <Data Name="ProcNum">0</Data>
      <Data Name="Protocol">2</Data>
      <Data Name="NetworkAddress">NULL</Data>
      <Data Name="Endpoint">\PIPE\wkssvc</Data>
      <Data Name="Options">NULL</Data>
      <Data Name="AuthenticationLevel">1</Data>
      <Data Name="AuthenticationService">0</Data>
      <Data Name="ImpersonationLevel">0</Data>
    </EventData>
  </Event>
  <Event xmlns="http://schemas.microsoft.com/win/2004/08/events/event">
    <System>
      <Provider Name="Microsoft-Windows-RPC" Guid="{6ad52b32-d609-4be9-ae07-ce8dae937e39}" />
      <EventID>6</EventID>
      <Version>1</Version>
      <Level>4</Level>
      <Task>2</Task>
      <Opcode>1</Opcode>
      <Keywords>0x4000000000000000</Keywords>
      <TimeCreated SystemTime="2020-09-18T14:02:52.694352300Z" />
      <EventRecordID>5943</EventRecordID>
      <Correlation ActivityID="{d51adb97-ad0e-42ee-a7bf-5b8563b12ead}" />
      <Execution ProcessID="584" ThreadID="752" ProcessorID="1" KernelTime="88" UserTime="206" />
      <Channel>
      </Channel>
      <Computer>LAPTOP-JU4M3I0E</Computer>
      <Security />
    </System>
    <EventData>
      <Data Name="InterfaceUuid">{4f32adc8-6052-4a04-8701-293ccf2096f0}</Data>
      <Data Name="ProcNum">3</Data>
      <Data Name="Protocol">3</Data>
      <Data Name="NetworkAddress">NULL</Data>
      <Data Name="Endpoint">lsasspirpc</Data>
      <Data Name="Options">NULL</Data>
      <Data Name="AuthenticationLevel">6</Data>
      <Data Name="AuthenticationService">20</Data>
      <Data Name="ImpersonationLevel">0</Data>
    </EventData>
  </Event>
  <Event xmlns="http://schemas.microsoft.com/win/2004/08/events/event">
    <System>
      <Provider Name="Microsoft-Windows-RPC" Guid="{6ad52b32-d609-4be9-ae07-ce8dae937e39}" />
      <EventID>6</EventID>
      <Version>1</Version>
      <Level>4</Level>
      <Task>2</Task>
      <Opcode>1</Opcode>
      <Keywords>0x4000000000000000</Keywords>
      <TimeCreated SystemTime="2020-09-18T14:02:52.694809100Z" />
      <EventRecordID>6018</EventRecordID>
      <Correlation />
      <Execution ProcessID="1752" ThreadID="1892" ProcessorID="1" KernelTime="30" UserTime="29" />
      <Channel>
      </Channel>
      <Computer>LAPTOP-JU4M3I0E</Computer>
      <Security />
    </System>
    <EventData>
      <Data Name="InterfaceUuid">{4b324fc8-1670-01d3-1278-5a47bf6ee188}</Data>
      <Data Name="ProcNum">21</Data>
      <Data Name="Protocol">2</Data>
      <Data Name="NetworkAddress">NULL</Data>
      <Data Name="Endpoint">\PIPE\srvsvc</Data>
      <Data Name="Options">NULL</Data>
      <Data Name="AuthenticationLevel">1</Data>
      <Data Name="AuthenticationService">0</Data>
      <Data Name="ImpersonationLevel">0</Data>
    </EventData>
  </Event>
  <Event xmlns="http://schemas.microsoft.com/win/2004/08/events/event">
    <System>
      <Provider Name="Microsoft-Windows-RPC" Guid="{6ad52b32-d609-4be9-ae07-ce8dae937e39}" />
      <EventID>6</EventID>
      <Version>1</Version>
      <Level>4</Level>
      <Task>2</Task>
      <Opcode>1</Opcode>
      <Keywords>0x4000000000000000</Keywords>
      <TimeCreated SystemTime="2020-09-18T14:02:52.695056200Z" />
      <EventRecordID>6081</EventRecordID>
      <Correlation />
      <Execution ProcessID="1752" ThreadID="1892" ProcessorID="1" KernelTime="30" UserTime="29" />
      <Channel>
      </Channel>
      <Computer>LAPTOP-JU4M3I0E</Computer>
      <Security />
    </System>
    <EventData>
      <Data Name="InterfaceUuid">{4b324fc8-1670-01d3-1278-5a47bf6ee188}</Data>
      <Data Name="ProcNum">21</Data>
      <Data Name="Protocol">2</Data>
      <Data Name="NetworkAddress">NULL</Data>
      <Data Name="Endpoint">\PIPE\srvsvc</Data>
      <Data Name="Options">NULL</Data>
      <Data Name="AuthenticationLevel">1</Data>
      <Data Name="AuthenticationService">0</Data>
      <Data Name="ImpersonationLevel">0</Data>
    </EventData>
  </Event>
  <Event xmlns="http://schemas.microsoft.com/win/2004/08/events/event">
    <System>
      <Provider Name="Microsoft-Windows-RPC" Guid="{6ad52b32-d609-4be9-ae07-ce8dae937e39}" />
      <EventID>6</EventID>
      <Version>1</Version>
      <Level>4</Level>
      <Task>2</Task>
      <Opcode>1</Opcode>
      <Keywords>0x4000000000000000</Keywords>
      <TimeCreated SystemTime="2020-09-18T14:02:52.695237900Z" />
      <EventRecordID>6123</EventRecordID>
      <Correlation ActivityID="{cbf74710-5e77-465f-b861-7986dedbad9d}" />
      <Execution ProcessID="584" ThreadID="752" ProcessorID="0" KernelTime="88" UserTime="206" />
      <Channel>
      </Channel>
      <Computer>LAPTOP-JU4M3I0E</Computer>
      <Security />
    </System>
    <EventData>
      <Data Name="InterfaceUuid">{4f32adc8-6052-4a04-8701-293ccf2096f0}</Data>
      <Data Name="ProcNum">14</Data>
      <Data Name="Protocol">3</Data>
      <Data Name="NetworkAddress">NULL</Data>
      <Data Name="Endpoint">lsasspirpc</Data>
      <Data Name="Options">NULL</Data>
      <Data Name="AuthenticationLevel">6</Data>
      <Data Name="AuthenticationService">20</Data>
      <Data Name="ImpersonationLevel">0</Data>
    </EventData>
  </Event>
  