<Event xmlns="http://schemas.microsoft.com/win/2004/08/events/event">
    <System>
      <Provider Name="Microsoft-Windows-RPC" Guid="{6ad52b32-d609-4be9-ae07-ce8dae937e39}" />
      <EventID>6</EventID>
      <Version>1</Version>
      <Level>4</Level>
      <Task>2</Task>
      <Opcode>1</Opcode>
      <Keywords>0x4000000000000000</Keywords>
      <TimeCreated SystemTime="2020-09-18T14:02:52.705851800Z" />
      <EventRecordID>8130</EventRecordID>
      <Correlation ActivityID="{d277a34f-86d6-440a-a671-3104e476dcc5}" />
      <Execution ProcessID="264" ThreadID="4708" ProcessorID="1" KernelTime="54" UserTime="42" />
      <Channel>
      </Channel>
      <Computer>LAPTOP-JU4M3I0E</Computer>
      <Security />
    </System>
    <EventData>
      <Data Name="InterfaceUuid">{f6beaff7-1e19-4fbb-9f8f-b89e2018337c}</Data>
      <Data Name="ProcNum">17</Data>
      <Data Name="Protocol">3</Data>
      <Data Name="NetworkAddress">NULL</Data>
      <Data Name="Endpoint">eventlog</Data>
      <Data Name="Options">NULL</Data>
      <Data Name="AuthenticationLevel">6</Data>
      <Data Name="AuthenticationService">20</Data>
      <Data Name="ImpersonationLevel">0</Data>
    </EventData>
  </Event>
  <Event xmlns="http://schemas.microsoft.com/win/2004/08/events/event">
    <System>
      <Provider Name="Microsoft-Windows-RPC" Guid="{6ad52b32-d609-4be9-ae07-ce8dae937e39}" />
      <EventID>6</EventID>
      <Version>1</Version>
      <Level>4</Level>
      <Task>2</Task>
      <Opcode>1</Opcode>
      <Keywords>0x4000000000000000</Keywords>
      <TimeCreated SystemTime="2020-09-18T14:02:52.705978300Z" />
      <EventRecordID>8157</EventRecordID>
      <Correlation ActivityID="{0c107b43-5789-4c0a-92e5-40f0e61b1032}" />
      <Execution ProcessID="264" ThreadID="4708" ProcessorID="1" KernelTime="54" UserTime="42" />
      <Channel>
      </Channel>
      <Computer>LAPTOP-JU4M3I0E</Computer>
      <Security />
    </System>
    <EventData>
      <Data Name="InterfaceUuid">{f6beaff7-1e19-4fbb-9f8f-b89e2018337c}</Data>
      <Data Name="ProcNum">18</Data>
      <Data Name="Protocol">3</Data>
      <Data Name="NetworkAddress">NULL</Data>
      <Data Name="Endpoint">eventlog</Data>
      <Data Name="Options">NULL</Data>
      <Data Name="AuthenticationLevel">6</Data>
      <Data Name="AuthenticationService">20</Data>
      <Data Name="ImpersonationLevel">0</Data>
    </EventData>
  </Event>
  <Event xmlns="http://schemas.microsoft.com/win/2004/08/events/event">
    <System>
      <Provider Name="Microsoft-Windows-RPC" Guid="{6ad52b32-d609-4be9-ae07-ce8dae937e39}" />
      <EventID>6</EventID>
      <Version>1</Version>
      <Level>4</Level>
      <Task>2</Task>
      <Opcode>1</Opcode>
      <Keywords>0x4000000000000000</Keywords>
      <TimeCreated SystemTime="2020-09-18T14:02:52.706016100Z" />
      <EventRecordID>8180</EventRecordID>
      <Correlation ActivityID="{054d841e-68d0-43c4-834e-acd32be004a1}" />
      <Execution ProcessID="264" ThreadID="4708" ProcessorID="1" KernelTime="54" UserTime="42" />
      <Channel>
      </Channel>
      <Computer>LAPTOP-JU4M3I0E</Computer>
      <Security />
    </System>
    <EventData>
      <Data Name="InterfaceUuid">{f6beaff7-1e19-4fbb-9f8f-b89e2018337c}</Data>
      <Data Name="ProcNum">13</Data>
      <Data Name="Protocol">3</Data>
      <Data Name="NetworkAddress">NULL</Data>
      <Data Name="Endpoint">eventlog</Data>
      <Data Name="Options">NULL</Data>
      <Data Name="AuthenticationLevel">6</Data>
      <Data Name="AuthenticationService">20</Data>
      <Data Name="ImpersonationLevel">0</Data>
    </EventData>
  </Event>
  <Event xmlns="http://schemas.microsoft.com/win/2004/08/events/event">
    <System>
      <Provider Name="Microsoft-Windows-RPC" Guid="{6ad52b32-d609-4be9-ae07-ce8dae937e39}" />
      <EventID>6</EventID>
      <Version>1</Version>
      <Level>4</Level>
      <Task>2</Task>
      <Opcode>1</Opcode>
      <Keywords>0x4000000000000000</Keywords>
      <TimeCreated SystemTime="2020-09-18T14:02:52.706050800Z" />
      <EventRecordID>8206</EventRecordID>
      <Correlation ActivityID="{349e674c-b18e-4b24-a211-63f9d6168b52}" />
      <Execution ProcessID="264" ThreadID="4708" ProcessorID="1" KernelTime="54" UserTime="42" />
      <Channel>
      </Channel>
      <Computer>LAPTOP-JU4M3I0E</Computer>
      <Security />
    </System>
    <EventData>
      <Data Name="InterfaceUuid">{f6beaff7-1e19-4fbb-9f8f-b89e2018337c}</Data>
      <Data Name="ProcNum">20</Data>
      <Data Name="Protocol">3</Data>
      <Data Name="NetworkAddress">NULL</Data>
      <Data Name="Endpoint">eventlog</Data>
      <Data Name="Options">NULL</Data>
      <Data Name="AuthenticationLevel">6</Data>
      <Data Name="AuthenticationService">20</Data>
      <Data Name="ImpersonationLevel">0</Data>
    </EventData>
  </Event>
  <Event xmlns="http://schemas.microsoft.com/win/2004/08/events/event">
    <System>
      <Provider Name="Microsoft-Windows-RPC" Guid="{6ad52b32-d609-4be9-ae07-ce8dae937e39}" />
      <EventID>6</EventID>
      <Version>1</Version>
      <Level>4</Level>
      <Task>2</Task>
      <Opcode>1</Opcode>
      <Keywords>0x4000000000000000</Keywords>
      <TimeCreated SystemTime="2020-09-18T14:02:52.706298800Z" />
      <EventRecordID>8227</EventRecordID>
      <Correlation ActivityID="{780cf7db-33d3-4c84-95f2-ff97965f88d1}" />
      <Execution ProcessID="264" ThreadID="4708" ProcessorID="1" KernelTime="54" UserTime="42" />
      <Channel>
      </Channel>
      <Computer>LAPTOP-JU4M3I0E</Computer>
      <Security />
    </System>
    <EventData>
      <Data Name="InterfaceUuid">{f6beaff7-1e19-4fbb-9f8f-b89e2018337c}</Data>
      <Data Name="ProcNum">17</Data>
      <Data Name="Protocol">3</Data>
      <Data Name="NetworkAddress">NULL</Data>
      <Data Name="Endpoint">eventlog</Data>
      <Data Name="Options">NULL</Data>
      <Data Name="AuthenticationLevel">6</Data>
      <Data Name="AuthenticationService">20</Data>
      <Data Name="ImpersonationLevel">0</Data>
    </EventData>
  </Event>
  <Event xmlns="http://schemas.microsoft.com/win/2004/08/events/event">
    <System>
      <Provider Name="Microsoft-Windows-RPC" Guid="{6ad52b32-d609-4be9-ae07-ce8dae937e39}" />
      <EventID>6</EventID>
      <Version>1</Version>
      <Level>4</Level>
      <Task>2</Task>
      <Opcode>1</Opcode>
      <Keywords>0x4000000000000000</Keywords>
      <TimeCreated SystemTime="2020-09-18T14:02:52.706440000Z" />
      <EventRecordID>8254</EventRecordID>
      <Correlation ActivityID="{a29d6b8f-eba3-47ea-812b-83237982701f}" />
      <Execution ProcessID="264" ThreadID="4708" ProcessorID="1" KernelTime="54" UserTime="42" />
      <Channel>
      </Channel>
      <Computer>LAPTOP-JU4M3I0E</Computer>
      <Security />
    </System>
    <EventData>
      <Data Name="InterfaceUuid">{f6beaff7-1e19-4fbb-9f8f-b89e2018337c}</Data>
      <Data Name="ProcNum">18</Data>
      <Data Name="Protocol">3</Data>
      <Data Name="NetworkAddress">NULL</Data>
      <Data Name="Endpoint">eventlog</Data>
      <Data Name="Options">NULL</Data>
      <Data Name="AuthenticationLevel">6</Data>
      <Data Name="AuthenticationService">20</Data>
      <Data Name="ImpersonationLevel">0</Data>
    </EventData>
  </Event>
  <Event xmlns="http://schemas.microsoft.com/win/2004/08/events/event">
    <System>
      <Provider Name="Microsoft-Windows-RPC" Guid="{6ad52b32-d609-4be9-ae07-ce8dae937e39}" />
      <EventID>6</EventID>
      <Version>1</Version>
      <Level>4</Level>
      <Task>2</Task>
      <Opcode>1</Opcode>
      <Keywords>0x4000000000000000</Keywords>
      <TimeCreated SystemTime="2020-09-18T14:02:52.706476000Z" />
      <EventRecordID>8277</EventRecordID>
      <Correlation ActivityID="{8ba2ca96-126c-4e86-897a-cedbacfae50d}" />
      <Execution ProcessID="264" ThreadID="4708" ProcessorID="1" KernelTime="54" UserTime="42" />
      <Channel>
      </Channel>
      <Computer>LAPTOP-JU4M3I0E</Computer>
      <Security />
    </System>
    <EventData>
      <Data Name="InterfaceUuid">{f6beaff7-1e19-4fbb-9f8f-b89e2018337c}</Data>
      <Data Name="ProcNum">13</Data>
      <Data Name="Protocol">3</Data>
      <Data Name="NetworkAddress">NULL</Data>
      <Data Name="Endpoint">eventlog</Data>
      <Data Name="Options">NULL</Data>
      <Data Name="AuthenticationLevel">6</Data>
      <Data Name="AuthenticationService">20</Data>
      <Data Name="ImpersonationLevel">0</Data>
    </EventData>
  </Event>
  <Event xmlns="http://schemas.microsoft.com/win/2004/08/events/event">
    <System>
      <Provider Name="Microsoft-Windows-RPC" Guid="{6ad52b32-d609-4be9-ae07-ce8dae937e39}" />
      <EventID>6</EventID>
      <Version>1</Version>
      <Level>4</Level>
      <Task>2</Task>
      <Opcode>1</Opcode>
      <Keywords>0x4000000000000000</Keywords>
      <TimeCreated SystemTime="2020-09-18T14:02:52.706514300Z" />
      <EventRecordID>8303</EventRecordID>
      <Correlation ActivityID="{4646c7c2-5db2-4cd5-ab9b-2804fc546f11}" />
      <Execution ProcessID="264" ThreadID="4708" ProcessorID="1" KernelTime="54" UserTime="42" />
      <Channel>
      </Channel>
      <Computer>LAPTOP-JU4M3I0E</Computer>
      <Security />
    </System>
    <EventData>
      <Data Name="InterfaceUuid">{f6beaff7-1e19-4fbb-9f8f-b89e2018337c}</Data>
      <Data Name="ProcNum">20</Data>
      <Data Name="Protocol">3</Data>
      <Data Name="NetworkAddress">NULL</Data>
      <Data Name="Endpoint">eventlog</Data>
      <Data Name="Options">NULL</Data>
      <Data Name="AuthenticationLevel">6</Data>
      <Data Name="AuthenticationService">20</Data>
      <Data Name="ImpersonationLevel">0</Data>
    </EventData>
  </Event>
  <Event xmlns="http://schemas.microsoft.com/win/2004/08/events/event">
    <System>
      <Provider Name="Microsoft-Windows-RPC" Guid="{6ad52b32-d609-4be9-ae07-ce8dae937e39}" />
      <EventID>6</EventID>
      <Version>1</Version>
      <Level>4</Level>
      <Task>2</Task>
      <Opcode>1</Opcode>
      <Keywords>0x4000000000000000</Keywords>
      <TimeCreated SystemTime="2020-09-18T14:02:52.707806800Z" />
      <EventRecordID>8324</EventRecordID>
      <Correlation ActivityID="{0ff3b00e-c6b6-49b9-b2ba-8d54a90a8abb}" />
      <Execution ProcessID="264" ThreadID="4708" ProcessorID="0" KernelTime="54" UserTime="42" />
      <Channel>
      </Channel>
      <Computer>LAPTOP-JU4M3I0E</Computer>
      <Security />
    </System>
    <EventData>
      <Data Name="InterfaceUuid">{f6beaff7-1e19-4fbb-9f8f-b89e2018337c}</Data>
      <Data Name="ProcNum">17</Data>
      <Data Name="Protocol">3</Data>
      <Data Name="NetworkAddress">NULL</Data>
      <Data Name="Endpoint">eventlog</Data>
      <Data Name="Options">NULL</Data>
      <Data Name="AuthenticationLevel">6</Data>
      <Data Name="AuthenticationService">20</Data>
      <Data Name="ImpersonationLevel">0</Data>
    </EventData>
  </Event>
  <Event xmlns="http://schemas.microsoft.com/win/2004/08/events/event">
    <System>
      <Provider Name="Microsoft-Windows-RPC" Guid="{6ad52b32-d609-4be9-ae07-ce8dae937e39}" />
      <EventID>6</EventID>
      <Version>1</Version>
      <Level>4</Level>
      <Task>2</Task>
      <Opcode>1</Opcode>
      <Keywords>0x4000000000000000</Keywords>
      <TimeCreated SystemTime="2020-09-18T14:02:52.707974200Z" />
      <EventRecordID>8351</EventRecordID>
      <Correlation ActivityID="{ceb6b4ab-2d82-44b8-957b-a81b1da27634}" />
      <Execution ProcessID="264" ThreadID="4708" ProcessorID="0" KernelTime="54" UserTime="42" />
      <Channel>
      </Channel>
      <Computer>LAPTOP-JU4M3I0E</Computer>
      <Security />
    </System>
    <EventData>
      <Data Name="InterfaceUuid">{f6beaff7-1e19-4fbb-9f8f-b89e2018337c}</Data>
      <Data Name="ProcNum">18</Data>
      <Data Name="Protocol">3</Data>
      <Data Name="NetworkAddress">NULL</Data>
      <Data Name="Endpoint">eventlog</Data>
      <Data Name="Options">NULL</Data>
      <Data Name="AuthenticationLevel">6</Data>
      <Data Name="AuthenticationService">20</Data>
      <Data Name="ImpersonationLevel">0</Data>
    </EventData>
  </Event>
  <Event xmlns="http://schemas.microsoft.com/win/2004/08/events/event">
    <System>
      <Provider Name="Microsoft-Windows-RPC" Guid="{6ad52b32-d609-4be9-ae07-ce8dae937e39}" />
      <EventID>6</EventID>
      <Version>1</Version>
      <Level>4</Level>
      <Task>2</Task>
      <Opcode>1</Opcode>
      <Keywords>0x4000000000000000</Keywords>
      <TimeCreated SystemTime="2020-09-18T14:02:52.708012500Z" />
      <EventRecordID>8374</EventRecordID>
      <Correlation ActivityID="{7c22fe69-72ee-407c-8f36-8072a9b05f02}" />
      <Execution ProcessID="264" ThreadID="4708" ProcessorID="0" KernelTime="54" UserTime="42" />
      <Channel>
      </Channel>
      <Computer>LAPTOP-JU4M3I0E</Computer>
      <Security />
    </System>
    <EventData>
      <Data Name="InterfaceUuid">{f6beaff7-1e19-4fbb-9f8f-b89e2018337c}</Data>
      <Data Name="ProcNum">13</Data>
      <Data Name="Protocol">3</Data>
      <Data Name="NetworkAddress">NULL</Data>
      <Data Name="Endpoint">eventlog</Data>
      <Data Name="Options">NULL</Data>
      <Data Name="AuthenticationLevel">6</Data>
      <Data Name="AuthenticationService">20</Data>
      <Data Name="ImpersonationLevel">0</Data>
    </EventData>
  </Event>
  <Event xmlns="http://schemas.microsoft.com/win/2004/08/events/event">
    <System>
      <Provider Name="Microsoft-Windows-RPC" Guid="{6ad52b32-d609-4be9-ae07-ce8dae937e39}" />
      <EventID>6</EventID>
      <Version>1</Version>
      <Level>4</Level>
      <Task>2</Task>
      <Opcode>1</Opcode>
      <Keywords>0x4000000000000000</Keywords>
      <TimeCreated SystemTime="2020-09-18T14:02:52.708174500Z" />
      <EventRecordID>8400</EventRecordID>
      <Correlation ActivityID="{88480cf3-3681-4adb-8324-d8e19c9a0c62}" />
      <Execution ProcessID="264" ThreadID="4708" ProcessorID="0" KernelTime="54" UserTime="42" />
      <Channel>
      </Channel>
      <Computer>LAPTOP-JU4M3I0E</Computer>
      <Security />
    </System>
    <EventData>
      <Data Name="InterfaceUuid">{f6beaff7-1e19-4fbb-9f8f-b89e2018337c}</Data>
      <Data Name="ProcNum">20</Data>
      <Data Name="Protocol">3</Data>
      <Data Name="NetworkAddress">NULL</Data>
      <Data Name="Endpoint">eventlog</Data>
      <Data Name="Options">NULL</Data>
      <Data Name="AuthenticationLevel">6</Data>
      <Data Name="AuthenticationService">20</Data>
      <Data Name="ImpersonationLevel">0</Data>
    </EventData>
  </Event>
  <Event xmlns="http://schemas.microsoft.com/win/2004/08/events/event">
    <System>
      <Provider Name="Microsoft-Windows-RPC" Guid="{6ad52b32-d609-4be9-ae07-ce8dae937e39}" />
      <EventID>6</EventID>
      <Version>1</Version>
      <Level>4</Level>
      <Task>2</Task>
      <Opcode>1</Opcode>
      <Keywords>0x4000000000000000</Keywords>
      <TimeCreated SystemTime="2020-09-18T14:02:52.708569900Z" />
      <EventRecordID>8421</EventRecordID>
      <Correlation ActivityID="{2fb356b2-7fd7-497b-93a7-552e358c115e}" />
      <Execution ProcessID="264" ThreadID="4708" ProcessorID="1" KernelTime="54" UserTime="42" />
      <Channel>
      </Channel>
      <Computer>LAPTOP-JU4M3I0E</Computer>
      <Security />
    </System>
    <EventData>
      <Data Name="InterfaceUuid">{f6beaff7-1e19-4fbb-9f8f-b89e2018337c}</Data>
      <Data Name="ProcNum">17</Data>
      <Data Name="Protocol">3</Data>
      <Data Name="NetworkAddress">NULL</Data>
      <Data Name="Endpoint">eventlog</Data>
      <Data Name="Options">NULL</Data>
      <Data Name="AuthenticationLevel">6</Data>
      <Data Name="AuthenticationService">20</Data>
      <Data Name="ImpersonationLevel">0</Data>
    </EventData>
  </Event>
  <Event xmlns="http://schemas.microsoft.com/win/2004/08/events/event">
    <System>
      <Provider Name="Microsoft-Windows-RPC" Guid="{6ad52b32-d609-4be9-ae07-ce8dae937e39}" />
      <EventID>6</EventID>
      <Version>1</Version>
      <Level>4</Level>
      <Task>2</Task>
      <Opcode>1</Opcode>
      <Keywords>0x4000000000000000</Keywords>
      <TimeCreated SystemTime="2020-09-18T14:02:52.709028500Z" />
      <EventRecordID>8448</EventRecordID>
      <Correlation ActivityID="{06174a52-b1ab-4a77-997d-76f7f529f4ff}" />
      <Execution ProcessID="264" ThreadID="4708" ProcessorID="0" KernelTime="54" UserTime="42" />
      <Channel>
      </Channel>
      <Computer>LAPTOP-JU4M3I0E</Computer>
      <Security />
    </System>
    <EventData>
      <Data Name="InterfaceUuid">{f6beaff7-1e19-4fbb-9f8f-b89e2018337c}</Data>
      <Data Name="ProcNum">18</Data>
      <Data Name="Protocol">3</Data>
      <Data Name="NetworkAddress">NULL</Data>
      <Data Name="Endpoint">eventlog</Data>
      <Data Name="Options">NULL</Data>
      <Data Name="AuthenticationLevel">6</Data>
      <Data Name="AuthenticationService">20</Data>
      <Data Name="ImpersonationLevel">0</Data>
    </EventData>
  </Event>
  <Event xmlns="http://schemas.microsoft.com/win/2004/08/events/event">
    <System>
      <Provider Name="Microsoft-Windows-RPC" Guid="{6ad52b32-d609-4be9-ae07-ce8dae937e39}" />
      <EventID>6</EventID>
      <Version>1</Version>
      <Level>4</Level>
      <Task>2</Task>
      <Opcode>1</Opcode>
      <Keywords>0x4000000000000000</Keywords>
      <TimeCreated SystemTime="2020-09-18T14:02:52.709120600Z" />
      <EventRecordID>8471</EventRecordID>
      <Correlation ActivityID="{38fe644f-7564-44e3-8e27-c7a4a8574a24}" />
      <Execution ProcessID="264" ThreadID="4708" ProcessorID="0" KernelTime="54" UserTime="42" />
      <Channel>
      </Channel>
      <Computer>LAPTOP-JU4M3I0E</Computer>
      <Security />
    </System>
    <EventData>
      <Data Name="InterfaceUuid">{f6beaff7-1e19-4fbb-9f8f-b89e2018337c}</Data>
      <Data Name="ProcNum">13</Data>
      <Data Name="Protocol">3</Data>
      <Data Name="NetworkAddress">NULL</Data>
      <Data Name="Endpoint">eventlog</Data>
      <Data Name="Options">NULL</Data>
      <Data Name="AuthenticationLevel">6</Data>
      <Data Name="AuthenticationService">20</Data>
      <Data Name="ImpersonationLevel">0</Data>
    </EventData>
  </Event>
  <Event xmlns="http://schemas.microsoft.com/win/2004/08/events/event">
    <System>
      <Provider Name="Microsoft-Windows-RPC" Guid="{6ad52b32-d609-4be9-ae07-ce8dae937e39}" />
      <EventID>6</EventID>
      <Version>1</Version>
      <Level>4</Level>
      <Task>2</Task>
      <Opcode>1</Opcode>
      <Keywords>0x4000000000000000</Keywords>
      <TimeCreated SystemTime="2020-09-18T14:02:52.709207400Z" />
      <EventRecordID>8498</EventRecordID>
      <Correlation ActivityID="{b1275228-c300-494a-b4d3-17eb2f163cf4}" />
      <Execution ProcessID="1244" ThreadID="6472" ProcessorID="0" KernelTime="42" UserTime="42" />
      <Channel>
      </Channel>
      <Computer>LAPTOP-JU4M3I0E</Computer>
      <Security />
    </System>
    <EventData>
      <Data Name="InterfaceUuid">{7c857801-7381-11cf-884d-00aa004b2e24}</Data>
      <Data Name="ProcNum">3</Data>
      <Data Name="Protocol">3</Data>
      <Data Name="NetworkAddress">NULL</Data>
      <Data Name="Endpoint">OLE1D66DF2E47C355AC517E8BD1AC9E</Data>
      <Data Name="Options">NULL</Data>
      <Data Name="AuthenticationLevel">6</Data>
      <Data Name="AuthenticationService">20</Data>
      <Data Name="ImpersonationLevel">0</Data>
    </EventData>
  </Event>
  <Event xmlns="http://schemas.microsoft.com/win/2004/08/events/event">
    <System>
      <Provider Name="Microsoft-Windows-RPC" Guid="{6ad52b32-d609-4be9-ae07-ce8dae937e39}" />
      <EventID>6</EventID>
      <Version>1</Version>
      <Level>4</Level>
      <Task>2</Task>
      <Opcode>1</Opcode>
      <Keywords>0x4000000000000000</Keywords>
      <TimeCreated SystemTime="2020-09-18T14:02:52.709772000Z" />
      <EventRecordID>8521</EventRecordID>
      <Correlation ActivityID="{6e0cee07-782e-4a65-8e8d-435dd12dfd42}" />
      <Execution ProcessID="1244" ThreadID="6472" ProcessorID="1" KernelTime="42" UserTime="42" />
      <Channel>
      </Channel>
      <Computer>LAPTOP-JU4M3I0E</Computer>
      <Security />
    </System>
    <EventData>
      <Data Name="InterfaceUuid">{7c857801-7381-11cf-884d-00aa004b2e24}</Data>
      <Data Name="ProcNum">3</Data>
      <Data Name="Protocol">3</Data>
      <Data Name="NetworkAddress">NULL</Data>
      <Data Name="Endpoint">OLE1D66DF2E47C355AC517E8BD1AC9E</Data>
      <Data Name="Options">NULL</Data>
      <Data Name="AuthenticationLevel">6</Data>
      <Data Name="AuthenticationService">20</Data>
      <Data Name="ImpersonationLevel">0</Data>
    </EventData>
  </Event>
  <Event xmlns="http://schemas.microsoft.com/win/2004/08/events/event">
    <System>
      <Provider Name="Microsoft-Windows-RPC" Guid="{6ad52b32-d609-4be9-ae07-ce8dae937e39}" />
      <EventID>6</EventID>
      <Version>1</Version>
      <Level>4</Level>
      <Task>2</Task>
      <Opcode>1</Opcode>
      <Keywords>0x4000000000000000</Keywords>
      <TimeCreated SystemTime="2020-09-18T14:02:52.710239000Z" />
      <EventRecordID>8542</EventRecordID>
      <Correlation ActivityID="{a7586608-1ffa-42e6-9a72-2ddef668092d}" />
      <Execution ProcessID="1244" ThreadID="6472" ProcessorID="1" KernelTime="42" UserTime="42" />
      <Channel>
      </Channel>
      <Computer>LAPTOP-JU4M3I0E</Computer>
      <Security />
    </System>
    <EventData>
      <Data Name="InterfaceUuid">{7c857801-7381-11cf-884d-00aa004b2e24}</Data>
      <Data Name="ProcNum">4</Data>
      <Data Name="Protocol">3</Data>
      <Data Name="NetworkAddress">NULL</Data>
      <Data Name="Endpoint">OLE1D66DF2E47C355AC517E8BD1AC9E</Data>
      <Data Name="Options">NULL</Data>
      <Data Name="AuthenticationLevel">6</Data>
      <Data Name="AuthenticationService">20</Data>
      <Data Name="ImpersonationLevel">0</Data>
    </EventData>
  </Event>
  <Event xmlns="http://schemas.microsoft.com/win/2004/08/events/event">
    <System>
      <Provider Name="Microsoft-Windows-RPC" Guid="{6ad52b32-d609-4be9-ae07-ce8dae937e39}" />
      <EventID>6</EventID>
      <Version>1</Version>
      <Level>4</Level>
      <Task>2</Task>
      <Opcode>1</Opcode>
      <Keywords>0x4000000000000000</Keywords>
      <TimeCreated SystemTime="2020-09-18T14:02:52.710340100Z" />
      <EventRecordID>8564</EventRecordID>
      <Correlation ActivityID="{76df359d-3cf8-461d-8ca9-50bb2ec22800}" />
      <Execution ProcessID="1244" ThreadID="6472" ProcessorID="0" KernelTime="42" UserTime="42" />
      <Channel>
      </Channel>
      <Computer>LAPTOP-JU4M3I0E</Computer>
      <Security />
    </System>
    <EventData>
      <Data Name="InterfaceUuid">{00000134-0000-0000-c000-000000000046}</Data>
      <Data Name="ProcNum">5</Data>
      <Data Name="Protocol">3</Data>
      <Data Name="NetworkAddress">NULL</Data>
      <Data Name="Endpoint">OLE1D66DF2E47C355AC517E8BD1AC9E</Data>
      <Data Name="Options">NULL</Data>
      <Data Name="AuthenticationLevel">6</Data>
      <Data Name="AuthenticationService">20</Data>
      <Data Name="ImpersonationLevel">0</Data>
    </EventData>
  </Event>
  <Event xmlns="http://schemas.microsoft.com/win/2004/08/events/event">
    <System>
      <Provider Name="Microsoft-Windows-RPC" Guid="{6ad52b32-d609-4be9-ae07-ce8dae937e39}" />
      <EventID>6</EventID>
      <Version>1</Version>
      <Level>4</Level>
      <Task>2</Task>
      <Opcode>1</Opcode>
      <Keywords>0x4000000000000000</Keywords>
      <TimeCreated SystemTime="2020-09-18T14:02:52.711263400Z" />
      <EventRecordID>8606</EventRecordID>
      <Correlation ActivityID="{13903b38-69d6-4712-be87-a0a82332c457}" />
      <Execution ProcessID="1244" ThreadID="8172" ProcessorID="1" KernelTime="95" UserTime="151" />
      <Channel>
      </Channel>
      <Computer>LAPTOP-JU4M3I0E</Computer>
      <Security />
    </System>
    <EventData>
      <Data Name="InterfaceUuid">{423ec01e-2e35-11d2-b604-00104b703efd}</Data>
      <Data Name="ProcNum">3</Data>
      <Data Name="Protocol">3</Data>
      <Data Name="NetworkAddress">NULL</Data>
      <Data Name="Endpoint">OLE1D66DF2E47C355AC517E8BD1AC9E</Data>
      <Data Name="Options">NULL</Data>
      <Data Name="AuthenticationLevel">6</Data>
      <Data Name="AuthenticationService">20</Data>
      <Data Name="ImpersonationLevel">0</Data>
    </EventData>
  </Event>
  <Event xmlns="http://schemas.microsoft.com/win/2004/08/events/event">
    <System>
      <Provider Name="Microsoft-Windows-RPC" Guid="{6ad52b32-d609-4be9-ae07-ce8dae937e39}" />
      <EventID>6</EventID>
      <Version>1</Version>
      <Level>4</Level>
      <Task>2</Task>
      <Opcode>1</Opcode>
      <Keywords>0x4000000000000000</Keywords>
      <TimeCreated SystemTime="2020-09-18T14:02:52.711312400Z" />
      <EventRecordID>8628</EventRecordID>
      <Correlation ActivityID="{7775807a-55bd-49fc-b6f4-026781402a55}" />
      <Execution ProcessID="1244" ThreadID="8172" ProcessorID="1" KernelTime="95" UserTime="151" />
      <Channel>
      </Channel>
      <Computer>LAPTOP-JU4M3I0E</Computer>
      <Security />
    </System>
    <EventData>
      <Data Name="InterfaceUuid">{00000134-0000-0000-c000-000000000046}</Data>
      <Data Name="ProcNum">5</Data>
      <Data Name="Protocol">3</Data>
      <Data Name="NetworkAddress">NULL</Data>
      <Data Name="Endpoint">OLE1D66DF2E47C355AC517E8BD1AC9E</Data>
      <Data Name="Options">NULL</Data>
      <Data Name="AuthenticationLevel">6</Data>
      <Data Name="AuthenticationService">20</Data>
      <Data Name="ImpersonationLevel">0</Data>
    </EventData>
  </Event>
  <Event xmlns="http://schemas.microsoft.com/win/2004/08/events/event">
    <System>
      <Provider Name="Microsoft-Windows-RPC" Guid="{6ad52b32-d609-4be9-ae07-ce8dae937e39}" />
      <EventID>6</EventID>
      <Version>1</Version>
      <Level>4</Level>
      <Task>2</Task>
      <Opcode>1</Opcode>
      <Keywords>0x4000000000000000</Keywords>
      <TimeCreated SystemTime="2020-09-18T14:02:52.711347100Z" />
      <EventRecordID>8649</EventRecordID>
      <Correlation ActivityID="{5b32bd2b-15ea-4f89-80c9-d43dfbf57d2c}" />
      <Execution ProcessID="1244" ThreadID="8172" ProcessorID="1" KernelTime="95" UserTime="151" />
      <Channel>
      </Channel>
      <Computer>LAPTOP-JU4M3I0E</Computer>
      <Security />
    </System>
    <EventData>
      <Data Name="InterfaceUuid">{00000134-0000-0000-c000-000000000046}</Data>
      <Data Name="ProcNum">5</Data>
      <Data Name="Protocol">3</Data>
      <Data Name="NetworkAddress">NULL</Data>
      <Data Name="Endpoint">OLE1D66DF2E47C355AC517E8BD1AC9E</Data>
      <Data Name="Options">NULL</Data>
      <Data Name="AuthenticationLevel">6</Data>
      <Data Name="AuthenticationService">20</Data>
      <Data Name="ImpersonationLevel">0</Data>
    </EventData>
  </Event>
  <Event xmlns="http://schemas.microsoft.com/win/2004/08/events/event">
    <System>
      <Provider Name="Microsoft-Windows-RPC" Guid="{6ad52b32-d609-4be9-ae07-ce8dae937e39}" />
      <EventID>6</EventID>
      <Version>1</Version>
      <Level>4</Level>
      <Task>2</Task>
      <Opcode>1</Opcode>
      <Keywords>0x4000000000000000</Keywords>
      <TimeCreated SystemTime="2020-09-18T14:02:52.711672200Z" />
      <EventRecordID>8675</EventRecordID>
      <Correlation ActivityID="{dd0641c8-1f9a-4acf-8fd5-c4d9af0ca6f1}" />
      <Execution ProcessID="584" ThreadID="752" ProcessorID="1" KernelTime="88" UserTime="206" />
      <Channel>
      </Channel>
      <Computer>LAPTOP-JU4M3I0E</Computer>
      <Security />
    </System>
    <EventData>
      <Data Name="InterfaceUuid">{4f32adc8-6052-4a04-8701-293ccf2096f0}</Data>
      <Data Name="ProcNum">14</Data>
      <Data Name="Protocol">3</Data>
      <Data Name="NetworkAddress">NULL</Data>
      <Data Name="Endpoint">lsasspirpc</Data>
      <Data Name="Options">NULL</Data>
      <Data Name="AuthenticationLevel">6</Data>
      <Data Name="AuthenticationService">20</Data>
      <Data Name="ImpersonationLevel">0</Data>
    </EventData>
  </Event>
  <Event xmlns="http://schemas.microsoft.com/win/2004/08/events/event">
    <System>
      <Provider Name="Microsoft-Windows-RPC" Guid="{6ad52b32-d609-4be9-ae07-ce8dae937e39}" />
      <EventID>6</EventID>
      <Version>1</Version>
      <Level>4</Level>
      <Task>2</Task>
      <Opcode>1</Opcode>
      <Keywords>0x4000000000000000</Keywords>
      <TimeCreated SystemTime="2020-09-18T14:02:52.711954900Z" />
      <EventRecordID>8699</EventRecordID>
      <Correlation ActivityID="{5cd9e77d-208f-4d8b-bcac-6b15264771c9}" />
      <Execution ProcessID="1244" ThreadID="8172" ProcessorID="0" KernelTime="95" UserTime="151" />
      <Channel>
      </Channel>
      <Computer>LAPTOP-JU4M3I0E</Computer>
      <Security />
    </System>
    <EventData>
      <Data Name="InterfaceUuid">{7c857801-7381-11cf-884d-00aa004b2e24}</Data>
      <Data Name="ProcNum">3</Data>
      <Data Name="Protocol">3</Data>
      <Data Name="NetworkAddress">NULL</Data>
      <Data Name="Endpoint">OLE1D66DF2E47C355AC517E8BD1AC9E</Data>
      <Data Name="Options">NULL</Data>
      <Data Name="AuthenticationLevel">6</Data>
      <Data Name="AuthenticationService">20</Data>
      <Data Name="ImpersonationLevel">0</Data>
    </EventData>
  </Event>
  <Event xmlns="http://schemas.microsoft.com/win/2004/08/events/event">
    <System>
      <Provider Name="Microsoft-Windows-RPC" Guid="{6ad52b32-d609-4be9-ae07-ce8dae937e39}" />
      <EventID>6</EventID>
      <Version>1</Version>
      <Level>4</Level>
      <Task>2</Task>
      <Opcode>1</Opcode>
      <Keywords>0x4000000000000000</Keywords>
      <TimeCreated SystemTime="2020-09-18T14:02:52.712208200Z" />
      <EventRecordID>8720</EventRecordID>
      <Correlation ActivityID="{3ebbdd96-1e2a-4796-a6b0-69309c3f4f38}" />
      <Execution ProcessID="1244" ThreadID="8172" ProcessorID="1" KernelTime="95" UserTime="151" />
      <Channel>
      </Channel>
      <Computer>LAPTOP-JU4M3I0E</Computer>
      <Security />
    </System>
    <EventData>
      <Data Name="InterfaceUuid">{7c857801-7381-11cf-884d-00aa004b2e24}</Data>
      <Data Name="ProcNum">4</Data>
      <Data Name="Protocol">3</Data>
      <Data Name="NetworkAddress">NULL</Data>
      <Data Name="Endpoint">OLE1D66DF2E47C355AC517E8BD1AC9E</Data>
      <Data Name="Options">NULL</Data>
      <Data Name="AuthenticationLevel">6</Data>
      <Data Name="AuthenticationService">20</Data>
      <Data Name="ImpersonationLevel">0</Data>
    </EventData>
  </Event>
  <Event xmlns="http://schemas.microsoft.com/win/2004/08/events/event">
    <System>
      <Provider Name="Microsoft-Windows-RPC" Guid="{6ad52b32-d609-4be9-ae07-ce8dae937e39}" />
      <EventID>6</EventID>
      <Version>1</Version>
      <Level>4</Level>
      <Task>2</Task>
      <Opcode>1</Opcode>
      <Keywords>0x4000000000000000</Keywords>
      <TimeCreated SystemTime="2020-09-18T14:02:52.712354700Z" />
      <EventRecordID>8742</EventRecordID>
      <Correlation ActivityID="{07e7b5c0-0417-4ab0-aa83-b9a75370dd4e}" />
      <Execution ProcessID="1244" ThreadID="8172" ProcessorID="1" KernelTime="95" UserTime="151" />
      <Channel>
      </Channel>
      <Computer>LAPTOP-JU4M3I0E</Computer>
      <Security />
    </System>
    <EventData>
      <Data Name="InterfaceUuid">{00000134-0000-0000-c000-000000000046}</Data>
      <Data Name="ProcNum">5</Data>
      <Data Name="Protocol">3</Data>
      <Data Name="NetworkAddress">NULL</Data>
      <Data Name="Endpoint">OLE1D66DF2E47C355AC517E8BD1AC9E</Data>
      <Data Name="Options">NULL</Data>
      <Data Name="AuthenticationLevel">6</Data>
      <Data Name="AuthenticationService">20</Data>
      <Data Name="ImpersonationLevel">0</Data>
    </EventData>
  </Event>
  <Event xmlns="http://schemas.microsoft.com/win/2004/08/events/event">
    <System>
      <Provider Name="Microsoft-Windows-RPC" Guid="{6ad52b32-d609-4be9-ae07-ce8dae937e39}" />
      <EventID>6</EventID>
      <Version>1</Version>
      <Level>4</Level>
      <Task>2</Task>
      <Opcode>1</Opcode>
      <Keywords>0x4000000000000000</Keywords>
      <TimeCreated SystemTime="2020-09-18T14:02:52.712649000Z" />
      <EventRecordID>8783</EventRecordID>
      <Correlation ActivityID="{d7899c41-5a03-4155-b18b-ba020d6f60ac}" />
      <Execution ProcessID="1244" ThreadID="1772" ProcessorID="1" KernelTime="180" UserTime="172" />
      <Channel>
      </Channel>
      <Computer>LAPTOP-JU4M3I0E</Computer>
      <Security />
    </System>
    <EventData>
      <Data Name="InterfaceUuid">{423ec01e-2e35-11d2-b604-00104b703efd}</Data>
      <Data Name="ProcNum">3</Data>
      <Data Name="Protocol">3</Data>
      <Data Name="NetworkAddress">NULL</Data>
      <Data Name="Endpoint">OLE1D66DF2E47C355AC517E8BD1AC9E</Data>
      <Data Name="Options">NULL</Data>
      <Data Name="AuthenticationLevel">6</Data>
      <Data Name="AuthenticationService">20</Data>
      <Data Name="ImpersonationLevel">0</Data>
    </EventData>
  </Event>
  <Event xmlns="http://schemas.microsoft.com/win/2004/08/events/event">
    <System>
      <Provider Name="Microsoft-Windows-RPC" Guid="{6ad52b32-d609-4be9-ae07-ce8dae937e39}" />
      <EventID>6</EventID>
      <Version>1</Version>
      <Level>4</Level>
      <Task>2</Task>
      <Opcode>1</Opcode>
      <Keywords>0x4000000000000000</Keywords>
      <TimeCreated SystemTime="2020-09-18T14:02:52.712697900Z" />
      <EventRecordID>8804</EventRecordID>
      <Correlation ActivityID="{a8a583e5-dd71-4aab-acee-f352e886880a}" />
      <Execution ProcessID="1244" ThreadID="1772" ProcessorID="1" KernelTime="180" UserTime="172" />
      <Channel>
      </Channel>
      <Computer>LAPTOP-JU4M3I0E</Computer>
      <Security />
    </System>
    <EventData>
      <Data Name="InterfaceUuid">{00000134-0000-0000-c000-000000000046}</Data>
      <Data Name="ProcNum">5</Data>
      <Data Name="Protocol">3</Data>
      <Data Name="NetworkAddress">NULL</Data>
      <Data Name="Endpoint">OLE1D66DF2E47C355AC517E8BD1AC9E</Data>
      <Data Name="Options">NULL</Data>
      <Data Name="AuthenticationLevel">6</Data>
      <Data Name="AuthenticationService">20</Data>
      <Data Name="ImpersonationLevel">0</Data>
    </EventData>
  </Event>
  <Event xmlns="http://schemas.microsoft.com/win/2004/08/events/event">
    <System>
      <Provider Name="Microsoft-Windows-RPC" Guid="{6ad52b32-d609-4be9-ae07-ce8dae937e39}" />
      <EventID>6</EventID>
      <Version>1</Version>
      <Level>4</Level>
      <Task>2</Task>
      <Opcode>1</Opcode>
      <Keywords>0x4000000000000000</Keywords>
      <TimeCreated SystemTime="2020-09-18T14:02:52.712859500Z" />
      <EventRecordID>8830</EventRecordID>
      <Correlation ActivityID="{b2802cc9-3a13-413d-af53-b28df11df727}" />
      <Execution ProcessID="1244" ThreadID="1772" ProcessorID="0" KernelTime="180" UserTime="172" />
      <Channel>
      </Channel>
      <Computer>LAPTOP-JU4M3I0E</Computer>
      <Security />
    </System>
    <EventData>
      <Data Name="InterfaceUuid">{00000134-0000-0000-c000-000000000046}</Data>
      <Data Name="ProcNum">5</Data>
      <Data Name="Protocol">3</Data>
      <Data Name="NetworkAddress">NULL</Data>
      <Data Name="Endpoint">OLE1D66DF2E47C355AC517E8BD1AC9E</Data>
      <Data Name="Options">NULL</Data>
      <Data Name="AuthenticationLevel">6</Data>
      <Data Name="AuthenticationService">20</Data>
      <Data Name="ImpersonationLevel">0</Data>
    </EventData>
  </Event>
  <Event xmlns="http://schemas.microsoft.com/win/2004/08/events/event">
    <System>
      <Provider Name="Microsoft-Windows-RPC" Guid="{6ad52b32-d609-4be9-ae07-ce8dae937e39}" />
      <EventID>6</EventID>
      <Version>1</Version>
      <Level>4</Level>
      <Task>2</Task>
      <Opcode>1</Opcode>
      <Keywords>0x4000000000000000</Keywords>
      <TimeCreated SystemTime="2020-09-18T14:02:52.713224200Z" />
      <EventRecordID>8856</EventRecordID>
      <Correlation ActivityID="{8a0773bd-0c0f-46a0-9c71-bed7990e8a15}" />
      <Execution ProcessID="1244" ThreadID="1772" ProcessorID="0" KernelTime="180" UserTime="172" />
      <Channel>
      </Channel>
      <Computer>LAPTOP-JU4M3I0E</Computer>
      <Security />
    </System>
    <EventData>
      <Data Name="InterfaceUuid">{9556dc99-828c-11cf-a37e-00aa003240c7}</Data>
      <Data Name="ProcNum">18</Data>
      <Data Name="Protocol">3</Data>
      <Data Name="NetworkAddress">NULL</Data>
      <Data Name="Endpoint">OLE1D66DF2E47C355AC517E8BD1AC9E</Data>
      <Data Name="Options">NULL</Data>
      <Data Name="AuthenticationLevel">6</Data>
      <Data Name="AuthenticationService">20</Data>
      <Data Name="ImpersonationLevel">0</Data>
    </EventData>
  </Event>
  <Event xmlns="http://schemas.microsoft.com/win/2004/08/events/event">
    <System>
      <Provider Name="Microsoft-Windows-RPC" Guid="{6ad52b32-d609-4be9-ae07-ce8dae937e39}" />
      <EventID>6</EventID>
      <Version>1</Version>
      <Level>4</Level>
      <Task>2</Task>
      <Opcode>1</Opcode>
      <Keywords>0x4000000000000000</Keywords>
      <TimeCreated SystemTime="2020-09-18T14:02:52.713709000Z" />
      <EventRecordID>8884</EventRecordID>
      <Correlation ActivityID="{2a3cf9b0-5b17-4788-aabc-4399105ceb2f}" />
      <Execution ProcessID="1244" ThreadID="1772" ProcessorID="0" KernelTime="180" UserTime="172" />
      <Channel>
      </Channel>
      <Computer>LAPTOP-JU4M3I0E</Computer>
      <Security />
    </System>
    <EventData>
      <Data Name="InterfaceUuid">{00000134-0000-0000-c000-000000000046}</Data>
      <Data Name="ProcNum">3</Data>
      <Data Name="Protocol">3</Data>
      <Data Name="NetworkAddress">NULL</Data>
      <Data Name="Endpoint">OLE1D66DF2E47C355AC517E8BD1AC9E</Data>
      <Data Name="Options">NULL</Data>
      <Data Name="AuthenticationLevel">6</Data>
      <Data Name="AuthenticationService">20</Data>
      <Data Name="ImpersonationLevel">0</Data>
    </EventData>
  </Event>
  <Event xmlns="http://schemas.microsoft.com/win/2004/08/events/event">
    <System>
      <Provider Name="Microsoft-Windows-RPC" Guid="{6ad52b32-d609-4be9-ae07-ce8dae937e39}" />
      <EventID>6</EventID>
      <Version>1</Version>
      <Level>4</Level>
      <Task>2</Task>
      <Opcode>1</Opcode>
      <Keywords>0x4000000000000000</Keywords>
      <TimeCreated SystemTime="2020-09-18T14:02:52.713923200Z" />
      <EventRecordID>8901</EventRecordID>
      <Correlation ActivityID="{4e093f70-301a-4f71-98a2-0a7bac24fddf}" />
      <Execution ProcessID="2512" ThreadID="6548" ProcessorID="1" KernelTime="492" UserTime="127" />
      <Channel>
      </Channel>
      <Computer>LAPTOP-JU4M3I0E</Computer>
      <Security />
    </System>
    <EventData>
      <Data Name="InterfaceUuid">{6b3fc272-bf37-4968-933a-6df9222a2607}</Data>
      <Data Name="ProcNum">9</Data>
      <Data Name="Protocol">3</Data>
      <Data Name="NetworkAddress">NULL</Data>
      <Data Name="Endpoint">OLEBB6012C7E3F1F9492EB953C49432</Data>
      <Data Name="Options">NULL</Data>
      <Data Name="AuthenticationLevel">6</Data>
      <Data Name="AuthenticationService">20</Data>
      <Data Name="ImpersonationLevel">0</Data>
    </EventData>
  </Event>
  <Event xmlns="http://schemas.microsoft.com/win/2004/08/events/event">
    <System>
      <Provider Name="Microsoft-Windows-RPC" Guid="{6ad52b32-d609-4be9-ae07-ce8dae937e39}" />
      <EventID>6</EventID>
      <Version>1</Version>
      <Level>4</Level>
      <Task>2</Task>
      <Opcode>1</Opcode>
      <Keywords>0x4000000000000000</Keywords>
      <TimeCreated SystemTime="2020-09-18T14:02:52.713978800Z" />
      <EventRecordID>8912</EventRecordID>
      <Correlation ActivityID="{1457ae68-8c78-40ff-8b43-da721d211639}" />
      <Execution ProcessID="1244" ThreadID="1772" ProcessorID="1" KernelTime="180" UserTime="172" />
      <Channel>
      </Channel>
      <Computer>LAPTOP-JU4M3I0E</Computer>
      <Security />
    </System>
    <EventData>
      <Data Name="InterfaceUuid">{00000134-0000-0000-c000-000000000046}</Data>
      <Data Name="ProcNum">5</Data>
      <Data Name="Protocol">3</Data>
      <Data Name="NetworkAddress">NULL</Data>
      <Data Name="Endpoint">OLE1D66DF2E47C355AC517E8BD1AC9E</Data>
      <Data Name="Options">NULL</Data>
      <Data Name="AuthenticationLevel">6</Data>
      <Data Name="AuthenticationService">20</Data>
      <Data Name="ImpersonationLevel">0</Data>
    </EventData>
  </Event>
  <Event xmlns="http://schemas.microsoft.com/win/2004/08/events/event">
    <System>
      <Provider Name="Microsoft-Windows-RPC" Guid="{6ad52b32-d609-4be9-ae07-ce8dae937e39}" />
      <EventID>6</EventID>
      <Version>1</Version>
      <Level>4</Level>
      <Task>2</Task>
      <Opcode>1</Opcode>
      <Keywords>0x4000000000000000</Keywords>
      <TimeCreated SystemTime="2020-09-18T14:02:52.714487700Z" />
      <EventRecordID>8966</EventRecordID>
      <Correlation ActivityID="{483bbeae-6f71-4f96-bcf6-15169c9c9960}" />
      <Execution ProcessID="1244" ThreadID="1772" ProcessorID="1" KernelTime="180" UserTime="172" />
      <Channel>
      </Channel>
      <Computer>LAPTOP-JU4M3I0E</Computer>
      <Security />
    </System>
    <EventData>
      <Data Name="InterfaceUuid">{1c1c45ee-4395-11d2-b60b-00104b703efd}</Data>
      <Data Name="ProcNum">3</Data>
      <Data Name="Protocol">3</Data>
      <Data Name="NetworkAddress">NULL</Data>
      <Data Name="Endpoint">OLE1D66DF2E47C355AC517E8BD1AC9E</Data>
      <Data Name="Options">NULL</Data>
      <Data Name="AuthenticationLevel">6</Data>
      <Data Name="AuthenticationService">20</Data>
      <Data Name="ImpersonationLevel">0</Data>
    </EventData>
  </Event>
  <Event xmlns="http://schemas.microsoft.com/win/2004/08/events/event">
    <System>
      <Provider Name="Microsoft-Windows-RPC" Guid="{6ad52b32-d609-4be9-ae07-ce8dae937e39}" />
      <EventID>6</EventID>
      <Version>1</Version>
      <Level>4</Level>
      <Task>2</Task>
      <Opcode>1</Opcode>
      <Keywords>0x4000000000000000</Keywords>
      <TimeCreated SystemTime="2020-09-18T14:02:52.714833600Z" />
      <EventRecordID>9006</EventRecordID>
      <Correlation ActivityID="{7370399b-f277-4908-8c7c-6bb6d6000578}" />
      <Execution ProcessID="1244" ThreadID="1772" ProcessorID="0" KernelTime="180" UserTime="172" />
      <Channel>
      </Channel>
      <Computer>LAPTOP-JU4M3I0E</Computer>
      <Security />
    </System>
    <EventData>
      <Data Name="InterfaceUuid">{423ec01e-2e35-11d2-b604-00104b703efd}</Data>
      <Data Name="ProcNum">3</Data>
      <Data Name="Protocol">3</Data>
      <Data Name="NetworkAddress">NULL</Data>
      <Data Name="Endpoint">OLE1D66DF2E47C355AC517E8BD1AC9E</Data>
      <Data Name="Options">NULL</Data>
      <Data Name="AuthenticationLevel">6</Data>
      <Data Name="AuthenticationService">20</Data>
      <Data Name="ImpersonationLevel">0</Data>
    </EventData>
  </Event>
  <Event xmlns="http://schemas.microsoft.com/win/2004/08/events/event">
    <System>
      <Provider Name="Microsoft-Windows-RPC" Guid="{6ad52b32-d609-4be9-ae07-ce8dae937e39}" />
      <EventID>6</EventID>
      <Version>1</Version>
      <Level>4</Level>
      <Task>2</Task>
      <Opcode>1</Opcode>
      <Keywords>0x4000000000000000</Keywords>
      <TimeCreated SystemTime="2020-09-18T14:02:52.715400000Z" />
      <EventRecordID>9034</EventRecordID>
      <Correlation ActivityID="{6a105425-1850-448c-8258-a02f08d2e92e}" />
      <Execution ProcessID="2512" ThreadID="6548" ProcessorID="1" KernelTime="492" UserTime="127" />
      <Channel>
      </Channel>
      <Computer>LAPTOP-JU4M3I0E</Computer>
      <Security />
    </System>
    <EventData>
      <Data Name="InterfaceUuid">{9556dc99-828c-11cf-a37e-00aa003240c7}</Data>
      <Data Name="ProcNum">19</Data>
      <Data Name="Protocol">3</Data>
      <Data Name="NetworkAddress">NULL</Data>
      <Data Name="Endpoint">OLEBB6012C7E3F1F9492EB953C49432</Data>
      <Data Name="Options">NULL</Data>
      <Data Name="AuthenticationLevel">6</Data>
      <Data Name="AuthenticationService">20</Data>
      <Data Name="ImpersonationLevel">0</Data>
    </EventData>
  </Event>
  <Event xmlns="http://schemas.microsoft.com/win/2004/08/events/event">
    <System>
      <Provider Name="Microsoft-Windows-RPC" Guid="{6ad52b32-d609-4be9-ae07-ce8dae937e39}" />
      <EventID>6</EventID>
      <Version>1</Version>
      <Level>4</Level>
      <Task>2</Task>
      <Opcode>1</Opcode>
      <Keywords>0x4000000000000000</Keywords>
      <TimeCreated SystemTime="2020-09-18T14:02:52.715582000Z" />
      <EventRecordID>9045</EventRecordID>
      <Correlation ActivityID="{501a5497-e73d-4792-a909-89871faa4974}" />
      <Execution ProcessID="584" ThreadID="752" ProcessorID="1" KernelTime="88" UserTime="206" />
      <Channel>
      </Channel>
      <Computer>LAPTOP-JU4M3I0E</Computer>
      <Security />
    </System>
    <EventData>
      <Data Name="InterfaceUuid">{4f32adc8-6052-4a04-8701-293ccf2096f0}</Data>
      <Data Name="ProcNum">14</Data>
      <Data Name="Protocol">3</Data>
      <Data Name="NetworkAddress">NULL</Data>
      <Data Name="Endpoint">lsasspirpc</Data>
      <Data Name="Options">NULL</Data>
      <Data Name="AuthenticationLevel">6</Data>
      <Data Name="AuthenticationService">20</Data>
      <Data Name="ImpersonationLevel">0</Data>
    </EventData>
  </Event>
  <Event xmlns="http://schemas.microsoft.com/win/2004/08/events/event">
    <System>
      <Provider Name="Microsoft-Windows-RPC" Guid="{6ad52b32-d609-4be9-ae07-ce8dae937e39}" />
      <EventID>6</EventID>
      <Version>1</Version>
      <Level>4</Level>
      <Task>2</Task>
      <Opcode>1</Opcode>
      <Keywords>0x4000000000000000</Keywords>
      <TimeCreated SystemTime="2020-09-18T14:02:52.715924400Z" />
      <EventRecordID>9068</EventRecordID>
      <Correlation ActivityID="{9caf12c7-a08e-42f7-9cab-bf61cae4c975}" />
      <Execution ProcessID="584" ThreadID="752" ProcessorID="0" KernelTime="88" UserTime="206" />
      <Channel>
      </Channel>
      <Computer>LAPTOP-JU4M3I0E</Computer>
      <Security />
    </System>
    <EventData>
      <Data Name="InterfaceUuid">{4f32adc8-6052-4a04-8701-293ccf2096f0}</Data>
      <Data Name="ProcNum">14</Data>
      <Data Name="Protocol">3</Data>
      <Data Name="NetworkAddress">NULL</Data>
      <Data Name="Endpoint">lsasspirpc</Data>
      <Data Name="Options">NULL</Data>
      <Data Name="AuthenticationLevel">6</Data>
      <Data Name="AuthenticationService">20</Data>
      <Data Name="ImpersonationLevel">0</Data>
    </EventData>
  </Event>
  <Event xmlns="http://schemas.microsoft.com/win/2004/08/events/event">
    <System>
      <Provider Name="Microsoft-Windows-RPC" Guid="{6ad52b32-d609-4be9-ae07-ce8dae937e39}" />
      <EventID>6</EventID>
      <Version>1</Version>
      <Level>4</Level>
      <Task>2</Task>
      <Opcode>1</Opcode>
      <Keywords>0x4000000000000000</Keywords>
      <TimeCreated SystemTime="2020-09-18T14:02:52.716009500Z" />
      <EventRecordID>9092</EventRecordID>
      <Correlation ActivityID="{a1eb72b9-7dce-4ea7-b4fc-14c2c1a35e90}" />
      <Execution ProcessID="1244" ThreadID="8172" ProcessorID="0" KernelTime="95" UserTime="151" />
      <Channel>
      </Channel>
      <Computer>LAPTOP-JU4M3I0E</Computer>
      <Security />
    </System>
    <EventData>
      <Data Name="InterfaceUuid">{7c857801-7381-11cf-884d-00aa004b2e24}</Data>
      <Data Name="ProcNum">4</Data>
      <Data Name="Protocol">3</Data>
      <Data Name="NetworkAddress">NULL</Data>
      <Data Name="Endpoint">OLE1D66DF2E47C355AC517E8BD1AC9E</Data>
      <Data Name="Options">NULL</Data>
      <Data Name="AuthenticationLevel">6</Data>
      <Data Name="AuthenticationService">20</Data>
      <Data Name="ImpersonationLevel">0</Data>
    </EventData>
  </Event>
  