<Event xmlns="http://schemas.microsoft.com/win/2004/08/events/event">
    <System>
      <Provider Name="Microsoft-Windows-RPC" Guid="{6ad52b32-d609-4be9-ae07-ce8dae937e39}" />
      <EventID>6</EventID>
      <Version>1</Version>
      <Level>4</Level>
      <Task>2</Task>
      <Opcode>1</Opcode>
      <Keywords>0x4000000000000000</Keywords>
      <TimeCreated SystemTime="2020-09-18T14:02:52.004175400Z" />
      <EventRecordID>3365</EventRecordID>
      <Correlation ActivityID="{ecb0082f-fe52-411f-87a1-4c4d347f4823}" />
      <Execution ProcessID="576" ThreadID="1904" ProcessorID="0" KernelTime="21" UserTime="10" />
      <Channel>
      </Channel>
      <Computer>LAPTOP-JU4M3I0E</Computer>
      <Security />
    </System>
    <EventData>
      <Data Name="InterfaceUuid">{367abb81-9844-35f1-ad32-98f038001003}</Data>
      <Data Name="ProcNum">0</Data>
      <Data Name="Protocol">3</Data>
      <Data Name="NetworkAddress">NULL</Data>
      <Data Name="Endpoint">ntsvcs</Data>
      <Data Name="Options">NULL</Data>
      <Data Name="AuthenticationLevel">6</Data>
      <Data Name="AuthenticationService">20</Data>
      <Data Name="ImpersonationLevel">0</Data>
    </EventData>
  </Event>
  <Event xmlns="http://schemas.microsoft.com/win/2004/08/events/event">
    <System>
      <Provider Name="Microsoft-Windows-RPC" Guid="{6ad52b32-d609-4be9-ae07-ce8dae937e39}" />
      <EventID>6</EventID>
      <Version>1</Version>
      <Level>4</Level>
      <Task>2</Task>
      <Opcode>1</Opcode>
      <Keywords>0x4000000000000000</Keywords>
      <TimeCreated SystemTime="2020-09-18T14:02:52.004197600Z" />
      <EventRecordID>3391</EventRecordID>
      <Correlation ActivityID="{1cf3138d-ce5b-4f6d-ab93-4b642fbfd897}" />
      <Execution ProcessID="576" ThreadID="1904" ProcessorID="0" KernelTime="21" UserTime="10" />
      <Channel>
      </Channel>
      <Computer>LAPTOP-JU4M3I0E</Computer>
      <Security />
    </System>
    <EventData>
      <Data Name="InterfaceUuid">{367abb81-9844-35f1-ad32-98f038001003}</Data>
      <Data Name="ProcNum">0</Data>
      <Data Name="Protocol">3</Data>
      <Data Name="NetworkAddress">NULL</Data>
      <Data Name="Endpoint">ntsvcs</Data>
      <Data Name="Options">NULL</Data>
      <Data Name="AuthenticationLevel">6</Data>
      <Data Name="AuthenticationService">20</Data>
      <Data Name="ImpersonationLevel">0</Data>
    </EventData>
  </Event>
  <Event xmlns="http://schemas.microsoft.com/win/2004/08/events/event">
    <System>
      <Provider Name="Microsoft-Windows-RPC" Guid="{6ad52b32-d609-4be9-ae07-ce8dae937e39}" />
      <EventID>6</EventID>
      <Version>1</Version>
      <Level>4</Level>
      <Task>2</Task>
      <Opcode>1</Opcode>
      <Keywords>0x4000000000000000</Keywords>
      <TimeCreated SystemTime="2020-09-18T14:02:52.676093500Z" />
      <EventRecordID>3432</EventRecordID>
      <Correlation ActivityID="{760d0ec3-9950-4ed0-98e2-20dd68e5b446}" />
      <Execution ProcessID="2512" ThreadID="6548" ProcessorID="1" KernelTime="492" UserTime="127" />
      <Channel>
      </Channel>
      <Computer>LAPTOP-JU4M3I0E</Computer>
      <Security />
    </System>
    <EventData>
      <Data Name="InterfaceUuid">{f1e9c5b2-f59b-11d2-b362-00105a1f8177}</Data>
      <Data Name="ProcNum">3</Data>
      <Data Name="Protocol">3</Data>
      <Data Name="NetworkAddress">NULL</Data>
      <Data Name="Endpoint">OLEBB6012C7E3F1F9492EB953C49432</Data>
      <Data Name="Options">NULL</Data>
      <Data Name="AuthenticationLevel">6</Data>
      <Data Name="AuthenticationService">20</Data>
      <Data Name="ImpersonationLevel">0</Data>
    </EventData>
  </Event>
  <Event xmlns="http://schemas.microsoft.com/win/2004/08/events/event">
    <System>
      <Provider Name="Microsoft-Windows-RPC" Guid="{6ad52b32-d609-4be9-ae07-ce8dae937e39}" />
      <EventID>6</EventID>
      <Version>1</Version>
      <Level>4</Level>
      <Task>2</Task>
      <Opcode>1</Opcode>
      <Keywords>0x4000000000000000</Keywords>
      <TimeCreated SystemTime="2020-09-18T14:02:52.677976300Z" />
      <EventRecordID>3453</EventRecordID>
      <Correlation ActivityID="{6db8e297-28be-4e80-b45c-4af795a33437}" />
      <Execution ProcessID="1244" ThreadID="8172" ProcessorID="1" KernelTime="95" UserTime="151" />
      <Channel>
      </Channel>
      <Computer>LAPTOP-JU4M3I0E</Computer>
      <Security />
    </System>
    <EventData>
      <Data Name="InterfaceUuid">{9556dc99-828c-11cf-a37e-00aa003240c7}</Data>
      <Data Name="ProcNum">18</Data>
      <Data Name="Protocol">3</Data>
      <Data Name="NetworkAddress">NULL</Data>
      <Data Name="Endpoint">OLE1D66DF2E47C355AC517E8BD1AC9E</Data>
      <Data Name="Options">NULL</Data>
      <Data Name="AuthenticationLevel">6</Data>
      <Data Name="AuthenticationService">20</Data>
      <Data Name="ImpersonationLevel">0</Data>
    </EventData>
  </Event>
  <Event xmlns="http://schemas.microsoft.com/win/2004/08/events/event">
    <System>
      <Provider Name="Microsoft-Windows-RPC" Guid="{6ad52b32-d609-4be9-ae07-ce8dae937e39}" />
      <EventID>6</EventID>
      <Version>1</Version>
      <Level>4</Level>
      <Task>2</Task>
      <Opcode>1</Opcode>
      <Keywords>0x4000000000000000</Keywords>
      <TimeCreated SystemTime="2020-09-18T14:02:52.678820000Z" />
      <EventRecordID>3495</EventRecordID>
      <Correlation ActivityID="{7aa9d88a-3f93-439f-b95e-ad4e728a926c}" />
      <Execution ProcessID="584" ThreadID="752" ProcessorID="1" KernelTime="88" UserTime="206" />
      <Channel>
      </Channel>
      <Computer>LAPTOP-JU4M3I0E</Computer>
      <Security />
    </System>
    <EventData>
      <Data Name="InterfaceUuid">{fb8a0729-2d04-4658-be93-27b4ad553fac}</Data>
      <Data Name="ProcNum">0</Data>
      <Data Name="Protocol">3</Data>
      <Data Name="NetworkAddress">NULL</Data>
      <Data Name="Endpoint">lsapolicylookup</Data>
      <Data Name="Options">NULL</Data>
      <Data Name="AuthenticationLevel">6</Data>
      <Data Name="AuthenticationService">20</Data>
      <Data Name="ImpersonationLevel">0</Data>
    </EventData>
  </Event>
  <Event xmlns="http://schemas.microsoft.com/win/2004/08/events/event">
    <System>
      <Provider Name="Microsoft-Windows-RPC" Guid="{6ad52b32-d609-4be9-ae07-ce8dae937e39}" />
      <EventID>6</EventID>
      <Version>1</Version>
      <Level>4</Level>
      <Task>2</Task>
      <Opcode>1</Opcode>
      <Keywords>0x4000000000000000</Keywords>
      <TimeCreated SystemTime="2020-09-18T14:02:52.678887300Z" />
      <EventRecordID>3525</EventRecordID>
      <Correlation ActivityID="{89c18e4c-5376-4d73-ae76-b50a2e78f22d}" />
      <Execution ProcessID="584" ThreadID="752" ProcessorID="1" KernelTime="88" UserTime="206" />
      <Channel>
      </Channel>
      <Computer>LAPTOP-JU4M3I0E</Computer>
      <Security />
    </System>
    <EventData>
      <Data Name="InterfaceUuid">{fb8a0729-2d04-4658-be93-27b4ad553fac}</Data>
      <Data Name="ProcNum">3</Data>
      <Data Name="Protocol">3</Data>
      <Data Name="NetworkAddress">NULL</Data>
      <Data Name="Endpoint">lsapolicylookup</Data>
      <Data Name="Options">NULL</Data>
      <Data Name="AuthenticationLevel">6</Data>
      <Data Name="AuthenticationService">20</Data>
      <Data Name="ImpersonationLevel">0</Data>
    </EventData>
  </Event>
  <Event xmlns="http://schemas.microsoft.com/win/2004/08/events/event">
    <System>
      <Provider Name="Microsoft-Windows-RPC" Guid="{6ad52b32-d609-4be9-ae07-ce8dae937e39}" />
      <EventID>6</EventID>
      <Version>1</Version>
      <Level>4</Level>
      <Task>2</Task>
      <Opcode>1</Opcode>
      <Keywords>0x4000000000000000</Keywords>
      <TimeCreated SystemTime="2020-09-18T14:02:52.678942900Z" />
      <EventRecordID>3552</EventRecordID>
      <Correlation ActivityID="{ab27d26c-b721-4827-b553-136896f446db}" />
      <Execution ProcessID="584" ThreadID="752" ProcessorID="1" KernelTime="88" UserTime="206" />
      <Channel>
      </Channel>
      <Computer>LAPTOP-JU4M3I0E</Computer>
      <Security />
    </System>
    <EventData>
      <Data Name="InterfaceUuid">{fb8a0729-2d04-4658-be93-27b4ad553fac}</Data>
      <Data Name="ProcNum">1</Data>
      <Data Name="Protocol">3</Data>
      <Data Name="NetworkAddress">NULL</Data>
      <Data Name="Endpoint">lsapolicylookup</Data>
      <Data Name="Options">NULL</Data>
      <Data Name="AuthenticationLevel">6</Data>
      <Data Name="AuthenticationService">20</Data>
      <Data Name="ImpersonationLevel">0</Data>
    </EventData>
  </Event>
  <Event xmlns="http://schemas.microsoft.com/win/2004/08/events/event">
    <System>
      <Provider Name="Microsoft-Windows-RPC" Guid="{6ad52b32-d609-4be9-ae07-ce8dae937e39}" />
      <EventID>6</EventID>
      <Version>1</Version>
      <Level>4</Level>
      <Task>2</Task>
      <Opcode>1</Opcode>
      <Keywords>0x4000000000000000</Keywords>
      <TimeCreated SystemTime="2020-09-18T14:02:52.678974500Z" />
      <EventRecordID>3574</EventRecordID>
      <Correlation ActivityID="{4b7b1d54-1e75-479c-9db5-8dafa38e9e75}" />
      <Execution ProcessID="2512" ThreadID="6548" ProcessorID="0" KernelTime="492" UserTime="127" />
      <Channel>
      </Channel>
      <Computer>LAPTOP-JU4M3I0E</Computer>
      <Security />
    </System>
    <EventData>
      <Data Name="InterfaceUuid">{6b3fc272-bf37-4968-933a-6df9222a2607}</Data>
      <Data Name="ProcNum">9</Data>
      <Data Name="Protocol">3</Data>
      <Data Name="NetworkAddress">NULL</Data>
      <Data Name="Endpoint">OLEBB6012C7E3F1F9492EB953C49432</Data>
      <Data Name="Options">NULL</Data>
      <Data Name="AuthenticationLevel">6</Data>
      <Data Name="AuthenticationService">20</Data>
      <Data Name="ImpersonationLevel">0</Data>
    </EventData>
  </Event>
  <Event xmlns="http://schemas.microsoft.com/win/2004/08/events/event">
    <System>
      <Provider Name="Microsoft-Windows-RPC" Guid="{6ad52b32-d609-4be9-ae07-ce8dae937e39}" />
      <EventID>6</EventID>
      <Version>1</Version>
      <Level>4</Level>
      <Task>2</Task>
      <Opcode>1</Opcode>
      <Keywords>0x4000000000000000</Keywords>
      <TimeCreated SystemTime="2020-09-18T14:02:52.679000300Z" />
      <EventRecordID>3585</EventRecordID>
      <Correlation ActivityID="{cdde1147-0607-4043-8978-80be4282cfad}" />
      <Execution ProcessID="1244" ThreadID="8172" ProcessorID="1" KernelTime="95" UserTime="151" />
      <Channel>
      </Channel>
      <Computer>LAPTOP-JU4M3I0E</Computer>
      <Security />
    </System>
    <EventData>
      <Data Name="InterfaceUuid">{00000134-0000-0000-c000-000000000046}</Data>
      <Data Name="ProcNum">3</Data>
      <Data Name="Protocol">3</Data>
      <Data Name="NetworkAddress">NULL</Data>
      <Data Name="Endpoint">OLE1D66DF2E47C355AC517E8BD1AC9E</Data>
      <Data Name="Options">NULL</Data>
      <Data Name="AuthenticationLevel">6</Data>
      <Data Name="AuthenticationService">20</Data>
      <Data Name="ImpersonationLevel">0</Data>
    </EventData>
  </Event>
  <Event xmlns="http://schemas.microsoft.com/win/2004/08/events/event">
    <System>
      <Provider Name="Microsoft-Windows-RPC" Guid="{6ad52b32-d609-4be9-ae07-ce8dae937e39}" />
      <EventID>6</EventID>
      <Version>1</Version>
      <Level>4</Level>
      <Task>2</Task>
      <Opcode>1</Opcode>
      <Keywords>0x4000000000000000</Keywords>
      <TimeCreated SystemTime="2020-09-18T14:02:52.679085800Z" />
      <EventRecordID>3602</EventRecordID>
      <Correlation ActivityID="{099299c7-0eff-408e-bb08-13e7dc8af133}" />
      <Execution ProcessID="1244" ThreadID="8172" ProcessorID="0" KernelTime="95" UserTime="151" />
      <Channel>
      </Channel>
      <Computer>LAPTOP-JU4M3I0E</Computer>
      <Security />
    </System>
    <EventData>
      <Data Name="InterfaceUuid">{00000134-0000-0000-c000-000000000046}</Data>
      <Data Name="ProcNum">5</Data>
      <Data Name="Protocol">3</Data>
      <Data Name="NetworkAddress">NULL</Data>
      <Data Name="Endpoint">OLE1D66DF2E47C355AC517E8BD1AC9E</Data>
      <Data Name="Options">NULL</Data>
      <Data Name="AuthenticationLevel">6</Data>
      <Data Name="AuthenticationService">20</Data>
      <Data Name="ImpersonationLevel">0</Data>
    </EventData>
  </Event>
  <Event xmlns="http://schemas.microsoft.com/win/2004/08/events/event">
    <System>
      <Provider Name="Microsoft-Windows-RPC" Guid="{6ad52b32-d609-4be9-ae07-ce8dae937e39}" />
      <EventID>6</EventID>
      <Version>1</Version>
      <Level>4</Level>
      <Task>2</Task>
      <Opcode>1</Opcode>
      <Keywords>0x4000000000000000</Keywords>
      <TimeCreated SystemTime="2020-09-18T14:02:52.679162800Z" />
      <EventRecordID>3656</EventRecordID>
      <Correlation ActivityID="{b6500643-3871-4943-88e8-af63457b24fd}" />
      <Execution ProcessID="1244" ThreadID="8172" ProcessorID="1" KernelTime="95" UserTime="151" />
      <Channel>
      </Channel>
      <Computer>LAPTOP-JU4M3I0E</Computer>
      <Security />
    </System>
    <EventData>
      <Data Name="InterfaceUuid">{1c1c45ee-4395-11d2-b60b-00104b703efd}</Data>
      <Data Name="ProcNum">3</Data>
      <Data Name="Protocol">3</Data>
      <Data Name="NetworkAddress">NULL</Data>
      <Data Name="Endpoint">OLE1D66DF2E47C355AC517E8BD1AC9E</Data>
      <Data Name="Options">NULL</Data>
      <Data Name="AuthenticationLevel">6</Data>
      <Data Name="AuthenticationService">20</Data>
      <Data Name="ImpersonationLevel">0</Data>
    </EventData>
  </Event>
  <Event xmlns="http://schemas.microsoft.com/win/2004/08/events/event">
    <System>
      <Provider Name="Microsoft-Windows-RPC" Guid="{6ad52b32-d609-4be9-ae07-ce8dae937e39}" />
      <EventID>6</EventID>
      <Version>1</Version>
      <Level>4</Level>
      <Task>2</Task>
      <Opcode>1</Opcode>
      <Keywords>0x4000000000000000</Keywords>
      <TimeCreated SystemTime="2020-09-18T14:02:52.679322200Z" />
      <EventRecordID>3696</EventRecordID>
      <Correlation ActivityID="{cdc152e1-e35c-4a51-91c5-c3e4f521e190}" />
      <Execution ProcessID="1244" ThreadID="8172" ProcessorID="1" KernelTime="95" UserTime="151" />
      <Channel>
      </Channel>
      <Computer>LAPTOP-JU4M3I0E</Computer>
      <Security />
    </System>
    <EventData>
      <Data Name="InterfaceUuid">{423ec01e-2e35-11d2-b604-00104b703efd}</Data>
      <Data Name="ProcNum">3</Data>
      <Data Name="Protocol">3</Data>
      <Data Name="NetworkAddress">NULL</Data>
      <Data Name="Endpoint">OLE1D66DF2E47C355AC517E8BD1AC9E</Data>
      <Data Name="Options">NULL</Data>
      <Data Name="AuthenticationLevel">6</Data>
      <Data Name="AuthenticationService">20</Data>
      <Data Name="ImpersonationLevel">0</Data>
    </EventData>
  </Event>
  <Event xmlns="http://schemas.microsoft.com/win/2004/08/events/event">
    <System>
      <Provider Name="Microsoft-Windows-RPC" Guid="{6ad52b32-d609-4be9-ae07-ce8dae937e39}" />
      <EventID>6</EventID>
      <Version>1</Version>
      <Level>4</Level>
      <Task>2</Task>
      <Opcode>1</Opcode>
      <Keywords>0x4000000000000000</Keywords>
      <TimeCreated SystemTime="2020-09-18T14:02:52.680057300Z" />
      <EventRecordID>3724</EventRecordID>
      <Correlation ActivityID="{9695a135-00ab-4776-9558-a8bea6b7d384}" />
      <Execution ProcessID="2512" ThreadID="6548" ProcessorID="0" KernelTime="492" UserTime="127" />
      <Channel>
      </Channel>
      <Computer>LAPTOP-JU4M3I0E</Computer>
      <Security />
    </System>
    <EventData>
      <Data Name="InterfaceUuid">{9556dc99-828c-11cf-a37e-00aa003240c7}</Data>
      <Data Name="ProcNum">19</Data>
      <Data Name="Protocol">3</Data>
      <Data Name="NetworkAddress">NULL</Data>
      <Data Name="Endpoint">OLEBB6012C7E3F1F9492EB953C49432</Data>
      <Data Name="Options">NULL</Data>
      <Data Name="AuthenticationLevel">6</Data>
      <Data Name="AuthenticationService">20</Data>
      <Data Name="ImpersonationLevel">0</Data>
    </EventData>
  </Event>
  <Event xmlns="http://schemas.microsoft.com/win/2004/08/events/event">
    <System>
      <Provider Name="Microsoft-Windows-RPC" Guid="{6ad52b32-d609-4be9-ae07-ce8dae937e39}" />
      <EventID>6</EventID>
      <Version>1</Version>
      <Level>4</Level>
      <Task>2</Task>
      <Opcode>1</Opcode>
      <Keywords>0x4000000000000000</Keywords>
      <TimeCreated SystemTime="2020-09-18T14:02:52.680186400Z" />
      <EventRecordID>3735</EventRecordID>
      <Correlation ActivityID="{e73ec0cd-3d53-4641-a2ab-cb0379d4607a}" />
      <Execution ProcessID="584" ThreadID="752" ProcessorID="0" KernelTime="88" UserTime="206" />
      <Channel>
      </Channel>
      <Computer>LAPTOP-JU4M3I0E</Computer>
      <Security />
    </System>
    <EventData>
      <Data Name="InterfaceUuid">{4f32adc8-6052-4a04-8701-293ccf2096f0}</Data>
      <Data Name="ProcNum">14</Data>
      <Data Name="Protocol">3</Data>
      <Data Name="NetworkAddress">NULL</Data>
      <Data Name="Endpoint">lsasspirpc</Data>
      <Data Name="Options">NULL</Data>
      <Data Name="AuthenticationLevel">6</Data>
      <Data Name="AuthenticationService">20</Data>
      <Data Name="ImpersonationLevel">0</Data>
    </EventData>
  </Event>
  <Event xmlns="http://schemas.microsoft.com/win/2004/08/events/event">
    <System>
      <Provider Name="Microsoft-Windows-RPC" Guid="{6ad52b32-d609-4be9-ae07-ce8dae937e39}" />
      <EventID>6</EventID>
      <Version>1</Version>
      <Level>4</Level>
      <Task>2</Task>
      <Opcode>1</Opcode>
      <Keywords>0x4000000000000000</Keywords>
      <TimeCreated SystemTime="2020-09-18T14:02:52.680313300Z" />
      <EventRecordID>3758</EventRecordID>
      <Correlation ActivityID="{c5fad809-6d6b-4a85-b3f9-3947f9cf32d8}" />
      <Execution ProcessID="584" ThreadID="752" ProcessorID="0" KernelTime="88" UserTime="206" />
      <Channel>
      </Channel>
      <Computer>LAPTOP-JU4M3I0E</Computer>
      <Security />
    </System>
    <EventData>
      <Data Name="InterfaceUuid">{4f32adc8-6052-4a04-8701-293ccf2096f0}</Data>
      <Data Name="ProcNum">4</Data>
      <Data Name="Protocol">3</Data>
      <Data Name="NetworkAddress">NULL</Data>
      <Data Name="Endpoint">lsasspirpc</Data>
      <Data Name="Options">NULL</Data>
      <Data Name="AuthenticationLevel">6</Data>
      <Data Name="AuthenticationService">20</Data>
      <Data Name="ImpersonationLevel">0</Data>
    </EventData>
  </Event>
  <Event xmlns="http://schemas.microsoft.com/win/2004/08/events/event">
    <System>
      <Provider Name="Microsoft-Windows-RPC" Guid="{6ad52b32-d609-4be9-ae07-ce8dae937e39}" />
      <EventID>6</EventID>
      <Version>1</Version>
      <Level>4</Level>
      <Task>2</Task>
      <Opcode>1</Opcode>
      <Keywords>0x4000000000000000</Keywords>
      <TimeCreated SystemTime="2020-09-18T14:02:52.680402800Z" />
      <EventRecordID>3781</EventRecordID>
      <Correlation ActivityID="{318319fa-e87c-4735-8c26-6fef61e0ae24}" />
      <Execution ProcessID="584" ThreadID="752" ProcessorID="0" KernelTime="88" UserTime="206" />
      <Channel>
      </Channel>
      <Computer>LAPTOP-JU4M3I0E</Computer>
      <Security />
    </System>
    <EventData>
      <Data Name="InterfaceUuid">{4f32adc8-6052-4a04-8701-293ccf2096f0}</Data>
      <Data Name="ProcNum">3</Data>
      <Data Name="Protocol">3</Data>
      <Data Name="NetworkAddress">NULL</Data>
      <Data Name="Endpoint">lsasspirpc</Data>
      <Data Name="Options">NULL</Data>
      <Data Name="AuthenticationLevel">6</Data>
      <Data Name="AuthenticationService">20</Data>
      <Data Name="ImpersonationLevel">0</Data>
    </EventData>
  </Event>
  <Event xmlns="http://schemas.microsoft.com/win/2004/08/events/event">
    <System>
      <Provider Name="Microsoft-Windows-RPC" Guid="{6ad52b32-d609-4be9-ae07-ce8dae937e39}" />
      <EventID>6</EventID>
      <Version>1</Version>
      <Level>4</Level>
      <Task>2</Task>
      <Opcode>1</Opcode>
      <Keywords>0x4000000000000000</Keywords>
      <TimeCreated SystemTime="2020-09-18T14:02:52.680443300Z" />
      <EventRecordID>3804</EventRecordID>
      <Correlation ActivityID="{4b55966f-a347-42cb-a668-e22ba0dd15b9}" />
      <Execution ProcessID="584" ThreadID="752" ProcessorID="0" KernelTime="88" UserTime="206" />
      <Channel>
      </Channel>
      <Computer>LAPTOP-JU4M3I0E</Computer>
      <Security />
    </System>
    <EventData>
      <Data Name="InterfaceUuid">{4f32adc8-6052-4a04-8701-293ccf2096f0}</Data>
      <Data Name="ProcNum">5</Data>
      <Data Name="Protocol">3</Data>
      <Data Name="NetworkAddress">NULL</Data>
      <Data Name="Endpoint">lsasspirpc</Data>
      <Data Name="Options">NULL</Data>
      <Data Name="AuthenticationLevel">6</Data>
      <Data Name="AuthenticationService">20</Data>
      <Data Name="ImpersonationLevel">0</Data>
    </EventData>
  </Event>
  <Event xmlns="http://schemas.microsoft.com/win/2004/08/events/event">
    <System>
      <Provider Name="Microsoft-Windows-RPC" Guid="{6ad52b32-d609-4be9-ae07-ce8dae937e39}" />
      <EventID>6</EventID>
      <Version>1</Version>
      <Level>4</Level>
      <Task>2</Task>
      <Opcode>1</Opcode>
      <Keywords>0x4000000000000000</Keywords>
      <TimeCreated SystemTime="2020-09-18T14:02:52.681774000Z" />
      <EventRecordID>3828</EventRecordID>
      <Correlation ActivityID="{1c588f74-f2c8-4dac-a39c-cc3255f4506e}" />
      <Execution ProcessID="1244" ThreadID="1772" ProcessorID="0" KernelTime="180" UserTime="171" />
      <Channel>
      </Channel>
      <Computer>LAPTOP-JU4M3I0E</Computer>
      <Security />
    </System>
    <EventData>
      <Data Name="InterfaceUuid">{9556dc99-828c-11cf-a37e-00aa003240c7}</Data>
      <Data Name="ProcNum">20</Data>
      <Data Name="Protocol">3</Data>
      <Data Name="NetworkAddress">NULL</Data>
      <Data Name="Endpoint">OLE1D66DF2E47C355AC517E8BD1AC9E</Data>
      <Data Name="Options">NULL</Data>
      <Data Name="AuthenticationLevel">6</Data>
      <Data Name="AuthenticationService">20</Data>
      <Data Name="ImpersonationLevel">0</Data>
    </EventData>
  </Event>
  <Event xmlns="http://schemas.microsoft.com/win/2004/08/events/event">
    <System>
      <Provider Name="Microsoft-Windows-RPC" Guid="{6ad52b32-d609-4be9-ae07-ce8dae937e39}" />
      <EventID>6</EventID>
      <Version>1</Version>
      <Level>4</Level>
      <Task>2</Task>
      <Opcode>1</Opcode>
      <Keywords>0x4000000000000000</Keywords>
      <TimeCreated SystemTime="2020-09-18T14:02:52.681986900Z" />
      <EventRecordID>3854</EventRecordID>
      <Correlation ActivityID="{66e1b757-fb83-4758-b374-a49ffa8340f5}" />
      <Execution ProcessID="1244" ThreadID="1772" ProcessorID="0" KernelTime="180" UserTime="171" />
      <Channel>
      </Channel>
      <Computer>LAPTOP-JU4M3I0E</Computer>
      <Security />
    </System>
    <EventData>
      <Data Name="InterfaceUuid">{00000134-0000-0000-c000-000000000046}</Data>
      <Data Name="ProcNum">3</Data>
      <Data Name="Protocol">3</Data>
      <Data Name="NetworkAddress">NULL</Data>
      <Data Name="Endpoint">OLE1D66DF2E47C355AC517E8BD1AC9E</Data>
      <Data Name="Options">NULL</Data>
      <Data Name="AuthenticationLevel">6</Data>
      <Data Name="AuthenticationService">20</Data>
      <Data Name="ImpersonationLevel">0</Data>
    </EventData>
  </Event>
  <Event xmlns="http://schemas.microsoft.com/win/2004/08/events/event">
    <System>
      <Provider Name="Microsoft-Windows-RPC" Guid="{6ad52b32-d609-4be9-ae07-ce8dae937e39}" />
      <EventID>6</EventID>
      <Version>1</Version>
      <Level>4</Level>
      <Task>2</Task>
      <Opcode>1</Opcode>
      <Keywords>0x4000000000000000</Keywords>
      <TimeCreated SystemTime="2020-09-18T14:02:52.682041200Z" />
      <EventRecordID>3881</EventRecordID>
      <Correlation ActivityID="{9e5ddedb-4ba2-4eb8-b627-309296b584f2}" />
      <Execution ProcessID="1244" ThreadID="1772" ProcessorID="0" KernelTime="180" UserTime="171" />
      <Channel>
      </Channel>
      <Computer>LAPTOP-JU4M3I0E</Computer>
      <Security />
    </System>
    <EventData>
      <Data Name="InterfaceUuid">{1c1c45ee-4395-11d2-b60b-00104b703efd}</Data>
      <Data Name="ProcNum">3</Data>
      <Data Name="Protocol">3</Data>
      <Data Name="NetworkAddress">NULL</Data>
      <Data Name="Endpoint">OLE1D66DF2E47C355AC517E8BD1AC9E</Data>
      <Data Name="Options">NULL</Data>
      <Data Name="AuthenticationLevel">6</Data>
      <Data Name="AuthenticationService">20</Data>
      <Data Name="ImpersonationLevel">0</Data>
    </EventData>
  </Event>
  <Event xmlns="http://schemas.microsoft.com/win/2004/08/events/event">
    <System>
      <Provider Name="Microsoft-Windows-RPC" Guid="{6ad52b32-d609-4be9-ae07-ce8dae937e39}" />
      <EventID>6</EventID>
      <Version>1</Version>
      <Level>4</Level>
      <Task>2</Task>
      <Opcode>1</Opcode>
      <Keywords>0x4000000000000000</Keywords>
      <TimeCreated SystemTime="2020-09-18T14:02:52.682044700Z" />
      <EventRecordID>3884</EventRecordID>
      <Correlation ActivityID="{1d28450c-b8a4-42a9-8f0e-28678d9f2073}" />
      <Execution ProcessID="2512" ThreadID="8708" ProcessorID="1" KernelTime="0" UserTime="1" />
      <Channel>
      </Channel>
      <Computer>LAPTOP-JU4M3I0E</Computer>
      <Security />
    </System>
    <EventData>
      <Data Name="InterfaceUuid">{6b3fc272-bf37-4968-933a-6df9222a2607}</Data>
      <Data Name="ProcNum">9</Data>
      <Data Name="Protocol">3</Data>
      <Data Name="NetworkAddress">NULL</Data>
      <Data Name="Endpoint">OLEBB6012C7E3F1F9492EB953C49432</Data>
      <Data Name="Options">NULL</Data>
      <Data Name="AuthenticationLevel">6</Data>
      <Data Name="AuthenticationService">20</Data>
      <Data Name="ImpersonationLevel">0</Data>
    </EventData>
  </Event>
  <Event xmlns="http://schemas.microsoft.com/win/2004/08/events/event">
    <System>
      <Provider Name="Microsoft-Windows-RPC" Guid="{6ad52b32-d609-4be9-ae07-ce8dae937e39}" />
      <EventID>6</EventID>
      <Version>1</Version>
      <Level>4</Level>
      <Task>2</Task>
      <Opcode>1</Opcode>
      <Keywords>0x4000000000000000</Keywords>
      <TimeCreated SystemTime="2020-09-18T14:02:52.682095900Z" />
      <EventRecordID>3894</EventRecordID>
      <Correlation ActivityID="{8390cc52-4c9a-49b8-8081-87f5d8ad078e}" />
      <Execution ProcessID="812" ThreadID="2928" ProcessorID="0" KernelTime="7" UserTime="11" />
      <Channel>
      </Channel>
      <Computer>LAPTOP-JU4M3I0E</Computer>
      <Security />
    </System>
    <EventData>
      <Data Name="InterfaceUuid">{e60c73e6-88f9-11cf-9af1-0020af6e72f4}</Data>
      <Data Name="ProcNum">7</Data>
      <Data Name="Protocol">3</Data>
      <Data Name="NetworkAddress">NULL</Data>
      <Data Name="Endpoint">epmapper</Data>
      <Data Name="Options">NULL</Data>
      <Data Name="AuthenticationLevel">6</Data>
      <Data Name="AuthenticationService">20</Data>
      <Data Name="ImpersonationLevel">0</Data>
    </EventData>
  </Event>
  <Event xmlns="http://schemas.microsoft.com/win/2004/08/events/event">
    <System>
      <Provider Name="Microsoft-Windows-RPC" Guid="{6ad52b32-d609-4be9-ae07-ce8dae937e39}" />
      <EventID>6</EventID>
      <Version>1</Version>
      <Level>4</Level>
      <Task>2</Task>
      <Opcode>1</Opcode>
      <Keywords>0x4000000000000000</Keywords>
      <TimeCreated SystemTime="2020-09-18T14:02:52.682120400Z" />
      <EventRecordID>3906</EventRecordID>
      <Correlation ActivityID="{63df2446-563e-425a-9112-f09fad39b055}" />
      <Execution ProcessID="1244" ThreadID="1384" ProcessorID="1" KernelTime="42" UserTime="59" />
      <Channel>
      </Channel>
      <Computer>LAPTOP-JU4M3I0E</Computer>
      <Security />
    </System>
    <EventData>
      <Data Name="InterfaceUuid">{00000134-0000-0000-c000-000000000046}</Data>
      <Data Name="ProcNum">5</Data>
      <Data Name="Protocol">3</Data>
      <Data Name="NetworkAddress">NULL</Data>
      <Data Name="Endpoint">OLE1D66DF2E47C355AC517E8BD1AC9E</Data>
      <Data Name="Options">NULL</Data>
      <Data Name="AuthenticationLevel">6</Data>
      <Data Name="AuthenticationService">20</Data>
      <Data Name="ImpersonationLevel">0</Data>
    </EventData>
  </Event>
  <Event xmlns="http://schemas.microsoft.com/win/2004/08/events/event">
    <System>
      <Provider Name="Microsoft-Windows-RPC" Guid="{6ad52b32-d609-4be9-ae07-ce8dae937e39}" />
      <EventID>6</EventID>
      <Version>1</Version>
      <Level>4</Level>
      <Task>2</Task>
      <Opcode>1</Opcode>
      <Keywords>0x4000000000000000</Keywords>
      <TimeCreated SystemTime="2020-09-18T14:02:52.682194800Z" />
      <EventRecordID>3956</EventRecordID>
      <Correlation ActivityID="{0a0e3f8b-2077-49ed-84e3-964ebc34c306}" />
      <Execution ProcessID="1244" ThreadID="1772" ProcessorID="0" KernelTime="180" UserTime="171" />
      <Channel>
      </Channel>
      <Computer>LAPTOP-JU4M3I0E</Computer>
      <Security />
    </System>
    <EventData>
      <Data Name="InterfaceUuid">{423ec01e-2e35-11d2-b604-00104b703efd}</Data>
      <Data Name="ProcNum">3</Data>
      <Data Name="Protocol">3</Data>
      <Data Name="NetworkAddress">NULL</Data>
      <Data Name="Endpoint">OLE1D66DF2E47C355AC517E8BD1AC9E</Data>
      <Data Name="Options">NULL</Data>
      <Data Name="AuthenticationLevel">6</Data>
      <Data Name="AuthenticationService">20</Data>
      <Data Name="ImpersonationLevel">0</Data>
    </EventData>
  </Event>
  <Event xmlns="http://schemas.microsoft.com/win/2004/08/events/event">
    <System>
      <Provider Name="Microsoft-Windows-RPC" Guid="{6ad52b32-d609-4be9-ae07-ce8dae937e39}" />
      <EventID>6</EventID>
      <Version>1</Version>
      <Level>4</Level>
      <Task>2</Task>
      <Opcode>1</Opcode>
      <Keywords>0x4000000000000000</Keywords>
      <TimeCreated SystemTime="2020-09-18T14:02:52.682956500Z" />
      <EventRecordID>3986</EventRecordID>
      <Correlation ActivityID="{24ce5ec8-029f-4afc-abf3-4406e064a524}" />
      <Execution ProcessID="2512" ThreadID="8708" ProcessorID="0" KernelTime="0" UserTime="1" />
      <Channel>
      </Channel>
      <Computer>LAPTOP-JU4M3I0E</Computer>
      <Security />
    </System>
    <EventData>
      <Data Name="InterfaceUuid">{9556dc99-828c-11cf-a37e-00aa003240c7}</Data>
      <Data Name="ProcNum">21</Data>
      <Data Name="Protocol">3</Data>
      <Data Name="NetworkAddress">NULL</Data>
      <Data Name="Endpoint">OLEBB6012C7E3F1F9492EB953C49432</Data>
      <Data Name="Options">NULL</Data>
      <Data Name="AuthenticationLevel">6</Data>
      <Data Name="AuthenticationService">20</Data>
      <Data Name="ImpersonationLevel">0</Data>
    </EventData>
  </Event>
  <Event xmlns="http://schemas.microsoft.com/win/2004/08/events/event">
    <System>
      <Provider Name="Microsoft-Windows-RPC" Guid="{6ad52b32-d609-4be9-ae07-ce8dae937e39}" />
      <EventID>6</EventID>
      <Version>1</Version>
      <Level>4</Level>
      <Task>2</Task>
      <Opcode>1</Opcode>
      <Keywords>0x4000000000000000</Keywords>
      <TimeCreated SystemTime="2020-09-18T14:02:52.683080300Z" />
      <EventRecordID>3997</EventRecordID>
      <Correlation ActivityID="{9b970bae-564d-4ce2-a14c-e6d7fdf2e4a3}" />
      <Execution ProcessID="584" ThreadID="752" ProcessorID="0" KernelTime="88" UserTime="206" />
      <Channel>
      </Channel>
      <Computer>LAPTOP-JU4M3I0E</Computer>
      <Security />
    </System>
    <EventData>
      <Data Name="InterfaceUuid">{4f32adc8-6052-4a04-8701-293ccf2096f0}</Data>
      <Data Name="ProcNum">14</Data>
      <Data Name="Protocol">3</Data>
      <Data Name="NetworkAddress">NULL</Data>
      <Data Name="Endpoint">lsasspirpc</Data>
      <Data Name="Options">NULL</Data>
      <Data Name="AuthenticationLevel">6</Data>
      <Data Name="AuthenticationService">20</Data>
      <Data Name="ImpersonationLevel">0</Data>
    </EventData>
  </Event>
  <Event xmlns="http://schemas.microsoft.com/win/2004/08/events/event">
    <System>
      <Provider Name="Microsoft-Windows-RPC" Guid="{6ad52b32-d609-4be9-ae07-ce8dae937e39}" />
      <EventID>6</EventID>
      <Version>1</Version>
      <Level>4</Level>
      <Task>2</Task>
      <Opcode>1</Opcode>
      <Keywords>0x4000000000000000</Keywords>
      <TimeCreated SystemTime="2020-09-18T14:02:52.683201400Z" />
      <EventRecordID>4036</EventRecordID>
      <Correlation ActivityID="{c92b158c-49a3-41af-a9d0-a4489f4e3e75}" />
      <Execution ProcessID="584" ThreadID="752" ProcessorID="0" KernelTime="88" UserTime="206" />
      <Channel>
      </Channel>
      <Computer>LAPTOP-JU4M3I0E</Computer>
      <Security />
    </System>
    <EventData>
      <Data Name="InterfaceUuid">{12345778-1234-abcd-ef00-0123456789ab}</Data>
      <Data Name="ProcNum">44</Data>
      <Data Name="Protocol">3</Data>
      <Data Name="NetworkAddress">NULL</Data>
      <Data Name="Endpoint">LSARPC_ENDPOINT</Data>
      <Data Name="Options">NULL</Data>
      <Data Name="AuthenticationLevel">6</Data>
      <Data Name="AuthenticationService">20</Data>
      <Data Name="ImpersonationLevel">0</Data>
    </EventData>
  </Event>
  <Event xmlns="http://schemas.microsoft.com/win/2004/08/events/event">
    <System>
      <Provider Name="Microsoft-Windows-RPC" Guid="{6ad52b32-d609-4be9-ae07-ce8dae937e39}" />
      <EventID>6</EventID>
      <Version>1</Version>
      <Level>4</Level>
      <Task>2</Task>
      <Opcode>1</Opcode>
      <Keywords>0x4000000000000000</Keywords>
      <TimeCreated SystemTime="2020-09-18T14:02:52.683249000Z" />
      <EventRecordID>4064</EventRecordID>
      <Correlation ActivityID="{5d6c1139-137b-47c7-955c-6ff332cf5150}" />
      <Execution ProcessID="584" ThreadID="752" ProcessorID="0" KernelTime="88" UserTime="206" />
      <Channel>
      </Channel>
      <Computer>LAPTOP-JU4M3I0E</Computer>
      <Security />
    </System>
    <EventData>
      <Data Name="InterfaceUuid">{12345778-1234-abcd-ef00-0123456789ab}</Data>
      <Data Name="ProcNum">31</Data>
      <Data Name="Protocol">3</Data>
      <Data Name="NetworkAddress">NULL</Data>
      <Data Name="Endpoint">LSARPC_ENDPOINT</Data>
      <Data Name="Options">NULL</Data>
      <Data Name="AuthenticationLevel">6</Data>
      <Data Name="AuthenticationService">20</Data>
      <Data Name="ImpersonationLevel">0</Data>
    </EventData>
  </Event>
  <Event xmlns="http://schemas.microsoft.com/win/2004/08/events/event">
    <System>
      <Provider Name="Microsoft-Windows-RPC" Guid="{6ad52b32-d609-4be9-ae07-ce8dae937e39}" />
      <EventID>6</EventID>
      <Version>1</Version>
      <Level>4</Level>
      <Task>2</Task>
      <Opcode>1</Opcode>
      <Keywords>0x4000000000000000</Keywords>
      <TimeCreated SystemTime="2020-09-18T14:02:52.683274900Z" />
      <EventRecordID>4086</EventRecordID>
      <Correlation ActivityID="{ef764c18-7797-43fd-be19-20ee4b4e9303}" />
      <Execution ProcessID="584" ThreadID="752" ProcessorID="0" KernelTime="88" UserTime="206" />
      <Channel>
      </Channel>
      <Computer>LAPTOP-JU4M3I0E</Computer>
      <Security />
    </System>
    <EventData>
      <Data Name="InterfaceUuid">{12345778-1234-abcd-ef00-0123456789ab}</Data>
      <Data Name="ProcNum">0</Data>
      <Data Name="Protocol">3</Data>
      <Data Name="NetworkAddress">NULL</Data>
      <Data Name="Endpoint">LSARPC_ENDPOINT</Data>
      <Data Name="Options">NULL</Data>
      <Data Name="AuthenticationLevel">6</Data>
      <Data Name="AuthenticationService">20</Data>
      <Data Name="ImpersonationLevel">0</Data>
    </EventData>
  </Event>
  <Event xmlns="http://schemas.microsoft.com/win/2004/08/events/event">
    <System>
      <Provider Name="Microsoft-Windows-RPC" Guid="{6ad52b32-d609-4be9-ae07-ce8dae937e39}" />
      <EventID>6</EventID>
      <Version>1</Version>
      <Level>4</Level>
      <Task>2</Task>
      <Opcode>1</Opcode>
      <Keywords>0x4000000000000000</Keywords>
      <TimeCreated SystemTime="2020-09-18T14:02:52.687532500Z" />
      <EventRecordID>4115</EventRecordID>
      <Correlation ActivityID="{78748deb-d19b-4646-9b8c-584e3ec37325}" />
      <Execution ProcessID="1244" ThreadID="1384" ProcessorID="0" KernelTime="42" UserTime="59" />
      <Channel>
      </Channel>
      <Computer>LAPTOP-JU4M3I0E</Computer>
      <Security />
    </System>
    <EventData>
      <Data Name="InterfaceUuid">{7c857801-7381-11cf-884d-00aa004b2e24}</Data>
      <Data Name="ProcNum">3</Data>
      <Data Name="Protocol">3</Data>
      <Data Name="NetworkAddress">NULL</Data>
      <Data Name="Endpoint">OLE1D66DF2E47C355AC517E8BD1AC9E</Data>
      <Data Name="Options">NULL</Data>
      <Data Name="AuthenticationLevel">6</Data>
      <Data Name="AuthenticationService">20</Data>
      <Data Name="ImpersonationLevel">0</Data>
    </EventData>
  </Event>
  <Event xmlns="http://schemas.microsoft.com/win/2004/08/events/event">
    <System>
      <Provider Name="Microsoft-Windows-RPC" Guid="{6ad52b32-d609-4be9-ae07-ce8dae937e39}" />
      <EventID>6</EventID>
      <Version>1</Version>
      <Level>4</Level>
      <Task>2</Task>
      <Opcode>1</Opcode>
      <Keywords>0x4000000000000000</Keywords>
      <TimeCreated SystemTime="2020-09-18T14:02:52.687746200Z" />
      <EventRecordID>4147</EventRecordID>
      <Correlation ActivityID="{eef9baf5-9194-4974-9010-b172dbb22252}" />
      <Execution ProcessID="1244" ThreadID="1772" ProcessorID="0" KernelTime="180" UserTime="171" />
      <Channel>
      </Channel>
      <Computer>LAPTOP-JU4M3I0E</Computer>
      <Security />
    </System>
    <EventData>
      <Data Name="InterfaceUuid">{423ec01e-2e35-11d2-b604-00104b703efd}</Data>
      <Data Name="ProcNum">3</Data>
      <Data Name="Protocol">3</Data>
      <Data Name="NetworkAddress">NULL</Data>
      <Data Name="Endpoint">OLE1D66DF2E47C355AC517E8BD1AC9E</Data>
      <Data Name="Options">NULL</Data>
      <Data Name="AuthenticationLevel">6</Data>
      <Data Name="AuthenticationService">20</Data>
      <Data Name="ImpersonationLevel">0</Data>
    </EventData>
  </Event>
  <Event xmlns="http://schemas.microsoft.com/win/2004/08/events/event">
    <System>
      <Provider Name="Microsoft-Windows-RPC" Guid="{6ad52b32-d609-4be9-ae07-ce8dae937e39}" />
      <EventID>6</EventID>
      <Version>1</Version>
      <Level>4</Level>
      <Task>2</Task>
      <Opcode>1</Opcode>
      <Keywords>0x4000000000000000</Keywords>
      <TimeCreated SystemTime="2020-09-18T14:02:52.687888700Z" />
      <EventRecordID>4161</EventRecordID>
      <Correlation ActivityID="{36904582-0021-4639-81f9-08eb97fdda4a}" />
      <Execution ProcessID="1244" ThreadID="1384" ProcessorID="1" KernelTime="42" UserTime="59" />
      <Channel>
      </Channel>
      <Computer>LAPTOP-JU4M3I0E</Computer>
      <Security />
    </System>
    <EventData>
      <Data Name="InterfaceUuid">{7c857801-7381-11cf-884d-00aa004b2e24}</Data>
      <Data Name="ProcNum">3</Data>
      <Data Name="Protocol">3</Data>
      <Data Name="NetworkAddress">NULL</Data>
      <Data Name="Endpoint">OLE1D66DF2E47C355AC517E8BD1AC9E</Data>
      <Data Name="Options">NULL</Data>
      <Data Name="AuthenticationLevel">6</Data>
      <Data Name="AuthenticationService">20</Data>
      <Data Name="ImpersonationLevel">0</Data>
    </EventData>
  </Event>
  <Event xmlns="http://schemas.microsoft.com/win/2004/08/events/event">
    <System>
      <Provider Name="Microsoft-Windows-RPC" Guid="{6ad52b32-d609-4be9-ae07-ce8dae937e39}" />
      <EventID>6</EventID>
      <Version>1</Version>
      <Level>4</Level>
      <Task>2</Task>
      <Opcode>1</Opcode>
      <Keywords>0x4000000000000000</Keywords>
      <TimeCreated SystemTime="2020-09-18T14:02:52.688383300Z" />
      <EventRecordID>4191</EventRecordID>
      <Correlation ActivityID="{15985bf4-12f9-4c68-8a9f-211060579ae1}" />
      <Execution ProcessID="1244" ThreadID="1772" ProcessorID="0" KernelTime="180" UserTime="171" />
      <Channel>
      </Channel>
      <Computer>LAPTOP-JU4M3I0E</Computer>
      <Security />
    </System>
    <EventData>
      <Data Name="InterfaceUuid">{423ec01e-2e35-11d2-b604-00104b703efd}</Data>
      <Data Name="ProcNum">3</Data>
      <Data Name="Protocol">3</Data>
      <Data Name="NetworkAddress">NULL</Data>
      <Data Name="Endpoint">OLE1D66DF2E47C355AC517E8BD1AC9E</Data>
      <Data Name="Options">NULL</Data>
      <Data Name="AuthenticationLevel">6</Data>
      <Data Name="AuthenticationService">20</Data>
      <Data Name="ImpersonationLevel">0</Data>
    </EventData>
  </Event>
  <Event xmlns="http://schemas.microsoft.com/win/2004/08/events/event">
    <System>
      <Provider Name="Microsoft-Windows-RPC" Guid="{6ad52b32-d609-4be9-ae07-ce8dae937e39}" />
      <EventID>6</EventID>
      <Version>1</Version>
      <Level>4</Level>
      <Task>2</Task>
      <Opcode>1</Opcode>
      <Keywords>0x4000000000000000</Keywords>
      <TimeCreated SystemTime="2020-09-18T14:02:52.688440300Z" />
      <EventRecordID>4212</EventRecordID>
      <Correlation ActivityID="{94712cb8-21d0-428a-adde-9735ec90556e}" />
      <Execution ProcessID="1244" ThreadID="1772" ProcessorID="0" KernelTime="180" UserTime="171" />
      <Channel>
      </Channel>
      <Computer>LAPTOP-JU4M3I0E</Computer>
      <Security />
    </System>
    <EventData>
      <Data Name="InterfaceUuid">{423ec01e-2e35-11d2-b604-00104b703efd}</Data>
      <Data Name="ProcNum">3</Data>
      <Data Name="Protocol">3</Data>
      <Data Name="NetworkAddress">NULL</Data>
      <Data Name="Endpoint">OLE1D66DF2E47C355AC517E8BD1AC9E</Data>
      <Data Name="Options">NULL</Data>
      <Data Name="AuthenticationLevel">6</Data>
      <Data Name="AuthenticationService">20</Data>
      <Data Name="ImpersonationLevel">0</Data>
    </EventData>
  </Event>
  <Event xmlns="http://schemas.microsoft.com/win/2004/08/events/event">
    <System>
      <Provider Name="Microsoft-Windows-RPC" Guid="{6ad52b32-d609-4be9-ae07-ce8dae937e39}" />
      <EventID>6</EventID>
      <Version>1</Version>
      <Level>4</Level>
      <Task>2</Task>
      <Opcode>1</Opcode>
      <Keywords>0x4000000000000000</Keywords>
      <TimeCreated SystemTime="2020-09-18T14:02:52.688476800Z" />
      <EventRecordID>4233</EventRecordID>
      <Correlation ActivityID="{a33f9870-618d-4148-9b7f-a84b01a2f15e}" />
      <Execution ProcessID="1244" ThreadID="1772" ProcessorID="0" KernelTime="180" UserTime="171" />
      <Channel>
      </Channel>
      <Computer>LAPTOP-JU4M3I0E</Computer>
      <Security />
    </System>
    <EventData>
      <Data Name="InterfaceUuid">{423ec01e-2e35-11d2-b604-00104b703efd}</Data>
      <Data Name="ProcNum">3</Data>
      <Data Name="Protocol">3</Data>
      <Data Name="NetworkAddress">NULL</Data>
      <Data Name="Endpoint">OLE1D66DF2E47C355AC517E8BD1AC9E</Data>
      <Data Name="Options">NULL</Data>
      <Data Name="AuthenticationLevel">6</Data>
      <Data Name="AuthenticationService">20</Data>
      <Data Name="ImpersonationLevel">0</Data>
    </EventData>
  </Event>
  <Event xmlns="http://schemas.microsoft.com/win/2004/08/events/event">
    <System>
      <Provider Name="Microsoft-Windows-RPC" Guid="{6ad52b32-d609-4be9-ae07-ce8dae937e39}" />
      <EventID>6</EventID>
      <Version>1</Version>
      <Level>4</Level>
      <Task>2</Task>
      <Opcode>1</Opcode>
      <Keywords>0x4000000000000000</Keywords>
      <TimeCreated SystemTime="2020-09-18T14:02:52.688508400Z" />
      <EventRecordID>4254</EventRecordID>
      <Correlation ActivityID="{be1a1801-8f68-4ebb-8386-567d794fa377}" />
      <Execution ProcessID="1244" ThreadID="1772" ProcessorID="0" KernelTime="180" UserTime="171" />
      <Channel>
      </Channel>
      <Computer>LAPTOP-JU4M3I0E</Computer>
      <Security />
    </System>
    <EventData>
      <Data Name="InterfaceUuid">{423ec01e-2e35-11d2-b604-00104b703efd}</Data>
      <Data Name="ProcNum">3</Data>
      <Data Name="Protocol">3</Data>
      <Data Name="NetworkAddress">NULL</Data>
      <Data Name="Endpoint">OLE1D66DF2E47C355AC517E8BD1AC9E</Data>
      <Data Name="Options">NULL</Data>
      <Data Name="AuthenticationLevel">6</Data>
      <Data Name="AuthenticationService">20</Data>
      <Data Name="ImpersonationLevel">0</Data>
    </EventData>
  </Event>
  <Event xmlns="http://schemas.microsoft.com/win/2004/08/events/event">
    <System>
      <Provider Name="Microsoft-Windows-RPC" Guid="{6ad52b32-d609-4be9-ae07-ce8dae937e39}" />
      <EventID>6</EventID>
      <Version>1</Version>
      <Level>4</Level>
      <Task>2</Task>
      <Opcode>1</Opcode>
      <Keywords>0x4000000000000000</Keywords>
      <TimeCreated SystemTime="2020-09-18T14:02:52.688540000Z" />
      <EventRecordID>4275</EventRecordID>
      <Correlation ActivityID="{08529de8-02f2-41db-b60b-b442dca97ee3}" />
      <Execution ProcessID="1244" ThreadID="1772" ProcessorID="0" KernelTime="180" UserTime="171" />
      <Channel>
      </Channel>
      <Computer>LAPTOP-JU4M3I0E</Computer>
      <Security />
    </System>
    <EventData>
      <Data Name="InterfaceUuid">{423ec01e-2e35-11d2-b604-00104b703efd}</Data>
      <Data Name="ProcNum">3</Data>
      <Data Name="Protocol">3</Data>
      <Data Name="NetworkAddress">NULL</Data>
      <Data Name="Endpoint">OLE1D66DF2E47C355AC517E8BD1AC9E</Data>
      <Data Name="Options">NULL</Data>
      <Data Name="AuthenticationLevel">6</Data>
      <Data Name="AuthenticationService">20</Data>
      <Data Name="ImpersonationLevel">0</Data>
    </EventData>
  </Event>
  <Event xmlns="http://schemas.microsoft.com/win/2004/08/events/event">
    <System>
      <Provider Name="Microsoft-Windows-RPC" Guid="{6ad52b32-d609-4be9-ae07-ce8dae937e39}" />
      <EventID>6</EventID>
      <Version>1</Version>
      <Level>4</Level>
      <Task>2</Task>
      <Opcode>1</Opcode>
      <Keywords>0x4000000000000000</Keywords>
      <TimeCreated SystemTime="2020-09-18T14:02:52.688570300Z" />
      <EventRecordID>4296</EventRecordID>
      <Correlation ActivityID="{08e4fd5f-4cc7-4c2b-bdab-ea5d9385753b}" />
      <Execution ProcessID="1244" ThreadID="1772" ProcessorID="0" KernelTime="180" UserTime="171" />
      <Channel>
      </Channel>
      <Computer>LAPTOP-JU4M3I0E</Computer>
      <Security />
    </System>
    <EventData>
      <Data Name="InterfaceUuid">{423ec01e-2e35-11d2-b604-00104b703efd}</Data>
      <Data Name="ProcNum">3</Data>
      <Data Name="Protocol">3</Data>
      <Data Name="NetworkAddress">NULL</Data>
      <Data Name="Endpoint">OLE1D66DF2E47C355AC517E8BD1AC9E</Data>
      <Data Name="Options">NULL</Data>
      <Data Name="AuthenticationLevel">6</Data>
      <Data Name="AuthenticationService">20</Data>
      <Data Name="ImpersonationLevel">0</Data>
    </EventData>
  </Event>
  <Event xmlns="http://schemas.microsoft.com/win/2004/08/events/event">
    <System>
      <Provider Name="Microsoft-Windows-RPC" Guid="{6ad52b32-d609-4be9-ae07-ce8dae937e39}" />
      <EventID>6</EventID>
      <Version>1</Version>
      <Level>4</Level>
      <Task>2</Task>
      <Opcode>1</Opcode>
      <Keywords>0x4000000000000000</Keywords>
      <TimeCreated SystemTime="2020-09-18T14:02:52.688601000Z" />
      <EventRecordID>4317</EventRecordID>
      <Correlation ActivityID="{a49cd116-8a2f-4312-997b-6deeb110f17f}" />
      <Execution ProcessID="1244" ThreadID="1772" ProcessorID="0" KernelTime="180" UserTime="171" />
      <Channel>
      </Channel>
      <Computer>LAPTOP-JU4M3I0E</Computer>
      <Security />
    </System>
    <EventData>
      <Data Name="InterfaceUuid">{423ec01e-2e35-11d2-b604-00104b703efd}</Data>
      <Data Name="ProcNum">3</Data>
      <Data Name="Protocol">3</Data>
      <Data Name="NetworkAddress">NULL</Data>
      <Data Name="Endpoint">OLE1D66DF2E47C355AC517E8BD1AC9E</Data>
      <Data Name="Options">NULL</Data>
      <Data Name="AuthenticationLevel">6</Data>
      <Data Name="AuthenticationService">20</Data>
      <Data Name="ImpersonationLevel">0</Data>
    </EventData>
  </Event>
  