<Event xmlns="http://schemas.microsoft.com/win/2004/08/events/event">
    <System>
      <Provider Name="Microsoft-Windows-RPC" Guid="{6ad52b32-d609-4be9-ae07-ce8dae937e39}" />
      <EventID>6</EventID>
      <Version>1</Version>
      <Level>4</Level>
      <Task>2</Task>
      <Opcode>1</Opcode>
      <Keywords>0x4000000000000000</Keywords>
      <TimeCreated SystemTime="2020-09-18T14:02:52.688630800Z" />
      <EventRecordID>4338</EventRecordID>
      <Correlation ActivityID="{13b98358-4482-4744-a484-ce54d7db134a}" />
      <Execution ProcessID="1244" ThreadID="1772" ProcessorID="0" KernelTime="180" UserTime="171" />
      <Channel>
      </Channel>
      <Computer>LAPTOP-JU4M3I0E</Computer>
      <Security />
    </System>
    <EventData>
      <Data Name="InterfaceUuid">{423ec01e-2e35-11d2-b604-00104b703efd}</Data>
      <Data Name="ProcNum">3</Data>
      <Data Name="Protocol">3</Data>
      <Data Name="NetworkAddress">NULL</Data>
      <Data Name="Endpoint">OLE1D66DF2E47C355AC517E8BD1AC9E</Data>
      <Data Name="Options">NULL</Data>
      <Data Name="AuthenticationLevel">6</Data>
      <Data Name="AuthenticationService">20</Data>
      <Data Name="ImpersonationLevel">0</Data>
    </EventData>
  </Event>
  <Event xmlns="http://schemas.microsoft.com/win/2004/08/events/event">
    <System>
      <Provider Name="Microsoft-Windows-RPC" Guid="{6ad52b32-d609-4be9-ae07-ce8dae937e39}" />
      <EventID>6</EventID>
      <Version>1</Version>
      <Level>4</Level>
      <Task>2</Task>
      <Opcode>1</Opcode>
      <Keywords>0x4000000000000000</Keywords>
      <TimeCreated SystemTime="2020-09-18T14:02:52.688667300Z" />
      <EventRecordID>4366</EventRecordID>
      <Correlation ActivityID="{ad452fa2-31d8-483f-98a4-de54d3a06b44}" />
      <Execution ProcessID="1244" ThreadID="6472" ProcessorID="0" KernelTime="42" UserTime="42" />
      <Channel>
      </Channel>
      <Computer>LAPTOP-JU4M3I0E</Computer>
      <Security />
    </System>
    <EventData>
      <Data Name="InterfaceUuid">{423ec01e-2e35-11d2-b604-00104b703efd}</Data>
      <Data Name="ProcNum">3</Data>
      <Data Name="Protocol">3</Data>
      <Data Name="NetworkAddress">NULL</Data>
      <Data Name="Endpoint">OLE1D66DF2E47C355AC517E8BD1AC9E</Data>
      <Data Name="Options">NULL</Data>
      <Data Name="AuthenticationLevel">6</Data>
      <Data Name="AuthenticationService">20</Data>
      <Data Name="ImpersonationLevel">0</Data>
    </EventData>
  </Event>
  <Event xmlns="http://schemas.microsoft.com/win/2004/08/events/event">
    <System>
      <Provider Name="Microsoft-Windows-RPC" Guid="{6ad52b32-d609-4be9-ae07-ce8dae937e39}" />
      <EventID>6</EventID>
      <Version>1</Version>
      <Level>4</Level>
      <Task>2</Task>
      <Opcode>1</Opcode>
      <Keywords>0x4000000000000000</Keywords>
      <TimeCreated SystemTime="2020-09-18T14:02:52.688680200Z" />
      <EventRecordID>4374</EventRecordID>
      <Correlation ActivityID="{cac4e0f9-621c-435a-8750-facd91cd704b}" />
      <Execution ProcessID="1244" ThreadID="1772" ProcessorID="1" KernelTime="180" UserTime="171" />
      <Channel>
      </Channel>
      <Computer>LAPTOP-JU4M3I0E</Computer>
      <Security />
    </System>
    <EventData>
      <Data Name="InterfaceUuid">{7c857801-7381-11cf-884d-00aa004b2e24}</Data>
      <Data Name="ProcNum">3</Data>
      <Data Name="Protocol">3</Data>
      <Data Name="NetworkAddress">NULL</Data>
      <Data Name="Endpoint">OLE1D66DF2E47C355AC517E8BD1AC9E</Data>
      <Data Name="Options">NULL</Data>
      <Data Name="AuthenticationLevel">6</Data>
      <Data Name="AuthenticationService">20</Data>
      <Data Name="ImpersonationLevel">0</Data>
    </EventData>
  </Event>
  <Event xmlns="http://schemas.microsoft.com/win/2004/08/events/event">
    <System>
      <Provider Name="Microsoft-Windows-RPC" Guid="{6ad52b32-d609-4be9-ae07-ce8dae937e39}" />
      <EventID>6</EventID>
      <Version>1</Version>
      <Level>4</Level>
      <Task>2</Task>
      <Opcode>1</Opcode>
      <Keywords>0x4000000000000000</Keywords>
      <TimeCreated SystemTime="2020-09-18T14:02:52.688702500Z" />
      <EventRecordID>4393</EventRecordID>
      <Correlation ActivityID="{ff69f54e-cc8e-4c7d-b14d-4ba66369ec5a}" />
      <Execution ProcessID="1244" ThreadID="6472" ProcessorID="0" KernelTime="42" UserTime="42" />
      <Channel>
      </Channel>
      <Computer>LAPTOP-JU4M3I0E</Computer>
      <Security />
    </System>
    <EventData>
      <Data Name="InterfaceUuid">{423ec01e-2e35-11d2-b604-00104b703efd}</Data>
      <Data Name="ProcNum">3</Data>
      <Data Name="Protocol">3</Data>
      <Data Name="NetworkAddress">NULL</Data>
      <Data Name="Endpoint">OLE1D66DF2E47C355AC517E8BD1AC9E</Data>
      <Data Name="Options">NULL</Data>
      <Data Name="AuthenticationLevel">6</Data>
      <Data Name="AuthenticationService">20</Data>
      <Data Name="ImpersonationLevel">0</Data>
    </EventData>
  </Event>
  <Event xmlns="http://schemas.microsoft.com/win/2004/08/events/event">
    <System>
      <Provider Name="Microsoft-Windows-RPC" Guid="{6ad52b32-d609-4be9-ae07-ce8dae937e39}" />
      <EventID>6</EventID>
      <Version>1</Version>
      <Level>4</Level>
      <Task>2</Task>
      <Opcode>1</Opcode>
      <Keywords>0x4000000000000000</Keywords>
      <TimeCreated SystemTime="2020-09-18T14:02:52.688733700Z" />
      <EventRecordID>4414</EventRecordID>
      <Correlation ActivityID="{1016f986-962e-4932-bda0-7dac9c582f05}" />
      <Execution ProcessID="1244" ThreadID="6472" ProcessorID="0" KernelTime="42" UserTime="42" />
      <Channel>
      </Channel>
      <Computer>LAPTOP-JU4M3I0E</Computer>
      <Security />
    </System>
    <EventData>
      <Data Name="InterfaceUuid">{423ec01e-2e35-11d2-b604-00104b703efd}</Data>
      <Data Name="ProcNum">3</Data>
      <Data Name="Protocol">3</Data>
      <Data Name="NetworkAddress">NULL</Data>
      <Data Name="Endpoint">OLE1D66DF2E47C355AC517E8BD1AC9E</Data>
      <Data Name="Options">NULL</Data>
      <Data Name="AuthenticationLevel">6</Data>
      <Data Name="AuthenticationService">20</Data>
      <Data Name="ImpersonationLevel">0</Data>
    </EventData>
  </Event>
  <Event xmlns="http://schemas.microsoft.com/win/2004/08/events/event">
    <System>
      <Provider Name="Microsoft-Windows-RPC" Guid="{6ad52b32-d609-4be9-ae07-ce8dae937e39}" />
      <EventID>6</EventID>
      <Version>1</Version>
      <Level>4</Level>
      <Task>2</Task>
      <Opcode>1</Opcode>
      <Keywords>0x4000000000000000</Keywords>
      <TimeCreated SystemTime="2020-09-18T14:02:52.688765300Z" />
      <EventRecordID>4435</EventRecordID>
      <Correlation ActivityID="{460096de-cf3f-4fce-aad6-53eaf996e92a}" />
      <Execution ProcessID="1244" ThreadID="6472" ProcessorID="0" KernelTime="42" UserTime="42" />
      <Channel>
      </Channel>
      <Computer>LAPTOP-JU4M3I0E</Computer>
      <Security />
    </System>
    <EventData>
      <Data Name="InterfaceUuid">{423ec01e-2e35-11d2-b604-00104b703efd}</Data>
      <Data Name="ProcNum">3</Data>
      <Data Name="Protocol">3</Data>
      <Data Name="NetworkAddress">NULL</Data>
      <Data Name="Endpoint">OLE1D66DF2E47C355AC517E8BD1AC9E</Data>
      <Data Name="Options">NULL</Data>
      <Data Name="AuthenticationLevel">6</Data>
      <Data Name="AuthenticationService">20</Data>
      <Data Name="ImpersonationLevel">0</Data>
    </EventData>
  </Event>
  <Event xmlns="http://schemas.microsoft.com/win/2004/08/events/event">
    <System>
      <Provider Name="Microsoft-Windows-RPC" Guid="{6ad52b32-d609-4be9-ae07-ce8dae937e39}" />
      <EventID>6</EventID>
      <Version>1</Version>
      <Level>4</Level>
      <Task>2</Task>
      <Opcode>1</Opcode>
      <Keywords>0x4000000000000000</Keywords>
      <TimeCreated SystemTime="2020-09-18T14:02:52.688796000Z" />
      <EventRecordID>4456</EventRecordID>
      <Correlation ActivityID="{72d4c308-cd0f-41fb-b17a-9986c234bea8}" />
      <Execution ProcessID="1244" ThreadID="6472" ProcessorID="0" KernelTime="42" UserTime="42" />
      <Channel>
      </Channel>
      <Computer>LAPTOP-JU4M3I0E</Computer>
      <Security />
    </System>
    <EventData>
      <Data Name="InterfaceUuid">{423ec01e-2e35-11d2-b604-00104b703efd}</Data>
      <Data Name="ProcNum">3</Data>
      <Data Name="Protocol">3</Data>
      <Data Name="NetworkAddress">NULL</Data>
      <Data Name="Endpoint">OLE1D66DF2E47C355AC517E8BD1AC9E</Data>
      <Data Name="Options">NULL</Data>
      <Data Name="AuthenticationLevel">6</Data>
      <Data Name="AuthenticationService">20</Data>
      <Data Name="ImpersonationLevel">0</Data>
    </EventData>
  </Event>
  <Event xmlns="http://schemas.microsoft.com/win/2004/08/events/event">
    <System>
      <Provider Name="Microsoft-Windows-RPC" Guid="{6ad52b32-d609-4be9-ae07-ce8dae937e39}" />
      <EventID>6</EventID>
      <Version>1</Version>
      <Level>4</Level>
      <Task>2</Task>
      <Opcode>1</Opcode>
      <Keywords>0x4000000000000000</Keywords>
      <TimeCreated SystemTime="2020-09-18T14:02:52.688826700Z" />
      <EventRecordID>4477</EventRecordID>
      <Correlation ActivityID="{68e6df08-9242-44ab-b193-ceb09325000e}" />
      <Execution ProcessID="1244" ThreadID="6472" ProcessorID="0" KernelTime="42" UserTime="42" />
      <Channel>
      </Channel>
      <Computer>LAPTOP-JU4M3I0E</Computer>
      <Security />
    </System>
    <EventData>
      <Data Name="InterfaceUuid">{423ec01e-2e35-11d2-b604-00104b703efd}</Data>
      <Data Name="ProcNum">3</Data>
      <Data Name="Protocol">3</Data>
      <Data Name="NetworkAddress">NULL</Data>
      <Data Name="Endpoint">OLE1D66DF2E47C355AC517E8BD1AC9E</Data>
      <Data Name="Options">NULL</Data>
      <Data Name="AuthenticationLevel">6</Data>
      <Data Name="AuthenticationService">20</Data>
      <Data Name="ImpersonationLevel">0</Data>
    </EventData>
  </Event>
  <Event xmlns="http://schemas.microsoft.com/win/2004/08/events/event">
    <System>
      <Provider Name="Microsoft-Windows-RPC" Guid="{6ad52b32-d609-4be9-ae07-ce8dae937e39}" />
      <EventID>6</EventID>
      <Version>1</Version>
      <Level>4</Level>
      <Task>2</Task>
      <Opcode>1</Opcode>
      <Keywords>0x4000000000000000</Keywords>
      <TimeCreated SystemTime="2020-09-18T14:02:52.688861900Z" />
      <EventRecordID>4498</EventRecordID>
      <Correlation ActivityID="{1e921288-1caf-458b-b2d9-7f5e4d352f9f}" />
      <Execution ProcessID="1244" ThreadID="6472" ProcessorID="0" KernelTime="42" UserTime="42" />
      <Channel>
      </Channel>
      <Computer>LAPTOP-JU4M3I0E</Computer>
      <Security />
    </System>
    <EventData>
      <Data Name="InterfaceUuid">{423ec01e-2e35-11d2-b604-00104b703efd}</Data>
      <Data Name="ProcNum">3</Data>
      <Data Name="Protocol">3</Data>
      <Data Name="NetworkAddress">NULL</Data>
      <Data Name="Endpoint">OLE1D66DF2E47C355AC517E8BD1AC9E</Data>
      <Data Name="Options">NULL</Data>
      <Data Name="AuthenticationLevel">6</Data>
      <Data Name="AuthenticationService">20</Data>
      <Data Name="ImpersonationLevel">0</Data>
    </EventData>
  </Event>
  <Event xmlns="http://schemas.microsoft.com/win/2004/08/events/event">
    <System>
      <Provider Name="Microsoft-Windows-RPC" Guid="{6ad52b32-d609-4be9-ae07-ce8dae937e39}" />
      <EventID>6</EventID>
      <Version>1</Version>
      <Level>4</Level>
      <Task>2</Task>
      <Opcode>1</Opcode>
      <Keywords>0x4000000000000000</Keywords>
      <TimeCreated SystemTime="2020-09-18T14:02:52.688892600Z" />
      <EventRecordID>4519</EventRecordID>
      <Correlation ActivityID="{cb8e3c45-e61b-4503-839c-6b56e13bf3f0}" />
      <Execution ProcessID="1244" ThreadID="6472" ProcessorID="0" KernelTime="42" UserTime="42" />
      <Channel>
      </Channel>
      <Computer>LAPTOP-JU4M3I0E</Computer>
      <Security />
    </System>
    <EventData>
      <Data Name="InterfaceUuid">{423ec01e-2e35-11d2-b604-00104b703efd}</Data>
      <Data Name="ProcNum">3</Data>
      <Data Name="Protocol">3</Data>
      <Data Name="NetworkAddress">NULL</Data>
      <Data Name="Endpoint">OLE1D66DF2E47C355AC517E8BD1AC9E</Data>
      <Data Name="Options">NULL</Data>
      <Data Name="AuthenticationLevel">6</Data>
      <Data Name="AuthenticationService">20</Data>
      <Data Name="ImpersonationLevel">0</Data>
    </EventData>
  </Event>
  <Event xmlns="http://schemas.microsoft.com/win/2004/08/events/event">
    <System>
      <Provider Name="Microsoft-Windows-RPC" Guid="{6ad52b32-d609-4be9-ae07-ce8dae937e39}" />
      <EventID>6</EventID>
      <Version>1</Version>
      <Level>4</Level>
      <Task>2</Task>
      <Opcode>1</Opcode>
      <Keywords>0x4000000000000000</Keywords>
      <TimeCreated SystemTime="2020-09-18T14:02:52.688923300Z" />
      <EventRecordID>4540</EventRecordID>
      <Correlation ActivityID="{bd7d252e-bebd-4e12-9c59-6bd1afcf4eef}" />
      <Execution ProcessID="1244" ThreadID="6472" ProcessorID="0" KernelTime="42" UserTime="42" />
      <Channel>
      </Channel>
      <Computer>LAPTOP-JU4M3I0E</Computer>
      <Security />
    </System>
    <EventData>
      <Data Name="InterfaceUuid">{423ec01e-2e35-11d2-b604-00104b703efd}</Data>
      <Data Name="ProcNum">3</Data>
      <Data Name="Protocol">3</Data>
      <Data Name="NetworkAddress">NULL</Data>
      <Data Name="Endpoint">OLE1D66DF2E47C355AC517E8BD1AC9E</Data>
      <Data Name="Options">NULL</Data>
      <Data Name="AuthenticationLevel">6</Data>
      <Data Name="AuthenticationService">20</Data>
      <Data Name="ImpersonationLevel">0</Data>
    </EventData>
  </Event>
  <Event xmlns="http://schemas.microsoft.com/win/2004/08/events/event">
    <System>
      <Provider Name="Microsoft-Windows-RPC" Guid="{6ad52b32-d609-4be9-ae07-ce8dae937e39}" />
      <EventID>6</EventID>
      <Version>1</Version>
      <Level>4</Level>
      <Task>2</Task>
      <Opcode>1</Opcode>
      <Keywords>0x4000000000000000</Keywords>
      <TimeCreated SystemTime="2020-09-18T14:02:52.688955800Z" />
      <EventRecordID>4561</EventRecordID>
      <Correlation ActivityID="{09837099-41c3-4268-8a5a-e7dc01f5e1bb}" />
      <Execution ProcessID="1244" ThreadID="6472" ProcessorID="0" KernelTime="42" UserTime="42" />
      <Channel>
      </Channel>
      <Computer>LAPTOP-JU4M3I0E</Computer>
      <Security />
    </System>
    <EventData>
      <Data Name="InterfaceUuid">{423ec01e-2e35-11d2-b604-00104b703efd}</Data>
      <Data Name="ProcNum">3</Data>
      <Data Name="Protocol">3</Data>
      <Data Name="NetworkAddress">NULL</Data>
      <Data Name="Endpoint">OLE1D66DF2E47C355AC517E8BD1AC9E</Data>
      <Data Name="Options">NULL</Data>
      <Data Name="AuthenticationLevel">6</Data>
      <Data Name="AuthenticationService">20</Data>
      <Data Name="ImpersonationLevel">0</Data>
    </EventData>
  </Event>
  <Event xmlns="http://schemas.microsoft.com/win/2004/08/events/event">
    <System>
      <Provider Name="Microsoft-Windows-RPC" Guid="{6ad52b32-d609-4be9-ae07-ce8dae937e39}" />
      <EventID>6</EventID>
      <Version>1</Version>
      <Level>4</Level>
      <Task>2</Task>
      <Opcode>1</Opcode>
      <Keywords>0x4000000000000000</Keywords>
      <TimeCreated SystemTime="2020-09-18T14:02:52.688986100Z" />
      <EventRecordID>4582</EventRecordID>
      <Correlation ActivityID="{ba458b86-239b-4b15-b425-5d49ad325882}" />
      <Execution ProcessID="1244" ThreadID="6472" ProcessorID="0" KernelTime="42" UserTime="42" />
      <Channel>
      </Channel>
      <Computer>LAPTOP-JU4M3I0E</Computer>
      <Security />
    </System>
    <EventData>
      <Data Name="InterfaceUuid">{423ec01e-2e35-11d2-b604-00104b703efd}</Data>
      <Data Name="ProcNum">3</Data>
      <Data Name="Protocol">3</Data>
      <Data Name="NetworkAddress">NULL</Data>
      <Data Name="Endpoint">OLE1D66DF2E47C355AC517E8BD1AC9E</Data>
      <Data Name="Options">NULL</Data>
      <Data Name="AuthenticationLevel">6</Data>
      <Data Name="AuthenticationService">20</Data>
      <Data Name="ImpersonationLevel">0</Data>
    </EventData>
  </Event>
  <Event xmlns="http://schemas.microsoft.com/win/2004/08/events/event">
    <System>
      <Provider Name="Microsoft-Windows-RPC" Guid="{6ad52b32-d609-4be9-ae07-ce8dae937e39}" />
      <EventID>6</EventID>
      <Version>1</Version>
      <Level>4</Level>
      <Task>2</Task>
      <Opcode>1</Opcode>
      <Keywords>0x4000000000000000</Keywords>
      <TimeCreated SystemTime="2020-09-18T14:02:52.689039100Z" />
      <EventRecordID>4603</EventRecordID>
      <Correlation ActivityID="{c15b6149-f592-45f2-bfac-6bfc72cc454c}" />
      <Execution ProcessID="1244" ThreadID="6472" ProcessorID="0" KernelTime="42" UserTime="42" />
      <Channel>
      </Channel>
      <Computer>LAPTOP-JU4M3I0E</Computer>
      <Security />
    </System>
    <EventData>
      <Data Name="InterfaceUuid">{423ec01e-2e35-11d2-b604-00104b703efd}</Data>
      <Data Name="ProcNum">3</Data>
      <Data Name="Protocol">3</Data>
      <Data Name="NetworkAddress">NULL</Data>
      <Data Name="Endpoint">OLE1D66DF2E47C355AC517E8BD1AC9E</Data>
      <Data Name="Options">NULL</Data>
      <Data Name="AuthenticationLevel">6</Data>
      <Data Name="AuthenticationService">20</Data>
      <Data Name="ImpersonationLevel">0</Data>
    </EventData>
  </Event>
  <Event xmlns="http://schemas.microsoft.com/win/2004/08/events/event">
    <System>
      <Provider Name="Microsoft-Windows-RPC" Guid="{6ad52b32-d609-4be9-ae07-ce8dae937e39}" />
      <EventID>6</EventID>
      <Version>1</Version>
      <Level>4</Level>
      <Task>2</Task>
      <Opcode>1</Opcode>
      <Keywords>0x4000000000000000</Keywords>
      <TimeCreated SystemTime="2020-09-18T14:02:52.689084500Z" />
      <EventRecordID>4632</EventRecordID>
      <Correlation ActivityID="{541298c0-51df-473a-802c-8dc4a5c9beb0}" />
      <Execution ProcessID="1244" ThreadID="6472" ProcessorID="0" KernelTime="42" UserTime="42" />
      <Channel>
      </Channel>
      <Computer>LAPTOP-JU4M3I0E</Computer>
      <Security />
    </System>
    <EventData>
      <Data Name="InterfaceUuid">{423ec01e-2e35-11d2-b604-00104b703efd}</Data>
      <Data Name="ProcNum">3</Data>
      <Data Name="Protocol">3</Data>
      <Data Name="NetworkAddress">NULL</Data>
      <Data Name="Endpoint">OLE1D66DF2E47C355AC517E8BD1AC9E</Data>
      <Data Name="Options">NULL</Data>
      <Data Name="AuthenticationLevel">6</Data>
      <Data Name="AuthenticationService">20</Data>
      <Data Name="ImpersonationLevel">0</Data>
    </EventData>
  </Event>
  <Event xmlns="http://schemas.microsoft.com/win/2004/08/events/event">
    <System>
      <Provider Name="Microsoft-Windows-RPC" Guid="{6ad52b32-d609-4be9-ae07-ce8dae937e39}" />
      <EventID>6</EventID>
      <Version>1</Version>
      <Level>4</Level>
      <Task>2</Task>
      <Opcode>1</Opcode>
      <Keywords>0x4000000000000000</Keywords>
      <TimeCreated SystemTime="2020-09-18T14:02:52.689116600Z" />
      <EventRecordID>4653</EventRecordID>
      <Correlation ActivityID="{79543079-8b03-4c2a-b3ae-4e2b1fda306c}" />
      <Execution ProcessID="1244" ThreadID="6472" ProcessorID="0" KernelTime="42" UserTime="42" />
      <Channel>
      </Channel>
      <Computer>LAPTOP-JU4M3I0E</Computer>
      <Security />
    </System>
    <EventData>
      <Data Name="InterfaceUuid">{423ec01e-2e35-11d2-b604-00104b703efd}</Data>
      <Data Name="ProcNum">3</Data>
      <Data Name="Protocol">3</Data>
      <Data Name="NetworkAddress">NULL</Data>
      <Data Name="Endpoint">OLE1D66DF2E47C355AC517E8BD1AC9E</Data>
      <Data Name="Options">NULL</Data>
      <Data Name="AuthenticationLevel">6</Data>
      <Data Name="AuthenticationService">20</Data>
      <Data Name="ImpersonationLevel">0</Data>
    </EventData>
  </Event>
  <Event xmlns="http://schemas.microsoft.com/win/2004/08/events/event">
    <System>
      <Provider Name="Microsoft-Windows-RPC" Guid="{6ad52b32-d609-4be9-ae07-ce8dae937e39}" />
      <EventID>6</EventID>
      <Version>1</Version>
      <Level>4</Level>
      <Task>2</Task>
      <Opcode>1</Opcode>
      <Keywords>0x4000000000000000</Keywords>
      <TimeCreated SystemTime="2020-09-18T14:02:52.689146400Z" />
      <EventRecordID>4674</EventRecordID>
      <Correlation ActivityID="{d0c6d4fa-5d6c-4d2b-8f61-aa34a391221e}" />
      <Execution ProcessID="1244" ThreadID="6472" ProcessorID="0" KernelTime="42" UserTime="42" />
      <Channel>
      </Channel>
      <Computer>LAPTOP-JU4M3I0E</Computer>
      <Security />
    </System>
    <EventData>
      <Data Name="InterfaceUuid">{423ec01e-2e35-11d2-b604-00104b703efd}</Data>
      <Data Name="ProcNum">3</Data>
      <Data Name="Protocol">3</Data>
      <Data Name="NetworkAddress">NULL</Data>
      <Data Name="Endpoint">OLE1D66DF2E47C355AC517E8BD1AC9E</Data>
      <Data Name="Options">NULL</Data>
      <Data Name="AuthenticationLevel">6</Data>
      <Data Name="AuthenticationService">20</Data>
      <Data Name="ImpersonationLevel">0</Data>
    </EventData>
  </Event>
  <Event xmlns="http://schemas.microsoft.com/win/2004/08/events/event">
    <System>
      <Provider Name="Microsoft-Windows-RPC" Guid="{6ad52b32-d609-4be9-ae07-ce8dae937e39}" />
      <EventID>6</EventID>
      <Version>1</Version>
      <Level>4</Level>
      <Task>2</Task>
      <Opcode>1</Opcode>
      <Keywords>0x4000000000000000</Keywords>
      <TimeCreated SystemTime="2020-09-18T14:02:52.689175800Z" />
      <EventRecordID>4695</EventRecordID>
      <Correlation ActivityID="{c0865b2f-57bb-4ec8-b451-1606b699fc4f}" />
      <Execution ProcessID="1244" ThreadID="6472" ProcessorID="0" KernelTime="42" UserTime="42" />
      <Channel>
      </Channel>
      <Computer>LAPTOP-JU4M3I0E</Computer>
      <Security />
    </System>
    <EventData>
      <Data Name="InterfaceUuid">{423ec01e-2e35-11d2-b604-00104b703efd}</Data>
      <Data Name="ProcNum">3</Data>
      <Data Name="Protocol">3</Data>
      <Data Name="NetworkAddress">NULL</Data>
      <Data Name="Endpoint">OLE1D66DF2E47C355AC517E8BD1AC9E</Data>
      <Data Name="Options">NULL</Data>
      <Data Name="AuthenticationLevel">6</Data>
      <Data Name="AuthenticationService">20</Data>
      <Data Name="ImpersonationLevel">0</Data>
    </EventData>
  </Event>
  <Event xmlns="http://schemas.microsoft.com/win/2004/08/events/event">
    <System>
      <Provider Name="Microsoft-Windows-RPC" Guid="{6ad52b32-d609-4be9-ae07-ce8dae937e39}" />
      <EventID>6</EventID>
      <Version>1</Version>
      <Level>4</Level>
      <Task>2</Task>
      <Opcode>1</Opcode>
      <Keywords>0x4000000000000000</Keywords>
      <TimeCreated SystemTime="2020-09-18T14:02:52.689210500Z" />
      <EventRecordID>4716</EventRecordID>
      <Correlation ActivityID="{9d007893-0e32-445e-affc-9dc41019b09d}" />
      <Execution ProcessID="1244" ThreadID="6472" ProcessorID="0" KernelTime="42" UserTime="42" />
      <Channel>
      </Channel>
      <Computer>LAPTOP-JU4M3I0E</Computer>
      <Security />
    </System>
    <EventData>
      <Data Name="InterfaceUuid">{423ec01e-2e35-11d2-b604-00104b703efd}</Data>
      <Data Name="ProcNum">3</Data>
      <Data Name="Protocol">3</Data>
      <Data Name="NetworkAddress">NULL</Data>
      <Data Name="Endpoint">OLE1D66DF2E47C355AC517E8BD1AC9E</Data>
      <Data Name="Options">NULL</Data>
      <Data Name="AuthenticationLevel">6</Data>
      <Data Name="AuthenticationService">20</Data>
      <Data Name="ImpersonationLevel">0</Data>
    </EventData>
  </Event>
  <Event xmlns="http://schemas.microsoft.com/win/2004/08/events/event">
    <System>
      <Provider Name="Microsoft-Windows-RPC" Guid="{6ad52b32-d609-4be9-ae07-ce8dae937e39}" />
      <EventID>6</EventID>
      <Version>1</Version>
      <Level>4</Level>
      <Task>2</Task>
      <Opcode>1</Opcode>
      <Keywords>0x4000000000000000</Keywords>
      <TimeCreated SystemTime="2020-09-18T14:02:52.689242100Z" />
      <EventRecordID>4737</EventRecordID>
      <Correlation ActivityID="{652e8f4b-bb44-4d7e-984c-e11d9d48db48}" />
      <Execution ProcessID="1244" ThreadID="6472" ProcessorID="0" KernelTime="42" UserTime="42" />
      <Channel>
      </Channel>
      <Computer>LAPTOP-JU4M3I0E</Computer>
      <Security />
    </System>
    <EventData>
      <Data Name="InterfaceUuid">{423ec01e-2e35-11d2-b604-00104b703efd}</Data>
      <Data Name="ProcNum">3</Data>
      <Data Name="Protocol">3</Data>
      <Data Name="NetworkAddress">NULL</Data>
      <Data Name="Endpoint">OLE1D66DF2E47C355AC517E8BD1AC9E</Data>
      <Data Name="Options">NULL</Data>
      <Data Name="AuthenticationLevel">6</Data>
      <Data Name="AuthenticationService">20</Data>
      <Data Name="ImpersonationLevel">0</Data>
    </EventData>
  </Event>
  <Event xmlns="http://schemas.microsoft.com/win/2004/08/events/event">
    <System>
      <Provider Name="Microsoft-Windows-RPC" Guid="{6ad52b32-d609-4be9-ae07-ce8dae937e39}" />
      <EventID>6</EventID>
      <Version>1</Version>
      <Level>4</Level>
      <Task>2</Task>
      <Opcode>1</Opcode>
      <Keywords>0x4000000000000000</Keywords>
      <TimeCreated SystemTime="2020-09-18T14:02:52.689271900Z" />
      <EventRecordID>4758</EventRecordID>
      <Correlation ActivityID="{4a6b1f67-47b5-48ac-bd2c-5f28df88746c}" />
      <Execution ProcessID="1244" ThreadID="6472" ProcessorID="0" KernelTime="42" UserTime="42" />
      <Channel>
      </Channel>
      <Computer>LAPTOP-JU4M3I0E</Computer>
      <Security />
    </System>
    <EventData>
      <Data Name="InterfaceUuid">{423ec01e-2e35-11d2-b604-00104b703efd}</Data>
      <Data Name="ProcNum">3</Data>
      <Data Name="Protocol">3</Data>
      <Data Name="NetworkAddress">NULL</Data>
      <Data Name="Endpoint">OLE1D66DF2E47C355AC517E8BD1AC9E</Data>
      <Data Name="Options">NULL</Data>
      <Data Name="AuthenticationLevel">6</Data>
      <Data Name="AuthenticationService">20</Data>
      <Data Name="ImpersonationLevel">0</Data>
    </EventData>
  </Event>
  <Event xmlns="http://schemas.microsoft.com/win/2004/08/events/event">
    <System>
      <Provider Name="Microsoft-Windows-RPC" Guid="{6ad52b32-d609-4be9-ae07-ce8dae937e39}" />
      <EventID>6</EventID>
      <Version>1</Version>
      <Level>4</Level>
      <Task>2</Task>
      <Opcode>1</Opcode>
      <Keywords>0x4000000000000000</Keywords>
      <TimeCreated SystemTime="2020-09-18T14:02:52.689312500Z" />
      <EventRecordID>4783</EventRecordID>
      <Correlation ActivityID="{71a5c49b-912f-4794-b133-7ef14f6fb957}" />
      <Execution ProcessID="584" ThreadID="752" ProcessorID="1" KernelTime="88" UserTime="206" />
      <Channel>
      </Channel>
      <Computer>LAPTOP-JU4M3I0E</Computer>
      <Security />
    </System>
    <EventData>
      <Data Name="InterfaceUuid">{4f32adc8-6052-4a04-8701-293ccf2096f0}</Data>
      <Data Name="ProcNum">14</Data>
      <Data Name="Protocol">3</Data>
      <Data Name="NetworkAddress">NULL</Data>
      <Data Name="Endpoint">lsasspirpc</Data>
      <Data Name="Options">NULL</Data>
      <Data Name="AuthenticationLevel">6</Data>
      <Data Name="AuthenticationService">20</Data>
      <Data Name="ImpersonationLevel">0</Data>
    </EventData>
  </Event>
  <Event xmlns="http://schemas.microsoft.com/win/2004/08/events/event">
    <System>
      <Provider Name="Microsoft-Windows-RPC" Guid="{6ad52b32-d609-4be9-ae07-ce8dae937e39}" />
      <EventID>6</EventID>
      <Version>1</Version>
      <Level>4</Level>
      <Task>2</Task>
      <Opcode>1</Opcode>
      <Keywords>0x4000000000000000</Keywords>
      <TimeCreated SystemTime="2020-09-18T14:02:52.689322700Z" />
      <EventRecordID>4795</EventRecordID>
      <Correlation ActivityID="{a47a9fd3-68ba-4a6b-bff2-63b916d21f5b}" />
      <Execution ProcessID="1244" ThreadID="1772" ProcessorID="0" KernelTime="180" UserTime="171" />
      <Channel>
      </Channel>
      <Computer>LAPTOP-JU4M3I0E</Computer>
      <Security />
    </System>
    <EventData>
      <Data Name="InterfaceUuid">{423ec01e-2e35-11d2-b604-00104b703efd}</Data>
      <Data Name="ProcNum">3</Data>
      <Data Name="Protocol">3</Data>
      <Data Name="NetworkAddress">NULL</Data>
      <Data Name="Endpoint">OLE1D66DF2E47C355AC517E8BD1AC9E</Data>
      <Data Name="Options">NULL</Data>
      <Data Name="AuthenticationLevel">6</Data>
      <Data Name="AuthenticationService">20</Data>
      <Data Name="ImpersonationLevel">0</Data>
    </EventData>
  </Event>
  <Event xmlns="http://schemas.microsoft.com/win/2004/08/events/event">
    <System>
      <Provider Name="Microsoft-Windows-RPC" Guid="{6ad52b32-d609-4be9-ae07-ce8dae937e39}" />
      <EventID>6</EventID>
      <Version>1</Version>
      <Level>4</Level>
      <Task>2</Task>
      <Opcode>1</Opcode>
      <Keywords>0x4000000000000000</Keywords>
      <TimeCreated SystemTime="2020-09-18T14:02:52.689355600Z" />
      <EventRecordID>4825</EventRecordID>
      <Correlation ActivityID="{1ca4fcff-26da-4f51-bfa4-e833dbfcb4b8}" />
      <Execution ProcessID="1244" ThreadID="1772" ProcessorID="0" KernelTime="180" UserTime="171" />
      <Channel>
      </Channel>
      <Computer>LAPTOP-JU4M3I0E</Computer>
      <Security />
    </System>
    <EventData>
      <Data Name="InterfaceUuid">{423ec01e-2e35-11d2-b604-00104b703efd}</Data>
      <Data Name="ProcNum">3</Data>
      <Data Name="Protocol">3</Data>
      <Data Name="NetworkAddress">NULL</Data>
      <Data Name="Endpoint">OLE1D66DF2E47C355AC517E8BD1AC9E</Data>
      <Data Name="Options">NULL</Data>
      <Data Name="AuthenticationLevel">6</Data>
      <Data Name="AuthenticationService">20</Data>
      <Data Name="ImpersonationLevel">0</Data>
    </EventData>
  </Event>
  <Event xmlns="http://schemas.microsoft.com/win/2004/08/events/event">
    <System>
      <Provider Name="Microsoft-Windows-RPC" Guid="{6ad52b32-d609-4be9-ae07-ce8dae937e39}" />
      <EventID>6</EventID>
      <Version>1</Version>
      <Level>4</Level>
      <Task>2</Task>
      <Opcode>1</Opcode>
      <Keywords>0x4000000000000000</Keywords>
      <TimeCreated SystemTime="2020-09-18T14:02:52.689385900Z" />
      <EventRecordID>4848</EventRecordID>
      <Correlation ActivityID="{000e707c-00ac-44ab-8a2f-4a0d90eb83c1}" />
      <Execution ProcessID="1244" ThreadID="1772" ProcessorID="0" KernelTime="180" UserTime="171" />
      <Channel>
      </Channel>
      <Computer>LAPTOP-JU4M3I0E</Computer>
      <Security />
    </System>
    <EventData>
      <Data Name="InterfaceUuid">{423ec01e-2e35-11d2-b604-00104b703efd}</Data>
      <Data Name="ProcNum">3</Data>
      <Data Name="Protocol">3</Data>
      <Data Name="NetworkAddress">NULL</Data>
      <Data Name="Endpoint">OLE1D66DF2E47C355AC517E8BD1AC9E</Data>
      <Data Name="Options">NULL</Data>
      <Data Name="AuthenticationLevel">6</Data>
      <Data Name="AuthenticationService">20</Data>
      <Data Name="ImpersonationLevel">0</Data>
    </EventData>
  </Event>
  <Event xmlns="http://schemas.microsoft.com/win/2004/08/events/event">
    <System>
      <Provider Name="Microsoft-Windows-RPC" Guid="{6ad52b32-d609-4be9-ae07-ce8dae937e39}" />
      <EventID>6</EventID>
      <Version>1</Version>
      <Level>4</Level>
      <Task>2</Task>
      <Opcode>1</Opcode>
      <Keywords>0x4000000000000000</Keywords>
      <TimeCreated SystemTime="2020-09-18T14:02:52.689423800Z" />
      <EventRecordID>4872</EventRecordID>
      <Correlation ActivityID="{1e62be7f-56bf-42d5-b506-723820b9d9ff}" />
      <Execution ProcessID="1244" ThreadID="1772" ProcessorID="0" KernelTime="180" UserTime="171" />
      <Channel>
      </Channel>
      <Computer>LAPTOP-JU4M3I0E</Computer>
      <Security />
    </System>
    <EventData>
      <Data Name="InterfaceUuid">{423ec01e-2e35-11d2-b604-00104b703efd}</Data>
      <Data Name="ProcNum">3</Data>
      <Data Name="Protocol">3</Data>
      <Data Name="NetworkAddress">NULL</Data>
      <Data Name="Endpoint">OLE1D66DF2E47C355AC517E8BD1AC9E</Data>
      <Data Name="Options">NULL</Data>
      <Data Name="AuthenticationLevel">6</Data>
      <Data Name="AuthenticationService">20</Data>
      <Data Name="ImpersonationLevel">0</Data>
    </EventData>
  </Event>
  <Event xmlns="http://schemas.microsoft.com/win/2004/08/events/event">
    <System>
      <Provider Name="Microsoft-Windows-RPC" Guid="{6ad52b32-d609-4be9-ae07-ce8dae937e39}" />
      <EventID>6</EventID>
      <Version>1</Version>
      <Level>4</Level>
      <Task>2</Task>
      <Opcode>1</Opcode>
      <Keywords>0x4000000000000000</Keywords>
      <TimeCreated SystemTime="2020-09-18T14:02:52.689460700Z" />
      <EventRecordID>4900</EventRecordID>
      <Correlation ActivityID="{bfc1830f-e8ca-4958-b426-0ce39dc35526}" />
      <Execution ProcessID="1244" ThreadID="1772" ProcessorID="0" KernelTime="180" UserTime="171" />
      <Channel>
      </Channel>
      <Computer>LAPTOP-JU4M3I0E</Computer>
      <Security />
    </System>
    <EventData>
      <Data Name="InterfaceUuid">{423ec01e-2e35-11d2-b604-00104b703efd}</Data>
      <Data Name="ProcNum">3</Data>
      <Data Name="Protocol">3</Data>
      <Data Name="NetworkAddress">NULL</Data>
      <Data Name="Endpoint">OLE1D66DF2E47C355AC517E8BD1AC9E</Data>
      <Data Name="Options">NULL</Data>
      <Data Name="AuthenticationLevel">6</Data>
      <Data Name="AuthenticationService">20</Data>
      <Data Name="ImpersonationLevel">0</Data>
    </EventData>
  </Event>
  <Event xmlns="http://schemas.microsoft.com/win/2004/08/events/event">
    <System>
      <Provider Name="Microsoft-Windows-RPC" Guid="{6ad52b32-d609-4be9-ae07-ce8dae937e39}" />
      <EventID>6</EventID>
      <Version>1</Version>
      <Level>4</Level>
      <Task>2</Task>
      <Opcode>1</Opcode>
      <Keywords>0x4000000000000000</Keywords>
      <TimeCreated SystemTime="2020-09-18T14:02:52.689462500Z" />
      <EventRecordID>4903</EventRecordID>
      <Correlation ActivityID="{cc22324d-827a-4fd2-aeb7-f21815070657}" />
      <Execution ProcessID="1244" ThreadID="1384" ProcessorID="1" KernelTime="42" UserTime="59" />
      <Channel>
      </Channel>
      <Computer>LAPTOP-JU4M3I0E</Computer>
      <Security />
    </System>
    <EventData>
      <Data Name="InterfaceUuid">{7c857801-7381-11cf-884d-00aa004b2e24}</Data>
      <Data Name="ProcNum">3</Data>
      <Data Name="Protocol">3</Data>
      <Data Name="NetworkAddress">NULL</Data>
      <Data Name="Endpoint">OLE1D66DF2E47C355AC517E8BD1AC9E</Data>
      <Data Name="Options">NULL</Data>
      <Data Name="AuthenticationLevel">6</Data>
      <Data Name="AuthenticationService">20</Data>
      <Data Name="ImpersonationLevel">0</Data>
    </EventData>
  </Event>
  <Event xmlns="http://schemas.microsoft.com/win/2004/08/events/event">
    <System>
      <Provider Name="Microsoft-Windows-RPC" Guid="{6ad52b32-d609-4be9-ae07-ce8dae937e39}" />
      <EventID>6</EventID>
      <Version>1</Version>
      <Level>4</Level>
      <Task>2</Task>
      <Opcode>1</Opcode>
      <Keywords>0x4000000000000000</Keywords>
      <TimeCreated SystemTime="2020-09-18T14:02:52.689519500Z" />
      <EventRecordID>4924</EventRecordID>
      <Correlation ActivityID="{b179a04e-1f76-4011-acdf-420d30b9b695}" />
      <Execution ProcessID="1244" ThreadID="1772" ProcessorID="0" KernelTime="180" UserTime="171" />
      <Channel>
      </Channel>
      <Computer>LAPTOP-JU4M3I0E</Computer>
      <Security />
    </System>
    <EventData>
      <Data Name="InterfaceUuid">{423ec01e-2e35-11d2-b604-00104b703efd}</Data>
      <Data Name="ProcNum">3</Data>
      <Data Name="Protocol">3</Data>
      <Data Name="NetworkAddress">NULL</Data>
      <Data Name="Endpoint">OLE1D66DF2E47C355AC517E8BD1AC9E</Data>
      <Data Name="Options">NULL</Data>
      <Data Name="AuthenticationLevel">6</Data>
      <Data Name="AuthenticationService">20</Data>
      <Data Name="ImpersonationLevel">0</Data>
    </EventData>
  </Event>
  <Event xmlns="http://schemas.microsoft.com/win/2004/08/events/event">
    <System>
      <Provider Name="Microsoft-Windows-RPC" Guid="{6ad52b32-d609-4be9-ae07-ce8dae937e39}" />
      <EventID>6</EventID>
      <Version>1</Version>
      <Level>4</Level>
      <Task>2</Task>
      <Opcode>1</Opcode>
      <Keywords>0x4000000000000000</Keywords>
      <TimeCreated SystemTime="2020-09-18T14:02:52.689552400Z" />
      <EventRecordID>4945</EventRecordID>
      <Correlation ActivityID="{4d9205cf-5e92-4962-944c-8895b61267c7}" />
      <Execution ProcessID="1244" ThreadID="1772" ProcessorID="0" KernelTime="180" UserTime="171" />
      <Channel>
      </Channel>
      <Computer>LAPTOP-JU4M3I0E</Computer>
      <Security />
    </System>
    <EventData>
      <Data Name="InterfaceUuid">{423ec01e-2e35-11d2-b604-00104b703efd}</Data>
      <Data Name="ProcNum">3</Data>
      <Data Name="Protocol">3</Data>
      <Data Name="NetworkAddress">NULL</Data>
      <Data Name="Endpoint">OLE1D66DF2E47C355AC517E8BD1AC9E</Data>
      <Data Name="Options">NULL</Data>
      <Data Name="AuthenticationLevel">6</Data>
      <Data Name="AuthenticationService">20</Data>
      <Data Name="ImpersonationLevel">0</Data>
    </EventData>
  </Event>
  <Event xmlns="http://schemas.microsoft.com/win/2004/08/events/event">
    <System>
      <Provider Name="Microsoft-Windows-RPC" Guid="{6ad52b32-d609-4be9-ae07-ce8dae937e39}" />
      <EventID>6</EventID>
      <Version>1</Version>
      <Level>4</Level>
      <Task>2</Task>
      <Opcode>1</Opcode>
      <Keywords>0x4000000000000000</Keywords>
      <TimeCreated SystemTime="2020-09-18T14:02:52.689583600Z" />
      <EventRecordID>4966</EventRecordID>
      <Correlation ActivityID="{58c6a89e-e26b-424b-8552-7694c5961f71}" />
      <Execution ProcessID="1244" ThreadID="1772" ProcessorID="0" KernelTime="180" UserTime="171" />
      <Channel>
      </Channel>
      <Computer>LAPTOP-JU4M3I0E</Computer>
      <Security />
    </System>
    <EventData>
      <Data Name="InterfaceUuid">{423ec01e-2e35-11d2-b604-00104b703efd}</Data>
      <Data Name="ProcNum">3</Data>
      <Data Name="Protocol">3</Data>
      <Data Name="NetworkAddress">NULL</Data>
      <Data Name="Endpoint">OLE1D66DF2E47C355AC517E8BD1AC9E</Data>
      <Data Name="Options">NULL</Data>
      <Data Name="AuthenticationLevel">6</Data>
      <Data Name="AuthenticationService">20</Data>
      <Data Name="ImpersonationLevel">0</Data>
    </EventData>
  </Event>
  <Event xmlns="http://schemas.microsoft.com/win/2004/08/events/event">
    <System>
      <Provider Name="Microsoft-Windows-RPC" Guid="{6ad52b32-d609-4be9-ae07-ce8dae937e39}" />
      <EventID>6</EventID>
      <Version>1</Version>
      <Level>4</Level>
      <Task>2</Task>
      <Opcode>1</Opcode>
      <Keywords>0x4000000000000000</Keywords>
      <TimeCreated SystemTime="2020-09-18T14:02:52.689614300Z" />
      <EventRecordID>4987</EventRecordID>
      <Correlation ActivityID="{eba6908c-8b09-4728-8e60-fd9aceb5d428}" />
      <Execution ProcessID="1244" ThreadID="1772" ProcessorID="0" KernelTime="180" UserTime="171" />
      <Channel>
      </Channel>
      <Computer>LAPTOP-JU4M3I0E</Computer>
      <Security />
    </System>
    <EventData>
      <Data Name="InterfaceUuid">{423ec01e-2e35-11d2-b604-00104b703efd}</Data>
      <Data Name="ProcNum">3</Data>
      <Data Name="Protocol">3</Data>
      <Data Name="NetworkAddress">NULL</Data>
      <Data Name="Endpoint">OLE1D66DF2E47C355AC517E8BD1AC9E</Data>
      <Data Name="Options">NULL</Data>
      <Data Name="AuthenticationLevel">6</Data>
      <Data Name="AuthenticationService">20</Data>
      <Data Name="ImpersonationLevel">0</Data>
    </EventData>
  </Event>
  <Event xmlns="http://schemas.microsoft.com/win/2004/08/events/event">
    <System>
      <Provider Name="Microsoft-Windows-RPC" Guid="{6ad52b32-d609-4be9-ae07-ce8dae937e39}" />
      <EventID>6</EventID>
      <Version>1</Version>
      <Level>4</Level>
      <Task>2</Task>
      <Opcode>1</Opcode>
      <Keywords>0x4000000000000000</Keywords>
      <TimeCreated SystemTime="2020-09-18T14:02:52.689647300Z" />
      <EventRecordID>5008</EventRecordID>
      <Correlation ActivityID="{cad57446-f9a9-4d75-8e80-a8ca41791dc8}" />
      <Execution ProcessID="1244" ThreadID="1772" ProcessorID="0" KernelTime="180" UserTime="171" />
      <Channel>
      </Channel>
      <Computer>LAPTOP-JU4M3I0E</Computer>
      <Security />
    </System>
    <EventData>
      <Data Name="InterfaceUuid">{423ec01e-2e35-11d2-b604-00104b703efd}</Data>
      <Data Name="ProcNum">3</Data>
      <Data Name="Protocol">3</Data>
      <Data Name="NetworkAddress">NULL</Data>
      <Data Name="Endpoint">OLE1D66DF2E47C355AC517E8BD1AC9E</Data>
      <Data Name="Options">NULL</Data>
      <Data Name="AuthenticationLevel">6</Data>
      <Data Name="AuthenticationService">20</Data>
      <Data Name="ImpersonationLevel">0</Data>
    </EventData>
  </Event>
  <Event xmlns="http://schemas.microsoft.com/win/2004/08/events/event">
    <System>
      <Provider Name="Microsoft-Windows-RPC" Guid="{6ad52b32-d609-4be9-ae07-ce8dae937e39}" />
      <EventID>6</EventID>
      <Version>1</Version>
      <Level>4</Level>
      <Task>2</Task>
      <Opcode>1</Opcode>
      <Keywords>0x4000000000000000</Keywords>
      <TimeCreated SystemTime="2020-09-18T14:02:52.689679800Z" />
      <EventRecordID>5029</EventRecordID>
      <Correlation ActivityID="{ee0bd00f-70fa-48e1-9dff-6baad8416218}" />
      <Execution ProcessID="1244" ThreadID="1772" ProcessorID="0" KernelTime="180" UserTime="171" />
      <Channel>
      </Channel>
      <Computer>LAPTOP-JU4M3I0E</Computer>
      <Security />
    </System>
    <EventData>
      <Data Name="InterfaceUuid">{423ec01e-2e35-11d2-b604-00104b703efd}</Data>
      <Data Name="ProcNum">3</Data>
      <Data Name="Protocol">3</Data>
      <Data Name="NetworkAddress">NULL</Data>
      <Data Name="Endpoint">OLE1D66DF2E47C355AC517E8BD1AC9E</Data>
      <Data Name="Options">NULL</Data>
      <Data Name="AuthenticationLevel">6</Data>
      <Data Name="AuthenticationService">20</Data>
      <Data Name="ImpersonationLevel">0</Data>
    </EventData>
  </Event>
  <Event xmlns="http://schemas.microsoft.com/win/2004/08/events/event">
    <System>
      <Provider Name="Microsoft-Windows-RPC" Guid="{6ad52b32-d609-4be9-ae07-ce8dae937e39}" />
      <EventID>6</EventID>
      <Version>1</Version>
      <Level>4</Level>
      <Task>2</Task>
      <Opcode>1</Opcode>
      <Keywords>0x4000000000000000</Keywords>
      <TimeCreated SystemTime="2020-09-18T14:02:52.689709600Z" />
      <EventRecordID>5050</EventRecordID>
      <Correlation ActivityID="{1316993d-1ad8-4193-8e56-c285c0474b99}" />
      <Execution ProcessID="1244" ThreadID="1772" ProcessorID="0" KernelTime="180" UserTime="171" />
      <Channel>
      </Channel>
      <Computer>LAPTOP-JU4M3I0E</Computer>
      <Security />
    </System>
    <EventData>
      <Data Name="InterfaceUuid">{423ec01e-2e35-11d2-b604-00104b703efd}</Data>
      <Data Name="ProcNum">3</Data>
      <Data Name="Protocol">3</Data>
      <Data Name="NetworkAddress">NULL</Data>
      <Data Name="Endpoint">OLE1D66DF2E47C355AC517E8BD1AC9E</Data>
      <Data Name="Options">NULL</Data>
      <Data Name="AuthenticationLevel">6</Data>
      <Data Name="AuthenticationService">20</Data>
      <Data Name="ImpersonationLevel">0</Data>
    </EventData>
  </Event>
  <Event xmlns="http://schemas.microsoft.com/win/2004/08/events/event">
    <System>
      <Provider Name="Microsoft-Windows-RPC" Guid="{6ad52b32-d609-4be9-ae07-ce8dae937e39}" />
      <EventID>6</EventID>
      <Version>1</Version>
      <Level>4</Level>
      <Task>2</Task>
      <Opcode>1</Opcode>
      <Keywords>0x4000000000000000</Keywords>
      <TimeCreated SystemTime="2020-09-18T14:02:52.689739400Z" />
      <EventRecordID>5071</EventRecordID>
      <Correlation ActivityID="{723bc87c-c0ff-4207-954c-752f81ebd62b}" />
      <Execution ProcessID="1244" ThreadID="1772" ProcessorID="0" KernelTime="180" UserTime="171" />
      <Channel>
      </Channel>
      <Computer>LAPTOP-JU4M3I0E</Computer>
      <Security />
    </System>
    <EventData>
      <Data Name="InterfaceUuid">{423ec01e-2e35-11d2-b604-00104b703efd}</Data>
      <Data Name="ProcNum">3</Data>
      <Data Name="Protocol">3</Data>
      <Data Name="NetworkAddress">NULL</Data>
      <Data Name="Endpoint">OLE1D66DF2E47C355AC517E8BD1AC9E</Data>
      <Data Name="Options">NULL</Data>
      <Data Name="AuthenticationLevel">6</Data>
      <Data Name="AuthenticationService">20</Data>
      <Data Name="ImpersonationLevel">0</Data>
    </EventData>
  </Event>
  <Event xmlns="http://schemas.microsoft.com/win/2004/08/events/event">
    <System>
      <Provider Name="Microsoft-Windows-RPC" Guid="{6ad52b32-d609-4be9-ae07-ce8dae937e39}" />
      <EventID>6</EventID>
      <Version>1</Version>
      <Level>4</Level>
      <Task>2</Task>
      <Opcode>1</Opcode>
      <Keywords>0x4000000000000000</Keywords>
      <TimeCreated SystemTime="2020-09-18T14:02:52.689775500Z" />
      <EventRecordID>5092</EventRecordID>
      <Correlation ActivityID="{35cec718-7c8f-44fb-8dcd-18627ab16e60}" />
      <Execution ProcessID="1244" ThreadID="1772" ProcessorID="0" KernelTime="180" UserTime="171" />
      <Channel>
      </Channel>
      <Computer>LAPTOP-JU4M3I0E</Computer>
      <Security />
    </System>
    <EventData>
      <Data Name="InterfaceUuid">{423ec01e-2e35-11d2-b604-00104b703efd}</Data>
      <Data Name="ProcNum">3</Data>
      <Data Name="Protocol">3</Data>
      <Data Name="NetworkAddress">NULL</Data>
      <Data Name="Endpoint">OLE1D66DF2E47C355AC517E8BD1AC9E</Data>
      <Data Name="Options">NULL</Data>
      <Data Name="AuthenticationLevel">6</Data>
      <Data Name="AuthenticationService">20</Data>
      <Data Name="ImpersonationLevel">0</Data>
    </EventData>
  </Event>
  <Event xmlns="http://schemas.microsoft.com/win/2004/08/events/event">
    <System>
      <Provider Name="Microsoft-Windows-RPC" Guid="{6ad52b32-d609-4be9-ae07-ce8dae937e39}" />
      <EventID>6</EventID>
      <Version>1</Version>
      <Level>4</Level>
      <Task>2</Task>
      <Opcode>1</Opcode>
      <Keywords>0x4000000000000000</Keywords>
      <TimeCreated SystemTime="2020-09-18T14:02:52.689806200Z" />
      <EventRecordID>5113</EventRecordID>
      <Correlation ActivityID="{f5753150-fe1f-48a6-9097-e7bf4cec30e5}" />
      <Execution ProcessID="1244" ThreadID="1772" ProcessorID="0" KernelTime="180" UserTime="171" />
      <Channel>
      </Channel>
      <Computer>LAPTOP-JU4M3I0E</Computer>
      <Security />
    </System>
    <EventData>
      <Data Name="InterfaceUuid">{423ec01e-2e35-11d2-b604-00104b703efd}</Data>
      <Data Name="ProcNum">3</Data>
      <Data Name="Protocol">3</Data>
      <Data Name="NetworkAddress">NULL</Data>
      <Data Name="Endpoint">OLE1D66DF2E47C355AC517E8BD1AC9E</Data>
      <Data Name="Options">NULL</Data>
      <Data Name="AuthenticationLevel">6</Data>
      <Data Name="AuthenticationService">20</Data>
      <Data Name="ImpersonationLevel">0</Data>
    </EventData>
  </Event>
  <Event xmlns="http://schemas.microsoft.com/win/2004/08/events/event">
    <System>
      <Provider Name="Microsoft-Windows-RPC" Guid="{6ad52b32-d609-4be9-ae07-ce8dae937e39}" />
      <EventID>6</EventID>
      <Version>1</Version>
      <Level>4</Level>
      <Task>2</Task>
      <Opcode>1</Opcode>
      <Keywords>0x4000000000000000</Keywords>
      <TimeCreated SystemTime="2020-09-18T14:02:52.689837400Z" />
      <EventRecordID>5134</EventRecordID>
      <Correlation ActivityID="{3ad6d03e-5746-41ce-90ac-3a4fabcd5f94}" />
      <Execution ProcessID="1244" ThreadID="1772" ProcessorID="0" KernelTime="180" UserTime="171" />
      <Channel>
      </Channel>
      <Computer>LAPTOP-JU4M3I0E</Computer>
      <Security />
    </System>
    <EventData>
      <Data Name="InterfaceUuid">{423ec01e-2e35-11d2-b604-00104b703efd}</Data>
      <Data Name="ProcNum">3</Data>
      <Data Name="Protocol">3</Data>
      <Data Name="NetworkAddress">NULL</Data>
      <Data Name="Endpoint">OLE1D66DF2E47C355AC517E8BD1AC9E</Data>
      <Data Name="Options">NULL</Data>
      <Data Name="AuthenticationLevel">6</Data>
      <Data Name="AuthenticationService">20</Data>
      <Data Name="ImpersonationLevel">0</Data>
    </EventData>
  </Event>
  