<Event xmlns="http://schemas.microsoft.com/win/2004/08/events/event">
    <System>
      <Provider Name="Microsoft-Windows-RPC" Guid="{6ad52b32-d609-4be9-ae07-ce8dae937e39}" />
      <EventID>6</EventID>
      <Version>1</Version>
      <Level>4</Level>
      <Task>2</Task>
      <Opcode>1</Opcode>
      <Keywords>0x4000000000000000</Keywords>
      <TimeCreated SystemTime="2020-09-18T14:02:52.695338000Z" />
      <EventRecordID>6147</EventRecordID>
      <Correlation ActivityID="{92a29dc9-f00a-4130-96c3-3a9925c93cef}" />
      <Execution ProcessID="1244" ThreadID="1772" ProcessorID="0" KernelTime="180" UserTime="172" />
      <Channel>
      </Channel>
      <Computer>LAPTOP-JU4M3I0E</Computer>
      <Security />
    </System>
    <EventData>
      <Data Name="InterfaceUuid">{7c857801-7381-11cf-884d-00aa004b2e24}</Data>
      <Data Name="ProcNum">3</Data>
      <Data Name="Protocol">3</Data>
      <Data Name="NetworkAddress">NULL</Data>
      <Data Name="Endpoint">OLE1D66DF2E47C355AC517E8BD1AC9E</Data>
      <Data Name="Options">NULL</Data>
      <Data Name="AuthenticationLevel">6</Data>
      <Data Name="AuthenticationService">20</Data>
      <Data Name="ImpersonationLevel">0</Data>
    </EventData>
  </Event>
  <Event xmlns="http://schemas.microsoft.com/win/2004/08/events/event">
    <System>
      <Provider Name="Microsoft-Windows-RPC" Guid="{6ad52b32-d609-4be9-ae07-ce8dae937e39}" />
      <EventID>6</EventID>
      <Version>1</Version>
      <Level>4</Level>
      <Task>2</Task>
      <Opcode>1</Opcode>
      <Keywords>0x4000000000000000</Keywords>
      <TimeCreated SystemTime="2020-09-18T14:02:52.695482700Z" />
      <EventRecordID>6168</EventRecordID>
      <Correlation ActivityID="{ffcaab8d-22e2-4410-a40c-33d8b37c59b9}" />
      <Execution ProcessID="1244" ThreadID="1772" ProcessorID="1" KernelTime="180" UserTime="172" />
      <Channel>
      </Channel>
      <Computer>LAPTOP-JU4M3I0E</Computer>
      <Security />
    </System>
    <EventData>
      <Data Name="InterfaceUuid">{7c857801-7381-11cf-884d-00aa004b2e24}</Data>
      <Data Name="ProcNum">4</Data>
      <Data Name="Protocol">3</Data>
      <Data Name="NetworkAddress">NULL</Data>
      <Data Name="Endpoint">OLE1D66DF2E47C355AC517E8BD1AC9E</Data>
      <Data Name="Options">NULL</Data>
      <Data Name="AuthenticationLevel">6</Data>
      <Data Name="AuthenticationService">20</Data>
      <Data Name="ImpersonationLevel">0</Data>
    </EventData>
  </Event>
  <Event xmlns="http://schemas.microsoft.com/win/2004/08/events/event">
    <System>
      <Provider Name="Microsoft-Windows-RPC" Guid="{6ad52b32-d609-4be9-ae07-ce8dae937e39}" />
      <EventID>6</EventID>
      <Version>1</Version>
      <Level>4</Level>
      <Task>2</Task>
      <Opcode>1</Opcode>
      <Keywords>0x4000000000000000</Keywords>
      <TimeCreated SystemTime="2020-09-18T14:02:52.695561500Z" />
      <EventRecordID>6190</EventRecordID>
      <Correlation ActivityID="{239b0b34-3189-42b0-bbb0-ac83d65e4742}" />
      <Execution ProcessID="1244" ThreadID="1772" ProcessorID="1" KernelTime="180" UserTime="172" />
      <Channel>
      </Channel>
      <Computer>LAPTOP-JU4M3I0E</Computer>
      <Security />
    </System>
    <EventData>
      <Data Name="InterfaceUuid">{00000134-0000-0000-c000-000000000046}</Data>
      <Data Name="ProcNum">5</Data>
      <Data Name="Protocol">3</Data>
      <Data Name="NetworkAddress">NULL</Data>
      <Data Name="Endpoint">OLE1D66DF2E47C355AC517E8BD1AC9E</Data>
      <Data Name="Options">NULL</Data>
      <Data Name="AuthenticationLevel">6</Data>
      <Data Name="AuthenticationService">20</Data>
      <Data Name="ImpersonationLevel">0</Data>
    </EventData>
  </Event>
  <Event xmlns="http://schemas.microsoft.com/win/2004/08/events/event">
    <System>
      <Provider Name="Microsoft-Windows-RPC" Guid="{6ad52b32-d609-4be9-ae07-ce8dae937e39}" />
      <EventID>6</EventID>
      <Version>1</Version>
      <Level>4</Level>
      <Task>2</Task>
      <Opcode>1</Opcode>
      <Keywords>0x4000000000000000</Keywords>
      <TimeCreated SystemTime="2020-09-18T14:02:52.695838400Z" />
      <EventRecordID>6234</EventRecordID>
      <Correlation ActivityID="{40470316-e499-4947-8f6d-9ec00571e227}" />
      <Execution ProcessID="1244" ThreadID="8172" ProcessorID="0" KernelTime="95" UserTime="151" />
      <Channel>
      </Channel>
      <Computer>LAPTOP-JU4M3I0E</Computer>
      <Security />
    </System>
    <EventData>
      <Data Name="InterfaceUuid">{423ec01e-2e35-11d2-b604-00104b703efd}</Data>
      <Data Name="ProcNum">3</Data>
      <Data Name="Protocol">3</Data>
      <Data Name="NetworkAddress">NULL</Data>
      <Data Name="Endpoint">OLE1D66DF2E47C355AC517E8BD1AC9E</Data>
      <Data Name="Options">NULL</Data>
      <Data Name="AuthenticationLevel">6</Data>
      <Data Name="AuthenticationService">20</Data>
      <Data Name="ImpersonationLevel">0</Data>
    </EventData>
  </Event>
  <Event xmlns="http://schemas.microsoft.com/win/2004/08/events/event">
    <System>
      <Provider Name="Microsoft-Windows-RPC" Guid="{6ad52b32-d609-4be9-ae07-ce8dae937e39}" />
      <EventID>6</EventID>
      <Version>1</Version>
      <Level>4</Level>
      <Task>2</Task>
      <Opcode>1</Opcode>
      <Keywords>0x4000000000000000</Keywords>
      <TimeCreated SystemTime="2020-09-18T14:02:52.695889600Z" />
      <EventRecordID>6255</EventRecordID>
      <Correlation ActivityID="{02a38152-d858-4b7b-a90c-390128ab1242}" />
      <Execution ProcessID="1244" ThreadID="8172" ProcessorID="0" KernelTime="95" UserTime="151" />
      <Channel>
      </Channel>
      <Computer>LAPTOP-JU4M3I0E</Computer>
      <Security />
    </System>
    <EventData>
      <Data Name="InterfaceUuid">{00000134-0000-0000-c000-000000000046}</Data>
      <Data Name="ProcNum">5</Data>
      <Data Name="Protocol">3</Data>
      <Data Name="NetworkAddress">NULL</Data>
      <Data Name="Endpoint">OLE1D66DF2E47C355AC517E8BD1AC9E</Data>
      <Data Name="Options">NULL</Data>
      <Data Name="AuthenticationLevel">6</Data>
      <Data Name="AuthenticationService">20</Data>
      <Data Name="ImpersonationLevel">0</Data>
    </EventData>
  </Event>
  <Event xmlns="http://schemas.microsoft.com/win/2004/08/events/event">
    <System>
      <Provider Name="Microsoft-Windows-RPC" Guid="{6ad52b32-d609-4be9-ae07-ce8dae937e39}" />
      <EventID>6</EventID>
      <Version>1</Version>
      <Level>4</Level>
      <Task>2</Task>
      <Opcode>1</Opcode>
      <Keywords>0x4000000000000000</Keywords>
      <TimeCreated SystemTime="2020-09-18T14:02:52.695956900Z" />
      <EventRecordID>6281</EventRecordID>
      <Correlation ActivityID="{22f35795-827b-4db7-9182-f40919396a6b}" />
      <Execution ProcessID="1244" ThreadID="8172" ProcessorID="0" KernelTime="95" UserTime="151" />
      <Channel>
      </Channel>
      <Computer>LAPTOP-JU4M3I0E</Computer>
      <Security />
    </System>
    <EventData>
      <Data Name="InterfaceUuid">{00000134-0000-0000-c000-000000000046}</Data>
      <Data Name="ProcNum">5</Data>
      <Data Name="Protocol">3</Data>
      <Data Name="NetworkAddress">NULL</Data>
      <Data Name="Endpoint">OLE1D66DF2E47C355AC517E8BD1AC9E</Data>
      <Data Name="Options">NULL</Data>
      <Data Name="AuthenticationLevel">6</Data>
      <Data Name="AuthenticationService">20</Data>
      <Data Name="ImpersonationLevel">0</Data>
    </EventData>
  </Event>
  <Event xmlns="http://schemas.microsoft.com/win/2004/08/events/event">
    <System>
      <Provider Name="Microsoft-Windows-RPC" Guid="{6ad52b32-d609-4be9-ae07-ce8dae937e39}" />
      <EventID>6</EventID>
      <Version>1</Version>
      <Level>4</Level>
      <Task>2</Task>
      <Opcode>1</Opcode>
      <Keywords>0x4000000000000000</Keywords>
      <TimeCreated SystemTime="2020-09-18T14:02:52.696094400Z" />
      <EventRecordID>6307</EventRecordID>
      <Correlation ActivityID="{a69c5f7a-7a2b-4b9b-bc61-a36ea4513785}" />
      <Execution ProcessID="1244" ThreadID="8172" ProcessorID="0" KernelTime="95" UserTime="151" />
      <Channel>
      </Channel>
      <Computer>LAPTOP-JU4M3I0E</Computer>
      <Security />
    </System>
    <EventData>
      <Data Name="InterfaceUuid">{9556dc99-828c-11cf-a37e-00aa003240c7}</Data>
      <Data Name="ProcNum">18</Data>
      <Data Name="Protocol">3</Data>
      <Data Name="NetworkAddress">NULL</Data>
      <Data Name="Endpoint">OLE1D66DF2E47C355AC517E8BD1AC9E</Data>
      <Data Name="Options">NULL</Data>
      <Data Name="AuthenticationLevel">6</Data>
      <Data Name="AuthenticationService">20</Data>
      <Data Name="ImpersonationLevel">0</Data>
    </EventData>
  </Event>
  <Event xmlns="http://schemas.microsoft.com/win/2004/08/events/event">
    <System>
      <Provider Name="Microsoft-Windows-RPC" Guid="{6ad52b32-d609-4be9-ae07-ce8dae937e39}" />
      <EventID>6</EventID>
      <Version>1</Version>
      <Level>4</Level>
      <Task>2</Task>
      <Opcode>1</Opcode>
      <Keywords>0x4000000000000000</Keywords>
      <TimeCreated SystemTime="2020-09-18T14:02:52.696272100Z" />
      <EventRecordID>6340</EventRecordID>
      <Correlation ActivityID="{85b6ef1a-116a-47c0-bd6a-a61701b6d6fc}" />
      <Execution ProcessID="1244" ThreadID="8172" ProcessorID="0" KernelTime="95" UserTime="151" />
      <Channel>
      </Channel>
      <Computer>LAPTOP-JU4M3I0E</Computer>
      <Security />
    </System>
    <EventData>
      <Data Name="InterfaceUuid">{00000134-0000-0000-c000-000000000046}</Data>
      <Data Name="ProcNum">3</Data>
      <Data Name="Protocol">3</Data>
      <Data Name="NetworkAddress">NULL</Data>
      <Data Name="Endpoint">OLE1D66DF2E47C355AC517E8BD1AC9E</Data>
      <Data Name="Options">NULL</Data>
      <Data Name="AuthenticationLevel">6</Data>
      <Data Name="AuthenticationService">20</Data>
      <Data Name="ImpersonationLevel">0</Data>
    </EventData>
  </Event>
  <Event xmlns="http://schemas.microsoft.com/win/2004/08/events/event">
    <System>
      <Provider Name="Microsoft-Windows-RPC" Guid="{6ad52b32-d609-4be9-ae07-ce8dae937e39}" />
      <EventID>6</EventID>
      <Version>1</Version>
      <Level>4</Level>
      <Task>2</Task>
      <Opcode>1</Opcode>
      <Keywords>0x4000000000000000</Keywords>
      <TimeCreated SystemTime="2020-09-18T14:02:52.696303700Z" />
      <EventRecordID>6357</EventRecordID>
      <Correlation ActivityID="{e106da5d-150b-4d38-bc92-f3cfbf91c75d}" />
      <Execution ProcessID="2512" ThreadID="6548" ProcessorID="1" KernelTime="492" UserTime="127" />
      <Channel>
      </Channel>
      <Computer>LAPTOP-JU4M3I0E</Computer>
      <Security />
    </System>
    <EventData>
      <Data Name="InterfaceUuid">{6b3fc272-bf37-4968-933a-6df9222a2607}</Data>
      <Data Name="ProcNum">9</Data>
      <Data Name="Protocol">3</Data>
      <Data Name="NetworkAddress">NULL</Data>
      <Data Name="Endpoint">OLEBB6012C7E3F1F9492EB953C49432</Data>
      <Data Name="Options">NULL</Data>
      <Data Name="AuthenticationLevel">6</Data>
      <Data Name="AuthenticationService">20</Data>
      <Data Name="ImpersonationLevel">0</Data>
    </EventData>
  </Event>
  <Event xmlns="http://schemas.microsoft.com/win/2004/08/events/event">
    <System>
      <Provider Name="Microsoft-Windows-RPC" Guid="{6ad52b32-d609-4be9-ae07-ce8dae937e39}" />
      <EventID>6</EventID>
      <Version>1</Version>
      <Level>4</Level>
      <Task>2</Task>
      <Opcode>1</Opcode>
      <Keywords>0x4000000000000000</Keywords>
      <TimeCreated SystemTime="2020-09-18T14:02:52.696341100Z" />
      <EventRecordID>6386</EventRecordID>
      <Correlation ActivityID="{ab2a9c07-5bdc-46ff-a8f1-ce7e0f8d1551}" />
      <Execution ProcessID="1244" ThreadID="8172" ProcessorID="0" KernelTime="95" UserTime="151" />
      <Channel>
      </Channel>
      <Computer>LAPTOP-JU4M3I0E</Computer>
      <Security />
    </System>
    <EventData>
      <Data Name="InterfaceUuid">{1c1c45ee-4395-11d2-b60b-00104b703efd}</Data>
      <Data Name="ProcNum">3</Data>
      <Data Name="Protocol">3</Data>
      <Data Name="NetworkAddress">NULL</Data>
      <Data Name="Endpoint">OLE1D66DF2E47C355AC517E8BD1AC9E</Data>
      <Data Name="Options">NULL</Data>
      <Data Name="AuthenticationLevel">6</Data>
      <Data Name="AuthenticationService">20</Data>
      <Data Name="ImpersonationLevel">0</Data>
    </EventData>
  </Event>
  <Event xmlns="http://schemas.microsoft.com/win/2004/08/events/event">
    <System>
      <Provider Name="Microsoft-Windows-RPC" Guid="{6ad52b32-d609-4be9-ae07-ce8dae937e39}" />
      <EventID>6</EventID>
      <Version>1</Version>
      <Level>4</Level>
      <Task>2</Task>
      <Opcode>1</Opcode>
      <Keywords>0x4000000000000000</Keywords>
      <TimeCreated SystemTime="2020-09-18T14:02:52.696368700Z" />
      <EventRecordID>6403</EventRecordID>
      <Correlation ActivityID="{4273f7c2-e894-4aba-9449-7ffed767b117}" />
      <Execution ProcessID="1244" ThreadID="1772" ProcessorID="1" KernelTime="180" UserTime="172" />
      <Channel>
      </Channel>
      <Computer>LAPTOP-JU4M3I0E</Computer>
      <Security />
    </System>
    <EventData>
      <Data Name="InterfaceUuid">{00000134-0000-0000-c000-000000000046}</Data>
      <Data Name="ProcNum">5</Data>
      <Data Name="Protocol">3</Data>
      <Data Name="NetworkAddress">NULL</Data>
      <Data Name="Endpoint">OLE1D66DF2E47C355AC517E8BD1AC9E</Data>
      <Data Name="Options">NULL</Data>
      <Data Name="AuthenticationLevel">6</Data>
      <Data Name="AuthenticationService">20</Data>
      <Data Name="ImpersonationLevel">0</Data>
    </EventData>
  </Event>
  <Event xmlns="http://schemas.microsoft.com/win/2004/08/events/event">
    <System>
      <Provider Name="Microsoft-Windows-RPC" Guid="{6ad52b32-d609-4be9-ae07-ce8dae937e39}" />
      <EventID>6</EventID>
      <Version>1</Version>
      <Level>4</Level>
      <Task>2</Task>
      <Opcode>1</Opcode>
      <Keywords>0x4000000000000000</Keywords>
      <TimeCreated SystemTime="2020-09-18T14:02:52.696420300Z" />
      <EventRecordID>6457</EventRecordID>
      <Correlation ActivityID="{bd78cacb-bbfc-4db6-aa46-8cdc69ef0026}" />
      <Execution ProcessID="1244" ThreadID="1772" ProcessorID="0" KernelTime="180" UserTime="172" />
      <Channel>
      </Channel>
      <Computer>LAPTOP-JU4M3I0E</Computer>
      <Security />
    </System>
    <EventData>
      <Data Name="InterfaceUuid">{423ec01e-2e35-11d2-b604-00104b703efd}</Data>
      <Data Name="ProcNum">3</Data>
      <Data Name="Protocol">3</Data>
      <Data Name="NetworkAddress">NULL</Data>
      <Data Name="Endpoint">OLE1D66DF2E47C355AC517E8BD1AC9E</Data>
      <Data Name="Options">NULL</Data>
      <Data Name="AuthenticationLevel">6</Data>
      <Data Name="AuthenticationService">20</Data>
      <Data Name="ImpersonationLevel">0</Data>
    </EventData>
  </Event>
  <Event xmlns="http://schemas.microsoft.com/win/2004/08/events/event">
    <System>
      <Provider Name="Microsoft-Windows-RPC" Guid="{6ad52b32-d609-4be9-ae07-ce8dae937e39}" />
      <EventID>6</EventID>
      <Version>1</Version>
      <Level>4</Level>
      <Task>2</Task>
      <Opcode>1</Opcode>
      <Keywords>0x4000000000000000</Keywords>
      <TimeCreated SystemTime="2020-09-18T14:02:52.696821000Z" />
      <EventRecordID>6485</EventRecordID>
      <Correlation ActivityID="{4e82af66-5ef6-4820-8bc5-b9d5a04f524b}" />
      <Execution ProcessID="2512" ThreadID="6548" ProcessorID="0" KernelTime="492" UserTime="127" />
      <Channel>
      </Channel>
      <Computer>LAPTOP-JU4M3I0E</Computer>
      <Security />
    </System>
    <EventData>
      <Data Name="InterfaceUuid">{9556dc99-828c-11cf-a37e-00aa003240c7}</Data>
      <Data Name="ProcNum">19</Data>
      <Data Name="Protocol">3</Data>
      <Data Name="NetworkAddress">NULL</Data>
      <Data Name="Endpoint">OLEBB6012C7E3F1F9492EB953C49432</Data>
      <Data Name="Options">NULL</Data>
      <Data Name="AuthenticationLevel">6</Data>
      <Data Name="AuthenticationService">20</Data>
      <Data Name="ImpersonationLevel">0</Data>
    </EventData>
  </Event>
  <Event xmlns="http://schemas.microsoft.com/win/2004/08/events/event">
    <System>
      <Provider Name="Microsoft-Windows-RPC" Guid="{6ad52b32-d609-4be9-ae07-ce8dae937e39}" />
      <EventID>6</EventID>
      <Version>1</Version>
      <Level>4</Level>
      <Task>2</Task>
      <Opcode>1</Opcode>
      <Keywords>0x4000000000000000</Keywords>
      <TimeCreated SystemTime="2020-09-18T14:02:52.696899800Z" />
      <EventRecordID>6496</EventRecordID>
      <Correlation ActivityID="{a9be71e4-ee60-4353-b9cd-bca242d7d2c9}" />
      <Execution ProcessID="584" ThreadID="752" ProcessorID="0" KernelTime="88" UserTime="206" />
      <Channel>
      </Channel>
      <Computer>LAPTOP-JU4M3I0E</Computer>
      <Security />
    </System>
    <EventData>
      <Data Name="InterfaceUuid">{4f32adc8-6052-4a04-8701-293ccf2096f0}</Data>
      <Data Name="ProcNum">14</Data>
      <Data Name="Protocol">3</Data>
      <Data Name="NetworkAddress">NULL</Data>
      <Data Name="Endpoint">lsasspirpc</Data>
      <Data Name="Options">NULL</Data>
      <Data Name="AuthenticationLevel">6</Data>
      <Data Name="AuthenticationService">20</Data>
      <Data Name="ImpersonationLevel">0</Data>
    </EventData>
  </Event>
  <Event xmlns="http://schemas.microsoft.com/win/2004/08/events/event">
    <System>
      <Provider Name="Microsoft-Windows-RPC" Guid="{6ad52b32-d609-4be9-ae07-ce8dae937e39}" />
      <EventID>6</EventID>
      <Version>1</Version>
      <Level>4</Level>
      <Task>2</Task>
      <Opcode>1</Opcode>
      <Keywords>0x4000000000000000</Keywords>
      <TimeCreated SystemTime="2020-09-18T14:02:52.697102000Z" />
      <EventRecordID>6520</EventRecordID>
      <Correlation ActivityID="{3a69eec4-86f8-4ae5-bc5d-fac314eff12b}" />
      <Execution ProcessID="1244" ThreadID="8172" ProcessorID="0" KernelTime="95" UserTime="151" />
      <Channel>
      </Channel>
      <Computer>LAPTOP-JU4M3I0E</Computer>
      <Security />
    </System>
    <EventData>
      <Data Name="InterfaceUuid">{9556dc99-828c-11cf-a37e-00aa003240c7}</Data>
      <Data Name="ProcNum">20</Data>
      <Data Name="Protocol">3</Data>
      <Data Name="NetworkAddress">NULL</Data>
      <Data Name="Endpoint">OLE1D66DF2E47C355AC517E8BD1AC9E</Data>
      <Data Name="Options">NULL</Data>
      <Data Name="AuthenticationLevel">6</Data>
      <Data Name="AuthenticationService">20</Data>
      <Data Name="ImpersonationLevel">0</Data>
    </EventData>
  </Event>
  <Event xmlns="http://schemas.microsoft.com/win/2004/08/events/event">
    <System>
      <Provider Name="Microsoft-Windows-RPC" Guid="{6ad52b32-d609-4be9-ae07-ce8dae937e39}" />
      <EventID>6</EventID>
      <Version>1</Version>
      <Level>4</Level>
      <Task>2</Task>
      <Opcode>1</Opcode>
      <Keywords>0x4000000000000000</Keywords>
      <TimeCreated SystemTime="2020-09-18T14:02:52.697278300Z" />
      <EventRecordID>6546</EventRecordID>
      <Correlation ActivityID="{0ce3869f-24fc-430e-9e92-7b8461e30d48}" />
      <Execution ProcessID="1244" ThreadID="8172" ProcessorID="0" KernelTime="95" UserTime="151" />
      <Channel>
      </Channel>
      <Computer>LAPTOP-JU4M3I0E</Computer>
      <Security />
    </System>
    <EventData>
      <Data Name="InterfaceUuid">{00000134-0000-0000-c000-000000000046}</Data>
      <Data Name="ProcNum">3</Data>
      <Data Name="Protocol">3</Data>
      <Data Name="NetworkAddress">NULL</Data>
      <Data Name="Endpoint">OLE1D66DF2E47C355AC517E8BD1AC9E</Data>
      <Data Name="Options">NULL</Data>
      <Data Name="AuthenticationLevel">6</Data>
      <Data Name="AuthenticationService">20</Data>
      <Data Name="ImpersonationLevel">0</Data>
    </EventData>
  </Event>
  <Event xmlns="http://schemas.microsoft.com/win/2004/08/events/event">
    <System>
      <Provider Name="Microsoft-Windows-RPC" Guid="{6ad52b32-d609-4be9-ae07-ce8dae937e39}" />
      <EventID>6</EventID>
      <Version>1</Version>
      <Level>4</Level>
      <Task>2</Task>
      <Opcode>1</Opcode>
      <Keywords>0x4000000000000000</Keywords>
      <TimeCreated SystemTime="2020-09-18T14:02:52.697313500Z" />
      <EventRecordID>6569</EventRecordID>
      <Correlation ActivityID="{a02b17c9-e2ed-41fb-99cd-08437402d827}" />
      <Execution ProcessID="2512" ThreadID="8708" ProcessorID="1" KernelTime="0" UserTime="1" />
      <Channel>
      </Channel>
      <Computer>LAPTOP-JU4M3I0E</Computer>
      <Security />
    </System>
    <EventData>
      <Data Name="InterfaceUuid">{6b3fc272-bf37-4968-933a-6df9222a2607}</Data>
      <Data Name="ProcNum">9</Data>
      <Data Name="Protocol">3</Data>
      <Data Name="NetworkAddress">NULL</Data>
      <Data Name="Endpoint">OLEBB6012C7E3F1F9492EB953C49432</Data>
      <Data Name="Options">NULL</Data>
      <Data Name="AuthenticationLevel">6</Data>
      <Data Name="AuthenticationService">20</Data>
      <Data Name="ImpersonationLevel">0</Data>
    </EventData>
  </Event>
  <Event xmlns="http://schemas.microsoft.com/win/2004/08/events/event">
    <System>
      <Provider Name="Microsoft-Windows-RPC" Guid="{6ad52b32-d609-4be9-ae07-ce8dae937e39}" />
      <EventID>6</EventID>
      <Version>1</Version>
      <Level>4</Level>
      <Task>2</Task>
      <Opcode>1</Opcode>
      <Keywords>0x4000000000000000</Keywords>
      <TimeCreated SystemTime="2020-09-18T14:02:52.697324100Z" />
      <EventRecordID>6576</EventRecordID>
      <Correlation ActivityID="{bd3dc7f5-93a0-43a1-b090-0be939ee3c16}" />
      <Execution ProcessID="1244" ThreadID="8172" ProcessorID="0" KernelTime="95" UserTime="151" />
      <Channel>
      </Channel>
      <Computer>LAPTOP-JU4M3I0E</Computer>
      <Security />
    </System>
    <EventData>
      <Data Name="InterfaceUuid">{1c1c45ee-4395-11d2-b60b-00104b703efd}</Data>
      <Data Name="ProcNum">3</Data>
      <Data Name="Protocol">3</Data>
      <Data Name="NetworkAddress">NULL</Data>
      <Data Name="Endpoint">OLE1D66DF2E47C355AC517E8BD1AC9E</Data>
      <Data Name="Options">NULL</Data>
      <Data Name="AuthenticationLevel">6</Data>
      <Data Name="AuthenticationService">20</Data>
      <Data Name="ImpersonationLevel">0</Data>
    </EventData>
  </Event>
  <Event xmlns="http://schemas.microsoft.com/win/2004/08/events/event">
    <System>
      <Provider Name="Microsoft-Windows-RPC" Guid="{6ad52b32-d609-4be9-ae07-ce8dae937e39}" />
      <EventID>6</EventID>
      <Version>1</Version>
      <Level>4</Level>
      <Task>2</Task>
      <Opcode>1</Opcode>
      <Keywords>0x4000000000000000</Keywords>
      <TimeCreated SystemTime="2020-09-18T14:02:52.697375300Z" />
      <EventRecordID>6598</EventRecordID>
      <Correlation ActivityID="{59c1ac84-b1d4-4b5f-bf2f-1b039d6512d4}" />
      <Execution ProcessID="1244" ThreadID="8172" ProcessorID="0" KernelTime="95" UserTime="151" />
      <Channel>
      </Channel>
      <Computer>LAPTOP-JU4M3I0E</Computer>
      <Security />
    </System>
    <EventData>
      <Data Name="InterfaceUuid">{423ec01e-2e35-11d2-b604-00104b703efd}</Data>
      <Data Name="ProcNum">3</Data>
      <Data Name="Protocol">3</Data>
      <Data Name="NetworkAddress">NULL</Data>
      <Data Name="Endpoint">OLE1D66DF2E47C355AC517E8BD1AC9E</Data>
      <Data Name="Options">NULL</Data>
      <Data Name="AuthenticationLevel">6</Data>
      <Data Name="AuthenticationService">20</Data>
      <Data Name="ImpersonationLevel">0</Data>
    </EventData>
  </Event>
  <Event xmlns="http://schemas.microsoft.com/win/2004/08/events/event">
    <System>
      <Provider Name="Microsoft-Windows-RPC" Guid="{6ad52b32-d609-4be9-ae07-ce8dae937e39}" />
      <EventID>6</EventID>
      <Version>1</Version>
      <Level>4</Level>
      <Task>2</Task>
      <Opcode>1</Opcode>
      <Keywords>0x4000000000000000</Keywords>
      <TimeCreated SystemTime="2020-09-18T14:02:52.697416300Z" />
      <EventRecordID>6610</EventRecordID>
      <Correlation ActivityID="{8084f3a1-f411-43b1-9b9c-92c5a00f638b}" />
      <Execution ProcessID="1244" ThreadID="1384" ProcessorID="1" KernelTime="42" UserTime="59" />
      <Channel>
      </Channel>
      <Computer>LAPTOP-JU4M3I0E</Computer>
      <Security />
    </System>
    <EventData>
      <Data Name="InterfaceUuid">{00000134-0000-0000-c000-000000000046}</Data>
      <Data Name="ProcNum">5</Data>
      <Data Name="Protocol">3</Data>
      <Data Name="NetworkAddress">NULL</Data>
      <Data Name="Endpoint">OLE1D66DF2E47C355AC517E8BD1AC9E</Data>
      <Data Name="Options">NULL</Data>
      <Data Name="AuthenticationLevel">6</Data>
      <Data Name="AuthenticationService">20</Data>
      <Data Name="ImpersonationLevel">0</Data>
    </EventData>
  </Event>
  <Event xmlns="http://schemas.microsoft.com/win/2004/08/events/event">
    <System>
      <Provider Name="Microsoft-Windows-RPC" Guid="{6ad52b32-d609-4be9-ae07-ce8dae937e39}" />
      <EventID>6</EventID>
      <Version>1</Version>
      <Level>4</Level>
      <Task>2</Task>
      <Opcode>1</Opcode>
      <Keywords>0x4000000000000000</Keywords>
      <TimeCreated SystemTime="2020-09-18T14:02:52.698397100Z" />
      <EventRecordID>6678</EventRecordID>
      <Correlation ActivityID="{ef35d3e9-0b80-4332-bdab-99200048444d}" />
      <Execution ProcessID="2512" ThreadID="8708" ProcessorID="0" KernelTime="0" UserTime="1" />
      <Channel>
      </Channel>
      <Computer>LAPTOP-JU4M3I0E</Computer>
      <Security />
    </System>
    <EventData>
      <Data Name="InterfaceUuid">{9556dc99-828c-11cf-a37e-00aa003240c7}</Data>
      <Data Name="ProcNum">21</Data>
      <Data Name="Protocol">3</Data>
      <Data Name="NetworkAddress">NULL</Data>
      <Data Name="Endpoint">OLEBB6012C7E3F1F9492EB953C49432</Data>
      <Data Name="Options">NULL</Data>
      <Data Name="AuthenticationLevel">6</Data>
      <Data Name="AuthenticationService">20</Data>
      <Data Name="ImpersonationLevel">0</Data>
    </EventData>
  </Event>
  <Event xmlns="http://schemas.microsoft.com/win/2004/08/events/event">
    <System>
      <Provider Name="Microsoft-Windows-RPC" Guid="{6ad52b32-d609-4be9-ae07-ce8dae937e39}" />
      <EventID>6</EventID>
      <Version>1</Version>
      <Level>4</Level>
      <Task>2</Task>
      <Opcode>1</Opcode>
      <Keywords>0x4000000000000000</Keywords>
      <TimeCreated SystemTime="2020-09-18T14:02:52.698418500Z" />
      <EventRecordID>6686</EventRecordID>
      <Correlation ActivityID="{43d4389e-16ca-45c4-84b1-b209c03c10ad}" />
      <Execution ProcessID="2512" ThreadID="8980" ProcessorID="1" KernelTime="0" UserTime="1" />
      <Channel>
      </Channel>
      <Computer>LAPTOP-JU4M3I0E</Computer>
      <Security />
    </System>
    <EventData>
      <Data Name="InterfaceUuid">{9556dc99-828c-11cf-a37e-00aa003240c7}</Data>
      <Data Name="ProcNum">21</Data>
      <Data Name="Protocol">3</Data>
      <Data Name="NetworkAddress">NULL</Data>
      <Data Name="Endpoint">OLEBB6012C7E3F1F9492EB953C49432</Data>
      <Data Name="Options">NULL</Data>
      <Data Name="AuthenticationLevel">6</Data>
      <Data Name="AuthenticationService">20</Data>
      <Data Name="ImpersonationLevel">0</Data>
    </EventData>
  </Event>
  <Event xmlns="http://schemas.microsoft.com/win/2004/08/events/event">
    <System>
      <Provider Name="Microsoft-Windows-RPC" Guid="{6ad52b32-d609-4be9-ae07-ce8dae937e39}" />
      <EventID>6</EventID>
      <Version>1</Version>
      <Level>4</Level>
      <Task>2</Task>
      <Opcode>1</Opcode>
      <Keywords>0x4000000000000000</Keywords>
      <TimeCreated SystemTime="2020-09-18T14:02:52.698504900Z" />
      <EventRecordID>6697</EventRecordID>
      <Correlation ActivityID="{7152c73c-59ef-4c30-9a31-419d7da41f12}" />
      <Execution ProcessID="584" ThreadID="752" ProcessorID="0" KernelTime="88" UserTime="206" />
      <Channel>
      </Channel>
      <Computer>LAPTOP-JU4M3I0E</Computer>
      <Security />
    </System>
    <EventData>
      <Data Name="InterfaceUuid">{4f32adc8-6052-4a04-8701-293ccf2096f0}</Data>
      <Data Name="ProcNum">14</Data>
      <Data Name="Protocol">3</Data>
      <Data Name="NetworkAddress">NULL</Data>
      <Data Name="Endpoint">lsasspirpc</Data>
      <Data Name="Options">NULL</Data>
      <Data Name="AuthenticationLevel">6</Data>
      <Data Name="AuthenticationService">20</Data>
      <Data Name="ImpersonationLevel">0</Data>
    </EventData>
  </Event>
  <Event xmlns="http://schemas.microsoft.com/win/2004/08/events/event">
    <System>
      <Provider Name="Microsoft-Windows-RPC" Guid="{6ad52b32-d609-4be9-ae07-ce8dae937e39}" />
      <EventID>6</EventID>
      <Version>1</Version>
      <Level>4</Level>
      <Task>2</Task>
      <Opcode>1</Opcode>
      <Keywords>0x4000000000000000</Keywords>
      <TimeCreated SystemTime="2020-09-18T14:02:52.698600100Z" />
      <EventRecordID>6720</EventRecordID>
      <Correlation ActivityID="{a1adda6a-1a49-4d86-bece-627f3dc910cf}" />
      <Execution ProcessID="584" ThreadID="752" ProcessorID="1" KernelTime="88" UserTime="206" />
      <Channel>
      </Channel>
      <Computer>LAPTOP-JU4M3I0E</Computer>
      <Security />
    </System>
    <EventData>
      <Data Name="InterfaceUuid">{4f32adc8-6052-4a04-8701-293ccf2096f0}</Data>
      <Data Name="ProcNum">14</Data>
      <Data Name="Protocol">3</Data>
      <Data Name="NetworkAddress">NULL</Data>
      <Data Name="Endpoint">lsasspirpc</Data>
      <Data Name="Options">NULL</Data>
      <Data Name="AuthenticationLevel">6</Data>
      <Data Name="AuthenticationService">20</Data>
      <Data Name="ImpersonationLevel">0</Data>
    </EventData>
  </Event>
  <Event xmlns="http://schemas.microsoft.com/win/2004/08/events/event">
    <System>
      <Provider Name="Microsoft-Windows-RPC" Guid="{6ad52b32-d609-4be9-ae07-ce8dae937e39}" />
      <EventID>6</EventID>
      <Version>1</Version>
      <Level>4</Level>
      <Task>2</Task>
      <Opcode>1</Opcode>
      <Keywords>0x4000000000000000</Keywords>
      <TimeCreated SystemTime="2020-09-18T14:02:52.698689200Z" />
      <EventRecordID>6759</EventRecordID>
      <Correlation ActivityID="{00756301-c514-4fd3-a244-21bdf9125bdd}" />
      <Execution ProcessID="584" ThreadID="752" ProcessorID="1" KernelTime="88" UserTime="206" />
      <Channel>
      </Channel>
      <Computer>LAPTOP-JU4M3I0E</Computer>
      <Security />
    </System>
    <EventData>
      <Data Name="InterfaceUuid">{12345778-1234-abcd-ef00-0123456789ab}</Data>
      <Data Name="ProcNum">44</Data>
      <Data Name="Protocol">3</Data>
      <Data Name="NetworkAddress">NULL</Data>
      <Data Name="Endpoint">LSARPC_ENDPOINT</Data>
      <Data Name="Options">NULL</Data>
      <Data Name="AuthenticationLevel">6</Data>
      <Data Name="AuthenticationService">20</Data>
      <Data Name="ImpersonationLevel">0</Data>
    </EventData>
  </Event>
  <Event xmlns="http://schemas.microsoft.com/win/2004/08/events/event">
    <System>
      <Provider Name="Microsoft-Windows-RPC" Guid="{6ad52b32-d609-4be9-ae07-ce8dae937e39}" />
      <EventID>6</EventID>
      <Version>1</Version>
      <Level>4</Level>
      <Task>2</Task>
      <Opcode>1</Opcode>
      <Keywords>0x4000000000000000</Keywords>
      <TimeCreated SystemTime="2020-09-18T14:02:52.698803100Z" />
      <EventRecordID>6787</EventRecordID>
      <Correlation ActivityID="{413a6a8e-5c3b-4b35-ab70-6ef99be09bf0}" />
      <Execution ProcessID="584" ThreadID="752" ProcessorID="1" KernelTime="88" UserTime="206" />
      <Channel>
      </Channel>
      <Computer>LAPTOP-JU4M3I0E</Computer>
      <Security />
    </System>
    <EventData>
      <Data Name="InterfaceUuid">{12345778-1234-abcd-ef00-0123456789ab}</Data>
      <Data Name="ProcNum">31</Data>
      <Data Name="Protocol">3</Data>
      <Data Name="NetworkAddress">NULL</Data>
      <Data Name="Endpoint">LSARPC_ENDPOINT</Data>
      <Data Name="Options">NULL</Data>
      <Data Name="AuthenticationLevel">6</Data>
      <Data Name="AuthenticationService">20</Data>
      <Data Name="ImpersonationLevel">0</Data>
    </EventData>
  </Event>
  <Event xmlns="http://schemas.microsoft.com/win/2004/08/events/event">
    <System>
      <Provider Name="Microsoft-Windows-RPC" Guid="{6ad52b32-d609-4be9-ae07-ce8dae937e39}" />
      <EventID>6</EventID>
      <Version>1</Version>
      <Level>4</Level>
      <Task>2</Task>
      <Opcode>1</Opcode>
      <Keywords>0x4000000000000000</Keywords>
      <TimeCreated SystemTime="2020-09-18T14:02:52.698833000Z" />
      <EventRecordID>6809</EventRecordID>
      <Correlation ActivityID="{3c0f84dd-f8c4-4d92-bb41-622e6e11bc5e}" />
      <Execution ProcessID="584" ThreadID="752" ProcessorID="1" KernelTime="88" UserTime="206" />
      <Channel>
      </Channel>
      <Computer>LAPTOP-JU4M3I0E</Computer>
      <Security />
    </System>
    <EventData>
      <Data Name="InterfaceUuid">{12345778-1234-abcd-ef00-0123456789ab}</Data>
      <Data Name="ProcNum">0</Data>
      <Data Name="Protocol">3</Data>
      <Data Name="NetworkAddress">NULL</Data>
      <Data Name="Endpoint">LSARPC_ENDPOINT</Data>
      <Data Name="Options">NULL</Data>
      <Data Name="AuthenticationLevel">6</Data>
      <Data Name="AuthenticationService">20</Data>
      <Data Name="ImpersonationLevel">0</Data>
    </EventData>
  </Event>
  <Event xmlns="http://schemas.microsoft.com/win/2004/08/events/event">
    <System>
      <Provider Name="Microsoft-Windows-RPC" Guid="{6ad52b32-d609-4be9-ae07-ce8dae937e39}" />
      <EventID>6</EventID>
      <Version>1</Version>
      <Level>4</Level>
      <Task>2</Task>
      <Opcode>1</Opcode>
      <Keywords>0x4000000000000000</Keywords>
      <TimeCreated SystemTime="2020-09-18T14:02:52.699595200Z" />
      <EventRecordID>6835</EventRecordID>
      <Correlation ActivityID="{349c4d34-745f-4e1f-a06e-abb4537257a8}" />
      <Execution ProcessID="584" ThreadID="752" ProcessorID="1" KernelTime="88" UserTime="206" />
      <Channel>
      </Channel>
      <Computer>LAPTOP-JU4M3I0E</Computer>
      <Security />
    </System>
    <EventData>
      <Data Name="InterfaceUuid">{4f32adc8-6052-4a04-8701-293ccf2096f0}</Data>
      <Data Name="ProcNum">14</Data>
      <Data Name="Protocol">3</Data>
      <Data Name="NetworkAddress">NULL</Data>
      <Data Name="Endpoint">lsasspirpc</Data>
      <Data Name="Options">NULL</Data>
      <Data Name="AuthenticationLevel">6</Data>
      <Data Name="AuthenticationService">20</Data>
      <Data Name="ImpersonationLevel">0</Data>
    </EventData>
  </Event>
  <Event xmlns="http://schemas.microsoft.com/win/2004/08/events/event">
    <System>
      <Provider Name="Microsoft-Windows-RPC" Guid="{6ad52b32-d609-4be9-ae07-ce8dae937e39}" />
      <EventID>6</EventID>
      <Version>1</Version>
      <Level>4</Level>
      <Task>2</Task>
      <Opcode>1</Opcode>
      <Keywords>0x4000000000000000</Keywords>
      <TimeCreated SystemTime="2020-09-18T14:02:52.699806700Z" />
      <EventRecordID>6861</EventRecordID>
      <Correlation ActivityID="{84463130-8ef3-4596-9dde-b6aea2faface}" />
      <Execution ProcessID="1244" ThreadID="1384" ProcessorID="1" KernelTime="42" UserTime="59" />
      <Channel>
      </Channel>
      <Computer>LAPTOP-JU4M3I0E</Computer>
      <Security />
    </System>
    <EventData>
      <Data Name="InterfaceUuid">{7c857801-7381-11cf-884d-00aa004b2e24}</Data>
      <Data Name="ProcNum">3</Data>
      <Data Name="Protocol">3</Data>
      <Data Name="NetworkAddress">NULL</Data>
      <Data Name="Endpoint">OLE1D66DF2E47C355AC517E8BD1AC9E</Data>
      <Data Name="Options">NULL</Data>
      <Data Name="AuthenticationLevel">6</Data>
      <Data Name="AuthenticationService">20</Data>
      <Data Name="ImpersonationLevel">0</Data>
    </EventData>
  </Event>
  <Event xmlns="http://schemas.microsoft.com/win/2004/08/events/event">
    <System>
      <Provider Name="Microsoft-Windows-RPC" Guid="{6ad52b32-d609-4be9-ae07-ce8dae937e39}" />
      <EventID>6</EventID>
      <Version>1</Version>
      <Level>4</Level>
      <Task>2</Task>
      <Opcode>1</Opcode>
      <Keywords>0x4000000000000000</Keywords>
      <TimeCreated SystemTime="2020-09-18T14:02:52.699999900Z" />
      <EventRecordID>6880</EventRecordID>
      <Correlation ActivityID="{51a321a8-31a8-418d-a307-b42b2405f12d}" />
      <Execution ProcessID="1244" ThreadID="6472" ProcessorID="1" KernelTime="42" UserTime="42" />
      <Channel>
      </Channel>
      <Computer>LAPTOP-JU4M3I0E</Computer>
      <Security />
    </System>
    <EventData>
      <Data Name="InterfaceUuid">{7c857801-7381-11cf-884d-00aa004b2e24}</Data>
      <Data Name="ProcNum">3</Data>
      <Data Name="Protocol">3</Data>
      <Data Name="NetworkAddress">NULL</Data>
      <Data Name="Endpoint">OLE1D66DF2E47C355AC517E8BD1AC9E</Data>
      <Data Name="Options">NULL</Data>
      <Data Name="AuthenticationLevel">6</Data>
      <Data Name="AuthenticationService">20</Data>
      <Data Name="ImpersonationLevel">0</Data>
    </EventData>
  </Event>
  <Event xmlns="http://schemas.microsoft.com/win/2004/08/events/event">
    <System>
      <Provider Name="Microsoft-Windows-RPC" Guid="{6ad52b32-d609-4be9-ae07-ce8dae937e39}" />
      <EventID>6</EventID>
      <Version>1</Version>
      <Level>4</Level>
      <Task>2</Task>
      <Opcode>1</Opcode>
      <Keywords>0x4000000000000000</Keywords>
      <TimeCreated SystemTime="2020-09-18T14:02:52.700205100Z" />
      <EventRecordID>6899</EventRecordID>
      <Correlation ActivityID="{cdd46d0d-b683-4ff7-8ca1-c40d5e6ee874}" />
      <Execution ProcessID="1244" ThreadID="7928" ProcessorID="1" KernelTime="46" UserTime="86" />
      <Channel>
      </Channel>
      <Computer>LAPTOP-JU4M3I0E</Computer>
      <Security />
    </System>
    <EventData>
      <Data Name="InterfaceUuid">{7c857801-7381-11cf-884d-00aa004b2e24}</Data>
      <Data Name="ProcNum">4</Data>
      <Data Name="Protocol">3</Data>
      <Data Name="NetworkAddress">NULL</Data>
      <Data Name="Endpoint">OLE1D66DF2E47C355AC517E8BD1AC9E</Data>
      <Data Name="Options">NULL</Data>
      <Data Name="AuthenticationLevel">6</Data>
      <Data Name="AuthenticationService">20</Data>
      <Data Name="ImpersonationLevel">0</Data>
    </EventData>
  </Event>
  <Event xmlns="http://schemas.microsoft.com/win/2004/08/events/event">
    <System>
      <Provider Name="Microsoft-Windows-RPC" Guid="{6ad52b32-d609-4be9-ae07-ce8dae937e39}" />
      <EventID>6</EventID>
      <Version>1</Version>
      <Level>4</Level>
      <Task>2</Task>
      <Opcode>1</Opcode>
      <Keywords>0x4000000000000000</Keywords>
      <TimeCreated SystemTime="2020-09-18T14:02:52.700229600Z" />
      <EventRecordID>6910</EventRecordID>
      <Correlation ActivityID="{a95f533f-5f06-49d2-a8f4-c4d2370e170d}" />
      <Execution ProcessID="584" ThreadID="752" ProcessorID="0" KernelTime="88" UserTime="206" />
      <Channel>
      </Channel>
      <Computer>LAPTOP-JU4M3I0E</Computer>
      <Security />
    </System>
    <EventData>
      <Data Name="InterfaceUuid">{4f32adc8-6052-4a04-8701-293ccf2096f0}</Data>
      <Data Name="ProcNum">14</Data>
      <Data Name="Protocol">3</Data>
      <Data Name="NetworkAddress">NULL</Data>
      <Data Name="Endpoint">lsasspirpc</Data>
      <Data Name="Options">NULL</Data>
      <Data Name="AuthenticationLevel">6</Data>
      <Data Name="AuthenticationService">20</Data>
      <Data Name="ImpersonationLevel">0</Data>
    </EventData>
  </Event>
  <Event xmlns="http://schemas.microsoft.com/win/2004/08/events/event">
    <System>
      <Provider Name="Microsoft-Windows-RPC" Guid="{6ad52b32-d609-4be9-ae07-ce8dae937e39}" />
      <EventID>6</EventID>
      <Version>1</Version>
      <Level>4</Level>
      <Task>2</Task>
      <Opcode>1</Opcode>
      <Keywords>0x4000000000000000</Keywords>
      <TimeCreated SystemTime="2020-09-18T14:02:52.700281300Z" />
      <EventRecordID>6944</EventRecordID>
      <Correlation ActivityID="{71ad83d5-a619-45e9-883b-877dd4d2a907}" />
      <Execution ProcessID="1244" ThreadID="7928" ProcessorID="1" KernelTime="46" UserTime="86" />
      <Channel>
      </Channel>
      <Computer>LAPTOP-JU4M3I0E</Computer>
      <Security />
    </System>
    <EventData>
      <Data Name="InterfaceUuid">{00000134-0000-0000-c000-000000000046}</Data>
      <Data Name="ProcNum">5</Data>
      <Data Name="Protocol">3</Data>
      <Data Name="NetworkAddress">NULL</Data>
      <Data Name="Endpoint">OLE1D66DF2E47C355AC517E8BD1AC9E</Data>
      <Data Name="Options">NULL</Data>
      <Data Name="AuthenticationLevel">6</Data>
      <Data Name="AuthenticationService">20</Data>
      <Data Name="ImpersonationLevel">0</Data>
    </EventData>
  </Event>
  <Event xmlns="http://schemas.microsoft.com/win/2004/08/events/event">
    <System>
      <Provider Name="Microsoft-Windows-RPC" Guid="{6ad52b32-d609-4be9-ae07-ce8dae937e39}" />
      <EventID>6</EventID>
      <Version>1</Version>
      <Level>4</Level>
      <Task>2</Task>
      <Opcode>1</Opcode>
      <Keywords>0x4000000000000000</Keywords>
      <TimeCreated SystemTime="2020-09-18T14:02:52.700327600Z" />
      <EventRecordID>6976</EventRecordID>
      <Correlation ActivityID="{0729b3b1-1fd3-4b2a-89ea-bbcdde5fb27c}" />
      <Execution ProcessID="1244" ThreadID="7928" ProcessorID="0" KernelTime="46" UserTime="86" />
      <Channel>
      </Channel>
      <Computer>LAPTOP-JU4M3I0E</Computer>
      <Security />
    </System>
    <EventData>
      <Data Name="InterfaceUuid">{7c857801-7381-11cf-884d-00aa004b2e24}</Data>
      <Data Name="ProcNum">3</Data>
      <Data Name="Protocol">3</Data>
      <Data Name="NetworkAddress">NULL</Data>
      <Data Name="Endpoint">OLE1D66DF2E47C355AC517E8BD1AC9E</Data>
      <Data Name="Options">NULL</Data>
      <Data Name="AuthenticationLevel">6</Data>
      <Data Name="AuthenticationService">20</Data>
      <Data Name="ImpersonationLevel">0</Data>
    </EventData>
  </Event>
  <Event xmlns="http://schemas.microsoft.com/win/2004/08/events/event">
    <System>
      <Provider Name="Microsoft-Windows-RPC" Guid="{6ad52b32-d609-4be9-ae07-ce8dae937e39}" />
      <EventID>6</EventID>
      <Version>1</Version>
      <Level>4</Level>
      <Task>2</Task>
      <Opcode>1</Opcode>
      <Keywords>0x4000000000000000</Keywords>
      <TimeCreated SystemTime="2020-09-18T14:02:52.700457100Z" />
      <EventRecordID>7015</EventRecordID>
      <Correlation ActivityID="{8b67a000-30c6-40bf-8493-bfed22f00638}" />
      <Execution ProcessID="1244" ThreadID="5872" ProcessorID="0" KernelTime="70" UserTime="121" />
      <Channel>
      </Channel>
      <Computer>LAPTOP-JU4M3I0E</Computer>
      <Security />
    </System>
    <EventData>
      <Data Name="InterfaceUuid">{7c857801-7381-11cf-884d-00aa004b2e24}</Data>
      <Data Name="ProcNum">4</Data>
      <Data Name="Protocol">3</Data>
      <Data Name="NetworkAddress">NULL</Data>
      <Data Name="Endpoint">OLE1D66DF2E47C355AC517E8BD1AC9E</Data>
      <Data Name="Options">NULL</Data>
      <Data Name="AuthenticationLevel">6</Data>
      <Data Name="AuthenticationService">20</Data>
      <Data Name="ImpersonationLevel">0</Data>
    </EventData>
  </Event>
  <Event xmlns="http://schemas.microsoft.com/win/2004/08/events/event">
    <System>
      <Provider Name="Microsoft-Windows-RPC" Guid="{6ad52b32-d609-4be9-ae07-ce8dae937e39}" />
      <EventID>6</EventID>
      <Version>1</Version>
      <Level>4</Level>
      <Task>2</Task>
      <Opcode>1</Opcode>
      <Keywords>0x4000000000000000</Keywords>
      <TimeCreated SystemTime="2020-09-18T14:02:52.700485600Z" />
      <EventRecordID>7029</EventRecordID>
      <Correlation ActivityID="{b00bd53c-ca47-4871-bf90-ca272a58b0b9}" />
      <Execution ProcessID="2512" ThreadID="8708" ProcessorID="1" KernelTime="0" UserTime="1" />
      <Channel>
      </Channel>
      <Computer>LAPTOP-JU4M3I0E</Computer>
      <Security />
    </System>
    <EventData>
      <Data Name="InterfaceUuid">{9556dc99-828c-11cf-a37e-00aa003240c7}</Data>
      <Data Name="ProcNum">21</Data>
      <Data Name="Protocol">3</Data>
      <Data Name="NetworkAddress">NULL</Data>
      <Data Name="Endpoint">OLEBB6012C7E3F1F9492EB953C49432</Data>
      <Data Name="Options">NULL</Data>
      <Data Name="AuthenticationLevel">6</Data>
      <Data Name="AuthenticationService">20</Data>
      <Data Name="ImpersonationLevel">0</Data>
    </EventData>
  </Event>
  <Event xmlns="http://schemas.microsoft.com/win/2004/08/events/event">
    <System>
      <Provider Name="Microsoft-Windows-RPC" Guid="{6ad52b32-d609-4be9-ae07-ce8dae937e39}" />
      <EventID>6</EventID>
      <Version>1</Version>
      <Level>4</Level>
      <Task>2</Task>
      <Opcode>1</Opcode>
      <Keywords>0x4000000000000000</Keywords>
      <TimeCreated SystemTime="2020-09-18T14:02:52.700519500Z" />
      <EventRecordID>7045</EventRecordID>
      <Correlation ActivityID="{8d83cf7c-7204-4326-9281-4290c296af10}" />
      <Execution ProcessID="1244" ThreadID="5872" ProcessorID="0" KernelTime="70" UserTime="121" />
      <Channel>
      </Channel>
      <Computer>LAPTOP-JU4M3I0E</Computer>
      <Security />
    </System>
    <EventData>
      <Data Name="InterfaceUuid">{00000134-0000-0000-c000-000000000046}</Data>
      <Data Name="ProcNum">5</Data>
      <Data Name="Protocol">3</Data>
      <Data Name="NetworkAddress">NULL</Data>
      <Data Name="Endpoint">OLE1D66DF2E47C355AC517E8BD1AC9E</Data>
      <Data Name="Options">NULL</Data>
      <Data Name="AuthenticationLevel">6</Data>
      <Data Name="AuthenticationService">20</Data>
      <Data Name="ImpersonationLevel">0</Data>
    </EventData>
  </Event>
  <Event xmlns="http://schemas.microsoft.com/win/2004/08/events/event">
    <System>
      <Provider Name="Microsoft-Windows-RPC" Guid="{6ad52b32-d609-4be9-ae07-ce8dae937e39}" />
      <EventID>6</EventID>
      <Version>1</Version>
      <Level>4</Level>
      <Task>2</Task>
      <Opcode>1</Opcode>
      <Keywords>0x4000000000000000</Keywords>
      <TimeCreated SystemTime="2020-09-18T14:02:52.700852900Z" />
      <EventRecordID>7082</EventRecordID>
      <Correlation ActivityID="{be5bd915-f79e-4433-82f4-d1766c67a154}" />
      <Execution ProcessID="264" ThreadID="4708" ProcessorID="0" KernelTime="54" UserTime="42" />
      <Channel>
      </Channel>
      <Computer>LAPTOP-JU4M3I0E</Computer>
      <Security />
    </System>
    <EventData>
      <Data Name="InterfaceUuid">{f6beaff7-1e19-4fbb-9f8f-b89e2018337c}</Data>
      <Data Name="ProcNum">20</Data>
      <Data Name="Protocol">3</Data>
      <Data Name="NetworkAddress">NULL</Data>
      <Data Name="Endpoint">eventlog</Data>
      <Data Name="Options">NULL</Data>
      <Data Name="AuthenticationLevel">6</Data>
      <Data Name="AuthenticationService">20</Data>
      <Data Name="ImpersonationLevel">0</Data>
    </EventData>
  </Event>
  <Event xmlns="http://schemas.microsoft.com/win/2004/08/events/event">
    <System>
      <Provider Name="Microsoft-Windows-RPC" Guid="{6ad52b32-d609-4be9-ae07-ce8dae937e39}" />
      <EventID>6</EventID>
      <Version>1</Version>
      <Level>4</Level>
      <Task>2</Task>
      <Opcode>1</Opcode>
      <Keywords>0x4000000000000000</Keywords>
      <TimeCreated SystemTime="2020-09-18T14:02:52.701363600Z" />
      <EventRecordID>7103</EventRecordID>
      <Correlation ActivityID="{51e01bb0-cd94-46d0-b410-e3436ecd339d}" />
      <Execution ProcessID="264" ThreadID="4708" ProcessorID="0" KernelTime="54" UserTime="42" />
      <Channel>
      </Channel>
      <Computer>LAPTOP-JU4M3I0E</Computer>
      <Security />
    </System>
    <EventData>
      <Data Name="InterfaceUuid">{f6beaff7-1e19-4fbb-9f8f-b89e2018337c}</Data>
      <Data Name="ProcNum">17</Data>
      <Data Name="Protocol">3</Data>
      <Data Name="NetworkAddress">NULL</Data>
      <Data Name="Endpoint">eventlog</Data>
      <Data Name="Options">NULL</Data>
      <Data Name="AuthenticationLevel">6</Data>
      <Data Name="AuthenticationService">20</Data>
      <Data Name="ImpersonationLevel">0</Data>
    </EventData>
  </Event>
  