<Event xmlns="http://schemas.microsoft.com/win/2004/08/events/event">
    <System>
      <Provider Name="Microsoft-Windows-RPC" Guid="{6ad52b32-d609-4be9-ae07-ce8dae937e39}" />
      <EventID>6</EventID>
      <Version>1</Version>
      <Level>4</Level>
      <Task>2</Task>
      <Opcode>1</Opcode>
      <Keywords>0x4000000000000000</Keywords>
      <TimeCreated SystemTime="2020-09-18T14:02:41.443797900Z" />
      <EventRecordID>1046</EventRecordID>
      <Correlation ActivityID="{2cb0843b-bc99-4111-bf4e-3b6734a0a8a5}" />
      <Execution ProcessID="812" ThreadID="10136" ProcessorID="0" KernelTime="6" UserTime="11" />
      <Channel>
      </Channel>
      <Computer>LAPTOP-JU4M3I0E</Computer>
      <Security />
    </System>
    <EventData>
      <Data Name="InterfaceUuid">{e60c73e6-88f9-11cf-9af1-0020af6e72f4}</Data>
      <Data Name="ProcNum">4</Data>
      <Data Name="Protocol">3</Data>
      <Data Name="NetworkAddress">NULL</Data>
      <Data Name="Endpoint">epmapper</Data>
      <Data Name="Options">NULL</Data>
      <Data Name="AuthenticationLevel">6</Data>
      <Data Name="AuthenticationService">20</Data>
      <Data Name="ImpersonationLevel">0</Data>
    </EventData>
  </Event>
  <Event xmlns="http://schemas.microsoft.com/win/2004/08/events/event">
    <System>
      <Provider Name="Microsoft-Windows-RPC" Guid="{6ad52b32-d609-4be9-ae07-ce8dae937e39}" />
      <EventID>6</EventID>
      <Version>1</Version>
      <Level>4</Level>
      <Task>2</Task>
      <Opcode>1</Opcode>
      <Keywords>0x4000000000000000</Keywords>
      <TimeCreated SystemTime="2020-09-18T14:02:41.444030300Z" />
      <EventRecordID>1066</EventRecordID>
      <Correlation ActivityID="{4280dfe9-933b-4751-8501-f1456d53691c}" />
      <Execution ProcessID="812" ThreadID="10136" ProcessorID="1" KernelTime="6" UserTime="11" />
      <Channel>
      </Channel>
      <Computer>LAPTOP-JU4M3I0E</Computer>
      <Security />
    </System>
    <EventData>
      <Data Name="InterfaceUuid">{e60c73e6-88f9-11cf-9af1-0020af6e72f4}</Data>
      <Data Name="ProcNum">8</Data>
      <Data Name="Protocol">3</Data>
      <Data Name="NetworkAddress">NULL</Data>
      <Data Name="Endpoint">epmapper</Data>
      <Data Name="Options">NULL</Data>
      <Data Name="AuthenticationLevel">6</Data>
      <Data Name="AuthenticationService">20</Data>
      <Data Name="ImpersonationLevel">0</Data>
    </EventData>
  </Event>
  <Event xmlns="http://schemas.microsoft.com/win/2004/08/events/event">
    <System>
      <Provider Name="Microsoft-Windows-RPC" Guid="{6ad52b32-d609-4be9-ae07-ce8dae937e39}" />
      <EventID>6</EventID>
      <Version>1</Version>
      <Level>4</Level>
      <Task>2</Task>
      <Opcode>1</Opcode>
      <Keywords>0x4000000000000000</Keywords>
      <TimeCreated SystemTime="2020-09-18T14:02:42.004074300Z" />
      <EventRecordID>1101</EventRecordID>
      <Correlation ActivityID="{03e3f008-738d-4a63-8ce2-630350036532}" />
      <Execution ProcessID="576" ThreadID="1904" ProcessorID="0" KernelTime="21" UserTime="10" />
      <Channel>
      </Channel>
      <Computer>LAPTOP-JU4M3I0E</Computer>
      <Security />
    </System>
    <EventData>
      <Data Name="InterfaceUuid">{367abb81-9844-35f1-ad32-98f038001003}</Data>
      <Data Name="ProcNum">15</Data>
      <Data Name="Protocol">3</Data>
      <Data Name="NetworkAddress">NULL</Data>
      <Data Name="Endpoint">ntsvcs</Data>
      <Data Name="Options">NULL</Data>
      <Data Name="AuthenticationLevel">6</Data>
      <Data Name="AuthenticationService">20</Data>
      <Data Name="ImpersonationLevel">0</Data>
    </EventData>
  </Event>
  <Event xmlns="http://schemas.microsoft.com/win/2004/08/events/event">
    <System>
      <Provider Name="Microsoft-Windows-RPC" Guid="{6ad52b32-d609-4be9-ae07-ce8dae937e39}" />
      <EventID>6</EventID>
      <Version>1</Version>
      <Level>4</Level>
      <Task>2</Task>
      <Opcode>1</Opcode>
      <Keywords>0x4000000000000000</Keywords>
      <TimeCreated SystemTime="2020-09-18T14:02:42.004145100Z" />
      <EventRecordID>1131</EventRecordID>
      <Correlation ActivityID="{4b8ca4e0-550b-400c-8cda-906f32565a8d}" />
      <Execution ProcessID="576" ThreadID="1904" ProcessorID="0" KernelTime="21" UserTime="10" />
      <Channel>
      </Channel>
      <Computer>LAPTOP-JU4M3I0E</Computer>
      <Security />
    </System>
    <EventData>
      <Data Name="InterfaceUuid">{367abb81-9844-35f1-ad32-98f038001003}</Data>
      <Data Name="ProcNum">16</Data>
      <Data Name="Protocol">3</Data>
      <Data Name="NetworkAddress">NULL</Data>
      <Data Name="Endpoint">ntsvcs</Data>
      <Data Name="Options">NULL</Data>
      <Data Name="AuthenticationLevel">6</Data>
      <Data Name="AuthenticationService">20</Data>
      <Data Name="ImpersonationLevel">0</Data>
    </EventData>
  </Event>
  <Event xmlns="http://schemas.microsoft.com/win/2004/08/events/event">
    <System>
      <Provider Name="Microsoft-Windows-RPC" Guid="{6ad52b32-d609-4be9-ae07-ce8dae937e39}" />
      <EventID>6</EventID>
      <Version>1</Version>
      <Level>4</Level>
      <Task>2</Task>
      <Opcode>1</Opcode>
      <Keywords>0x4000000000000000</Keywords>
      <TimeCreated SystemTime="2020-09-18T14:02:42.004220800Z" />
      <EventRecordID>1160</EventRecordID>
      <Correlation ActivityID="{f714f01e-586d-49ef-bb31-f6bb4cd029b2}" />
      <Execution ProcessID="576" ThreadID="1904" ProcessorID="0" KernelTime="21" UserTime="10" />
      <Channel>
      </Channel>
      <Computer>LAPTOP-JU4M3I0E</Computer>
      <Security />
    </System>
    <EventData>
      <Data Name="InterfaceUuid">{367abb81-9844-35f1-ad32-98f038001003}</Data>
      <Data Name="ProcNum">6</Data>
      <Data Name="Protocol">3</Data>
      <Data Name="NetworkAddress">NULL</Data>
      <Data Name="Endpoint">ntsvcs</Data>
      <Data Name="Options">NULL</Data>
      <Data Name="AuthenticationLevel">6</Data>
      <Data Name="AuthenticationService">20</Data>
      <Data Name="ImpersonationLevel">0</Data>
    </EventData>
  </Event>
  <Event xmlns="http://schemas.microsoft.com/win/2004/08/events/event">
    <System>
      <Provider Name="Microsoft-Windows-RPC" Guid="{6ad52b32-d609-4be9-ae07-ce8dae937e39}" />
      <EventID>6</EventID>
      <Version>1</Version>
      <Level>4</Level>
      <Task>2</Task>
      <Opcode>1</Opcode>
      <Keywords>0x4000000000000000</Keywords>
      <TimeCreated SystemTime="2020-09-18T14:02:42.004240800Z" />
      <EventRecordID>1183</EventRecordID>
      <Correlation ActivityID="{e66127e1-9f32-4aa0-87fa-b614e526a137}" />
      <Execution ProcessID="576" ThreadID="1904" ProcessorID="0" KernelTime="21" UserTime="10" />
      <Channel>
      </Channel>
      <Computer>LAPTOP-JU4M3I0E</Computer>
      <Security />
    </System>
    <EventData>
      <Data Name="InterfaceUuid">{367abb81-9844-35f1-ad32-98f038001003}</Data>
      <Data Name="ProcNum">0</Data>
      <Data Name="Protocol">3</Data>
      <Data Name="NetworkAddress">NULL</Data>
      <Data Name="Endpoint">ntsvcs</Data>
      <Data Name="Options">NULL</Data>
      <Data Name="AuthenticationLevel">6</Data>
      <Data Name="AuthenticationService">20</Data>
      <Data Name="ImpersonationLevel">0</Data>
    </EventData>
  </Event>
  <Event xmlns="http://schemas.microsoft.com/win/2004/08/events/event">
    <System>
      <Provider Name="Microsoft-Windows-RPC" Guid="{6ad52b32-d609-4be9-ae07-ce8dae937e39}" />
      <EventID>6</EventID>
      <Version>1</Version>
      <Level>4</Level>
      <Task>2</Task>
      <Opcode>1</Opcode>
      <Keywords>0x4000000000000000</Keywords>
      <TimeCreated SystemTime="2020-09-18T14:02:42.004264900Z" />
      <EventRecordID>1209</EventRecordID>
      <Correlation ActivityID="{de8819c8-0788-4c9c-bc85-b137eb02edbc}" />
      <Execution ProcessID="576" ThreadID="1904" ProcessorID="0" KernelTime="21" UserTime="10" />
      <Channel>
      </Channel>
      <Computer>LAPTOP-JU4M3I0E</Computer>
      <Security />
    </System>
    <EventData>
      <Data Name="InterfaceUuid">{367abb81-9844-35f1-ad32-98f038001003}</Data>
      <Data Name="ProcNum">0</Data>
      <Data Name="Protocol">3</Data>
      <Data Name="NetworkAddress">NULL</Data>
      <Data Name="Endpoint">ntsvcs</Data>
      <Data Name="Options">NULL</Data>
      <Data Name="AuthenticationLevel">6</Data>
      <Data Name="AuthenticationService">20</Data>
      <Data Name="ImpersonationLevel">0</Data>
    </EventData>
  </Event>
  <Event xmlns="http://schemas.microsoft.com/win/2004/08/events/event">
    <System>
      <Provider Name="Microsoft-Windows-RPC" Guid="{6ad52b32-d609-4be9-ae07-ce8dae937e39}" />
      <EventID>6</EventID>
      <Version>1</Version>
      <Level>4</Level>
      <Task>2</Task>
      <Opcode>1</Opcode>
      <Keywords>0x4000000000000000</Keywords>
      <TimeCreated SystemTime="2020-09-18T14:02:42.473806400Z" />
      <EventRecordID>1250</EventRecordID>
      <Correlation ActivityID="{5945a752-186b-4d76-a9c0-cb71836d76b3}" />
      <Execution ProcessID="264" ThreadID="2028" ProcessorID="0" KernelTime="89" UserTime="56" />
      <Channel>
      </Channel>
      <Computer>LAPTOP-JU4M3I0E</Computer>
      <Security />
    </System>
    <EventData>
      <Data Name="InterfaceUuid">{3c4728c5-f0ab-448b-bda1-6ce01eb0a6d6}</Data>
      <Data Name="ProcNum">11</Data>
      <Data Name="Protocol">3</Data>
      <Data Name="NetworkAddress">NULL</Data>
      <Data Name="Endpoint">dhcpcsvc6</Data>
      <Data Name="Options">NULL</Data>
      <Data Name="AuthenticationLevel">6</Data>
      <Data Name="AuthenticationService">20</Data>
      <Data Name="ImpersonationLevel">0</Data>
    </EventData>
  </Event>
  <Event xmlns="http://schemas.microsoft.com/win/2004/08/events/event">
    <System>
      <Provider Name="Microsoft-Windows-RPC" Guid="{6ad52b32-d609-4be9-ae07-ce8dae937e39}" />
      <EventID>6</EventID>
      <Version>1</Version>
      <Level>4</Level>
      <Task>2</Task>
      <Opcode>1</Opcode>
      <Keywords>0x4000000000000000</Keywords>
      <TimeCreated SystemTime="2020-09-18T14:02:42.474097600Z" />
      <EventRecordID>1290</EventRecordID>
      <Correlation ActivityID="{b2c19a7e-8510-49db-962b-a600d0dc5d34}" />
      <Execution ProcessID="264" ThreadID="2028" ProcessorID="0" KernelTime="89" UserTime="56" />
      <Channel>
      </Channel>
      <Computer>LAPTOP-JU4M3I0E</Computer>
      <Security />
    </System>
    <EventData>
      <Data Name="InterfaceUuid">{3c4728c5-f0ab-448b-bda1-6ce01eb0a6d5}</Data>
      <Data Name="ProcNum">15</Data>
      <Data Name="Protocol">3</Data>
      <Data Name="NetworkAddress">NULL</Data>
      <Data Name="Endpoint">dhcpcsvc</Data>
      <Data Name="Options">NULL</Data>
      <Data Name="AuthenticationLevel">6</Data>
      <Data Name="AuthenticationService">20</Data>
      <Data Name="ImpersonationLevel">0</Data>
    </EventData>
  </Event>
  <Event xmlns="http://schemas.microsoft.com/win/2004/08/events/event">
    <System>
      <Provider Name="Microsoft-Windows-RPC" Guid="{6ad52b32-d609-4be9-ae07-ce8dae937e39}" />
      <EventID>6</EventID>
      <Version>1</Version>
      <Level>4</Level>
      <Task>2</Task>
      <Opcode>1</Opcode>
      <Keywords>0x4000000000000000</Keywords>
      <TimeCreated SystemTime="2020-09-18T14:02:42.474163100Z" />
      <EventRecordID>1330</EventRecordID>
      <Correlation ActivityID="{4105f72c-abac-47fa-927c-7f8524ebe701}" />
      <Execution ProcessID="264" ThreadID="2028" ProcessorID="0" KernelTime="89" UserTime="56" />
      <Channel>
      </Channel>
      <Computer>LAPTOP-JU4M3I0E</Computer>
      <Security />
    </System>
    <EventData>
      <Data Name="InterfaceUuid">{3c4728c5-f0ab-448b-bda1-6ce01eb0a6d5}</Data>
      <Data Name="ProcNum">17</Data>
      <Data Name="Protocol">3</Data>
      <Data Name="NetworkAddress">NULL</Data>
      <Data Name="Endpoint">dhcpcsvc</Data>
      <Data Name="Options">NULL</Data>
      <Data Name="AuthenticationLevel">6</Data>
      <Data Name="AuthenticationService">20</Data>
      <Data Name="ImpersonationLevel">0</Data>
    </EventData>
  </Event>
  <Event xmlns="http://schemas.microsoft.com/win/2004/08/events/event">
    <System>
      <Provider Name="Microsoft-Windows-RPC" Guid="{6ad52b32-d609-4be9-ae07-ce8dae937e39}" />
      <EventID>6</EventID>
      <Version>1</Version>
      <Level>4</Level>
      <Task>2</Task>
      <Opcode>1</Opcode>
      <Keywords>0x4000000000000000</Keywords>
      <TimeCreated SystemTime="2020-09-18T14:02:42.474891000Z" />
      <EventRecordID>1370</EventRecordID>
      <Correlation ActivityID="{5a6ebad6-a4b0-45fa-96d0-74b70d63dc45}" />
      <Execution ProcessID="264" ThreadID="2028" ProcessorID="0" KernelTime="89" UserTime="56" />
      <Channel>
      </Channel>
      <Computer>LAPTOP-JU4M3I0E</Computer>
      <Security />
    </System>
    <EventData>
      <Data Name="InterfaceUuid">{3c4728c5-f0ab-448b-bda1-6ce01eb0a6d6}</Data>
      <Data Name="ProcNum">11</Data>
      <Data Name="Protocol">3</Data>
      <Data Name="NetworkAddress">NULL</Data>
      <Data Name="Endpoint">dhcpcsvc6</Data>
      <Data Name="Options">NULL</Data>
      <Data Name="AuthenticationLevel">6</Data>
      <Data Name="AuthenticationService">20</Data>
      <Data Name="ImpersonationLevel">0</Data>
    </EventData>
  </Event>
  <Event xmlns="http://schemas.microsoft.com/win/2004/08/events/event">
    <System>
      <Provider Name="Microsoft-Windows-RPC" Guid="{6ad52b32-d609-4be9-ae07-ce8dae937e39}" />
      <EventID>6</EventID>
      <Version>1</Version>
      <Level>4</Level>
      <Task>2</Task>
      <Opcode>1</Opcode>
      <Keywords>0x4000000000000000</Keywords>
      <TimeCreated SystemTime="2020-09-18T14:02:42.475016500Z" />
      <EventRecordID>1410</EventRecordID>
      <Correlation ActivityID="{a409965b-41e6-4f71-8660-26714342214b}" />
      <Execution ProcessID="264" ThreadID="2028" ProcessorID="0" KernelTime="89" UserTime="56" />
      <Channel>
      </Channel>
      <Computer>LAPTOP-JU4M3I0E</Computer>
      <Security />
    </System>
    <EventData>
      <Data Name="InterfaceUuid">{3c4728c5-f0ab-448b-bda1-6ce01eb0a6d5}</Data>
      <Data Name="ProcNum">15</Data>
      <Data Name="Protocol">3</Data>
      <Data Name="NetworkAddress">NULL</Data>
      <Data Name="Endpoint">dhcpcsvc</Data>
      <Data Name="Options">NULL</Data>
      <Data Name="AuthenticationLevel">6</Data>
      <Data Name="AuthenticationService">20</Data>
      <Data Name="ImpersonationLevel">0</Data>
    </EventData>
  </Event>
  <Event xmlns="http://schemas.microsoft.com/win/2004/08/events/event">
    <System>
      <Provider Name="Microsoft-Windows-RPC" Guid="{6ad52b32-d609-4be9-ae07-ce8dae937e39}" />
      <EventID>6</EventID>
      <Version>1</Version>
      <Level>4</Level>
      <Task>2</Task>
      <Opcode>1</Opcode>
      <Keywords>0x4000000000000000</Keywords>
      <TimeCreated SystemTime="2020-09-18T14:02:42.475061900Z" />
      <EventRecordID>1450</EventRecordID>
      <Correlation ActivityID="{6ff5c53a-ca09-49cc-9f58-0b76a179bb6e}" />
      <Execution ProcessID="264" ThreadID="2028" ProcessorID="0" KernelTime="89" UserTime="56" />
      <Channel>
      </Channel>
      <Computer>LAPTOP-JU4M3I0E</Computer>
      <Security />
    </System>
    <EventData>
      <Data Name="InterfaceUuid">{3c4728c5-f0ab-448b-bda1-6ce01eb0a6d5}</Data>
      <Data Name="ProcNum">17</Data>
      <Data Name="Protocol">3</Data>
      <Data Name="NetworkAddress">NULL</Data>
      <Data Name="Endpoint">dhcpcsvc</Data>
      <Data Name="Options">NULL</Data>
      <Data Name="AuthenticationLevel">6</Data>
      <Data Name="AuthenticationService">20</Data>
      <Data Name="ImpersonationLevel">0</Data>
    </EventData>
  </Event>
  <Event xmlns="http://schemas.microsoft.com/win/2004/08/events/event">
    <System>
      <Provider Name="Microsoft-Windows-RPC" Guid="{6ad52b32-d609-4be9-ae07-ce8dae937e39}" />
      <EventID>6</EventID>
      <Version>1</Version>
      <Level>4</Level>
      <Task>2</Task>
      <Opcode>1</Opcode>
      <Keywords>0x4000000000000000</Keywords>
      <TimeCreated SystemTime="2020-09-18T14:02:42.476138900Z" />
      <EventRecordID>1490</EventRecordID>
      <Correlation ActivityID="{c327a9c5-af9d-4d88-ad95-25ddbc799f32}" />
      <Execution ProcessID="264" ThreadID="2028" ProcessorID="0" KernelTime="89" UserTime="56" />
      <Channel>
      </Channel>
      <Computer>LAPTOP-JU4M3I0E</Computer>
      <Security />
    </System>
    <EventData>
      <Data Name="InterfaceUuid">{3c4728c5-f0ab-448b-bda1-6ce01eb0a6d6}</Data>
      <Data Name="ProcNum">11</Data>
      <Data Name="Protocol">3</Data>
      <Data Name="NetworkAddress">NULL</Data>
      <Data Name="Endpoint">dhcpcsvc6</Data>
      <Data Name="Options">NULL</Data>
      <Data Name="AuthenticationLevel">6</Data>
      <Data Name="AuthenticationService">20</Data>
      <Data Name="ImpersonationLevel">0</Data>
    </EventData>
  </Event>
  <Event xmlns="http://schemas.microsoft.com/win/2004/08/events/event">
    <System>
      <Provider Name="Microsoft-Windows-RPC" Guid="{6ad52b32-d609-4be9-ae07-ce8dae937e39}" />
      <EventID>6</EventID>
      <Version>1</Version>
      <Level>4</Level>
      <Task>2</Task>
      <Opcode>1</Opcode>
      <Keywords>0x4000000000000000</Keywords>
      <TimeCreated SystemTime="2020-09-18T14:02:42.476257800Z" />
      <EventRecordID>1530</EventRecordID>
      <Correlation ActivityID="{f83beb37-5202-4d23-a95a-d656424999b0}" />
      <Execution ProcessID="264" ThreadID="2028" ProcessorID="0" KernelTime="89" UserTime="56" />
      <Channel>
      </Channel>
      <Computer>LAPTOP-JU4M3I0E</Computer>
      <Security />
    </System>
    <EventData>
      <Data Name="InterfaceUuid">{3c4728c5-f0ab-448b-bda1-6ce01eb0a6d5}</Data>
      <Data Name="ProcNum">15</Data>
      <Data Name="Protocol">3</Data>
      <Data Name="NetworkAddress">NULL</Data>
      <Data Name="Endpoint">dhcpcsvc</Data>
      <Data Name="Options">NULL</Data>
      <Data Name="AuthenticationLevel">6</Data>
      <Data Name="AuthenticationService">20</Data>
      <Data Name="ImpersonationLevel">0</Data>
    </EventData>
  </Event>
  <Event xmlns="http://schemas.microsoft.com/win/2004/08/events/event">
    <System>
      <Provider Name="Microsoft-Windows-RPC" Guid="{6ad52b32-d609-4be9-ae07-ce8dae937e39}" />
      <EventID>6</EventID>
      <Version>1</Version>
      <Level>4</Level>
      <Task>2</Task>
      <Opcode>1</Opcode>
      <Keywords>0x4000000000000000</Keywords>
      <TimeCreated SystemTime="2020-09-18T14:02:42.476301900Z" />
      <EventRecordID>1570</EventRecordID>
      <Correlation ActivityID="{7923a517-a8a7-42e1-bb0d-de265caf3563}" />
      <Execution ProcessID="264" ThreadID="2028" ProcessorID="0" KernelTime="89" UserTime="56" />
      <Channel>
      </Channel>
      <Computer>LAPTOP-JU4M3I0E</Computer>
      <Security />
    </System>
    <EventData>
      <Data Name="InterfaceUuid">{3c4728c5-f0ab-448b-bda1-6ce01eb0a6d5}</Data>
      <Data Name="ProcNum">17</Data>
      <Data Name="Protocol">3</Data>
      <Data Name="NetworkAddress">NULL</Data>
      <Data Name="Endpoint">dhcpcsvc</Data>
      <Data Name="Options">NULL</Data>
      <Data Name="AuthenticationLevel">6</Data>
      <Data Name="AuthenticationService">20</Data>
      <Data Name="ImpersonationLevel">0</Data>
    </EventData>
  </Event>
  <Event xmlns="http://schemas.microsoft.com/win/2004/08/events/event">
    <System>
      <Provider Name="Microsoft-Windows-RPC" Guid="{6ad52b32-d609-4be9-ae07-ce8dae937e39}" />
      <EventID>6</EventID>
      <Version>1</Version>
      <Level>4</Level>
      <Task>2</Task>
      <Opcode>1</Opcode>
      <Keywords>0x4000000000000000</Keywords>
      <TimeCreated SystemTime="2020-09-18T14:02:43.006540400Z" />
      <EventRecordID>1612</EventRecordID>
      <Correlation ActivityID="{19166a62-83a3-4736-80cb-da65f2ce5db9}" />
      <Execution ProcessID="576" ThreadID="1904" ProcessorID="0" KernelTime="21" UserTime="10" />
      <Channel>
      </Channel>
      <Computer>LAPTOP-JU4M3I0E</Computer>
      <Security />
    </System>
    <EventData>
      <Data Name="InterfaceUuid">{367abb81-9844-35f1-ad32-98f038001003}</Data>
      <Data Name="ProcNum">15</Data>
      <Data Name="Protocol">3</Data>
      <Data Name="NetworkAddress">NULL</Data>
      <Data Name="Endpoint">ntsvcs</Data>
      <Data Name="Options">NULL</Data>
      <Data Name="AuthenticationLevel">6</Data>
      <Data Name="AuthenticationService">20</Data>
      <Data Name="ImpersonationLevel">0</Data>
    </EventData>
  </Event>
  <Event xmlns="http://schemas.microsoft.com/win/2004/08/events/event">
    <System>
      <Provider Name="Microsoft-Windows-RPC" Guid="{6ad52b32-d609-4be9-ae07-ce8dae937e39}" />
      <EventID>6</EventID>
      <Version>1</Version>
      <Level>4</Level>
      <Task>2</Task>
      <Opcode>1</Opcode>
      <Keywords>0x4000000000000000</Keywords>
      <TimeCreated SystemTime="2020-09-18T14:02:43.006610700Z" />
      <EventRecordID>1642</EventRecordID>
      <Correlation ActivityID="{8cb4fb51-9d3a-4b91-9848-e30ebf9ccd62}" />
      <Execution ProcessID="576" ThreadID="1904" ProcessorID="0" KernelTime="21" UserTime="10" />
      <Channel>
      </Channel>
      <Computer>LAPTOP-JU4M3I0E</Computer>
      <Security />
    </System>
    <EventData>
      <Data Name="InterfaceUuid">{367abb81-9844-35f1-ad32-98f038001003}</Data>
      <Data Name="ProcNum">16</Data>
      <Data Name="Protocol">3</Data>
      <Data Name="NetworkAddress">NULL</Data>
      <Data Name="Endpoint">ntsvcs</Data>
      <Data Name="Options">NULL</Data>
      <Data Name="AuthenticationLevel">6</Data>
      <Data Name="AuthenticationService">20</Data>
      <Data Name="ImpersonationLevel">0</Data>
    </EventData>
  </Event>
  <Event xmlns="http://schemas.microsoft.com/win/2004/08/events/event">
    <System>
      <Provider Name="Microsoft-Windows-RPC" Guid="{6ad52b32-d609-4be9-ae07-ce8dae937e39}" />
      <EventID>6</EventID>
      <Version>1</Version>
      <Level>4</Level>
      <Task>2</Task>
      <Opcode>1</Opcode>
      <Keywords>0x4000000000000000</Keywords>
      <TimeCreated SystemTime="2020-09-18T14:02:43.006687700Z" />
      <EventRecordID>1671</EventRecordID>
      <Correlation ActivityID="{814a160c-9a4b-4303-971f-68ab5a9c0a7c}" />
      <Execution ProcessID="576" ThreadID="1904" ProcessorID="0" KernelTime="21" UserTime="10" />
      <Channel>
      </Channel>
      <Computer>LAPTOP-JU4M3I0E</Computer>
      <Security />
    </System>
    <EventData>
      <Data Name="InterfaceUuid">{367abb81-9844-35f1-ad32-98f038001003}</Data>
      <Data Name="ProcNum">6</Data>
      <Data Name="Protocol">3</Data>
      <Data Name="NetworkAddress">NULL</Data>
      <Data Name="Endpoint">ntsvcs</Data>
      <Data Name="Options">NULL</Data>
      <Data Name="AuthenticationLevel">6</Data>
      <Data Name="AuthenticationService">20</Data>
      <Data Name="ImpersonationLevel">0</Data>
    </EventData>
  </Event>
  <Event xmlns="http://schemas.microsoft.com/win/2004/08/events/event">
    <System>
      <Provider Name="Microsoft-Windows-RPC" Guid="{6ad52b32-d609-4be9-ae07-ce8dae937e39}" />
      <EventID>6</EventID>
      <Version>1</Version>
      <Level>4</Level>
      <Task>2</Task>
      <Opcode>1</Opcode>
      <Keywords>0x4000000000000000</Keywords>
      <TimeCreated SystemTime="2020-09-18T14:02:43.006707800Z" />
      <EventRecordID>1694</EventRecordID>
      <Correlation ActivityID="{21eddc0f-3182-4717-ae2b-c0e821b3f86f}" />
      <Execution ProcessID="576" ThreadID="1904" ProcessorID="0" KernelTime="21" UserTime="10" />
      <Channel>
      </Channel>
      <Computer>LAPTOP-JU4M3I0E</Computer>
      <Security />
    </System>
    <EventData>
      <Data Name="InterfaceUuid">{367abb81-9844-35f1-ad32-98f038001003}</Data>
      <Data Name="ProcNum">0</Data>
      <Data Name="Protocol">3</Data>
      <Data Name="NetworkAddress">NULL</Data>
      <Data Name="Endpoint">ntsvcs</Data>
      <Data Name="Options">NULL</Data>
      <Data Name="AuthenticationLevel">6</Data>
      <Data Name="AuthenticationService">20</Data>
      <Data Name="ImpersonationLevel">0</Data>
    </EventData>
  </Event>
  <Event xmlns="http://schemas.microsoft.com/win/2004/08/events/event">
    <System>
      <Provider Name="Microsoft-Windows-RPC" Guid="{6ad52b32-d609-4be9-ae07-ce8dae937e39}" />
      <EventID>6</EventID>
      <Version>1</Version>
      <Level>4</Level>
      <Task>2</Task>
      <Opcode>1</Opcode>
      <Keywords>0x4000000000000000</Keywords>
      <TimeCreated SystemTime="2020-09-18T14:02:43.006729600Z" />
      <EventRecordID>1720</EventRecordID>
      <Correlation ActivityID="{6baaaa1f-2c91-4e7b-818f-3180c143d599}" />
      <Execution ProcessID="576" ThreadID="1904" ProcessorID="0" KernelTime="21" UserTime="10" />
      <Channel>
      </Channel>
      <Computer>LAPTOP-JU4M3I0E</Computer>
      <Security />
    </System>
    <EventData>
      <Data Name="InterfaceUuid">{367abb81-9844-35f1-ad32-98f038001003}</Data>
      <Data Name="ProcNum">0</Data>
      <Data Name="Protocol">3</Data>
      <Data Name="NetworkAddress">NULL</Data>
      <Data Name="Endpoint">ntsvcs</Data>
      <Data Name="Options">NULL</Data>
      <Data Name="AuthenticationLevel">6</Data>
      <Data Name="AuthenticationService">20</Data>
      <Data Name="ImpersonationLevel">0</Data>
    </EventData>
  </Event>
  <Event xmlns="http://schemas.microsoft.com/win/2004/08/events/event">
    <System>
      <Provider Name="Microsoft-Windows-RPC" Guid="{6ad52b32-d609-4be9-ae07-ce8dae937e39}" />
      <EventID>6</EventID>
      <Version>1</Version>
      <Level>4</Level>
      <Task>2</Task>
      <Opcode>1</Opcode>
      <Keywords>0x4000000000000000</Keywords>
      <TimeCreated SystemTime="2020-09-18T14:02:43.207478400Z" />
      <EventRecordID>1748</EventRecordID>
      <Correlation ActivityID="{1f6223de-5ddd-4d3a-a9b4-20b69dba9aa0}" />
      <Execution ProcessID="812" ThreadID="10136" ProcessorID="0" KernelTime="6" UserTime="11" />
      <Channel>
      </Channel>
      <Computer>LAPTOP-JU4M3I0E</Computer>
      <Security />
    </System>
    <EventData>
      <Data Name="InterfaceUuid">{e60c73e6-88f9-11cf-9af1-0020af6e72f4}</Data>
      <Data Name="ProcNum">8</Data>
      <Data Name="Protocol">3</Data>
      <Data Name="NetworkAddress">NULL</Data>
      <Data Name="Endpoint">epmapper</Data>
      <Data Name="Options">NULL</Data>
      <Data Name="AuthenticationLevel">6</Data>
      <Data Name="AuthenticationService">20</Data>
      <Data Name="ImpersonationLevel">0</Data>
    </EventData>
  </Event>
  <Event xmlns="http://schemas.microsoft.com/win/2004/08/events/event">
    <System>
      <Provider Name="Microsoft-Windows-RPC" Guid="{6ad52b32-d609-4be9-ae07-ce8dae937e39}" />
      <EventID>6</EventID>
      <Version>1</Version>
      <Level>4</Level>
      <Task>2</Task>
      <Opcode>1</Opcode>
      <Keywords>0x4000000000000000</Keywords>
      <TimeCreated SystemTime="2020-09-18T14:02:44.613792500Z" />
      <EventRecordID>1775</EventRecordID>
      <Correlation ActivityID="{d7e094a9-11ee-48e3-8464-f59febe47a5d}" />
      <Execution ProcessID="812" ThreadID="10136" ProcessorID="1" KernelTime="6" UserTime="11" />
      <Channel>
      </Channel>
      <Computer>LAPTOP-JU4M3I0E</Computer>
      <Security />
    </System>
    <EventData>
      <Data Name="InterfaceUuid">{e60c73e6-88f9-11cf-9af1-0020af6e72f4}</Data>
      <Data Name="ProcNum">6</Data>
      <Data Name="Protocol">3</Data>
      <Data Name="NetworkAddress">NULL</Data>
      <Data Name="Endpoint">epmapper</Data>
      <Data Name="Options">NULL</Data>
      <Data Name="AuthenticationLevel">6</Data>
      <Data Name="AuthenticationService">20</Data>
      <Data Name="ImpersonationLevel">0</Data>
    </EventData>
  </Event>
  <Event xmlns="http://schemas.microsoft.com/win/2004/08/events/event">
    <System>
      <Provider Name="Microsoft-Windows-RPC" Guid="{6ad52b32-d609-4be9-ae07-ce8dae937e39}" />
      <EventID>6</EventID>
      <Version>1</Version>
      <Level>4</Level>
      <Task>2</Task>
      <Opcode>1</Opcode>
      <Keywords>0x4000000000000000</Keywords>
      <TimeCreated SystemTime="2020-09-18T14:02:44.613979000Z" />
      <EventRecordID>1795</EventRecordID>
      <Correlation ActivityID="{ca5f7a9d-05d2-42f1-8250-ea87a9a13712}" />
      <Execution ProcessID="812" ThreadID="10136" ProcessorID="1" KernelTime="6" UserTime="11" />
      <Channel>
      </Channel>
      <Computer>LAPTOP-JU4M3I0E</Computer>
      <Security />
    </System>
    <EventData>
      <Data Name="InterfaceUuid">{e60c73e6-88f9-11cf-9af1-0020af6e72f4}</Data>
      <Data Name="ProcNum">4</Data>
      <Data Name="Protocol">3</Data>
      <Data Name="NetworkAddress">NULL</Data>
      <Data Name="Endpoint">epmapper</Data>
      <Data Name="Options">NULL</Data>
      <Data Name="AuthenticationLevel">6</Data>
      <Data Name="AuthenticationService">20</Data>
      <Data Name="ImpersonationLevel">0</Data>
    </EventData>
  </Event>
  <Event xmlns="http://schemas.microsoft.com/win/2004/08/events/event">
    <System>
      <Provider Name="Microsoft-Windows-RPC" Guid="{6ad52b32-d609-4be9-ae07-ce8dae937e39}" />
      <EventID>6</EventID>
      <Version>1</Version>
      <Level>4</Level>
      <Task>2</Task>
      <Opcode>1</Opcode>
      <Keywords>0x4000000000000000</Keywords>
      <TimeCreated SystemTime="2020-09-18T14:02:44.614567600Z" />
      <EventRecordID>1815</EventRecordID>
      <Correlation ActivityID="{2f4cc3a0-b1f9-4357-8510-59fe1cacc40b}" />
      <Execution ProcessID="812" ThreadID="10136" ProcessorID="0" KernelTime="6" UserTime="11" />
      <Channel>
      </Channel>
      <Computer>LAPTOP-JU4M3I0E</Computer>
      <Security />
    </System>
    <EventData>
      <Data Name="InterfaceUuid">{e60c73e6-88f9-11cf-9af1-0020af6e72f4}</Data>
      <Data Name="ProcNum">6</Data>
      <Data Name="Protocol">3</Data>
      <Data Name="NetworkAddress">NULL</Data>
      <Data Name="Endpoint">epmapper</Data>
      <Data Name="Options">NULL</Data>
      <Data Name="AuthenticationLevel">6</Data>
      <Data Name="AuthenticationService">20</Data>
      <Data Name="ImpersonationLevel">0</Data>
    </EventData>
  </Event>
  <Event xmlns="http://schemas.microsoft.com/win/2004/08/events/event">
    <System>
      <Provider Name="Microsoft-Windows-RPC" Guid="{6ad52b32-d609-4be9-ae07-ce8dae937e39}" />
      <EventID>6</EventID>
      <Version>1</Version>
      <Level>4</Level>
      <Task>2</Task>
      <Opcode>1</Opcode>
      <Keywords>0x4000000000000000</Keywords>
      <TimeCreated SystemTime="2020-09-18T14:02:44.614633500Z" />
      <EventRecordID>1837</EventRecordID>
      <Correlation ActivityID="{cc894690-f380-4e29-989f-f9fa2a5c5579}" />
      <Execution ProcessID="812" ThreadID="10136" ProcessorID="0" KernelTime="6" UserTime="11" />
      <Channel>
      </Channel>
      <Computer>LAPTOP-JU4M3I0E</Computer>
      <Security />
    </System>
    <EventData>
      <Data Name="InterfaceUuid">{e60c73e6-88f9-11cf-9af1-0020af6e72f4}</Data>
      <Data Name="ProcNum">4</Data>
      <Data Name="Protocol">3</Data>
      <Data Name="NetworkAddress">NULL</Data>
      <Data Name="Endpoint">epmapper</Data>
      <Data Name="Options">NULL</Data>
      <Data Name="AuthenticationLevel">6</Data>
      <Data Name="AuthenticationService">20</Data>
      <Data Name="ImpersonationLevel">0</Data>
    </EventData>
  </Event>
  <Event xmlns="http://schemas.microsoft.com/win/2004/08/events/event">
    <System>
      <Provider Name="Microsoft-Windows-RPC" Guid="{6ad52b32-d609-4be9-ae07-ce8dae937e39}" />
      <EventID>6</EventID>
      <Version>1</Version>
      <Level>4</Level>
      <Task>2</Task>
      <Opcode>1</Opcode>
      <Keywords>0x4000000000000000</Keywords>
      <TimeCreated SystemTime="2020-09-18T14:02:44.614655800Z" />
      <EventRecordID>1855</EventRecordID>
      <Correlation ActivityID="{4e2b4129-b676-4e4c-9ae0-54bdb64a6392}" />
      <Execution ProcessID="812" ThreadID="2928" ProcessorID="1" KernelTime="7" UserTime="11" />
      <Channel>
      </Channel>
      <Computer>LAPTOP-JU4M3I0E</Computer>
      <Security />
    </System>
    <EventData>
      <Data Name="InterfaceUuid">{e60c73e6-88f9-11cf-9af1-0020af6e72f4}</Data>
      <Data Name="ProcNum">6</Data>
      <Data Name="Protocol">3</Data>
      <Data Name="NetworkAddress">NULL</Data>
      <Data Name="Endpoint">epmapper</Data>
      <Data Name="Options">NULL</Data>
      <Data Name="AuthenticationLevel">6</Data>
      <Data Name="AuthenticationService">20</Data>
      <Data Name="ImpersonationLevel">0</Data>
    </EventData>
  </Event>
  <Event xmlns="http://schemas.microsoft.com/win/2004/08/events/event">
    <System>
      <Provider Name="Microsoft-Windows-RPC" Guid="{6ad52b32-d609-4be9-ae07-ce8dae937e39}" />
      <EventID>6</EventID>
      <Version>1</Version>
      <Level>4</Level>
      <Task>2</Task>
      <Opcode>1</Opcode>
      <Keywords>0x4000000000000000</Keywords>
      <TimeCreated SystemTime="2020-09-18T14:02:44.614918000Z" />
      <EventRecordID>1875</EventRecordID>
      <Correlation ActivityID="{eae2f97c-ec2a-4d11-a8a1-665a82799f84}" />
      <Execution ProcessID="812" ThreadID="2928" ProcessorID="1" KernelTime="7" UserTime="11" />
      <Channel>
      </Channel>
      <Computer>LAPTOP-JU4M3I0E</Computer>
      <Security />
    </System>
    <EventData>
      <Data Name="InterfaceUuid">{e60c73e6-88f9-11cf-9af1-0020af6e72f4}</Data>
      <Data Name="ProcNum">4</Data>
      <Data Name="Protocol">3</Data>
      <Data Name="NetworkAddress">NULL</Data>
      <Data Name="Endpoint">epmapper</Data>
      <Data Name="Options">NULL</Data>
      <Data Name="AuthenticationLevel">6</Data>
      <Data Name="AuthenticationService">20</Data>
      <Data Name="ImpersonationLevel">0</Data>
    </EventData>
  </Event>
  <Event xmlns="http://schemas.microsoft.com/win/2004/08/events/event">
    <System>
      <Provider Name="Microsoft-Windows-RPC" Guid="{6ad52b32-d609-4be9-ae07-ce8dae937e39}" />
      <EventID>6</EventID>
      <Version>1</Version>
      <Level>4</Level>
      <Task>2</Task>
      <Opcode>1</Opcode>
      <Keywords>0x4000000000000000</Keywords>
      <TimeCreated SystemTime="2020-09-18T14:02:44.616127700Z" />
      <EventRecordID>1895</EventRecordID>
      <Correlation ActivityID="{2d6794dc-4712-4d8d-ae50-a4d3d9f649a9}" />
      <Execution ProcessID="812" ThreadID="2928" ProcessorID="1" KernelTime="7" UserTime="11" />
      <Channel>
      </Channel>
      <Computer>LAPTOP-JU4M3I0E</Computer>
      <Security />
    </System>
    <EventData>
      <Data Name="InterfaceUuid">{e60c73e6-88f9-11cf-9af1-0020af6e72f4}</Data>
      <Data Name="ProcNum">4</Data>
      <Data Name="Protocol">3</Data>
      <Data Name="NetworkAddress">NULL</Data>
      <Data Name="Endpoint">epmapper</Data>
      <Data Name="Options">NULL</Data>
      <Data Name="AuthenticationLevel">6</Data>
      <Data Name="AuthenticationService">20</Data>
      <Data Name="ImpersonationLevel">0</Data>
    </EventData>
  </Event>
  <Event xmlns="http://schemas.microsoft.com/win/2004/08/events/event">
    <System>
      <Provider Name="Microsoft-Windows-RPC" Guid="{6ad52b32-d609-4be9-ae07-ce8dae937e39}" />
      <EventID>6</EventID>
      <Version>1</Version>
      <Level>4</Level>
      <Task>2</Task>
      <Opcode>1</Opcode>
      <Keywords>0x4000000000000000</Keywords>
      <TimeCreated SystemTime="2020-09-18T14:02:44.616193100Z" />
      <EventRecordID>1915</EventRecordID>
      <Correlation ActivityID="{1892a507-9c5c-48bc-8787-871fc47f40ec}" />
      <Execution ProcessID="812" ThreadID="10136" ProcessorID="0" KernelTime="6" UserTime="11" />
      <Channel>
      </Channel>
      <Computer>LAPTOP-JU4M3I0E</Computer>
      <Security />
    </System>
    <EventData>
      <Data Name="InterfaceUuid">{e60c73e6-88f9-11cf-9af1-0020af6e72f4}</Data>
      <Data Name="ProcNum">8</Data>
      <Data Name="Protocol">3</Data>
      <Data Name="NetworkAddress">NULL</Data>
      <Data Name="Endpoint">epmapper</Data>
      <Data Name="Options">NULL</Data>
      <Data Name="AuthenticationLevel">6</Data>
      <Data Name="AuthenticationService">20</Data>
      <Data Name="ImpersonationLevel">0</Data>
    </EventData>
  </Event>
  <Event xmlns="http://schemas.microsoft.com/win/2004/08/events/event">
    <System>
      <Provider Name="Microsoft-Windows-RPC" Guid="{6ad52b32-d609-4be9-ae07-ce8dae937e39}" />
      <EventID>6</EventID>
      <Version>1</Version>
      <Level>4</Level>
      <Task>2</Task>
      <Opcode>1</Opcode>
      <Keywords>0x4000000000000000</Keywords>
      <TimeCreated SystemTime="2020-09-18T14:02:44.616472700Z" />
      <EventRecordID>1935</EventRecordID>
      <Correlation ActivityID="{ae5eecb6-a627-475b-b004-fd00692edebd}" />
      <Execution ProcessID="812" ThreadID="10136" ProcessorID="1" KernelTime="6" UserTime="11" />
      <Channel>
      </Channel>
      <Computer>LAPTOP-JU4M3I0E</Computer>
      <Security />
    </System>
    <EventData>
      <Data Name="InterfaceUuid">{e60c73e6-88f9-11cf-9af1-0020af6e72f4}</Data>
      <Data Name="ProcNum">4</Data>
      <Data Name="Protocol">3</Data>
      <Data Name="NetworkAddress">NULL</Data>
      <Data Name="Endpoint">epmapper</Data>
      <Data Name="Options">NULL</Data>
      <Data Name="AuthenticationLevel">6</Data>
      <Data Name="AuthenticationService">20</Data>
      <Data Name="ImpersonationLevel">0</Data>
    </EventData>
  </Event>
  <Event xmlns="http://schemas.microsoft.com/win/2004/08/events/event">
    <System>
      <Provider Name="Microsoft-Windows-RPC" Guid="{6ad52b32-d609-4be9-ae07-ce8dae937e39}" />
      <EventID>6</EventID>
      <Version>1</Version>
      <Level>4</Level>
      <Task>2</Task>
      <Opcode>1</Opcode>
      <Keywords>0x4000000000000000</Keywords>
      <TimeCreated SystemTime="2020-09-18T14:02:44.616508300Z" />
      <EventRecordID>1953</EventRecordID>
      <Correlation ActivityID="{ba823b6e-c202-4243-b337-64fd97e734c9}" />
      <Execution ProcessID="812" ThreadID="2928" ProcessorID="0" KernelTime="7" UserTime="11" />
      <Channel>
      </Channel>
      <Computer>LAPTOP-JU4M3I0E</Computer>
      <Security />
    </System>
    <EventData>
      <Data Name="InterfaceUuid">{e60c73e6-88f9-11cf-9af1-0020af6e72f4}</Data>
      <Data Name="ProcNum">8</Data>
      <Data Name="Protocol">3</Data>
      <Data Name="NetworkAddress">NULL</Data>
      <Data Name="Endpoint">epmapper</Data>
      <Data Name="Options">NULL</Data>
      <Data Name="AuthenticationLevel">6</Data>
      <Data Name="AuthenticationService">20</Data>
      <Data Name="ImpersonationLevel">0</Data>
    </EventData>
  </Event>
  <Event xmlns="http://schemas.microsoft.com/win/2004/08/events/event">
    <System>
      <Provider Name="Microsoft-Windows-RPC" Guid="{6ad52b32-d609-4be9-ae07-ce8dae937e39}" />
      <EventID>6</EventID>
      <Version>1</Version>
      <Level>4</Level>
      <Task>2</Task>
      <Opcode>1</Opcode>
      <Keywords>0x4000000000000000</Keywords>
      <TimeCreated SystemTime="2020-09-18T14:02:44.616673500Z" />
      <EventRecordID>1975</EventRecordID>
      <Correlation ActivityID="{2d2733b0-e7d0-4c39-9993-997e999467f3}" />
      <Execution ProcessID="812" ThreadID="2928" ProcessorID="1" KernelTime="7" UserTime="11" />
      <Channel>
      </Channel>
      <Computer>LAPTOP-JU4M3I0E</Computer>
      <Security />
    </System>
    <EventData>
      <Data Name="InterfaceUuid">{e60c73e6-88f9-11cf-9af1-0020af6e72f4}</Data>
      <Data Name="ProcNum">8</Data>
      <Data Name="Protocol">3</Data>
      <Data Name="NetworkAddress">NULL</Data>
      <Data Name="Endpoint">epmapper</Data>
      <Data Name="Options">NULL</Data>
      <Data Name="AuthenticationLevel">6</Data>
      <Data Name="AuthenticationService">20</Data>
      <Data Name="ImpersonationLevel">0</Data>
    </EventData>
  </Event>
  <Event xmlns="http://schemas.microsoft.com/win/2004/08/events/event">
    <System>
      <Provider Name="Microsoft-Windows-RPC" Guid="{6ad52b32-d609-4be9-ae07-ce8dae937e39}" />
      <EventID>6</EventID>
      <Version>1</Version>
      <Level>4</Level>
      <Task>2</Task>
      <Opcode>1</Opcode>
      <Keywords>0x4000000000000000</Keywords>
      <TimeCreated SystemTime="2020-09-18T14:02:46.652156900Z" />
      <EventRecordID>1999</EventRecordID>
      <Correlation />
      <Execution ProcessID="812" ThreadID="2928" ProcessorID="1" KernelTime="7" UserTime="11" />
      <Channel>
      </Channel>
      <Computer>LAPTOP-JU4M3I0E</Computer>
      <Security />
    </System>
    <EventData>
      <Data Name="InterfaceUuid">{e1af8308-5d1f-11c9-91a4-08002b14a0fa}</Data>
      <Data Name="ProcNum">3</Data>
      <Data Name="Protocol">1</Data>
      <Data Name="NetworkAddress">NULL</Data>
      <Data Name="Endpoint">135</Data>
      <Data Name="Options">NULL</Data>
      <Data Name="AuthenticationLevel">1</Data>
      <Data Name="AuthenticationService">0</Data>
      <Data Name="ImpersonationLevel">0</Data>
    </EventData>
  </Event>
  <Event xmlns="http://schemas.microsoft.com/win/2004/08/events/event">
    <System>
      <Provider Name="Microsoft-Windows-RPC" Guid="{6ad52b32-d609-4be9-ae07-ce8dae937e39}" />
      <EventID>6</EventID>
      <Version>1</Version>
      <Level>4</Level>
      <Task>2</Task>
      <Opcode>1</Opcode>
      <Keywords>0x4000000000000000</Keywords>
      <TimeCreated SystemTime="2020-09-18T14:02:46.655591300Z" />
      <EventRecordID>2020</EventRecordID>
      <Correlation />
      <Execution ProcessID="584" ThreadID="3076" ProcessorID="1" KernelTime="61" UserTime="180" />
      <Channel>
      </Channel>
      <Computer>LAPTOP-JU4M3I0E</Computer>
      <Security />
    </System>
    <EventData>
      <Data Name="InterfaceUuid">{12345678-1234-abcd-ef00-01234567cffb}</Data>
      <Data Name="ProcNum">4</Data>
      <Data Name="Protocol">1</Data>
      <Data Name="NetworkAddress">NULL</Data>
      <Data Name="Endpoint">49668</Data>
      <Data Name="Options">NULL</Data>
      <Data Name="AuthenticationLevel">1</Data>
      <Data Name="AuthenticationService">0</Data>
      <Data Name="ImpersonationLevel">0</Data>
    </EventData>
  </Event>
  <Event xmlns="http://schemas.microsoft.com/win/2004/08/events/event">
    <System>
      <Provider Name="Microsoft-Windows-RPC" Guid="{6ad52b32-d609-4be9-ae07-ce8dae937e39}" />
      <EventID>6</EventID>
      <Version>1</Version>
      <Level>4</Level>
      <Task>2</Task>
      <Opcode>1</Opcode>
      <Keywords>0x4000000000000000</Keywords>
      <TimeCreated SystemTime="2020-09-18T14:02:46.655824100Z" />
      <EventRecordID>2033</EventRecordID>
      <Correlation />
      <Execution ProcessID="584" ThreadID="3076" ProcessorID="1" KernelTime="61" UserTime="180" />
      <Channel>
      </Channel>
      <Computer>LAPTOP-JU4M3I0E</Computer>
      <Security />
    </System>
    <EventData>
      <Data Name="InterfaceUuid">{12345678-1234-abcd-ef00-01234567cffb}</Data>
      <Data Name="ProcNum">15</Data>
      <Data Name="Protocol">1</Data>
      <Data Name="NetworkAddress">NULL</Data>
      <Data Name="Endpoint">49668</Data>
      <Data Name="Options">NULL</Data>
      <Data Name="AuthenticationLevel">1</Data>
      <Data Name="AuthenticationService">0</Data>
      <Data Name="ImpersonationLevel">0</Data>
    </EventData>
  </Event>
  <Event xmlns="http://schemas.microsoft.com/win/2004/08/events/event">
    <System>
      <Provider Name="Microsoft-Windows-RPC" Guid="{6ad52b32-d609-4be9-ae07-ce8dae937e39}" />
      <EventID>6</EventID>
      <Version>1</Version>
      <Level>4</Level>
      <Task>2</Task>
      <Opcode>1</Opcode>
      <Keywords>0x4000000000000000</Keywords>
      <TimeCreated SystemTime="2020-09-18T14:02:46.657316500Z" />
      <EventRecordID>2046</EventRecordID>
      <Correlation />
      <Execution ProcessID="584" ThreadID="3076" ProcessorID="1" KernelTime="61" UserTime="180" />
      <Channel>
      </Channel>
      <Computer>LAPTOP-JU4M3I0E</Computer>
      <Security />
    </System>
    <EventData>
      <Data Name="InterfaceUuid">{12345678-1234-abcd-ef00-01234567cffb}</Data>
      <Data Name="ProcNum">4</Data>
      <Data Name="Protocol">1</Data>
      <Data Name="NetworkAddress">NULL</Data>
      <Data Name="Endpoint">49668</Data>
      <Data Name="Options">NULL</Data>
      <Data Name="AuthenticationLevel">1</Data>
      <Data Name="AuthenticationService">0</Data>
      <Data Name="ImpersonationLevel">0</Data>
    </EventData>
  </Event>
  <Event xmlns="http://schemas.microsoft.com/win/2004/08/events/event">
    <System>
      <Provider Name="Microsoft-Windows-RPC" Guid="{6ad52b32-d609-4be9-ae07-ce8dae937e39}" />
      <EventID>6</EventID>
      <Version>1</Version>
      <Level>4</Level>
      <Task>2</Task>
      <Opcode>1</Opcode>
      <Keywords>0x4000000000000000</Keywords>
      <TimeCreated SystemTime="2020-09-18T14:02:46.657557800Z" />
      <EventRecordID>2059</EventRecordID>
      <Correlation />
      <Execution ProcessID="584" ThreadID="3076" ProcessorID="1" KernelTime="61" UserTime="180" />
      <Channel>
      </Channel>
      <Computer>LAPTOP-JU4M3I0E</Computer>
      <Security />
    </System>
    <EventData>
      <Data Name="InterfaceUuid">{12345678-1234-abcd-ef00-01234567cffb}</Data>
      <Data Name="ProcNum">15</Data>
      <Data Name="Protocol">1</Data>
      <Data Name="NetworkAddress">NULL</Data>
      <Data Name="Endpoint">49668</Data>
      <Data Name="Options">NULL</Data>
      <Data Name="AuthenticationLevel">1</Data>
      <Data Name="AuthenticationService">0</Data>
      <Data Name="ImpersonationLevel">0</Data>
    </EventData>
  </Event>
  <Event xmlns="http://schemas.microsoft.com/win/2004/08/events/event">
    <System>
      <Provider Name="Microsoft-Windows-RPC" Guid="{6ad52b32-d609-4be9-ae07-ce8dae937e39}" />
      <EventID>6</EventID>
      <Version>1</Version>
      <Level>4</Level>
      <Task>2</Task>
      <Opcode>1</Opcode>
      <Keywords>0x4000000000000000</Keywords>
      <TimeCreated SystemTime="2020-09-18T14:02:46.658134300Z" />
      <EventRecordID>2091</EventRecordID>
      <Correlation />
      <Execution ProcessID="1752" ThreadID="1892" ProcessorID="1" KernelTime="30" UserTime="29" />
      <Channel>
      </Channel>
      <Computer>LAPTOP-JU4M3I0E</Computer>
      <Security />
    </System>
    <EventData>
      <Data Name="InterfaceUuid">{4b324fc8-1670-01d3-1278-5a47bf6ee188}</Data>
      <Data Name="ProcNum">12</Data>
      <Data Name="Protocol">2</Data>
      <Data Name="NetworkAddress">NULL</Data>
      <Data Name="Endpoint">\PIPE\srvsvc</Data>
      <Data Name="Options">NULL</Data>
      <Data Name="AuthenticationLevel">1</Data>
      <Data Name="AuthenticationService">0</Data>
      <Data Name="ImpersonationLevel">0</Data>
    </EventData>
  </Event>
  <Event xmlns="http://schemas.microsoft.com/win/2004/08/events/event">
    <System>
      <Provider Name="Microsoft-Windows-RPC" Guid="{6ad52b32-d609-4be9-ae07-ce8dae937e39}" />
      <EventID>6</EventID>
      <Version>1</Version>
      <Level>4</Level>
      <Task>2</Task>
      <Opcode>1</Opcode>
      <Keywords>0x4000000000000000</Keywords>
      <TimeCreated SystemTime="2020-09-18T14:02:46.663057600Z" />
      <EventRecordID>2121</EventRecordID>
      <Correlation />
      <Execution ProcessID="584" ThreadID="3076" ProcessorID="0" KernelTime="61" UserTime="180" />
      <Channel>
      </Channel>
      <Computer>LAPTOP-JU4M3I0E</Computer>
      <Security />
    </System>
    <EventData>
      <Data Name="InterfaceUuid">{12345678-1234-abcd-ef00-01234567cffb}</Data>
      <Data Name="ProcNum">30</Data>
      <Data Name="Protocol">1</Data>
      <Data Name="NetworkAddress">NULL</Data>
      <Data Name="Endpoint">49668</Data>
      <Data Name="Options">NULL</Data>
      <Data Name="AuthenticationLevel">1</Data>
      <Data Name="AuthenticationService">0</Data>
      <Data Name="ImpersonationLevel">0</Data>
    </EventData>
  </Event>
  