<root>
  <Event xmlns="http://schemas.microsoft.com/win/2004/08/events/event">
    <System>
      <Provider Name="Microsoft-Windows-Sysmon" Guid="{5770385f-c22a-43e0-bf4c-06f5698ffbd9}" />
      <EventID>1</EventID>
      <Version>5</Version>
      <Level>4</Level>
      <Task>1</Task>
      <Opcode>0</Opcode>
      <Keywords>0x8000000000000000</Keywords>
      <TimeCreated SystemTime="2021-04-22T22:09:25.389633400Z" />
      <EventRecordID>564589</EventRecordID>
      <Correlation />
      <Execution ProcessID="3352" ThreadID="4696" />
      <Channel>Microsoft-Windows-Sysmon/Operational</Channel>
      <Computer>MSEDGEWIN10</Computer>
      <Security UserID="S-1-5-18" />
    </System>
    <EventData>
      <Data Name="RuleName">
      </Data>
      <Data Name="UtcTime">2021-04-22 22:09:25.377</Data>
      <Data Name="ProcessGuid">{747f3d96-f415-6081-0000-001040fe4900}</Data>
      <Data Name="ProcessId">6316</Data>
      <Data Name="Image">C:\Users\IEUser\Desktop\PPLdump.exe</Data>
      <Data Name="FileVersion">?</Data>
      <Data Name="Description">?</Data>
      <Data Name="Product">?</Data>
      <Data Name="Company">?</Data>
      <Data Name="OriginalFileName">?</Data>
      <Data Name="CommandLine">PPLdump.exe  -v lsass lsass.dmp</Data>
      <Data Name="CurrentDirectory">c:\Users\IEUser\Desktop\</Data>
      <Data Name="User">MSEDGEWIN10\IEUser</Data>
      <Data Name="LogonGuid">{747f3d96-efc5-6081-0000-00203ace0b00}</Data>
      <Data Name="LogonId">0xbce3a</Data>
      <Data Name="TerminalSessionId">1</Data>
      <Data Name="IntegrityLevel">High</Data>
      <Data Name="Hashes">SHA1=F1C0C54AA13037F46F55B721F7E2A2349A30DBCF,MD5=DBCA6A3860A106333FF6BE6306B2B186,SHA256=68612B1C72B8AA498530ACEB929ED44F1837B8BC52D1269E30A834931434FC41,IMPHASH=C547F2E66061A8DFFB6F5A3FF63C0A74</Data>
      <Data Name="ParentProcessGuid">{747f3d96-f040-6081-0000-001046ac1b00}</Data>
      <Data Name="ParentProcessId">4864</Data>
      <Data Name="ParentImage">C:\Windows\System32\cmd.exe</Data>
      <Data Name="ParentCommandLine">"C:\Windows\system32\cmd.exe" </Data>
    </EventData>
  </Event>
  <Event xmlns="http://schemas.microsoft.com/win/2004/08/events/event">
    <System>
      <Provider Name="Microsoft-Windows-Sysmon" Guid="{5770385f-c22a-43e0-bf4c-06f5698ffbd9}" />
      <EventID>10</EventID>
      <Version>3</Version>
      <Level>4</Level>
      <Task>10</Task>
      <Opcode>0</Opcode>
      <Keywords>0x8000000000000000</Keywords>
      <TimeCreated SystemTime="2021-04-22T22:09:25.417739800Z" />
      <EventRecordID>564590</EventRecordID>
      <Correlation />
      <Execution ProcessID="3352" ThreadID="4696" />
      <Channel>Microsoft-Windows-Sysmon/Operational</Channel>
      <Computer>MSEDGEWIN10</Computer>
      <Security UserID="S-1-5-18" />
    </System>
    <EventData>
      <Data Name="RuleName">
      </Data>
      <Data Name="UtcTime">2021-04-22 22:09:25.417</Data>
      <Data Name="SourceProcessGUID">{747f3d96-f415-6081-0000-001040fe4900}</Data>
      <Data Name="SourceProcessId">6316</Data>
      <Data Name="SourceThreadId">2544</Data>
      <Data Name="SourceImage">c:\Users\IEUser\Desktop\PPLdump.exe</Data>
      <Data Name="TargetProcessGUID">{747f3d96-6e19-6082-0000-001070650000}</Data>
      <Data Name="TargetProcessId">652</Data>
      <Data Name="TargetImage">C:\Windows\system32\lsass.exe</Data>
      <Data Name="GrantedAccess">0x1000</Data>
      <Data Name="CallTrace">C:\Windows\SYSTEM32\ntdll.dll+9fc24|C:\Windows\System32\KERNELBASE.dll+2126e|c:\Users\IEUser\Desktop\PPLdump.exe+211e|c:\Users\IEUser\Desktop\PPLdump.exe+12c7|c:\Users\IEUser\Desktop\PPLdump.exe+35c6|c:\Users\IEUser\Desktop\PPLdump.exe+45f8|C:\Windows\System32\KERNEL32.DLL+17974|C:\Windows\SYSTEM32\ntdll.dll+6a271</Data>
    </EventData>
  </Event>
  <Event xmlns="http://schemas.microsoft.com/win/2004/08/events/event">
    <System>
      <Provider Name="Microsoft-Windows-Sysmon" Guid="{5770385f-c22a-43e0-bf4c-06f5698ffbd9}" />
      <EventID>10</EventID>
      <Version>3</Version>
      <Level>4</Level>
      <Task>10</Task>
      <Opcode>0</Opcode>
      <Keywords>0x8000000000000000</Keywords>
      <TimeCreated SystemTime="2021-04-22T22:09:25.418067100Z" />
      <EventRecordID>564591</EventRecordID>
      <Correlation />
      <Execution ProcessID="3352" ThreadID="4696" />
      <Channel>Microsoft-Windows-Sysmon/Operational</Channel>
      <Computer>MSEDGEWIN10</Computer>
      <Security UserID="S-1-5-18" />
    </System>
    <EventData>
      <Data Name="RuleName">
      </Data>
      <Data Name="UtcTime">2021-04-22 22:09:25.417</Data>
      <Data Name="SourceProcessGUID">{747f3d96-f415-6081-0000-001040fe4900}</Data>
      <Data Name="SourceProcessId">6316</Data>
      <Data Name="SourceThreadId">2544</Data>
      <Data Name="SourceImage">c:\Users\IEUser\Desktop\PPLdump.exe</Data>
      <Data Name="TargetProcessGUID">{747f3d96-6e19-6082-0000-001070650000}</Data>
      <Data Name="TargetProcessId">652</Data>
      <Data Name="TargetImage">C:\Windows\system32\lsass.exe</Data>
      <Data Name="GrantedAccess">0x1000</Data>
      <Data Name="CallTrace">C:\Windows\SYSTEM32\ntdll.dll+9fc24|C:\Windows\System32\KERNELBASE.dll+2126e|c:\Users\IEUser\Desktop\PPLdump.exe+21a9|c:\Users\IEUser\Desktop\PPLdump.exe+12c7|c:\Users\IEUser\Desktop\PPLdump.exe+35c6|c:\Users\IEUser\Desktop\PPLdump.exe+45f8|C:\Windows\System32\KERNEL32.DLL+17974|C:\Windows\SYSTEM32\ntdll.dll+6a271</Data>
    </EventData>
  </Event>
  <Event xmlns="http://schemas.microsoft.com/win/2004/08/events/event">
    <System>
      <Provider Name="Microsoft-Windows-Sysmon" Guid="{5770385f-c22a-43e0-bf4c-06f5698ffbd9}" />
      <EventID>10</EventID>
      <Version>3</Version>
      <Level>4</Level>
      <Task>10</Task>
      <Opcode>0</Opcode>
      <Keywords>0x8000000000000000</Keywords>
      <TimeCreated SystemTime="2021-04-22T22:09:25.427911700Z" />
      <EventRecordID>564592</EventRecordID>
      <Correlation />
      <Execution ProcessID="3352" ThreadID="4696" />
      <Channel>Microsoft-Windows-Sysmon/Operational</Channel>
      <Computer>MSEDGEWIN10</Computer>
      <Security UserID="S-1-5-18" />
    </System>
    <EventData>
      <Data Name="RuleName">
      </Data>
      <Data Name="UtcTime">2021-04-22 22:09:25.417</Data>
      <Data Name="SourceProcessGUID">{747f3d96-f415-6081-0000-001040fe4900}</Data>
      <Data Name="SourceProcessId">6316</Data>
      <Data Name="SourceThreadId">2544</Data>
      <Data Name="SourceImage">c:\Users\IEUser\Desktop\PPLdump.exe</Data>
      <Data Name="TargetProcessGUID">{747f3d96-6e19-6082-0000-0010885d0000}</Data>
      <Data Name="TargetProcessId">592</Data>
      <Data Name="TargetImage">C:\Windows\system32\winlogon.exe</Data>
      <Data Name="GrantedAccess">0x1400</Data>
      <Data Name="CallTrace">C:\Windows\SYSTEM32\ntdll.dll+9fc24|C:\Windows\System32\KERNELBASE.dll+2126e|c:\Users\IEUser\Desktop\PPLdump.exe+2ba5|c:\Users\IEUser\Desktop\PPLdump.exe+143c|c:\Users\IEUser\Desktop\PPLdump.exe+35c6|c:\Users\IEUser\Desktop\PPLdump.exe+45f8|C:\Windows\System32\KERNEL32.DLL+17974|C:\Windows\SYSTEM32\ntdll.dll+6a271</Data>
    </EventData>
  </Event>
  <Event xmlns="http://schemas.microsoft.com/win/2004/08/events/event">
    <System>
      <Provider Name="Microsoft-Windows-Security-Auditing" Guid="{54849625-5478-4994-a5ba-3e3b0328c30d}" />
      <EventID>4985</EventID>
      <Version>0</Version>
      <Level>0</Level>
      <Task>12800</Task>
      <Opcode>0</Opcode>
      <Keywords>0x8020000000000000</Keywords>
      <TimeCreated SystemTime="2021-04-22T22:09:25.479091500Z" />
      <EventRecordID>302042</EventRecordID>
      <Correlation />
      <Execution ProcessID="4" ThreadID="3264" />
      <Channel>Security</Channel>
      <Computer>MSEDGEWIN10</Computer>
      <Security />
    </System>
    <EventData>
      <Data Name="SubjectUserSid">S-1-5-18</Data>
      <Data Name="SubjectUserName">MSEDGEWIN10$</Data>
      <Data Name="SubjectDomainName">WORKGROUP</Data>
      <Data Name="SubjectLogonId">0x3e7</Data>
      <Data Name="TransactionId">{166192ff-a400-11eb-b76a-0800276b894e}</Data>
      <Data Name="NewState">48</Data>
      <Data Name="ResourceManager">{d1a38506-4a7e-11e9-9f82-d8ba40b6d8da}</Data>
      <Data Name="ProcessId">0x18ac</Data>
      <Data Name="ProcessName">C:\Users\IEUser\Desktop\PPLdump.exe</Data>
    </EventData>
  </Event>
  <Event xmlns="http://schemas.microsoft.com/win/2004/08/events/event">
    <System>
      <Provider Name="Microsoft-Windows-Sysmon" Guid="{5770385f-c22a-43e0-bf4c-06f5698ffbd9}" />
      <EventID>1</EventID>
      <Version>5</Version>
      <Level>4</Level>
      <Task>1</Task>
      <Opcode>0</Opcode>
      <Keywords>0x8000000000000000</Keywords>
      <TimeCreated SystemTime="2021-04-22T22:09:26.081337300Z" />
      <EventRecordID>564593</EventRecordID>
      <Correlation />
      <Execution ProcessID="3352" ThreadID="4696" />
      <Channel>Microsoft-Windows-Sysmon/Operational</Channel>
      <Computer>MSEDGEWIN10</Computer>
      <Security UserID="S-1-5-18" />
    </System>
    <EventData>
      <Data Name="RuleName">
      </Data>
      <Data Name="UtcTime">2021-04-22 22:09:26.016</Data>
      <Data Name="ProcessGuid">{747f3d96-f416-6081-0000-001033034a00}</Data>
      <Data Name="ProcessId">7188</Data>
      <Data Name="Image">C:\Windows\System32\services.exe</Data>
      <Data Name="FileVersion">10.0.17763.1075 (WinBuild.160101.0800)</Data>
      <Data Name="Description">Services and Controller app</Data>
      <Data Name="Product">Microsoft« Windows« Operating System</Data>
      <Data Name="Company">Microsoft Corporation</Data>
      <Data Name="OriginalFileName">services.exe</Data>
      <Data Name="CommandLine">C:\Windows\system32\services.exe 652 "lsass.dmp" a708b1d9-e27b-48bc-8ea7-c56d3a23f99 -v</Data>
      <Data Name="CurrentDirectory">c:\Users\IEUser\Desktop\</Data>
      <Data Name="User">NT AUTHORITY\SYSTEM</Data>
      <Data Name="LogonGuid">{747f3d96-6e19-6082-0000-0020e7030000}</Data>
      <Data Name="LogonId">0x3e7</Data>
      <Data Name="TerminalSessionId">1</Data>
      <Data Name="IntegrityLevel">System</Data>
      <Data Name="Hashes">SHA1=617A0A0BAAB180541DB739C4A6851D784943C317,MD5=DB896369FB58241ADF28515E3765C514,SHA256=A2E369DF26C88015FE1F97C7542D6023B5B1E4830C25F94819507EE5BCB1DFCC,IMPHASH=7D2820FC8CAF521DC2058168B480D204</Data>
      <Data Name="ParentProcessGuid">{747f3d96-f415-6081-0000-001040fe4900}</Data>
      <Data Name="ParentProcessId">6316</Data>
      <Data Name="ParentImage">C:\Users\IEUser\Desktop\PPLdump.exe</Data>
      <Data Name="ParentCommandLine">PPLdump.exe  -v lsass lsass.dmp</Data>
    </EventData>
  </Event>
  <Event xmlns="http://schemas.microsoft.com/win/2004/08/events/event">
    <System>
      <Provider Name="Microsoft-Windows-Sysmon" Guid="{5770385f-c22a-43e0-bf4c-06f5698ffbd9}" />
      <EventID>10</EventID>
      <Version>3</Version>
      <Level>4</Level>
      <Task>10</Task>
      <Opcode>0</Opcode>
      <Keywords>0x8000000000000000</Keywords>
      <TimeCreated SystemTime="2021-04-22T22:09:26.083152200Z" />
      <EventRecordID>564594</EventRecordID>
      <Correlation />
      <Execution ProcessID="3352" ThreadID="4696" />
      <Channel>Microsoft-Windows-Sysmon/Operational</Channel>
      <Computer>MSEDGEWIN10</Computer>
      <Security UserID="S-1-5-18" />
    </System>
    <EventData>
      <Data Name="RuleName">
      </Data>
      <Data Name="UtcTime">2021-04-22 22:09:26.066</Data>
      <Data Name="SourceProcessGUID">{747f3d96-f415-6081-0000-001040fe4900}</Data>
      <Data Name="SourceProcessId">6316</Data>
      <Data Name="SourceThreadId">2544</Data>
      <Data Name="SourceImage">c:\Users\IEUser\Desktop\PPLdump.exe</Data>
      <Data Name="TargetProcessGUID">{747f3d96-f416-6081-0000-001033034a00}</Data>
      <Data Name="TargetProcessId">7188</Data>
      <Data Name="TargetImage">C:\Windows\system32\services.exe</Data>
      <Data Name="GrantedAccess">0x103801</Data>
      <Data Name="CallTrace">C:\Windows\SYSTEM32\ntdll.dll+a0fb4|C:\Windows\System32\KERNELBASE.dll+485d2|C:\Windows\System32\KERNELBASE.dll+45163|C:\Windows\System32\ADVAPI32.dll+1c20f|c:\Users\IEUser\Desktop\PPLdump.exe+1c47|c:\Users\IEUser\Desktop\PPLdump.exe+35c6|c:\Users\IEUser\Desktop\PPLdump.exe+45f8|C:\Windows\System32\KERNEL32.DLL+17974|C:\Windows\SYSTEM32\ntdll.dll+6a271</Data>
    </EventData>
  </Event>
  <Event xmlns="http://schemas.microsoft.com/win/2004/08/events/event">
    <System>
      <Provider Name="Microsoft-Windows-Sysmon" Guid="{5770385f-c22a-43e0-bf4c-06f5698ffbd9}" />
      <EventID>10</EventID>
      <Version>3</Version>
      <Level>4</Level>
      <Task>10</Task>
      <Opcode>0</Opcode>
      <Keywords>0x8000000000000000</Keywords>
      <TimeCreated SystemTime="2021-04-22T22:09:26.084764800Z" />
      <EventRecordID>564595</EventRecordID>
      <Correlation />
      <Execution ProcessID="3352" ThreadID="4696" />
      <Channel>Microsoft-Windows-Sysmon/Operational</Channel>
      <Computer>MSEDGEWIN10</Computer>
      <Security UserID="S-1-5-18" />
    </System>
    <EventData>
      <Data Name="RuleName">
      </Data>
      <Data Name="UtcTime">2021-04-22 22:09:26.066</Data>
      <Data Name="SourceProcessGUID">{747f3d96-6e19-6082-0000-0010e5580000}</Data>
      <Data Name="SourceProcessId">504</Data>
      <Data Name="SourceThreadId">264</Data>
      <Data Name="SourceImage">C:\Windows\system32\csrss.exe</Data>
      <Data Name="TargetProcessGUID">{747f3d96-f416-6081-0000-001033034a00}</Data>
      <Data Name="TargetProcessId">7188</Data>
      <Data Name="TargetImage">C:\Windows\system32\services.exe</Data>
      <Data Name="GrantedAccess">0x1fffff</Data>
      <Data Name="CallTrace">C:\Windows\SYSTEM32\ntdll.dll+9fc24|C:\Windows\system32\basesrv.DLL+2fda|C:\Windows\SYSTEM32\CSRSRV.dll+5e2a|C:\Windows\SYSTEM32\ntdll.dll+6a27f</Data>
    </EventData>
  </Event>
  <Event xmlns="http://schemas.microsoft.com/win/2004/08/events/event">
    <System>
      <Provider Name="Microsoft-Windows-Sysmon" Guid="{5770385f-c22a-43e0-bf4c-06f5698ffbd9}" />
      <EventID>11</EventID>
      <Version>2</Version>
      <Level>4</Level>
      <Task>11</Task>
      <Opcode>0</Opcode>
      <Keywords>0x8000000000000000</Keywords>
      <TimeCreated SystemTime="2021-04-22T22:09:26.163007500Z" />
      <EventRecordID>564596</EventRecordID>
      <Correlation />
      <Execution ProcessID="3352" ThreadID="4696" />
      <Channel>Microsoft-Windows-Sysmon/Operational</Channel>
      <Computer>MSEDGEWIN10</Computer>
      <Security UserID="S-1-5-18" />
    </System>
    <EventData>
      <Data Name="RuleName">
      </Data>
      <Data Name="UtcTime">2021-04-22 22:09:26.157</Data>
      <Data Name="ProcessGuid">{747f3d96-f416-6081-0000-001033034a00}</Data>
      <Data Name="ProcessId">7188</Data>
      <Data Name="Image">C:\Windows\system32\services.exe</Data>
      <Data Name="TargetFilename">C:\Users\IEUser\Desktop\lsass.dmp</Data>
      <Data Name="CreationUtcTime">2021-04-22 22:09:26.157</Data>
    </EventData>
  </Event>
  <Event xmlns="http://schemas.microsoft.com/win/2004/08/events/event">
    <System>
      <Provider Name="Microsoft-Windows-Sysmon" Guid="{5770385f-c22a-43e0-bf4c-06f5698ffbd9}" />
      <EventID>10</EventID>
      <Version>3</Version>
      <Level>4</Level>
      <Task>10</Task>
      <Opcode>0</Opcode>
      <Keywords>0x8000000000000000</Keywords>
      <TimeCreated SystemTime="2021-04-22T22:09:26.163584000Z" />
      <EventRecordID>564597</EventRecordID>
      <Correlation />
      <Execution ProcessID="3352" ThreadID="4696" />
      <Channel>Microsoft-Windows-Sysmon/Operational</Channel>
      <Computer>MSEDGEWIN10</Computer>
      <Security UserID="S-1-5-18" />
    </System>
    <EventData>
      <Data Name="RuleName">
      </Data>
      <Data Name="UtcTime">2021-04-22 22:09:26.157</Data>
      <Data Name="SourceProcessGUID">{747f3d96-f416-6081-0000-001033034a00}</Data>
      <Data Name="SourceProcessId">7188</Data>
      <Data Name="SourceThreadId">7032</Data>
      <Data Name="SourceImage">C:\Windows\system32\services.exe</Data>
      <Data Name="TargetProcessGUID">{747f3d96-6e19-6082-0000-001070650000}</Data>
      <Data Name="TargetProcessId">652</Data>
      <Data Name="TargetImage">C:\Windows\system32\lsass.exe</Data>
      <Data Name="GrantedAccess">0x1410</Data>
      <Data Name="CallTrace">C:\Windows\SYSTEM32\ntdll.dll+9fc24|C:\Windows\System32\KERNELBASE.dll+2126e|C:\Windows\System32\EventAggregation.dll+1580|C:\Windows\System32\EventAggregation.dll+1d12|C:\Windows\System32\EventAggregation.dll+2043|C:\Windows\SYSTEM32\ntdll.dll+48f17|C:\Windows\SYSTEM32\ntdll.dll+44875|C:\Windows\SYSTEM32\ntdll.dll+44658|C:\Windows\SYSTEM32\ntdll.dll+44682|C:\Windows\SYSTEM32\ntdll.dll+d630a|C:\Windows\SYSTEM32\ntdll.dll+c38b9|C:\Windows\SYSTEM32\ntdll.dll+756c3|C:\Windows\SYSTEM32\ntdll.dll+7566e</Data>
    </EventData>
  </Event>
  <Event xmlns="http://schemas.microsoft.com/win/2004/08/events/event">
    <System>
      <Provider Name="Microsoft-Windows-Sysmon" Guid="{5770385f-c22a-43e0-bf4c-06f5698ffbd9}" />
      <EventID>10</EventID>
      <Version>3</Version>
      <Level>4</Level>
      <Task>10</Task>
      <Opcode>0</Opcode>
      <Keywords>0x8000000000000000</Keywords>
      <TimeCreated SystemTime="2021-04-22T22:09:26.163884500Z" />
      <EventRecordID>564598</EventRecordID>
      <Correlation />
      <Execution ProcessID="3352" ThreadID="4696" />
      <Channel>Microsoft-Windows-Sysmon/Operational</Channel>
      <Computer>MSEDGEWIN10</Computer>
      <Security UserID="S-1-5-18" />
    </System>
    <EventData>
      <Data Name="RuleName">
      </Data>
      <Data Name="UtcTime">2021-04-22 22:09:26.159</Data>
      <Data Name="SourceProcessGUID">{747f3d96-f416-6081-0000-001033034a00}</Data>
      <Data Name="SourceProcessId">7188</Data>
      <Data Name="SourceThreadId">7032</Data>
      <Data Name="SourceImage">C:\Windows\system32\services.exe</Data>
      <Data Name="TargetProcessGUID">{747f3d96-6e19-6082-0000-001070650000}</Data>
      <Data Name="TargetProcessId">652</Data>
      <Data Name="TargetImage">C:\Windows\system32\lsass.exe</Data>
      <Data Name="GrantedAccess">0x1fffff</Data>
      <Data Name="CallTrace">C:\Windows\SYSTEM32\ntdll.dll+9fc24|C:\Windows\SYSTEM32\ntdll.dll+7a747|C:\Windows\System32\KERNEL32.DLL+1c5b4|C:\Windows\System32\KERNEL32.DLL+237f8|C:\Windows\system32\dbgcore.DLL+9247|C:\Windows\system32\dbgcore.DLL+15dc5|C:\Windows\system32\dbgcore.DLL+fec6|C:\Windows\system32\dbgcore.DLL+5f56|C:\Windows\system32\dbgcore.DLL+69f7|C:\Windows\System32\EventAggregation.dll+15d2|C:\Windows\System32\EventAggregation.dll+1d12|C:\Windows\System32\EventAggregation.dll+2043|C:\Windows\SYSTEM32\ntdll.dll+48f17|C:\Windows\SYSTEM32\ntdll.dll+44875|C:\Windows\SYSTEM32\ntdll.dll+44658|C:\Windows\SYSTEM32\ntdll.dll+44682|C:\Windows\SYSTEM32\ntdll.dll+d630a|C:\Windows\SYSTEM32\ntdll.dll+c38b9|C:\Windows\SYSTEM32\ntdll.dll+756c3|C:\Windows\SYSTEM32\ntdll.dll+7566e</Data>
    </EventData>
  </Event>
  <Event xmlns="http://schemas.microsoft.com/win/2004/08/events/event">
    <System>
      <Provider Name="Microsoft-Windows-Sysmon" Guid="{5770385f-c22a-43e0-bf4c-06f5698ffbd9}" />
      <EventID>5</EventID>
      <Version>3</Version>
      <Level>4</Level>
      <Task>5</Task>
      <Opcode>0</Opcode>
      <Keywords>0x8000000000000000</Keywords>
      <TimeCreated SystemTime="2021-04-22T22:09:26.307977700Z" />
      <EventRecordID>564599</EventRecordID>
      <Correlation />
      <Execution ProcessID="3352" ThreadID="4696" />
      <Channel>Microsoft-Windows-Sysmon/Operational</Channel>
      <Computer>MSEDGEWIN10</Computer>
      <Security UserID="S-1-5-18" />
    </System>
    <EventData>
      <Data Name="RuleName">
      </Data>
      <Data Name="UtcTime">2021-04-22 22:09:26.305</Data>
      <Data Name="ProcessGuid">{747f3d96-f415-6081-0000-001040fe4900}</Data>
      <Data Name="ProcessId">6316</Data>
      <Data Name="Image">C:\Users\IEUser\Desktop\PPLdump.exe</Data>
    </EventData>
  </Event>
  <Event xmlns="http://schemas.microsoft.com/win/2004/08/events/event">
    <System>
      <Provider Name="Microsoft-Windows-Security-Auditing" Guid="{54849625-5478-4994-a5ba-3e3b0328c30d}" />
      <EventID>4985</EventID>
      <Version>0</Version>
      <Level>0</Level>
      <Task>12800</Task>
      <Opcode>0</Opcode>
      <Keywords>0x8020000000000000</Keywords>
      <TimeCreated SystemTime="2021-04-22T22:09:26.312425700Z" />
      <EventRecordID>302043</EventRecordID>
      <Correlation />
      <Execution ProcessID="4" ThreadID="2516" />
      <Channel>Security</Channel>
      <Computer>MSEDGEWIN10</Computer>
      <Security />
    </System>
    <EventData>
      <Data Name="SubjectUserSid">S-1-5-21-3461203602-4096304019-2269080069-1000</Data>
      <Data Name="SubjectUserName">IEUser</Data>
      <Data Name="SubjectDomainName">MSEDGEWIN10</Data>
      <Data Name="SubjectLogonId">0xbce3a</Data>
      <Data Name="TransactionId">{166192ff-a400-11eb-b76a-0800276b894e}</Data>
      <Data Name="NewState">56</Data>
      <Data Name="ResourceManager">{d1a38506-4a7e-11e9-9f82-d8ba40b6d8da}</Data>
      <Data Name="ProcessId">0x18ac</Data>
      <Data Name="ProcessName">C:\Users\IEUser\Desktop\PPLdump.exe</Data>
    </EventData>
  </Event>
  <Event xmlns="http://schemas.microsoft.com/win/2004/08/events/event">
    <System>
      <Provider Name="Microsoft-Windows-Sysmon" Guid="{5770385f-c22a-43e0-bf4c-06f5698ffbd9}" />
      <EventID>7</EventID>
      <Version>3</Version>
      <Level>4</Level>
      <Task>7</Task>
      <Opcode>0</Opcode>
      <Keywords>0x8000000000000000</Keywords>
      <TimeCreated SystemTime="2021-04-22T22:09:26.348286100Z" />
      <EventRecordID>564600</EventRecordID>
      <Correlation />
      <Execution ProcessID="3352" ThreadID="4704" />
      <Channel>Microsoft-Windows-Sysmon/Operational</Channel>
      <Computer>MSEDGEWIN10</Computer>
      <Security UserID="S-1-5-18" />
    </System>
    <EventData>
      <Data Name="RuleName">
      </Data>
      <Data Name="UtcTime">2021-04-22 22:09:26.151</Data>
      <Data Name="ProcessGuid">{747f3d96-f416-6081-0000-001033034a00}</Data>
      <Data Name="ProcessId">7188</Data>
      <Data Name="Image">C:\Windows\System32\services.exe</Data>
      <Data Name="ImageLoaded">C:\Windows\System32\dbgcore.dll</Data>
      <Data Name="FileVersion">10.0.17763.1 (WinBuild.160101.0800)</Data>
      <Data Name="Description">Windows Core Debugging Helpers</Data>
      <Data Name="Product">Microsoft« Windows« Operating System</Data>
      <Data Name="Company">Microsoft Corporation</Data>
      <Data Name="OriginalFileName">DBGCORE.DLL</Data>
      <Data Name="Hashes">SHA1=E3FA87C983008D4D2A5D31708415F88548FC7702,MD5=88E88D8C1C663769BDD722000A7EB5A7,SHA256=C84BECA73EA45D3C53D9C42CD6A37CC0CC07FF57D9CFEE113CDF70F640572AEF,IMPHASH=9D75F08EA29885182B136CE4FF854114</Data>
      <Data Name="Signed">true</Data>
      <Data Name="Signature">Microsoft Windows</Data>
      <Data Name="SignatureStatus">Valid</Data>
    </EventData>
  </Event>
  <Event xmlns="http://schemas.microsoft.com/win/2004/08/events/event">
    <System>
      <Provider Name="Microsoft-Windows-Sysmon" Guid="{5770385f-c22a-43e0-bf4c-06f5698ffbd9}" />
      <EventID>10</EventID>
      <Version>3</Version>
      <Level>4</Level>
      <Task>10</Task>
      <Opcode>0</Opcode>
      <Keywords>0x8000000000000000</Keywords>
      <TimeCreated SystemTime="2021-04-22T22:09:27.649428200Z" />
      <EventRecordID>564601</EventRecordID>
      <Correlation />
      <Execution ProcessID="3352" ThreadID="4696" />
      <Channel>Microsoft-Windows-Sysmon/Operational</Channel>
      <Computer>MSEDGEWIN10</Computer>
      <Security UserID="S-1-5-18" />
    </System>
    <EventData>
      <Data Name="RuleName">
      </Data>
      <Data Name="UtcTime">2021-04-22 22:09:27.647</Data>
      <Data Name="SourceProcessGUID">{747f3d96-6e19-6082-0000-0010a5530000}</Data>
      <Data Name="SourceProcessId">424</Data>
      <Data Name="SourceThreadId">440</Data>
      <Data Name="SourceImage">C:\Windows\system32\csrss.exe</Data>
      <Data Name="TargetProcessGUID">{747f3d96-f417-6081-0000-0010661d4a00}</Data>
      <Data Name="TargetProcessId">6972</Data>
      <Data Name="TargetImage">C:\Windows\system32\DllHost.exe</Data>
      <Data Name="GrantedAccess">0x1fffff</Data>
      <Data Name="CallTrace">C:\Windows\SYSTEM32\ntdll.dll+9fc24|C:\Windows\system32\basesrv.DLL+2fda|C:\Windows\SYSTEM32\CSRSRV.dll+5e2a|C:\Windows\SYSTEM32\ntdll.dll+6a27f</Data>
    </EventData>
  </Event>
  <Event xmlns="http://schemas.microsoft.com/win/2004/08/events/event">
    <System>
      <Provider Name="Microsoft-Windows-Sysmon" Guid="{5770385f-c22a-43e0-bf4c-06f5698ffbd9}" />
      <EventID>10</EventID>
      <Version>3</Version>
      <Level>4</Level>
      <Task>10</Task>
      <Opcode>0</Opcode>
      <Keywords>0x8000000000000000</Keywords>
      <TimeCreated SystemTime="2021-04-22T22:09:27.653371000Z" />
      <EventRecordID>564602</EventRecordID>
      <Correlation />
      <Execution ProcessID="3352" ThreadID="4696" />
      <Channel>Microsoft-Windows-Sysmon/Operational</Channel>
      <Computer>MSEDGEWIN10</Computer>
      <Security UserID="S-1-5-18" />
    </System>
    <EventData>
      <Data Name="RuleName">
      </Data>
      <Data Name="UtcTime">2021-04-22 22:09:27.652</Data>
      <Data Name="SourceProcessGUID">{747f3d96-6e19-6082-0000-0010e5580000}</Data>
      <Data Name="SourceProcessId">504</Data>
      <Data Name="SourceThreadId">520</Data>
      <Data Name="SourceImage">C:\Windows\system32\csrss.exe</Data>
      <Data Name="TargetProcessGUID">{747f3d96-f417-6081-0000-0010661d4a00}</Data>
      <Data Name="TargetProcessId">6972</Data>
      <Data Name="TargetImage">C:\Windows\system32\DllHost.exe</Data>
      <Data Name="GrantedAccess">0x1fffff</Data>
      <Data Name="CallTrace">C:\Windows\SYSTEM32\ntdll.dll+a07f4|C:\Windows\SYSTEM32\CSRSRV.dll+1c00|C:\Windows\SYSTEM32\CSRSRV.dll+631a|C:\Windows\SYSTEM32\ntdll.dll+6a27f</Data>
    </EventData>
  </Event>
  <Event xmlns="http://schemas.microsoft.com/win/2004/08/events/event">
    <System>
      <Provider Name="Microsoft-Windows-Sysmon" Guid="{5770385f-c22a-43e0-bf4c-06f5698ffbd9}" />
      <EventID>12</EventID>
      <Version>2</Version>
      <Level>4</Level>
      <Task>12</Task>
      <Opcode>0</Opcode>
      <Keywords>0x8000000000000000</Keywords>
      <TimeCreated SystemTime="2021-04-22T22:09:35.165933200Z" />
      <EventRecordID>564603</EventRecordID>
      <Correlation />
      <Execution ProcessID="3352" ThreadID="4696" />
      <Channel>Microsoft-Windows-Sysmon/Operational</Channel>
      <Computer>MSEDGEWIN10</Computer>
      <Security UserID="S-1-5-18" />
    </System>
    <EventData>
      <Data Name="RuleName">
      </Data>
      <Data Name="EventType">CreateKey</Data>
      <Data Name="UtcTime">2021-04-22 22:09:35.159</Data>
      <Data Name="ProcessGuid">{747f3d96-f053-6081-0000-0010a90e1d00}</Data>
      <Data Name="ProcessId">800</Data>
      <Data Name="Image">C:\Windows\system32\mmc.exe</Data>
      <Data Name="TargetObject">HKU\S-1-5-21-3461203602-4096304019-2269080069-1000\Software\Microsoft\Windows\CurrentVersion\Explorer\RunMRU</Data>
    </EventData>
  </Event>
  <Event xmlns="http://schemas.microsoft.com/win/2004/08/events/event">
    <System>
      <Provider Name="Microsoft-Windows-Sysmon" Guid="{5770385f-c22a-43e0-bf4c-06f5698ffbd9}" />
      <EventID>10</EventID>
      <Version>3</Version>
      <Level>4</Level>
      <Task>10</Task>
      <Opcode>0</Opcode>
      <Keywords>0x8000000000000000</Keywords>
      <TimeCreated SystemTime="2021-04-22T22:09:35.260848100Z" />
      <EventRecordID>564604</EventRecordID>
      <Correlation />
      <Execution ProcessID="3352" ThreadID="4696" />
      <Channel>Microsoft-Windows-Sysmon/Operational</Channel>
      <Computer>MSEDGEWIN10</Computer>
      <Security UserID="S-1-5-18" />
    </System>
    <EventData>
      <Data Name="RuleName">
      </Data>
      <Data Name="UtcTime">2021-04-22 22:09:35.252</Data>
      <Data Name="SourceProcessGUID">{747f3d96-6e19-6082-0000-001070650000}</Data>
      <Data Name="SourceProcessId">652</Data>
      <Data Name="SourceThreadId">7436</Data>
      <Data Name="SourceImage">C:\Windows\system32\lsass.exe</Data>
      <Data Name="TargetProcessGUID">{747f3d96-6e19-6082-0000-0010f6600000}</Data>
      <Data Name="TargetProcessId">624</Data>
      <Data Name="TargetImage">C:\Windows\system32\services.exe</Data>
      <Data Name="GrantedAccess">0x1000</Data>
      <Data Name="CallTrace">C:\Windows\SYSTEM32\ntdll.dll+9fc24|C:\Windows\system32\lsasrv.dll+3b9e3|C:\Windows\system32\lsasrv.dll+a60c|C:\Windows\SYSTEM32\SspiSrv.dll+173c|C:\Windows\System32\RPCRT4.dll+77803|C:\Windows\System32\RPCRT4.dll+db4a6|C:\Windows\System32\RPCRT4.dll+10d20|C:\Windows\System32\RPCRT4.dll+54a18|C:\Windows\System32\RPCRT4.dll+30490|C:\Windows\System32\RPCRT4.dll+2fe3b|C:\Windows\System32\RPCRT4.dll+221ff|C:\Windows\System32\RPCRT4.dll+2165a|C:\Windows\System32\RPCRT4.dll+20c21|C:\Windows\System32\RPCRT4.dll+20692|C:\Windows\System32\RPCRT4.dll+17465|C:\Windows\SYSTEM32\ntdll.dll+4f4d0|C:\Windows\SYSTEM32\ntdll.dll+50358|C:\Windows\System32\KERNEL32.DLL+17974|C:\Windows\SYSTEM32\ntdll.dll+6a271</Data>
    </EventData>
  </Event>
  <Event xmlns="http://schemas.microsoft.com/win/2004/08/events/event">
    <System>
      <Provider Name="Microsoft-Windows-Sysmon" Guid="{5770385f-c22a-43e0-bf4c-06f5698ffbd9}" />
      <EventID>1</EventID>
      <Version>5</Version>
      <Level>4</Level>
      <Task>1</Task>
      <Opcode>0</Opcode>
      <Keywords>0x8000000000000000</Keywords>
      <TimeCreated SystemTime="2021-04-22T22:09:35.284225100Z" />
      <EventRecordID>564605</EventRecordID>
      <Correlation />
      <Execution ProcessID="3352" ThreadID="4696" />
      <Channel>Microsoft-Windows-Sysmon/Operational</Channel>
      <Computer>MSEDGEWIN10</Computer>
      <Security UserID="S-1-5-18" />
    </System>
    <EventData>
      <Data Name="RuleName">
      </Data>
      <Data Name="UtcTime">2021-04-22 22:09:35.263</Data>
      <Data Name="ProcessGuid">{747f3d96-f41f-6081-0000-001078834a00}</Data>
      <Data Name="ProcessId">6644</Data>
      <Data Name="Image">C:\Windows\System32\svchost.exe</Data>
      <Data Name="FileVersion">10.0.17763.1 (WinBuild.160101.0800)</Data>
      <Data Name="Description">Host Process for Windows Services</Data>
      <Data Name="Product">Microsoft« Windows« Operating System</Data>
      <Data Name="Company">Microsoft Corporation</Data>
      <Data Name="OriginalFileName">svchost.exe</Data>
      <Data Name="CommandLine">C:\Windows\system32\svchost.exe -k LocalService -p -s fdPHost</Data>
      <Data Name="CurrentDirectory">C:\Windows\system32\</Data>
      <Data Name="User">NT AUTHORITY\LOCAL SERVICE</Data>
      <Data Name="LogonGuid">{747f3d96-6e1a-6082-0000-0020e5030000}</Data>
      <Data Name="LogonId">0x3e5</Data>
      <Data Name="TerminalSessionId">0</Data>
      <Data Name="IntegrityLevel">System</Data>
      <Data Name="Hashes">SHA1=A1385CE20AD79F55DF235EFFD9780C31442AA234,MD5=8A0A29438052FAED8A2532DA50455756,SHA256=7FD065BAC18C5278777AE44908101CDFED72D26FA741367F0AD4D02020787AB6,IMPHASH=247B9220E5D9B720A82B2C8B5069AD69</Data>
      <Data Name="ParentProcessGuid">{00000000-0000-0000-0000-000000000000}</Data>
      <Data Name="ParentProcessId">624</Data>
      <Data Name="ParentImage">?</Data>
      <Data Name="ParentCommandLine">?</Data>
    </EventData>
  </Event>
  <Event xmlns="http://schemas.microsoft.com/win/2004/08/events/event">
    <System>
      <Provider Name="Microsoft-Windows-Sysmon" Guid="{5770385f-c22a-43e0-bf4c-06f5698ffbd9}" />
      <EventID>10</EventID>
      <Version>3</Version>
      <Level>4</Level>
      <Task>10</Task>
      <Opcode>0</Opcode>
      <Keywords>0x8000000000000000</Keywords>
      <TimeCreated SystemTime="2021-04-22T22:09:35.284604100Z" />
      <EventRecordID>564606</EventRecordID>
      <Correlation />
      <Execution ProcessID="3352" ThreadID="4696" />
      <Channel>Microsoft-Windows-Sysmon/Operational</Channel>
      <Computer>MSEDGEWIN10</Computer>
      <Security UserID="S-1-5-18" />
    </System>
    <EventData>
      <Data Name="RuleName">
      </Data>
      <Data Name="UtcTime">2021-04-22 22:09:35.276</Data>
      <Data Name="SourceProcessGUID">{747f3d96-6e19-6082-0000-0010f6600000}</Data>
      <Data Name="SourceProcessId">624</Data>
      <Data Name="SourceThreadId">2368</Data>
      <Data Name="SourceImage">C:\Windows\system32\services.exe</Data>
      <Data Name="TargetProcessGUID">{747f3d96-f41f-6081-0000-001078834a00}</Data>
      <Data Name="TargetProcessId">6644</Data>
      <Data Name="TargetImage">C:\Windows\system32\svchost.exe</Data>
      <Data Name="GrantedAccess">0x1fffff</Data>
      <Data Name="CallTrace">C:\Windows\SYSTEM32\ntdll.dll+a0fb4|C:\Windows\System32\KERNELBASE.dll+485d2|C:\Windows\System32\KERNELBASE.dll+45163|C:\Windows\System32\KERNEL32.DLL+1cd9f|C:\Windows\system32\services.exe+9f39|C:\Windows\system32\services.exe+c665|C:\Windows\system32\services.exe+90d5|C:\Windows\system32\services.exe+8d4c|C:\Windows\system32\services.exe+de2d|C:\Windows\system32\services.exe+15a8e|C:\Windows\system32\services.exe+15d78|C:\Windows\System32\RPCRT4.dll+77803|C:\Windows\System32\RPCRT4.dll+1436c|C:\Windows\System32\RPCRT4.dll+1756a|C:\Windows\System32\RPCRT4.dll+54a18|C:\Windows\System32\RPCRT4.dll+30490|C:\Windows\System32\RPCRT4.dll+2fe3b|C:\Windows\System32\RPCRT4.dll+221ff|C:\Windows\System32\RPCRT4.dll+2165a|C:\Windows\System32\RPCRT4.dll+20c21|C:\Windows\System32\RPCRT4.dll+20692|C:\Windows\System32\RPCRT4.dll+17465|C:\Windows\SYSTEM32\ntdll.dll+4f4d0|C:\Windows\SYSTEM32\ntdll.dll+50358</Data>
    </EventData>
  </Event>
</root>