<root>
  <Event xmlns="http://schemas.microsoft.com/win/2004/08/events/event">
    <System>
      <Provider Name="Microsoft-Windows-Security-Auditing" Guid="{54849625-5478-4994-a5ba-3e3b0328c30d}" />
      <EventID>4624</EventID>
      <Version>1</Version>
      <Level>0</Level>
      <Task>12544</Task>
      <Opcode>0</Opcode>
      <Keywords>0x8020000000000000</Keywords>
      <TimeCreated SystemTime="2020-08-20T15:41:58.884558500Z" />
      <EventRecordID>1542010</EventRecordID>
      <Correlation />
      <Execution ProcessID="464" ThreadID="3360" />
      <Channel>Security</Channel>
      <Computer>fs02.offsec.lan</Computer>
      <Security />
    </System>
    <EventData>
      <Data Name="SubjectUserSid">S-1-0-0</Data>
      <Data Name="SubjectUserName">-</Data>
      <Data Name="SubjectDomainName">-</Data>
      <Data Name="SubjectLogonId">0x0</Data>
      <Data Name="TargetUserSid">S-1-5-21-4230534742-2542757381-3142984815-500</Data>
      <Data Name="TargetUserName">not_existing_user</Data>
      <Data Name="TargetDomainName">OFFSEC</Data>
      <Data Name="TargetLogonId">0x119b90e2</Data>
      <Data Name="LogonType">3</Data>
      <Data Name="LogonProcessName">Kerberos</Data>
      <Data Name="AuthenticationPackageName">Kerberos</Data>
      <Data Name="WorkstationName">-</Data>
      <Data Name="LogonGuid">{0565f613-08e0-94ff-1a00-69d832f05f6d}</Data>
      <Data Name="TransmittedServices">-</Data>
      <Data Name="LmPackageName">-</Data>
      <Data Name="KeyLength">0</Data>
      <Data Name="ProcessId">0x0</Data>
      <Data Name="ProcessName">-</Data>
      <Data Name="IpAddress">10.23.23.9</Data>
      <Data Name="IpPort">50329</Data>
      <Data Name="ImpersonationLevel">%%1833</Data>
    </EventData>
  </Event>
  <Event xmlns="http://schemas.microsoft.com/win/2004/08/events/event">
    <System>
      <Provider Name="Microsoft-Windows-Security-Auditing" Guid="{54849625-5478-4994-a5ba-3e3b0328c30d}" />
      <EventID>4624</EventID>
      <Version>1</Version>
      <Level>0</Level>
      <Task>12544</Task>
      <Opcode>0</Opcode>
      <Keywords>0x8020000000000000</Keywords>
      <TimeCreated SystemTime="2020-08-20T15:42:54.177692700Z" />
      <EventRecordID>1542030</EventRecordID>
      <Correlation />
      <Execution ProcessID="464" ThreadID="992" />
      <Channel>Security</Channel>
      <Computer>fs02.offsec.lan</Computer>
      <Security />
    </System>
    <EventData>
      <Data Name="SubjectUserSid">S-1-0-0</Data>
      <Data Name="SubjectUserName">-</Data>
      <Data Name="SubjectDomainName">-</Data>
      <Data Name="SubjectLogonId">0x0</Data>
      <Data Name="TargetUserSid">S-1-5-21-4230534742-2542757381-3142984815-1111</Data>
      <Data Name="TargetUserName">admmig</Data>
      <Data Name="TargetDomainName">OFFSEC</Data>
      <Data Name="TargetLogonId">0x119b9a72</Data>
      <Data Name="LogonType">3</Data>
      <Data Name="LogonProcessName">Kerberos</Data>
      <Data Name="AuthenticationPackageName">Kerberos</Data>
      <Data Name="WorkstationName">-</Data>
      <Data Name="LogonGuid">{722e1f8c-b402-c72c-a875-4eb9ee1bcfad}</Data>
      <Data Name="TransmittedServices">-</Data>
      <Data Name="LmPackageName">-</Data>
      <Data Name="KeyLength">0</Data>
      <Data Name="ProcessId">0x0</Data>
      <Data Name="ProcessName">-</Data>
      <Data Name="IpAddress">10.23.23.9</Data>
      <Data Name="IpPort">50329</Data>
      <Data Name="ImpersonationLevel">%%1833</Data>
    </EventData>
  </Event>
  <Event xmlns="http://schemas.microsoft.com/win/2004/08/events/event">
    <System>
      <Provider Name="Microsoft-Windows-Security-Auditing" Guid="{54849625-5478-4994-a5ba-3e3b0328c30d}" />
      <EventID>4624</EventID>
      <Version>1</Version>
      <Level>0</Level>
      <Task>12544</Task>
      <Opcode>0</Opcode>
      <Keywords>0x8020000000000000</Keywords>
      <TimeCreated SystemTime="2020-08-20T15:42:54.177692700Z" />
      <EventRecordID>1542035</EventRecordID>
      <Correlation />
      <Execution ProcessID="464" ThreadID="992" />
      <Channel>Security</Channel>
      <Computer>fs02.offsec.lan</Computer>
      <Security />
    </System>
    <EventData>
      <Data Name="SubjectUserSid">S-1-0-0</Data>
      <Data Name="SubjectUserName">-</Data>
      <Data Name="SubjectDomainName">-</Data>
      <Data Name="SubjectLogonId">0x0</Data>
      <Data Name="TargetUserSid">S-1-5-21-4230534742-2542757381-3142984815-1111</Data>
      <Data Name="TargetUserName">admmig</Data>
      <Data Name="TargetDomainName">OFFSEC</Data>
      <Data Name="TargetLogonId">0x119b9a8f</Data>
      <Data Name="LogonType">3</Data>
      <Data Name="LogonProcessName">Kerberos</Data>
      <Data Name="AuthenticationPackageName">Kerberos</Data>
      <Data Name="WorkstationName">-</Data>
      <Data Name="LogonGuid">{722e1f8c-b402-c72c-a875-4eb9ee1bcfad}</Data>
      <Data Name="TransmittedServices">-</Data>
      <Data Name="LmPackageName">-</Data>
      <Data Name="KeyLength">0</Data>
      <Data Name="ProcessId">0x0</Data>
      <Data Name="ProcessName">-</Data>
      <Data Name="IpAddress">10.23.23.9</Data>
      <Data Name="IpPort">50380</Data>
      <Data Name="ImpersonationLevel">%%1833</Data>
    </EventData>
  </Event>
  <Event xmlns="http://schemas.microsoft.com/win/2004/08/events/event">
    <System>
      <Provider Name="Microsoft-Windows-Security-Auditing" Guid="{54849625-5478-4994-a5ba-3e3b0328c30d}" />
      <EventID>4624</EventID>
      <Version>1</Version>
      <Level>0</Level>
      <Task>12544</Task>
      <Opcode>0</Opcode>
      <Keywords>0x8020000000000000</Keywords>
      <TimeCreated SystemTime="2020-08-20T15:42:54.193330500Z" />
      <EventRecordID>1542038</EventRecordID>
      <Correlation />
      <Execution ProcessID="464" ThreadID="992" />
      <Channel>Security</Channel>
      <Computer>fs02.offsec.lan</Computer>
      <Security />
    </System>
    <EventData>
      <Data Name="SubjectUserSid">S-1-0-0</Data>
      <Data Name="SubjectUserName">-</Data>
      <Data Name="SubjectDomainName">-</Data>
      <Data Name="SubjectLogonId">0x0</Data>
      <Data Name="TargetUserSid">S-1-5-21-4230534742-2542757381-3142984815-1111</Data>
      <Data Name="TargetUserName">admmig</Data>
      <Data Name="TargetDomainName">OFFSEC</Data>
      <Data Name="TargetLogonId">0x119b9aa3</Data>
      <Data Name="LogonType">3</Data>
      <Data Name="LogonProcessName">Kerberos</Data>
      <Data Name="AuthenticationPackageName">Kerberos</Data>
      <Data Name="WorkstationName">-</Data>
      <Data Name="LogonGuid">{722e1f8c-b402-c72c-a875-4eb9ee1bcfad}</Data>
      <Data Name="TransmittedServices">-</Data>
      <Data Name="LmPackageName">-</Data>
      <Data Name="KeyLength">0</Data>
      <Data Name="ProcessId">0x0</Data>
      <Data Name="ProcessName">-</Data>
      <Data Name="IpAddress">10.23.23.9</Data>
      <Data Name="IpPort">50381</Data>
      <Data Name="ImpersonationLevel">%%1833</Data>
    </EventData>
  </Event>
  <Event xmlns="http://schemas.microsoft.com/win/2004/08/events/event">
    <System>
      <Provider Name="Microsoft-Windows-Security-Auditing" Guid="{54849625-5478-4994-a5ba-3e3b0328c30d}" />
      <EventID>4624</EventID>
      <Version>1</Version>
      <Level>0</Level>
      <Task>12544</Task>
      <Opcode>0</Opcode>
      <Keywords>0x8020000000000000</Keywords>
      <TimeCreated SystemTime="2020-08-20T15:42:54.193330500Z" />
      <EventRecordID>1542041</EventRecordID>
      <Correlation />
      <Execution ProcessID="464" ThreadID="992" />
      <Channel>Security</Channel>
      <Computer>fs02.offsec.lan</Computer>
      <Security />
    </System>
    <EventData>
      <Data Name="SubjectUserSid">S-1-0-0</Data>
      <Data Name="SubjectUserName">-</Data>
      <Data Name="SubjectDomainName">-</Data>
      <Data Name="SubjectLogonId">0x0</Data>
      <Data Name="TargetUserSid">S-1-5-21-4230534742-2542757381-3142984815-1111</Data>
      <Data Name="TargetUserName">admmig</Data>
      <Data Name="TargetDomainName">OFFSEC</Data>
      <Data Name="TargetLogonId">0x119b9ab2</Data>
      <Data Name="LogonType">3</Data>
      <Data Name="LogonProcessName">Kerberos</Data>
      <Data Name="AuthenticationPackageName">Kerberos</Data>
      <Data Name="WorkstationName">-</Data>
      <Data Name="LogonGuid">{722e1f8c-b402-c72c-a875-4eb9ee1bcfad}</Data>
      <Data Name="TransmittedServices">-</Data>
      <Data Name="LmPackageName">-</Data>
      <Data Name="KeyLength">0</Data>
      <Data Name="ProcessId">0x0</Data>
      <Data Name="ProcessName">-</Data>
      <Data Name="IpAddress">10.23.23.9</Data>
      <Data Name="IpPort">50382</Data>
      <Data Name="ImpersonationLevel">%%1833</Data>
    </EventData>
  </Event>
  <Event xmlns="http://schemas.microsoft.com/win/2004/08/events/event">
    <System>
      <Provider Name="Microsoft-Windows-Security-Auditing" Guid="{54849625-5478-4994-a5ba-3e3b0328c30d}" />
      <EventID>4624</EventID>
      <Version>1</Version>
      <Level>0</Level>
      <Task>12544</Task>
      <Opcode>0</Opcode>
      <Keywords>0x8020000000000000</Keywords>
      <TimeCreated SystemTime="2020-08-20T15:42:55.188463500Z" />
      <EventRecordID>1542044</EventRecordID>
      <Correlation />
      <Execution ProcessID="464" ThreadID="992" />
      <Channel>Security</Channel>
      <Computer>fs02.offsec.lan</Computer>
      <Security />
    </System>
    <EventData>
      <Data Name="SubjectUserSid">S-1-0-0</Data>
      <Data Name="SubjectUserName">-</Data>
      <Data Name="SubjectDomainName">-</Data>
      <Data Name="SubjectLogonId">0x0</Data>
      <Data Name="TargetUserSid">S-1-5-21-4230534742-2542757381-3142984815-1111</Data>
      <Data Name="TargetUserName">admmig</Data>
      <Data Name="TargetDomainName">OFFSEC</Data>
      <Data Name="TargetLogonId">0x119b9b27</Data>
      <Data Name="LogonType">3</Data>
      <Data Name="LogonProcessName">Kerberos</Data>
      <Data Name="AuthenticationPackageName">Kerberos</Data>
      <Data Name="WorkstationName">-</Data>
      <Data Name="LogonGuid">{c01fcfc2-90cf-f354-1bbf-cc6619d33bdb}</Data>
      <Data Name="TransmittedServices">-</Data>
      <Data Name="LmPackageName">-</Data>
      <Data Name="KeyLength">0</Data>
      <Data Name="ProcessId">0x0</Data>
      <Data Name="ProcessName">-</Data>
      <Data Name="IpAddress">10.23.23.9</Data>
      <Data Name="IpPort">50317</Data>
      <Data Name="ImpersonationLevel">%%1833</Data>
    </EventData>
  </Event>
  <Event xmlns="http://schemas.microsoft.com/win/2004/08/events/event">
    <System>
      <Provider Name="Microsoft-Windows-Security-Auditing" Guid="{54849625-5478-4994-a5ba-3e3b0328c30d}" />
      <EventID>4624</EventID>
      <Version>1</Version>
      <Level>0</Level>
      <Task>12544</Task>
      <Opcode>0</Opcode>
      <Keywords>0x8020000000000000</Keywords>
      <TimeCreated SystemTime="2020-08-20T15:43:04.967740900Z" />
      <EventRecordID>1542047</EventRecordID>
      <Correlation />
      <Execution ProcessID="464" ThreadID="992" />
      <Channel>Security</Channel>
      <Computer>fs02.offsec.lan</Computer>
      <Security />
    </System>
    <EventData>
      <Data Name="SubjectUserSid">S-1-0-0</Data>
      <Data Name="SubjectUserName">-</Data>
      <Data Name="SubjectDomainName">-</Data>
      <Data Name="SubjectLogonId">0x0</Data>
      <Data Name="TargetUserSid">S-1-5-21-4230534742-2542757381-3142984815-1111</Data>
      <Data Name="TargetUserName">admmig</Data>
      <Data Name="TargetDomainName">OFFSEC</Data>
      <Data Name="TargetLogonId">0x119b9e04</Data>
      <Data Name="LogonType">3</Data>
      <Data Name="LogonProcessName">Kerberos</Data>
      <Data Name="AuthenticationPackageName">Kerberos</Data>
      <Data Name="WorkstationName">-</Data>
      <Data Name="LogonGuid">{9abf290e-8e8c-b310-d3d5-65afd802e4b1}</Data>
      <Data Name="TransmittedServices">-</Data>
      <Data Name="LmPackageName">-</Data>
      <Data Name="KeyLength">0</Data>
      <Data Name="ProcessId">0x0</Data>
      <Data Name="ProcessName">-</Data>
      <Data Name="IpAddress">10.23.23.9</Data>
      <Data Name="IpPort">50329</Data>
      <Data Name="ImpersonationLevel">%%1833</Data>
    </EventData>
  </Event>
  <Event xmlns="http://schemas.microsoft.com/win/2004/08/events/event">
    <System>
      <Provider Name="Microsoft-Windows-Security-Auditing" Guid="{54849625-5478-4994-a5ba-3e3b0328c30d}" />
      <EventID>4624</EventID>
      <Version>1</Version>
      <Level>0</Level>
      <Task>12544</Task>
      <Opcode>0</Opcode>
      <Keywords>0x8020000000000000</Keywords>
      <TimeCreated SystemTime="2020-08-20T15:43:36.582877200Z" />
      <EventRecordID>1542099</EventRecordID>
      <Correlation />
      <Execution ProcessID="464" ThreadID="992" />
      <Channel>Security</Channel>
      <Computer>fs02.offsec.lan</Computer>
      <Security />
    </System>
    <EventData>
      <Data Name="SubjectUserSid">S-1-0-0</Data>
      <Data Name="SubjectUserName">-</Data>
      <Data Name="SubjectDomainName">-</Data>
      <Data Name="SubjectLogonId">0x0</Data>
      <Data Name="TargetUserSid">S-1-5-21-4230534742-2542757381-3142984815-1111</Data>
      <Data Name="TargetUserName">admmig</Data>
      <Data Name="TargetDomainName">OFFSEC</Data>
      <Data Name="TargetLogonId">0x119ba401</Data>
      <Data Name="LogonType">3</Data>
      <Data Name="LogonProcessName">Kerberos</Data>
      <Data Name="AuthenticationPackageName">Kerberos</Data>
      <Data Name="WorkstationName">-</Data>
      <Data Name="LogonGuid">{9abf290e-8e8c-b310-d3d5-65afd802e4b1}</Data>
      <Data Name="TransmittedServices">-</Data>
      <Data Name="LmPackageName">-</Data>
      <Data Name="KeyLength">0</Data>
      <Data Name="ProcessId">0x0</Data>
      <Data Name="ProcessName">-</Data>
      <Data Name="IpAddress">10.23.23.9</Data>
      <Data Name="IpPort">50380</Data>
      <Data Name="ImpersonationLevel">%%1833</Data>
    </EventData>
  </Event>
  <Event xmlns="http://schemas.microsoft.com/win/2004/08/events/event">
    <System>
      <Provider Name="Microsoft-Windows-Security-Auditing" Guid="{54849625-5478-4994-a5ba-3e3b0328c30d}" />
      <EventID>4624</EventID>
      <Version>1</Version>
      <Level>0</Level>
      <Task>12544</Task>
      <Opcode>0</Opcode>
      <Keywords>0x8020000000000000</Keywords>
      <TimeCreated SystemTime="2020-08-20T15:43:36.582877200Z" />
      <EventRecordID>1542102</EventRecordID>
      <Correlation />
      <Execution ProcessID="464" ThreadID="992" />
      <Channel>Security</Channel>
      <Computer>fs02.offsec.lan</Computer>
      <Security />
    </System>
    <EventData>
      <Data Name="SubjectUserSid">S-1-0-0</Data>
      <Data Name="SubjectUserName">-</Data>
      <Data Name="SubjectDomainName">-</Data>
      <Data Name="SubjectLogonId">0x0</Data>
      <Data Name="TargetUserSid">S-1-5-21-4230534742-2542757381-3142984815-1111</Data>
      <Data Name="TargetUserName">admmig</Data>
      <Data Name="TargetDomainName">OFFSEC</Data>
      <Data Name="TargetLogonId">0x119ba414</Data>
      <Data Name="LogonType">3</Data>
      <Data Name="LogonProcessName">Kerberos</Data>
      <Data Name="AuthenticationPackageName">Kerberos</Data>
      <Data Name="WorkstationName">-</Data>
      <Data Name="LogonGuid">{9abf290e-8e8c-b310-d3d5-65afd802e4b1}</Data>
      <Data Name="TransmittedServices">-</Data>
      <Data Name="LmPackageName">-</Data>
      <Data Name="KeyLength">0</Data>
      <Data Name="ProcessId">0x0</Data>
      <Data Name="ProcessName">-</Data>
      <Data Name="IpAddress">10.23.23.9</Data>
      <Data Name="IpPort">50381</Data>
      <Data Name="ImpersonationLevel">%%1833</Data>
    </EventData>
  </Event>
  <Event xmlns="http://schemas.microsoft.com/win/2004/08/events/event">
    <System>
      <Provider Name="Microsoft-Windows-Security-Auditing" Guid="{54849625-5478-4994-a5ba-3e3b0328c30d}" />
      <EventID>4624</EventID>
      <Version>1</Version>
      <Level>0</Level>
      <Task>12544</Task>
      <Opcode>0</Opcode>
      <Keywords>0x8020000000000000</Keywords>
      <TimeCreated SystemTime="2020-08-20T15:43:36.582877200Z" />
      <EventRecordID>1542105</EventRecordID>
      <Correlation />
      <Execution ProcessID="464" ThreadID="992" />
      <Channel>Security</Channel>
      <Computer>fs02.offsec.lan</Computer>
      <Security />
    </System>
    <EventData>
      <Data Name="SubjectUserSid">S-1-0-0</Data>
      <Data Name="SubjectUserName">-</Data>
      <Data Name="SubjectDomainName">-</Data>
      <Data Name="SubjectLogonId">0x0</Data>
      <Data Name="TargetUserSid">S-1-5-21-4230534742-2542757381-3142984815-1111</Data>
      <Data Name="TargetUserName">admmig</Data>
      <Data Name="TargetDomainName">OFFSEC</Data>
      <Data Name="TargetLogonId">0x119ba427</Data>
      <Data Name="LogonType">3</Data>
      <Data Name="LogonProcessName">Kerberos</Data>
      <Data Name="AuthenticationPackageName">Kerberos</Data>
      <Data Name="WorkstationName">-</Data>
      <Data Name="LogonGuid">{9abf290e-8e8c-b310-d3d5-65afd802e4b1}</Data>
      <Data Name="TransmittedServices">-</Data>
      <Data Name="LmPackageName">-</Data>
      <Data Name="KeyLength">0</Data>
      <Data Name="ProcessId">0x0</Data>
      <Data Name="ProcessName">-</Data>
      <Data Name="IpAddress">10.23.23.9</Data>
      <Data Name="IpPort">50382</Data>
      <Data Name="ImpersonationLevel">%%1833</Data>
    </EventData>
  </Event>
</root>