<root>
  <Event xmlns="http://schemas.microsoft.com/win/2004/08/events/event">
    <System>
      <Provider Name="Microsoft-Windows-Security-Auditing" Guid="{54849625-5478-4994-a5ba-3e3b0328c30d}" />
      <EventID>4742</EventID>
      <Version>0</Version>
      <Level>0</Level>
      <Task>13825</Task>
      <Opcode>0</Opcode>
      <Keywords>0x8020000000000000</Keywords>
      <TimeCreated SystemTime="2021-04-26T09:07:56.291903600Z" />
      <EventRecordID>138042977</EventRecordID>
      <Correlation />
      <Execution ProcessID="548" ThreadID="32" />
      <Channel>Security</Channel>
      <Computer>rootdc1.offsec.lan</Computer>
      <Security />
    </System>
    <EventData>
      <Data Name="ComputerAccountChange">-</Data>
      <Data Name="TargetUserName">MYTARGET-PC$</Data>
      <Data Name="TargetDomainName">OFFSEC</Data>
      <Data Name="TargetSid">S-1-5-21-4230534742-2542757381-3142984815-1240</Data>
      <Data Name="SubjectUserSid">S-1-5-21-4230534742-2542757381-3142984815-1111</Data>
      <Data Name="SubjectUserName">admmig</Data>
      <Data Name="SubjectDomainName">OFFSEC</Data>
      <Data Name="SubjectLogonId">0x2e15bba1</Data>
      <Data Name="PrivilegeList">-</Data>
      <Data Name="SamAccountName">-</Data>
      <Data Name="DisplayName">-</Data>
      <Data Name="UserPrincipalName">-</Data>
      <Data Name="HomeDirectory">-</Data>
      <Data Name="HomePath">-</Data>
      <Data Name="ScriptPath">-</Data>
      <Data Name="ProfilePath">-</Data>
      <Data Name="UserWorkstations">-</Data>
      <Data Name="PasswordLastSet">-</Data>
      <Data Name="AccountExpires">-</Data>
      <Data Name="PrimaryGroupId">-</Data>
      <Data Name="AllowedToDelegateTo">
		browser/ATANIDS01
		browser/atanids01.offsec.lan
		cifs/ATANIDS01
		cifs/atanids01.offsec.lan
		cisvc/ATANIDS01
		cisvc/atanids01.offsec.lan</Data>
      <Data Name="OldUacValue">0x84</Data>
      <Data Name="NewUacValue">0x40084</Data>
      <Data Name="UserAccountControl">
		%%2098</Data>
      <Data Name="UserParameters">-</Data>
      <Data Name="SidHistory">-</Data>
      <Data Name="LogonHours">-</Data>
      <Data Name="DnsHostName">-</Data>
      <Data Name="ServicePrincipalNames">-</Data>
    </EventData>
  </Event>
  <Event xmlns="http://schemas.microsoft.com/win/2004/08/events/event">
    <System>
      <Provider Name="Microsoft-Windows-Security-Auditing" Guid="{54849625-5478-4994-a5ba-3e3b0328c30d}" />
      <EventID>5136</EventID>
      <Version>0</Version>
      <Level>0</Level>
      <Task>14081</Task>
      <Opcode>0</Opcode>
      <Keywords>0x8020000000000000</Keywords>
      <TimeCreated SystemTime="2021-04-26T09:08:00.382386800Z" />
      <EventRecordID>138042990</EventRecordID>
      <Correlation ActivityID="{9816f041-2bbe-0000-53f0-1698be2bd701}" />
      <Execution ProcessID="548" ThreadID="3984" />
      <Channel>Security</Channel>
      <Computer>rootdc1.offsec.lan</Computer>
      <Security />
    </System>
    <EventData>
      <Data Name="OpCorrelationID">{8e7732ce-04b5-4359-9bdc-0337e83419b4}</Data>
      <Data Name="AppCorrelationID">-</Data>
      <Data Name="SubjectUserSid">S-1-5-21-4230534742-2542757381-3142984815-1111</Data>
      <Data Name="SubjectUserName">admmig</Data>
      <Data Name="SubjectDomainName">OFFSEC</Data>
      <Data Name="SubjectLogonId">0x2e15bba1</Data>
      <Data Name="DSName">offsec.lan</Data>
      <Data Name="DSType">%%14676</Data>
      <Data Name="ObjectDN">cn=MYTARGET-PC,OU=Test-OU,OU=OFFSEC-COMPANY,DC=offsec,DC=lan</Data>
      <Data Name="ObjectGUID">{7ef1a358-e3d8-4d68-906d-4c9389cad31a}</Data>
      <Data Name="ObjectClass">computer</Data>
      <Data Name="AttributeLDAPDisplayName">userAccountControl</Data>
      <Data Name="AttributeSyntaxOID">2.5.5.9</Data>
      <Data Name="AttributeValue">4128</Data>
      <Data Name="OperationType">%%14675</Data>
    </EventData>
  </Event>
  <Event xmlns="http://schemas.microsoft.com/win/2004/08/events/event">
    <System>
      <Provider Name="Microsoft-Windows-Security-Auditing" Guid="{54849625-5478-4994-a5ba-3e3b0328c30d}" />
      <EventID>5136</EventID>
      <Version>0</Version>
      <Level>0</Level>
      <Task>14081</Task>
      <Opcode>0</Opcode>
      <Keywords>0x8020000000000000</Keywords>
      <TimeCreated SystemTime="2021-04-26T09:08:00.382632000Z" />
      <EventRecordID>138042991</EventRecordID>
      <Correlation ActivityID="{9816f041-2bbe-0000-53f0-1698be2bd701}" />
      <Execution ProcessID="548" ThreadID="3984" />
      <Channel>Security</Channel>
      <Computer>rootdc1.offsec.lan</Computer>
      <Security />
    </System>
    <EventData>
      <Data Name="OpCorrelationID">{8e7732ce-04b5-4359-9bdc-0337e83419b4}</Data>
      <Data Name="AppCorrelationID">-</Data>
      <Data Name="SubjectUserSid">S-1-5-21-4230534742-2542757381-3142984815-1111</Data>
      <Data Name="SubjectUserName">admmig</Data>
      <Data Name="SubjectDomainName">OFFSEC</Data>
      <Data Name="SubjectLogonId">0x2e15bba1</Data>
      <Data Name="DSName">offsec.lan</Data>
      <Data Name="DSType">%%14676</Data>
      <Data Name="ObjectDN">cn=MYTARGET-PC,OU=Test-OU,OU=OFFSEC-COMPANY,DC=offsec,DC=lan</Data>
      <Data Name="ObjectGUID">{7ef1a358-e3d8-4d68-906d-4c9389cad31a}</Data>
      <Data Name="ObjectClass">computer</Data>
      <Data Name="AttributeLDAPDisplayName">userAccountControl</Data>
      <Data Name="AttributeSyntaxOID">2.5.5.9</Data>
      <Data Name="AttributeValue">16781344</Data>
      <Data Name="OperationType">%%14674</Data>
    </EventData>
  </Event>
  <Event xmlns="http://schemas.microsoft.com/win/2004/08/events/event">
    <System>
      <Provider Name="Microsoft-Windows-Security-Auditing" Guid="{54849625-5478-4994-a5ba-3e3b0328c30d}" />
      <EventID>5136</EventID>
      <Version>0</Version>
      <Level>0</Level>
      <Task>14081</Task>
      <Opcode>0</Opcode>
      <Keywords>0x8020000000000000</Keywords>
      <TimeCreated SystemTime="2021-04-26T09:08:00.382890600Z" />
      <EventRecordID>138042992</EventRecordID>
      <Correlation ActivityID="{9816f041-2bbe-0000-53f0-1698be2bd701}" />
      <Execution ProcessID="548" ThreadID="3984" />
      <Channel>Security</Channel>
      <Computer>rootdc1.offsec.lan</Computer>
      <Security />
    </System>
    <EventData>
      <Data Name="OpCorrelationID">{8e7732ce-04b5-4359-9bdc-0337e83419b4}</Data>
      <Data Name="AppCorrelationID">-</Data>
      <Data Name="SubjectUserSid">S-1-5-21-4230534742-2542757381-3142984815-1111</Data>
      <Data Name="SubjectUserName">admmig</Data>
      <Data Name="SubjectDomainName">OFFSEC</Data>
      <Data Name="SubjectLogonId">0x2e15bba1</Data>
      <Data Name="DSName">offsec.lan</Data>
      <Data Name="DSType">%%14676</Data>
      <Data Name="ObjectDN">cn=MYTARGET-PC,OU=Test-OU,OU=OFFSEC-COMPANY,DC=offsec,DC=lan</Data>
      <Data Name="ObjectGUID">{7ef1a358-e3d8-4d68-906d-4c9389cad31a}</Data>
      <Data Name="ObjectClass">computer</Data>
      <Data Name="AttributeLDAPDisplayName">msDS-AllowedToDelegateTo</Data>
      <Data Name="AttributeSyntaxOID">2.5.5.12</Data>
      <Data Name="AttributeValue">browser/ATANIDS01</Data>
      <Data Name="OperationType">%%14674</Data>
    </EventData>
  </Event>
  <Event xmlns="http://schemas.microsoft.com/win/2004/08/events/event">
    <System>
      <Provider Name="Microsoft-Windows-Security-Auditing" Guid="{54849625-5478-4994-a5ba-3e3b0328c30d}" />
      <EventID>5136</EventID>
      <Version>0</Version>
      <Level>0</Level>
      <Task>14081</Task>
      <Opcode>0</Opcode>
      <Keywords>0x8020000000000000</Keywords>
      <TimeCreated SystemTime="2021-04-26T09:08:00.383153900Z" />
      <EventRecordID>138042993</EventRecordID>
      <Correlation ActivityID="{9816f041-2bbe-0000-53f0-1698be2bd701}" />
      <Execution ProcessID="548" ThreadID="3984" />
      <Channel>Security</Channel>
      <Computer>rootdc1.offsec.lan</Computer>
      <Security />
    </System>
    <EventData>
      <Data Name="OpCorrelationID">{8e7732ce-04b5-4359-9bdc-0337e83419b4}</Data>
      <Data Name="AppCorrelationID">-</Data>
      <Data Name="SubjectUserSid">S-1-5-21-4230534742-2542757381-3142984815-1111</Data>
      <Data Name="SubjectUserName">admmig</Data>
      <Data Name="SubjectDomainName">OFFSEC</Data>
      <Data Name="SubjectLogonId">0x2e15bba1</Data>
      <Data Name="DSName">offsec.lan</Data>
      <Data Name="DSType">%%14676</Data>
      <Data Name="ObjectDN">cn=MYTARGET-PC,OU=Test-OU,OU=OFFSEC-COMPANY,DC=offsec,DC=lan</Data>
      <Data Name="ObjectGUID">{7ef1a358-e3d8-4d68-906d-4c9389cad31a}</Data>
      <Data Name="ObjectClass">computer</Data>
      <Data Name="AttributeLDAPDisplayName">msDS-AllowedToDelegateTo</Data>
      <Data Name="AttributeSyntaxOID">2.5.5.12</Data>
      <Data Name="AttributeValue">browser/atanids01.offsec.lan</Data>
      <Data Name="OperationType">%%14674</Data>
    </EventData>
  </Event>
  <Event xmlns="http://schemas.microsoft.com/win/2004/08/events/event">
    <System>
      <Provider Name="Microsoft-Windows-Security-Auditing" Guid="{54849625-5478-4994-a5ba-3e3b0328c30d}" />
      <EventID>5136</EventID>
      <Version>0</Version>
      <Level>0</Level>
      <Task>14081</Task>
      <Opcode>0</Opcode>
      <Keywords>0x8020000000000000</Keywords>
      <TimeCreated SystemTime="2021-04-26T09:08:00.383406000Z" />
      <EventRecordID>138042994</EventRecordID>
      <Correlation ActivityID="{9816f041-2bbe-0000-53f0-1698be2bd701}" />
      <Execution ProcessID="548" ThreadID="4624" />
      <Channel>Security</Channel>
      <Computer>rootdc1.offsec.lan</Computer>
      <Security />
    </System>
    <EventData>
      <Data Name="OpCorrelationID">{8e7732ce-04b5-4359-9bdc-0337e83419b4}</Data>
      <Data Name="AppCorrelationID">-</Data>
      <Data Name="SubjectUserSid">S-1-5-21-4230534742-2542757381-3142984815-1111</Data>
      <Data Name="SubjectUserName">admmig</Data>
      <Data Name="SubjectDomainName">OFFSEC</Data>
      <Data Name="SubjectLogonId">0x2e15bba1</Data>
      <Data Name="DSName">offsec.lan</Data>
      <Data Name="DSType">%%14676</Data>
      <Data Name="ObjectDN">cn=MYTARGET-PC,OU=Test-OU,OU=OFFSEC-COMPANY,DC=offsec,DC=lan</Data>
      <Data Name="ObjectGUID">{7ef1a358-e3d8-4d68-906d-4c9389cad31a}</Data>
      <Data Name="ObjectClass">computer</Data>
      <Data Name="AttributeLDAPDisplayName">msDS-AllowedToDelegateTo</Data>
      <Data Name="AttributeSyntaxOID">2.5.5.12</Data>
      <Data Name="AttributeValue">cifs/ATANIDS01</Data>
      <Data Name="OperationType">%%14674</Data>
    </EventData>
  </Event>
  <Event xmlns="http://schemas.microsoft.com/win/2004/08/events/event">
    <System>
      <Provider Name="Microsoft-Windows-Security-Auditing" Guid="{54849625-5478-4994-a5ba-3e3b0328c30d}" />
      <EventID>5136</EventID>
      <Version>0</Version>
      <Level>0</Level>
      <Task>14081</Task>
      <Opcode>0</Opcode>
      <Keywords>0x8020000000000000</Keywords>
      <TimeCreated SystemTime="2021-04-26T09:08:00.383640400Z" />
      <EventRecordID>138042995</EventRecordID>
      <Correlation ActivityID="{9816f041-2bbe-0000-53f0-1698be2bd701}" />
      <Execution ProcessID="548" ThreadID="4624" />
      <Channel>Security</Channel>
      <Computer>rootdc1.offsec.lan</Computer>
      <Security />
    </System>
    <EventData>
      <Data Name="OpCorrelationID">{8e7732ce-04b5-4359-9bdc-0337e83419b4}</Data>
      <Data Name="AppCorrelationID">-</Data>
      <Data Name="SubjectUserSid">S-1-5-21-4230534742-2542757381-3142984815-1111</Data>
      <Data Name="SubjectUserName">admmig</Data>
      <Data Name="SubjectDomainName">OFFSEC</Data>
      <Data Name="SubjectLogonId">0x2e15bba1</Data>
      <Data Name="DSName">offsec.lan</Data>
      <Data Name="DSType">%%14676</Data>
      <Data Name="ObjectDN">cn=MYTARGET-PC,OU=Test-OU,OU=OFFSEC-COMPANY,DC=offsec,DC=lan</Data>
      <Data Name="ObjectGUID">{7ef1a358-e3d8-4d68-906d-4c9389cad31a}</Data>
      <Data Name="ObjectClass">computer</Data>
      <Data Name="AttributeLDAPDisplayName">msDS-AllowedToDelegateTo</Data>
      <Data Name="AttributeSyntaxOID">2.5.5.12</Data>
      <Data Name="AttributeValue">cifs/atanids01.offsec.lan</Data>
      <Data Name="OperationType">%%14674</Data>
    </EventData>
  </Event>
  <Event xmlns="http://schemas.microsoft.com/win/2004/08/events/event">
    <System>
      <Provider Name="Microsoft-Windows-Security-Auditing" Guid="{54849625-5478-4994-a5ba-3e3b0328c30d}" />
      <EventID>5136</EventID>
      <Version>0</Version>
      <Level>0</Level>
      <Task>14081</Task>
      <Opcode>0</Opcode>
      <Keywords>0x8020000000000000</Keywords>
      <TimeCreated SystemTime="2021-04-26T09:08:00.383881800Z" />
      <EventRecordID>138042996</EventRecordID>
      <Correlation ActivityID="{9816f041-2bbe-0000-53f0-1698be2bd701}" />
      <Execution ProcessID="548" ThreadID="3984" />
      <Channel>Security</Channel>
      <Computer>rootdc1.offsec.lan</Computer>
      <Security />
    </System>
    <EventData>
      <Data Name="OpCorrelationID">{8e7732ce-04b5-4359-9bdc-0337e83419b4}</Data>
      <Data Name="AppCorrelationID">-</Data>
      <Data Name="SubjectUserSid">S-1-5-21-4230534742-2542757381-3142984815-1111</Data>
      <Data Name="SubjectUserName">admmig</Data>
      <Data Name="SubjectDomainName">OFFSEC</Data>
      <Data Name="SubjectLogonId">0x2e15bba1</Data>
      <Data Name="DSName">offsec.lan</Data>
      <Data Name="DSType">%%14676</Data>
      <Data Name="ObjectDN">cn=MYTARGET-PC,OU=Test-OU,OU=OFFSEC-COMPANY,DC=offsec,DC=lan</Data>
      <Data Name="ObjectGUID">{7ef1a358-e3d8-4d68-906d-4c9389cad31a}</Data>
      <Data Name="ObjectClass">computer</Data>
      <Data Name="AttributeLDAPDisplayName">msDS-AllowedToDelegateTo</Data>
      <Data Name="AttributeSyntaxOID">2.5.5.12</Data>
      <Data Name="AttributeValue">cisvc/ATANIDS01</Data>
      <Data Name="OperationType">%%14674</Data>
    </EventData>
  </Event>
  <Event xmlns="http://schemas.microsoft.com/win/2004/08/events/event">
    <System>
      <Provider Name="Microsoft-Windows-Security-Auditing" Guid="{54849625-5478-4994-a5ba-3e3b0328c30d}" />
      <EventID>5136</EventID>
      <Version>0</Version>
      <Level>0</Level>
      <Task>14081</Task>
      <Opcode>0</Opcode>
      <Keywords>0x8020000000000000</Keywords>
      <TimeCreated SystemTime="2021-04-26T09:08:00.384133900Z" />
      <EventRecordID>138042997</EventRecordID>
      <Correlation ActivityID="{9816f041-2bbe-0000-53f0-1698be2bd701}" />
      <Execution ProcessID="548" ThreadID="4624" />
      <Channel>Security</Channel>
      <Computer>rootdc1.offsec.lan</Computer>
      <Security />
    </System>
    <EventData>
      <Data Name="OpCorrelationID">{8e7732ce-04b5-4359-9bdc-0337e83419b4}</Data>
      <Data Name="AppCorrelationID">-</Data>
      <Data Name="SubjectUserSid">S-1-5-21-4230534742-2542757381-3142984815-1111</Data>
      <Data Name="SubjectUserName">admmig</Data>
      <Data Name="SubjectDomainName">OFFSEC</Data>
      <Data Name="SubjectLogonId">0x2e15bba1</Data>
      <Data Name="DSName">offsec.lan</Data>
      <Data Name="DSType">%%14676</Data>
      <Data Name="ObjectDN">cn=MYTARGET-PC,OU=Test-OU,OU=OFFSEC-COMPANY,DC=offsec,DC=lan</Data>
      <Data Name="ObjectGUID">{7ef1a358-e3d8-4d68-906d-4c9389cad31a}</Data>
      <Data Name="ObjectClass">computer</Data>
      <Data Name="AttributeLDAPDisplayName">msDS-AllowedToDelegateTo</Data>
      <Data Name="AttributeSyntaxOID">2.5.5.12</Data>
      <Data Name="AttributeValue">cisvc/atanids01.offsec.lan</Data>
      <Data Name="OperationType">%%14674</Data>
    </EventData>
  </Event>
</root>