<root>
  <Event xmlns="http://schemas.microsoft.com/win/2004/08/events/event">
    <System>
      <Provider Name="Microsoft-Windows-Security-Auditing" Guid="{54849625-5478-4994-a5ba-3e3b0328c30d}" />
      <EventID>4908</EventID>
      <Version>0</Version>
      <Level>0</Level>
      <Task>13568</Task>
      <Opcode>0</Opcode>
      <Keywords>0x8020000000000000</Keywords>
      <TimeCreated SystemTime="2020-07-12T06:01:51.798027200Z" />
      <EventRecordID>16088364</EventRecordID>
      <Correlation />
      <Execution ProcessID="528" ThreadID="548" />
      <Channel>Security</Channel>
      <Computer>rootdc1.offsec.lan</Computer>
      <Security />
    </System>
    <EventData>
      <Data Name="SidList">-</Data>
    </EventData>
  </Event>
  <Event xmlns="http://schemas.microsoft.com/win/2004/08/events/event">
    <System>
      <Provider Name="Microsoft-Windows-Security-Auditing" Guid="{54849625-5478-4994-a5ba-3e3b0328c30d}" />
      <EventID>4908</EventID>
      <Version>0</Version>
      <Level>0</Level>
      <Task>13568</Task>
      <Opcode>0</Opcode>
      <Keywords>0x8020000000000000</Keywords>
      <TimeCreated SystemTime="2020-07-12T06:01:51.807703200Z" />
      <EventRecordID>16088366</EventRecordID>
      <Correlation />
      <Execution ProcessID="528" ThreadID="548" />
      <Channel>Security</Channel>
      <Computer>rootdc1.offsec.lan</Computer>
      <Security />
    </System>
    <EventData>
      <Data Name="SidList">
		%{S-1-5-21-4230534742-2542757381-3142984815-1613}
		%{S-1-5-21-4230534742-2542757381-3142984815-1614}</Data>
    </EventData>
  </Event>
  <Event xmlns="http://schemas.microsoft.com/win/2004/08/events/event">
    <System>
      <Provider Name="Microsoft-Windows-Security-Auditing" Guid="{54849625-5478-4994-a5ba-3e3b0328c30d}" />
      <EventID>4908</EventID>
      <Version>0</Version>
      <Level>0</Level>
      <Task>13568</Task>
      <Opcode>0</Opcode>
      <Keywords>0x8020000000000000</Keywords>
      <TimeCreated SystemTime="2020-07-12T06:06:52.448685300Z" />
      <EventRecordID>16090216</EventRecordID>
      <Correlation />
      <Execution ProcessID="528" ThreadID="548" />
      <Channel>Security</Channel>
      <Computer>rootdc1.offsec.lan</Computer>
      <Security />
    </System>
    <EventData>
      <Data Name="SidList">-</Data>
    </EventData>
  </Event>
  <Event xmlns="http://schemas.microsoft.com/win/2004/08/events/event">
    <System>
      <Provider Name="Microsoft-Windows-Security-Auditing" Guid="{54849625-5478-4994-a5ba-3e3b0328c30d}" />
      <EventID>4908</EventID>
      <Version>0</Version>
      <Level>0</Level>
      <Task>13568</Task>
      <Opcode>0</Opcode>
      <Keywords>0x8020000000000000</Keywords>
      <TimeCreated SystemTime="2020-07-12T06:06:52.458316400Z" />
      <EventRecordID>16090218</EventRecordID>
      <Correlation />
      <Execution ProcessID="528" ThreadID="548" />
      <Channel>Security</Channel>
      <Computer>rootdc1.offsec.lan</Computer>
      <Security />
    </System>
    <EventData>
      <Data Name="SidList">
		%{S-1-5-21-4230534742-2542757381-3142984815-1613}
		%{S-1-5-21-4230534742-2542757381-3142984815-1614}
		%{S-1-5-21-4230534742-2542757381-3142984815-1615}</Data>
    </EventData>
  </Event>
</root>