<root>
  <Event xmlns="http://schemas.microsoft.com/win/2004/08/events/event">
    <System>
      <Provider Name="Microsoft-Windows-Security-Auditing" Guid="{54849625-5478-4994-a5ba-3e3b0328c30d}" />
      <EventID>4688</EventID>
      <Version>1</Version>
      <Level>0</Level>
      <Task>13312</Task>
      <Opcode>0</Opcode>
      <Keywords>0x8020000000000000</Keywords>
      <TimeCreated SystemTime="2021-12-07T14:54:22.071562500Z" />
      <EventRecordID>1101625</EventRecordID>
      <Correlation />
      <Execution ProcessID="4" ThreadID="4900" />
      <Channel>Security</Channel>
      <Computer>fs03vuln.offsec.lan</Computer>
      <Security />
    </System>
    <EventData>
      <Data Name="SubjectUserSid">S-1-5-21-4230534742-2542757381-3142984815-1111</Data>
      <Data Name="SubjectUserName">admmig</Data>
      <Data Name="SubjectDomainName">OFFSEC</Data>
      <Data Name="SubjectLogonId">0x83ef56</Data>
      <Data Name="NewProcessId">0xa0c</Data>
      <Data Name="NewProcessName">C:\Windows\System32\net.exe</Data>
      <Data Name="TokenElevationType">%%1937</Data>
      <Data Name="ProcessId">0x214</Data>
      <Data Name="CommandLine">net  user administrator</Data>
    </EventData>
  </Event>
  <Event xmlns="http://schemas.microsoft.com/win/2004/08/events/event">
    <System>
      <Provider Name="Microsoft-Windows-Security-Auditing" Guid="{54849625-5478-4994-a5ba-3e3b0328c30d}" />
      <EventID>4688</EventID>
      <Version>1</Version>
      <Level>0</Level>
      <Task>13312</Task>
      <Opcode>0</Opcode>
      <Keywords>0x8020000000000000</Keywords>
      <TimeCreated SystemTime="2021-12-07T14:54:22.071562500Z" />
      <EventRecordID>1101626</EventRecordID>
      <Correlation />
      <Execution ProcessID="4" ThreadID="4900" />
      <Channel>Security</Channel>
      <Computer>fs03vuln.offsec.lan</Computer>
      <Security />
    </System>
    <EventData>
      <Data Name="SubjectUserSid">S-1-5-21-4230534742-2542757381-3142984815-1111</Data>
      <Data Name="SubjectUserName">admmig</Data>
      <Data Name="SubjectDomainName">OFFSEC</Data>
      <Data Name="SubjectLogonId">0x83ef56</Data>
      <Data Name="NewProcessId">0xfa8</Data>
      <Data Name="NewProcessName">C:\Windows\System32\net1.exe</Data>
      <Data Name="TokenElevationType">%%1937</Data>
      <Data Name="ProcessId">0xa0c</Data>
      <Data Name="CommandLine">C:\Windows\system32\net1  user administrator</Data>
    </EventData>
  </Event>
  <Event xmlns="http://schemas.microsoft.com/win/2004/08/events/event">
    <System>
      <Provider Name="Microsoft-Windows-Security-Auditing" Guid="{54849625-5478-4994-a5ba-3e3b0328c30d}" />
      <EventID>4688</EventID>
      <Version>1</Version>
      <Level>0</Level>
      <Task>13312</Task>
      <Opcode>0</Opcode>
      <Keywords>0x8020000000000000</Keywords>
      <TimeCreated SystemTime="2021-12-07T14:54:25.699020100Z" />
      <EventRecordID>1101627</EventRecordID>
      <Correlation />
      <Execution ProcessID="4" ThreadID="4900" />
      <Channel>Security</Channel>
      <Computer>fs03vuln.offsec.lan</Computer>
      <Security />
    </System>
    <EventData>
      <Data Name="SubjectUserSid">S-1-5-21-4230534742-2542757381-3142984815-1111</Data>
      <Data Name="SubjectUserName">admmig</Data>
      <Data Name="SubjectDomainName">OFFSEC</Data>
      <Data Name="SubjectLogonId">0x83ef56</Data>
      <Data Name="NewProcessId">0x428</Data>
      <Data Name="NewProcessName">C:\Windows\System32\net.exe</Data>
      <Data Name="TokenElevationType">%%1937</Data>
      <Data Name="ProcessId">0x214</Data>
      <Data Name="CommandLine">net  user administrator /domain</Data>
    </EventData>
  </Event>
  <Event xmlns="http://schemas.microsoft.com/win/2004/08/events/event">
    <System>
      <Provider Name="Microsoft-Windows-Security-Auditing" Guid="{54849625-5478-4994-a5ba-3e3b0328c30d}" />
      <EventID>4688</EventID>
      <Version>1</Version>
      <Level>0</Level>
      <Task>13312</Task>
      <Opcode>0</Opcode>
      <Keywords>0x8020000000000000</Keywords>
      <TimeCreated SystemTime="2021-12-07T14:54:25.699020100Z" />
      <EventRecordID>1101628</EventRecordID>
      <Correlation />
      <Execution ProcessID="4" ThreadID="4900" />
      <Channel>Security</Channel>
      <Computer>fs03vuln.offsec.lan</Computer>
      <Security />
    </System>
    <EventData>
      <Data Name="SubjectUserSid">S-1-5-21-4230534742-2542757381-3142984815-1111</Data>
      <Data Name="SubjectUserName">admmig</Data>
      <Data Name="SubjectDomainName">OFFSEC</Data>
      <Data Name="SubjectLogonId">0x83ef56</Data>
      <Data Name="NewProcessId">0x1280</Data>
      <Data Name="NewProcessName">C:\Windows\System32\net1.exe</Data>
      <Data Name="TokenElevationType">%%1937</Data>
      <Data Name="ProcessId">0x428</Data>
      <Data Name="CommandLine">C:\Windows\system32\net1  user administrator /domain</Data>
    </EventData>
  </Event>
</root>