<Event xmlns="http://schemas.microsoft.com/win/2004/08/events/event">
    <System>
      <Provider Name="Microsoft-Windows-Security-Auditing" Guid="{54849625-5478-4994-A5BA-3E3B0328C30D}" />
      <EventID>4622</EventID>
      <Version>0</Version>
      <Level>0</Level>
      <Task>12289</Task>
      <Opcode>0</Opcode>
      <Keywords>0x8020000000000000</Keywords>
      <TimeCreated SystemTime="2021-09-29T10:08:35.770232000Z" />
      <EventRecordID>1945399</EventRecordID>
      <Correlation />
      <Execution ProcessID="592" ThreadID="596" />
      <Channel>Security</Channel>
      <Computer>webiis01.offsec.lan</Computer>
      <Security />
    </System>
    <EventData>
      <Data Name="SecurityPackageName">C:\Windows\system32\lsasrv.dll : Negotiate</Data>
    </EventData>
  </Event>
  <Event xmlns="http://schemas.microsoft.com/win/2004/08/events/event">
    <System>
      <Provider Name="Microsoft-Windows-Security-Auditing" Guid="{54849625-5478-4994-A5BA-3E3B0328C30D}" />
      <EventID>4622</EventID>
      <Version>0</Version>
      <Level>0</Level>
      <Task>12289</Task>
      <Opcode>0</Opcode>
      <Keywords>0x8020000000000000</Keywords>
      <TimeCreated SystemTime="2021-09-29T10:08:35.974986300Z" />
      <EventRecordID>1945400</EventRecordID>
      <Correlation />
      <Execution ProcessID="592" ThreadID="596" />
      <Channel>Security</Channel>
      <Computer>webiis01.offsec.lan</Computer>
      <Security />
    </System>
    <EventData>
      <Data Name="SecurityPackageName">C:\Windows\system32\negoexts.DLL : NegoExtender</Data>
    </EventData>
  </Event>
  <Event xmlns="http://schemas.microsoft.com/win/2004/08/events/event">
    <System>
      <Provider Name="Microsoft-Windows-Security-Auditing" Guid="{54849625-5478-4994-A5BA-3E3B0328C30D}" />
      <EventID>4622</EventID>
      <Version>0</Version>
      <Level>0</Level>
      <Task>12289</Task>
      <Opcode>0</Opcode>
      <Keywords>0x8020000000000000</Keywords>
      <TimeCreated SystemTime="2021-09-29T10:08:37.375880200Z" />
      <EventRecordID>1945401</EventRecordID>
      <Correlation />
      <Execution ProcessID="592" ThreadID="596" />
      <Channel>Security</Channel>
      <Computer>webiis01.offsec.lan</Computer>
      <Security />
    </System>
    <EventData>
      <Data Name="SecurityPackageName">C:\Windows\system32\kerberos.DLL : Kerberos</Data>
    </EventData>
  </Event>
  <Event xmlns="http://schemas.microsoft.com/win/2004/08/events/event">
    <System>
      <Provider Name="Microsoft-Windows-Security-Auditing" Guid="{54849625-5478-4994-A5BA-3E3B0328C30D}" />
      <EventID>4622</EventID>
      <Version>0</Version>
      <Level>0</Level>
      <Task>12289</Task>
      <Opcode>0</Opcode>
      <Keywords>0x8020000000000000</Keywords>
      <TimeCreated SystemTime="2021-09-29T10:08:39.398459900Z" />
      <EventRecordID>1945402</EventRecordID>
      <Correlation ActivityID="{C9FCB40E-B519-0000-1DB4-FCC919B5D701}" />
      <Execution ProcessID="592" ThreadID="596" />
      <Channel>Security</Channel>
      <Computer>webiis01.offsec.lan</Computer>
      <Security />
    </System>
    <EventData>
      <Data Name="SecurityPackageName">C:\Windows\system32\msv1_0.DLL : NTLM</Data>
    </EventData>
  </Event>
  <Event xmlns="http://schemas.microsoft.com/win/2004/08/events/event">
    <System>
      <Provider Name="Microsoft-Windows-Security-Auditing" Guid="{54849625-5478-4994-A5BA-3E3B0328C30D}" />
      <EventID>4622</EventID>
      <Version>0</Version>
      <Level>0</Level>
      <Task>12289</Task>
      <Opcode>0</Opcode>
      <Keywords>0x8020000000000000</Keywords>
      <TimeCreated SystemTime="2021-09-29T10:08:39.488356700Z" />
      <EventRecordID>1945403</EventRecordID>
      <Correlation ActivityID="{C9FCB40E-B519-0000-1DB4-FCC919B5D701}" />
      <Execution ProcessID="592" ThreadID="596" />
      <Channel>Security</Channel>
      <Computer>webiis01.offsec.lan</Computer>
      <Security />
    </System>
    <EventData>
      <Data Name="SecurityPackageName">C:\Windows\system32\tspkg.DLL : TSSSP</Data>
    </EventData>
  </Event>
  <Event xmlns="http://schemas.microsoft.com/win/2004/08/events/event">
    <System>
      <Provider Name="Microsoft-Windows-Security-Auditing" Guid="{54849625-5478-4994-A5BA-3E3B0328C30D}" />
      <EventID>4622</EventID>
      <Version>0</Version>
      <Level>0</Level>
      <Task>12289</Task>
      <Opcode>0</Opcode>
      <Keywords>0x8020000000000000</Keywords>
      <TimeCreated SystemTime="2021-09-29T10:08:39.717610600Z" />
      <EventRecordID>1945404</EventRecordID>
      <Correlation ActivityID="{C9FCB40E-B519-0000-1DB4-FCC919B5D701}" />
      <Execution ProcessID="592" ThreadID="596" />
      <Channel>Security</Channel>
      <Computer>webiis01.offsec.lan</Computer>
      <Security />
    </System>
    <EventData>
      <Data Name="SecurityPackageName">C:\Windows\system32\pku2u.DLL : pku2u</Data>
    </EventData>
  </Event>
  <Event xmlns="http://schemas.microsoft.com/win/2004/08/events/event">
    <System>
      <Provider Name="Microsoft-Windows-Security-Auditing" Guid="{54849625-5478-4994-A5BA-3E3B0328C30D}" />
      <EventID>4622</EventID>
      <Version>0</Version>
      <Level>0</Level>
      <Task>12289</Task>
      <Opcode>0</Opcode>
      <Keywords>0x8020000000000000</Keywords>
      <TimeCreated SystemTime="2021-09-29T10:08:43.339502800Z" />
      <EventRecordID>1945405</EventRecordID>
      <Correlation ActivityID="{C9FCB40E-B519-0000-1DB4-FCC919B5D701}" />
      <Execution ProcessID="592" ThreadID="596" />
      <Channel>Security</Channel>
      <Computer>webiis01.offsec.lan</Computer>
      <Security />
    </System>
    <EventData>
      <Data Name="SecurityPackageName">C:\Windows\system32\cloudAP.DLL : CloudAP</Data>
    </EventData>
  </Event>
  <Event xmlns="http://schemas.microsoft.com/win/2004/08/events/event">
    <System>
      <Provider Name="Microsoft-Windows-Security-Auditing" Guid="{54849625-5478-4994-A5BA-3E3B0328C30D}" />
      <EventID>4622</EventID>
      <Version>0</Version>
      <Level>0</Level>
      <Task>12289</Task>
      <Opcode>0</Opcode>
      <Keywords>0x8020000000000000</Keywords>
      <TimeCreated SystemTime="2021-09-29T10:08:43.802268100Z" />
      <EventRecordID>1945406</EventRecordID>
      <Correlation ActivityID="{C9FCB40E-B519-0000-1DB4-FCC919B5D701}" />
      <Execution ProcessID="592" ThreadID="596" />
      <Channel>Security</Channel>
      <Computer>webiis01.offsec.lan</Computer>
      <Security />
    </System>
    <EventData>
      <Data Name="SecurityPackageName">C:\Windows\system32\wdigest.DLL : WDigest</Data>
    </EventData>
  </Event>
  <Event xmlns="http://schemas.microsoft.com/win/2004/08/events/event">
    <System>
      <Provider Name="Microsoft-Windows-Security-Auditing" Guid="{54849625-5478-4994-A5BA-3E3B0328C30D}" />
      <EventID>4622</EventID>
      <Version>0</Version>
      <Level>0</Level>
      <Task>12289</Task>
      <Opcode>0</Opcode>
      <Keywords>0x8020000000000000</Keywords>
      <TimeCreated SystemTime="2021-09-29T10:08:44.186904400Z" />
      <EventRecordID>1945407</EventRecordID>
      <Correlation ActivityID="{C9FCB40E-B519-0000-1DB4-FCC919B5D701}" />
      <Execution ProcessID="592" ThreadID="596" />
      <Channel>Security</Channel>
      <Computer>webiis01.offsec.lan</Computer>
      <Security />
    </System>
    <EventData>
      <Data Name="SecurityPackageName">C:\Windows\system32\schannel.DLL : Schannel</Data>
    </EventData>
  </Event>
  <Event xmlns="http://schemas.microsoft.com/win/2004/08/events/event">
    <System>
      <Provider Name="Microsoft-Windows-Security-Auditing" Guid="{54849625-5478-4994-A5BA-3E3B0328C30D}" />
      <EventID>4622</EventID>
      <Version>0</Version>
      <Level>0</Level>
      <Task>12289</Task>
      <Opcode>0</Opcode>
      <Keywords>0x8020000000000000</Keywords>
      <TimeCreated SystemTime="2021-09-29T10:08:44.186924900Z" />
      <EventRecordID>1945408</EventRecordID>
      <Correlation ActivityID="{C9FCB40E-B519-0000-1DB4-FCC919B5D701}" />
      <Execution ProcessID="592" ThreadID="596" />
      <Channel>Security</Channel>
      <Computer>webiis01.offsec.lan</Computer>
      <Security />
    </System>
    <EventData>
      <Data Name="SecurityPackageName">C:\Windows\system32\schannel.DLL : Microsoft Unified Security Protocol Provider</Data>
    </EventData>
  </Event>
  <Event xmlns="http://schemas.microsoft.com/win/2004/08/events/event">
    <System>
      <Provider Name="Microsoft-Windows-Security-Auditing" Guid="{54849625-5478-4994-A5BA-3E3B0328C30D}" />
      <EventID>4622</EventID>
      <Version>0</Version>
      <Level>0</Level>
      <Task>12289</Task>
      <Opcode>0</Opcode>
      <Keywords>0x8020000000000000</Keywords>
      <TimeCreated SystemTime="2021-09-29T10:11:01.511802700Z" />
      <EventRecordID>16236972</EventRecordID>
      <Correlation />
      <Execution ProcessID="572" ThreadID="576" />
      <Channel>Security</Channel>
      <Computer>atanids01.offsec.lan</Computer>
      <Security />
    </System>
    <EventData>
      <Data Name="SecurityPackageName">C:\Windows\system32\lsasrv.dll : Negotiate</Data>
    </EventData>
  </Event>
  <Event xmlns="http://schemas.microsoft.com/win/2004/08/events/event">
    <System>
      <Provider Name="Microsoft-Windows-Security-Auditing" Guid="{54849625-5478-4994-A5BA-3E3B0328C30D}" />
      <EventID>4622</EventID>
      <Version>0</Version>
      <Level>0</Level>
      <Task>12289</Task>
      <Opcode>0</Opcode>
      <Keywords>0x8020000000000000</Keywords>
      <TimeCreated SystemTime="2021-09-29T10:11:01.599813400Z" />
      <EventRecordID>16236973</EventRecordID>
      <Correlation />
      <Execution ProcessID="572" ThreadID="576" />
      <Channel>Security</Channel>
      <Computer>atanids01.offsec.lan</Computer>
      <Security />
    </System>
    <EventData>
      <Data Name="SecurityPackageName">C:\Windows\system32\negoexts.DLL : NegoExtender</Data>
    </EventData>
  </Event>
  <Event xmlns="http://schemas.microsoft.com/win/2004/08/events/event">
    <System>
      <Provider Name="Microsoft-Windows-Security-Auditing" Guid="{54849625-5478-4994-A5BA-3E3B0328C30D}" />
      <EventID>4622</EventID>
      <Version>0</Version>
      <Level>0</Level>
      <Task>12289</Task>
      <Opcode>0</Opcode>
      <Keywords>0x8020000000000000</Keywords>
      <TimeCreated SystemTime="2021-09-29T10:11:02.999511600Z" />
      <EventRecordID>16236974</EventRecordID>
      <Correlation />
      <Execution ProcessID="572" ThreadID="576" />
      <Channel>Security</Channel>
      <Computer>atanids01.offsec.lan</Computer>
      <Security />
    </System>
    <EventData>
      <Data Name="SecurityPackageName">C:\Windows\system32\kerberos.DLL : Kerberos</Data>
    </EventData>
  </Event>
  <Event xmlns="http://schemas.microsoft.com/win/2004/08/events/event">
    <System>
      <Provider Name="Microsoft-Windows-Security-Auditing" Guid="{54849625-5478-4994-A5BA-3E3B0328C30D}" />
      <EventID>4622</EventID>
      <Version>0</Version>
      <Level>0</Level>
      <Task>12289</Task>
      <Opcode>0</Opcode>
      <Keywords>0x8020000000000000</Keywords>
      <TimeCreated SystemTime="2021-09-29T10:11:05.274729300Z" />
      <EventRecordID>16236975</EventRecordID>
      <Correlation ActivityID="{32C4961F-B51A-0001-3996-C4321AB5D701}" />
      <Execution ProcessID="572" ThreadID="576" />
      <Channel>Security</Channel>
      <Computer>atanids01.offsec.lan</Computer>
      <Security />
    </System>
    <EventData>
      <Data Name="SecurityPackageName">C:\Windows\system32\msv1_0.DLL : NTLM</Data>
    </EventData>
  </Event>
  <Event xmlns="http://schemas.microsoft.com/win/2004/08/events/event">
    <System>
      <Provider Name="Microsoft-Windows-Security-Auditing" Guid="{54849625-5478-4994-A5BA-3E3B0328C30D}" />
      <EventID>4622</EventID>
      <Version>0</Version>
      <Level>0</Level>
      <Task>12289</Task>
      <Opcode>0</Opcode>
      <Keywords>0x8020000000000000</Keywords>
      <TimeCreated SystemTime="2021-09-29T10:11:05.334328500Z" />
      <EventRecordID>16236976</EventRecordID>
      <Correlation ActivityID="{32C4961F-B51A-0001-3996-C4321AB5D701}" />
      <Execution ProcessID="572" ThreadID="576" />
      <Channel>Security</Channel>
      <Computer>atanids01.offsec.lan</Computer>
      <Security />
    </System>
    <EventData>
      <Data Name="SecurityPackageName">C:\Windows\system32\tspkg.DLL : TSSSP</Data>
    </EventData>
  </Event>
  <Event xmlns="http://schemas.microsoft.com/win/2004/08/events/event">
    <System>
      <Provider Name="Microsoft-Windows-Security-Auditing" Guid="{54849625-5478-4994-A5BA-3E3B0328C30D}" />
      <EventID>4622</EventID>
      <Version>0</Version>
      <Level>0</Level>
      <Task>12289</Task>
      <Opcode>0</Opcode>
      <Keywords>0x8020000000000000</Keywords>
      <TimeCreated SystemTime="2021-09-29T10:11:05.690251200Z" />
      <EventRecordID>16236977</EventRecordID>
      <Correlation ActivityID="{32C4961F-B51A-0001-3996-C4321AB5D701}" />
      <Execution ProcessID="572" ThreadID="576" />
      <Channel>Security</Channel>
      <Computer>atanids01.offsec.lan</Computer>
      <Security />
    </System>
    <EventData>
      <Data Name="SecurityPackageName">C:\Windows\system32\pku2u.DLL : pku2u</Data>
    </EventData>
  </Event>
  <Event xmlns="http://schemas.microsoft.com/win/2004/08/events/event">
    <System>
      <Provider Name="Microsoft-Windows-Security-Auditing" Guid="{54849625-5478-4994-A5BA-3E3B0328C30D}" />
      <EventID>4622</EventID>
      <Version>0</Version>
      <Level>0</Level>
      <Task>12289</Task>
      <Opcode>0</Opcode>
      <Keywords>0x8020000000000000</Keywords>
      <TimeCreated SystemTime="2021-09-29T10:11:10.308930000Z" />
      <EventRecordID>16236978</EventRecordID>
      <Correlation ActivityID="{32C4961F-B51A-0001-3996-C4321AB5D701}" />
      <Execution ProcessID="572" ThreadID="576" />
      <Channel>Security</Channel>
      <Computer>atanids01.offsec.lan</Computer>
      <Security />
    </System>
    <EventData>
      <Data Name="SecurityPackageName">C:\Windows\system32\cloudAP.DLL : CloudAP</Data>
    </EventData>
  </Event>
  <Event xmlns="http://schemas.microsoft.com/win/2004/08/events/event">
    <System>
      <Provider Name="Microsoft-Windows-Security-Auditing" Guid="{54849625-5478-4994-A5BA-3E3B0328C30D}" />
      <EventID>4622</EventID>
      <Version>0</Version>
      <Level>0</Level>
      <Task>12289</Task>
      <Opcode>0</Opcode>
      <Keywords>0x8020000000000000</Keywords>
      <TimeCreated SystemTime="2021-09-29T10:11:10.712934300Z" />
      <EventRecordID>16236979</EventRecordID>
      <Correlation ActivityID="{32C4961F-B51A-0001-3996-C4321AB5D701}" />
      <Execution ProcessID="572" ThreadID="576" />
      <Channel>Security</Channel>
      <Computer>atanids01.offsec.lan</Computer>
      <Security />
    </System>
    <EventData>
      <Data Name="SecurityPackageName">C:\Windows\system32\wdigest.DLL : WDigest</Data>
    </EventData>
  </Event>
  <Event xmlns="http://schemas.microsoft.com/win/2004/08/events/event">
    <System>
      <Provider Name="Microsoft-Windows-Security-Auditing" Guid="{54849625-5478-4994-A5BA-3E3B0328C30D}" />
      <EventID>4622</EventID>
      <Version>0</Version>
      <Level>0</Level>
      <Task>12289</Task>
      <Opcode>0</Opcode>
      <Keywords>0x8020000000000000</Keywords>
      <TimeCreated SystemTime="2021-09-29T10:11:10.911709100Z" />
      <EventRecordID>16236980</EventRecordID>
      <Correlation ActivityID="{32C4961F-B51A-0001-3996-C4321AB5D701}" />
      <Execution ProcessID="572" ThreadID="576" />
      <Channel>Security</Channel>
      <Computer>atanids01.offsec.lan</Computer>
      <Security />
    </System>
    <EventData>
      <Data Name="SecurityPackageName">C:\Windows\system32\schannel.DLL : Schannel</Data>
    </EventData>
  </Event>
  <Event xmlns="http://schemas.microsoft.com/win/2004/08/events/event">
    <System>
      <Provider Name="Microsoft-Windows-Security-Auditing" Guid="{54849625-5478-4994-A5BA-3E3B0328C30D}" />
      <EventID>4622</EventID>
      <Version>0</Version>
      <Level>0</Level>
      <Task>12289</Task>
      <Opcode>0</Opcode>
      <Keywords>0x8020000000000000</Keywords>
      <TimeCreated SystemTime="2021-09-29T10:11:10.911744500Z" />
      <EventRecordID>16236981</EventRecordID>
      <Correlation ActivityID="{32C4961F-B51A-0001-3996-C4321AB5D701}" />
      <Execution ProcessID="572" ThreadID="576" />
      <Channel>Security</Channel>
      <Computer>atanids01.offsec.lan</Computer>
      <Security />
    </System>
    <EventData>
      <Data Name="SecurityPackageName">C:\Windows\system32\schannel.DLL : Microsoft Unified Security Protocol Provider</Data>
    </EventData>
  </Event>
  <Event xmlns="http://schemas.microsoft.com/win/2004/08/events/event">
    <System>
      <Provider Name="Microsoft-Windows-Security-Auditing" Guid="{54849625-5478-4994-A5BA-3E3B0328C30D}" />
      <EventID>4622</EventID>
      <Version>0</Version>
      <Level>0</Level>
      <Task>12289</Task>
      <Opcode>0</Opcode>
      <Keywords>0x8020000000000000</Keywords>
      <TimeCreated SystemTime="2021-09-29T10:13:12.173057400Z" />
      <EventRecordID>2232944</EventRecordID>
      <Correlation />
      <Execution ProcessID="584" ThreadID="588" />
      <Channel>Security</Channel>
      <Computer>pki01.offsec.lan</Computer>
      <Security />
    </System>
    <EventData>
      <Data Name="SecurityPackageName">C:\Windows\system32\lsasrv.dll : Negotiate</Data>
    </EventData>
  </Event>
  <Event xmlns="http://schemas.microsoft.com/win/2004/08/events/event">
    <System>
      <Provider Name="Microsoft-Windows-Security-Auditing" Guid="{54849625-5478-4994-A5BA-3E3B0328C30D}" />
      <EventID>4622</EventID>
      <Version>0</Version>
      <Level>0</Level>
      <Task>12289</Task>
      <Opcode>0</Opcode>
      <Keywords>0x8020000000000000</Keywords>
      <TimeCreated SystemTime="2021-09-29T10:13:12.272004700Z" />
      <EventRecordID>2232945</EventRecordID>
      <Correlation />
      <Execution ProcessID="584" ThreadID="588" />
      <Channel>Security</Channel>
      <Computer>pki01.offsec.lan</Computer>
      <Security />
    </System>
    <EventData>
      <Data Name="SecurityPackageName">C:\Windows\system32\negoexts.DLL : NegoExtender</Data>
    </EventData>
  </Event>
  <Event xmlns="http://schemas.microsoft.com/win/2004/08/events/event">
    <System>
      <Provider Name="Microsoft-Windows-Security-Auditing" Guid="{54849625-5478-4994-A5BA-3E3B0328C30D}" />
      <EventID>4622</EventID>
      <Version>0</Version>
      <Level>0</Level>
      <Task>12289</Task>
      <Opcode>0</Opcode>
      <Keywords>0x8020000000000000</Keywords>
      <TimeCreated SystemTime="2021-09-29T10:13:13.726413300Z" />
      <EventRecordID>2232946</EventRecordID>
      <Correlation />
      <Execution ProcessID="584" ThreadID="588" />
      <Channel>Security</Channel>
      <Computer>pki01.offsec.lan</Computer>
      <Security />
    </System>
    <EventData>
      <Data Name="SecurityPackageName">C:\Windows\system32\kerberos.DLL : Kerberos</Data>
    </EventData>
  </Event>
  <Event xmlns="http://schemas.microsoft.com/win/2004/08/events/event">
    <System>
      <Provider Name="Microsoft-Windows-Security-Auditing" Guid="{54849625-5478-4994-A5BA-3E3B0328C30D}" />
      <EventID>4622</EventID>
      <Version>0</Version>
      <Level>0</Level>
      <Task>12289</Task>
      <Opcode>0</Opcode>
      <Keywords>0x8020000000000000</Keywords>
      <TimeCreated SystemTime="2021-09-29T10:13:18.059671400Z" />
      <EventRecordID>2232947</EventRecordID>
      <Correlation ActivityID="{7DE1A334-B51A-0000-43A3-E17D1AB5D701}" />
      <Execution ProcessID="584" ThreadID="588" />
      <Channel>Security</Channel>
      <Computer>pki01.offsec.lan</Computer>
      <Security />
    </System>
    <EventData>
      <Data Name="SecurityPackageName">C:\Windows\system32\msv1_0.DLL : NTLM</Data>
    </EventData>
  </Event>
  <Event xmlns="http://schemas.microsoft.com/win/2004/08/events/event">
    <System>
      <Provider Name="Microsoft-Windows-Security-Auditing" Guid="{54849625-5478-4994-A5BA-3E3B0328C30D}" />
      <EventID>4622</EventID>
      <Version>0</Version>
      <Level>0</Level>
      <Task>12289</Task>
      <Opcode>0</Opcode>
      <Keywords>0x8020000000000000</Keywords>
      <TimeCreated SystemTime="2021-09-29T10:13:18.159278500Z" />
      <EventRecordID>2232948</EventRecordID>
      <Correlation ActivityID="{7DE1A334-B51A-0000-43A3-E17D1AB5D701}" />
      <Execution ProcessID="584" ThreadID="588" />
      <Channel>Security</Channel>
      <Computer>pki01.offsec.lan</Computer>
      <Security />
    </System>
    <EventData>
      <Data Name="SecurityPackageName">C:\Windows\system32\tspkg.DLL : TSSSP</Data>
    </EventData>
  </Event>
  <Event xmlns="http://schemas.microsoft.com/win/2004/08/events/event">
    <System>
      <Provider Name="Microsoft-Windows-Security-Auditing" Guid="{54849625-5478-4994-A5BA-3E3B0328C30D}" />
      <EventID>4622</EventID>
      <Version>0</Version>
      <Level>0</Level>
      <Task>12289</Task>
      <Opcode>0</Opcode>
      <Keywords>0x8020000000000000</Keywords>
      <TimeCreated SystemTime="2021-09-29T10:13:18.595846000Z" />
      <EventRecordID>2232949</EventRecordID>
      <Correlation ActivityID="{7DE1A334-B51A-0000-43A3-E17D1AB5D701}" />
      <Execution ProcessID="584" ThreadID="588" />
      <Channel>Security</Channel>
      <Computer>pki01.offsec.lan</Computer>
      <Security />
    </System>
    <EventData>
      <Data Name="SecurityPackageName">C:\Windows\system32\pku2u.DLL : pku2u</Data>
    </EventData>
  </Event>
  <Event xmlns="http://schemas.microsoft.com/win/2004/08/events/event">
    <System>
      <Provider Name="Microsoft-Windows-Security-Auditing" Guid="{54849625-5478-4994-A5BA-3E3B0328C30D}" />
      <EventID>4622</EventID>
      <Version>0</Version>
      <Level>0</Level>
      <Task>12289</Task>
      <Opcode>0</Opcode>
      <Keywords>0x8020000000000000</Keywords>
      <TimeCreated SystemTime="2021-09-29T10:13:25.800283000Z" />
      <EventRecordID>2232950</EventRecordID>
      <Correlation ActivityID="{7DE1A334-B51A-0000-43A3-E17D1AB5D701}" />
      <Execution ProcessID="584" ThreadID="588" />
      <Channel>Security</Channel>
      <Computer>pki01.offsec.lan</Computer>
      <Security />
    </System>
    <EventData>
      <Data Name="SecurityPackageName">C:\Windows\system32\cloudAP.DLL : CloudAP</Data>
    </EventData>
  </Event>
  <Event xmlns="http://schemas.microsoft.com/win/2004/08/events/event">
    <System>
      <Provider Name="Microsoft-Windows-Security-Auditing" Guid="{54849625-5478-4994-A5BA-3E3B0328C30D}" />
      <EventID>4622</EventID>
      <Version>0</Version>
      <Level>0</Level>
      <Task>12289</Task>
      <Opcode>0</Opcode>
      <Keywords>0x8020000000000000</Keywords>
      <TimeCreated SystemTime="2021-09-29T10:13:26.182497500Z" />
      <EventRecordID>2232951</EventRecordID>
      <Correlation ActivityID="{7DE1A334-B51A-0000-43A3-E17D1AB5D701}" />
      <Execution ProcessID="584" ThreadID="588" />
      <Channel>Security</Channel>
      <Computer>pki01.offsec.lan</Computer>
      <Security />
    </System>
    <EventData>
      <Data Name="SecurityPackageName">C:\Windows\system32\wdigest.DLL : WDigest</Data>
    </EventData>
  </Event>
  <Event xmlns="http://schemas.microsoft.com/win/2004/08/events/event">
    <System>
      <Provider Name="Microsoft-Windows-Security-Auditing" Guid="{54849625-5478-4994-A5BA-3E3B0328C30D}" />
      <EventID>4622</EventID>
      <Version>0</Version>
      <Level>0</Level>
      <Task>12289</Task>
      <Opcode>0</Opcode>
      <Keywords>0x8020000000000000</Keywords>
      <TimeCreated SystemTime="2021-09-29T10:13:26.804347900Z" />
      <EventRecordID>2232952</EventRecordID>
      <Correlation ActivityID="{7DE1A334-B51A-0000-43A3-E17D1AB5D701}" />
      <Execution ProcessID="584" ThreadID="588" />
      <Channel>Security</Channel>
      <Computer>pki01.offsec.lan</Computer>
      <Security />
    </System>
    <EventData>
      <Data Name="SecurityPackageName">C:\Windows\system32\schannel.DLL : Schannel</Data>
    </EventData>
  </Event>
  <Event xmlns="http://schemas.microsoft.com/win/2004/08/events/event">
    <System>
      <Provider Name="Microsoft-Windows-Security-Auditing" Guid="{54849625-5478-4994-A5BA-3E3B0328C30D}" />
      <EventID>4622</EventID>
      <Version>0</Version>
      <Level>0</Level>
      <Task>12289</Task>
      <Opcode>0</Opcode>
      <Keywords>0x8020000000000000</Keywords>
      <TimeCreated SystemTime="2021-09-29T10:13:26.804373000Z" />
      <EventRecordID>2232953</EventRecordID>
      <Correlation ActivityID="{7DE1A334-B51A-0000-43A3-E17D1AB5D701}" />
      <Execution ProcessID="584" ThreadID="588" />
      <Channel>Security</Channel>
      <Computer>pki01.offsec.lan</Computer>
      <Security />
    </System>
    <EventData>
      <Data Name="SecurityPackageName">C:\Windows\system32\schannel.DLL : Microsoft Unified Security Protocol Provider</Data>
    </EventData>
  </Event>
  <Event xmlns="http://schemas.microsoft.com/win/2004/08/events/event">
    <System>
      <Provider Name="Microsoft-Windows-Security-Auditing" Guid="{54849625-5478-4994-A5BA-3E3B0328C30D}" />
      <EventID>4622</EventID>
      <Version>0</Version>
      <Level>0</Level>
      <Task>12289</Task>
      <Opcode>0</Opcode>
      <Keywords>0x8020000000000000</Keywords>
      <TimeCreated SystemTime="2021-09-29T10:15:37.225348000Z" />
      <EventRecordID>1948100</EventRecordID>
      <Correlation />
      <Execution ProcessID="596" ThreadID="600" />
      <Channel>Security</Channel>
      <Computer>webiis01.offsec.lan</Computer>
      <Security />
    </System>
    <EventData>
      <Data Name="SecurityPackageName">C:\Windows\system32\lsasrv.dll : Negotiate</Data>
    </EventData>
  </Event>
  <Event xmlns="http://schemas.microsoft.com/win/2004/08/events/event">
    <System>
      <Provider Name="Microsoft-Windows-Security-Auditing" Guid="{54849625-5478-4994-A5BA-3E3B0328C30D}" />
      <EventID>4622</EventID>
      <Version>0</Version>
      <Level>0</Level>
      <Task>12289</Task>
      <Opcode>0</Opcode>
      <Keywords>0x8020000000000000</Keywords>
      <TimeCreated SystemTime="2021-09-29T10:15:37.451129300Z" />
      <EventRecordID>1948101</EventRecordID>
      <Correlation />
      <Execution ProcessID="596" ThreadID="600" />
      <Channel>Security</Channel>
      <Computer>webiis01.offsec.lan</Computer>
      <Security />
    </System>
    <EventData>
      <Data Name="SecurityPackageName">C:\Windows\system32\negoexts.DLL : NegoExtender</Data>
    </EventData>
  </Event>
  <Event xmlns="http://schemas.microsoft.com/win/2004/08/events/event">
    <System>
      <Provider Name="Microsoft-Windows-Security-Auditing" Guid="{54849625-5478-4994-A5BA-3E3B0328C30D}" />
      <EventID>4622</EventID>
      <Version>0</Version>
      <Level>0</Level>
      <Task>12289</Task>
      <Opcode>0</Opcode>
      <Keywords>0x8020000000000000</Keywords>
      <TimeCreated SystemTime="2021-09-29T10:15:39.091352000Z" />
      <EventRecordID>1948102</EventRecordID>
      <Correlation />
      <Execution ProcessID="596" ThreadID="600" />
      <Channel>Security</Channel>
      <Computer>webiis01.offsec.lan</Computer>
      <Security />
    </System>
    <EventData>
      <Data Name="SecurityPackageName">C:\Windows\system32\kerberos.DLL : Kerberos</Data>
    </EventData>
  </Event>
  <Event xmlns="http://schemas.microsoft.com/win/2004/08/events/event">
    <System>
      <Provider Name="Microsoft-Windows-Security-Auditing" Guid="{54849625-5478-4994-A5BA-3E3B0328C30D}" />
      <EventID>4622</EventID>
      <Version>0</Version>
      <Level>0</Level>
      <Task>12289</Task>
      <Opcode>0</Opcode>
      <Keywords>0x8020000000000000</Keywords>
      <TimeCreated SystemTime="2021-09-29T10:15:41.734480600Z" />
      <EventRecordID>1948103</EventRecordID>
      <Correlation ActivityID="{CBF3ACF3-B51A-0000-06AD-F3CB1AB5D701}" />
      <Execution ProcessID="596" ThreadID="600" />
      <Channel>Security</Channel>
      <Computer>webiis01.offsec.lan</Computer>
      <Security />
    </System>
    <EventData>
      <Data Name="SecurityPackageName">C:\Windows\system32\msv1_0.DLL : NTLM</Data>
    </EventData>
  </Event>
  <Event xmlns="http://schemas.microsoft.com/win/2004/08/events/event">
    <System>
      <Provider Name="Microsoft-Windows-Security-Auditing" Guid="{54849625-5478-4994-A5BA-3E3B0328C30D}" />
      <EventID>4622</EventID>
      <Version>0</Version>
      <Level>0</Level>
      <Task>12289</Task>
      <Opcode>0</Opcode>
      <Keywords>0x8020000000000000</Keywords>
      <TimeCreated SystemTime="2021-09-29T10:15:41.812123500Z" />
      <EventRecordID>1948104</EventRecordID>
      <Correlation ActivityID="{CBF3ACF3-B51A-0000-06AD-F3CB1AB5D701}" />
      <Execution ProcessID="596" ThreadID="600" />
      <Channel>Security</Channel>
      <Computer>webiis01.offsec.lan</Computer>
      <Security />
    </System>
    <EventData>
      <Data Name="SecurityPackageName">C:\Windows\system32\tspkg.DLL : TSSSP</Data>
    </EventData>
  </Event>
  <Event xmlns="http://schemas.microsoft.com/win/2004/08/events/event">
    <System>
      <Provider Name="Microsoft-Windows-Security-Auditing" Guid="{54849625-5478-4994-A5BA-3E3B0328C30D}" />
      <EventID>4622</EventID>
      <Version>0</Version>
      <Level>0</Level>
      <Task>12289</Task>
      <Opcode>0</Opcode>
      <Keywords>0x8020000000000000</Keywords>
      <TimeCreated SystemTime="2021-09-29T10:15:41.977716100Z" />
      <EventRecordID>1948105</EventRecordID>
      <Correlation ActivityID="{CBF3ACF3-B51A-0000-06AD-F3CB1AB5D701}" />
      <Execution ProcessID="596" ThreadID="600" />
      <Channel>Security</Channel>
      <Computer>webiis01.offsec.lan</Computer>
      <Security />
    </System>
    <EventData>
      <Data Name="SecurityPackageName">C:\Windows\system32\pku2u.DLL : pku2u</Data>
    </EventData>
  </Event>
  <Event xmlns="http://schemas.microsoft.com/win/2004/08/events/event">
    <System>
      <Provider Name="Microsoft-Windows-Security-Auditing" Guid="{54849625-5478-4994-A5BA-3E3B0328C30D}" />
      <EventID>4622</EventID>
      <Version>0</Version>
      <Level>0</Level>
      <Task>12289</Task>
      <Opcode>0</Opcode>
      <Keywords>0x8020000000000000</Keywords>
      <TimeCreated SystemTime="2021-09-29T10:15:48.374271600Z" />
      <EventRecordID>1948106</EventRecordID>
      <Correlation ActivityID="{CBF3ACF3-B51A-0000-06AD-F3CB1AB5D701}" />
      <Execution ProcessID="596" ThreadID="600" />
      <Channel>Security</Channel>
      <Computer>webiis01.offsec.lan</Computer>
      <Security />
    </System>
    <EventData>
      <Data Name="SecurityPackageName">C:\Windows\system32\cloudAP.DLL : CloudAP</Data>
    </EventData>
  </Event>
  <Event xmlns="http://schemas.microsoft.com/win/2004/08/events/event">
    <System>
      <Provider Name="Microsoft-Windows-Security-Auditing" Guid="{54849625-5478-4994-A5BA-3E3B0328C30D}" />
      <EventID>4622</EventID>
      <Version>0</Version>
      <Level>0</Level>
      <Task>12289</Task>
      <Opcode>0</Opcode>
      <Keywords>0x8020000000000000</Keywords>
      <TimeCreated SystemTime="2021-09-29T10:15:51.540547500Z" />
      <EventRecordID>1948107</EventRecordID>
      <Correlation ActivityID="{CBF3ACF3-B51A-0000-06AD-F3CB1AB5D701}" />
      <Execution ProcessID="596" ThreadID="600" />
      <Channel>Security</Channel>
      <Computer>webiis01.offsec.lan</Computer>
      <Security />
    </System>
    <EventData>
      <Data Name="SecurityPackageName">C:\Windows\system32\wdigest.DLL : WDigest</Data>
    </EventData>
  </Event>
  <Event xmlns="http://schemas.microsoft.com/win/2004/08/events/event">
    <System>
      <Provider Name="Microsoft-Windows-Security-Auditing" Guid="{54849625-5478-4994-A5BA-3E3B0328C30D}" />
      <EventID>4622</EventID>
      <Version>0</Version>
      <Level>0</Level>
      <Task>12289</Task>
      <Opcode>0</Opcode>
      <Keywords>0x8020000000000000</Keywords>
      <TimeCreated SystemTime="2021-09-29T10:15:52.591708900Z" />
      <EventRecordID>1948108</EventRecordID>
      <Correlation ActivityID="{CBF3ACF3-B51A-0000-06AD-F3CB1AB5D701}" />
      <Execution ProcessID="596" ThreadID="600" />
      <Channel>Security</Channel>
      <Computer>webiis01.offsec.lan</Computer>
      <Security />
    </System>
    <EventData>
      <Data Name="SecurityPackageName">C:\Windows\system32\schannel.DLL : Schannel</Data>
    </EventData>
  </Event>
  <Event xmlns="http://schemas.microsoft.com/win/2004/08/events/event">
    <System>
      <Provider Name="Microsoft-Windows-Security-Auditing" Guid="{54849625-5478-4994-A5BA-3E3B0328C30D}" />
      <EventID>4622</EventID>
      <Version>0</Version>
      <Level>0</Level>
      <Task>12289</Task>
      <Opcode>0</Opcode>
      <Keywords>0x8020000000000000</Keywords>
      <TimeCreated SystemTime="2021-09-29T10:15:52.591717300Z" />
      <EventRecordID>1948109</EventRecordID>
      <Correlation ActivityID="{CBF3ACF3-B51A-0000-06AD-F3CB1AB5D701}" />
      <Execution ProcessID="596" ThreadID="600" />
      <Channel>Security</Channel>
      <Computer>webiis01.offsec.lan</Computer>
      <Security />
    </System>
    <EventData>
      <Data Name="SecurityPackageName">C:\Windows\system32\schannel.DLL : Microsoft Unified Security Protocol Provider</Data>
    </EventData>
  </Event>
  <Event xmlns="http://schemas.microsoft.com/win/2004/08/events/event">
    <System>
      <Provider Name="Microsoft-Windows-Security-Auditing" Guid="{54849625-5478-4994-A5BA-3E3B0328C30D}" />
      <EventID>4622</EventID>
      <Version>0</Version>
      <Level>0</Level>
      <Task>12289</Task>
      <Opcode>0</Opcode>
      <Keywords>0x8020000000000000</Keywords>
      <TimeCreated SystemTime="2021-09-29T10:12:46.872576400Z" />
      <EventRecordID>16984951</EventRecordID>
      <Correlation />
      <Execution ProcessID="704" ThreadID="708" />
      <Channel>Security</Channel>
      <Computer>exchange01.offsec.lan</Computer>
      <Security />
    </System>
    <EventData>
      <Data Name="SecurityPackageName">C:\Windows\system32\lsasrv.dll : Negotiate</Data>
    </EventData>
  </Event>
  <Event xmlns="http://schemas.microsoft.com/win/2004/08/events/event">
    <System>
      <Provider Name="Microsoft-Windows-Security-Auditing" Guid="{54849625-5478-4994-A5BA-3E3B0328C30D}" />
      <EventID>4622</EventID>
      <Version>0</Version>
      <Level>0</Level>
      <Task>12289</Task>
      <Opcode>0</Opcode>
      <Keywords>0x8020000000000000</Keywords>
      <TimeCreated SystemTime="2021-09-29T10:12:46.947901000Z" />
      <EventRecordID>16984952</EventRecordID>
      <Correlation />
      <Execution ProcessID="704" ThreadID="708" />
      <Channel>Security</Channel>
      <Computer>exchange01.offsec.lan</Computer>
      <Security />
    </System>
    <EventData>
      <Data Name="SecurityPackageName">C:\Windows\system32\negoexts.DLL : NegoExtender</Data>
    </EventData>
  </Event>
  <Event xmlns="http://schemas.microsoft.com/win/2004/08/events/event">
    <System>
      <Provider Name="Microsoft-Windows-Security-Auditing" Guid="{54849625-5478-4994-A5BA-3E3B0328C30D}" />
      <EventID>4622</EventID>
      <Version>0</Version>
      <Level>0</Level>
      <Task>12289</Task>
      <Opcode>0</Opcode>
      <Keywords>0x8020000000000000</Keywords>
      <TimeCreated SystemTime="2021-09-29T10:12:47.777136600Z" />
      <EventRecordID>16984953</EventRecordID>
      <Correlation />
      <Execution ProcessID="704" ThreadID="708" />
      <Channel>Security</Channel>
      <Computer>exchange01.offsec.lan</Computer>
      <Security />
    </System>
    <EventData>
      <Data Name="SecurityPackageName">C:\Windows\system32\kerberos.DLL : Kerberos</Data>
    </EventData>
  </Event>
  <Event xmlns="http://schemas.microsoft.com/win/2004/08/events/event">
    <System>
      <Provider Name="Microsoft-Windows-Security-Auditing" Guid="{54849625-5478-4994-A5BA-3E3B0328C30D}" />
      <EventID>4622</EventID>
      <Version>0</Version>
      <Level>0</Level>
      <Task>12289</Task>
      <Opcode>0</Opcode>
      <Keywords>0x8020000000000000</Keywords>
      <TimeCreated SystemTime="2021-09-29T10:12:49.525676600Z" />
      <EventRecordID>16984954</EventRecordID>
      <Correlation ActivityID="{6949D3FA-B51A-0004-0AD4-49691AB5D701}" />
      <Execution ProcessID="704" ThreadID="708" />
      <Channel>Security</Channel>
      <Computer>exchange01.offsec.lan</Computer>
      <Security />
    </System>
    <EventData>
      <Data Name="SecurityPackageName">C:\Windows\system32\msv1_0.DLL : NTLM</Data>
    </EventData>
  </Event>
  <Event xmlns="http://schemas.microsoft.com/win/2004/08/events/event">
    <System>
      <Provider Name="Microsoft-Windows-Security-Auditing" Guid="{54849625-5478-4994-A5BA-3E3B0328C30D}" />
      <EventID>4622</EventID>
      <Version>0</Version>
      <Level>0</Level>
      <Task>12289</Task>
      <Opcode>0</Opcode>
      <Keywords>0x8020000000000000</Keywords>
      <TimeCreated SystemTime="2021-09-29T10:12:49.679665700Z" />
      <EventRecordID>16984955</EventRecordID>
      <Correlation ActivityID="{6949D3FA-B51A-0004-0AD4-49691AB5D701}" />
      <Execution ProcessID="704" ThreadID="708" />
      <Channel>Security</Channel>
      <Computer>exchange01.offsec.lan</Computer>
      <Security />
    </System>
    <EventData>
      <Data Name="SecurityPackageName">C:\Windows\system32\tspkg.DLL : TSSSP</Data>
    </EventData>
  </Event>
  <Event xmlns="http://schemas.microsoft.com/win/2004/08/events/event">
    <System>
      <Provider Name="Microsoft-Windows-Security-Auditing" Guid="{54849625-5478-4994-A5BA-3E3B0328C30D}" />
      <EventID>4622</EventID>
      <Version>0</Version>
      <Level>0</Level>
      <Task>12289</Task>
      <Opcode>0</Opcode>
      <Keywords>0x8020000000000000</Keywords>
      <TimeCreated SystemTime="2021-09-29T10:12:49.853145300Z" />
      <EventRecordID>16984956</EventRecordID>
      <Correlation ActivityID="{6949D3FA-B51A-0004-0AD4-49691AB5D701}" />
      <Execution ProcessID="704" ThreadID="708" />
      <Channel>Security</Channel>
      <Computer>exchange01.offsec.lan</Computer>
      <Security />
    </System>
    <EventData>
      <Data Name="SecurityPackageName">C:\Windows\system32\pku2u.DLL : pku2u</Data>
    </EventData>
  </Event>
  <Event xmlns="http://schemas.microsoft.com/win/2004/08/events/event">
    <System>
      <Provider Name="Microsoft-Windows-Security-Auditing" Guid="{54849625-5478-4994-A5BA-3E3B0328C30D}" />
      <EventID>4622</EventID>
      <Version>0</Version>
      <Level>0</Level>
      <Task>12289</Task>
      <Opcode>0</Opcode>
      <Keywords>0x8020000000000000</Keywords>
      <TimeCreated SystemTime="2021-09-29T10:12:52.558536300Z" />
      <EventRecordID>16984957</EventRecordID>
      <Correlation ActivityID="{6949D3FA-B51A-0004-0AD4-49691AB5D701}" />
      <Execution ProcessID="704" ThreadID="708" />
      <Channel>Security</Channel>
      <Computer>exchange01.offsec.lan</Computer>
      <Security />
    </System>
    <EventData>
      <Data Name="SecurityPackageName">C:\Windows\system32\cloudAP.DLL : CloudAP</Data>
    </EventData>
  </Event>
  <Event xmlns="http://schemas.microsoft.com/win/2004/08/events/event">
    <System>
      <Provider Name="Microsoft-Windows-Security-Auditing" Guid="{54849625-5478-4994-A5BA-3E3B0328C30D}" />
      <EventID>4622</EventID>
      <Version>0</Version>
      <Level>0</Level>
      <Task>12289</Task>
      <Opcode>0</Opcode>
      <Keywords>0x8020000000000000</Keywords>
      <TimeCreated SystemTime="2021-09-29T10:12:52.891168100Z" />
      <EventRecordID>16984958</EventRecordID>
      <Correlation ActivityID="{6949D3FA-B51A-0004-0AD4-49691AB5D701}" />
      <Execution ProcessID="704" ThreadID="708" />
      <Channel>Security</Channel>
      <Computer>exchange01.offsec.lan</Computer>
      <Security />
    </System>
    <EventData>
      <Data Name="SecurityPackageName">C:\Windows\system32\wdigest.DLL : WDigest</Data>
    </EventData>
  </Event>
  <Event xmlns="http://schemas.microsoft.com/win/2004/08/events/event">
    <System>
      <Provider Name="Microsoft-Windows-Security-Auditing" Guid="{54849625-5478-4994-A5BA-3E3B0328C30D}" />
      <EventID>4622</EventID>
      <Version>0</Version>
      <Level>0</Level>
      <Task>12289</Task>
      <Opcode>0</Opcode>
      <Keywords>0x8020000000000000</Keywords>
      <TimeCreated SystemTime="2021-09-29T10:12:53.146077300Z" />
      <EventRecordID>16984959</EventRecordID>
      <Correlation ActivityID="{6949D3FA-B51A-0004-0AD4-49691AB5D701}" />
      <Execution ProcessID="704" ThreadID="708" />
      <Channel>Security</Channel>
      <Computer>exchange01.offsec.lan</Computer>
      <Security />
    </System>
    <EventData>
      <Data Name="SecurityPackageName">C:\Windows\system32\schannel.DLL : Schannel</Data>
    </EventData>
  </Event>
  <Event xmlns="http://schemas.microsoft.com/win/2004/08/events/event">
    <System>
      <Provider Name="Microsoft-Windows-Security-Auditing" Guid="{54849625-5478-4994-A5BA-3E3B0328C30D}" />
      <EventID>4622</EventID>
      <Version>0</Version>
      <Level>0</Level>
      <Task>12289</Task>
      <Opcode>0</Opcode>
      <Keywords>0x8020000000000000</Keywords>
      <TimeCreated SystemTime="2021-09-29T10:12:53.146096400Z" />
      <EventRecordID>16984960</EventRecordID>
      <Correlation ActivityID="{6949D3FA-B51A-0004-0AD4-49691AB5D701}" />
      <Execution ProcessID="704" ThreadID="708" />
      <Channel>Security</Channel>
      <Computer>exchange01.offsec.lan</Computer>
      <Security />
    </System>
    <EventData>
      <Data Name="SecurityPackageName">C:\Windows\system32\schannel.DLL : Microsoft Unified Security Protocol Provider</Data>
    </EventData>
  </Event>
  <Event xmlns="http://schemas.microsoft.com/win/2004/08/events/event">
    <System>
      <Provider Name="Microsoft-Windows-Security-Auditing" Guid="{54849625-5478-4994-A5BA-3E3B0328C30D}" />
      <EventID>4622</EventID>
      <Version>0</Version>
      <Level>0</Level>
      <Task>12289</Task>
      <Opcode>0</Opcode>
      <Keywords>0x8020000000000000</Keywords>
      <TimeCreated SystemTime="2021-09-29T10:20:02.180526800Z" />
      <EventRecordID>3311407</EventRecordID>
      <Correlation />
      <Execution ProcessID="572" ThreadID="576" />
      <Channel>Security</Channel>
      <Computer>prtg-mon.offsec.lan</Computer>
      <Security />
    </System>
    <EventData>
      <Data Name="SecurityPackageName">C:\Windows\system32\lsasrv.dll : Negotiate</Data>
    </EventData>
  </Event>
  <Event xmlns="http://schemas.microsoft.com/win/2004/08/events/event">
    <System>
      <Provider Name="Microsoft-Windows-Security-Auditing" Guid="{54849625-5478-4994-A5BA-3E3B0328C30D}" />
      <EventID>4622</EventID>
      <Version>0</Version>
      <Level>0</Level>
      <Task>12289</Task>
      <Opcode>0</Opcode>
      <Keywords>0x8020000000000000</Keywords>
      <TimeCreated SystemTime="2021-09-29T10:20:02.549400400Z" />
      <EventRecordID>3311408</EventRecordID>
      <Correlation />
      <Execution ProcessID="572" ThreadID="576" />
      <Channel>Security</Channel>
      <Computer>prtg-mon.offsec.lan</Computer>
      <Security />
    </System>
    <EventData>
      <Data Name="SecurityPackageName">C:\Windows\system32\negoexts.DLL : NegoExtender</Data>
    </EventData>
  </Event>
  <Event xmlns="http://schemas.microsoft.com/win/2004/08/events/event">
    <System>
      <Provider Name="Microsoft-Windows-Security-Auditing" Guid="{54849625-5478-4994-A5BA-3E3B0328C30D}" />
      <EventID>4622</EventID>
      <Version>0</Version>
      <Level>0</Level>
      <Task>12289</Task>
      <Opcode>0</Opcode>
      <Keywords>0x8020000000000000</Keywords>
      <TimeCreated SystemTime="2021-09-29T10:20:04.859279200Z" />
      <EventRecordID>3311409</EventRecordID>
      <Correlation />
      <Execution ProcessID="572" ThreadID="576" />
      <Channel>Security</Channel>
      <Computer>prtg-mon.offsec.lan</Computer>
      <Security />
    </System>
    <EventData>
      <Data Name="SecurityPackageName">C:\Windows\system32\kerberos.DLL : Kerberos</Data>
    </EventData>
  </Event>
  <Event xmlns="http://schemas.microsoft.com/win/2004/08/events/event">
    <System>
      <Provider Name="Microsoft-Windows-Security-Auditing" Guid="{54849625-5478-4994-A5BA-3E3B0328C30D}" />
      <EventID>4622</EventID>
      <Version>0</Version>
      <Level>0</Level>
      <Task>12289</Task>
      <Opcode>0</Opcode>
      <Keywords>0x8020000000000000</Keywords>
      <TimeCreated SystemTime="2021-09-29T10:20:08.332854500Z" />
      <EventRecordID>3311410</EventRecordID>
      <Correlation ActivityID="{40F969D1-B51B-0000-E269-F9401BB5D701}" />
      <Execution ProcessID="572" ThreadID="576" />
      <Channel>Security</Channel>
      <Computer>prtg-mon.offsec.lan</Computer>
      <Security />
    </System>
    <EventData>
      <Data Name="SecurityPackageName">C:\Windows\system32\msv1_0.DLL : NTLM</Data>
    </EventData>
  </Event>
  <Event xmlns="http://schemas.microsoft.com/win/2004/08/events/event">
    <System>
      <Provider Name="Microsoft-Windows-Security-Auditing" Guid="{54849625-5478-4994-A5BA-3E3B0328C30D}" />
      <EventID>4622</EventID>
      <Version>0</Version>
      <Level>0</Level>
      <Task>12289</Task>
      <Opcode>0</Opcode>
      <Keywords>0x8020000000000000</Keywords>
      <TimeCreated SystemTime="2021-09-29T10:20:08.881793200Z" />
      <EventRecordID>3311411</EventRecordID>
      <Correlation ActivityID="{40F969D1-B51B-0000-E269-F9401BB5D701}" />
      <Execution ProcessID="572" ThreadID="576" />
      <Channel>Security</Channel>
      <Computer>prtg-mon.offsec.lan</Computer>
      <Security />
    </System>
    <EventData>
      <Data Name="SecurityPackageName">C:\Windows\system32\tspkg.DLL : TSSSP</Data>
    </EventData>
  </Event>
  <Event xmlns="http://schemas.microsoft.com/win/2004/08/events/event">
    <System>
      <Provider Name="Microsoft-Windows-Security-Auditing" Guid="{54849625-5478-4994-A5BA-3E3B0328C30D}" />
      <EventID>4622</EventID>
      <Version>0</Version>
      <Level>0</Level>
      <Task>12289</Task>
      <Opcode>0</Opcode>
      <Keywords>0x8020000000000000</Keywords>
      <TimeCreated SystemTime="2021-09-29T10:20:09.209815000Z" />
      <EventRecordID>3311412</EventRecordID>
      <Correlation ActivityID="{40F969D1-B51B-0000-E269-F9401BB5D701}" />
      <Execution ProcessID="572" ThreadID="576" />
      <Channel>Security</Channel>
      <Computer>prtg-mon.offsec.lan</Computer>
      <Security />
    </System>
    <EventData>
      <Data Name="SecurityPackageName">C:\Windows\system32\pku2u.DLL : pku2u</Data>
    </EventData>
  </Event>
  <Event xmlns="http://schemas.microsoft.com/win/2004/08/events/event">
    <System>
      <Provider Name="Microsoft-Windows-Security-Auditing" Guid="{54849625-5478-4994-A5BA-3E3B0328C30D}" />
      <EventID>4622</EventID>
      <Version>0</Version>
      <Level>0</Level>
      <Task>12289</Task>
      <Opcode>0</Opcode>
      <Keywords>0x8020000000000000</Keywords>
      <TimeCreated SystemTime="2021-09-29T10:20:14.712751700Z" />
      <EventRecordID>3311413</EventRecordID>
      <Correlation ActivityID="{40F969D1-B51B-0000-E269-F9401BB5D701}" />
      <Execution ProcessID="572" ThreadID="576" />
      <Channel>Security</Channel>
      <Computer>prtg-mon.offsec.lan</Computer>
      <Security />
    </System>
    <EventData>
      <Data Name="SecurityPackageName">C:\Windows\system32\cloudAP.DLL : CloudAP</Data>
    </EventData>
  </Event>
  <Event xmlns="http://schemas.microsoft.com/win/2004/08/events/event">
    <System>
      <Provider Name="Microsoft-Windows-Security-Auditing" Guid="{54849625-5478-4994-A5BA-3E3B0328C30D}" />
      <EventID>4622</EventID>
      <Version>0</Version>
      <Level>0</Level>
      <Task>12289</Task>
      <Opcode>0</Opcode>
      <Keywords>0x8020000000000000</Keywords>
      <TimeCreated SystemTime="2021-09-29T10:20:15.139343700Z" />
      <EventRecordID>3311414</EventRecordID>
      <Correlation ActivityID="{40F969D1-B51B-0000-E269-F9401BB5D701}" />
      <Execution ProcessID="572" ThreadID="576" />
      <Channel>Security</Channel>
      <Computer>prtg-mon.offsec.lan</Computer>
      <Security />
    </System>
    <EventData>
      <Data Name="SecurityPackageName">C:\Windows\system32\wdigest.DLL : WDigest</Data>
    </EventData>
  </Event>
  