<Event xmlns="http://schemas.microsoft.com/win/2004/08/events/event">
    <System>
      <Provider Name="Microsoft-Windows-Security-Auditing" Guid="{54849625-5478-4994-A5BA-3E3B0328C30D}" />
      <EventID>4622</EventID>
      <Version>0</Version>
      <Level>0</Level>
      <Task>12289</Task>
      <Opcode>0</Opcode>
      <Keywords>0x8020000000000000</Keywords>
      <TimeCreated SystemTime="2021-10-05T09:38:31.579975600Z" />
      <EventRecordID>12966448</EventRecordID>
      <Correlation ActivityID="{BA040EB7-B9CC-0000-E30E-04BACCB9D701}" />
      <Execution ProcessID="528" ThreadID="532" />
      <Channel>Security</Channel>
      <Computer>dhcp01.offsec.lan</Computer>
      <Security />
    </System>
    <EventData>
      <Data Name="SecurityPackageName">C:\Windows\system32\cloudAP.DLL : CloudAP</Data>
    </EventData>
  </Event>
  <Event xmlns="http://schemas.microsoft.com/win/2004/08/events/event">
    <System>
      <Provider Name="Microsoft-Windows-Security-Auditing" Guid="{54849625-5478-4994-A5BA-3E3B0328C30D}" />
      <EventID>4622</EventID>
      <Version>0</Version>
      <Level>0</Level>
      <Task>12289</Task>
      <Opcode>0</Opcode>
      <Keywords>0x8020000000000000</Keywords>
      <TimeCreated SystemTime="2021-10-05T09:38:31.612968900Z" />
      <EventRecordID>12966449</EventRecordID>
      <Correlation ActivityID="{BA040EB7-B9CC-0000-E30E-04BACCB9D701}" />
      <Execution ProcessID="528" ThreadID="532" />
      <Channel>Security</Channel>
      <Computer>dhcp01.offsec.lan</Computer>
      <Security />
    </System>
    <EventData>
      <Data Name="SecurityPackageName">C:\Windows\system32\wdigest.DLL : WDigest</Data>
    </EventData>
  </Event>
  <Event xmlns="http://schemas.microsoft.com/win/2004/08/events/event">
    <System>
      <Provider Name="Microsoft-Windows-Security-Auditing" Guid="{54849625-5478-4994-A5BA-3E3B0328C30D}" />
      <EventID>4622</EventID>
      <Version>0</Version>
      <Level>0</Level>
      <Task>12289</Task>
      <Opcode>0</Opcode>
      <Keywords>0x8020000000000000</Keywords>
      <TimeCreated SystemTime="2021-10-05T09:38:31.662231900Z" />
      <EventRecordID>12966450</EventRecordID>
      <Correlation ActivityID="{BA040EB7-B9CC-0000-E30E-04BACCB9D701}" />
      <Execution ProcessID="528" ThreadID="532" />
      <Channel>Security</Channel>
      <Computer>dhcp01.offsec.lan</Computer>
      <Security />
    </System>
    <EventData>
      <Data Name="SecurityPackageName">C:\Windows\system32\schannel.DLL : Schannel</Data>
    </EventData>
  </Event>
  <Event xmlns="http://schemas.microsoft.com/win/2004/08/events/event">
    <System>
      <Provider Name="Microsoft-Windows-Security-Auditing" Guid="{54849625-5478-4994-A5BA-3E3B0328C30D}" />
      <EventID>4622</EventID>
      <Version>0</Version>
      <Level>0</Level>
      <Task>12289</Task>
      <Opcode>0</Opcode>
      <Keywords>0x8020000000000000</Keywords>
      <TimeCreated SystemTime="2021-10-05T09:38:31.662238000Z" />
      <EventRecordID>12966451</EventRecordID>
      <Correlation ActivityID="{BA040EB7-B9CC-0000-E30E-04BACCB9D701}" />
      <Execution ProcessID="528" ThreadID="532" />
      <Channel>Security</Channel>
      <Computer>dhcp01.offsec.lan</Computer>
      <Security />
    </System>
    <EventData>
      <Data Name="SecurityPackageName">C:\Windows\system32\schannel.DLL : Microsoft Unified Security Protocol Provider</Data>
    </EventData>
  </Event>
  <Event xmlns="http://schemas.microsoft.com/win/2004/08/events/event">
    <System>
      <Provider Name="Microsoft-Windows-Security-Auditing" Guid="{54849625-5478-4994-A5BA-3E3B0328C30D}" />
      <EventID>4622</EventID>
      <Version>0</Version>
      <Level>0</Level>
      <Task>12289</Task>
      <Opcode>0</Opcode>
      <Keywords>0x8020000000000000</Keywords>
      <TimeCreated SystemTime="2021-10-11T14:22:01.419344400Z" />
      <EventRecordID>18409960</EventRecordID>
      <Correlation />
      <Execution ProcessID="732" ThreadID="736" />
      <Channel>Security</Channel>
      <Computer>jump01.offsec.lan</Computer>
      <Security />
    </System>
    <EventData>
      <Data Name="SecurityPackageName">C:\Windows\system32\lsasrv.dll : Negotiate</Data>
    </EventData>
  </Event>
  <Event xmlns="http://schemas.microsoft.com/win/2004/08/events/event">
    <System>
      <Provider Name="Microsoft-Windows-Security-Auditing" Guid="{54849625-5478-4994-A5BA-3E3B0328C30D}" />
      <EventID>4622</EventID>
      <Version>0</Version>
      <Level>0</Level>
      <Task>12289</Task>
      <Opcode>0</Opcode>
      <Keywords>0x8020000000000000</Keywords>
      <TimeCreated SystemTime="2021-10-11T14:22:01.473444900Z" />
      <EventRecordID>18409961</EventRecordID>
      <Correlation />
      <Execution ProcessID="732" ThreadID="736" />
      <Channel>Security</Channel>
      <Computer>jump01.offsec.lan</Computer>
      <Security />
    </System>
    <EventData>
      <Data Name="SecurityPackageName">C:\Windows\system32\negoexts.DLL : NegoExtender</Data>
    </EventData>
  </Event>
  <Event xmlns="http://schemas.microsoft.com/win/2004/08/events/event">
    <System>
      <Provider Name="Microsoft-Windows-Security-Auditing" Guid="{54849625-5478-4994-A5BA-3E3B0328C30D}" />
      <EventID>4622</EventID>
      <Version>0</Version>
      <Level>0</Level>
      <Task>12289</Task>
      <Opcode>0</Opcode>
      <Keywords>0x8020000000000000</Keywords>
      <TimeCreated SystemTime="2021-10-11T14:22:01.591177700Z" />
      <EventRecordID>18409962</EventRecordID>
      <Correlation />
      <Execution ProcessID="732" ThreadID="736" />
      <Channel>Security</Channel>
      <Computer>jump01.offsec.lan</Computer>
      <Security />
    </System>
    <EventData>
      <Data Name="SecurityPackageName">C:\Windows\system32\kerberos.DLL : Kerberos</Data>
    </EventData>
  </Event>
  <Event xmlns="http://schemas.microsoft.com/win/2004/08/events/event">
    <System>
      <Provider Name="Microsoft-Windows-Security-Auditing" Guid="{54849625-5478-4994-A5BA-3E3B0328C30D}" />
      <EventID>4622</EventID>
      <Version>0</Version>
      <Level>0</Level>
      <Task>12289</Task>
      <Opcode>0</Opcode>
      <Keywords>0x8020000000000000</Keywords>
      <TimeCreated SystemTime="2021-10-11T14:22:01.780164200Z" />
      <EventRecordID>18409963</EventRecordID>
      <Correlation ActivityID="{510E36C6-BEAB-0006-DD36-0E51ABBED701}" />
      <Execution ProcessID="732" ThreadID="736" />
      <Channel>Security</Channel>
      <Computer>jump01.offsec.lan</Computer>
      <Security />
    </System>
    <EventData>
      <Data Name="SecurityPackageName">C:\Windows\system32\msv1_0.DLL : NTLM</Data>
    </EventData>
  </Event>
  <Event xmlns="http://schemas.microsoft.com/win/2004/08/events/event">
    <System>
      <Provider Name="Microsoft-Windows-Security-Auditing" Guid="{54849625-5478-4994-A5BA-3E3B0328C30D}" />
      <EventID>4622</EventID>
      <Version>0</Version>
      <Level>0</Level>
      <Task>12289</Task>
      <Opcode>0</Opcode>
      <Keywords>0x8020000000000000</Keywords>
      <TimeCreated SystemTime="2021-10-11T14:22:01.811653300Z" />
      <EventRecordID>18409964</EventRecordID>
      <Correlation ActivityID="{510E36C6-BEAB-0006-DD36-0E51ABBED701}" />
      <Execution ProcessID="732" ThreadID="736" />
      <Channel>Security</Channel>
      <Computer>jump01.offsec.lan</Computer>
      <Security />
    </System>
    <EventData>
      <Data Name="SecurityPackageName">C:\Windows\system32\tspkg.DLL : TSSSP</Data>
    </EventData>
  </Event>
  <Event xmlns="http://schemas.microsoft.com/win/2004/08/events/event">
    <System>
      <Provider Name="Microsoft-Windows-Security-Auditing" Guid="{54849625-5478-4994-A5BA-3E3B0328C30D}" />
      <EventID>4622</EventID>
      <Version>0</Version>
      <Level>0</Level>
      <Task>12289</Task>
      <Opcode>0</Opcode>
      <Keywords>0x8020000000000000</Keywords>
      <TimeCreated SystemTime="2021-10-11T14:22:01.837309000Z" />
      <EventRecordID>18409965</EventRecordID>
      <Correlation ActivityID="{510E36C6-BEAB-0006-DD36-0E51ABBED701}" />
      <Execution ProcessID="732" ThreadID="736" />
      <Channel>Security</Channel>
      <Computer>jump01.offsec.lan</Computer>
      <Security />
    </System>
    <EventData>
      <Data Name="SecurityPackageName">C:\Windows\system32\pku2u.DLL : pku2u</Data>
    </EventData>
  </Event>
  <Event xmlns="http://schemas.microsoft.com/win/2004/08/events/event">
    <System>
      <Provider Name="Microsoft-Windows-Security-Auditing" Guid="{54849625-5478-4994-A5BA-3E3B0328C30D}" />
      <EventID>4622</EventID>
      <Version>0</Version>
      <Level>0</Level>
      <Task>12289</Task>
      <Opcode>0</Opcode>
      <Keywords>0x8020000000000000</Keywords>
      <TimeCreated SystemTime="2021-10-11T14:22:02.204046000Z" />
      <EventRecordID>18409966</EventRecordID>
      <Correlation ActivityID="{510E36C6-BEAB-0006-DD36-0E51ABBED701}" />
      <Execution ProcessID="732" ThreadID="736" />
      <Channel>Security</Channel>
      <Computer>jump01.offsec.lan</Computer>
      <Security />
    </System>
    <EventData>
      <Data Name="SecurityPackageName">C:\Windows\system32\cloudAP.DLL : CloudAP</Data>
    </EventData>
  </Event>
  <Event xmlns="http://schemas.microsoft.com/win/2004/08/events/event">
    <System>
      <Provider Name="Microsoft-Windows-Security-Auditing" Guid="{54849625-5478-4994-A5BA-3E3B0328C30D}" />
      <EventID>4622</EventID>
      <Version>0</Version>
      <Level>0</Level>
      <Task>12289</Task>
      <Opcode>0</Opcode>
      <Keywords>0x8020000000000000</Keywords>
      <TimeCreated SystemTime="2021-10-11T14:22:02.265334500Z" />
      <EventRecordID>18409967</EventRecordID>
      <Correlation ActivityID="{510E36C6-BEAB-0006-DD36-0E51ABBED701}" />
      <Execution ProcessID="732" ThreadID="736" />
      <Channel>Security</Channel>
      <Computer>jump01.offsec.lan</Computer>
      <Security />
    </System>
    <EventData>
      <Data Name="SecurityPackageName">C:\Windows\system32\wdigest.DLL : WDigest</Data>
    </EventData>
  </Event>
  <Event xmlns="http://schemas.microsoft.com/win/2004/08/events/event">
    <System>
      <Provider Name="Microsoft-Windows-Security-Auditing" Guid="{54849625-5478-4994-A5BA-3E3B0328C30D}" />
      <EventID>4622</EventID>
      <Version>0</Version>
      <Level>0</Level>
      <Task>12289</Task>
      <Opcode>0</Opcode>
      <Keywords>0x8020000000000000</Keywords>
      <TimeCreated SystemTime="2021-10-11T14:22:02.277065800Z" />
      <EventRecordID>18409968</EventRecordID>
      <Correlation ActivityID="{510E36C6-BEAB-0006-DD36-0E51ABBED701}" />
      <Execution ProcessID="732" ThreadID="736" />
      <Channel>Security</Channel>
      <Computer>jump01.offsec.lan</Computer>
      <Security />
    </System>
    <EventData>
      <Data Name="SecurityPackageName">C:\Windows\system32\schannel.DLL : Schannel</Data>
    </EventData>
  </Event>
  <Event xmlns="http://schemas.microsoft.com/win/2004/08/events/event">
    <System>
      <Provider Name="Microsoft-Windows-Security-Auditing" Guid="{54849625-5478-4994-A5BA-3E3B0328C30D}" />
      <EventID>4622</EventID>
      <Version>0</Version>
      <Level>0</Level>
      <Task>12289</Task>
      <Opcode>0</Opcode>
      <Keywords>0x8020000000000000</Keywords>
      <TimeCreated SystemTime="2021-10-11T14:22:02.277079300Z" />
      <EventRecordID>18409969</EventRecordID>
      <Correlation ActivityID="{510E36C6-BEAB-0006-DD36-0E51ABBED701}" />
      <Execution ProcessID="732" ThreadID="736" />
      <Channel>Security</Channel>
      <Computer>jump01.offsec.lan</Computer>
      <Security />
    </System>
    <EventData>
      <Data Name="SecurityPackageName">C:\Windows\system32\schannel.DLL : Microsoft Unified Security Protocol Provider</Data>
    </EventData>
  </Event>
</root>