<Event xmlns="http://schemas.microsoft.com/win/2004/08/events/event">
    <System>
      <Provider Name="Microsoft-Windows-Security-Auditing" Guid="{54849625-5478-4994-A5BA-3E3B0328C30D}" />
      <EventID>4622</EventID>
      <Version>0</Version>
      <Level>0</Level>
      <Task>12289</Task>
      <Opcode>0</Opcode>
      <Keywords>0x8020000000000000</Keywords>
      <TimeCreated SystemTime="2021-05-25T12:37:56.171834100Z" />
      <EventRecordID>9487288</EventRecordID>
      <Correlation ActivityID="{BF40648D-5162-0000-B964-40BF6251D701}" />
      <Execution ProcessID="536" ThreadID="540" />
      <Channel>Security</Channel>
      <Computer>dhcp01.offsec.lan</Computer>
      <Security />
    </System>
    <EventData>
      <Data Name="SecurityPackageName">C:\Windows\system32\schannel.DLL : Schannel</Data>
    </EventData>
  </Event>
  <Event xmlns="http://schemas.microsoft.com/win/2004/08/events/event">
    <System>
      <Provider Name="Microsoft-Windows-Security-Auditing" Guid="{54849625-5478-4994-A5BA-3E3B0328C30D}" />
      <EventID>4622</EventID>
      <Version>0</Version>
      <Level>0</Level>
      <Task>12289</Task>
      <Opcode>0</Opcode>
      <Keywords>0x8020000000000000</Keywords>
      <TimeCreated SystemTime="2021-05-25T12:37:56.171840700Z" />
      <EventRecordID>9487289</EventRecordID>
      <Correlation ActivityID="{BF40648D-5162-0000-B964-40BF6251D701}" />
      <Execution ProcessID="536" ThreadID="540" />
      <Channel>Security</Channel>
      <Computer>dhcp01.offsec.lan</Computer>
      <Security />
    </System>
    <EventData>
      <Data Name="SecurityPackageName">C:\Windows\system32\schannel.DLL : Microsoft Unified Security Protocol Provider</Data>
    </EventData>
  </Event>
  <Event xmlns="http://schemas.microsoft.com/win/2004/08/events/event">
    <System>
      <Provider Name="Microsoft-Windows-Security-Auditing" Guid="{54849625-5478-4994-A5BA-3E3B0328C30D}" />
      <EventID>4622</EventID>
      <Version>0</Version>
      <Level>0</Level>
      <Task>12289</Task>
      <Opcode>0</Opcode>
      <Keywords>0x8020000000000000</Keywords>
      <TimeCreated SystemTime="2021-05-25T12:46:10.147790300Z" />
      <EventRecordID>9490389</EventRecordID>
      <Correlation />
      <Execution ProcessID="528" ThreadID="532" />
      <Channel>Security</Channel>
      <Computer>dhcp01.offsec.lan</Computer>
      <Security />
    </System>
    <EventData>
      <Data Name="SecurityPackageName">C:\Windows\system32\lsasrv.dll : Negotiate</Data>
    </EventData>
  </Event>
  <Event xmlns="http://schemas.microsoft.com/win/2004/08/events/event">
    <System>
      <Provider Name="Microsoft-Windows-Security-Auditing" Guid="{54849625-5478-4994-A5BA-3E3B0328C30D}" />
      <EventID>4622</EventID>
      <Version>0</Version>
      <Level>0</Level>
      <Task>12289</Task>
      <Opcode>0</Opcode>
      <Keywords>0x8020000000000000</Keywords>
      <TimeCreated SystemTime="2021-05-25T12:46:10.189063400Z" />
      <EventRecordID>9490390</EventRecordID>
      <Correlation />
      <Execution ProcessID="528" ThreadID="532" />
      <Channel>Security</Channel>
      <Computer>dhcp01.offsec.lan</Computer>
      <Security />
    </System>
    <EventData>
      <Data Name="SecurityPackageName">C:\Windows\system32\negoexts.DLL : NegoExtender</Data>
    </EventData>
  </Event>
  <Event xmlns="http://schemas.microsoft.com/win/2004/08/events/event">
    <System>
      <Provider Name="Microsoft-Windows-Security-Auditing" Guid="{54849625-5478-4994-A5BA-3E3B0328C30D}" />
      <EventID>4622</EventID>
      <Version>0</Version>
      <Level>0</Level>
      <Task>12289</Task>
      <Opcode>0</Opcode>
      <Keywords>0x8020000000000000</Keywords>
      <TimeCreated SystemTime="2021-05-25T12:46:10.310019000Z" />
      <EventRecordID>9490391</EventRecordID>
      <Correlation />
      <Execution ProcessID="528" ThreadID="532" />
      <Channel>Security</Channel>
      <Computer>dhcp01.offsec.lan</Computer>
      <Security />
    </System>
    <EventData>
      <Data Name="SecurityPackageName">C:\Windows\system32\kerberos.DLL : Kerberos</Data>
    </EventData>
  </Event>
  <Event xmlns="http://schemas.microsoft.com/win/2004/08/events/event">
    <System>
      <Provider Name="Microsoft-Windows-Security-Auditing" Guid="{54849625-5478-4994-A5BA-3E3B0328C30D}" />
      <EventID>4622</EventID>
      <Version>0</Version>
      <Level>0</Level>
      <Task>12289</Task>
      <Opcode>0</Opcode>
      <Keywords>0x8020000000000000</Keywords>
      <TimeCreated SystemTime="2021-05-25T12:46:10.483504700Z" />
      <EventRecordID>9490392</EventRecordID>
      <Correlation ActivityID="{E88EEE90-5163-0000-BCEE-8EE86351D701}" />
      <Execution ProcessID="528" ThreadID="532" />
      <Channel>Security</Channel>
      <Computer>dhcp01.offsec.lan</Computer>
      <Security />
    </System>
    <EventData>
      <Data Name="SecurityPackageName">C:\Windows\system32\msv1_0.DLL : NTLM</Data>
    </EventData>
  </Event>
  <Event xmlns="http://schemas.microsoft.com/win/2004/08/events/event">
    <System>
      <Provider Name="Microsoft-Windows-Security-Auditing" Guid="{54849625-5478-4994-A5BA-3E3B0328C30D}" />
      <EventID>4622</EventID>
      <Version>0</Version>
      <Level>0</Level>
      <Task>12289</Task>
      <Opcode>0</Opcode>
      <Keywords>0x8020000000000000</Keywords>
      <TimeCreated SystemTime="2021-05-25T12:46:10.510859000Z" />
      <EventRecordID>9490393</EventRecordID>
      <Correlation ActivityID="{E88EEE90-5163-0000-BCEE-8EE86351D701}" />
      <Execution ProcessID="528" ThreadID="532" />
      <Channel>Security</Channel>
      <Computer>dhcp01.offsec.lan</Computer>
      <Security />
    </System>
    <EventData>
      <Data Name="SecurityPackageName">C:\Windows\system32\tspkg.DLL : TSSSP</Data>
    </EventData>
  </Event>
  <Event xmlns="http://schemas.microsoft.com/win/2004/08/events/event">
    <System>
      <Provider Name="Microsoft-Windows-Security-Auditing" Guid="{54849625-5478-4994-A5BA-3E3B0328C30D}" />
      <EventID>4622</EventID>
      <Version>0</Version>
      <Level>0</Level>
      <Task>12289</Task>
      <Opcode>0</Opcode>
      <Keywords>0x8020000000000000</Keywords>
      <TimeCreated SystemTime="2021-05-25T12:46:10.544066200Z" />
      <EventRecordID>9490394</EventRecordID>
      <Correlation ActivityID="{E88EEE90-5163-0000-BCEE-8EE86351D701}" />
      <Execution ProcessID="528" ThreadID="532" />
      <Channel>Security</Channel>
      <Computer>dhcp01.offsec.lan</Computer>
      <Security />
    </System>
    <EventData>
      <Data Name="SecurityPackageName">C:\Windows\system32\pku2u.DLL : pku2u</Data>
    </EventData>
  </Event>
  <Event xmlns="http://schemas.microsoft.com/win/2004/08/events/event">
    <System>
      <Provider Name="Microsoft-Windows-Security-Auditing" Guid="{54849625-5478-4994-A5BA-3E3B0328C30D}" />
      <EventID>4622</EventID>
      <Version>0</Version>
      <Level>0</Level>
      <Task>12289</Task>
      <Opcode>0</Opcode>
      <Keywords>0x8020000000000000</Keywords>
      <TimeCreated SystemTime="2021-05-25T12:46:10.878415700Z" />
      <EventRecordID>9490395</EventRecordID>
      <Correlation ActivityID="{E88EEE90-5163-0000-BCEE-8EE86351D701}" />
      <Execution ProcessID="528" ThreadID="532" />
      <Channel>Security</Channel>
      <Computer>dhcp01.offsec.lan</Computer>
      <Security />
    </System>
    <EventData>
      <Data Name="SecurityPackageName">C:\Windows\system32\cloudAP.DLL : CloudAP</Data>
    </EventData>
  </Event>
  <Event xmlns="http://schemas.microsoft.com/win/2004/08/events/event">
    <System>
      <Provider Name="Microsoft-Windows-Security-Auditing" Guid="{54849625-5478-4994-A5BA-3E3B0328C30D}" />
      <EventID>4622</EventID>
      <Version>0</Version>
      <Level>0</Level>
      <Task>12289</Task>
      <Opcode>0</Opcode>
      <Keywords>0x8020000000000000</Keywords>
      <TimeCreated SystemTime="2021-05-25T12:46:10.902929800Z" />
      <EventRecordID>9490396</EventRecordID>
      <Correlation ActivityID="{E88EEE90-5163-0000-BCEE-8EE86351D701}" />
      <Execution ProcessID="528" ThreadID="532" />
      <Channel>Security</Channel>
      <Computer>dhcp01.offsec.lan</Computer>
      <Security />
    </System>
    <EventData>
      <Data Name="SecurityPackageName">C:\Windows\system32\wdigest.DLL : WDigest</Data>
    </EventData>
  </Event>
  <Event xmlns="http://schemas.microsoft.com/win/2004/08/events/event">
    <System>
      <Provider Name="Microsoft-Windows-Security-Auditing" Guid="{54849625-5478-4994-A5BA-3E3B0328C30D}" />
      <EventID>4622</EventID>
      <Version>0</Version>
      <Level>0</Level>
      <Task>12289</Task>
      <Opcode>0</Opcode>
      <Keywords>0x8020000000000000</Keywords>
      <TimeCreated SystemTime="2021-05-25T12:46:10.945589100Z" />
      <EventRecordID>9490397</EventRecordID>
      <Correlation ActivityID="{E88EEE90-5163-0000-BCEE-8EE86351D701}" />
      <Execution ProcessID="528" ThreadID="532" />
      <Channel>Security</Channel>
      <Computer>dhcp01.offsec.lan</Computer>
      <Security />
    </System>
    <EventData>
      <Data Name="SecurityPackageName">C:\Windows\system32\schannel.DLL : Schannel</Data>
    </EventData>
  </Event>
  <Event xmlns="http://schemas.microsoft.com/win/2004/08/events/event">
    <System>
      <Provider Name="Microsoft-Windows-Security-Auditing" Guid="{54849625-5478-4994-A5BA-3E3B0328C30D}" />
      <EventID>4622</EventID>
      <Version>0</Version>
      <Level>0</Level>
      <Task>12289</Task>
      <Opcode>0</Opcode>
      <Keywords>0x8020000000000000</Keywords>
      <TimeCreated SystemTime="2021-05-25T12:46:10.945596100Z" />
      <EventRecordID>9490398</EventRecordID>
      <Correlation ActivityID="{E88EEE90-5163-0000-BCEE-8EE86351D701}" />
      <Execution ProcessID="528" ThreadID="532" />
      <Channel>Security</Channel>
      <Computer>dhcp01.offsec.lan</Computer>
      <Security />
    </System>
    <EventData>
      <Data Name="SecurityPackageName">C:\Windows\system32\schannel.DLL : Microsoft Unified Security Protocol Provider</Data>
    </EventData>
  </Event>
  <Event xmlns="http://schemas.microsoft.com/win/2004/08/events/event">
    <System>
      <Provider Name="Microsoft-Windows-Security-Auditing" Guid="{54849625-5478-4994-A5BA-3E3B0328C30D}" />
      <EventID>4622</EventID>
      <Version>0</Version>
      <Level>0</Level>
      <Task>12289</Task>
      <Opcode>0</Opcode>
      <Keywords>0x8020000000000000</Keywords>
      <TimeCreated SystemTime="2021-06-08T13:12:12.958252900Z" />
      <EventRecordID>623903</EventRecordID>
      <Correlation />
      <Execution ProcessID="592" ThreadID="596" />
      <Channel>Security</Channel>
      <Computer>srvdefender01.offsec.lan</Computer>
      <Security />
    </System>
    <EventData>
      <Data Name="SecurityPackageName">C:\Windows\system32\lsasrv.dll : Negotiate</Data>
    </EventData>
  </Event>
  <Event xmlns="http://schemas.microsoft.com/win/2004/08/events/event">
    <System>
      <Provider Name="Microsoft-Windows-Security-Auditing" Guid="{54849625-5478-4994-A5BA-3E3B0328C30D}" />
      <EventID>4622</EventID>
      <Version>0</Version>
      <Level>0</Level>
      <Task>12289</Task>
      <Opcode>0</Opcode>
      <Keywords>0x8020000000000000</Keywords>
      <TimeCreated SystemTime="2021-06-08T13:12:13.018002200Z" />
      <EventRecordID>623904</EventRecordID>
      <Correlation />
      <Execution ProcessID="592" ThreadID="596" />
      <Channel>Security</Channel>
      <Computer>srvdefender01.offsec.lan</Computer>
      <Security />
    </System>
    <EventData>
      <Data Name="SecurityPackageName">C:\Windows\system32\negoexts.DLL : NegoExtender</Data>
    </EventData>
  </Event>
  <Event xmlns="http://schemas.microsoft.com/win/2004/08/events/event">
    <System>
      <Provider Name="Microsoft-Windows-Security-Auditing" Guid="{54849625-5478-4994-A5BA-3E3B0328C30D}" />
      <EventID>4622</EventID>
      <Version>0</Version>
      <Level>0</Level>
      <Task>12289</Task>
      <Opcode>0</Opcode>
      <Keywords>0x8020000000000000</Keywords>
      <TimeCreated SystemTime="2021-06-08T13:12:13.137049600Z" />
      <EventRecordID>623905</EventRecordID>
      <Correlation />
      <Execution ProcessID="592" ThreadID="596" />
      <Channel>Security</Channel>
      <Computer>srvdefender01.offsec.lan</Computer>
      <Security />
    </System>
    <EventData>
      <Data Name="SecurityPackageName">C:\Windows\system32\kerberos.DLL : Kerberos</Data>
    </EventData>
  </Event>
  <Event xmlns="http://schemas.microsoft.com/win/2004/08/events/event">
    <System>
      <Provider Name="Microsoft-Windows-Security-Auditing" Guid="{54849625-5478-4994-A5BA-3E3B0328C30D}" />
      <EventID>4622</EventID>
      <Version>0</Version>
      <Level>0</Level>
      <Task>12289</Task>
      <Opcode>0</Opcode>
      <Keywords>0x8020000000000000</Keywords>
      <TimeCreated SystemTime="2021-06-08T13:12:13.452522600Z" />
      <EventRecordID>623906</EventRecordID>
      <Correlation ActivityID="{DD7CDABA-5C67-0001-D8DA-7CDD675CD701}" />
      <Execution ProcessID="592" ThreadID="596" />
      <Channel>Security</Channel>
      <Computer>srvdefender01.offsec.lan</Computer>
      <Security />
    </System>
    <EventData>
      <Data Name="SecurityPackageName">C:\Windows\system32\msv1_0.DLL : NTLM</Data>
    </EventData>
  </Event>
  <Event xmlns="http://schemas.microsoft.com/win/2004/08/events/event">
    <System>
      <Provider Name="Microsoft-Windows-Security-Auditing" Guid="{54849625-5478-4994-A5BA-3E3B0328C30D}" />
      <EventID>4622</EventID>
      <Version>0</Version>
      <Level>0</Level>
      <Task>12289</Task>
      <Opcode>0</Opcode>
      <Keywords>0x8020000000000000</Keywords>
      <TimeCreated SystemTime="2021-06-08T13:12:13.484976800Z" />
      <EventRecordID>623907</EventRecordID>
      <Correlation ActivityID="{DD7CDABA-5C67-0001-D8DA-7CDD675CD701}" />
      <Execution ProcessID="592" ThreadID="596" />
      <Channel>Security</Channel>
      <Computer>srvdefender01.offsec.lan</Computer>
      <Security />
    </System>
    <EventData>
      <Data Name="SecurityPackageName">C:\Windows\system32\tspkg.DLL : TSSSP</Data>
    </EventData>
  </Event>
  <Event xmlns="http://schemas.microsoft.com/win/2004/08/events/event">
    <System>
      <Provider Name="Microsoft-Windows-Security-Auditing" Guid="{54849625-5478-4994-A5BA-3E3B0328C30D}" />
      <EventID>4622</EventID>
      <Version>0</Version>
      <Level>0</Level>
      <Task>12289</Task>
      <Opcode>0</Opcode>
      <Keywords>0x8020000000000000</Keywords>
      <TimeCreated SystemTime="2021-06-08T13:12:13.509934900Z" />
      <EventRecordID>623908</EventRecordID>
      <Correlation ActivityID="{DD7CDABA-5C67-0001-D8DA-7CDD675CD701}" />
      <Execution ProcessID="592" ThreadID="596" />
      <Channel>Security</Channel>
      <Computer>srvdefender01.offsec.lan</Computer>
      <Security />
    </System>
    <EventData>
      <Data Name="SecurityPackageName">C:\Windows\system32\pku2u.DLL : pku2u</Data>
    </EventData>
  </Event>
  <Event xmlns="http://schemas.microsoft.com/win/2004/08/events/event">
    <System>
      <Provider Name="Microsoft-Windows-Security-Auditing" Guid="{54849625-5478-4994-A5BA-3E3B0328C30D}" />
      <EventID>4622</EventID>
      <Version>0</Version>
      <Level>0</Level>
      <Task>12289</Task>
      <Opcode>0</Opcode>
      <Keywords>0x8020000000000000</Keywords>
      <TimeCreated SystemTime="2021-06-08T13:12:13.893138700Z" />
      <EventRecordID>623909</EventRecordID>
      <Correlation ActivityID="{DD7CDABA-5C67-0001-D8DA-7CDD675CD701}" />
      <Execution ProcessID="592" ThreadID="596" />
      <Channel>Security</Channel>
      <Computer>srvdefender01.offsec.lan</Computer>
      <Security />
    </System>
    <EventData>
      <Data Name="SecurityPackageName">C:\Windows\system32\cloudAP.DLL : CloudAP</Data>
    </EventData>
  </Event>
  <Event xmlns="http://schemas.microsoft.com/win/2004/08/events/event">
    <System>
      <Provider Name="Microsoft-Windows-Security-Auditing" Guid="{54849625-5478-4994-A5BA-3E3B0328C30D}" />
      <EventID>4622</EventID>
      <Version>0</Version>
      <Level>0</Level>
      <Task>12289</Task>
      <Opcode>0</Opcode>
      <Keywords>0x8020000000000000</Keywords>
      <TimeCreated SystemTime="2021-06-08T13:12:13.915136800Z" />
      <EventRecordID>623910</EventRecordID>
      <Correlation ActivityID="{DD7CDABA-5C67-0001-D8DA-7CDD675CD701}" />
      <Execution ProcessID="592" ThreadID="596" />
      <Channel>Security</Channel>
      <Computer>srvdefender01.offsec.lan</Computer>
      <Security />
    </System>
    <EventData>
      <Data Name="SecurityPackageName">C:\Windows\system32\wdigest.DLL : WDigest</Data>
    </EventData>
  </Event>
  <Event xmlns="http://schemas.microsoft.com/win/2004/08/events/event">
    <System>
      <Provider Name="Microsoft-Windows-Security-Auditing" Guid="{54849625-5478-4994-A5BA-3E3B0328C30D}" />
      <EventID>4622</EventID>
      <Version>0</Version>
      <Level>0</Level>
      <Task>12289</Task>
      <Opcode>0</Opcode>
      <Keywords>0x8020000000000000</Keywords>
      <TimeCreated SystemTime="2021-06-08T13:12:13.938430500Z" />
      <EventRecordID>623911</EventRecordID>
      <Correlation ActivityID="{DD7CDABA-5C67-0001-D8DA-7CDD675CD701}" />
      <Execution ProcessID="592" ThreadID="596" />
      <Channel>Security</Channel>
      <Computer>srvdefender01.offsec.lan</Computer>
      <Security />
    </System>
    <EventData>
      <Data Name="SecurityPackageName">C:\Windows\system32\schannel.DLL : Schannel</Data>
    </EventData>
  </Event>
  <Event xmlns="http://schemas.microsoft.com/win/2004/08/events/event">
    <System>
      <Provider Name="Microsoft-Windows-Security-Auditing" Guid="{54849625-5478-4994-A5BA-3E3B0328C30D}" />
      <EventID>4622</EventID>
      <Version>0</Version>
      <Level>0</Level>
      <Task>12289</Task>
      <Opcode>0</Opcode>
      <Keywords>0x8020000000000000</Keywords>
      <TimeCreated SystemTime="2021-06-08T13:12:13.938445000Z" />
      <EventRecordID>623912</EventRecordID>
      <Correlation ActivityID="{DD7CDABA-5C67-0001-D8DA-7CDD675CD701}" />
      <Execution ProcessID="592" ThreadID="596" />
      <Channel>Security</Channel>
      <Computer>srvdefender01.offsec.lan</Computer>
      <Security />
    </System>
    <EventData>
      <Data Name="SecurityPackageName">C:\Windows\system32\schannel.DLL : Microsoft Unified Security Protocol Provider</Data>
    </EventData>
  </Event>
  <Event xmlns="http://schemas.microsoft.com/win/2004/08/events/event">
    <System>
      <Provider Name="Microsoft-Windows-Security-Auditing" Guid="{54849625-5478-4994-A5BA-3E3B0328C30D}" />
      <EventID>4622</EventID>
      <Version>0</Version>
      <Level>0</Level>
      <Task>12289</Task>
      <Opcode>0</Opcode>
      <Keywords>0x8020000000000000</Keywords>
      <TimeCreated SystemTime="2021-06-08T13:13:39.270082900Z" />
      <EventRecordID>3840422</EventRecordID>
      <Correlation />
      <Execution ProcessID="584" ThreadID="588" />
      <Channel>Security</Channel>
      <Computer>wsus01.offsec.lan</Computer>
      <Security />
    </System>
    <EventData>
      <Data Name="SecurityPackageName">C:\Windows\system32\lsasrv.dll : Negotiate</Data>
    </EventData>
  </Event>
  <Event xmlns="http://schemas.microsoft.com/win/2004/08/events/event">
    <System>
      <Provider Name="Microsoft-Windows-Security-Auditing" Guid="{54849625-5478-4994-A5BA-3E3B0328C30D}" />
      <EventID>4622</EventID>
      <Version>0</Version>
      <Level>0</Level>
      <Task>12289</Task>
      <Opcode>0</Opcode>
      <Keywords>0x8020000000000000</Keywords>
      <TimeCreated SystemTime="2021-06-08T13:13:39.438854200Z" />
      <EventRecordID>3840423</EventRecordID>
      <Correlation />
      <Execution ProcessID="584" ThreadID="588" />
      <Channel>Security</Channel>
      <Computer>wsus01.offsec.lan</Computer>
      <Security />
    </System>
    <EventData>
      <Data Name="SecurityPackageName">C:\Windows\system32\negoexts.DLL : NegoExtender</Data>
    </EventData>
  </Event>
  <Event xmlns="http://schemas.microsoft.com/win/2004/08/events/event">
    <System>
      <Provider Name="Microsoft-Windows-Security-Auditing" Guid="{54849625-5478-4994-A5BA-3E3B0328C30D}" />
      <EventID>4622</EventID>
      <Version>0</Version>
      <Level>0</Level>
      <Task>12289</Task>
      <Opcode>0</Opcode>
      <Keywords>0x8020000000000000</Keywords>
      <TimeCreated SystemTime="2021-06-08T13:13:39.690839700Z" />
      <EventRecordID>3840424</EventRecordID>
      <Correlation />
      <Execution ProcessID="584" ThreadID="588" />
      <Channel>Security</Channel>
      <Computer>wsus01.offsec.lan</Computer>
      <Security />
    </System>
    <EventData>
      <Data Name="SecurityPackageName">C:\Windows\system32\kerberos.DLL : Kerberos</Data>
    </EventData>
  </Event>
  <Event xmlns="http://schemas.microsoft.com/win/2004/08/events/event">
    <System>
      <Provider Name="Microsoft-Windows-Security-Auditing" Guid="{54849625-5478-4994-A5BA-3E3B0328C30D}" />
      <EventID>4622</EventID>
      <Version>0</Version>
      <Level>0</Level>
      <Task>12289</Task>
      <Opcode>0</Opcode>
      <Keywords>0x8020000000000000</Keywords>
      <TimeCreated SystemTime="2021-06-08T13:13:39.952683500Z" />
      <EventRecordID>3840425</EventRecordID>
      <Correlation ActivityID="{0C93A589-5C68-0001-A0A5-930C685CD701}" />
      <Execution ProcessID="584" ThreadID="588" />
      <Channel>Security</Channel>
      <Computer>wsus01.offsec.lan</Computer>
      <Security />
    </System>
    <EventData>
      <Data Name="SecurityPackageName">C:\Windows\system32\msv1_0.DLL : NTLM</Data>
    </EventData>
  </Event>
  <Event xmlns="http://schemas.microsoft.com/win/2004/08/events/event">
    <System>
      <Provider Name="Microsoft-Windows-Security-Auditing" Guid="{54849625-5478-4994-A5BA-3E3B0328C30D}" />
      <EventID>4622</EventID>
      <Version>0</Version>
      <Level>0</Level>
      <Task>12289</Task>
      <Opcode>0</Opcode>
      <Keywords>0x8020000000000000</Keywords>
      <TimeCreated SystemTime="2021-06-08T13:13:40.009140900Z" />
      <EventRecordID>3840426</EventRecordID>
      <Correlation ActivityID="{0C93A589-5C68-0001-A0A5-930C685CD701}" />
      <Execution ProcessID="584" ThreadID="588" />
      <Channel>Security</Channel>
      <Computer>wsus01.offsec.lan</Computer>
      <Security />
    </System>
    <EventData>
      <Data Name="SecurityPackageName">C:\Windows\system32\tspkg.DLL : TSSSP</Data>
    </EventData>
  </Event>
  <Event xmlns="http://schemas.microsoft.com/win/2004/08/events/event">
    <System>
      <Provider Name="Microsoft-Windows-Security-Auditing" Guid="{54849625-5478-4994-A5BA-3E3B0328C30D}" />
      <EventID>4622</EventID>
      <Version>0</Version>
      <Level>0</Level>
      <Task>12289</Task>
      <Opcode>0</Opcode>
      <Keywords>0x8020000000000000</Keywords>
      <TimeCreated SystemTime="2021-06-08T13:13:40.041637000Z" />
      <EventRecordID>3840427</EventRecordID>
      <Correlation ActivityID="{0C93A589-5C68-0001-A0A5-930C685CD701}" />
      <Execution ProcessID="584" ThreadID="588" />
      <Channel>Security</Channel>
      <Computer>wsus01.offsec.lan</Computer>
      <Security />
    </System>
    <EventData>
      <Data Name="SecurityPackageName">C:\Windows\system32\pku2u.DLL : pku2u</Data>
    </EventData>
  </Event>
  <Event xmlns="http://schemas.microsoft.com/win/2004/08/events/event">
    <System>
      <Provider Name="Microsoft-Windows-Security-Auditing" Guid="{54849625-5478-4994-A5BA-3E3B0328C30D}" />
      <EventID>4622</EventID>
      <Version>0</Version>
      <Level>0</Level>
      <Task>12289</Task>
      <Opcode>0</Opcode>
      <Keywords>0x8020000000000000</Keywords>
      <TimeCreated SystemTime="2021-06-08T13:13:40.650532700Z" />
      <EventRecordID>3840428</EventRecordID>
      <Correlation ActivityID="{0C93A589-5C68-0001-A0A5-930C685CD701}" />
      <Execution ProcessID="584" ThreadID="588" />
      <Channel>Security</Channel>
      <Computer>wsus01.offsec.lan</Computer>
      <Security />
    </System>
    <EventData>
      <Data Name="SecurityPackageName">C:\Windows\system32\cloudAP.DLL : CloudAP</Data>
    </EventData>
  </Event>
  <Event xmlns="http://schemas.microsoft.com/win/2004/08/events/event">
    <System>
      <Provider Name="Microsoft-Windows-Security-Auditing" Guid="{54849625-5478-4994-A5BA-3E3B0328C30D}" />
      <EventID>4622</EventID>
      <Version>0</Version>
      <Level>0</Level>
      <Task>12289</Task>
      <Opcode>0</Opcode>
      <Keywords>0x8020000000000000</Keywords>
      <TimeCreated SystemTime="2021-06-08T13:13:40.743305100Z" />
      <EventRecordID>3840429</EventRecordID>
      <Correlation ActivityID="{0C93A589-5C68-0001-A0A5-930C685CD701}" />
      <Execution ProcessID="584" ThreadID="588" />
      <Channel>Security</Channel>
      <Computer>wsus01.offsec.lan</Computer>
      <Security />
    </System>
    <EventData>
      <Data Name="SecurityPackageName">C:\Windows\system32\wdigest.DLL : WDigest</Data>
    </EventData>
  </Event>
  <Event xmlns="http://schemas.microsoft.com/win/2004/08/events/event">
    <System>
      <Provider Name="Microsoft-Windows-Security-Auditing" Guid="{54849625-5478-4994-A5BA-3E3B0328C30D}" />
      <EventID>4622</EventID>
      <Version>0</Version>
      <Level>0</Level>
      <Task>12289</Task>
      <Opcode>0</Opcode>
      <Keywords>0x8020000000000000</Keywords>
      <TimeCreated SystemTime="2021-06-08T13:13:40.774525200Z" />
      <EventRecordID>3840430</EventRecordID>
      <Correlation ActivityID="{0C93A589-5C68-0001-A0A5-930C685CD701}" />
      <Execution ProcessID="584" ThreadID="588" />
      <Channel>Security</Channel>
      <Computer>wsus01.offsec.lan</Computer>
      <Security />
    </System>
    <EventData>
      <Data Name="SecurityPackageName">C:\Windows\system32\schannel.DLL : Schannel</Data>
    </EventData>
  </Event>
  <Event xmlns="http://schemas.microsoft.com/win/2004/08/events/event">
    <System>
      <Provider Name="Microsoft-Windows-Security-Auditing" Guid="{54849625-5478-4994-A5BA-3E3B0328C30D}" />
      <EventID>4622</EventID>
      <Version>0</Version>
      <Level>0</Level>
      <Task>12289</Task>
      <Opcode>0</Opcode>
      <Keywords>0x8020000000000000</Keywords>
      <TimeCreated SystemTime="2021-06-08T13:13:40.774539200Z" />
      <EventRecordID>3840431</EventRecordID>
      <Correlation ActivityID="{0C93A589-5C68-0001-A0A5-930C685CD701}" />
      <Execution ProcessID="584" ThreadID="588" />
      <Channel>Security</Channel>
      <Computer>wsus01.offsec.lan</Computer>
      <Security />
    </System>
    <EventData>
      <Data Name="SecurityPackageName">C:\Windows\system32\schannel.DLL : Microsoft Unified Security Protocol Provider</Data>
    </EventData>
  </Event>
  <Event xmlns="http://schemas.microsoft.com/win/2004/08/events/event">
    <System>
      <Provider Name="Microsoft-Windows-Security-Auditing" Guid="{54849625-5478-4994-A5BA-3E3B0328C30D}" />
      <EventID>4622</EventID>
      <Version>0</Version>
      <Level>0</Level>
      <Task>12289</Task>
      <Opcode>0</Opcode>
      <Keywords>0x8020000000000000</Keywords>
      <TimeCreated SystemTime="2021-06-29T07:36:53.342337500Z" />
      <EventRecordID>638320</EventRecordID>
      <Correlation />
      <Execution ProcessID="600" ThreadID="604" />
      <Channel>Security</Channel>
      <Computer>srvdefender01.offsec.lan</Computer>
      <Security />
    </System>
    <EventData>
      <Data Name="SecurityPackageName">C:\Windows\system32\lsasrv.dll : Negotiate</Data>
    </EventData>
  </Event>
  <Event xmlns="http://schemas.microsoft.com/win/2004/08/events/event">
    <System>
      <Provider Name="Microsoft-Windows-Security-Auditing" Guid="{54849625-5478-4994-A5BA-3E3B0328C30D}" />
      <EventID>4622</EventID>
      <Version>0</Version>
      <Level>0</Level>
      <Task>12289</Task>
      <Opcode>0</Opcode>
      <Keywords>0x8020000000000000</Keywords>
      <TimeCreated SystemTime="2021-06-29T07:36:53.393055800Z" />
      <EventRecordID>638321</EventRecordID>
      <Correlation />
      <Execution ProcessID="600" ThreadID="604" />
      <Channel>Security</Channel>
      <Computer>srvdefender01.offsec.lan</Computer>
      <Security />
    </System>
    <EventData>
      <Data Name="SecurityPackageName">C:\Windows\system32\negoexts.DLL : NegoExtender</Data>
    </EventData>
  </Event>
  <Event xmlns="http://schemas.microsoft.com/win/2004/08/events/event">
    <System>
      <Provider Name="Microsoft-Windows-Security-Auditing" Guid="{54849625-5478-4994-A5BA-3E3B0328C30D}" />
      <EventID>4622</EventID>
      <Version>0</Version>
      <Level>0</Level>
      <Task>12289</Task>
      <Opcode>0</Opcode>
      <Keywords>0x8020000000000000</Keywords>
      <TimeCreated SystemTime="2021-06-29T07:36:53.502758600Z" />
      <EventRecordID>638322</EventRecordID>
      <Correlation />
      <Execution ProcessID="600" ThreadID="604" />
      <Channel>Security</Channel>
      <Computer>srvdefender01.offsec.lan</Computer>
      <Security />
    </System>
    <EventData>
      <Data Name="SecurityPackageName">C:\Windows\system32\kerberos.DLL : Kerberos</Data>
    </EventData>
  </Event>
  <Event xmlns="http://schemas.microsoft.com/win/2004/08/events/event">
    <System>
      <Provider Name="Microsoft-Windows-Security-Auditing" Guid="{54849625-5478-4994-A5BA-3E3B0328C30D}" />
      <EventID>4622</EventID>
      <Version>0</Version>
      <Level>0</Level>
      <Task>12289</Task>
      <Opcode>0</Opcode>
      <Keywords>0x8020000000000000</Keywords>
      <TimeCreated SystemTime="2021-06-29T07:36:53.692835600Z" />
      <EventRecordID>638323</EventRecordID>
      <Correlation ActivityID="{7FB317BA-6CB9-0000-CC17-B37FB96CD701}" />
      <Execution ProcessID="600" ThreadID="604" />
      <Channel>Security</Channel>
      <Computer>srvdefender01.offsec.lan</Computer>
      <Security />
    </System>
    <EventData>
      <Data Name="SecurityPackageName">C:\Windows\system32\msv1_0.DLL : NTLM</Data>
    </EventData>
  </Event>
  <Event xmlns="http://schemas.microsoft.com/win/2004/08/events/event">
    <System>
      <Provider Name="Microsoft-Windows-Security-Auditing" Guid="{54849625-5478-4994-A5BA-3E3B0328C30D}" />
      <EventID>4622</EventID>
      <Version>0</Version>
      <Level>0</Level>
      <Task>12289</Task>
      <Opcode>0</Opcode>
      <Keywords>0x8020000000000000</Keywords>
      <TimeCreated SystemTime="2021-06-29T07:36:53.725071100Z" />
      <EventRecordID>638324</EventRecordID>
      <Correlation ActivityID="{7FB317BA-6CB9-0000-CC17-B37FB96CD701}" />
      <Execution ProcessID="600" ThreadID="604" />
      <Channel>Security</Channel>
      <Computer>srvdefender01.offsec.lan</Computer>
      <Security />
    </System>
    <EventData>
      <Data Name="SecurityPackageName">C:\Windows\system32\tspkg.DLL : TSSSP</Data>
    </EventData>
  </Event>
  <Event xmlns="http://schemas.microsoft.com/win/2004/08/events/event">
    <System>
      <Provider Name="Microsoft-Windows-Security-Auditing" Guid="{54849625-5478-4994-A5BA-3E3B0328C30D}" />
      <EventID>4622</EventID>
      <Version>0</Version>
      <Level>0</Level>
      <Task>12289</Task>
      <Opcode>0</Opcode>
      <Keywords>0x8020000000000000</Keywords>
      <TimeCreated SystemTime="2021-06-29T07:36:53.751785100Z" />
      <EventRecordID>638325</EventRecordID>
      <Correlation ActivityID="{7FB317BA-6CB9-0000-CC17-B37FB96CD701}" />
      <Execution ProcessID="600" ThreadID="604" />
      <Channel>Security</Channel>
      <Computer>srvdefender01.offsec.lan</Computer>
      <Security />
    </System>
    <EventData>
      <Data Name="SecurityPackageName">C:\Windows\system32\pku2u.DLL : pku2u</Data>
    </EventData>
  </Event>
  <Event xmlns="http://schemas.microsoft.com/win/2004/08/events/event">
    <System>
      <Provider Name="Microsoft-Windows-Security-Auditing" Guid="{54849625-5478-4994-A5BA-3E3B0328C30D}" />
      <EventID>4622</EventID>
      <Version>0</Version>
      <Level>0</Level>
      <Task>12289</Task>
      <Opcode>0</Opcode>
      <Keywords>0x8020000000000000</Keywords>
      <TimeCreated SystemTime="2021-06-29T07:36:54.070968400Z" />
      <EventRecordID>638326</EventRecordID>
      <Correlation ActivityID="{7FB317BA-6CB9-0000-CC17-B37FB96CD701}" />
      <Execution ProcessID="600" ThreadID="604" />
      <Channel>Security</Channel>
      <Computer>srvdefender01.offsec.lan</Computer>
      <Security />
    </System>
    <EventData>
      <Data Name="SecurityPackageName">C:\Windows\system32\cloudAP.DLL : CloudAP</Data>
    </EventData>
  </Event>
  <Event xmlns="http://schemas.microsoft.com/win/2004/08/events/event">
    <System>
      <Provider Name="Microsoft-Windows-Security-Auditing" Guid="{54849625-5478-4994-A5BA-3E3B0328C30D}" />
      <EventID>4622</EventID>
      <Version>0</Version>
      <Level>0</Level>
      <Task>12289</Task>
      <Opcode>0</Opcode>
      <Keywords>0x8020000000000000</Keywords>
      <TimeCreated SystemTime="2021-06-29T07:36:54.093685600Z" />
      <EventRecordID>638327</EventRecordID>
      <Correlation ActivityID="{7FB317BA-6CB9-0000-CC17-B37FB96CD701}" />
      <Execution ProcessID="600" ThreadID="604" />
      <Channel>Security</Channel>
      <Computer>srvdefender01.offsec.lan</Computer>
      <Security />
    </System>
    <EventData>
      <Data Name="SecurityPackageName">C:\Windows\system32\wdigest.DLL : WDigest</Data>
    </EventData>
  </Event>
  <Event xmlns="http://schemas.microsoft.com/win/2004/08/events/event">
    <System>
      <Provider Name="Microsoft-Windows-Security-Auditing" Guid="{54849625-5478-4994-A5BA-3E3B0328C30D}" />
      <EventID>4622</EventID>
      <Version>0</Version>
      <Level>0</Level>
      <Task>12289</Task>
      <Opcode>0</Opcode>
      <Keywords>0x8020000000000000</Keywords>
      <TimeCreated SystemTime="2021-06-29T07:36:54.125944100Z" />
      <EventRecordID>638328</EventRecordID>
      <Correlation ActivityID="{7FB317BA-6CB9-0000-CC17-B37FB96CD701}" />
      <Execution ProcessID="600" ThreadID="604" />
      <Channel>Security</Channel>
      <Computer>srvdefender01.offsec.lan</Computer>
      <Security />
    </System>
    <EventData>
      <Data Name="SecurityPackageName">C:\Windows\system32\schannel.DLL : Schannel</Data>
    </EventData>
  </Event>
  <Event xmlns="http://schemas.microsoft.com/win/2004/08/events/event">
    <System>
      <Provider Name="Microsoft-Windows-Security-Auditing" Guid="{54849625-5478-4994-A5BA-3E3B0328C30D}" />
      <EventID>4622</EventID>
      <Version>0</Version>
      <Level>0</Level>
      <Task>12289</Task>
      <Opcode>0</Opcode>
      <Keywords>0x8020000000000000</Keywords>
      <TimeCreated SystemTime="2021-06-29T07:36:54.125966900Z" />
      <EventRecordID>638329</EventRecordID>
      <Correlation ActivityID="{7FB317BA-6CB9-0000-CC17-B37FB96CD701}" />
      <Execution ProcessID="600" ThreadID="604" />
      <Channel>Security</Channel>
      <Computer>srvdefender01.offsec.lan</Computer>
      <Security />
    </System>
    <EventData>
      <Data Name="SecurityPackageName">C:\Windows\system32\schannel.DLL : Microsoft Unified Security Protocol Provider</Data>
    </EventData>
  </Event>
  <Event xmlns="http://schemas.microsoft.com/win/2004/08/events/event">
    <System>
      <Provider Name="Microsoft-Windows-Security-Auditing" Guid="{54849625-5478-4994-a5ba-3e3b0328c30d}" />
      <EventID>4622</EventID>
      <Version>0</Version>
      <Level>0</Level>
      <Task>12289</Task>
      <Opcode>0</Opcode>
      <Keywords>0x8020000000000000</Keywords>
      <TimeCreated SystemTime="2021-06-29T07:43:44.9355737Z" />
      <EventRecordID>642831</EventRecordID>
      <Correlation />
      <Execution ProcessID="700" ThreadID="704" />
      <Channel>Security</Channel>
      <Computer>win10-02.offsec.lan</Computer>
      <Security />
    </System>
    <EventData>
      <Data Name="SecurityPackageName">C:\Windows\system32\lsasrv.dll : Negotiate</Data>
    </EventData>
  </Event>
  <Event xmlns="http://schemas.microsoft.com/win/2004/08/events/event">
    <System>
      <Provider Name="Microsoft-Windows-Security-Auditing" Guid="{54849625-5478-4994-a5ba-3e3b0328c30d}" />
      <EventID>4622</EventID>
      <Version>0</Version>
      <Level>0</Level>
      <Task>12289</Task>
      <Opcode>0</Opcode>
      <Keywords>0x8020000000000000</Keywords>
      <TimeCreated SystemTime="2021-06-29T07:43:44.9423637Z" />
      <EventRecordID>642832</EventRecordID>
      <Correlation />
      <Execution ProcessID="700" ThreadID="704" />
      <Channel>Security</Channel>
      <Computer>win10-02.offsec.lan</Computer>
      <Security />
    </System>
    <EventData>
      <Data Name="SecurityPackageName">C:\Windows\system32\negoexts.DLL : NegoExtender</Data>
    </EventData>
  </Event>
  <Event xmlns="http://schemas.microsoft.com/win/2004/08/events/event">
    <System>
      <Provider Name="Microsoft-Windows-Security-Auditing" Guid="{54849625-5478-4994-a5ba-3e3b0328c30d}" />
      <EventID>4622</EventID>
      <Version>0</Version>
      <Level>0</Level>
      <Task>12289</Task>
      <Opcode>0</Opcode>
      <Keywords>0x8020000000000000</Keywords>
      <TimeCreated SystemTime="2021-06-29T07:43:44.9794103Z" />
      <EventRecordID>642833</EventRecordID>
      <Correlation />
      <Execution ProcessID="700" ThreadID="704" />
      <Channel>Security</Channel>
      <Computer>win10-02.offsec.lan</Computer>
      <Security />
    </System>
    <EventData>
      <Data Name="SecurityPackageName">C:\Windows\system32\kerberos.DLL : Kerberos</Data>
    </EventData>
  </Event>
  <Event xmlns="http://schemas.microsoft.com/win/2004/08/events/event">
    <System>
      <Provider Name="Microsoft-Windows-Security-Auditing" Guid="{54849625-5478-4994-a5ba-3e3b0328c30d}" />
      <EventID>4622</EventID>
      <Version>0</Version>
      <Level>0</Level>
      <Task>12289</Task>
      <Opcode>0</Opcode>
      <Keywords>0x8020000000000000</Keywords>
      <TimeCreated SystemTime="2021-06-29T07:43:45.0457447Z" />
      <EventRecordID>642834</EventRecordID>
      <Correlation ActivityID="{6cd6d332-6cba-0001-a8d3-d66cba6cd701}" />
      <Execution ProcessID="700" ThreadID="704" />
      <Channel>Security</Channel>
      <Computer>win10-02.offsec.lan</Computer>
      <Security />
    </System>
    <EventData>
      <Data Name="SecurityPackageName">C:\Windows\system32\msv1_0.DLL : NTLM</Data>
    </EventData>
  </Event>
  <Event xmlns="http://schemas.microsoft.com/win/2004/08/events/event">
    <System>
      <Provider Name="Microsoft-Windows-Security-Auditing" Guid="{54849625-5478-4994-a5ba-3e3b0328c30d}" />
      <EventID>4622</EventID>
      <Version>0</Version>
      <Level>0</Level>
      <Task>12289</Task>
      <Opcode>0</Opcode>
      <Keywords>0x8020000000000000</Keywords>
      <TimeCreated SystemTime="2021-06-29T07:43:45.0498016Z" />
      <EventRecordID>642835</EventRecordID>
      <Correlation ActivityID="{6cd6d332-6cba-0001-a8d3-d66cba6cd701}" />
      <Execution ProcessID="700" ThreadID="704" />
      <Channel>Security</Channel>
      <Computer>win10-02.offsec.lan</Computer>
      <Security />
    </System>
    <EventData>
      <Data Name="SecurityPackageName">C:\Windows\system32\tspkg.DLL : TSSSP</Data>
    </EventData>
  </Event>
  <Event xmlns="http://schemas.microsoft.com/win/2004/08/events/event">
    <System>
      <Provider Name="Microsoft-Windows-Security-Auditing" Guid="{54849625-5478-4994-a5ba-3e3b0328c30d}" />
      <EventID>4622</EventID>
      <Version>0</Version>
      <Level>0</Level>
      <Task>12289</Task>
      <Opcode>0</Opcode>
      <Keywords>0x8020000000000000</Keywords>
      <TimeCreated SystemTime="2021-06-29T07:43:45.0560193Z" />
      <EventRecordID>642836</EventRecordID>
      <Correlation ActivityID="{6cd6d332-6cba-0001-a8d3-d66cba6cd701}" />
      <Execution ProcessID="700" ThreadID="704" />
      <Channel>Security</Channel>
      <Computer>win10-02.offsec.lan</Computer>
      <Security />
    </System>
    <EventData>
      <Data Name="SecurityPackageName">C:\Windows\system32\pku2u.DLL : pku2u</Data>
    </EventData>
  </Event>
  <Event xmlns="http://schemas.microsoft.com/win/2004/08/events/event">
    <System>
      <Provider Name="Microsoft-Windows-Security-Auditing" Guid="{54849625-5478-4994-a5ba-3e3b0328c30d}" />
      <EventID>4622</EventID>
      <Version>0</Version>
      <Level>0</Level>
      <Task>12289</Task>
      <Opcode>0</Opcode>
      <Keywords>0x8020000000000000</Keywords>
      <TimeCreated SystemTime="2021-06-29T07:43:45.1753949Z" />
      <EventRecordID>642837</EventRecordID>
      <Correlation ActivityID="{6cd6d332-6cba-0001-a8d3-d66cba6cd701}" />
      <Execution ProcessID="700" ThreadID="704" />
      <Channel>Security</Channel>
      <Computer>win10-02.offsec.lan</Computer>
      <Security />
    </System>
    <EventData>
      <Data Name="SecurityPackageName">C:\Windows\system32\cloudAP.DLL : CloudAP</Data>
    </EventData>
  </Event>
  <Event xmlns="http://schemas.microsoft.com/win/2004/08/events/event">
    <System>
      <Provider Name="Microsoft-Windows-Security-Auditing" Guid="{54849625-5478-4994-a5ba-3e3b0328c30d}" />
      <EventID>4622</EventID>
      <Version>0</Version>
      <Level>0</Level>
      <Task>12289</Task>
      <Opcode>0</Opcode>
      <Keywords>0x8020000000000000</Keywords>
      <TimeCreated SystemTime="2021-06-29T07:43:45.1811252Z" />
      <EventRecordID>642838</EventRecordID>
      <Correlation ActivityID="{6cd6d332-6cba-0001-a8d3-d66cba6cd701}" />
      <Execution ProcessID="700" ThreadID="704" />
      <Channel>Security</Channel>
      <Computer>win10-02.offsec.lan</Computer>
      <Security />
    </System>
    <EventData>
      <Data Name="SecurityPackageName">C:\Windows\system32\wdigest.DLL : WDigest</Data>
    </EventData>
  </Event>
  <Event xmlns="http://schemas.microsoft.com/win/2004/08/events/event">
    <System>
      <Provider Name="Microsoft-Windows-Security-Auditing" Guid="{54849625-5478-4994-a5ba-3e3b0328c30d}" />
      <EventID>4622</EventID>
      <Version>0</Version>
      <Level>0</Level>
      <Task>12289</Task>
      <Opcode>0</Opcode>
      <Keywords>0x8020000000000000</Keywords>
      <TimeCreated SystemTime="2021-06-29T07:43:45.1913711Z" />
      <EventRecordID>642839</EventRecordID>
      <Correlation ActivityID="{6cd6d332-6cba-0001-a8d3-d66cba6cd701}" />
      <Execution ProcessID="700" ThreadID="704" />
      <Channel>Security</Channel>
      <Computer>win10-02.offsec.lan</Computer>
      <Security />
    </System>
    <EventData>
      <Data Name="SecurityPackageName">C:\Windows\system32\schannel.DLL : Schannel</Data>
    </EventData>
  </Event>
  <Event xmlns="http://schemas.microsoft.com/win/2004/08/events/event">
    <System>
      <Provider Name="Microsoft-Windows-Security-Auditing" Guid="{54849625-5478-4994-a5ba-3e3b0328c30d}" />
      <EventID>4622</EventID>
      <Version>0</Version>
      <Level>0</Level>
      <Task>12289</Task>
      <Opcode>0</Opcode>
      <Keywords>0x8020000000000000</Keywords>
      <TimeCreated SystemTime="2021-06-29T07:43:45.1913951Z" />
      <EventRecordID>642840</EventRecordID>
      <Correlation ActivityID="{6cd6d332-6cba-0001-a8d3-d66cba6cd701}" />
      <Execution ProcessID="700" ThreadID="704" />
      <Channel>Security</Channel>
      <Computer>win10-02.offsec.lan</Computer>
      <Security />
    </System>
    <EventData>
      <Data Name="SecurityPackageName">C:\Windows\system32\schannel.DLL : Microsoft Unified Security Protocol Provider</Data>
    </EventData>
  </Event>
  <Event xmlns="http://schemas.microsoft.com/win/2004/08/events/event">
    <System>
      <Provider Name="Microsoft-Windows-Security-Auditing" Guid="{54849625-5478-4994-A5BA-3E3B0328C30D}" />
      <EventID>4622</EventID>
      <Version>0</Version>
      <Level>0</Level>
      <Task>12289</Task>
      <Opcode>0</Opcode>
      <Keywords>0x8020000000000000</Keywords>
      <TimeCreated SystemTime="2021-09-29T09:49:20.336893800Z" />
      <EventRecordID>3843810</EventRecordID>
      <Correlation />
      <Execution ProcessID="584" ThreadID="588" />
      <Channel>Security</Channel>
      <Computer>wsus01.offsec.lan</Computer>
      <Security />
    </System>
    <EventData>
      <Data Name="SecurityPackageName">C:\Windows\system32\lsasrv.dll : Negotiate</Data>
    </EventData>
  </Event>
  <Event xmlns="http://schemas.microsoft.com/win/2004/08/events/event">
    <System>
      <Provider Name="Microsoft-Windows-Security-Auditing" Guid="{54849625-5478-4994-A5BA-3E3B0328C30D}" />
      <EventID>4622</EventID>
      <Version>0</Version>
      <Level>0</Level>
      <Task>12289</Task>
      <Opcode>0</Opcode>
      <Keywords>0x8020000000000000</Keywords>
      <TimeCreated SystemTime="2021-09-29T09:49:20.379051800Z" />
      <EventRecordID>3843811</EventRecordID>
      <Correlation />
      <Execution ProcessID="584" ThreadID="588" />
      <Channel>Security</Channel>
      <Computer>wsus01.offsec.lan</Computer>
      <Security />
    </System>
    <EventData>
      <Data Name="SecurityPackageName">C:\Windows\system32\negoexts.DLL : NegoExtender</Data>
    </EventData>
  </Event>
  <Event xmlns="http://schemas.microsoft.com/win/2004/08/events/event">
    <System>
      <Provider Name="Microsoft-Windows-Security-Auditing" Guid="{54849625-5478-4994-A5BA-3E3B0328C30D}" />
      <EventID>4622</EventID>
      <Version>0</Version>
      <Level>0</Level>
      <Task>12289</Task>
      <Opcode>0</Opcode>
      <Keywords>0x8020000000000000</Keywords>
      <TimeCreated SystemTime="2021-09-29T09:49:20.671354700Z" />
      <EventRecordID>3843812</EventRecordID>
      <Correlation />
      <Execution ProcessID="584" ThreadID="588" />
      <Channel>Security</Channel>
      <Computer>wsus01.offsec.lan</Computer>
      <Security />
    </System>
    <EventData>
      <Data Name="SecurityPackageName">C:\Windows\system32\kerberos.DLL : Kerberos</Data>
    </EventData>
  </Event>
  <Event xmlns="http://schemas.microsoft.com/win/2004/08/events/event">
    <System>
      <Provider Name="Microsoft-Windows-Security-Auditing" Guid="{54849625-5478-4994-A5BA-3E3B0328C30D}" />
      <EventID>4622</EventID>
      <Version>0</Version>
      <Level>0</Level>
      <Task>12289</Task>
      <Opcode>0</Opcode>
      <Keywords>0x8020000000000000</Keywords>
      <TimeCreated SystemTime="2021-09-29T09:49:20.987430200Z" />
      <EventRecordID>3843813</EventRecordID>
      <Correlation ActivityID="{391EAD5B-B517-0000-71AD-1E3917B5D701}" />
      <Execution ProcessID="584" ThreadID="588" />
      <Channel>Security</Channel>
      <Computer>wsus01.offsec.lan</Computer>
      <Security />
    </System>
    <EventData>
      <Data Name="SecurityPackageName">C:\Windows\system32\msv1_0.DLL : NTLM</Data>
    </EventData>
  </Event>
  <Event xmlns="http://schemas.microsoft.com/win/2004/08/events/event">
    <System>
      <Provider Name="Microsoft-Windows-Security-Auditing" Guid="{54849625-5478-4994-A5BA-3E3B0328C30D}" />
      <EventID>4622</EventID>
      <Version>0</Version>
      <Level>0</Level>
      <Task>12289</Task>
      <Opcode>0</Opcode>
      <Keywords>0x8020000000000000</Keywords>
      <TimeCreated SystemTime="2021-09-29T09:49:21.024102500Z" />
      <EventRecordID>3843814</EventRecordID>
      <Correlation ActivityID="{391EAD5B-B517-0000-71AD-1E3917B5D701}" />
      <Execution ProcessID="584" ThreadID="588" />
      <Channel>Security</Channel>
      <Computer>wsus01.offsec.lan</Computer>
      <Security />
    </System>
    <EventData>
      <Data Name="SecurityPackageName">C:\Windows\system32\tspkg.DLL : TSSSP</Data>
    </EventData>
  </Event>
  <Event xmlns="http://schemas.microsoft.com/win/2004/08/events/event">
    <System>
      <Provider Name="Microsoft-Windows-Security-Auditing" Guid="{54849625-5478-4994-A5BA-3E3B0328C30D}" />
      <EventID>4622</EventID>
      <Version>0</Version>
      <Level>0</Level>
      <Task>12289</Task>
      <Opcode>0</Opcode>
      <Keywords>0x8020000000000000</Keywords>
      <TimeCreated SystemTime="2021-09-29T09:49:21.064019100Z" />
      <EventRecordID>3843815</EventRecordID>
      <Correlation ActivityID="{391EAD5B-B517-0000-71AD-1E3917B5D701}" />
      <Execution ProcessID="584" ThreadID="588" />
      <Channel>Security</Channel>
      <Computer>wsus01.offsec.lan</Computer>
      <Security />
    </System>
    <EventData>
      <Data Name="SecurityPackageName">C:\Windows\system32\pku2u.DLL : pku2u</Data>
    </EventData>
  </Event>
  