<root>
  <Event xmlns="http://schemas.microsoft.com/win/2004/08/events/event">
    <System>
      <Provider Name="Microsoft-Windows-Security-Auditing" Guid="{54849625-5478-4994-A5BA-3E3B0328C30D}" />
      <EventID>4622</EventID>
      <Version>0</Version>
      <Level>0</Level>
      <Task>12289</Task>
      <Opcode>0</Opcode>
      <Keywords>0x8020000000000000</Keywords>
      <TimeCreated SystemTime="2021-05-10T06:22:54.633626900Z" />
      <EventRecordID>1814868</EventRecordID>
      <Correlation />
      <Execution ProcessID="564" ThreadID="568" />
      <Channel>Security</Channel>
      <Computer>fs01.offsec.lan</Computer>
      <Security />
    </System>
    <EventData>
      <Data Name="SecurityPackageName">C:\Windows\system32\lsasrv.dll : Negotiate</Data>
    </EventData>
  </Event>
  <Event xmlns="http://schemas.microsoft.com/win/2004/08/events/event">
    <System>
      <Provider Name="Microsoft-Windows-Security-Auditing" Guid="{54849625-5478-4994-A5BA-3E3B0328C30D}" />
      <EventID>4622</EventID>
      <Version>0</Version>
      <Level>0</Level>
      <Task>12289</Task>
      <Opcode>0</Opcode>
      <Keywords>0x8020000000000000</Keywords>
      <TimeCreated SystemTime="2021-05-10T06:22:54.692315000Z" />
      <EventRecordID>1814869</EventRecordID>
      <Correlation />
      <Execution ProcessID="564" ThreadID="568" />
      <Channel>Security</Channel>
      <Computer>fs01.offsec.lan</Computer>
      <Security />
    </System>
    <EventData>
      <Data Name="SecurityPackageName">C:\Windows\system32\negoexts.DLL : NegoExtender</Data>
    </EventData>
  </Event>
  <Event xmlns="http://schemas.microsoft.com/win/2004/08/events/event">
    <System>
      <Provider Name="Microsoft-Windows-Security-Auditing" Guid="{54849625-5478-4994-A5BA-3E3B0328C30D}" />
      <EventID>4622</EventID>
      <Version>0</Version>
      <Level>0</Level>
      <Task>12289</Task>
      <Opcode>0</Opcode>
      <Keywords>0x8020000000000000</Keywords>
      <TimeCreated SystemTime="2021-05-10T06:22:54.801682800Z" />
      <EventRecordID>1814870</EventRecordID>
      <Correlation />
      <Execution ProcessID="564" ThreadID="568" />
      <Channel>Security</Channel>
      <Computer>fs01.offsec.lan</Computer>
      <Security />
    </System>
    <EventData>
      <Data Name="SecurityPackageName">C:\Windows\system32\kerberos.DLL : Kerberos</Data>
    </EventData>
  </Event>
  <Event xmlns="http://schemas.microsoft.com/win/2004/08/events/event">
    <System>
      <Provider Name="Microsoft-Windows-Security-Auditing" Guid="{54849625-5478-4994-A5BA-3E3B0328C30D}" />
      <EventID>4622</EventID>
      <Version>0</Version>
      <Level>0</Level>
      <Task>12289</Task>
      <Opcode>0</Opcode>
      <Keywords>0x8020000000000000</Keywords>
      <TimeCreated SystemTime="2021-05-10T06:22:55.029992200Z" />
      <EventRecordID>1814871</EventRecordID>
      <Correlation ActivityID="{E1346C11-4564-0001-2A6C-34E16445D701}" />
      <Execution ProcessID="564" ThreadID="568" />
      <Channel>Security</Channel>
      <Computer>fs01.offsec.lan</Computer>
      <Security />
    </System>
    <EventData>
      <Data Name="SecurityPackageName">C:\Windows\system32\msv1_0.DLL : NTLM</Data>
    </EventData>
  </Event>
  <Event xmlns="http://schemas.microsoft.com/win/2004/08/events/event">
    <System>
      <Provider Name="Microsoft-Windows-Security-Auditing" Guid="{54849625-5478-4994-A5BA-3E3B0328C30D}" />
      <EventID>4622</EventID>
      <Version>0</Version>
      <Level>0</Level>
      <Task>12289</Task>
      <Opcode>0</Opcode>
      <Keywords>0x8020000000000000</Keywords>
      <TimeCreated SystemTime="2021-05-10T06:22:55.103155600Z" />
      <EventRecordID>1814872</EventRecordID>
      <Correlation ActivityID="{E1346C11-4564-0001-2A6C-34E16445D701}" />
      <Execution ProcessID="564" ThreadID="568" />
      <Channel>Security</Channel>
      <Computer>fs01.offsec.lan</Computer>
      <Security />
    </System>
    <EventData>
      <Data Name="SecurityPackageName">C:\Windows\system32\tspkg.DLL : TSSSP</Data>
    </EventData>
  </Event>
  <Event xmlns="http://schemas.microsoft.com/win/2004/08/events/event">
    <System>
      <Provider Name="Microsoft-Windows-Security-Auditing" Guid="{54849625-5478-4994-A5BA-3E3B0328C30D}" />
      <EventID>4622</EventID>
      <Version>0</Version>
      <Level>0</Level>
      <Task>12289</Task>
      <Opcode>0</Opcode>
      <Keywords>0x8020000000000000</Keywords>
      <TimeCreated SystemTime="2021-05-10T06:22:55.119844200Z" />
      <EventRecordID>1814873</EventRecordID>
      <Correlation ActivityID="{E1346C11-4564-0001-2A6C-34E16445D701}" />
      <Execution ProcessID="564" ThreadID="568" />
      <Channel>Security</Channel>
      <Computer>fs01.offsec.lan</Computer>
      <Security />
    </System>
    <EventData>
      <Data Name="SecurityPackageName">C:\Windows\system32\pku2u.DLL : pku2u</Data>
    </EventData>
  </Event>
  <Event xmlns="http://schemas.microsoft.com/win/2004/08/events/event">
    <System>
      <Provider Name="Microsoft-Windows-Security-Auditing" Guid="{54849625-5478-4994-A5BA-3E3B0328C30D}" />
      <EventID>4622</EventID>
      <Version>0</Version>
      <Level>0</Level>
      <Task>12289</Task>
      <Opcode>0</Opcode>
      <Keywords>0x8020000000000000</Keywords>
      <TimeCreated SystemTime="2021-05-10T06:22:55.498547500Z" />
      <EventRecordID>1814874</EventRecordID>
      <Correlation ActivityID="{E1346C11-4564-0001-2A6C-34E16445D701}" />
      <Execution ProcessID="564" ThreadID="568" />
      <Channel>Security</Channel>
      <Computer>fs01.offsec.lan</Computer>
      <Security />
    </System>
    <EventData>
      <Data Name="SecurityPackageName">C:\Windows\system32\cloudAP.DLL : CloudAP</Data>
    </EventData>
  </Event>
  <Event xmlns="http://schemas.microsoft.com/win/2004/08/events/event">
    <System>
      <Provider Name="Microsoft-Windows-Security-Auditing" Guid="{54849625-5478-4994-A5BA-3E3B0328C30D}" />
      <EventID>4622</EventID>
      <Version>0</Version>
      <Level>0</Level>
      <Task>12289</Task>
      <Opcode>0</Opcode>
      <Keywords>0x8020000000000000</Keywords>
      <TimeCreated SystemTime="2021-05-10T06:22:55.528469800Z" />
      <EventRecordID>1814875</EventRecordID>
      <Correlation ActivityID="{E1346C11-4564-0001-2A6C-34E16445D701}" />
      <Execution ProcessID="564" ThreadID="568" />
      <Channel>Security</Channel>
      <Computer>fs01.offsec.lan</Computer>
      <Security />
    </System>
    <EventData>
      <Data Name="SecurityPackageName">C:\Windows\system32\wdigest.DLL : WDigest</Data>
    </EventData>
  </Event>
  <Event xmlns="http://schemas.microsoft.com/win/2004/08/events/event">
    <System>
      <Provider Name="Microsoft-Windows-Security-Auditing" Guid="{54849625-5478-4994-A5BA-3E3B0328C30D}" />
      <EventID>4622</EventID>
      <Version>0</Version>
      <Level>0</Level>
      <Task>12289</Task>
      <Opcode>0</Opcode>
      <Keywords>0x8020000000000000</Keywords>
      <TimeCreated SystemTime="2021-05-10T06:22:55.553080800Z" />
      <EventRecordID>1814876</EventRecordID>
      <Correlation ActivityID="{E1346C11-4564-0001-2A6C-34E16445D701}" />
      <Execution ProcessID="564" ThreadID="568" />
      <Channel>Security</Channel>
      <Computer>fs01.offsec.lan</Computer>
      <Security />
    </System>
    <EventData>
      <Data Name="SecurityPackageName">C:\Windows\system32\schannel.DLL : Schannel</Data>
    </EventData>
  </Event>
  <Event xmlns="http://schemas.microsoft.com/win/2004/08/events/event">
    <System>
      <Provider Name="Microsoft-Windows-Security-Auditing" Guid="{54849625-5478-4994-A5BA-3E3B0328C30D}" />
      <EventID>4622</EventID>
      <Version>0</Version>
      <Level>0</Level>
      <Task>12289</Task>
      <Opcode>0</Opcode>
      <Keywords>0x8020000000000000</Keywords>
      <TimeCreated SystemTime="2021-05-10T06:22:55.553094300Z" />
      <EventRecordID>1814877</EventRecordID>
      <Correlation ActivityID="{E1346C11-4564-0001-2A6C-34E16445D701}" />
      <Execution ProcessID="564" ThreadID="568" />
      <Channel>Security</Channel>
      <Computer>fs01.offsec.lan</Computer>
      <Security />
    </System>
    <EventData>
      <Data Name="SecurityPackageName">C:\Windows\system32\schannel.DLL : Microsoft Unified Security Protocol Provider</Data>
    </EventData>
  </Event>
  <Event xmlns="http://schemas.microsoft.com/win/2004/08/events/event">
    <System>
      <Provider Name="Microsoft-Windows-Security-Auditing" Guid="{54849625-5478-4994-A5BA-3E3B0328C30D}" />
      <EventID>4622</EventID>
      <Version>0</Version>
      <Level>0</Level>
      <Task>12289</Task>
      <Opcode>0</Opcode>
      <Keywords>0x8020000000000000</Keywords>
      <TimeCreated SystemTime="2021-05-11T07:24:28.965262900Z" />
      <EventRecordID>1820483</EventRecordID>
      <Correlation />
      <Execution ProcessID="576" ThreadID="580" />
      <Channel>Security</Channel>
      <Computer>fs01.offsec.lan</Computer>
      <Security />
    </System>
    <EventData>
      <Data Name="SecurityPackageName">C:\Windows\system32\lsasrv.dll : Negotiate</Data>
    </EventData>
  </Event>
  <Event xmlns="http://schemas.microsoft.com/win/2004/08/events/event">
    <System>
      <Provider Name="Microsoft-Windows-Security-Auditing" Guid="{54849625-5478-4994-A5BA-3E3B0328C30D}" />
      <EventID>4622</EventID>
      <Version>0</Version>
      <Level>0</Level>
      <Task>12289</Task>
      <Opcode>0</Opcode>
      <Keywords>0x8020000000000000</Keywords>
      <TimeCreated SystemTime="2021-05-11T07:24:29.030131100Z" />
      <EventRecordID>1820484</EventRecordID>
      <Correlation />
      <Execution ProcessID="576" ThreadID="580" />
      <Channel>Security</Channel>
      <Computer>fs01.offsec.lan</Computer>
      <Security />
    </System>
    <EventData>
      <Data Name="SecurityPackageName">C:\Windows\system32\negoexts.DLL : NegoExtender</Data>
    </EventData>
  </Event>
  <Event xmlns="http://schemas.microsoft.com/win/2004/08/events/event">
    <System>
      <Provider Name="Microsoft-Windows-Security-Auditing" Guid="{54849625-5478-4994-A5BA-3E3B0328C30D}" />
      <EventID>4622</EventID>
      <Version>0</Version>
      <Level>0</Level>
      <Task>12289</Task>
      <Opcode>0</Opcode>
      <Keywords>0x8020000000000000</Keywords>
      <TimeCreated SystemTime="2021-05-11T07:24:29.168307000Z" />
      <EventRecordID>1820485</EventRecordID>
      <Correlation />
      <Execution ProcessID="576" ThreadID="580" />
      <Channel>Security</Channel>
      <Computer>fs01.offsec.lan</Computer>
      <Security />
    </System>
    <EventData>
      <Data Name="SecurityPackageName">C:\Windows\system32\kerberos.DLL : Kerberos</Data>
    </EventData>
  </Event>
  <Event xmlns="http://schemas.microsoft.com/win/2004/08/events/event">
    <System>
      <Provider Name="Microsoft-Windows-Security-Auditing" Guid="{54849625-5478-4994-A5BA-3E3B0328C30D}" />
      <EventID>4622</EventID>
      <Version>0</Version>
      <Level>0</Level>
      <Task>12289</Task>
      <Opcode>0</Opcode>
      <Keywords>0x8020000000000000</Keywords>
      <TimeCreated SystemTime="2021-05-11T07:24:29.371282200Z" />
      <EventRecordID>1820486</EventRecordID>
      <Correlation ActivityID="{A67BE420-4636-0001-36E4-7BA63646D701}" />
      <Execution ProcessID="576" ThreadID="580" />
      <Channel>Security</Channel>
      <Computer>fs01.offsec.lan</Computer>
      <Security />
    </System>
    <EventData>
      <Data Name="SecurityPackageName">C:\Windows\system32\msv1_0.DLL : NTLM</Data>
    </EventData>
  </Event>
  <Event xmlns="http://schemas.microsoft.com/win/2004/08/events/event">
    <System>
      <Provider Name="Microsoft-Windows-Security-Auditing" Guid="{54849625-5478-4994-A5BA-3E3B0328C30D}" />
      <EventID>4622</EventID>
      <Version>0</Version>
      <Level>0</Level>
      <Task>12289</Task>
      <Opcode>0</Opcode>
      <Keywords>0x8020000000000000</Keywords>
      <TimeCreated SystemTime="2021-05-11T07:24:29.403546200Z" />
      <EventRecordID>1820487</EventRecordID>
      <Correlation ActivityID="{A67BE420-4636-0001-36E4-7BA63646D701}" />
      <Execution ProcessID="576" ThreadID="580" />
      <Channel>Security</Channel>
      <Computer>fs01.offsec.lan</Computer>
      <Security />
    </System>
    <EventData>
      <Data Name="SecurityPackageName">C:\Windows\system32\tspkg.DLL : TSSSP</Data>
    </EventData>
  </Event>
  <Event xmlns="http://schemas.microsoft.com/win/2004/08/events/event">
    <System>
      <Provider Name="Microsoft-Windows-Security-Auditing" Guid="{54849625-5478-4994-A5BA-3E3B0328C30D}" />
      <EventID>4622</EventID>
      <Version>0</Version>
      <Level>0</Level>
      <Task>12289</Task>
      <Opcode>0</Opcode>
      <Keywords>0x8020000000000000</Keywords>
      <TimeCreated SystemTime="2021-05-11T07:24:29.432677300Z" />
      <EventRecordID>1820488</EventRecordID>
      <Correlation ActivityID="{A67BE420-4636-0001-36E4-7BA63646D701}" />
      <Execution ProcessID="576" ThreadID="580" />
      <Channel>Security</Channel>
      <Computer>fs01.offsec.lan</Computer>
      <Security />
    </System>
    <EventData>
      <Data Name="SecurityPackageName">C:\Windows\system32\pku2u.DLL : pku2u</Data>
    </EventData>
  </Event>
  <Event xmlns="http://schemas.microsoft.com/win/2004/08/events/event">
    <System>
      <Provider Name="Microsoft-Windows-Security-Auditing" Guid="{54849625-5478-4994-A5BA-3E3B0328C30D}" />
      <EventID>4622</EventID>
      <Version>0</Version>
      <Level>0</Level>
      <Task>12289</Task>
      <Opcode>0</Opcode>
      <Keywords>0x8020000000000000</Keywords>
      <TimeCreated SystemTime="2021-05-11T07:24:29.752253400Z" />
      <EventRecordID>1820489</EventRecordID>
      <Correlation ActivityID="{A67BE420-4636-0001-36E4-7BA63646D701}" />
      <Execution ProcessID="576" ThreadID="580" />
      <Channel>Security</Channel>
      <Computer>fs01.offsec.lan</Computer>
      <Security />
    </System>
    <EventData>
      <Data Name="SecurityPackageName">C:\Windows\system32\cloudAP.DLL : CloudAP</Data>
    </EventData>
  </Event>
  <Event xmlns="http://schemas.microsoft.com/win/2004/08/events/event">
    <System>
      <Provider Name="Microsoft-Windows-Security-Auditing" Guid="{54849625-5478-4994-A5BA-3E3B0328C30D}" />
      <EventID>4622</EventID>
      <Version>0</Version>
      <Level>0</Level>
      <Task>12289</Task>
      <Opcode>0</Opcode>
      <Keywords>0x8020000000000000</Keywords>
      <TimeCreated SystemTime="2021-05-11T07:24:29.785203400Z" />
      <EventRecordID>1820490</EventRecordID>
      <Correlation ActivityID="{A67BE420-4636-0001-36E4-7BA63646D701}" />
      <Execution ProcessID="576" ThreadID="580" />
      <Channel>Security</Channel>
      <Computer>fs01.offsec.lan</Computer>
      <Security />
    </System>
    <EventData>
      <Data Name="SecurityPackageName">C:\Windows\system32\wdigest.DLL : WDigest</Data>
    </EventData>
  </Event>
  <Event xmlns="http://schemas.microsoft.com/win/2004/08/events/event">
    <System>
      <Provider Name="Microsoft-Windows-Security-Auditing" Guid="{54849625-5478-4994-A5BA-3E3B0328C30D}" />
      <EventID>4622</EventID>
      <Version>0</Version>
      <Level>0</Level>
      <Task>12289</Task>
      <Opcode>0</Opcode>
      <Keywords>0x8020000000000000</Keywords>
      <TimeCreated SystemTime="2021-05-11T07:24:29.804698200Z" />
      <EventRecordID>1820491</EventRecordID>
      <Correlation ActivityID="{A67BE420-4636-0001-36E4-7BA63646D701}" />
      <Execution ProcessID="576" ThreadID="580" />
      <Channel>Security</Channel>
      <Computer>fs01.offsec.lan</Computer>
      <Security />
    </System>
    <EventData>
      <Data Name="SecurityPackageName">C:\Windows\system32\schannel.DLL : Schannel</Data>
    </EventData>
  </Event>
  <Event xmlns="http://schemas.microsoft.com/win/2004/08/events/event">
    <System>
      <Provider Name="Microsoft-Windows-Security-Auditing" Guid="{54849625-5478-4994-A5BA-3E3B0328C30D}" />
      <EventID>4622</EventID>
      <Version>0</Version>
      <Level>0</Level>
      <Task>12289</Task>
      <Opcode>0</Opcode>
      <Keywords>0x8020000000000000</Keywords>
      <TimeCreated SystemTime="2021-05-11T07:24:29.804711800Z" />
      <EventRecordID>1820492</EventRecordID>
      <Correlation ActivityID="{A67BE420-4636-0001-36E4-7BA63646D701}" />
      <Execution ProcessID="576" ThreadID="580" />
      <Channel>Security</Channel>
      <Computer>fs01.offsec.lan</Computer>
      <Security />
    </System>
    <EventData>
      <Data Name="SecurityPackageName">C:\Windows\system32\schannel.DLL : Microsoft Unified Security Protocol Provider</Data>
    </EventData>
  </Event>
  <Event xmlns="http://schemas.microsoft.com/win/2004/08/events/event">
    <System>
      <Provider Name="Microsoft-Windows-Security-Auditing" Guid="{54849625-5478-4994-A5BA-3E3B0328C30D}" />
      <EventID>4622</EventID>
      <Version>0</Version>
      <Level>0</Level>
      <Task>12289</Task>
      <Opcode>0</Opcode>
      <Keywords>0x8020000000000000</Keywords>
      <TimeCreated SystemTime="2021-05-22T21:24:39.224068300Z" />
      <EventRecordID>1866968</EventRecordID>
      <Correlation />
      <Execution ProcessID="556" ThreadID="560" />
      <Channel>Security</Channel>
      <Computer>fs01.offsec.lan</Computer>
      <Security />
    </System>
    <EventData>
      <Data Name="SecurityPackageName">C:\Windows\system32\lsasrv.dll : Negotiate</Data>
    </EventData>
  </Event>
  <Event xmlns="http://schemas.microsoft.com/win/2004/08/events/event">
    <System>
      <Provider Name="Microsoft-Windows-Security-Auditing" Guid="{54849625-5478-4994-A5BA-3E3B0328C30D}" />
      <EventID>4622</EventID>
      <Version>0</Version>
      <Level>0</Level>
      <Task>12289</Task>
      <Opcode>0</Opcode>
      <Keywords>0x8020000000000000</Keywords>
      <TimeCreated SystemTime="2021-05-22T21:24:39.282615300Z" />
      <EventRecordID>1866969</EventRecordID>
      <Correlation />
      <Execution ProcessID="556" ThreadID="560" />
      <Channel>Security</Channel>
      <Computer>fs01.offsec.lan</Computer>
      <Security />
    </System>
    <EventData>
      <Data Name="SecurityPackageName">C:\Windows\system32\negoexts.DLL : NegoExtender</Data>
    </EventData>
  </Event>
  <Event xmlns="http://schemas.microsoft.com/win/2004/08/events/event">
    <System>
      <Provider Name="Microsoft-Windows-Security-Auditing" Guid="{54849625-5478-4994-A5BA-3E3B0328C30D}" />
      <EventID>4622</EventID>
      <Version>0</Version>
      <Level>0</Level>
      <Task>12289</Task>
      <Opcode>0</Opcode>
      <Keywords>0x8020000000000000</Keywords>
      <TimeCreated SystemTime="2021-05-22T21:24:39.372765000Z" />
      <EventRecordID>1866970</EventRecordID>
      <Correlation />
      <Execution ProcessID="556" ThreadID="560" />
      <Channel>Security</Channel>
      <Computer>fs01.offsec.lan</Computer>
      <Security />
    </System>
    <EventData>
      <Data Name="SecurityPackageName">C:\Windows\system32\kerberos.DLL : Kerberos</Data>
    </EventData>
  </Event>
  <Event xmlns="http://schemas.microsoft.com/win/2004/08/events/event">
    <System>
      <Provider Name="Microsoft-Windows-Security-Auditing" Guid="{54849625-5478-4994-A5BA-3E3B0328C30D}" />
      <EventID>4622</EventID>
      <Version>0</Version>
      <Level>0</Level>
      <Task>12289</Task>
      <Opcode>0</Opcode>
      <Keywords>0x8020000000000000</Keywords>
      <TimeCreated SystemTime="2021-05-22T21:24:39.568855600Z" />
      <EventRecordID>1866971</EventRecordID>
      <Correlation ActivityID="{D7D7B7C0-4F50-0001-D5B7-D7D7504FD701}" />
      <Execution ProcessID="556" ThreadID="560" />
      <Channel>Security</Channel>
      <Computer>fs01.offsec.lan</Computer>
      <Security />
    </System>
    <EventData>
      <Data Name="SecurityPackageName">C:\Windows\system32\msv1_0.DLL : NTLM</Data>
    </EventData>
  </Event>
  <Event xmlns="http://schemas.microsoft.com/win/2004/08/events/event">
    <System>
      <Provider Name="Microsoft-Windows-Security-Auditing" Guid="{54849625-5478-4994-A5BA-3E3B0328C30D}" />
      <EventID>4622</EventID>
      <Version>0</Version>
      <Level>0</Level>
      <Task>12289</Task>
      <Opcode>0</Opcode>
      <Keywords>0x8020000000000000</Keywords>
      <TimeCreated SystemTime="2021-05-22T21:24:39.592151100Z" />
      <EventRecordID>1866972</EventRecordID>
      <Correlation ActivityID="{D7D7B7C0-4F50-0001-D5B7-D7D7504FD701}" />
      <Execution ProcessID="556" ThreadID="560" />
      <Channel>Security</Channel>
      <Computer>fs01.offsec.lan</Computer>
      <Security />
    </System>
    <EventData>
      <Data Name="SecurityPackageName">C:\Windows\system32\tspkg.DLL : TSSSP</Data>
    </EventData>
  </Event>
  <Event xmlns="http://schemas.microsoft.com/win/2004/08/events/event">
    <System>
      <Provider Name="Microsoft-Windows-Security-Auditing" Guid="{54849625-5478-4994-A5BA-3E3B0328C30D}" />
      <EventID>4622</EventID>
      <Version>0</Version>
      <Level>0</Level>
      <Task>12289</Task>
      <Opcode>0</Opcode>
      <Keywords>0x8020000000000000</Keywords>
      <TimeCreated SystemTime="2021-05-22T21:24:39.616183800Z" />
      <EventRecordID>1866973</EventRecordID>
      <Correlation ActivityID="{D7D7B7C0-4F50-0001-D5B7-D7D7504FD701}" />
      <Execution ProcessID="556" ThreadID="560" />
      <Channel>Security</Channel>
      <Computer>fs01.offsec.lan</Computer>
      <Security />
    </System>
    <EventData>
      <Data Name="SecurityPackageName">C:\Windows\system32\pku2u.DLL : pku2u</Data>
    </EventData>
  </Event>
  <Event xmlns="http://schemas.microsoft.com/win/2004/08/events/event">
    <System>
      <Provider Name="Microsoft-Windows-Security-Auditing" Guid="{54849625-5478-4994-A5BA-3E3B0328C30D}" />
      <EventID>4622</EventID>
      <Version>0</Version>
      <Level>0</Level>
      <Task>12289</Task>
      <Opcode>0</Opcode>
      <Keywords>0x8020000000000000</Keywords>
      <TimeCreated SystemTime="2021-05-22T21:24:39.968909300Z" />
      <EventRecordID>1866974</EventRecordID>
      <Correlation ActivityID="{D7D7B7C0-4F50-0001-D5B7-D7D7504FD701}" />
      <Execution ProcessID="556" ThreadID="560" />
      <Channel>Security</Channel>
      <Computer>fs01.offsec.lan</Computer>
      <Security />
    </System>
    <EventData>
      <Data Name="SecurityPackageName">C:\Windows\system32\cloudAP.DLL : CloudAP</Data>
    </EventData>
  </Event>
  <Event xmlns="http://schemas.microsoft.com/win/2004/08/events/event">
    <System>
      <Provider Name="Microsoft-Windows-Security-Auditing" Guid="{54849625-5478-4994-A5BA-3E3B0328C30D}" />
      <EventID>4622</EventID>
      <Version>0</Version>
      <Level>0</Level>
      <Task>12289</Task>
      <Opcode>0</Opcode>
      <Keywords>0x8020000000000000</Keywords>
      <TimeCreated SystemTime="2021-05-22T21:24:39.993806000Z" />
      <EventRecordID>1866975</EventRecordID>
      <Correlation ActivityID="{D7D7B7C0-4F50-0001-D5B7-D7D7504FD701}" />
      <Execution ProcessID="556" ThreadID="560" />
      <Channel>Security</Channel>
      <Computer>fs01.offsec.lan</Computer>
      <Security />
    </System>
    <EventData>
      <Data Name="SecurityPackageName">C:\Windows\system32\wdigest.DLL : WDigest</Data>
    </EventData>
  </Event>
  <Event xmlns="http://schemas.microsoft.com/win/2004/08/events/event">
    <System>
      <Provider Name="Microsoft-Windows-Security-Auditing" Guid="{54849625-5478-4994-A5BA-3E3B0328C30D}" />
      <EventID>4622</EventID>
      <Version>0</Version>
      <Level>0</Level>
      <Task>12289</Task>
      <Opcode>0</Opcode>
      <Keywords>0x8020000000000000</Keywords>
      <TimeCreated SystemTime="2021-05-22T21:24:40.023687300Z" />
      <EventRecordID>1866976</EventRecordID>
      <Correlation ActivityID="{D7D7B7C0-4F50-0001-D5B7-D7D7504FD701}" />
      <Execution ProcessID="556" ThreadID="560" />
      <Channel>Security</Channel>
      <Computer>fs01.offsec.lan</Computer>
      <Security />
    </System>
    <EventData>
      <Data Name="SecurityPackageName">C:\Windows\system32\schannel.DLL : Schannel</Data>
    </EventData>
  </Event>
  <Event xmlns="http://schemas.microsoft.com/win/2004/08/events/event">
    <System>
      <Provider Name="Microsoft-Windows-Security-Auditing" Guid="{54849625-5478-4994-A5BA-3E3B0328C30D}" />
      <EventID>4622</EventID>
      <Version>0</Version>
      <Level>0</Level>
      <Task>12289</Task>
      <Opcode>0</Opcode>
      <Keywords>0x8020000000000000</Keywords>
      <TimeCreated SystemTime="2021-05-22T21:24:40.023700800Z" />
      <EventRecordID>1866977</EventRecordID>
      <Correlation ActivityID="{D7D7B7C0-4F50-0001-D5B7-D7D7504FD701}" />
      <Execution ProcessID="556" ThreadID="560" />
      <Channel>Security</Channel>
      <Computer>fs01.offsec.lan</Computer>
      <Security />
    </System>
    <EventData>
      <Data Name="SecurityPackageName">C:\Windows\system32\schannel.DLL : Microsoft Unified Security Protocol Provider</Data>
    </EventData>
  </Event>
  <Event xmlns="http://schemas.microsoft.com/win/2004/08/events/event">
    <System>
      <Provider Name="Microsoft-Windows-Security-Auditing" Guid="{54849625-5478-4994-A5BA-3E3B0328C30D}" />
      <EventID>4622</EventID>
      <Version>0</Version>
      <Level>0</Level>
      <Task>12289</Task>
      <Opcode>0</Opcode>
      <Keywords>0x8020000000000000</Keywords>
      <TimeCreated SystemTime="2021-05-25T06:02:59.299682300Z" />
      <EventRecordID>11187731</EventRecordID>
      <Correlation />
      <Execution ProcessID="732" ThreadID="736" />
      <Channel>Security</Channel>
      <Computer>jump01.offsec.lan</Computer>
      <Security />
    </System>
    <EventData>
      <Data Name="SecurityPackageName">C:\Windows\system32\lsasrv.dll : Negotiate</Data>
    </EventData>
  </Event>
  <Event xmlns="http://schemas.microsoft.com/win/2004/08/events/event">
    <System>
      <Provider Name="Microsoft-Windows-Security-Auditing" Guid="{54849625-5478-4994-A5BA-3E3B0328C30D}" />
      <EventID>4622</EventID>
      <Version>0</Version>
      <Level>0</Level>
      <Task>12289</Task>
      <Opcode>0</Opcode>
      <Keywords>0x8020000000000000</Keywords>
      <TimeCreated SystemTime="2021-05-25T06:02:59.348024900Z" />
      <EventRecordID>11187732</EventRecordID>
      <Correlation />
      <Execution ProcessID="732" ThreadID="736" />
      <Channel>Security</Channel>
      <Computer>jump01.offsec.lan</Computer>
      <Security />
    </System>
    <EventData>
      <Data Name="SecurityPackageName">C:\Windows\system32\negoexts.DLL : NegoExtender</Data>
    </EventData>
  </Event>
  <Event xmlns="http://schemas.microsoft.com/win/2004/08/events/event">
    <System>
      <Provider Name="Microsoft-Windows-Security-Auditing" Guid="{54849625-5478-4994-A5BA-3E3B0328C30D}" />
      <EventID>4622</EventID>
      <Version>0</Version>
      <Level>0</Level>
      <Task>12289</Task>
      <Opcode>0</Opcode>
      <Keywords>0x8020000000000000</Keywords>
      <TimeCreated SystemTime="2021-05-25T06:02:59.459044200Z" />
      <EventRecordID>11187733</EventRecordID>
      <Correlation />
      <Execution ProcessID="732" ThreadID="736" />
      <Channel>Security</Channel>
      <Computer>jump01.offsec.lan</Computer>
      <Security />
    </System>
    <EventData>
      <Data Name="SecurityPackageName">C:\Windows\system32\kerberos.DLL : Kerberos</Data>
    </EventData>
  </Event>
  <Event xmlns="http://schemas.microsoft.com/win/2004/08/events/event">
    <System>
      <Provider Name="Microsoft-Windows-Security-Auditing" Guid="{54849625-5478-4994-A5BA-3E3B0328C30D}" />
      <EventID>4622</EventID>
      <Version>0</Version>
      <Level>0</Level>
      <Task>12289</Task>
      <Opcode>0</Opcode>
      <Keywords>0x8020000000000000</Keywords>
      <TimeCreated SystemTime="2021-05-25T06:02:59.649192500Z" />
      <EventRecordID>11187734</EventRecordID>
      <Correlation ActivityID="{93FD0727-512B-0006-3D07-FD932B51D701}" />
      <Execution ProcessID="732" ThreadID="736" />
      <Channel>Security</Channel>
      <Computer>jump01.offsec.lan</Computer>
      <Security />
    </System>
    <EventData>
      <Data Name="SecurityPackageName">C:\Windows\system32\msv1_0.DLL : NTLM</Data>
    </EventData>
  </Event>
  <Event xmlns="http://schemas.microsoft.com/win/2004/08/events/event">
    <System>
      <Provider Name="Microsoft-Windows-Security-Auditing" Guid="{54849625-5478-4994-A5BA-3E3B0328C30D}" />
      <EventID>4622</EventID>
      <Version>0</Version>
      <Level>0</Level>
      <Task>12289</Task>
      <Opcode>0</Opcode>
      <Keywords>0x8020000000000000</Keywords>
      <TimeCreated SystemTime="2021-05-25T06:02:59.671850000Z" />
      <EventRecordID>11187735</EventRecordID>
      <Correlation ActivityID="{93FD0727-512B-0006-3D07-FD932B51D701}" />
      <Execution ProcessID="732" ThreadID="736" />
      <Channel>Security</Channel>
      <Computer>jump01.offsec.lan</Computer>
      <Security />
    </System>
    <EventData>
      <Data Name="SecurityPackageName">C:\Windows\system32\tspkg.DLL : TSSSP</Data>
    </EventData>
  </Event>
  <Event xmlns="http://schemas.microsoft.com/win/2004/08/events/event">
    <System>
      <Provider Name="Microsoft-Windows-Security-Auditing" Guid="{54849625-5478-4994-A5BA-3E3B0328C30D}" />
      <EventID>4622</EventID>
      <Version>0</Version>
      <Level>0</Level>
      <Task>12289</Task>
      <Opcode>0</Opcode>
      <Keywords>0x8020000000000000</Keywords>
      <TimeCreated SystemTime="2021-05-25T06:02:59.686666300Z" />
      <EventRecordID>11187736</EventRecordID>
      <Correlation ActivityID="{93FD0727-512B-0006-3D07-FD932B51D701}" />
      <Execution ProcessID="732" ThreadID="736" />
      <Channel>Security</Channel>
      <Computer>jump01.offsec.lan</Computer>
      <Security />
    </System>
    <EventData>
      <Data Name="SecurityPackageName">C:\Windows\system32\pku2u.DLL : pku2u</Data>
    </EventData>
  </Event>
  <Event xmlns="http://schemas.microsoft.com/win/2004/08/events/event">
    <System>
      <Provider Name="Microsoft-Windows-Security-Auditing" Guid="{54849625-5478-4994-A5BA-3E3B0328C30D}" />
      <EventID>4622</EventID>
      <Version>0</Version>
      <Level>0</Level>
      <Task>12289</Task>
      <Opcode>0</Opcode>
      <Keywords>0x8020000000000000</Keywords>
      <TimeCreated SystemTime="2021-05-25T06:03:00.060446300Z" />
      <EventRecordID>11187737</EventRecordID>
      <Correlation ActivityID="{93FD0727-512B-0006-3D07-FD932B51D701}" />
      <Execution ProcessID="732" ThreadID="736" />
      <Channel>Security</Channel>
      <Computer>jump01.offsec.lan</Computer>
      <Security />
    </System>
    <EventData>
      <Data Name="SecurityPackageName">C:\Windows\system32\cloudAP.DLL : CloudAP</Data>
    </EventData>
  </Event>
  <Event xmlns="http://schemas.microsoft.com/win/2004/08/events/event">
    <System>
      <Provider Name="Microsoft-Windows-Security-Auditing" Guid="{54849625-5478-4994-A5BA-3E3B0328C30D}" />
      <EventID>4622</EventID>
      <Version>0</Version>
      <Level>0</Level>
      <Task>12289</Task>
      <Opcode>0</Opcode>
      <Keywords>0x8020000000000000</Keywords>
      <TimeCreated SystemTime="2021-05-25T06:03:00.108390600Z" />
      <EventRecordID>11187738</EventRecordID>
      <Correlation ActivityID="{93FD0727-512B-0006-3D07-FD932B51D701}" />
      <Execution ProcessID="732" ThreadID="736" />
      <Channel>Security</Channel>
      <Computer>jump01.offsec.lan</Computer>
      <Security />
    </System>
    <EventData>
      <Data Name="SecurityPackageName">C:\Windows\system32\wdigest.DLL : WDigest</Data>
    </EventData>
  </Event>
  <Event xmlns="http://schemas.microsoft.com/win/2004/08/events/event">
    <System>
      <Provider Name="Microsoft-Windows-Security-Auditing" Guid="{54849625-5478-4994-A5BA-3E3B0328C30D}" />
      <EventID>4622</EventID>
      <Version>0</Version>
      <Level>0</Level>
      <Task>12289</Task>
      <Opcode>0</Opcode>
      <Keywords>0x8020000000000000</Keywords>
      <TimeCreated SystemTime="2021-05-25T06:03:00.119306900Z" />
      <EventRecordID>11187739</EventRecordID>
      <Correlation ActivityID="{93FD0727-512B-0006-3D07-FD932B51D701}" />
      <Execution ProcessID="732" ThreadID="736" />
      <Channel>Security</Channel>
      <Computer>jump01.offsec.lan</Computer>
      <Security />
    </System>
    <EventData>
      <Data Name="SecurityPackageName">C:\Windows\system32\schannel.DLL : Schannel</Data>
    </EventData>
  </Event>
  <Event xmlns="http://schemas.microsoft.com/win/2004/08/events/event">
    <System>
      <Provider Name="Microsoft-Windows-Security-Auditing" Guid="{54849625-5478-4994-A5BA-3E3B0328C30D}" />
      <EventID>4622</EventID>
      <Version>0</Version>
      <Level>0</Level>
      <Task>12289</Task>
      <Opcode>0</Opcode>
      <Keywords>0x8020000000000000</Keywords>
      <TimeCreated SystemTime="2021-05-25T06:03:00.119321400Z" />
      <EventRecordID>11187740</EventRecordID>
      <Correlation ActivityID="{93FD0727-512B-0006-3D07-FD932B51D701}" />
      <Execution ProcessID="732" ThreadID="736" />
      <Channel>Security</Channel>
      <Computer>jump01.offsec.lan</Computer>
      <Security />
    </System>
    <EventData>
      <Data Name="SecurityPackageName">C:\Windows\system32\schannel.DLL : Microsoft Unified Security Protocol Provider</Data>
    </EventData>
  </Event>
  <Event xmlns="http://schemas.microsoft.com/win/2004/08/events/event">
    <System>
      <Provider Name="Microsoft-Windows-Security-Auditing" Guid="{54849625-5478-4994-A5BA-3E3B0328C30D}" />
      <EventID>4622</EventID>
      <Version>0</Version>
      <Level>0</Level>
      <Task>12289</Task>
      <Opcode>0</Opcode>
      <Keywords>0x8020000000000000</Keywords>
      <TimeCreated SystemTime="2021-05-25T06:14:41.492745400Z" />
      <EventRecordID>1872409</EventRecordID>
      <Correlation />
      <Execution ProcessID="556" ThreadID="560" />
      <Channel>Security</Channel>
      <Computer>fs01.offsec.lan</Computer>
      <Security />
    </System>
    <EventData>
      <Data Name="SecurityPackageName">C:\Windows\system32\lsasrv.dll : Negotiate</Data>
    </EventData>
  </Event>
  <Event xmlns="http://schemas.microsoft.com/win/2004/08/events/event">
    <System>
      <Provider Name="Microsoft-Windows-Security-Auditing" Guid="{54849625-5478-4994-A5BA-3E3B0328C30D}" />
      <EventID>4622</EventID>
      <Version>0</Version>
      <Level>0</Level>
      <Task>12289</Task>
      <Opcode>0</Opcode>
      <Keywords>0x8020000000000000</Keywords>
      <TimeCreated SystemTime="2021-05-25T06:14:41.522729700Z" />
      <EventRecordID>1872410</EventRecordID>
      <Correlation />
      <Execution ProcessID="556" ThreadID="560" />
      <Channel>Security</Channel>
      <Computer>fs01.offsec.lan</Computer>
      <Security />
    </System>
    <EventData>
      <Data Name="SecurityPackageName">C:\Windows\system32\negoexts.DLL : NegoExtender</Data>
    </EventData>
  </Event>
  <Event xmlns="http://schemas.microsoft.com/win/2004/08/events/event">
    <System>
      <Provider Name="Microsoft-Windows-Security-Auditing" Guid="{54849625-5478-4994-A5BA-3E3B0328C30D}" />
      <EventID>4622</EventID>
      <Version>0</Version>
      <Level>0</Level>
      <Task>12289</Task>
      <Opcode>0</Opcode>
      <Keywords>0x8020000000000000</Keywords>
      <TimeCreated SystemTime="2021-05-25T06:14:41.636597500Z" />
      <EventRecordID>1872411</EventRecordID>
      <Correlation />
      <Execution ProcessID="556" ThreadID="560" />
      <Channel>Security</Channel>
      <Computer>fs01.offsec.lan</Computer>
      <Security />
    </System>
    <EventData>
      <Data Name="SecurityPackageName">C:\Windows\system32\kerberos.DLL : Kerberos</Data>
    </EventData>
  </Event>
  <Event xmlns="http://schemas.microsoft.com/win/2004/08/events/event">
    <System>
      <Provider Name="Microsoft-Windows-Security-Auditing" Guid="{54849625-5478-4994-A5BA-3E3B0328C30D}" />
      <EventID>4622</EventID>
      <Version>0</Version>
      <Level>0</Level>
      <Task>12289</Task>
      <Opcode>0</Opcode>
      <Keywords>0x8020000000000000</Keywords>
      <TimeCreated SystemTime="2021-05-25T06:14:41.833359600Z" />
      <EventRecordID>1872412</EventRecordID>
      <Correlation ActivityID="{38068009-512D-0000-1D80-06382D51D701}" />
      <Execution ProcessID="556" ThreadID="560" />
      <Channel>Security</Channel>
      <Computer>fs01.offsec.lan</Computer>
      <Security />
    </System>
    <EventData>
      <Data Name="SecurityPackageName">C:\Windows\system32\msv1_0.DLL : NTLM</Data>
    </EventData>
  </Event>
  <Event xmlns="http://schemas.microsoft.com/win/2004/08/events/event">
    <System>
      <Provider Name="Microsoft-Windows-Security-Auditing" Guid="{54849625-5478-4994-A5BA-3E3B0328C30D}" />
      <EventID>4622</EventID>
      <Version>0</Version>
      <Level>0</Level>
      <Task>12289</Task>
      <Opcode>0</Opcode>
      <Keywords>0x8020000000000000</Keywords>
      <TimeCreated SystemTime="2021-05-25T06:14:41.864876300Z" />
      <EventRecordID>1872413</EventRecordID>
      <Correlation ActivityID="{38068009-512D-0000-1D80-06382D51D701}" />
      <Execution ProcessID="556" ThreadID="560" />
      <Channel>Security</Channel>
      <Computer>fs01.offsec.lan</Computer>
      <Security />
    </System>
    <EventData>
      <Data Name="SecurityPackageName">C:\Windows\system32\tspkg.DLL : TSSSP</Data>
    </EventData>
  </Event>
  <Event xmlns="http://schemas.microsoft.com/win/2004/08/events/event">
    <System>
      <Provider Name="Microsoft-Windows-Security-Auditing" Guid="{54849625-5478-4994-A5BA-3E3B0328C30D}" />
      <EventID>4622</EventID>
      <Version>0</Version>
      <Level>0</Level>
      <Task>12289</Task>
      <Opcode>0</Opcode>
      <Keywords>0x8020000000000000</Keywords>
      <TimeCreated SystemTime="2021-05-25T06:14:41.897958000Z" />
      <EventRecordID>1872414</EventRecordID>
      <Correlation ActivityID="{38068009-512D-0000-1D80-06382D51D701}" />
      <Execution ProcessID="556" ThreadID="560" />
      <Channel>Security</Channel>
      <Computer>fs01.offsec.lan</Computer>
      <Security />
    </System>
    <EventData>
      <Data Name="SecurityPackageName">C:\Windows\system32\pku2u.DLL : pku2u</Data>
    </EventData>
  </Event>
  <Event xmlns="http://schemas.microsoft.com/win/2004/08/events/event">
    <System>
      <Provider Name="Microsoft-Windows-Security-Auditing" Guid="{54849625-5478-4994-A5BA-3E3B0328C30D}" />
      <EventID>4622</EventID>
      <Version>0</Version>
      <Level>0</Level>
      <Task>12289</Task>
      <Opcode>0</Opcode>
      <Keywords>0x8020000000000000</Keywords>
      <TimeCreated SystemTime="2021-05-25T06:14:42.308049700Z" />
      <EventRecordID>1872415</EventRecordID>
      <Correlation ActivityID="{38068009-512D-0000-1D80-06382D51D701}" />
      <Execution ProcessID="556" ThreadID="560" />
      <Channel>Security</Channel>
      <Computer>fs01.offsec.lan</Computer>
      <Security />
    </System>
    <EventData>
      <Data Name="SecurityPackageName">C:\Windows\system32\cloudAP.DLL : CloudAP</Data>
    </EventData>
  </Event>
  <Event xmlns="http://schemas.microsoft.com/win/2004/08/events/event">
    <System>
      <Provider Name="Microsoft-Windows-Security-Auditing" Guid="{54849625-5478-4994-A5BA-3E3B0328C30D}" />
      <EventID>4622</EventID>
      <Version>0</Version>
      <Level>0</Level>
      <Task>12289</Task>
      <Opcode>0</Opcode>
      <Keywords>0x8020000000000000</Keywords>
      <TimeCreated SystemTime="2021-05-25T06:14:42.332713400Z" />
      <EventRecordID>1872416</EventRecordID>
      <Correlation ActivityID="{38068009-512D-0000-1D80-06382D51D701}" />
      <Execution ProcessID="556" ThreadID="560" />
      <Channel>Security</Channel>
      <Computer>fs01.offsec.lan</Computer>
      <Security />
    </System>
    <EventData>
      <Data Name="SecurityPackageName">C:\Windows\system32\wdigest.DLL : WDigest</Data>
    </EventData>
  </Event>
  <Event xmlns="http://schemas.microsoft.com/win/2004/08/events/event">
    <System>
      <Provider Name="Microsoft-Windows-Security-Auditing" Guid="{54849625-5478-4994-A5BA-3E3B0328C30D}" />
      <EventID>4622</EventID>
      <Version>0</Version>
      <Level>0</Level>
      <Task>12289</Task>
      <Opcode>0</Opcode>
      <Keywords>0x8020000000000000</Keywords>
      <TimeCreated SystemTime="2021-05-25T06:14:42.353078200Z" />
      <EventRecordID>1872417</EventRecordID>
      <Correlation ActivityID="{38068009-512D-0000-1D80-06382D51D701}" />
      <Execution ProcessID="556" ThreadID="560" />
      <Channel>Security</Channel>
      <Computer>fs01.offsec.lan</Computer>
      <Security />
    </System>
    <EventData>
      <Data Name="SecurityPackageName">C:\Windows\system32\schannel.DLL : Schannel</Data>
    </EventData>
  </Event>
  <Event xmlns="http://schemas.microsoft.com/win/2004/08/events/event">
    <System>
      <Provider Name="Microsoft-Windows-Security-Auditing" Guid="{54849625-5478-4994-A5BA-3E3B0328C30D}" />
      <EventID>4622</EventID>
      <Version>0</Version>
      <Level>0</Level>
      <Task>12289</Task>
      <Opcode>0</Opcode>
      <Keywords>0x8020000000000000</Keywords>
      <TimeCreated SystemTime="2021-05-25T06:14:42.353091700Z" />
      <EventRecordID>1872418</EventRecordID>
      <Correlation ActivityID="{38068009-512D-0000-1D80-06382D51D701}" />
      <Execution ProcessID="556" ThreadID="560" />
      <Channel>Security</Channel>
      <Computer>fs01.offsec.lan</Computer>
      <Security />
    </System>
    <EventData>
      <Data Name="SecurityPackageName">C:\Windows\system32\schannel.DLL : Microsoft Unified Security Protocol Provider</Data>
    </EventData>
  </Event>
  <Event xmlns="http://schemas.microsoft.com/win/2004/08/events/event">
    <System>
      <Provider Name="Microsoft-Windows-Security-Auditing" Guid="{54849625-5478-4994-A5BA-3E3B0328C30D}" />
      <EventID>4622</EventID>
      <Version>0</Version>
      <Level>0</Level>
      <Task>12289</Task>
      <Opcode>0</Opcode>
      <Keywords>0x8020000000000000</Keywords>
      <TimeCreated SystemTime="2021-05-25T12:37:55.083299100Z" />
      <EventRecordID>9487280</EventRecordID>
      <Correlation />
      <Execution ProcessID="536" ThreadID="540" />
      <Channel>Security</Channel>
      <Computer>dhcp01.offsec.lan</Computer>
      <Security />
    </System>
    <EventData>
      <Data Name="SecurityPackageName">C:\Windows\system32\lsasrv.dll : Negotiate</Data>
    </EventData>
  </Event>
  <Event xmlns="http://schemas.microsoft.com/win/2004/08/events/event">
    <System>
      <Provider Name="Microsoft-Windows-Security-Auditing" Guid="{54849625-5478-4994-A5BA-3E3B0328C30D}" />
      <EventID>4622</EventID>
      <Version>0</Version>
      <Level>0</Level>
      <Task>12289</Task>
      <Opcode>0</Opcode>
      <Keywords>0x8020000000000000</Keywords>
      <TimeCreated SystemTime="2021-05-25T12:37:55.200684700Z" />
      <EventRecordID>9487281</EventRecordID>
      <Correlation />
      <Execution ProcessID="536" ThreadID="540" />
      <Channel>Security</Channel>
      <Computer>dhcp01.offsec.lan</Computer>
      <Security />
    </System>
    <EventData>
      <Data Name="SecurityPackageName">C:\Windows\system32\negoexts.DLL : NegoExtender</Data>
    </EventData>
  </Event>
  <Event xmlns="http://schemas.microsoft.com/win/2004/08/events/event">
    <System>
      <Provider Name="Microsoft-Windows-Security-Auditing" Guid="{54849625-5478-4994-A5BA-3E3B0328C30D}" />
      <EventID>4622</EventID>
      <Version>0</Version>
      <Level>0</Level>
      <Task>12289</Task>
      <Opcode>0</Opcode>
      <Keywords>0x8020000000000000</Keywords>
      <TimeCreated SystemTime="2021-05-25T12:37:55.328168500Z" />
      <EventRecordID>9487282</EventRecordID>
      <Correlation />
      <Execution ProcessID="536" ThreadID="540" />
      <Channel>Security</Channel>
      <Computer>dhcp01.offsec.lan</Computer>
      <Security />
    </System>
    <EventData>
      <Data Name="SecurityPackageName">C:\Windows\system32\kerberos.DLL : Kerberos</Data>
    </EventData>
  </Event>
  <Event xmlns="http://schemas.microsoft.com/win/2004/08/events/event">
    <System>
      <Provider Name="Microsoft-Windows-Security-Auditing" Guid="{54849625-5478-4994-A5BA-3E3B0328C30D}" />
      <EventID>4622</EventID>
      <Version>0</Version>
      <Level>0</Level>
      <Task>12289</Task>
      <Opcode>0</Opcode>
      <Keywords>0x8020000000000000</Keywords>
      <TimeCreated SystemTime="2021-05-25T12:37:55.592890600Z" />
      <EventRecordID>9487283</EventRecordID>
      <Correlation ActivityID="{BF40648D-5162-0000-B964-40BF6251D701}" />
      <Execution ProcessID="536" ThreadID="540" />
      <Channel>Security</Channel>
      <Computer>dhcp01.offsec.lan</Computer>
      <Security />
    </System>
    <EventData>
      <Data Name="SecurityPackageName">C:\Windows\system32\msv1_0.DLL : NTLM</Data>
    </EventData>
  </Event>
  <Event xmlns="http://schemas.microsoft.com/win/2004/08/events/event">
    <System>
      <Provider Name="Microsoft-Windows-Security-Auditing" Guid="{54849625-5478-4994-A5BA-3E3B0328C30D}" />
      <EventID>4622</EventID>
      <Version>0</Version>
      <Level>0</Level>
      <Task>12289</Task>
      <Opcode>0</Opcode>
      <Keywords>0x8020000000000000</Keywords>
      <TimeCreated SystemTime="2021-05-25T12:37:55.642983600Z" />
      <EventRecordID>9487284</EventRecordID>
      <Correlation ActivityID="{BF40648D-5162-0000-B964-40BF6251D701}" />
      <Execution ProcessID="536" ThreadID="540" />
      <Channel>Security</Channel>
      <Computer>dhcp01.offsec.lan</Computer>
      <Security />
    </System>
    <EventData>
      <Data Name="SecurityPackageName">C:\Windows\system32\tspkg.DLL : TSSSP</Data>
    </EventData>
  </Event>
  <Event xmlns="http://schemas.microsoft.com/win/2004/08/events/event">
    <System>
      <Provider Name="Microsoft-Windows-Security-Auditing" Guid="{54849625-5478-4994-A5BA-3E3B0328C30D}" />
      <EventID>4622</EventID>
      <Version>0</Version>
      <Level>0</Level>
      <Task>12289</Task>
      <Opcode>0</Opcode>
      <Keywords>0x8020000000000000</Keywords>
      <TimeCreated SystemTime="2021-05-25T12:37:55.712850000Z" />
      <EventRecordID>9487285</EventRecordID>
      <Correlation ActivityID="{BF40648D-5162-0000-B964-40BF6251D701}" />
      <Execution ProcessID="536" ThreadID="540" />
      <Channel>Security</Channel>
      <Computer>dhcp01.offsec.lan</Computer>
      <Security />
    </System>
    <EventData>
      <Data Name="SecurityPackageName">C:\Windows\system32\pku2u.DLL : pku2u</Data>
    </EventData>
  </Event>
  <Event xmlns="http://schemas.microsoft.com/win/2004/08/events/event">
    <System>
      <Provider Name="Microsoft-Windows-Security-Auditing" Guid="{54849625-5478-4994-A5BA-3E3B0328C30D}" />
      <EventID>4622</EventID>
      <Version>0</Version>
      <Level>0</Level>
      <Task>12289</Task>
      <Opcode>0</Opcode>
      <Keywords>0x8020000000000000</Keywords>
      <TimeCreated SystemTime="2021-05-25T12:37:56.084670100Z" />
      <EventRecordID>9487286</EventRecordID>
      <Correlation ActivityID="{BF40648D-5162-0000-B964-40BF6251D701}" />
      <Execution ProcessID="536" ThreadID="540" />
      <Channel>Security</Channel>
      <Computer>dhcp01.offsec.lan</Computer>
      <Security />
    </System>
    <EventData>
      <Data Name="SecurityPackageName">C:\Windows\system32\cloudAP.DLL : CloudAP</Data>
    </EventData>
  </Event>
  <Event xmlns="http://schemas.microsoft.com/win/2004/08/events/event">
    <System>
      <Provider Name="Microsoft-Windows-Security-Auditing" Guid="{54849625-5478-4994-A5BA-3E3B0328C30D}" />
      <EventID>4622</EventID>
      <Version>0</Version>
      <Level>0</Level>
      <Task>12289</Task>
      <Opcode>0</Opcode>
      <Keywords>0x8020000000000000</Keywords>
      <TimeCreated SystemTime="2021-05-25T12:37:56.149633800Z" />
      <EventRecordID>9487287</EventRecordID>
      <Correlation ActivityID="{BF40648D-5162-0000-B964-40BF6251D701}" />
      <Execution ProcessID="536" ThreadID="540" />
      <Channel>Security</Channel>
      <Computer>dhcp01.offsec.lan</Computer>
      <Security />
    </System>
    <EventData>
      <Data Name="SecurityPackageName">C:\Windows\system32\wdigest.DLL : WDigest</Data>
    </EventData>
  </Event>
  