<Event xmlns="http://schemas.microsoft.com/win/2004/08/events/event">
    <System>
      <Provider Name="Microsoft-Windows-Security-Auditing" Guid="{54849625-5478-4994-A5BA-3E3B0328C30D}" />
      <EventID>4622</EventID>
      <Version>0</Version>
      <Level>0</Level>
      <Task>12289</Task>
      <Opcode>0</Opcode>
      <Keywords>0x8020000000000000</Keywords>
      <TimeCreated SystemTime="2021-09-29T10:20:15.534766400Z" />
      <EventRecordID>3311415</EventRecordID>
      <Correlation ActivityID="{40F969D1-B51B-0000-E269-F9401BB5D701}" />
      <Execution ProcessID="572" ThreadID="576" />
      <Channel>Security</Channel>
      <Computer>prtg-mon.offsec.lan</Computer>
      <Security />
    </System>
    <EventData>
      <Data Name="SecurityPackageName">C:\Windows\system32\schannel.DLL : Schannel</Data>
    </EventData>
  </Event>
  <Event xmlns="http://schemas.microsoft.com/win/2004/08/events/event">
    <System>
      <Provider Name="Microsoft-Windows-Security-Auditing" Guid="{54849625-5478-4994-A5BA-3E3B0328C30D}" />
      <EventID>4622</EventID>
      <Version>0</Version>
      <Level>0</Level>
      <Task>12289</Task>
      <Opcode>0</Opcode>
      <Keywords>0x8020000000000000</Keywords>
      <TimeCreated SystemTime="2021-09-29T10:20:15.534790600Z" />
      <EventRecordID>3311416</EventRecordID>
      <Correlation ActivityID="{40F969D1-B51B-0000-E269-F9401BB5D701}" />
      <Execution ProcessID="572" ThreadID="576" />
      <Channel>Security</Channel>
      <Computer>prtg-mon.offsec.lan</Computer>
      <Security />
    </System>
    <EventData>
      <Data Name="SecurityPackageName">C:\Windows\system32\schannel.DLL : Microsoft Unified Security Protocol Provider</Data>
    </EventData>
  </Event>
  <Event xmlns="http://schemas.microsoft.com/win/2004/08/events/event">
    <System>
      <Provider Name="Microsoft-Windows-Security-Auditing" Guid="{54849625-5478-4994-A5BA-3E3B0328C30D}" />
      <EventID>4622</EventID>
      <Version>0</Version>
      <Level>0</Level>
      <Task>12289</Task>
      <Opcode>0</Opcode>
      <Keywords>0x8020000000000000</Keywords>
      <TimeCreated SystemTime="2021-09-29T10:25:59.215913900Z" />
      <EventRecordID>203460657</EventRecordID>
      <Correlation />
      <Execution ProcessID="592" ThreadID="596" />
      <Channel>Security</Channel>
      <Computer>rootdc1.offsec.lan</Computer>
      <Security />
    </System>
    <EventData>
      <Data Name="SecurityPackageName">C:\Windows\system32\lsasrv.dll : Negotiate</Data>
    </EventData>
  </Event>
  <Event xmlns="http://schemas.microsoft.com/win/2004/08/events/event">
    <System>
      <Provider Name="Microsoft-Windows-Security-Auditing" Guid="{54849625-5478-4994-A5BA-3E3B0328C30D}" />
      <EventID>4622</EventID>
      <Version>0</Version>
      <Level>0</Level>
      <Task>12289</Task>
      <Opcode>0</Opcode>
      <Keywords>0x8020000000000000</Keywords>
      <TimeCreated SystemTime="2021-09-29T10:25:59.387708000Z" />
      <EventRecordID>203460658</EventRecordID>
      <Correlation />
      <Execution ProcessID="592" ThreadID="596" />
      <Channel>Security</Channel>
      <Computer>rootdc1.offsec.lan</Computer>
      <Security />
    </System>
    <EventData>
      <Data Name="SecurityPackageName">C:\Windows\system32\negoexts.DLL : NegoExtender</Data>
    </EventData>
  </Event>
  <Event xmlns="http://schemas.microsoft.com/win/2004/08/events/event">
    <System>
      <Provider Name="Microsoft-Windows-Security-Auditing" Guid="{54849625-5478-4994-A5BA-3E3B0328C30D}" />
      <EventID>4622</EventID>
      <Version>0</Version>
      <Level>0</Level>
      <Task>12289</Task>
      <Opcode>0</Opcode>
      <Keywords>0x8020000000000000</Keywords>
      <TimeCreated SystemTime="2021-09-29T10:25:59.997272900Z" />
      <EventRecordID>203460659</EventRecordID>
      <Correlation />
      <Execution ProcessID="592" ThreadID="596" />
      <Channel>Security</Channel>
      <Computer>rootdc1.offsec.lan</Computer>
      <Security />
    </System>
    <EventData>
      <Data Name="SecurityPackageName">C:\Windows\system32\kerberos.DLL : Kerberos</Data>
    </EventData>
  </Event>
  <Event xmlns="http://schemas.microsoft.com/win/2004/08/events/event">
    <System>
      <Provider Name="Microsoft-Windows-Security-Auditing" Guid="{54849625-5478-4994-A5BA-3E3B0328C30D}" />
      <EventID>4622</EventID>
      <Version>0</Version>
      <Level>0</Level>
      <Task>12289</Task>
      <Opcode>0</Opcode>
      <Keywords>0x8020000000000000</Keywords>
      <TimeCreated SystemTime="2021-09-29T10:26:01.146200800Z" />
      <EventRecordID>203460660</EventRecordID>
      <Correlation ActivityID="{44C9F4B0-B51C-0000-BEF4-C9441CB5D701}" />
      <Execution ProcessID="592" ThreadID="596" />
      <Channel>Security</Channel>
      <Computer>rootdc1.offsec.lan</Computer>
      <Security />
    </System>
    <EventData>
      <Data Name="SecurityPackageName">C:\Windows\system32\msv1_0.DLL : NTLM</Data>
    </EventData>
  </Event>
  <Event xmlns="http://schemas.microsoft.com/win/2004/08/events/event">
    <System>
      <Provider Name="Microsoft-Windows-Security-Auditing" Guid="{54849625-5478-4994-A5BA-3E3B0328C30D}" />
      <EventID>4622</EventID>
      <Version>0</Version>
      <Level>0</Level>
      <Task>12289</Task>
      <Opcode>0</Opcode>
      <Keywords>0x8020000000000000</Keywords>
      <TimeCreated SystemTime="2021-09-29T10:26:01.280183700Z" />
      <EventRecordID>203460661</EventRecordID>
      <Correlation ActivityID="{44C9F4B0-B51C-0000-BEF4-C9441CB5D701}" />
      <Execution ProcessID="592" ThreadID="596" />
      <Channel>Security</Channel>
      <Computer>rootdc1.offsec.lan</Computer>
      <Security />
    </System>
    <EventData>
      <Data Name="SecurityPackageName">C:\Windows\system32\tspkg.DLL : TSSSP</Data>
    </EventData>
  </Event>
  <Event xmlns="http://schemas.microsoft.com/win/2004/08/events/event">
    <System>
      <Provider Name="Microsoft-Windows-Security-Auditing" Guid="{54849625-5478-4994-A5BA-3E3B0328C30D}" />
      <EventID>4622</EventID>
      <Version>0</Version>
      <Level>0</Level>
      <Task>12289</Task>
      <Opcode>0</Opcode>
      <Keywords>0x8020000000000000</Keywords>
      <TimeCreated SystemTime="2021-09-29T10:26:01.445967000Z" />
      <EventRecordID>203460662</EventRecordID>
      <Correlation ActivityID="{44C9F4B0-B51C-0000-BEF4-C9441CB5D701}" />
      <Execution ProcessID="592" ThreadID="596" />
      <Channel>Security</Channel>
      <Computer>rootdc1.offsec.lan</Computer>
      <Security />
    </System>
    <EventData>
      <Data Name="SecurityPackageName">C:\Windows\system32\pku2u.DLL : pku2u</Data>
    </EventData>
  </Event>
  <Event xmlns="http://schemas.microsoft.com/win/2004/08/events/event">
    <System>
      <Provider Name="Microsoft-Windows-Security-Auditing" Guid="{54849625-5478-4994-A5BA-3E3B0328C30D}" />
      <EventID>4622</EventID>
      <Version>0</Version>
      <Level>0</Level>
      <Task>12289</Task>
      <Opcode>0</Opcode>
      <Keywords>0x8020000000000000</Keywords>
      <TimeCreated SystemTime="2021-09-29T10:26:03.315508000Z" />
      <EventRecordID>203460663</EventRecordID>
      <Correlation ActivityID="{44C9F4B0-B51C-0000-BEF4-C9441CB5D701}" />
      <Execution ProcessID="592" ThreadID="596" />
      <Channel>Security</Channel>
      <Computer>rootdc1.offsec.lan</Computer>
      <Security />
    </System>
    <EventData>
      <Data Name="SecurityPackageName">C:\Windows\system32\cloudAP.DLL : CloudAP</Data>
    </EventData>
  </Event>
  <Event xmlns="http://schemas.microsoft.com/win/2004/08/events/event">
    <System>
      <Provider Name="Microsoft-Windows-Security-Auditing" Guid="{54849625-5478-4994-A5BA-3E3B0328C30D}" />
      <EventID>4622</EventID>
      <Version>0</Version>
      <Level>0</Level>
      <Task>12289</Task>
      <Opcode>0</Opcode>
      <Keywords>0x8020000000000000</Keywords>
      <TimeCreated SystemTime="2021-09-29T10:26:03.801413900Z" />
      <EventRecordID>203460664</EventRecordID>
      <Correlation ActivityID="{44C9F4B0-B51C-0000-BEF4-C9441CB5D701}" />
      <Execution ProcessID="592" ThreadID="596" />
      <Channel>Security</Channel>
      <Computer>rootdc1.offsec.lan</Computer>
      <Security />
    </System>
    <EventData>
      <Data Name="SecurityPackageName">C:\Windows\system32\wdigest.DLL : WDigest</Data>
    </EventData>
  </Event>
  <Event xmlns="http://schemas.microsoft.com/win/2004/08/events/event">
    <System>
      <Provider Name="Microsoft-Windows-Security-Auditing" Guid="{54849625-5478-4994-A5BA-3E3B0328C30D}" />
      <EventID>4622</EventID>
      <Version>0</Version>
      <Level>0</Level>
      <Task>12289</Task>
      <Opcode>0</Opcode>
      <Keywords>0x8020000000000000</Keywords>
      <TimeCreated SystemTime="2021-09-29T10:26:04.019884300Z" />
      <EventRecordID>203460665</EventRecordID>
      <Correlation ActivityID="{44C9F4B0-B51C-0000-BEF4-C9441CB5D701}" />
      <Execution ProcessID="592" ThreadID="596" />
      <Channel>Security</Channel>
      <Computer>rootdc1.offsec.lan</Computer>
      <Security />
    </System>
    <EventData>
      <Data Name="SecurityPackageName">C:\Windows\system32\schannel.DLL : Schannel</Data>
    </EventData>
  </Event>
  <Event xmlns="http://schemas.microsoft.com/win/2004/08/events/event">
    <System>
      <Provider Name="Microsoft-Windows-Security-Auditing" Guid="{54849625-5478-4994-A5BA-3E3B0328C30D}" />
      <EventID>4622</EventID>
      <Version>0</Version>
      <Level>0</Level>
      <Task>12289</Task>
      <Opcode>0</Opcode>
      <Keywords>0x8020000000000000</Keywords>
      <TimeCreated SystemTime="2021-09-29T10:26:04.019897400Z" />
      <EventRecordID>203460666</EventRecordID>
      <Correlation ActivityID="{44C9F4B0-B51C-0000-BEF4-C9441CB5D701}" />
      <Execution ProcessID="592" ThreadID="596" />
      <Channel>Security</Channel>
      <Computer>rootdc1.offsec.lan</Computer>
      <Security />
    </System>
    <EventData>
      <Data Name="SecurityPackageName">C:\Windows\system32\schannel.DLL : Microsoft Unified Security Protocol Provider</Data>
    </EventData>
  </Event>
  <Event xmlns="http://schemas.microsoft.com/win/2004/08/events/event">
    <System>
      <Provider Name="Microsoft-Windows-Security-Auditing" Guid="{54849625-5478-4994-A5BA-3E3B0328C30D}" />
      <EventID>4622</EventID>
      <Version>0</Version>
      <Level>0</Level>
      <Task>12289</Task>
      <Opcode>0</Opcode>
      <Keywords>0x8020000000000000</Keywords>
      <TimeCreated SystemTime="2021-09-29T10:26:48.156404700Z" />
      <EventRecordID>16989788</EventRecordID>
      <Correlation />
      <Execution ProcessID="696" ThreadID="700" />
      <Channel>Security</Channel>
      <Computer>exchange01.offsec.lan</Computer>
      <Security />
    </System>
    <EventData>
      <Data Name="SecurityPackageName">C:\Windows\system32\lsasrv.dll : Negotiate</Data>
    </EventData>
  </Event>
  <Event xmlns="http://schemas.microsoft.com/win/2004/08/events/event">
    <System>
      <Provider Name="Microsoft-Windows-Security-Auditing" Guid="{54849625-5478-4994-A5BA-3E3B0328C30D}" />
      <EventID>4622</EventID>
      <Version>0</Version>
      <Level>0</Level>
      <Task>12289</Task>
      <Opcode>0</Opcode>
      <Keywords>0x8020000000000000</Keywords>
      <TimeCreated SystemTime="2021-09-29T10:26:48.304887500Z" />
      <EventRecordID>16989789</EventRecordID>
      <Correlation />
      <Execution ProcessID="696" ThreadID="700" />
      <Channel>Security</Channel>
      <Computer>exchange01.offsec.lan</Computer>
      <Security />
    </System>
    <EventData>
      <Data Name="SecurityPackageName">C:\Windows\system32\negoexts.DLL : NegoExtender</Data>
    </EventData>
  </Event>
  <Event xmlns="http://schemas.microsoft.com/win/2004/08/events/event">
    <System>
      <Provider Name="Microsoft-Windows-Security-Auditing" Guid="{54849625-5478-4994-A5BA-3E3B0328C30D}" />
      <EventID>4622</EventID>
      <Version>0</Version>
      <Level>0</Level>
      <Task>12289</Task>
      <Opcode>0</Opcode>
      <Keywords>0x8020000000000000</Keywords>
      <TimeCreated SystemTime="2021-09-29T10:26:49.363847400Z" />
      <EventRecordID>16989790</EventRecordID>
      <Correlation />
      <Execution ProcessID="696" ThreadID="700" />
      <Channel>Security</Channel>
      <Computer>exchange01.offsec.lan</Computer>
      <Security />
    </System>
    <EventData>
      <Data Name="SecurityPackageName">C:\Windows\system32\kerberos.DLL : Kerberos</Data>
    </EventData>
  </Event>
  <Event xmlns="http://schemas.microsoft.com/win/2004/08/events/event">
    <System>
      <Provider Name="Microsoft-Windows-Security-Auditing" Guid="{54849625-5478-4994-A5BA-3E3B0328C30D}" />
      <EventID>4622</EventID>
      <Version>0</Version>
      <Level>0</Level>
      <Task>12289</Task>
      <Opcode>0</Opcode>
      <Keywords>0x8020000000000000</Keywords>
      <TimeCreated SystemTime="2021-09-29T10:26:50.915280500Z" />
      <EventRecordID>16989791</EventRecordID>
      <Correlation ActivityID="{5F852832-B51C-0004-4128-855F1CB5D701}" />
      <Execution ProcessID="696" ThreadID="700" />
      <Channel>Security</Channel>
      <Computer>exchange01.offsec.lan</Computer>
      <Security />
    </System>
    <EventData>
      <Data Name="SecurityPackageName">C:\Windows\system32\msv1_0.DLL : NTLM</Data>
    </EventData>
  </Event>
  <Event xmlns="http://schemas.microsoft.com/win/2004/08/events/event">
    <System>
      <Provider Name="Microsoft-Windows-Security-Auditing" Guid="{54849625-5478-4994-A5BA-3E3B0328C30D}" />
      <EventID>4622</EventID>
      <Version>0</Version>
      <Level>0</Level>
      <Task>12289</Task>
      <Opcode>0</Opcode>
      <Keywords>0x8020000000000000</Keywords>
      <TimeCreated SystemTime="2021-09-29T10:26:51.052607400Z" />
      <EventRecordID>16989792</EventRecordID>
      <Correlation ActivityID="{5F852832-B51C-0004-4128-855F1CB5D701}" />
      <Execution ProcessID="696" ThreadID="700" />
      <Channel>Security</Channel>
      <Computer>exchange01.offsec.lan</Computer>
      <Security />
    </System>
    <EventData>
      <Data Name="SecurityPackageName">C:\Windows\system32\tspkg.DLL : TSSSP</Data>
    </EventData>
  </Event>
  <Event xmlns="http://schemas.microsoft.com/win/2004/08/events/event">
    <System>
      <Provider Name="Microsoft-Windows-Security-Auditing" Guid="{54849625-5478-4994-A5BA-3E3B0328C30D}" />
      <EventID>4622</EventID>
      <Version>0</Version>
      <Level>0</Level>
      <Task>12289</Task>
      <Opcode>0</Opcode>
      <Keywords>0x8020000000000000</Keywords>
      <TimeCreated SystemTime="2021-09-29T10:26:51.330275300Z" />
      <EventRecordID>16989793</EventRecordID>
      <Correlation ActivityID="{5F852832-B51C-0004-4128-855F1CB5D701}" />
      <Execution ProcessID="696" ThreadID="700" />
      <Channel>Security</Channel>
      <Computer>exchange01.offsec.lan</Computer>
      <Security />
    </System>
    <EventData>
      <Data Name="SecurityPackageName">C:\Windows\system32\pku2u.DLL : pku2u</Data>
    </EventData>
  </Event>
  <Event xmlns="http://schemas.microsoft.com/win/2004/08/events/event">
    <System>
      <Provider Name="Microsoft-Windows-Security-Auditing" Guid="{54849625-5478-4994-A5BA-3E3B0328C30D}" />
      <EventID>4622</EventID>
      <Version>0</Version>
      <Level>0</Level>
      <Task>12289</Task>
      <Opcode>0</Opcode>
      <Keywords>0x8020000000000000</Keywords>
      <TimeCreated SystemTime="2021-09-29T10:26:54.545348600Z" />
      <EventRecordID>16989794</EventRecordID>
      <Correlation ActivityID="{5F852832-B51C-0004-4128-855F1CB5D701}" />
      <Execution ProcessID="696" ThreadID="700" />
      <Channel>Security</Channel>
      <Computer>exchange01.offsec.lan</Computer>
      <Security />
    </System>
    <EventData>
      <Data Name="SecurityPackageName">C:\Windows\system32\cloudAP.DLL : CloudAP</Data>
    </EventData>
  </Event>
  <Event xmlns="http://schemas.microsoft.com/win/2004/08/events/event">
    <System>
      <Provider Name="Microsoft-Windows-Security-Auditing" Guid="{54849625-5478-4994-A5BA-3E3B0328C30D}" />
      <EventID>4622</EventID>
      <Version>0</Version>
      <Level>0</Level>
      <Task>12289</Task>
      <Opcode>0</Opcode>
      <Keywords>0x8020000000000000</Keywords>
      <TimeCreated SystemTime="2021-09-29T10:26:54.937290700Z" />
      <EventRecordID>16989795</EventRecordID>
      <Correlation ActivityID="{5F852832-B51C-0004-4128-855F1CB5D701}" />
      <Execution ProcessID="696" ThreadID="700" />
      <Channel>Security</Channel>
      <Computer>exchange01.offsec.lan</Computer>
      <Security />
    </System>
    <EventData>
      <Data Name="SecurityPackageName">C:\Windows\system32\wdigest.DLL : WDigest</Data>
    </EventData>
  </Event>
  <Event xmlns="http://schemas.microsoft.com/win/2004/08/events/event">
    <System>
      <Provider Name="Microsoft-Windows-Security-Auditing" Guid="{54849625-5478-4994-A5BA-3E3B0328C30D}" />
      <EventID>4622</EventID>
      <Version>0</Version>
      <Level>0</Level>
      <Task>12289</Task>
      <Opcode>0</Opcode>
      <Keywords>0x8020000000000000</Keywords>
      <TimeCreated SystemTime="2021-09-29T10:26:55.400094200Z" />
      <EventRecordID>16989796</EventRecordID>
      <Correlation ActivityID="{5F852832-B51C-0004-4128-855F1CB5D701}" />
      <Execution ProcessID="696" ThreadID="700" />
      <Channel>Security</Channel>
      <Computer>exchange01.offsec.lan</Computer>
      <Security />
    </System>
    <EventData>
      <Data Name="SecurityPackageName">C:\Windows\system32\schannel.DLL : Schannel</Data>
    </EventData>
  </Event>
  <Event xmlns="http://schemas.microsoft.com/win/2004/08/events/event">
    <System>
      <Provider Name="Microsoft-Windows-Security-Auditing" Guid="{54849625-5478-4994-A5BA-3E3B0328C30D}" />
      <EventID>4622</EventID>
      <Version>0</Version>
      <Level>0</Level>
      <Task>12289</Task>
      <Opcode>0</Opcode>
      <Keywords>0x8020000000000000</Keywords>
      <TimeCreated SystemTime="2021-09-29T10:26:55.400112900Z" />
      <EventRecordID>16989797</EventRecordID>
      <Correlation ActivityID="{5F852832-B51C-0004-4128-855F1CB5D701}" />
      <Execution ProcessID="696" ThreadID="700" />
      <Channel>Security</Channel>
      <Computer>exchange01.offsec.lan</Computer>
      <Security />
    </System>
    <EventData>
      <Data Name="SecurityPackageName">C:\Windows\system32\schannel.DLL : Microsoft Unified Security Protocol Provider</Data>
    </EventData>
  </Event>
  <Event xmlns="http://schemas.microsoft.com/win/2004/08/events/event">
    <System>
      <Provider Name="Microsoft-Windows-Security-Auditing" Guid="{54849625-5478-4994-A5BA-3E3B0328C30D}" />
      <EventID>4622</EventID>
      <Version>0</Version>
      <Level>0</Level>
      <Task>12289</Task>
      <Opcode>0</Opcode>
      <Keywords>0x8020000000000000</Keywords>
      <TimeCreated SystemTime="2021-09-29T10:35:21.161691800Z" />
      <EventRecordID>3313255</EventRecordID>
      <Correlation />
      <Execution ProcessID="604" ThreadID="608" />
      <Channel>Security</Channel>
      <Computer>prtg-mon.offsec.lan</Computer>
      <Security />
    </System>
    <EventData>
      <Data Name="SecurityPackageName">C:\Windows\system32\lsasrv.dll : Negotiate</Data>
    </EventData>
  </Event>
  <Event xmlns="http://schemas.microsoft.com/win/2004/08/events/event">
    <System>
      <Provider Name="Microsoft-Windows-Security-Auditing" Guid="{54849625-5478-4994-A5BA-3E3B0328C30D}" />
      <EventID>4622</EventID>
      <Version>0</Version>
      <Level>0</Level>
      <Task>12289</Task>
      <Opcode>0</Opcode>
      <Keywords>0x8020000000000000</Keywords>
      <TimeCreated SystemTime="2021-09-29T10:35:21.550991700Z" />
      <EventRecordID>3313256</EventRecordID>
      <Correlation />
      <Execution ProcessID="604" ThreadID="608" />
      <Channel>Security</Channel>
      <Computer>prtg-mon.offsec.lan</Computer>
      <Security />
    </System>
    <EventData>
      <Data Name="SecurityPackageName">C:\Windows\system32\negoexts.DLL : NegoExtender</Data>
    </EventData>
  </Event>
  <Event xmlns="http://schemas.microsoft.com/win/2004/08/events/event">
    <System>
      <Provider Name="Microsoft-Windows-Security-Auditing" Guid="{54849625-5478-4994-A5BA-3E3B0328C30D}" />
      <EventID>4622</EventID>
      <Version>0</Version>
      <Level>0</Level>
      <Task>12289</Task>
      <Opcode>0</Opcode>
      <Keywords>0x8020000000000000</Keywords>
      <TimeCreated SystemTime="2021-09-29T10:35:24.288419800Z" />
      <EventRecordID>3313257</EventRecordID>
      <Correlation />
      <Execution ProcessID="604" ThreadID="608" />
      <Channel>Security</Channel>
      <Computer>prtg-mon.offsec.lan</Computer>
      <Security />
    </System>
    <EventData>
      <Data Name="SecurityPackageName">C:\Windows\system32\kerberos.DLL : Kerberos</Data>
    </EventData>
  </Event>
  <Event xmlns="http://schemas.microsoft.com/win/2004/08/events/event">
    <System>
      <Provider Name="Microsoft-Windows-Security-Auditing" Guid="{54849625-5478-4994-A5BA-3E3B0328C30D}" />
      <EventID>4622</EventID>
      <Version>0</Version>
      <Level>0</Level>
      <Task>12289</Task>
      <Opcode>0</Opcode>
      <Keywords>0x8020000000000000</Keywords>
      <TimeCreated SystemTime="2021-09-29T10:35:26.911429500Z" />
      <EventRecordID>3313258</EventRecordID>
      <Correlation ActivityID="{80915CD5-B51D-0000-E95C-91801DB5D701}" />
      <Execution ProcessID="604" ThreadID="608" />
      <Channel>Security</Channel>
      <Computer>prtg-mon.offsec.lan</Computer>
      <Security />
    </System>
    <EventData>
      <Data Name="SecurityPackageName">C:\Windows\system32\msv1_0.DLL : NTLM</Data>
    </EventData>
  </Event>
  <Event xmlns="http://schemas.microsoft.com/win/2004/08/events/event">
    <System>
      <Provider Name="Microsoft-Windows-Security-Auditing" Guid="{54849625-5478-4994-A5BA-3E3B0328C30D}" />
      <EventID>4622</EventID>
      <Version>0</Version>
      <Level>0</Level>
      <Task>12289</Task>
      <Opcode>0</Opcode>
      <Keywords>0x8020000000000000</Keywords>
      <TimeCreated SystemTime="2021-09-29T10:35:27.108777300Z" />
      <EventRecordID>3313259</EventRecordID>
      <Correlation ActivityID="{80915CD5-B51D-0000-E95C-91801DB5D701}" />
      <Execution ProcessID="604" ThreadID="608" />
      <Channel>Security</Channel>
      <Computer>prtg-mon.offsec.lan</Computer>
      <Security />
    </System>
    <EventData>
      <Data Name="SecurityPackageName">C:\Windows\system32\tspkg.DLL : TSSSP</Data>
    </EventData>
  </Event>
  <Event xmlns="http://schemas.microsoft.com/win/2004/08/events/event">
    <System>
      <Provider Name="Microsoft-Windows-Security-Auditing" Guid="{54849625-5478-4994-A5BA-3E3B0328C30D}" />
      <EventID>4622</EventID>
      <Version>0</Version>
      <Level>0</Level>
      <Task>12289</Task>
      <Opcode>0</Opcode>
      <Keywords>0x8020000000000000</Keywords>
      <TimeCreated SystemTime="2021-09-29T10:35:27.689987900Z" />
      <EventRecordID>3313260</EventRecordID>
      <Correlation ActivityID="{80915CD5-B51D-0000-E95C-91801DB5D701}" />
      <Execution ProcessID="604" ThreadID="608" />
      <Channel>Security</Channel>
      <Computer>prtg-mon.offsec.lan</Computer>
      <Security />
    </System>
    <EventData>
      <Data Name="SecurityPackageName">C:\Windows\system32\pku2u.DLL : pku2u</Data>
    </EventData>
  </Event>
  <Event xmlns="http://schemas.microsoft.com/win/2004/08/events/event">
    <System>
      <Provider Name="Microsoft-Windows-Security-Auditing" Guid="{54849625-5478-4994-A5BA-3E3B0328C30D}" />
      <EventID>4622</EventID>
      <Version>0</Version>
      <Level>0</Level>
      <Task>12289</Task>
      <Opcode>0</Opcode>
      <Keywords>0x8020000000000000</Keywords>
      <TimeCreated SystemTime="2021-09-29T10:35:32.937054000Z" />
      <EventRecordID>3313261</EventRecordID>
      <Correlation ActivityID="{80915CD5-B51D-0000-E95C-91801DB5D701}" />
      <Execution ProcessID="604" ThreadID="608" />
      <Channel>Security</Channel>
      <Computer>prtg-mon.offsec.lan</Computer>
      <Security />
    </System>
    <EventData>
      <Data Name="SecurityPackageName">C:\Windows\system32\cloudAP.DLL : CloudAP</Data>
    </EventData>
  </Event>
  <Event xmlns="http://schemas.microsoft.com/win/2004/08/events/event">
    <System>
      <Provider Name="Microsoft-Windows-Security-Auditing" Guid="{54849625-5478-4994-A5BA-3E3B0328C30D}" />
      <EventID>4622</EventID>
      <Version>0</Version>
      <Level>0</Level>
      <Task>12289</Task>
      <Opcode>0</Opcode>
      <Keywords>0x8020000000000000</Keywords>
      <TimeCreated SystemTime="2021-09-29T10:35:33.314242800Z" />
      <EventRecordID>3313262</EventRecordID>
      <Correlation ActivityID="{80915CD5-B51D-0000-E95C-91801DB5D701}" />
      <Execution ProcessID="604" ThreadID="608" />
      <Channel>Security</Channel>
      <Computer>prtg-mon.offsec.lan</Computer>
      <Security />
    </System>
    <EventData>
      <Data Name="SecurityPackageName">C:\Windows\system32\wdigest.DLL : WDigest</Data>
    </EventData>
  </Event>
  <Event xmlns="http://schemas.microsoft.com/win/2004/08/events/event">
    <System>
      <Provider Name="Microsoft-Windows-Security-Auditing" Guid="{54849625-5478-4994-A5BA-3E3B0328C30D}" />
      <EventID>4622</EventID>
      <Version>0</Version>
      <Level>0</Level>
      <Task>12289</Task>
      <Opcode>0</Opcode>
      <Keywords>0x8020000000000000</Keywords>
      <TimeCreated SystemTime="2021-09-29T10:35:33.819753200Z" />
      <EventRecordID>3313263</EventRecordID>
      <Correlation ActivityID="{80915CD5-B51D-0000-E95C-91801DB5D701}" />
      <Execution ProcessID="604" ThreadID="608" />
      <Channel>Security</Channel>
      <Computer>prtg-mon.offsec.lan</Computer>
      <Security />
    </System>
    <EventData>
      <Data Name="SecurityPackageName">C:\Windows\system32\schannel.DLL : Schannel</Data>
    </EventData>
  </Event>
  <Event xmlns="http://schemas.microsoft.com/win/2004/08/events/event">
    <System>
      <Provider Name="Microsoft-Windows-Security-Auditing" Guid="{54849625-5478-4994-A5BA-3E3B0328C30D}" />
      <EventID>4622</EventID>
      <Version>0</Version>
      <Level>0</Level>
      <Task>12289</Task>
      <Opcode>0</Opcode>
      <Keywords>0x8020000000000000</Keywords>
      <TimeCreated SystemTime="2021-09-29T10:35:33.819769500Z" />
      <EventRecordID>3313264</EventRecordID>
      <Correlation ActivityID="{80915CD5-B51D-0000-E95C-91801DB5D701}" />
      <Execution ProcessID="604" ThreadID="608" />
      <Channel>Security</Channel>
      <Computer>prtg-mon.offsec.lan</Computer>
      <Security />
    </System>
    <EventData>
      <Data Name="SecurityPackageName">C:\Windows\system32\schannel.DLL : Microsoft Unified Security Protocol Provider</Data>
    </EventData>
  </Event>
  <Event xmlns="http://schemas.microsoft.com/win/2004/08/events/event">
    <System>
      <Provider Name="Microsoft-Windows-Security-Auditing" Guid="{54849625-5478-4994-A5BA-3E3B0328C30D}" />
      <EventID>4622</EventID>
      <Version>0</Version>
      <Level>0</Level>
      <Task>12289</Task>
      <Opcode>0</Opcode>
      <Keywords>0x8020000000000000</Keywords>
      <TimeCreated SystemTime="2021-09-29T10:36:31.572117600Z" />
      <EventRecordID>12752074</EventRecordID>
      <Correlation />
      <Execution ProcessID="532" ThreadID="536" />
      <Channel>Security</Channel>
      <Computer>dhcp01.offsec.lan</Computer>
      <Security />
    </System>
    <EventData>
      <Data Name="SecurityPackageName">C:\Windows\system32\lsasrv.dll : Negotiate</Data>
    </EventData>
  </Event>
  <Event xmlns="http://schemas.microsoft.com/win/2004/08/events/event">
    <System>
      <Provider Name="Microsoft-Windows-Security-Auditing" Guid="{54849625-5478-4994-A5BA-3E3B0328C30D}" />
      <EventID>4622</EventID>
      <Version>0</Version>
      <Level>0</Level>
      <Task>12289</Task>
      <Opcode>0</Opcode>
      <Keywords>0x8020000000000000</Keywords>
      <TimeCreated SystemTime="2021-09-29T10:36:31.835435200Z" />
      <EventRecordID>12752075</EventRecordID>
      <Correlation />
      <Execution ProcessID="532" ThreadID="536" />
      <Channel>Security</Channel>
      <Computer>dhcp01.offsec.lan</Computer>
      <Security />
    </System>
    <EventData>
      <Data Name="SecurityPackageName">C:\Windows\system32\negoexts.DLL : NegoExtender</Data>
    </EventData>
  </Event>
  <Event xmlns="http://schemas.microsoft.com/win/2004/08/events/event">
    <System>
      <Provider Name="Microsoft-Windows-Security-Auditing" Guid="{54849625-5478-4994-A5BA-3E3B0328C30D}" />
      <EventID>4622</EventID>
      <Version>0</Version>
      <Level>0</Level>
      <Task>12289</Task>
      <Opcode>0</Opcode>
      <Keywords>0x8020000000000000</Keywords>
      <TimeCreated SystemTime="2021-09-29T10:36:32.399067100Z" />
      <EventRecordID>12752076</EventRecordID>
      <Correlation />
      <Execution ProcessID="532" ThreadID="536" />
      <Channel>Security</Channel>
      <Computer>dhcp01.offsec.lan</Computer>
      <Security />
    </System>
    <EventData>
      <Data Name="SecurityPackageName">C:\Windows\system32\kerberos.DLL : Kerberos</Data>
    </EventData>
  </Event>
  <Event xmlns="http://schemas.microsoft.com/win/2004/08/events/event">
    <System>
      <Provider Name="Microsoft-Windows-Security-Auditing" Guid="{54849625-5478-4994-A5BA-3E3B0328C30D}" />
      <EventID>4622</EventID>
      <Version>0</Version>
      <Level>0</Level>
      <Task>12289</Task>
      <Opcode>0</Opcode>
      <Keywords>0x8020000000000000</Keywords>
      <TimeCreated SystemTime="2021-09-29T10:36:33.907702000Z" />
      <EventRecordID>12752077</EventRecordID>
      <Correlation ActivityID="{C1A22C21-B51D-0000-4D2C-A2C11DB5D701}" />
      <Execution ProcessID="532" ThreadID="536" />
      <Channel>Security</Channel>
      <Computer>dhcp01.offsec.lan</Computer>
      <Security />
    </System>
    <EventData>
      <Data Name="SecurityPackageName">C:\Windows\system32\msv1_0.DLL : NTLM</Data>
    </EventData>
  </Event>
  <Event xmlns="http://schemas.microsoft.com/win/2004/08/events/event">
    <System>
      <Provider Name="Microsoft-Windows-Security-Auditing" Guid="{54849625-5478-4994-A5BA-3E3B0328C30D}" />
      <EventID>4622</EventID>
      <Version>0</Version>
      <Level>0</Level>
      <Task>12289</Task>
      <Opcode>0</Opcode>
      <Keywords>0x8020000000000000</Keywords>
      <TimeCreated SystemTime="2021-09-29T10:36:34.049658100Z" />
      <EventRecordID>12752078</EventRecordID>
      <Correlation ActivityID="{C1A22C21-B51D-0000-4D2C-A2C11DB5D701}" />
      <Execution ProcessID="532" ThreadID="536" />
      <Channel>Security</Channel>
      <Computer>dhcp01.offsec.lan</Computer>
      <Security />
    </System>
    <EventData>
      <Data Name="SecurityPackageName">C:\Windows\system32\tspkg.DLL : TSSSP</Data>
    </EventData>
  </Event>
  <Event xmlns="http://schemas.microsoft.com/win/2004/08/events/event">
    <System>
      <Provider Name="Microsoft-Windows-Security-Auditing" Guid="{54849625-5478-4994-A5BA-3E3B0328C30D}" />
      <EventID>4622</EventID>
      <Version>0</Version>
      <Level>0</Level>
      <Task>12289</Task>
      <Opcode>0</Opcode>
      <Keywords>0x8020000000000000</Keywords>
      <TimeCreated SystemTime="2021-09-29T10:36:34.444389200Z" />
      <EventRecordID>12752079</EventRecordID>
      <Correlation ActivityID="{C1A22C21-B51D-0000-4D2C-A2C11DB5D701}" />
      <Execution ProcessID="532" ThreadID="536" />
      <Channel>Security</Channel>
      <Computer>dhcp01.offsec.lan</Computer>
      <Security />
    </System>
    <EventData>
      <Data Name="SecurityPackageName">C:\Windows\system32\pku2u.DLL : pku2u</Data>
    </EventData>
  </Event>
  <Event xmlns="http://schemas.microsoft.com/win/2004/08/events/event">
    <System>
      <Provider Name="Microsoft-Windows-Security-Auditing" Guid="{54849625-5478-4994-A5BA-3E3B0328C30D}" />
      <EventID>4622</EventID>
      <Version>0</Version>
      <Level>0</Level>
      <Task>12289</Task>
      <Opcode>0</Opcode>
      <Keywords>0x8020000000000000</Keywords>
      <TimeCreated SystemTime="2021-09-29T10:36:37.281908400Z" />
      <EventRecordID>12752080</EventRecordID>
      <Correlation ActivityID="{C1A22C21-B51D-0000-4D2C-A2C11DB5D701}" />
      <Execution ProcessID="532" ThreadID="536" />
      <Channel>Security</Channel>
      <Computer>dhcp01.offsec.lan</Computer>
      <Security />
    </System>
    <EventData>
      <Data Name="SecurityPackageName">C:\Windows\system32\cloudAP.DLL : CloudAP</Data>
    </EventData>
  </Event>
  <Event xmlns="http://schemas.microsoft.com/win/2004/08/events/event">
    <System>
      <Provider Name="Microsoft-Windows-Security-Auditing" Guid="{54849625-5478-4994-A5BA-3E3B0328C30D}" />
      <EventID>4622</EventID>
      <Version>0</Version>
      <Level>0</Level>
      <Task>12289</Task>
      <Opcode>0</Opcode>
      <Keywords>0x8020000000000000</Keywords>
      <TimeCreated SystemTime="2021-09-29T10:36:37.920650600Z" />
      <EventRecordID>12752081</EventRecordID>
      <Correlation ActivityID="{C1A22C21-B51D-0000-4D2C-A2C11DB5D701}" />
      <Execution ProcessID="532" ThreadID="536" />
      <Channel>Security</Channel>
      <Computer>dhcp01.offsec.lan</Computer>
      <Security />
    </System>
    <EventData>
      <Data Name="SecurityPackageName">C:\Windows\system32\wdigest.DLL : WDigest</Data>
    </EventData>
  </Event>
  <Event xmlns="http://schemas.microsoft.com/win/2004/08/events/event">
    <System>
      <Provider Name="Microsoft-Windows-Security-Auditing" Guid="{54849625-5478-4994-A5BA-3E3B0328C30D}" />
      <EventID>4622</EventID>
      <Version>0</Version>
      <Level>0</Level>
      <Task>12289</Task>
      <Opcode>0</Opcode>
      <Keywords>0x8020000000000000</Keywords>
      <TimeCreated SystemTime="2021-09-29T10:36:38.122869000Z" />
      <EventRecordID>12752082</EventRecordID>
      <Correlation ActivityID="{C1A22C21-B51D-0000-4D2C-A2C11DB5D701}" />
      <Execution ProcessID="532" ThreadID="536" />
      <Channel>Security</Channel>
      <Computer>dhcp01.offsec.lan</Computer>
      <Security />
    </System>
    <EventData>
      <Data Name="SecurityPackageName">C:\Windows\system32\schannel.DLL : Schannel</Data>
    </EventData>
  </Event>
  <Event xmlns="http://schemas.microsoft.com/win/2004/08/events/event">
    <System>
      <Provider Name="Microsoft-Windows-Security-Auditing" Guid="{54849625-5478-4994-A5BA-3E3B0328C30D}" />
      <EventID>4622</EventID>
      <Version>0</Version>
      <Level>0</Level>
      <Task>12289</Task>
      <Opcode>0</Opcode>
      <Keywords>0x8020000000000000</Keywords>
      <TimeCreated SystemTime="2021-09-29T10:36:38.122889000Z" />
      <EventRecordID>12752083</EventRecordID>
      <Correlation ActivityID="{C1A22C21-B51D-0000-4D2C-A2C11DB5D701}" />
      <Execution ProcessID="532" ThreadID="536" />
      <Channel>Security</Channel>
      <Computer>dhcp01.offsec.lan</Computer>
      <Security />
    </System>
    <EventData>
      <Data Name="SecurityPackageName">C:\Windows\system32\schannel.DLL : Microsoft Unified Security Protocol Provider</Data>
    </EventData>
  </Event>
  <Event xmlns="http://schemas.microsoft.com/win/2004/08/events/event">
    <System>
      <Provider Name="Microsoft-Windows-Security-Auditing" Guid="{54849625-5478-4994-A5BA-3E3B0328C30D}" />
      <EventID>4622</EventID>
      <Version>0</Version>
      <Level>0</Level>
      <Task>12289</Task>
      <Opcode>0</Opcode>
      <Keywords>0x8020000000000000</Keywords>
      <TimeCreated SystemTime="2021-10-05T07:39:41.515270100Z" />
      <EventRecordID>18173452</EventRecordID>
      <Correlation />
      <Execution ProcessID="724" ThreadID="728" />
      <Channel>Security</Channel>
      <Computer>jump01.offsec.lan</Computer>
      <Security />
    </System>
    <EventData>
      <Data Name="SecurityPackageName">C:\Windows\system32\lsasrv.dll : Negotiate</Data>
    </EventData>
  </Event>
  <Event xmlns="http://schemas.microsoft.com/win/2004/08/events/event">
    <System>
      <Provider Name="Microsoft-Windows-Security-Auditing" Guid="{54849625-5478-4994-A5BA-3E3B0328C30D}" />
      <EventID>4622</EventID>
      <Version>0</Version>
      <Level>0</Level>
      <Task>12289</Task>
      <Opcode>0</Opcode>
      <Keywords>0x8020000000000000</Keywords>
      <TimeCreated SystemTime="2021-10-05T07:39:41.564979600Z" />
      <EventRecordID>18173453</EventRecordID>
      <Correlation />
      <Execution ProcessID="724" ThreadID="728" />
      <Channel>Security</Channel>
      <Computer>jump01.offsec.lan</Computer>
      <Security />
    </System>
    <EventData>
      <Data Name="SecurityPackageName">C:\Windows\system32\negoexts.DLL : NegoExtender</Data>
    </EventData>
  </Event>
  <Event xmlns="http://schemas.microsoft.com/win/2004/08/events/event">
    <System>
      <Provider Name="Microsoft-Windows-Security-Auditing" Guid="{54849625-5478-4994-A5BA-3E3B0328C30D}" />
      <EventID>4622</EventID>
      <Version>0</Version>
      <Level>0</Level>
      <Task>12289</Task>
      <Opcode>0</Opcode>
      <Keywords>0x8020000000000000</Keywords>
      <TimeCreated SystemTime="2021-10-05T07:39:41.741696500Z" />
      <EventRecordID>18173454</EventRecordID>
      <Correlation />
      <Execution ProcessID="724" ThreadID="728" />
      <Channel>Security</Channel>
      <Computer>jump01.offsec.lan</Computer>
      <Security />
    </System>
    <EventData>
      <Data Name="SecurityPackageName">C:\Windows\system32\kerberos.DLL : Kerberos</Data>
    </EventData>
  </Event>
  <Event xmlns="http://schemas.microsoft.com/win/2004/08/events/event">
    <System>
      <Provider Name="Microsoft-Windows-Security-Auditing" Guid="{54849625-5478-4994-A5BA-3E3B0328C30D}" />
      <EventID>4622</EventID>
      <Version>0</Version>
      <Level>0</Level>
      <Task>12289</Task>
      <Opcode>0</Opcode>
      <Keywords>0x8020000000000000</Keywords>
      <TimeCreated SystemTime="2021-10-05T07:39:42.021620200Z" />
      <EventRecordID>18173455</EventRecordID>
      <Correlation ActivityID="{1E71A438-B9BC-0006-50A4-711EBCB9D701}" />
      <Execution ProcessID="724" ThreadID="728" />
      <Channel>Security</Channel>
      <Computer>jump01.offsec.lan</Computer>
      <Security />
    </System>
    <EventData>
      <Data Name="SecurityPackageName">C:\Windows\system32\msv1_0.DLL : NTLM</Data>
    </EventData>
  </Event>
  <Event xmlns="http://schemas.microsoft.com/win/2004/08/events/event">
    <System>
      <Provider Name="Microsoft-Windows-Security-Auditing" Guid="{54849625-5478-4994-A5BA-3E3B0328C30D}" />
      <EventID>4622</EventID>
      <Version>0</Version>
      <Level>0</Level>
      <Task>12289</Task>
      <Opcode>0</Opcode>
      <Keywords>0x8020000000000000</Keywords>
      <TimeCreated SystemTime="2021-10-05T07:39:42.055817200Z" />
      <EventRecordID>18173456</EventRecordID>
      <Correlation ActivityID="{1E71A438-B9BC-0006-50A4-711EBCB9D701}" />
      <Execution ProcessID="724" ThreadID="728" />
      <Channel>Security</Channel>
      <Computer>jump01.offsec.lan</Computer>
      <Security />
    </System>
    <EventData>
      <Data Name="SecurityPackageName">C:\Windows\system32\tspkg.DLL : TSSSP</Data>
    </EventData>
  </Event>
  <Event xmlns="http://schemas.microsoft.com/win/2004/08/events/event">
    <System>
      <Provider Name="Microsoft-Windows-Security-Auditing" Guid="{54849625-5478-4994-A5BA-3E3B0328C30D}" />
      <EventID>4622</EventID>
      <Version>0</Version>
      <Level>0</Level>
      <Task>12289</Task>
      <Opcode>0</Opcode>
      <Keywords>0x8020000000000000</Keywords>
      <TimeCreated SystemTime="2021-10-05T07:39:42.091027600Z" />
      <EventRecordID>18173457</EventRecordID>
      <Correlation ActivityID="{1E71A438-B9BC-0006-50A4-711EBCB9D701}" />
      <Execution ProcessID="724" ThreadID="728" />
      <Channel>Security</Channel>
      <Computer>jump01.offsec.lan</Computer>
      <Security />
    </System>
    <EventData>
      <Data Name="SecurityPackageName">C:\Windows\system32\pku2u.DLL : pku2u</Data>
    </EventData>
  </Event>
  <Event xmlns="http://schemas.microsoft.com/win/2004/08/events/event">
    <System>
      <Provider Name="Microsoft-Windows-Security-Auditing" Guid="{54849625-5478-4994-A5BA-3E3B0328C30D}" />
      <EventID>4622</EventID>
      <Version>0</Version>
      <Level>0</Level>
      <Task>12289</Task>
      <Opcode>0</Opcode>
      <Keywords>0x8020000000000000</Keywords>
      <TimeCreated SystemTime="2021-10-05T07:39:42.582513900Z" />
      <EventRecordID>18173458</EventRecordID>
      <Correlation ActivityID="{1E71A438-B9BC-0006-50A4-711EBCB9D701}" />
      <Execution ProcessID="724" ThreadID="728" />
      <Channel>Security</Channel>
      <Computer>jump01.offsec.lan</Computer>
      <Security />
    </System>
    <EventData>
      <Data Name="SecurityPackageName">C:\Windows\system32\cloudAP.DLL : CloudAP</Data>
    </EventData>
  </Event>
  <Event xmlns="http://schemas.microsoft.com/win/2004/08/events/event">
    <System>
      <Provider Name="Microsoft-Windows-Security-Auditing" Guid="{54849625-5478-4994-A5BA-3E3B0328C30D}" />
      <EventID>4622</EventID>
      <Version>0</Version>
      <Level>0</Level>
      <Task>12289</Task>
      <Opcode>0</Opcode>
      <Keywords>0x8020000000000000</Keywords>
      <TimeCreated SystemTime="2021-10-05T07:39:42.684334500Z" />
      <EventRecordID>18173459</EventRecordID>
      <Correlation ActivityID="{1E71A438-B9BC-0006-50A4-711EBCB9D701}" />
      <Execution ProcessID="724" ThreadID="728" />
      <Channel>Security</Channel>
      <Computer>jump01.offsec.lan</Computer>
      <Security />
    </System>
    <EventData>
      <Data Name="SecurityPackageName">C:\Windows\system32\wdigest.DLL : WDigest</Data>
    </EventData>
  </Event>
  <Event xmlns="http://schemas.microsoft.com/win/2004/08/events/event">
    <System>
      <Provider Name="Microsoft-Windows-Security-Auditing" Guid="{54849625-5478-4994-A5BA-3E3B0328C30D}" />
      <EventID>4622</EventID>
      <Version>0</Version>
      <Level>0</Level>
      <Task>12289</Task>
      <Opcode>0</Opcode>
      <Keywords>0x8020000000000000</Keywords>
      <TimeCreated SystemTime="2021-10-05T07:39:42.712405500Z" />
      <EventRecordID>18173460</EventRecordID>
      <Correlation ActivityID="{1E71A438-B9BC-0006-50A4-711EBCB9D701}" />
      <Execution ProcessID="724" ThreadID="728" />
      <Channel>Security</Channel>
      <Computer>jump01.offsec.lan</Computer>
      <Security />
    </System>
    <EventData>
      <Data Name="SecurityPackageName">C:\Windows\system32\schannel.DLL : Schannel</Data>
    </EventData>
  </Event>
  <Event xmlns="http://schemas.microsoft.com/win/2004/08/events/event">
    <System>
      <Provider Name="Microsoft-Windows-Security-Auditing" Guid="{54849625-5478-4994-A5BA-3E3B0328C30D}" />
      <EventID>4622</EventID>
      <Version>0</Version>
      <Level>0</Level>
      <Task>12289</Task>
      <Opcode>0</Opcode>
      <Keywords>0x8020000000000000</Keywords>
      <TimeCreated SystemTime="2021-10-05T07:39:42.712420400Z" />
      <EventRecordID>18173461</EventRecordID>
      <Correlation ActivityID="{1E71A438-B9BC-0006-50A4-711EBCB9D701}" />
      <Execution ProcessID="724" ThreadID="728" />
      <Channel>Security</Channel>
      <Computer>jump01.offsec.lan</Computer>
      <Security />
    </System>
    <EventData>
      <Data Name="SecurityPackageName">C:\Windows\system32\schannel.DLL : Microsoft Unified Security Protocol Provider</Data>
    </EventData>
  </Event>
  <Event xmlns="http://schemas.microsoft.com/win/2004/08/events/event">
    <System>
      <Provider Name="Microsoft-Windows-Security-Auditing" Guid="{54849625-5478-4994-A5BA-3E3B0328C30D}" />
      <EventID>4622</EventID>
      <Version>0</Version>
      <Level>0</Level>
      <Task>12289</Task>
      <Opcode>0</Opcode>
      <Keywords>0x8020000000000000</Keywords>
      <TimeCreated SystemTime="2021-10-05T09:38:30.880880300Z" />
      <EventRecordID>12966442</EventRecordID>
      <Correlation />
      <Execution ProcessID="528" ThreadID="532" />
      <Channel>Security</Channel>
      <Computer>dhcp01.offsec.lan</Computer>
      <Security />
    </System>
    <EventData>
      <Data Name="SecurityPackageName">C:\Windows\system32\lsasrv.dll : Negotiate</Data>
    </EventData>
  </Event>
  <Event xmlns="http://schemas.microsoft.com/win/2004/08/events/event">
    <System>
      <Provider Name="Microsoft-Windows-Security-Auditing" Guid="{54849625-5478-4994-A5BA-3E3B0328C30D}" />
      <EventID>4622</EventID>
      <Version>0</Version>
      <Level>0</Level>
      <Task>12289</Task>
      <Opcode>0</Opcode>
      <Keywords>0x8020000000000000</Keywords>
      <TimeCreated SystemTime="2021-10-05T09:38:30.926450300Z" />
      <EventRecordID>12966443</EventRecordID>
      <Correlation />
      <Execution ProcessID="528" ThreadID="532" />
      <Channel>Security</Channel>
      <Computer>dhcp01.offsec.lan</Computer>
      <Security />
    </System>
    <EventData>
      <Data Name="SecurityPackageName">C:\Windows\system32\negoexts.DLL : NegoExtender</Data>
    </EventData>
  </Event>
  <Event xmlns="http://schemas.microsoft.com/win/2004/08/events/event">
    <System>
      <Provider Name="Microsoft-Windows-Security-Auditing" Guid="{54849625-5478-4994-A5BA-3E3B0328C30D}" />
      <EventID>4622</EventID>
      <Version>0</Version>
      <Level>0</Level>
      <Task>12289</Task>
      <Opcode>0</Opcode>
      <Keywords>0x8020000000000000</Keywords>
      <TimeCreated SystemTime="2021-10-05T09:38:31.021329400Z" />
      <EventRecordID>12966444</EventRecordID>
      <Correlation />
      <Execution ProcessID="528" ThreadID="532" />
      <Channel>Security</Channel>
      <Computer>dhcp01.offsec.lan</Computer>
      <Security />
    </System>
    <EventData>
      <Data Name="SecurityPackageName">C:\Windows\system32\kerberos.DLL : Kerberos</Data>
    </EventData>
  </Event>
  <Event xmlns="http://schemas.microsoft.com/win/2004/08/events/event">
    <System>
      <Provider Name="Microsoft-Windows-Security-Auditing" Guid="{54849625-5478-4994-A5BA-3E3B0328C30D}" />
      <EventID>4622</EventID>
      <Version>0</Version>
      <Level>0</Level>
      <Task>12289</Task>
      <Opcode>0</Opcode>
      <Keywords>0x8020000000000000</Keywords>
      <TimeCreated SystemTime="2021-10-05T09:38:31.201422000Z" />
      <EventRecordID>12966445</EventRecordID>
      <Correlation ActivityID="{BA040EB7-B9CC-0000-E30E-04BACCB9D701}" />
      <Execution ProcessID="528" ThreadID="532" />
      <Channel>Security</Channel>
      <Computer>dhcp01.offsec.lan</Computer>
      <Security />
    </System>
    <EventData>
      <Data Name="SecurityPackageName">C:\Windows\system32\msv1_0.DLL : NTLM</Data>
    </EventData>
  </Event>
  <Event xmlns="http://schemas.microsoft.com/win/2004/08/events/event">
    <System>
      <Provider Name="Microsoft-Windows-Security-Auditing" Guid="{54849625-5478-4994-A5BA-3E3B0328C30D}" />
      <EventID>4622</EventID>
      <Version>0</Version>
      <Level>0</Level>
      <Task>12289</Task>
      <Opcode>0</Opcode>
      <Keywords>0x8020000000000000</Keywords>
      <TimeCreated SystemTime="2021-10-05T09:38:31.225585700Z" />
      <EventRecordID>12966446</EventRecordID>
      <Correlation ActivityID="{BA040EB7-B9CC-0000-E30E-04BACCB9D701}" />
      <Execution ProcessID="528" ThreadID="532" />
      <Channel>Security</Channel>
      <Computer>dhcp01.offsec.lan</Computer>
      <Security />
    </System>
    <EventData>
      <Data Name="SecurityPackageName">C:\Windows\system32\tspkg.DLL : TSSSP</Data>
    </EventData>
  </Event>
  <Event xmlns="http://schemas.microsoft.com/win/2004/08/events/event">
    <System>
      <Provider Name="Microsoft-Windows-Security-Auditing" Guid="{54849625-5478-4994-A5BA-3E3B0328C30D}" />
      <EventID>4622</EventID>
      <Version>0</Version>
      <Level>0</Level>
      <Task>12289</Task>
      <Opcode>0</Opcode>
      <Keywords>0x8020000000000000</Keywords>
      <TimeCreated SystemTime="2021-10-05T09:38:31.241464800Z" />
      <EventRecordID>12966447</EventRecordID>
      <Correlation ActivityID="{BA040EB7-B9CC-0000-E30E-04BACCB9D701}" />
      <Execution ProcessID="528" ThreadID="532" />
      <Channel>Security</Channel>
      <Computer>dhcp01.offsec.lan</Computer>
      <Security />
    </System>
    <EventData>
      <Data Name="SecurityPackageName">C:\Windows\system32\pku2u.DLL : pku2u</Data>
    </EventData>
  </Event>
  