<Event xmlns="http://schemas.microsoft.com/win/2004/08/events/event">
    <System>
      <Provider Name="Microsoft-Windows-RemoteDesktopServices-RdpCoreTS" Guid="{1139C61B-B549-4251-8ED3-27250A1EDEC8}" />
      <EventID>131</EventID>
      <Version>0</Version>
      <Level>4</Level>
      <Task>4</Task>
      <Opcode>15</Opcode>
      <Keywords>0x4000000000000000</Keywords>
      <TimeCreated SystemTime="2021-12-16T10:19:07.349217800Z" />
      <EventRecordID>96586</EventRecordID>
      <Correlation ActivityID="{F420DF16-33C9-4431-BB76-6DB6E7630000}" />
      <Execution ProcessID="952" ThreadID="1420" />
      <Channel>Microsoft-Windows-RemoteDesktopServices-RdpCoreTS/Operational</Channel>
      <Computer>rootdc1.offsec.lan</Computer>
      <Security UserID="S-1-5-20" />
    </System>
    <EventData>
      <Data Name="ConnType">TCP</Data>
      <Data Name="ClientIP">10.23.123.11:42886</Data>
    </EventData>
  </Event>
  <Event xmlns="http://schemas.microsoft.com/win/2004/08/events/event">
    <System>
      <Provider Name="Microsoft-Windows-RemoteDesktopServices-RdpCoreTS" Guid="{1139C61B-B549-4251-8ED3-27250A1EDEC8}" />
      <EventID>131</EventID>
      <Version>0</Version>
      <Level>4</Level>
      <Task>4</Task>
      <Opcode>15</Opcode>
      <Keywords>0x4000000000000000</Keywords>
      <TimeCreated SystemTime="2021-12-16T10:19:07.362337500Z" />
      <EventRecordID>96591</EventRecordID>
      <Correlation ActivityID="{F420AC7A-8BAE-4985-938B-392E24C00000}" />
      <Execution ProcessID="952" ThreadID="1420" />
      <Channel>Microsoft-Windows-RemoteDesktopServices-RdpCoreTS/Operational</Channel>
      <Computer>rootdc1.offsec.lan</Computer>
      <Security UserID="S-1-5-20" />
    </System>
    <EventData>
      <Data Name="ConnType">TCP</Data>
      <Data Name="ClientIP">10.23.123.11:42912</Data>
    </EventData>
  </Event>
  <Event xmlns="http://schemas.microsoft.com/win/2004/08/events/event">
    <System>
      <Provider Name="Microsoft-Windows-RemoteDesktopServices-RdpCoreTS" Guid="{1139C61B-B549-4251-8ED3-27250A1EDEC8}" />
      <EventID>131</EventID>
      <Version>0</Version>
      <Level>4</Level>
      <Task>4</Task>
      <Opcode>15</Opcode>
      <Keywords>0x4000000000000000</Keywords>
      <TimeCreated SystemTime="2021-12-16T10:19:07.369918800Z" />
      <EventRecordID>96596</EventRecordID>
      <Correlation ActivityID="{F420DDFC-A1B3-4513-BBEA-483770EF0000}" />
      <Execution ProcessID="952" ThreadID="1420" />
      <Channel>Microsoft-Windows-RemoteDesktopServices-RdpCoreTS/Operational</Channel>
      <Computer>rootdc1.offsec.lan</Computer>
      <Security UserID="S-1-5-20" />
    </System>
    <EventData>
      <Data Name="ConnType">TCP</Data>
      <Data Name="ClientIP">10.23.123.11:42940</Data>
    </EventData>
  </Event>
  <Event xmlns="http://schemas.microsoft.com/win/2004/08/events/event">
    <System>
      <Provider Name="Microsoft-Windows-RemoteDesktopServices-RdpCoreTS" Guid="{1139C61B-B549-4251-8ED3-27250A1EDEC8}" />
      <EventID>131</EventID>
      <Version>0</Version>
      <Level>4</Level>
      <Task>4</Task>
      <Opcode>15</Opcode>
      <Keywords>0x4000000000000000</Keywords>
      <TimeCreated SystemTime="2021-12-16T10:19:07.424447800Z" />
      <EventRecordID>96601</EventRecordID>
      <Correlation ActivityID="{F4206492-6675-4B1F-92A6-0937BCD30000}" />
      <Execution ProcessID="952" ThreadID="1420" />
      <Channel>Microsoft-Windows-RemoteDesktopServices-RdpCoreTS/Operational</Channel>
      <Computer>rootdc1.offsec.lan</Computer>
      <Security UserID="S-1-5-20" />
    </System>
    <EventData>
      <Data Name="ConnType">TCP</Data>
      <Data Name="ClientIP">10.23.123.11:42958</Data>
    </EventData>
  </Event>
  <Event xmlns="http://schemas.microsoft.com/win/2004/08/events/event">
    <System>
      <Provider Name="Microsoft-Windows-RemoteDesktopServices-RdpCoreTS" Guid="{1139C61B-B549-4251-8ED3-27250A1EDEC8}" />
      <EventID>131</EventID>
      <Version>0</Version>
      <Level>4</Level>
      <Task>4</Task>
      <Opcode>15</Opcode>
      <Keywords>0x4000000000000000</Keywords>
      <TimeCreated SystemTime="2021-12-16T10:19:07.757762600Z" />
      <EventRecordID>96638</EventRecordID>
      <Correlation ActivityID="{F42029AC-8D56-4663-B401-AAD3583B0000}" />
      <Execution ProcessID="952" ThreadID="1420" />
      <Channel>Microsoft-Windows-RemoteDesktopServices-RdpCoreTS/Operational</Channel>
      <Computer>rootdc1.offsec.lan</Computer>
      <Security UserID="S-1-5-20" />
    </System>
    <EventData>
      <Data Name="ConnType">TCP</Data>
      <Data Name="ClientIP">10.23.123.11:42982</Data>
    </EventData>
  </Event>
  <Event xmlns="http://schemas.microsoft.com/win/2004/08/events/event">
    <System>
      <Provider Name="Microsoft-Windows-RemoteDesktopServices-RdpCoreTS" Guid="{1139C61B-B549-4251-8ED3-27250A1EDEC8}" />
      <EventID>131</EventID>
      <Version>0</Version>
      <Level>4</Level>
      <Task>4</Task>
      <Opcode>15</Opcode>
      <Keywords>0x4000000000000000</Keywords>
      <TimeCreated SystemTime="2021-12-16T10:19:07.894419000Z" />
      <EventRecordID>96643</EventRecordID>
      <Correlation ActivityID="{F420A0DA-160C-4B07-BE6D-978F27140000}" />
      <Execution ProcessID="952" ThreadID="1420" />
      <Channel>Microsoft-Windows-RemoteDesktopServices-RdpCoreTS/Operational</Channel>
      <Computer>rootdc1.offsec.lan</Computer>
      <Security UserID="S-1-5-20" />
    </System>
    <EventData>
      <Data Name="ConnType">TCP</Data>
      <Data Name="ClientIP">10.23.123.11:43026</Data>
    </EventData>
  </Event>
  <Event xmlns="http://schemas.microsoft.com/win/2004/08/events/event">
    <System>
      <Provider Name="Microsoft-Windows-RemoteDesktopServices-RdpCoreTS" Guid="{1139C61B-B549-4251-8ED3-27250A1EDEC8}" />
      <EventID>131</EventID>
      <Version>0</Version>
      <Level>4</Level>
      <Task>4</Task>
      <Opcode>15</Opcode>
      <Keywords>0x4000000000000000</Keywords>
      <TimeCreated SystemTime="2021-12-16T10:19:07.896851900Z" />
      <EventRecordID>96645</EventRecordID>
      <Correlation ActivityID="{F420EDC5-2465-4DA1-9221-38A1740F0000}" />
      <Execution ProcessID="952" ThreadID="1420" />
      <Channel>Microsoft-Windows-RemoteDesktopServices-RdpCoreTS/Operational</Channel>
      <Computer>rootdc1.offsec.lan</Computer>
      <Security UserID="S-1-5-20" />
    </System>
    <EventData>
      <Data Name="ConnType">TCP</Data>
      <Data Name="ClientIP">10.23.123.11:43006</Data>
    </EventData>
  </Event>
  <Event xmlns="http://schemas.microsoft.com/win/2004/08/events/event">
    <System>
      <Provider Name="Microsoft-Windows-RemoteDesktopServices-RdpCoreTS" Guid="{1139C61B-B549-4251-8ED3-27250A1EDEC8}" />
      <EventID>131</EventID>
      <Version>0</Version>
      <Level>4</Level>
      <Task>4</Task>
      <Opcode>15</Opcode>
      <Keywords>0x4000000000000000</Keywords>
      <TimeCreated SystemTime="2021-12-16T10:19:07.907327500Z" />
      <EventRecordID>96650</EventRecordID>
      <Correlation ActivityID="{F4209A59-7F09-4382-9B52-619BF7640000}" />
      <Execution ProcessID="952" ThreadID="1420" />
      <Channel>Microsoft-Windows-RemoteDesktopServices-RdpCoreTS/Operational</Channel>
      <Computer>rootdc1.offsec.lan</Computer>
      <Security UserID="S-1-5-20" />
    </System>
    <EventData>
      <Data Name="ConnType">TCP</Data>
      <Data Name="ClientIP">10.23.123.11:43020</Data>
    </EventData>
  </Event>
  <Event xmlns="http://schemas.microsoft.com/win/2004/08/events/event">
    <System>
      <Provider Name="Microsoft-Windows-RemoteDesktopServices-RdpCoreTS" Guid="{1139C61B-B549-4251-8ED3-27250A1EDEC8}" />
      <EventID>131</EventID>
      <Version>0</Version>
      <Level>4</Level>
      <Task>4</Task>
      <Opcode>15</Opcode>
      <Keywords>0x4000000000000000</Keywords>
      <TimeCreated SystemTime="2021-12-16T10:19:08.328007000Z" />
      <EventRecordID>96690</EventRecordID>
      <Correlation ActivityID="{F4201458-44CB-4065-948D-733ECEA80000}" />
      <Execution ProcessID="952" ThreadID="1420" />
      <Channel>Microsoft-Windows-RemoteDesktopServices-RdpCoreTS/Operational</Channel>
      <Computer>rootdc1.offsec.lan</Computer>
      <Security UserID="S-1-5-20" />
    </System>
    <EventData>
      <Data Name="ConnType">TCP</Data>
      <Data Name="ClientIP">10.23.123.11:43102</Data>
    </EventData>
  </Event>
  <Event xmlns="http://schemas.microsoft.com/win/2004/08/events/event">
    <System>
      <Provider Name="Microsoft-Windows-RemoteDesktopServices-RdpCoreTS" Guid="{1139C61B-B549-4251-8ED3-27250A1EDEC8}" />
      <EventID>131</EventID>
      <Version>0</Version>
      <Level>4</Level>
      <Task>4</Task>
      <Opcode>15</Opcode>
      <Keywords>0x4000000000000000</Keywords>
      <TimeCreated SystemTime="2021-12-16T10:19:08.328909200Z" />
      <EventRecordID>96691</EventRecordID>
      <Correlation ActivityID="{F420A74B-0422-4E7B-B401-186E61890000}" />
      <Execution ProcessID="952" ThreadID="1420" />
      <Channel>Microsoft-Windows-RemoteDesktopServices-RdpCoreTS/Operational</Channel>
      <Computer>rootdc1.offsec.lan</Computer>
      <Security UserID="S-1-5-20" />
    </System>
    <EventData>
      <Data Name="ConnType">TCP</Data>
      <Data Name="ClientIP">10.23.123.11:43114</Data>
    </EventData>
  </Event>
  <Event xmlns="http://schemas.microsoft.com/win/2004/08/events/event">
    <System>
      <Provider Name="Microsoft-Windows-RemoteDesktopServices-RdpCoreTS" Guid="{1139C61B-B549-4251-8ED3-27250A1EDEC8}" />
      <EventID>131</EventID>
      <Version>0</Version>
      <Level>4</Level>
      <Task>4</Task>
      <Opcode>15</Opcode>
      <Keywords>0x4000000000000000</Keywords>
      <TimeCreated SystemTime="2021-12-16T10:19:08.348003300Z" />
      <EventRecordID>96700</EventRecordID>
      <Correlation ActivityID="{F420C648-7DFC-4602-89E3-91B771A20000}" />
      <Execution ProcessID="952" ThreadID="1420" />
      <Channel>Microsoft-Windows-RemoteDesktopServices-RdpCoreTS/Operational</Channel>
      <Computer>rootdc1.offsec.lan</Computer>
      <Security UserID="S-1-5-20" />
    </System>
    <EventData>
      <Data Name="ConnType">TCP</Data>
      <Data Name="ClientIP">10.23.123.11:43118</Data>
    </EventData>
  </Event>
  <Event xmlns="http://schemas.microsoft.com/win/2004/08/events/event">
    <System>
      <Provider Name="Microsoft-Windows-RemoteDesktopServices-RdpCoreTS" Guid="{1139C61B-B549-4251-8ED3-27250A1EDEC8}" />
      <EventID>131</EventID>
      <Version>0</Version>
      <Level>4</Level>
      <Task>4</Task>
      <Opcode>15</Opcode>
      <Keywords>0x4000000000000000</Keywords>
      <TimeCreated SystemTime="2021-12-16T10:19:08.358601500Z" />
      <EventRecordID>96705</EventRecordID>
      <Correlation ActivityID="{F4208CF2-2ADA-4A4A-9CC2-D5F7F4D20000}" />
      <Execution ProcessID="952" ThreadID="1420" />
      <Channel>Microsoft-Windows-RemoteDesktopServices-RdpCoreTS/Operational</Channel>
      <Computer>rootdc1.offsec.lan</Computer>
      <Security UserID="S-1-5-20" />
    </System>
    <EventData>
      <Data Name="ConnType">TCP</Data>
      <Data Name="ClientIP">10.23.123.11:43176</Data>
    </EventData>
  </Event>
  <Event xmlns="http://schemas.microsoft.com/win/2004/08/events/event">
    <System>
      <Provider Name="Microsoft-Windows-RemoteDesktopServices-RdpCoreTS" Guid="{1139C61B-B549-4251-8ED3-27250A1EDEC8}" />
      <EventID>131</EventID>
      <Version>0</Version>
      <Level>4</Level>
      <Task>4</Task>
      <Opcode>15</Opcode>
      <Keywords>0x4000000000000000</Keywords>
      <TimeCreated SystemTime="2021-12-16T10:19:08.664017200Z" />
      <EventRecordID>96742</EventRecordID>
      <Correlation ActivityID="{F4208BFF-27A7-43EC-87BE-C96325390000}" />
      <Execution ProcessID="952" ThreadID="1420" />
      <Channel>Microsoft-Windows-RemoteDesktopServices-RdpCoreTS/Operational</Channel>
      <Computer>rootdc1.offsec.lan</Computer>
      <Security UserID="S-1-5-20" />
    </System>
    <EventData>
      <Data Name="ConnType">TCP</Data>
      <Data Name="ClientIP">10.23.123.11:43182</Data>
    </EventData>
  </Event>
  <Event xmlns="http://schemas.microsoft.com/win/2004/08/events/event">
    <System>
      <Provider Name="Microsoft-Windows-RemoteDesktopServices-RdpCoreTS" Guid="{1139C61B-B549-4251-8ED3-27250A1EDEC8}" />
      <EventID>131</EventID>
      <Version>0</Version>
      <Level>4</Level>
      <Task>4</Task>
      <Opcode>15</Opcode>
      <Keywords>0x4000000000000000</Keywords>
      <TimeCreated SystemTime="2021-12-16T10:19:08.664085200Z" />
      <EventRecordID>96743</EventRecordID>
      <Correlation ActivityID="{F420F34A-E84D-415C-8D8E-9F5996860000}" />
      <Execution ProcessID="952" ThreadID="1420" />
      <Channel>Microsoft-Windows-RemoteDesktopServices-RdpCoreTS/Operational</Channel>
      <Computer>rootdc1.offsec.lan</Computer>
      <Security UserID="S-1-5-20" />
    </System>
    <EventData>
      <Data Name="ConnType">TCP</Data>
      <Data Name="ClientIP">10.23.123.11:43188</Data>
    </EventData>
  </Event>
  <Event xmlns="http://schemas.microsoft.com/win/2004/08/events/event">
    <System>
      <Provider Name="Microsoft-Windows-RemoteDesktopServices-RdpCoreTS" Guid="{1139C61B-B549-4251-8ED3-27250A1EDEC8}" />
      <EventID>131</EventID>
      <Version>0</Version>
      <Level>4</Level>
      <Task>4</Task>
      <Opcode>15</Opcode>
      <Keywords>0x4000000000000000</Keywords>
      <TimeCreated SystemTime="2021-12-16T10:19:08.321419300Z" />
      <EventRecordID>95402</EventRecordID>
      <Correlation ActivityID="{F420C635-5676-44C5-A8C3-686899740000}" />
      <Execution ProcessID="996" ThreadID="1476" />
      <Channel>Microsoft-Windows-RemoteDesktopServices-RdpCoreTS/Operational</Channel>
      <Computer>exchange01.offsec.lan</Computer>
      <Security UserID="S-1-5-20" />
    </System>
    <EventData>
      <Data Name="ConnType">TCP</Data>
      <Data Name="ClientIP">10.23.123.11:57364</Data>
    </EventData>
  </Event>
  <Event xmlns="http://schemas.microsoft.com/win/2004/08/events/event">
    <System>
      <Provider Name="Microsoft-Windows-RemoteDesktopServices-RdpCoreTS" Guid="{1139C61B-B549-4251-8ED3-27250A1EDEC8}" />
      <EventID>131</EventID>
      <Version>0</Version>
      <Level>4</Level>
      <Task>4</Task>
      <Opcode>15</Opcode>
      <Keywords>0x4000000000000000</Keywords>
      <TimeCreated SystemTime="2021-12-16T10:19:08.321505100Z" />
      <EventRecordID>95403</EventRecordID>
      <Correlation ActivityID="{F42079D5-E347-4030-8A23-824175B30000}" />
      <Execution ProcessID="996" ThreadID="1476" />
      <Channel>Microsoft-Windows-RemoteDesktopServices-RdpCoreTS/Operational</Channel>
      <Computer>exchange01.offsec.lan</Computer>
      <Security UserID="S-1-5-20" />
    </System>
    <EventData>
      <Data Name="ConnType">TCP</Data>
      <Data Name="ClientIP">10.23.123.11:57386</Data>
    </EventData>
  </Event>
  <Event xmlns="http://schemas.microsoft.com/win/2004/08/events/event">
    <System>
      <Provider Name="Microsoft-Windows-RemoteDesktopServices-RdpCoreTS" Guid="{1139C61B-B549-4251-8ED3-27250A1EDEC8}" />
      <EventID>131</EventID>
      <Version>0</Version>
      <Level>4</Level>
      <Task>4</Task>
      <Opcode>15</Opcode>
      <Keywords>0x4000000000000000</Keywords>
      <TimeCreated SystemTime="2021-12-16T10:19:08.355474600Z" />
      <EventRecordID>95412</EventRecordID>
      <Correlation ActivityID="{F4204F6F-0723-4B95-A2FA-2FFF8B0D0000}" />
      <Execution ProcessID="996" ThreadID="1476" />
      <Channel>Microsoft-Windows-RemoteDesktopServices-RdpCoreTS/Operational</Channel>
      <Computer>exchange01.offsec.lan</Computer>
      <Security UserID="S-1-5-20" />
    </System>
    <EventData>
      <Data Name="ConnType">TCP</Data>
      <Data Name="ClientIP">10.23.123.11:57368</Data>
    </EventData>
  </Event>
  <Event xmlns="http://schemas.microsoft.com/win/2004/08/events/event">
    <System>
      <Provider Name="Microsoft-Windows-RemoteDesktopServices-RdpCoreTS" Guid="{1139C61B-B549-4251-8ED3-27250A1EDEC8}" />
      <EventID>131</EventID>
      <Version>0</Version>
      <Level>4</Level>
      <Task>4</Task>
      <Opcode>15</Opcode>
      <Keywords>0x4000000000000000</Keywords>
      <TimeCreated SystemTime="2021-12-16T10:19:08.355713100Z" />
      <EventRecordID>95413</EventRecordID>
      <Correlation ActivityID="{F4207F21-70D7-4364-90DA-4E1E93830000}" />
      <Execution ProcessID="996" ThreadID="1476" />
      <Channel>Microsoft-Windows-RemoteDesktopServices-RdpCoreTS/Operational</Channel>
      <Computer>exchange01.offsec.lan</Computer>
      <Security UserID="S-1-5-20" />
    </System>
    <EventData>
      <Data Name="ConnType">TCP</Data>
      <Data Name="ClientIP">10.23.123.11:57406</Data>
    </EventData>
  </Event>
  <Event xmlns="http://schemas.microsoft.com/win/2004/08/events/event">
    <System>
      <Provider Name="Microsoft-Windows-RemoteDesktopServices-RdpCoreTS" Guid="{1139C61B-B549-4251-8ED3-27250A1EDEC8}" />
      <EventID>131</EventID>
      <Version>0</Version>
      <Level>4</Level>
      <Task>4</Task>
      <Opcode>15</Opcode>
      <Keywords>0x4000000000000000</Keywords>
      <TimeCreated SystemTime="2021-12-16T10:19:08.693015200Z" />
      <EventRecordID>95454</EventRecordID>
      <Correlation ActivityID="{F420D269-64E1-4B85-AB9C-ACC7D5AD0000}" />
      <Execution ProcessID="996" ThreadID="1476" />
      <Channel>Microsoft-Windows-RemoteDesktopServices-RdpCoreTS/Operational</Channel>
      <Computer>exchange01.offsec.lan</Computer>
      <Security UserID="S-1-5-20" />
    </System>
    <EventData>
      <Data Name="ConnType">TCP</Data>
      <Data Name="ClientIP">10.23.123.11:57446</Data>
    </EventData>
  </Event>
  <Event xmlns="http://schemas.microsoft.com/win/2004/08/events/event">
    <System>
      <Provider Name="Microsoft-Windows-RemoteDesktopServices-RdpCoreTS" Guid="{1139C61B-B549-4251-8ED3-27250A1EDEC8}" />
      <EventID>131</EventID>
      <Version>0</Version>
      <Level>4</Level>
      <Task>4</Task>
      <Opcode>15</Opcode>
      <Keywords>0x4000000000000000</Keywords>
      <TimeCreated SystemTime="2021-12-16T10:19:08.693402000Z" />
      <EventRecordID>95455</EventRecordID>
      <Correlation ActivityID="{F42075F2-E23A-481D-849F-A6CC28870000}" />
      <Execution ProcessID="996" ThreadID="1476" />
      <Channel>Microsoft-Windows-RemoteDesktopServices-RdpCoreTS/Operational</Channel>
      <Computer>exchange01.offsec.lan</Computer>
      <Security UserID="S-1-5-20" />
    </System>
    <EventData>
      <Data Name="ConnType">TCP</Data>
      <Data Name="ClientIP">10.23.123.11:57450</Data>
    </EventData>
  </Event>
  <Event xmlns="http://schemas.microsoft.com/win/2004/08/events/event">
    <System>
      <Provider Name="Microsoft-Windows-RemoteDesktopServices-RdpCoreTS" Guid="{1139C61B-B549-4251-8ED3-27250A1EDEC8}" />
      <EventID>131</EventID>
      <Version>0</Version>
      <Level>4</Level>
      <Task>4</Task>
      <Opcode>15</Opcode>
      <Keywords>0x4000000000000000</Keywords>
      <TimeCreated SystemTime="2021-12-16T10:19:08.334955200Z" />
      <EventRecordID>26037</EventRecordID>
      <Correlation ActivityID="{F4209587-63FE-46A0-B38C-EB975EA00000}" />
      <Execution ProcessID="876" ThreadID="1532" />
      <Channel>Microsoft-Windows-RemoteDesktopServices-RdpCoreTS/Operational</Channel>
      <Computer>pki01.offsec.lan</Computer>
      <Security UserID="S-1-5-20" />
    </System>
    <EventData>
      <Data Name="ConnType">TCP</Data>
      <Data Name="ClientIP">10.23.123.11:41988</Data>
    </EventData>
  </Event>
  <Event xmlns="http://schemas.microsoft.com/win/2004/08/events/event">
    <System>
      <Provider Name="Microsoft-Windows-RemoteDesktopServices-RdpCoreTS" Guid="{1139C61B-B549-4251-8ED3-27250A1EDEC8}" />
      <EventID>131</EventID>
      <Version>0</Version>
      <Level>4</Level>
      <Task>4</Task>
      <Opcode>15</Opcode>
      <Keywords>0x4000000000000000</Keywords>
      <TimeCreated SystemTime="2021-12-16T10:19:08.350853500Z" />
      <EventRecordID>26042</EventRecordID>
      <Correlation ActivityID="{F42022C6-17C1-4CE4-B116-3D3DB0590000}" />
      <Execution ProcessID="876" ThreadID="1532" />
      <Channel>Microsoft-Windows-RemoteDesktopServices-RdpCoreTS/Operational</Channel>
      <Computer>pki01.offsec.lan</Computer>
      <Security UserID="S-1-5-20" />
    </System>
    <EventData>
      <Data Name="ConnType">TCP</Data>
      <Data Name="ClientIP">10.23.123.11:42060</Data>
    </EventData>
  </Event>
  <Event xmlns="http://schemas.microsoft.com/win/2004/08/events/event">
    <System>
      <Provider Name="Microsoft-Windows-RemoteDesktopServices-RdpCoreTS" Guid="{1139C61B-B549-4251-8ED3-27250A1EDEC8}" />
      <EventID>131</EventID>
      <Version>0</Version>
      <Level>4</Level>
      <Task>4</Task>
      <Opcode>15</Opcode>
      <Keywords>0x4000000000000000</Keywords>
      <TimeCreated SystemTime="2021-12-16T10:19:08.367720200Z" />
      <EventRecordID>26047</EventRecordID>
      <Correlation ActivityID="{F420A681-06E7-4352-91B4-5C8326DF0000}" />
      <Execution ProcessID="876" ThreadID="1532" />
      <Channel>Microsoft-Windows-RemoteDesktopServices-RdpCoreTS/Operational</Channel>
      <Computer>pki01.offsec.lan</Computer>
      <Security UserID="S-1-5-20" />
    </System>
    <EventData>
      <Data Name="ConnType">TCP</Data>
      <Data Name="ClientIP">10.23.123.11:42000</Data>
    </EventData>
  </Event>
  <Event xmlns="http://schemas.microsoft.com/win/2004/08/events/event">
    <System>
      <Provider Name="Microsoft-Windows-RemoteDesktopServices-RdpCoreTS" Guid="{1139C61B-B549-4251-8ED3-27250A1EDEC8}" />
      <EventID>131</EventID>
      <Version>0</Version>
      <Level>4</Level>
      <Task>4</Task>
      <Opcode>15</Opcode>
      <Keywords>0x4000000000000000</Keywords>
      <TimeCreated SystemTime="2021-12-16T10:19:08.375092300Z" />
      <EventRecordID>26052</EventRecordID>
      <Correlation ActivityID="{F4201591-9449-4DCE-9C0A-D26C87A10000}" />
      <Execution ProcessID="876" ThreadID="1532" />
      <Channel>Microsoft-Windows-RemoteDesktopServices-RdpCoreTS/Operational</Channel>
      <Computer>pki01.offsec.lan</Computer>
      <Security UserID="S-1-5-20" />
    </System>
    <EventData>
      <Data Name="ConnType">TCP</Data>
      <Data Name="ClientIP">10.23.123.11:42074</Data>
    </EventData>
  </Event>
  <Event xmlns="http://schemas.microsoft.com/win/2004/08/events/event">
    <System>
      <Provider Name="Microsoft-Windows-RemoteDesktopServices-RdpCoreTS" Guid="{1139C61B-B549-4251-8ED3-27250A1EDEC8}" />
      <EventID>131</EventID>
      <Version>0</Version>
      <Level>4</Level>
      <Task>4</Task>
      <Opcode>15</Opcode>
      <Keywords>0x4000000000000000</Keywords>
      <TimeCreated SystemTime="2021-12-16T10:19:08.502468900Z" />
      <EventRecordID>2042</EventRecordID>
      <Correlation ActivityID="{F420DA38-AEE0-46D2-BE9E-399B523C0000}" />
      <Execution ProcessID="1900" ThreadID="2132" />
      <Channel>Microsoft-Windows-RemoteDesktopServices-RdpCoreTS/Operational</Channel>
      <Computer>FS03.offsec.lan</Computer>
      <Security UserID="S-1-5-20" />
    </System>
    <EventData>
      <Data Name="ConnType">TCP</Data>
      <Data Name="ClientIP">10.23.123.11:49320</Data>
    </EventData>
  </Event>
  <Event xmlns="http://schemas.microsoft.com/win/2004/08/events/event">
    <System>
      <Provider Name="Microsoft-Windows-RemoteDesktopServices-RdpCoreTS" Guid="{1139C61B-B549-4251-8ED3-27250A1EDEC8}" />
      <EventID>131</EventID>
      <Version>0</Version>
      <Level>4</Level>
      <Task>4</Task>
      <Opcode>15</Opcode>
      <Keywords>0x4000000000000000</Keywords>
      <TimeCreated SystemTime="2021-12-16T10:19:08.502468900Z" />
      <EventRecordID>2043</EventRecordID>
      <Correlation ActivityID="{F4206CBB-D823-4CF9-9897-758353E70000}" />
      <Execution ProcessID="1900" ThreadID="2132" />
      <Channel>Microsoft-Windows-RemoteDesktopServices-RdpCoreTS/Operational</Channel>
      <Computer>FS03.offsec.lan</Computer>
      <Security UserID="S-1-5-20" />
    </System>
    <EventData>
      <Data Name="ConnType">TCP</Data>
      <Data Name="ClientIP">10.23.123.11:49352</Data>
    </EventData>
  </Event>
  <Event xmlns="http://schemas.microsoft.com/win/2004/08/events/event">
    <System>
      <Provider Name="Microsoft-Windows-RemoteDesktopServices-RdpCoreTS" Guid="{1139C61B-B549-4251-8ED3-27250A1EDEC8}" />
      <EventID>131</EventID>
      <Version>0</Version>
      <Level>4</Level>
      <Task>4</Task>
      <Opcode>15</Opcode>
      <Keywords>0x4000000000000000</Keywords>
      <TimeCreated SystemTime="2021-12-16T10:19:08.502468900Z" />
      <EventRecordID>2044</EventRecordID>
      <Correlation ActivityID="{F4205E90-0FE2-4AD3-906A-D31D3D670000}" />
      <Execution ProcessID="1900" ThreadID="2132" />
      <Channel>Microsoft-Windows-RemoteDesktopServices-RdpCoreTS/Operational</Channel>
      <Computer>FS03.offsec.lan</Computer>
      <Security UserID="S-1-5-20" />
    </System>
    <EventData>
      <Data Name="ConnType">TCP</Data>
      <Data Name="ClientIP">10.23.123.11:49368</Data>
    </EventData>
  </Event>
  <Event xmlns="http://schemas.microsoft.com/win/2004/08/events/event">
    <System>
      <Provider Name="Microsoft-Windows-RemoteDesktopServices-RdpCoreTS" Guid="{1139C61B-B549-4251-8ED3-27250A1EDEC8}" />
      <EventID>131</EventID>
      <Version>0</Version>
      <Level>4</Level>
      <Task>4</Task>
      <Opcode>15</Opcode>
      <Keywords>0x4000000000000000</Keywords>
      <TimeCreated SystemTime="2021-12-16T10:19:08.502468900Z" />
      <EventRecordID>2045</EventRecordID>
      <Correlation ActivityID="{F420D0B3-DCC5-4CCC-9F3F-F4BE0ECA0000}" />
      <Execution ProcessID="1900" ThreadID="2132" />
      <Channel>Microsoft-Windows-RemoteDesktopServices-RdpCoreTS/Operational</Channel>
      <Computer>FS03.offsec.lan</Computer>
      <Security UserID="S-1-5-20" />
    </System>
    <EventData>
      <Data Name="ConnType">TCP</Data>
      <Data Name="ClientIP">10.23.123.11:49356</Data>
    </EventData>
  </Event>
  <Event xmlns="http://schemas.microsoft.com/win/2004/08/events/event">
    <System>
      <Provider Name="Microsoft-Windows-RemoteDesktopServices-RdpCoreTS" Guid="{1139C61B-B549-4251-8ED3-27250A1EDEC8}" />
      <EventID>131</EventID>
      <Version>0</Version>
      <Level>4</Level>
      <Task>4</Task>
      <Opcode>15</Opcode>
      <Keywords>0x4000000000000000</Keywords>
      <TimeCreated SystemTime="2021-12-16T10:19:08.834131200Z" />
      <EventRecordID>2062</EventRecordID>
      <Correlation ActivityID="{F4206EE0-CE47-41BC-9E87-E26DB8000000}" />
      <Execution ProcessID="1900" ThreadID="2132" />
      <Channel>Microsoft-Windows-RemoteDesktopServices-RdpCoreTS/Operational</Channel>
      <Computer>FS03.offsec.lan</Computer>
      <Security UserID="S-1-5-20" />
    </System>
    <EventData>
      <Data Name="ConnType">TCP</Data>
      <Data Name="ClientIP">10.23.123.11:49406</Data>
    </EventData>
  </Event>
  <Event xmlns="http://schemas.microsoft.com/win/2004/08/events/event">
    <System>
      <Provider Name="Microsoft-Windows-RemoteDesktopServices-RdpCoreTS" Guid="{1139C61B-B549-4251-8ED3-27250A1EDEC8}" />
      <EventID>131</EventID>
      <Version>0</Version>
      <Level>4</Level>
      <Task>4</Task>
      <Opcode>15</Opcode>
      <Keywords>0x4000000000000000</Keywords>
      <TimeCreated SystemTime="2021-12-16T10:19:08.865385200Z" />
      <EventRecordID>2065</EventRecordID>
      <Correlation ActivityID="{F4201F78-EF44-46FB-8F68-C8D65F030000}" />
      <Execution ProcessID="1900" ThreadID="2132" />
      <Channel>Microsoft-Windows-RemoteDesktopServices-RdpCoreTS/Operational</Channel>
      <Computer>FS03.offsec.lan</Computer>
      <Security UserID="S-1-5-20" />
    </System>
    <EventData>
      <Data Name="ConnType">TCP</Data>
      <Data Name="ClientIP">10.23.123.11:49438</Data>
    </EventData>
  </Event>
  <Event xmlns="http://schemas.microsoft.com/win/2004/08/events/event">
    <System>
      <Provider Name="Microsoft-Windows-RemoteDesktopServices-RdpCoreTS" Guid="{1139C61B-B549-4251-8ED3-27250A1EDEC8}" />
      <EventID>131</EventID>
      <Version>0</Version>
      <Level>4</Level>
      <Task>4</Task>
      <Opcode>15</Opcode>
      <Keywords>0x4000000000000000</Keywords>
      <TimeCreated SystemTime="2021-12-16T10:19:08.349220700Z" />
      <EventRecordID>26119</EventRecordID>
      <Correlation ActivityID="{F420C4A5-DA42-469F-A8DE-078E08030000}" />
      <Execution ProcessID="876" ThreadID="1476" />
      <Channel>Microsoft-Windows-RemoteDesktopServices-RdpCoreTS/Operational</Channel>
      <Computer>webiis01.offsec.lan</Computer>
      <Security UserID="S-1-5-20" />
    </System>
    <EventData>
      <Data Name="ConnType">TCP</Data>
      <Data Name="ClientIP">10.23.123.11:41784</Data>
    </EventData>
  </Event>
  <Event xmlns="http://schemas.microsoft.com/win/2004/08/events/event">
    <System>
      <Provider Name="Microsoft-Windows-RemoteDesktopServices-RdpCoreTS" Guid="{1139C61B-B549-4251-8ED3-27250A1EDEC8}" />
      <EventID>131</EventID>
      <Version>0</Version>
      <Level>4</Level>
      <Task>4</Task>
      <Opcode>15</Opcode>
      <Keywords>0x4000000000000000</Keywords>
      <TimeCreated SystemTime="2021-12-16T10:19:08.352358700Z" />
      <EventRecordID>26121</EventRecordID>
      <Correlation ActivityID="{F420DDF8-D249-410B-8DA9-3D67D58B0000}" />
      <Execution ProcessID="876" ThreadID="1476" />
      <Channel>Microsoft-Windows-RemoteDesktopServices-RdpCoreTS/Operational</Channel>
      <Computer>webiis01.offsec.lan</Computer>
      <Security UserID="S-1-5-20" />
    </System>
    <EventData>
      <Data Name="ConnType">TCP</Data>
      <Data Name="ClientIP">10.23.123.11:41782</Data>
    </EventData>
  </Event>
  <Event xmlns="http://schemas.microsoft.com/win/2004/08/events/event">
    <System>
      <Provider Name="Microsoft-Windows-RemoteDesktopServices-RdpCoreTS" Guid="{1139C61B-B549-4251-8ED3-27250A1EDEC8}" />
      <EventID>131</EventID>
      <Version>0</Version>
      <Level>4</Level>
      <Task>4</Task>
      <Opcode>15</Opcode>
      <Keywords>0x4000000000000000</Keywords>
      <TimeCreated SystemTime="2021-12-16T10:19:08.352834000Z" />
      <EventRecordID>26122</EventRecordID>
      <Correlation ActivityID="{F420C184-7C07-4CD4-B068-12302AA20000}" />
      <Execution ProcessID="876" ThreadID="1476" />
      <Channel>Microsoft-Windows-RemoteDesktopServices-RdpCoreTS/Operational</Channel>
      <Computer>webiis01.offsec.lan</Computer>
      <Security UserID="S-1-5-20" />
    </System>
    <EventData>
      <Data Name="ConnType">TCP</Data>
      <Data Name="ClientIP">10.23.123.11:41758</Data>
    </EventData>
  </Event>
  <Event xmlns="http://schemas.microsoft.com/win/2004/08/events/event">
    <System>
      <Provider Name="Microsoft-Windows-RemoteDesktopServices-RdpCoreTS" Guid="{1139C61B-B549-4251-8ED3-27250A1EDEC8}" />
      <EventID>131</EventID>
      <Version>0</Version>
      <Level>4</Level>
      <Task>4</Task>
      <Opcode>15</Opcode>
      <Keywords>0x4000000000000000</Keywords>
      <TimeCreated SystemTime="2021-12-16T10:19:08.352882500Z" />
      <EventRecordID>26123</EventRecordID>
      <Correlation ActivityID="{F4208A7A-465F-4DA1-B228-4486AD240000}" />
      <Execution ProcessID="876" ThreadID="1476" />
      <Channel>Microsoft-Windows-RemoteDesktopServices-RdpCoreTS/Operational</Channel>
      <Computer>webiis01.offsec.lan</Computer>
      <Security UserID="S-1-5-20" />
    </System>
    <EventData>
      <Data Name="ConnType">TCP</Data>
      <Data Name="ClientIP">10.23.123.11:41772</Data>
    </EventData>
  </Event>
  <Event xmlns="http://schemas.microsoft.com/win/2004/08/events/event">
    <System>
      <Provider Name="Microsoft-Windows-RemoteDesktopServices-RdpCoreTS" Guid="{1139C61B-B549-4251-8ED3-27250A1EDEC8}" />
      <EventID>131</EventID>
      <Version>0</Version>
      <Level>4</Level>
      <Task>4</Task>
      <Opcode>15</Opcode>
      <Keywords>0x4000000000000000</Keywords>
      <TimeCreated SystemTime="2021-12-16T10:19:08.334219600Z" />
      <EventRecordID>85856</EventRecordID>
      <Correlation ActivityID="{F420C11E-3AC7-43C3-9A37-03DB5C5F0000}" />
      <Execution ProcessID="812" ThreadID="1264" />
      <Channel>Microsoft-Windows-RemoteDesktopServices-RdpCoreTS/Operational</Channel>
      <Computer>dhcp01.offsec.lan</Computer>
      <Security UserID="S-1-5-20" />
    </System>
    <EventData>
      <Data Name="ConnType">TCP</Data>
      <Data Name="ClientIP">10.23.123.11:35374</Data>
    </EventData>
  </Event>
  <Event xmlns="http://schemas.microsoft.com/win/2004/08/events/event">
    <System>
      <Provider Name="Microsoft-Windows-RemoteDesktopServices-RdpCoreTS" Guid="{1139C61B-B549-4251-8ED3-27250A1EDEC8}" />
      <EventID>131</EventID>
      <Version>0</Version>
      <Level>4</Level>
      <Task>4</Task>
      <Opcode>15</Opcode>
      <Keywords>0x4000000000000000</Keywords>
      <TimeCreated SystemTime="2021-12-16T10:19:08.361954000Z" />
      <EventRecordID>84905</EventRecordID>
      <Correlation ActivityID="{F4208355-FA1D-48D5-808D-671EA5A90000}" />
      <Execution ProcessID="848" ThreadID="1424" />
      <Channel>Microsoft-Windows-RemoteDesktopServices-RdpCoreTS/Operational</Channel>
      <Computer>wsus01.offsec.lan</Computer>
      <Security UserID="S-1-5-20" />
    </System>
    <EventData>
      <Data Name="ConnType">TCP</Data>
      <Data Name="ClientIP">10.23.123.11:34860</Data>
    </EventData>
  </Event>
  <Event xmlns="http://schemas.microsoft.com/win/2004/08/events/event">
    <System>
      <Provider Name="Microsoft-Windows-RemoteDesktopServices-RdpCoreTS" Guid="{1139C61B-B549-4251-8ED3-27250A1EDEC8}" />
      <EventID>131</EventID>
      <Version>0</Version>
      <Level>4</Level>
      <Task>4</Task>
      <Opcode>15</Opcode>
      <Keywords>0x4000000000000000</Keywords>
      <TimeCreated SystemTime="2021-12-16T10:19:08.377910200Z" />
      <EventRecordID>85867</EventRecordID>
      <Correlation ActivityID="{F420B2E9-B4F8-40D4-A755-AD7D10650000}" />
      <Execution ProcessID="812" ThreadID="1264" />
      <Channel>Microsoft-Windows-RemoteDesktopServices-RdpCoreTS/Operational</Channel>
      <Computer>dhcp01.offsec.lan</Computer>
      <Security UserID="S-1-5-20" />
    </System>
    <EventData>
      <Data Name="ConnType">TCP</Data>
      <Data Name="ClientIP">10.23.123.11:35386</Data>
    </EventData>
  </Event>
  <Event xmlns="http://schemas.microsoft.com/win/2004/08/events/event">
    <System>
      <Provider Name="Microsoft-Windows-RemoteDesktopServices-RdpCoreTS" Guid="{1139C61B-B549-4251-8ED3-27250A1EDEC8}" />
      <EventID>131</EventID>
      <Version>0</Version>
      <Level>4</Level>
      <Task>4</Task>
      <Opcode>15</Opcode>
      <Keywords>0x4000000000000000</Keywords>
      <TimeCreated SystemTime="2021-12-16T10:19:06.432574000Z" />
      <EventRecordID>595236</EventRecordID>
      <Correlation ActivityID="{F42099CF-940B-4B04-BEEE-0176A0D50000}" />
      <Execution ProcessID="1788" ThreadID="1100" />
      <Channel>Microsoft-Windows-RemoteDesktopServices-RdpCoreTS/Operational</Channel>
      <Computer>fs03vuln.offsec.lan</Computer>
      <Security UserID="S-1-5-20" />
    </System>
    <EventData>
      <Data Name="ConnType">TCP</Data>
      <Data Name="ClientIP">10.23.123.11:37266</Data>
    </EventData>
  </Event>
  <Event xmlns="http://schemas.microsoft.com/win/2004/08/events/event">
    <System>
      <Provider Name="Microsoft-Windows-RemoteDesktopServices-RdpCoreTS" Guid="{1139C61B-B549-4251-8ED3-27250A1EDEC8}" />
      <EventID>131</EventID>
      <Version>0</Version>
      <Level>4</Level>
      <Task>4</Task>
      <Opcode>15</Opcode>
      <Keywords>0x4000000000000000</Keywords>
      <TimeCreated SystemTime="2021-12-16T10:19:08.662230100Z" />
      <EventRecordID>26163</EventRecordID>
      <Correlation ActivityID="{F420AD33-F712-433A-82FC-BB5CFDB20000}" />
      <Execution ProcessID="876" ThreadID="1476" />
      <Channel>Microsoft-Windows-RemoteDesktopServices-RdpCoreTS/Operational</Channel>
      <Computer>webiis01.offsec.lan</Computer>
      <Security UserID="S-1-5-20" />
    </System>
    <EventData>
      <Data Name="ConnType">TCP</Data>
      <Data Name="ClientIP">10.23.123.11:41828</Data>
    </EventData>
  </Event>
  <Event xmlns="http://schemas.microsoft.com/win/2004/08/events/event">
    <System>
      <Provider Name="Microsoft-Windows-RemoteDesktopServices-RdpCoreTS" Guid="{1139C61B-B549-4251-8ED3-27250A1EDEC8}" />
      <EventID>131</EventID>
      <Version>0</Version>
      <Level>4</Level>
      <Task>4</Task>
      <Opcode>15</Opcode>
      <Keywords>0x4000000000000000</Keywords>
      <TimeCreated SystemTime="2021-12-16T10:19:08.692377100Z" />
      <EventRecordID>26168</EventRecordID>
      <Correlation ActivityID="{F420CE28-C512-4624-8A2F-97A7DCCE0000}" />
      <Execution ProcessID="876" ThreadID="1476" />
      <Channel>Microsoft-Windows-RemoteDesktopServices-RdpCoreTS/Operational</Channel>
      <Computer>webiis01.offsec.lan</Computer>
      <Security UserID="S-1-5-20" />
    </System>
    <EventData>
      <Data Name="ConnType">TCP</Data>
      <Data Name="ClientIP">10.23.123.11:41818</Data>
    </EventData>
  </Event>
  <Event xmlns="http://schemas.microsoft.com/win/2004/08/events/event">
    <System>
      <Provider Name="Microsoft-Windows-RemoteDesktopServices-RdpCoreTS" Guid="{1139C61B-B549-4251-8ED3-27250A1EDEC8}" />
      <EventID>131</EventID>
      <Version>0</Version>
      <Level>4</Level>
      <Task>4</Task>
      <Opcode>15</Opcode>
      <Keywords>0x4000000000000000</Keywords>
      <TimeCreated SystemTime="2021-12-16T10:19:08.668526800Z" />
      <EventRecordID>84942</EventRecordID>
      <Correlation ActivityID="{F420BD88-10DB-41ED-A2A9-A10962470000}" />
      <Execution ProcessID="848" ThreadID="1424" />
      <Channel>Microsoft-Windows-RemoteDesktopServices-RdpCoreTS/Operational</Channel>
      <Computer>wsus01.offsec.lan</Computer>
      <Security UserID="S-1-5-20" />
    </System>
    <EventData>
      <Data Name="ConnType">TCP</Data>
      <Data Name="ClientIP">10.23.123.11:34890</Data>
    </EventData>
  </Event>
  <Event xmlns="http://schemas.microsoft.com/win/2004/08/events/event">
    <System>
      <Provider Name="Microsoft-Windows-RemoteDesktopServices-RdpCoreTS" Guid="{1139C61B-B549-4251-8ED3-27250A1EDEC8}" />
      <EventID>131</EventID>
      <Version>0</Version>
      <Level>4</Level>
      <Task>4</Task>
      <Opcode>15</Opcode>
      <Keywords>0x4000000000000000</Keywords>
      <TimeCreated SystemTime="2021-12-16T10:19:08.668606000Z" />
      <EventRecordID>84943</EventRecordID>
      <Correlation ActivityID="{F420E160-EBFE-42EC-8B0B-1FD5399D0000}" />
      <Execution ProcessID="848" ThreadID="1424" />
      <Channel>Microsoft-Windows-RemoteDesktopServices-RdpCoreTS/Operational</Channel>
      <Computer>wsus01.offsec.lan</Computer>
      <Security UserID="S-1-5-20" />
    </System>
    <EventData>
      <Data Name="ConnType">TCP</Data>
      <Data Name="ClientIP">10.23.123.11:34894</Data>
    </EventData>
  </Event>
  <Event xmlns="http://schemas.microsoft.com/win/2004/08/events/event">
    <System>
      <Provider Name="Microsoft-Windows-RemoteDesktopServices-RdpCoreTS" Guid="{1139C61B-B549-4251-8ED3-27250A1EDEC8}" />
      <EventID>131</EventID>
      <Version>0</Version>
      <Level>4</Level>
      <Task>4</Task>
      <Opcode>15</Opcode>
      <Keywords>0x4000000000000000</Keywords>
      <TimeCreated SystemTime="2021-12-16T10:19:06.715538300Z" />
      <EventRecordID>595247</EventRecordID>
      <Correlation ActivityID="{F42071D2-1D66-4577-9E16-9C811EB50000}" />
      <Execution ProcessID="1788" ThreadID="1100" />
      <Channel>Microsoft-Windows-RemoteDesktopServices-RdpCoreTS/Operational</Channel>
      <Computer>fs03vuln.offsec.lan</Computer>
      <Security UserID="S-1-5-20" />
    </System>
    <EventData>
      <Data Name="ConnType">TCP</Data>
      <Data Name="ClientIP">10.23.123.11:37272</Data>
    </EventData>
  </Event>
  <Event xmlns="http://schemas.microsoft.com/win/2004/08/events/event">
    <System>
      <Provider Name="Microsoft-Windows-RemoteDesktopServices-RdpCoreTS" Guid="{1139C61B-B549-4251-8ED3-27250A1EDEC8}" />
      <EventID>131</EventID>
      <Version>0</Version>
      <Level>4</Level>
      <Task>4</Task>
      <Opcode>15</Opcode>
      <Keywords>0x4000000000000000</Keywords>
      <TimeCreated SystemTime="2021-12-16T10:19:06.746719800Z" />
      <EventRecordID>595250</EventRecordID>
      <Correlation ActivityID="{F4203731-CDA2-4E9D-BC5C-1E8D736E0000}" />
      <Execution ProcessID="1788" ThreadID="1100" />
      <Channel>Microsoft-Windows-RemoteDesktopServices-RdpCoreTS/Operational</Channel>
      <Computer>fs03vuln.offsec.lan</Computer>
      <Security UserID="S-1-5-20" />
    </System>
    <EventData>
      <Data Name="ConnType">TCP</Data>
      <Data Name="ClientIP">10.23.123.11:37300</Data>
    </EventData>
  </Event>
  <Event xmlns="http://schemas.microsoft.com/win/2004/08/events/event">
    <System>
      <Provider Name="Microsoft-Windows-RemoteDesktopServices-RdpCoreTS" Guid="{1139C61B-B549-4251-8ED3-27250A1EDEC8}" />
      <EventID>131</EventID>
      <Version>0</Version>
      <Level>4</Level>
      <Task>4</Task>
      <Opcode>15</Opcode>
      <Keywords>0x4000000000000000</Keywords>
      <TimeCreated SystemTime="2021-12-16T10:19:08.492136600Z" />
      <EventRecordID>24909</EventRecordID>
      <Correlation ActivityID="{F420F8D7-2A9D-4490-88BF-98BE159C0000}" />
      <Execution ProcessID="872" ThreadID="1460" />
      <Channel>Microsoft-Windows-RemoteDesktopServices-RdpCoreTS/Operational</Channel>
      <Computer>adfs01.offsec.lan</Computer>
      <Security UserID="S-1-5-20" />
    </System>
    <EventData>
      <Data Name="ConnType">TCP</Data>
      <Data Name="ClientIP">10.23.123.11:51144</Data>
    </EventData>
  </Event>
  <Event xmlns="http://schemas.microsoft.com/win/2004/08/events/event">
    <System>
      <Provider Name="Microsoft-Windows-RemoteDesktopServices-RdpCoreTS" Guid="{1139C61B-B549-4251-8ED3-27250A1EDEC8}" />
      <EventID>131</EventID>
      <Version>0</Version>
      <Level>4</Level>
      <Task>4</Task>
      <Opcode>15</Opcode>
      <Keywords>0x4000000000000000</Keywords>
      <TimeCreated SystemTime="2021-12-16T10:19:08.661468100Z" />
      <EventRecordID>24938</EventRecordID>
      <Correlation ActivityID="{F42063B7-0BE7-45B5-9D7B-A130066D0000}" />
      <Execution ProcessID="872" ThreadID="1460" />
      <Channel>Microsoft-Windows-RemoteDesktopServices-RdpCoreTS/Operational</Channel>
      <Computer>adfs01.offsec.lan</Computer>
      <Security UserID="S-1-5-20" />
    </System>
    <EventData>
      <Data Name="ConnType">TCP</Data>
      <Data Name="ClientIP">10.23.123.11:51160</Data>
    </EventData>
  </Event>
  <Event xmlns="http://schemas.microsoft.com/win/2004/08/events/event">
    <System>
      <Provider Name="Microsoft-Windows-RemoteDesktopServices-RdpCoreTS" Guid="{1139C61B-B549-4251-8ED3-27250A1EDEC8}" />
      <EventID>131</EventID>
      <Version>0</Version>
      <Level>4</Level>
      <Task>4</Task>
      <Opcode>15</Opcode>
      <Keywords>0x4000000000000000</Keywords>
      <TimeCreated SystemTime="2021-12-16T10:19:08.695978200Z" />
      <EventRecordID>25336</EventRecordID>
      <Correlation ActivityID="{F420CC2C-1212-4094-B623-4E5F8DE90000}" />
      <Execution ProcessID="888" ThreadID="1424" />
      <Channel>Microsoft-Windows-RemoteDesktopServices-RdpCoreTS/Operational</Channel>
      <Computer>prtg-mon.offsec.lan</Computer>
      <Security UserID="S-1-5-20" />
    </System>
    <EventData>
      <Data Name="ConnType">TCP</Data>
      <Data Name="ClientIP">10.23.123.11:53920</Data>
    </EventData>
  </Event>
  <Event xmlns="http://schemas.microsoft.com/win/2004/08/events/event">
    <System>
      <Provider Name="Microsoft-Windows-RemoteDesktopServices-RdpCoreTS" Guid="{1139C61B-B549-4251-8ED3-27250A1EDEC8}" />
      <EventID>131</EventID>
      <Version>0</Version>
      <Level>4</Level>
      <Task>4</Task>
      <Opcode>15</Opcode>
      <Keywords>0x4000000000000000</Keywords>
      <TimeCreated SystemTime="2021-12-16T10:19:08.697300300Z" />
      <EventRecordID>25337</EventRecordID>
      <Correlation ActivityID="{F42030C0-1E84-4D0F-B7A1-2F910C580000}" />
      <Execution ProcessID="888" ThreadID="1424" />
      <Channel>Microsoft-Windows-RemoteDesktopServices-RdpCoreTS/Operational</Channel>
      <Computer>prtg-mon.offsec.lan</Computer>
      <Security UserID="S-1-5-20" />
    </System>
    <EventData>
      <Data Name="ConnType">TCP</Data>
      <Data Name="ClientIP">10.23.123.11:53932</Data>
    </EventData>
  </Event>
  <Event xmlns="http://schemas.microsoft.com/win/2004/08/events/event">
    <System>
      <Provider Name="Microsoft-Windows-RemoteDesktopServices-RdpCoreTS" Guid="{1139C61B-B549-4251-8ED3-27250A1EDEC8}" />
      <EventID>131</EventID>
      <Version>0</Version>
      <Level>4</Level>
      <Task>4</Task>
      <Opcode>15</Opcode>
      <Keywords>0x4000000000000000</Keywords>
      <TimeCreated SystemTime="2021-12-16T10:19:08.653060300Z" />
      <EventRecordID>40401</EventRecordID>
      <Correlation ActivityID="{F420A128-27B1-4734-9ABE-B77A5F0E0000}" />
      <Execution ProcessID="816" ThreadID="1532" />
      <Channel>Microsoft-Windows-RemoteDesktopServices-RdpCoreTS/Operational</Channel>
      <Computer>mssql01.offsec.lan</Computer>
      <Security UserID="S-1-5-20" />
    </System>
    <EventData>
      <Data Name="ConnType">TCP</Data>
      <Data Name="ClientIP">10.23.123.11:36462</Data>
    </EventData>
  </Event>
  <Event xmlns="http://schemas.microsoft.com/win/2004/08/events/event">
    <System>
      <Provider Name="Microsoft-Windows-RemoteDesktopServices-RdpCoreTS" Guid="{1139C61B-B549-4251-8ED3-27250A1EDEC8}" />
      <EventID>131</EventID>
      <Version>0</Version>
      <Level>4</Level>
      <Task>4</Task>
      <Opcode>15</Opcode>
      <Keywords>0x4000000000000000</Keywords>
      <TimeCreated SystemTime="2021-12-16T10:19:08.684815300Z" />
      <EventRecordID>40414</EventRecordID>
      <Correlation ActivityID="{F420AD43-FBE2-48E8-A06D-ADE59B9D0000}" />
      <Execution ProcessID="816" ThreadID="1532" />
      <Channel>Microsoft-Windows-RemoteDesktopServices-RdpCoreTS/Operational</Channel>
      <Computer>mssql01.offsec.lan</Computer>
      <Security UserID="S-1-5-20" />
    </System>
    <EventData>
      <Data Name="ConnType">TCP</Data>
      <Data Name="ClientIP">10.23.123.11:36474</Data>
    </EventData>
  </Event>
</root>