<Event xmlns="http://schemas.microsoft.com/win/2004/08/events/event">
    <System>
      <Provider Name="Microsoft-Windows-RemoteDesktopServices-RdpCoreTS" Guid="{1139C61B-B549-4251-8ED3-27250A1EDEC8}" />
      <EventID>131</EventID>
      <Version>0</Version>
      <Level>4</Level>
      <Task>4</Task>
      <Opcode>15</Opcode>
      <Keywords>0x4000000000000000</Keywords>
      <TimeCreated SystemTime="2021-12-16T10:19:07.895970400Z" />
      <EventRecordID>84838</EventRecordID>
      <Correlation ActivityID="{F4202317-C089-4CD5-B847-F987D5640000}" />
      <Execution ProcessID="848" ThreadID="1424" />
      <Channel>Microsoft-Windows-RemoteDesktopServices-RdpCoreTS/Operational</Channel>
      <Computer>wsus01.offsec.lan</Computer>
      <Security UserID="S-1-5-20" />
    </System>
    <EventData>
      <Data Name="ConnType">TCP</Data>
      <Data Name="ClientIP">10.23.123.11:34714</Data>
    </EventData>
  </Event>
  <Event xmlns="http://schemas.microsoft.com/win/2004/08/events/event">
    <System>
      <Provider Name="Microsoft-Windows-RemoteDesktopServices-RdpCoreTS" Guid="{1139C61B-B549-4251-8ED3-27250A1EDEC8}" />
      <EventID>131</EventID>
      <Version>0</Version>
      <Level>4</Level>
      <Task>4</Task>
      <Opcode>15</Opcode>
      <Keywords>0x4000000000000000</Keywords>
      <TimeCreated SystemTime="2021-12-16T10:19:07.419176200Z" />
      <EventRecordID>85737</EventRecordID>
      <Correlation ActivityID="{F420C101-ADD6-43B1-8612-5FFF60C90000}" />
      <Execution ProcessID="812" ThreadID="1264" />
      <Channel>Microsoft-Windows-RemoteDesktopServices-RdpCoreTS/Operational</Channel>
      <Computer>dhcp01.offsec.lan</Computer>
      <Security UserID="S-1-5-20" />
    </System>
    <EventData>
      <Data Name="ConnType">TCP</Data>
      <Data Name="ClientIP">10.23.123.11:35184</Data>
    </EventData>
  </Event>
  <Event xmlns="http://schemas.microsoft.com/win/2004/08/events/event">
    <System>
      <Provider Name="Microsoft-Windows-RemoteDesktopServices-RdpCoreTS" Guid="{1139C61B-B549-4251-8ED3-27250A1EDEC8}" />
      <EventID>131</EventID>
      <Version>0</Version>
      <Level>4</Level>
      <Task>4</Task>
      <Opcode>15</Opcode>
      <Keywords>0x4000000000000000</Keywords>
      <TimeCreated SystemTime="2021-12-16T10:19:06.368093900Z" />
      <EventRecordID>595227</EventRecordID>
      <Correlation ActivityID="{F420A546-DDF6-48AF-8D62-66BC2BE50000}" />
      <Execution ProcessID="1788" ThreadID="1100" />
      <Channel>Microsoft-Windows-RemoteDesktopServices-RdpCoreTS/Operational</Channel>
      <Computer>fs03vuln.offsec.lan</Computer>
      <Security UserID="S-1-5-20" />
    </System>
    <EventData>
      <Data Name="ConnType">TCP</Data>
      <Data Name="ClientIP">10.23.123.11:37182</Data>
    </EventData>
  </Event>
  <Event xmlns="http://schemas.microsoft.com/win/2004/08/events/event">
    <System>
      <Provider Name="Microsoft-Windows-RemoteDesktopServices-RdpCoreTS" Guid="{1139C61B-B549-4251-8ED3-27250A1EDEC8}" />
      <EventID>131</EventID>
      <Version>0</Version>
      <Level>4</Level>
      <Task>4</Task>
      <Opcode>15</Opcode>
      <Keywords>0x4000000000000000</Keywords>
      <TimeCreated SystemTime="2021-12-16T10:19:07.912597200Z" />
      <EventRecordID>84843</EventRecordID>
      <Correlation ActivityID="{F4200B42-291B-4824-BE24-4F3653730000}" />
      <Execution ProcessID="848" ThreadID="1424" />
      <Channel>Microsoft-Windows-RemoteDesktopServices-RdpCoreTS/Operational</Channel>
      <Computer>wsus01.offsec.lan</Computer>
      <Security UserID="S-1-5-20" />
    </System>
    <EventData>
      <Data Name="ConnType">TCP</Data>
      <Data Name="ClientIP">10.23.123.11:34692</Data>
    </EventData>
  </Event>
  <Event xmlns="http://schemas.microsoft.com/win/2004/08/events/event">
    <System>
      <Provider Name="Microsoft-Windows-RemoteDesktopServices-RdpCoreTS" Guid="{1139C61B-B549-4251-8ED3-27250A1EDEC8}" />
      <EventID>131</EventID>
      <Version>0</Version>
      <Level>4</Level>
      <Task>4</Task>
      <Opcode>15</Opcode>
      <Keywords>0x4000000000000000</Keywords>
      <TimeCreated SystemTime="2021-12-16T10:19:07.912707600Z" />
      <EventRecordID>84844</EventRecordID>
      <Correlation ActivityID="{F4208F0B-EA02-41B2-88D5-DFBD33470000}" />
      <Execution ProcessID="848" ThreadID="1424" />
      <Channel>Microsoft-Windows-RemoteDesktopServices-RdpCoreTS/Operational</Channel>
      <Computer>wsus01.offsec.lan</Computer>
      <Security UserID="S-1-5-20" />
    </System>
    <EventData>
      <Data Name="ConnType">TCP</Data>
      <Data Name="ClientIP">10.23.123.11:34768</Data>
    </EventData>
  </Event>
  <Event xmlns="http://schemas.microsoft.com/win/2004/08/events/event">
    <System>
      <Provider Name="Microsoft-Windows-RemoteDesktopServices-RdpCoreTS" Guid="{1139C61B-B549-4251-8ED3-27250A1EDEC8}" />
      <EventID>131</EventID>
      <Version>0</Version>
      <Level>4</Level>
      <Task>4</Task>
      <Opcode>15</Opcode>
      <Keywords>0x4000000000000000</Keywords>
      <TimeCreated SystemTime="2021-12-16T10:19:07.890698300Z" />
      <EventRecordID>26067</EventRecordID>
      <Correlation ActivityID="{F42006A1-FB9F-4B22-9560-C26694BB0000}" />
      <Execution ProcessID="876" ThreadID="1476" />
      <Channel>Microsoft-Windows-RemoteDesktopServices-RdpCoreTS/Operational</Channel>
      <Computer>webiis01.offsec.lan</Computer>
      <Security UserID="S-1-5-20" />
    </System>
    <EventData>
      <Data Name="ConnType">TCP</Data>
      <Data Name="ClientIP">10.23.123.11:41616</Data>
    </EventData>
  </Event>
  <Event xmlns="http://schemas.microsoft.com/win/2004/08/events/event">
    <System>
      <Provider Name="Microsoft-Windows-RemoteDesktopServices-RdpCoreTS" Guid="{1139C61B-B549-4251-8ED3-27250A1EDEC8}" />
      <EventID>131</EventID>
      <Version>0</Version>
      <Level>4</Level>
      <Task>4</Task>
      <Opcode>15</Opcode>
      <Keywords>0x4000000000000000</Keywords>
      <TimeCreated SystemTime="2021-12-16T10:19:07.468213200Z" />
      <EventRecordID>24792</EventRecordID>
      <Correlation ActivityID="{F420A271-78C3-4561-9DEF-5B40CA3B0000}" />
      <Execution ProcessID="872" ThreadID="1460" />
      <Channel>Microsoft-Windows-RemoteDesktopServices-RdpCoreTS/Operational</Channel>
      <Computer>adfs01.offsec.lan</Computer>
      <Security UserID="S-1-5-20" />
    </System>
    <EventData>
      <Data Name="ConnType">TCP</Data>
      <Data Name="ClientIP">10.23.123.11:50940</Data>
    </EventData>
  </Event>
  <Event xmlns="http://schemas.microsoft.com/win/2004/08/events/event">
    <System>
      <Provider Name="Microsoft-Windows-RemoteDesktopServices-RdpCoreTS" Guid="{1139C61B-B549-4251-8ED3-27250A1EDEC8}" />
      <EventID>131</EventID>
      <Version>0</Version>
      <Level>4</Level>
      <Task>4</Task>
      <Opcode>15</Opcode>
      <Keywords>0x4000000000000000</Keywords>
      <TimeCreated SystemTime="2021-12-16T10:19:06.399404100Z" />
      <EventRecordID>595230</EventRecordID>
      <Correlation ActivityID="{F4208DF2-B901-4181-ADC3-7126719B0000}" />
      <Execution ProcessID="1788" ThreadID="1100" />
      <Channel>Microsoft-Windows-RemoteDesktopServices-RdpCoreTS/Operational</Channel>
      <Computer>fs03vuln.offsec.lan</Computer>
      <Security UserID="S-1-5-20" />
    </System>
    <EventData>
      <Data Name="ConnType">TCP</Data>
      <Data Name="ClientIP">10.23.123.11:37200</Data>
    </EventData>
  </Event>
  <Event xmlns="http://schemas.microsoft.com/win/2004/08/events/event">
    <System>
      <Provider Name="Microsoft-Windows-RemoteDesktopServices-RdpCoreTS" Guid="{1139C61B-B549-4251-8ED3-27250A1EDEC8}" />
      <EventID>131</EventID>
      <Version>0</Version>
      <Level>4</Level>
      <Task>4</Task>
      <Opcode>15</Opcode>
      <Keywords>0x4000000000000000</Keywords>
      <TimeCreated SystemTime="2021-12-16T10:19:06.399404100Z" />
      <EventRecordID>595231</EventRecordID>
      <Correlation ActivityID="{F420A35D-49EA-4F1B-8DE8-78FF86B90000}" />
      <Execution ProcessID="1788" ThreadID="1100" />
      <Channel>Microsoft-Windows-RemoteDesktopServices-RdpCoreTS/Operational</Channel>
      <Computer>fs03vuln.offsec.lan</Computer>
      <Security UserID="S-1-5-20" />
    </System>
    <EventData>
      <Data Name="ConnType">TCP</Data>
      <Data Name="ClientIP">10.23.123.11:37242</Data>
    </EventData>
  </Event>
  <Event xmlns="http://schemas.microsoft.com/win/2004/08/events/event">
    <System>
      <Provider Name="Microsoft-Windows-RemoteDesktopServices-RdpCoreTS" Guid="{1139C61B-B549-4251-8ED3-27250A1EDEC8}" />
      <EventID>131</EventID>
      <Version>0</Version>
      <Level>4</Level>
      <Task>4</Task>
      <Opcode>15</Opcode>
      <Keywords>0x4000000000000000</Keywords>
      <TimeCreated SystemTime="2021-12-16T10:19:07.903529100Z" />
      <EventRecordID>26072</EventRecordID>
      <Correlation ActivityID="{F420C314-00CB-4097-BDD6-592973770000}" />
      <Execution ProcessID="876" ThreadID="1476" />
      <Channel>Microsoft-Windows-RemoteDesktopServices-RdpCoreTS/Operational</Channel>
      <Computer>webiis01.offsec.lan</Computer>
      <Security UserID="S-1-5-20" />
    </System>
    <EventData>
      <Data Name="ConnType">TCP</Data>
      <Data Name="ClientIP">10.23.123.11:41614</Data>
    </EventData>
  </Event>
  <Event xmlns="http://schemas.microsoft.com/win/2004/08/events/event">
    <System>
      <Provider Name="Microsoft-Windows-RemoteDesktopServices-RdpCoreTS" Guid="{1139C61B-B549-4251-8ED3-27250A1EDEC8}" />
      <EventID>131</EventID>
      <Version>0</Version>
      <Level>4</Level>
      <Task>4</Task>
      <Opcode>15</Opcode>
      <Keywords>0x4000000000000000</Keywords>
      <TimeCreated SystemTime="2021-12-16T10:19:07.546821200Z" />
      <EventRecordID>85750</EventRecordID>
      <Correlation ActivityID="{F4205D9B-8A18-423E-BED4-86AD5AE70000}" />
      <Execution ProcessID="812" ThreadID="1264" />
      <Channel>Microsoft-Windows-RemoteDesktopServices-RdpCoreTS/Operational</Channel>
      <Computer>dhcp01.offsec.lan</Computer>
      <Security UserID="S-1-5-20" />
    </System>
    <EventData>
      <Data Name="ConnType">TCP</Data>
      <Data Name="ClientIP">10.23.123.11:35198</Data>
    </EventData>
  </Event>
  <Event xmlns="http://schemas.microsoft.com/win/2004/08/events/event">
    <System>
      <Provider Name="Microsoft-Windows-RemoteDesktopServices-RdpCoreTS" Guid="{1139C61B-B549-4251-8ED3-27250A1EDEC8}" />
      <EventID>131</EventID>
      <Version>0</Version>
      <Level>4</Level>
      <Task>4</Task>
      <Opcode>15</Opcode>
      <Keywords>0x4000000000000000</Keywords>
      <TimeCreated SystemTime="2021-12-16T10:19:07.904285800Z" />
      <EventRecordID>26073</EventRecordID>
      <Correlation ActivityID="{F420932C-E596-4343-AA40-5620DA5E0000}" />
      <Execution ProcessID="876" ThreadID="1476" />
      <Channel>Microsoft-Windows-RemoteDesktopServices-RdpCoreTS/Operational</Channel>
      <Computer>webiis01.offsec.lan</Computer>
      <Security UserID="S-1-5-20" />
    </System>
    <EventData>
      <Data Name="ConnType">TCP</Data>
      <Data Name="ClientIP">10.23.123.11:41648</Data>
    </EventData>
  </Event>
  <Event xmlns="http://schemas.microsoft.com/win/2004/08/events/event">
    <System>
      <Provider Name="Microsoft-Windows-RemoteDesktopServices-RdpCoreTS" Guid="{1139C61B-B549-4251-8ED3-27250A1EDEC8}" />
      <EventID>131</EventID>
      <Version>0</Version>
      <Level>4</Level>
      <Task>4</Task>
      <Opcode>15</Opcode>
      <Keywords>0x4000000000000000</Keywords>
      <TimeCreated SystemTime="2021-12-16T10:19:07.904509500Z" />
      <EventRecordID>26074</EventRecordID>
      <Correlation ActivityID="{F420FB62-40C0-4F31-B293-032EFD420000}" />
      <Execution ProcessID="876" ThreadID="1476" />
      <Channel>Microsoft-Windows-RemoteDesktopServices-RdpCoreTS/Operational</Channel>
      <Computer>webiis01.offsec.lan</Computer>
      <Security UserID="S-1-5-20" />
    </System>
    <EventData>
      <Data Name="ConnType">TCP</Data>
      <Data Name="ClientIP">10.23.123.11:41632</Data>
    </EventData>
  </Event>
  <Event xmlns="http://schemas.microsoft.com/win/2004/08/events/event">
    <System>
      <Provider Name="Microsoft-Windows-RemoteDesktopServices-RdpCoreTS" Guid="{1139C61B-B549-4251-8ED3-27250A1EDEC8}" />
      <EventID>131</EventID>
      <Version>0</Version>
      <Level>4</Level>
      <Task>4</Task>
      <Opcode>15</Opcode>
      <Keywords>0x4000000000000000</Keywords>
      <TimeCreated SystemTime="2021-12-16T10:19:07.950141100Z" />
      <EventRecordID>84853</EventRecordID>
      <Correlation ActivityID="{F42081E6-3ACB-4CBB-A697-ACEA43810000}" />
      <Execution ProcessID="848" ThreadID="1424" />
      <Channel>Microsoft-Windows-RemoteDesktopServices-RdpCoreTS/Operational</Channel>
      <Computer>wsus01.offsec.lan</Computer>
      <Security UserID="S-1-5-20" />
    </System>
    <EventData>
      <Data Name="ConnType">TCP</Data>
      <Data Name="ClientIP">10.23.123.11:34778</Data>
    </EventData>
  </Event>
  <Event xmlns="http://schemas.microsoft.com/win/2004/08/events/event">
    <System>
      <Provider Name="Microsoft-Windows-RemoteDesktopServices-RdpCoreTS" Guid="{1139C61B-B549-4251-8ED3-27250A1EDEC8}" />
      <EventID>131</EventID>
      <Version>0</Version>
      <Level>4</Level>
      <Task>4</Task>
      <Opcode>15</Opcode>
      <Keywords>0x4000000000000000</Keywords>
      <TimeCreated SystemTime="2021-12-16T10:19:07.890313900Z" />
      <EventRecordID>24829</EventRecordID>
      <Correlation ActivityID="{F4202BC0-333B-4711-8ED2-EEC555430000}" />
      <Execution ProcessID="872" ThreadID="1460" />
      <Channel>Microsoft-Windows-RemoteDesktopServices-RdpCoreTS/Operational</Channel>
      <Computer>adfs01.offsec.lan</Computer>
      <Security UserID="S-1-5-20" />
    </System>
    <EventData>
      <Data Name="ConnType">TCP</Data>
      <Data Name="ClientIP">10.23.123.11:51002</Data>
    </EventData>
  </Event>
  <Event xmlns="http://schemas.microsoft.com/win/2004/08/events/event">
    <System>
      <Provider Name="Microsoft-Windows-RemoteDesktopServices-RdpCoreTS" Guid="{1139C61B-B549-4251-8ED3-27250A1EDEC8}" />
      <EventID>131</EventID>
      <Version>0</Version>
      <Level>4</Level>
      <Task>4</Task>
      <Opcode>15</Opcode>
      <Keywords>0x4000000000000000</Keywords>
      <TimeCreated SystemTime="2021-12-16T10:19:07.912870000Z" />
      <EventRecordID>24834</EventRecordID>
      <Correlation ActivityID="{F420EFEE-4D4D-4ED0-8E28-BF739DBC0000}" />
      <Execution ProcessID="872" ThreadID="1460" />
      <Channel>Microsoft-Windows-RemoteDesktopServices-RdpCoreTS/Operational</Channel>
      <Computer>adfs01.offsec.lan</Computer>
      <Security UserID="S-1-5-20" />
    </System>
    <EventData>
      <Data Name="ConnType">TCP</Data>
      <Data Name="ClientIP">10.23.123.11:51006</Data>
    </EventData>
  </Event>
  <Event xmlns="http://schemas.microsoft.com/win/2004/08/events/event">
    <System>
      <Provider Name="Microsoft-Windows-RemoteDesktopServices-RdpCoreTS" Guid="{1139C61B-B549-4251-8ED3-27250A1EDEC8}" />
      <EventID>131</EventID>
      <Version>0</Version>
      <Level>4</Level>
      <Task>4</Task>
      <Opcode>15</Opcode>
      <Keywords>0x4000000000000000</Keywords>
      <TimeCreated SystemTime="2021-12-16T10:19:07.915433900Z" />
      <EventRecordID>24835</EventRecordID>
      <Correlation ActivityID="{F420FE97-A027-4436-85E0-2071FC800000}" />
      <Execution ProcessID="872" ThreadID="1460" />
      <Channel>Microsoft-Windows-RemoteDesktopServices-RdpCoreTS/Operational</Channel>
      <Computer>adfs01.offsec.lan</Computer>
      <Security UserID="S-1-5-20" />
    </System>
    <EventData>
      <Data Name="ConnType">TCP</Data>
      <Data Name="ClientIP">10.23.123.11:51014</Data>
    </EventData>
  </Event>
  <Event xmlns="http://schemas.microsoft.com/win/2004/08/events/event">
    <System>
      <Provider Name="Microsoft-Windows-RemoteDesktopServices-RdpCoreTS" Guid="{1139C61B-B549-4251-8ED3-27250A1EDEC8}" />
      <EventID>131</EventID>
      <Version>0</Version>
      <Level>4</Level>
      <Task>4</Task>
      <Opcode>15</Opcode>
      <Keywords>0x4000000000000000</Keywords>
      <TimeCreated SystemTime="2021-12-16T10:19:07.858453100Z" />
      <EventRecordID>85787</EventRecordID>
      <Correlation ActivityID="{F4207972-E39C-4744-97AD-2039C2420000}" />
      <Execution ProcessID="812" ThreadID="1264" />
      <Channel>Microsoft-Windows-RemoteDesktopServices-RdpCoreTS/Operational</Channel>
      <Computer>dhcp01.offsec.lan</Computer>
      <Security UserID="S-1-5-20" />
    </System>
    <EventData>
      <Data Name="ConnType">TCP</Data>
      <Data Name="ClientIP">10.23.123.11:35204</Data>
    </EventData>
  </Event>
  <Event xmlns="http://schemas.microsoft.com/win/2004/08/events/event">
    <System>
      <Provider Name="Microsoft-Windows-RemoteDesktopServices-RdpCoreTS" Guid="{1139C61B-B549-4251-8ED3-27250A1EDEC8}" />
      <EventID>131</EventID>
      <Version>0</Version>
      <Level>4</Level>
      <Task>4</Task>
      <Opcode>15</Opcode>
      <Keywords>0x4000000000000000</Keywords>
      <TimeCreated SystemTime="2021-12-16T10:19:07.930545800Z" />
      <EventRecordID>24844</EventRecordID>
      <Correlation ActivityID="{F4205AAA-D64A-46E4-83B5-D6618E150000}" />
      <Execution ProcessID="872" ThreadID="1460" />
      <Channel>Microsoft-Windows-RemoteDesktopServices-RdpCoreTS/Operational</Channel>
      <Computer>adfs01.offsec.lan</Computer>
      <Security UserID="S-1-5-20" />
    </System>
    <EventData>
      <Data Name="ConnType">TCP</Data>
      <Data Name="ClientIP">10.23.123.11:51040</Data>
    </EventData>
  </Event>
  <Event xmlns="http://schemas.microsoft.com/win/2004/08/events/event">
    <System>
      <Provider Name="Microsoft-Windows-RemoteDesktopServices-RdpCoreTS" Guid="{1139C61B-B549-4251-8ED3-27250A1EDEC8}" />
      <EventID>131</EventID>
      <Version>0</Version>
      <Level>4</Level>
      <Task>4</Task>
      <Opcode>15</Opcode>
      <Keywords>0x4000000000000000</Keywords>
      <TimeCreated SystemTime="2021-12-16T10:19:07.895555000Z" />
      <EventRecordID>85792</EventRecordID>
      <Correlation ActivityID="{F42081AF-9FE0-41CB-B5B0-582BB6CF0000}" />
      <Execution ProcessID="812" ThreadID="1264" />
      <Channel>Microsoft-Windows-RemoteDesktopServices-RdpCoreTS/Operational</Channel>
      <Computer>dhcp01.offsec.lan</Computer>
      <Security UserID="S-1-5-20" />
    </System>
    <EventData>
      <Data Name="ConnType">TCP</Data>
      <Data Name="ClientIP">10.23.123.11:35252</Data>
    </EventData>
  </Event>
  <Event xmlns="http://schemas.microsoft.com/win/2004/08/events/event">
    <System>
      <Provider Name="Microsoft-Windows-RemoteDesktopServices-RdpCoreTS" Guid="{1139C61B-B549-4251-8ED3-27250A1EDEC8}" />
      <EventID>131</EventID>
      <Version>0</Version>
      <Level>4</Level>
      <Task>4</Task>
      <Opcode>15</Opcode>
      <Keywords>0x4000000000000000</Keywords>
      <TimeCreated SystemTime="2021-12-16T10:19:07.896323900Z" />
      <EventRecordID>85793</EventRecordID>
      <Correlation ActivityID="{F4205734-4DF4-48CD-8D75-103C4F100000}" />
      <Execution ProcessID="812" ThreadID="1264" />
      <Channel>Microsoft-Windows-RemoteDesktopServices-RdpCoreTS/Operational</Channel>
      <Computer>dhcp01.offsec.lan</Computer>
      <Security UserID="S-1-5-20" />
    </System>
    <EventData>
      <Data Name="ConnType">TCP</Data>
      <Data Name="ClientIP">10.23.123.11:35240</Data>
    </EventData>
  </Event>
  <Event xmlns="http://schemas.microsoft.com/win/2004/08/events/event">
    <System>
      <Provider Name="Microsoft-Windows-RemoteDesktopServices-RdpCoreTS" Guid="{1139C61B-B549-4251-8ED3-27250A1EDEC8}" />
      <EventID>131</EventID>
      <Version>0</Version>
      <Level>4</Level>
      <Task>4</Task>
      <Opcode>15</Opcode>
      <Keywords>0x4000000000000000</Keywords>
      <TimeCreated SystemTime="2021-12-16T10:19:08.328151100Z" />
      <EventRecordID>84890</EventRecordID>
      <Correlation ActivityID="{F420686A-99E1-4453-87B4-795AF9500000}" />
      <Execution ProcessID="848" ThreadID="1424" />
      <Channel>Microsoft-Windows-RemoteDesktopServices-RdpCoreTS/Operational</Channel>
      <Computer>wsus01.offsec.lan</Computer>
      <Security UserID="S-1-5-20" />
    </System>
    <EventData>
      <Data Name="ConnType">TCP</Data>
      <Data Name="ClientIP">10.23.123.11:34842</Data>
    </EventData>
  </Event>
  <Event xmlns="http://schemas.microsoft.com/win/2004/08/events/event">
    <System>
      <Provider Name="Microsoft-Windows-RemoteDesktopServices-RdpCoreTS" Guid="{1139C61B-B549-4251-8ED3-27250A1EDEC8}" />
      <EventID>131</EventID>
      <Version>0</Version>
      <Level>4</Level>
      <Task>4</Task>
      <Opcode>15</Opcode>
      <Keywords>0x4000000000000000</Keywords>
      <TimeCreated SystemTime="2021-12-16T10:19:08.328389200Z" />
      <EventRecordID>84891</EventRecordID>
      <Correlation ActivityID="{F4203749-D97E-40A3-8623-CE8F03090000}" />
      <Execution ProcessID="848" ThreadID="1424" />
      <Channel>Microsoft-Windows-RemoteDesktopServices-RdpCoreTS/Operational</Channel>
      <Computer>wsus01.offsec.lan</Computer>
      <Security UserID="S-1-5-20" />
    </System>
    <EventData>
      <Data Name="ConnType">TCP</Data>
      <Data Name="ClientIP">10.23.123.11:34788</Data>
    </EventData>
  </Event>
  <Event xmlns="http://schemas.microsoft.com/win/2004/08/events/event">
    <System>
      <Provider Name="Microsoft-Windows-RemoteDesktopServices-RdpCoreTS" Guid="{1139C61B-B549-4251-8ED3-27250A1EDEC8}" />
      <EventID>131</EventID>
      <Version>0</Version>
      <Level>4</Level>
      <Task>4</Task>
      <Opcode>15</Opcode>
      <Keywords>0x4000000000000000</Keywords>
      <TimeCreated SystemTime="2021-12-16T10:19:08.113922000Z" />
      <EventRecordID>24857</EventRecordID>
      <Correlation ActivityID="{F420714C-9BC1-4A68-9D1B-909037200000}" />
      <Execution ProcessID="872" ThreadID="1460" />
      <Channel>Microsoft-Windows-RemoteDesktopServices-RdpCoreTS/Operational</Channel>
      <Computer>adfs01.offsec.lan</Computer>
      <Security UserID="S-1-5-20" />
    </System>
    <EventData>
      <Data Name="ConnType">TCP</Data>
      <Data Name="ClientIP">10.23.123.11:51048</Data>
    </EventData>
  </Event>
  <Event xmlns="http://schemas.microsoft.com/win/2004/08/events/event">
    <System>
      <Provider Name="Microsoft-Windows-RemoteDesktopServices-RdpCoreTS" Guid="{1139C61B-B549-4251-8ED3-27250A1EDEC8}" />
      <EventID>131</EventID>
      <Version>0</Version>
      <Level>4</Level>
      <Task>4</Task>
      <Opcode>15</Opcode>
      <Keywords>0x4000000000000000</Keywords>
      <TimeCreated SystemTime="2021-12-16T10:19:07.909825600Z" />
      <EventRecordID>85802</EventRecordID>
      <Correlation ActivityID="{F4204BBA-D20D-4BC6-897A-C551E2F20000}" />
      <Execution ProcessID="812" ThreadID="1264" />
      <Channel>Microsoft-Windows-RemoteDesktopServices-RdpCoreTS/Operational</Channel>
      <Computer>dhcp01.offsec.lan</Computer>
      <Security UserID="S-1-5-20" />
    </System>
    <EventData>
      <Data Name="ConnType">TCP</Data>
      <Data Name="ClientIP">10.23.123.11:35264</Data>
    </EventData>
  </Event>
  <Event xmlns="http://schemas.microsoft.com/win/2004/08/events/event">
    <System>
      <Provider Name="Microsoft-Windows-RemoteDesktopServices-RdpCoreTS" Guid="{1139C61B-B549-4251-8ED3-27250A1EDEC8}" />
      <EventID>131</EventID>
      <Version>0</Version>
      <Level>4</Level>
      <Task>4</Task>
      <Opcode>15</Opcode>
      <Keywords>0x4000000000000000</Keywords>
      <TimeCreated SystemTime="2021-12-16T10:19:08.342834700Z" />
      <EventRecordID>84900</EventRecordID>
      <Correlation ActivityID="{F4206E6C-B952-4A8C-B4D1-A3AE7AE90000}" />
      <Execution ProcessID="848" ThreadID="1424" />
      <Channel>Microsoft-Windows-RemoteDesktopServices-RdpCoreTS/Operational</Channel>
      <Computer>wsus01.offsec.lan</Computer>
      <Security UserID="S-1-5-20" />
    </System>
    <EventData>
      <Data Name="ConnType">TCP</Data>
      <Data Name="ClientIP">10.23.123.11:34816</Data>
    </EventData>
  </Event>
  <Event xmlns="http://schemas.microsoft.com/win/2004/08/events/event">
    <System>
      <Provider Name="Microsoft-Windows-RemoteDesktopServices-RdpCoreTS" Guid="{1139C61B-B549-4251-8ED3-27250A1EDEC8}" />
      <EventID>131</EventID>
      <Version>0</Version>
      <Level>4</Level>
      <Task>4</Task>
      <Opcode>15</Opcode>
      <Keywords>0x4000000000000000</Keywords>
      <TimeCreated SystemTime="2021-12-16T10:19:08.090958700Z" />
      <EventRecordID>85815</EventRecordID>
      <Correlation ActivityID="{F42005D6-3A17-4195-8214-89DC80BD0000}" />
      <Execution ProcessID="812" ThreadID="1264" />
      <Channel>Microsoft-Windows-RemoteDesktopServices-RdpCoreTS/Operational</Channel>
      <Computer>dhcp01.offsec.lan</Computer>
      <Security UserID="S-1-5-20" />
    </System>
    <EventData>
      <Data Name="ConnType">TCP</Data>
      <Data Name="ClientIP">10.23.123.11:35300</Data>
    </EventData>
  </Event>
  <Event xmlns="http://schemas.microsoft.com/win/2004/08/events/event">
    <System>
      <Provider Name="Microsoft-Windows-RemoteDesktopServices-RdpCoreTS" Guid="{1139C61B-B549-4251-8ED3-27250A1EDEC8}" />
      <EventID>131</EventID>
      <Version>0</Version>
      <Level>4</Level>
      <Task>4</Task>
      <Opcode>15</Opcode>
      <Keywords>0x4000000000000000</Keywords>
      <TimeCreated SystemTime="2021-12-16T10:19:07.358454100Z" />
      <EventRecordID>25180</EventRecordID>
      <Correlation ActivityID="{F420AD4B-C250-4151-B52A-689B48940000}" />
      <Execution ProcessID="888" ThreadID="1424" />
      <Channel>Microsoft-Windows-RemoteDesktopServices-RdpCoreTS/Operational</Channel>
      <Computer>prtg-mon.offsec.lan</Computer>
      <Security UserID="S-1-5-20" />
    </System>
    <EventData>
      <Data Name="ConnType">TCP</Data>
      <Data Name="ClientIP">10.23.123.11:53626</Data>
    </EventData>
  </Event>
  <Event xmlns="http://schemas.microsoft.com/win/2004/08/events/event">
    <System>
      <Provider Name="Microsoft-Windows-RemoteDesktopServices-RdpCoreTS" Guid="{1139C61B-B549-4251-8ED3-27250A1EDEC8}" />
      <EventID>131</EventID>
      <Version>0</Version>
      <Level>4</Level>
      <Task>4</Task>
      <Opcode>15</Opcode>
      <Keywords>0x4000000000000000</Keywords>
      <TimeCreated SystemTime="2021-12-16T10:19:08.322978300Z" />
      <EventRecordID>24886</EventRecordID>
      <Correlation ActivityID="{F4200C61-2B75-4F81-B164-0273F9740000}" />
      <Execution ProcessID="872" ThreadID="1460" />
      <Channel>Microsoft-Windows-RemoteDesktopServices-RdpCoreTS/Operational</Channel>
      <Computer>adfs01.offsec.lan</Computer>
      <Security UserID="S-1-5-20" />
    </System>
    <EventData>
      <Data Name="ConnType">TCP</Data>
      <Data Name="ClientIP">10.23.123.11:51084</Data>
    </EventData>
  </Event>
  <Event xmlns="http://schemas.microsoft.com/win/2004/08/events/event">
    <System>
      <Provider Name="Microsoft-Windows-RemoteDesktopServices-RdpCoreTS" Guid="{1139C61B-B549-4251-8ED3-27250A1EDEC8}" />
      <EventID>131</EventID>
      <Version>0</Version>
      <Level>4</Level>
      <Task>4</Task>
      <Opcode>15</Opcode>
      <Keywords>0x4000000000000000</Keywords>
      <TimeCreated SystemTime="2021-12-16T10:19:07.363687700Z" />
      <EventRecordID>25185</EventRecordID>
      <Correlation ActivityID="{F4204241-30F9-4730-980C-7357BC650000}" />
      <Execution ProcessID="888" ThreadID="1424" />
      <Channel>Microsoft-Windows-RemoteDesktopServices-RdpCoreTS/Operational</Channel>
      <Computer>prtg-mon.offsec.lan</Computer>
      <Security UserID="S-1-5-20" />
    </System>
    <EventData>
      <Data Name="ConnType">TCP</Data>
      <Data Name="ClientIP">10.23.123.11:53630</Data>
    </EventData>
  </Event>
  <Event xmlns="http://schemas.microsoft.com/win/2004/08/events/event">
    <System>
      <Provider Name="Microsoft-Windows-RemoteDesktopServices-RdpCoreTS" Guid="{1139C61B-B549-4251-8ED3-27250A1EDEC8}" />
      <EventID>131</EventID>
      <Version>0</Version>
      <Level>4</Level>
      <Task>4</Task>
      <Opcode>15</Opcode>
      <Keywords>0x4000000000000000</Keywords>
      <TimeCreated SystemTime="2021-12-16T10:19:08.323097100Z" />
      <EventRecordID>24887</EventRecordID>
      <Correlation ActivityID="{F4206C9D-F4AB-47DB-A5E6-9C560B640000}" />
      <Execution ProcessID="872" ThreadID="1460" />
      <Channel>Microsoft-Windows-RemoteDesktopServices-RdpCoreTS/Operational</Channel>
      <Computer>adfs01.offsec.lan</Computer>
      <Security UserID="S-1-5-20" />
    </System>
    <EventData>
      <Data Name="ConnType">TCP</Data>
      <Data Name="ClientIP">10.23.123.11:51094</Data>
    </EventData>
  </Event>
  <Event xmlns="http://schemas.microsoft.com/win/2004/08/events/event">
    <System>
      <Provider Name="Microsoft-Windows-RemoteDesktopServices-RdpCoreTS" Guid="{1139C61B-B549-4251-8ED3-27250A1EDEC8}" />
      <EventID>131</EventID>
      <Version>0</Version>
      <Level>4</Level>
      <Task>4</Task>
      <Opcode>15</Opcode>
      <Keywords>0x4000000000000000</Keywords>
      <TimeCreated SystemTime="2021-12-16T10:19:08.324030100Z" />
      <EventRecordID>24888</EventRecordID>
      <Correlation ActivityID="{F42097E4-5D42-4ECB-AD79-84019BF70000}" />
      <Execution ProcessID="872" ThreadID="1460" />
      <Channel>Microsoft-Windows-RemoteDesktopServices-RdpCoreTS/Operational</Channel>
      <Computer>adfs01.offsec.lan</Computer>
      <Security UserID="S-1-5-20" />
    </System>
    <EventData>
      <Data Name="ConnType">TCP</Data>
      <Data Name="ClientIP">10.23.123.11:51086</Data>
    </EventData>
  </Event>
  <Event xmlns="http://schemas.microsoft.com/win/2004/08/events/event">
    <System>
      <Provider Name="Microsoft-Windows-RemoteDesktopServices-RdpCoreTS" Guid="{1139C61B-B549-4251-8ED3-27250A1EDEC8}" />
      <EventID>131</EventID>
      <Version>0</Version>
      <Level>4</Level>
      <Task>4</Task>
      <Opcode>15</Opcode>
      <Keywords>0x4000000000000000</Keywords>
      <TimeCreated SystemTime="2021-12-16T10:19:07.370369200Z" />
      <EventRecordID>25190</EventRecordID>
      <Correlation ActivityID="{F4206AED-3FCE-476F-9C2A-9A2F951C0000}" />
      <Execution ProcessID="888" ThreadID="1424" />
      <Channel>Microsoft-Windows-RemoteDesktopServices-RdpCoreTS/Operational</Channel>
      <Computer>prtg-mon.offsec.lan</Computer>
      <Security UserID="S-1-5-20" />
    </System>
    <EventData>
      <Data Name="ConnType">TCP</Data>
      <Data Name="ClientIP">10.23.123.11:53618</Data>
    </EventData>
  </Event>
  <Event xmlns="http://schemas.microsoft.com/win/2004/08/events/event">
    <System>
      <Provider Name="Microsoft-Windows-RemoteDesktopServices-RdpCoreTS" Guid="{1139C61B-B549-4251-8ED3-27250A1EDEC8}" />
      <EventID>131</EventID>
      <Version>0</Version>
      <Level>4</Level>
      <Task>4</Task>
      <Opcode>15</Opcode>
      <Keywords>0x4000000000000000</Keywords>
      <TimeCreated SystemTime="2021-12-16T10:19:07.420703700Z" />
      <EventRecordID>25195</EventRecordID>
      <Correlation ActivityID="{F4208561-B837-4BCA-A93B-C1792B3F0000}" />
      <Execution ProcessID="888" ThreadID="1424" />
      <Channel>Microsoft-Windows-RemoteDesktopServices-RdpCoreTS/Operational</Channel>
      <Computer>prtg-mon.offsec.lan</Computer>
      <Security UserID="S-1-5-20" />
    </System>
    <EventData>
      <Data Name="ConnType">TCP</Data>
      <Data Name="ClientIP">10.23.123.11:53682</Data>
    </EventData>
  </Event>
  <Event xmlns="http://schemas.microsoft.com/win/2004/08/events/event">
    <System>
      <Provider Name="Microsoft-Windows-RemoteDesktopServices-RdpCoreTS" Guid="{1139C61B-B549-4251-8ED3-27250A1EDEC8}" />
      <EventID>131</EventID>
      <Version>0</Version>
      <Level>4</Level>
      <Task>4</Task>
      <Opcode>15</Opcode>
      <Keywords>0x4000000000000000</Keywords>
      <TimeCreated SystemTime="2021-12-16T10:19:08.318989500Z" />
      <EventRecordID>85852</EventRecordID>
      <Correlation ActivityID="{F420180B-0C9F-4466-8FA3-3CC59E3D0000}" />
      <Execution ProcessID="812" ThreadID="1264" />
      <Channel>Microsoft-Windows-RemoteDesktopServices-RdpCoreTS/Operational</Channel>
      <Computer>dhcp01.offsec.lan</Computer>
      <Security UserID="S-1-5-20" />
    </System>
    <EventData>
      <Data Name="ConnType">TCP</Data>
      <Data Name="ClientIP">10.23.123.11:35344</Data>
    </EventData>
  </Event>
  <Event xmlns="http://schemas.microsoft.com/win/2004/08/events/event">
    <System>
      <Provider Name="Microsoft-Windows-RemoteDesktopServices-RdpCoreTS" Guid="{1139C61B-B549-4251-8ED3-27250A1EDEC8}" />
      <EventID>131</EventID>
      <Version>0</Version>
      <Level>4</Level>
      <Task>4</Task>
      <Opcode>15</Opcode>
      <Keywords>0x4000000000000000</Keywords>
      <TimeCreated SystemTime="2021-12-16T10:19:08.319070100Z" />
      <EventRecordID>85853</EventRecordID>
      <Correlation ActivityID="{F420C6F4-E054-43AB-8AB9-4DF113260000}" />
      <Execution ProcessID="812" ThreadID="1264" />
      <Channel>Microsoft-Windows-RemoteDesktopServices-RdpCoreTS/Operational</Channel>
      <Computer>dhcp01.offsec.lan</Computer>
      <Security UserID="S-1-5-20" />
    </System>
    <EventData>
      <Data Name="ConnType">TCP</Data>
      <Data Name="ClientIP">10.23.123.11:35352</Data>
    </EventData>
  </Event>
  <Event xmlns="http://schemas.microsoft.com/win/2004/08/events/event">
    <System>
      <Provider Name="Microsoft-Windows-RemoteDesktopServices-RdpCoreTS" Guid="{1139C61B-B549-4251-8ED3-27250A1EDEC8}" />
      <EventID>131</EventID>
      <Version>0</Version>
      <Level>4</Level>
      <Task>4</Task>
      <Opcode>15</Opcode>
      <Keywords>0x4000000000000000</Keywords>
      <TimeCreated SystemTime="2021-12-16T10:19:07.900816400Z" />
      <EventRecordID>25232</EventRecordID>
      <Correlation ActivityID="{F420E631-B0AB-46D6-8096-59714AFC0000}" />
      <Execution ProcessID="888" ThreadID="1424" />
      <Channel>Microsoft-Windows-RemoteDesktopServices-RdpCoreTS/Operational</Channel>
      <Computer>prtg-mon.offsec.lan</Computer>
      <Security UserID="S-1-5-20" />
    </System>
    <EventData>
      <Data Name="ConnType">TCP</Data>
      <Data Name="ClientIP">10.23.123.11:53746</Data>
    </EventData>
  </Event>
  <Event xmlns="http://schemas.microsoft.com/win/2004/08/events/event">
    <System>
      <Provider Name="Microsoft-Windows-RemoteDesktopServices-RdpCoreTS" Guid="{1139C61B-B549-4251-8ED3-27250A1EDEC8}" />
      <EventID>131</EventID>
      <Version>0</Version>
      <Level>4</Level>
      <Task>4</Task>
      <Opcode>15</Opcode>
      <Keywords>0x4000000000000000</Keywords>
      <TimeCreated SystemTime="2021-12-16T10:19:07.904823500Z" />
      <EventRecordID>25236</EventRecordID>
      <Correlation ActivityID="{F420A1FF-CB5B-4154-9483-288D932E0000}" />
      <Execution ProcessID="888" ThreadID="1424" />
      <Channel>Microsoft-Windows-RemoteDesktopServices-RdpCoreTS/Operational</Channel>
      <Computer>prtg-mon.offsec.lan</Computer>
      <Security UserID="S-1-5-20" />
    </System>
    <EventData>
      <Data Name="ConnType">TCP</Data>
      <Data Name="ClientIP">10.23.123.11:53780</Data>
    </EventData>
  </Event>
  <Event xmlns="http://schemas.microsoft.com/win/2004/08/events/event">
    <System>
      <Provider Name="Microsoft-Windows-RemoteDesktopServices-RdpCoreTS" Guid="{1139C61B-B549-4251-8ED3-27250A1EDEC8}" />
      <EventID>131</EventID>
      <Version>0</Version>
      <Level>4</Level>
      <Task>4</Task>
      <Opcode>15</Opcode>
      <Keywords>0x4000000000000000</Keywords>
      <TimeCreated SystemTime="2021-12-16T10:19:07.913190000Z" />
      <EventRecordID>25242</EventRecordID>
      <Correlation ActivityID="{F42033A0-28EA-41FC-A633-482287400000}" />
      <Execution ProcessID="888" ThreadID="1424" />
      <Channel>Microsoft-Windows-RemoteDesktopServices-RdpCoreTS/Operational</Channel>
      <Computer>prtg-mon.offsec.lan</Computer>
      <Security UserID="S-1-5-20" />
    </System>
    <EventData>
      <Data Name="ConnType">TCP</Data>
      <Data Name="ClientIP">10.23.123.11:53788</Data>
    </EventData>
  </Event>
  <Event xmlns="http://schemas.microsoft.com/win/2004/08/events/event">
    <System>
      <Provider Name="Microsoft-Windows-RemoteDesktopServices-RdpCoreTS" Guid="{1139C61B-B549-4251-8ED3-27250A1EDEC8}" />
      <EventID>131</EventID>
      <Version>0</Version>
      <Level>4</Level>
      <Task>4</Task>
      <Opcode>15</Opcode>
      <Keywords>0x4000000000000000</Keywords>
      <TimeCreated SystemTime="2021-12-16T10:19:07.914075900Z" />
      <EventRecordID>25243</EventRecordID>
      <Correlation ActivityID="{F420C499-A51A-4A23-9540-CBEB218B0000}" />
      <Execution ProcessID="888" ThreadID="1424" />
      <Channel>Microsoft-Windows-RemoteDesktopServices-RdpCoreTS/Operational</Channel>
      <Computer>prtg-mon.offsec.lan</Computer>
      <Security UserID="S-1-5-20" />
    </System>
    <EventData>
      <Data Name="ConnType">TCP</Data>
      <Data Name="ClientIP">10.23.123.11:53802</Data>
    </EventData>
  </Event>
  <Event xmlns="http://schemas.microsoft.com/win/2004/08/events/event">
    <System>
      <Provider Name="Microsoft-Windows-RemoteDesktopServices-RdpCoreTS" Guid="{1139C61B-B549-4251-8ED3-27250A1EDEC8}" />
      <EventID>131</EventID>
      <Version>0</Version>
      <Level>4</Level>
      <Task>4</Task>
      <Opcode>15</Opcode>
      <Keywords>0x4000000000000000</Keywords>
      <TimeCreated SystemTime="2021-12-16T10:19:07.887632100Z" />
      <EventRecordID>40305</EventRecordID>
      <Correlation ActivityID="{F4203257-9957-4FF0-B637-5D2FC4F70000}" />
      <Execution ProcessID="816" ThreadID="1532" />
      <Channel>Microsoft-Windows-RemoteDesktopServices-RdpCoreTS/Operational</Channel>
      <Computer>mssql01.offsec.lan</Computer>
      <Security UserID="S-1-5-20" />
    </System>
    <EventData>
      <Data Name="ConnType">TCP</Data>
      <Data Name="ClientIP">10.23.123.11:36296</Data>
    </EventData>
  </Event>
  <Event xmlns="http://schemas.microsoft.com/win/2004/08/events/event">
    <System>
      <Provider Name="Microsoft-Windows-RemoteDesktopServices-RdpCoreTS" Guid="{1139C61B-B549-4251-8ED3-27250A1EDEC8}" />
      <EventID>131</EventID>
      <Version>0</Version>
      <Level>4</Level>
      <Task>4</Task>
      <Opcode>15</Opcode>
      <Keywords>0x4000000000000000</Keywords>
      <TimeCreated SystemTime="2021-12-16T10:19:07.896802900Z" />
      <EventRecordID>40310</EventRecordID>
      <Correlation ActivityID="{F42043AC-576D-46FD-8469-46A921990000}" />
      <Execution ProcessID="816" ThreadID="1532" />
      <Channel>Microsoft-Windows-RemoteDesktopServices-RdpCoreTS/Operational</Channel>
      <Computer>mssql01.offsec.lan</Computer>
      <Security UserID="S-1-5-20" />
    </System>
    <EventData>
      <Data Name="ConnType">TCP</Data>
      <Data Name="ClientIP">10.23.123.11:36292</Data>
    </EventData>
  </Event>
  <Event xmlns="http://schemas.microsoft.com/win/2004/08/events/event">
    <System>
      <Provider Name="Microsoft-Windows-RemoteDesktopServices-RdpCoreTS" Guid="{1139C61B-B549-4251-8ED3-27250A1EDEC8}" />
      <EventID>131</EventID>
      <Version>0</Version>
      <Level>4</Level>
      <Task>4</Task>
      <Opcode>15</Opcode>
      <Keywords>0x4000000000000000</Keywords>
      <TimeCreated SystemTime="2021-12-16T10:19:08.324161400Z" />
      <EventRecordID>25284</EventRecordID>
      <Correlation ActivityID="{F4208A32-5654-4171-A22F-F5369F8F0000}" />
      <Execution ProcessID="888" ThreadID="1424" />
      <Channel>Microsoft-Windows-RemoteDesktopServices-RdpCoreTS/Operational</Channel>
      <Computer>prtg-mon.offsec.lan</Computer>
      <Security UserID="S-1-5-20" />
    </System>
    <EventData>
      <Data Name="ConnType">TCP</Data>
      <Data Name="ClientIP">10.23.123.11:53838</Data>
    </EventData>
  </Event>
  <Event xmlns="http://schemas.microsoft.com/win/2004/08/events/event">
    <System>
      <Provider Name="Microsoft-Windows-RemoteDesktopServices-RdpCoreTS" Guid="{1139C61B-B549-4251-8ED3-27250A1EDEC8}" />
      <EventID>131</EventID>
      <Version>0</Version>
      <Level>4</Level>
      <Task>4</Task>
      <Opcode>15</Opcode>
      <Keywords>0x4000000000000000</Keywords>
      <TimeCreated SystemTime="2021-12-16T10:19:07.900859800Z" />
      <EventRecordID>40314</EventRecordID>
      <Correlation ActivityID="{F420F955-A876-49AF-AC57-9C6763230000}" />
      <Execution ProcessID="816" ThreadID="1532" />
      <Channel>Microsoft-Windows-RemoteDesktopServices-RdpCoreTS/Operational</Channel>
      <Computer>mssql01.offsec.lan</Computer>
      <Security UserID="S-1-5-20" />
    </System>
    <EventData>
      <Data Name="ConnType">TCP</Data>
      <Data Name="ClientIP">10.23.123.11:36324</Data>
    </EventData>
  </Event>
  <Event xmlns="http://schemas.microsoft.com/win/2004/08/events/event">
    <System>
      <Provider Name="Microsoft-Windows-RemoteDesktopServices-RdpCoreTS" Guid="{1139C61B-B549-4251-8ED3-27250A1EDEC8}" />
      <EventID>131</EventID>
      <Version>0</Version>
      <Level>4</Level>
      <Task>4</Task>
      <Opcode>15</Opcode>
      <Keywords>0x4000000000000000</Keywords>
      <TimeCreated SystemTime="2021-12-16T10:19:08.328759300Z" />
      <EventRecordID>25286</EventRecordID>
      <Correlation ActivityID="{F42010F7-E104-4EFF-BAB2-54133D150000}" />
      <Execution ProcessID="888" ThreadID="1424" />
      <Channel>Microsoft-Windows-RemoteDesktopServices-RdpCoreTS/Operational</Channel>
      <Computer>prtg-mon.offsec.lan</Computer>
      <Security UserID="S-1-5-20" />
    </System>
    <EventData>
      <Data Name="ConnType">TCP</Data>
      <Data Name="ClientIP">10.23.123.11:53868</Data>
    </EventData>
  </Event>
  <Event xmlns="http://schemas.microsoft.com/win/2004/08/events/event">
    <System>
      <Provider Name="Microsoft-Windows-RemoteDesktopServices-RdpCoreTS" Guid="{1139C61B-B549-4251-8ED3-27250A1EDEC8}" />
      <EventID>131</EventID>
      <Version>0</Version>
      <Level>4</Level>
      <Task>4</Task>
      <Opcode>15</Opcode>
      <Keywords>0x4000000000000000</Keywords>
      <TimeCreated SystemTime="2021-12-16T10:19:07.904531900Z" />
      <EventRecordID>40319</EventRecordID>
      <Correlation ActivityID="{F4202E40-DE56-4682-AD3B-0094E6120000}" />
      <Execution ProcessID="816" ThreadID="1532" />
      <Channel>Microsoft-Windows-RemoteDesktopServices-RdpCoreTS/Operational</Channel>
      <Computer>mssql01.offsec.lan</Computer>
      <Security UserID="S-1-5-20" />
    </System>
    <EventData>
      <Data Name="ConnType">TCP</Data>
      <Data Name="ClientIP">10.23.123.11:36318</Data>
    </EventData>
  </Event>
  <Event xmlns="http://schemas.microsoft.com/win/2004/08/events/event">
    <System>
      <Provider Name="Microsoft-Windows-RemoteDesktopServices-RdpCoreTS" Guid="{1139C61B-B549-4251-8ED3-27250A1EDEC8}" />
      <EventID>131</EventID>
      <Version>0</Version>
      <Level>4</Level>
      <Task>4</Task>
      <Opcode>15</Opcode>
      <Keywords>0x4000000000000000</Keywords>
      <TimeCreated SystemTime="2021-12-16T10:19:08.354022900Z" />
      <EventRecordID>25294</EventRecordID>
      <Correlation ActivityID="{F420BFA2-A72E-42CA-BA7F-B03F93110000}" />
      <Execution ProcessID="888" ThreadID="1424" />
      <Channel>Microsoft-Windows-RemoteDesktopServices-RdpCoreTS/Operational</Channel>
      <Computer>prtg-mon.offsec.lan</Computer>
      <Security UserID="S-1-5-20" />
    </System>
    <EventData>
      <Data Name="ConnType">TCP</Data>
      <Data Name="ClientIP">10.23.123.11:53832</Data>
    </EventData>
  </Event>
  <Event xmlns="http://schemas.microsoft.com/win/2004/08/events/event">
    <System>
      <Provider Name="Microsoft-Windows-RemoteDesktopServices-RdpCoreTS" Guid="{1139C61B-B549-4251-8ED3-27250A1EDEC8}" />
      <EventID>131</EventID>
      <Version>0</Version>
      <Level>4</Level>
      <Task>4</Task>
      <Opcode>15</Opcode>
      <Keywords>0x4000000000000000</Keywords>
      <TimeCreated SystemTime="2021-12-16T10:19:08.356364000Z" />
      <EventRecordID>25296</EventRecordID>
      <Correlation ActivityID="{F420D471-5571-4761-9EBB-7A635A150000}" />
      <Execution ProcessID="888" ThreadID="1424" />
      <Channel>Microsoft-Windows-RemoteDesktopServices-RdpCoreTS/Operational</Channel>
      <Computer>prtg-mon.offsec.lan</Computer>
      <Security UserID="S-1-5-20" />
    </System>
    <EventData>
      <Data Name="ConnType">TCP</Data>
      <Data Name="ClientIP">10.23.123.11:53898</Data>
    </EventData>
  </Event>
  <Event xmlns="http://schemas.microsoft.com/win/2004/08/events/event">
    <System>
      <Provider Name="Microsoft-Windows-RemoteDesktopServices-RdpCoreTS" Guid="{1139C61B-B549-4251-8ED3-27250A1EDEC8}" />
      <EventID>131</EventID>
      <Version>0</Version>
      <Level>4</Level>
      <Task>4</Task>
      <Opcode>15</Opcode>
      <Keywords>0x4000000000000000</Keywords>
      <TimeCreated SystemTime="2021-12-16T10:19:08.312759000Z" />
      <EventRecordID>40357</EventRecordID>
      <Correlation ActivityID="{F4206A11-9DB0-435B-A74B-17FF950B0000}" />
      <Execution ProcessID="816" ThreadID="1532" />
      <Channel>Microsoft-Windows-RemoteDesktopServices-RdpCoreTS/Operational</Channel>
      <Computer>mssql01.offsec.lan</Computer>
      <Security UserID="S-1-5-20" />
    </System>
    <EventData>
      <Data Name="ConnType">TCP</Data>
      <Data Name="ClientIP">10.23.123.11:36404</Data>
    </EventData>
  </Event>
  <Event xmlns="http://schemas.microsoft.com/win/2004/08/events/event">
    <System>
      <Provider Name="Microsoft-Windows-RemoteDesktopServices-RdpCoreTS" Guid="{1139C61B-B549-4251-8ED3-27250A1EDEC8}" />
      <EventID>131</EventID>
      <Version>0</Version>
      <Level>4</Level>
      <Task>4</Task>
      <Opcode>15</Opcode>
      <Keywords>0x4000000000000000</Keywords>
      <TimeCreated SystemTime="2021-12-16T10:19:08.325422900Z" />
      <EventRecordID>40362</EventRecordID>
      <Correlation ActivityID="{F4202499-CC4B-4895-877E-20673FB20000}" />
      <Execution ProcessID="816" ThreadID="1532" />
      <Channel>Microsoft-Windows-RemoteDesktopServices-RdpCoreTS/Operational</Channel>
      <Computer>mssql01.offsec.lan</Computer>
      <Security UserID="S-1-5-20" />
    </System>
    <EventData>
      <Data Name="ConnType">TCP</Data>
      <Data Name="ClientIP">10.23.123.11:36366</Data>
    </EventData>
  </Event>
  <Event xmlns="http://schemas.microsoft.com/win/2004/08/events/event">
    <System>
      <Provider Name="Microsoft-Windows-RemoteDesktopServices-RdpCoreTS" Guid="{1139C61B-B549-4251-8ED3-27250A1EDEC8}" />
      <EventID>131</EventID>
      <Version>0</Version>
      <Level>4</Level>
      <Task>4</Task>
      <Opcode>15</Opcode>
      <Keywords>0x4000000000000000</Keywords>
      <TimeCreated SystemTime="2021-12-16T10:19:08.341491300Z" />
      <EventRecordID>40367</EventRecordID>
      <Correlation ActivityID="{F42043C0-20FC-456A-A77A-919DBFCA0000}" />
      <Execution ProcessID="816" ThreadID="1532" />
      <Channel>Microsoft-Windows-RemoteDesktopServices-RdpCoreTS/Operational</Channel>
      <Computer>mssql01.offsec.lan</Computer>
      <Security UserID="S-1-5-20" />
    </System>
    <EventData>
      <Data Name="ConnType">TCP</Data>
      <Data Name="ClientIP">10.23.123.11:36368</Data>
    </EventData>
  </Event>
  <Event xmlns="http://schemas.microsoft.com/win/2004/08/events/event">
    <System>
      <Provider Name="Microsoft-Windows-RemoteDesktopServices-RdpCoreTS" Guid="{1139C61B-B549-4251-8ED3-27250A1EDEC8}" />
      <EventID>131</EventID>
      <Version>0</Version>
      <Level>4</Level>
      <Task>4</Task>
      <Opcode>15</Opcode>
      <Keywords>0x4000000000000000</Keywords>
      <TimeCreated SystemTime="2021-12-16T10:19:08.345141000Z" />
      <EventRecordID>40369</EventRecordID>
      <Correlation ActivityID="{F420F7FE-F284-4E6F-878D-E8B4A5790000}" />
      <Execution ProcessID="816" ThreadID="1532" />
      <Channel>Microsoft-Windows-RemoteDesktopServices-RdpCoreTS/Operational</Channel>
      <Computer>mssql01.offsec.lan</Computer>
      <Security UserID="S-1-5-20" />
    </System>
    <EventData>
      <Data Name="ConnType">TCP</Data>
      <Data Name="ClientIP">10.23.123.11:36434</Data>
    </EventData>
  </Event>
  