<Event xmlns="http://schemas.microsoft.com/win/2004/08/events/event">
    <System>
      <Provider Name="Microsoft-Windows-Security-Auditing" Guid="{54849625-5478-4994-a5ba-3e3b0328c30d}" />
      <EventID>5447</EventID>
      <Version>0</Version>
      <Level>0</Level>
      <Task>13573</Task>
      <Opcode>0</Opcode>
      <Keywords>0x8020000000000000</Keywords>
      <TimeCreated SystemTime="2021-12-09T18:51:10.501229400Z" />
      <EventRecordID>826312</EventRecordID>
      <Correlation />
      <Execution ProcessID="508" ThreadID="472" />
      <Channel>Security</Channel>
      <Computer>FS03.offsec.lan</Computer>
      <Security />
    </System>
    <EventData>
      <Data Name="ProcessId">352</Data>
      <Data Name="UserSid">S-1-5-19</Data>
      <Data Name="UserName">NT AUTHORITY\LOCAL SERVICE</Data>
      <Data Name="ProviderKey">{decc16ca-3f33-4346-be1e-8fb4ae0f3d62}</Data>
      <Data Name="ProviderName">Microsoft Corporation</Data>
      <Data Name="ChangeType">%%16385</Data>
      <Data Name="FilterKey">{174eca1b-391b-49d4-ab46-ebde5f9e3986}</Data>
      <Data Name="FilterName">Remote Scheduled Tasks Management (RPC-EPMAP)</Data>
      <Data Name="FilterType">%%16388</Data>
      <Data Name="FilterId">167426</Data>
      <Data Name="LayerKey">{88bb5dad-76d7-4227-9c71-df0a3ed7be7e}</Data>
      <Data Name="LayerName">ALE Listen v4 Layer</Data>
      <Data Name="LayerId">40</Data>
      <Data Name="Weight">10376293542535364576</Data>
      <Data Name="Conditions">
	Condition ID:	{d78e1e87-8644-4ea5-9437-d809ecefc971}
	Match value:	Equal to
	Condition value:	
    00000000  5c 00 64 00 65 00 76 00-69 00 63 00 65 00 5c 00  \.d.e.v.i.c.e.\.
    00000010  68 00 61 00 72 00 64 00-64 00 69 00 73 00 6b 00  h.a.r.d.d.i.s.k.
    00000020  76 00 6f 00 6c 00 75 00-6d 00 65 00 32 00 5c 00  v.o.l.u.m.e.2.\.
    00000030  77 00 69 00 6e 00 64 00-6f 00 77 00 73 00 5c 00  w.i.n.d.o.w.s.\.
    00000040  73 00 79 00 73 00 74 00-65 00 6d 00 33 00 32 00  s.y.s.t.e.m.3.2.
    00000050  5c 00 73 00 76 00 63 00-68 00 6f 00 73 00 74 00  \.s.v.c.h.o.s.t.
    00000060  2e 00 65 00 78 00 65 00-00 00                    ..e.x.e...


	Condition ID:	{af043a0a-b34d-4f86-979c-c90371af6e66}
	Match value:	Equal to
	Condition value:	
O:SYG:SYD:(A;;CCRC;;;S-1-5-80-979556362-403687129-3954533659-2335141334-1547273080)


	Condition ID:	{0c1ba1af-5765-453f-af22-a8f791ac775b}
	Match value:	Equal to
	Condition value:	0x0087
</Data>
      <Data Name="Action">%%16390</Data>
      <Data Name="CalloutKey">{00000000-0000-0000-0000-000000000000}</Data>
      <Data Name="CalloutName">-</Data>
    </EventData>
  </Event>
  <Event xmlns="http://schemas.microsoft.com/win/2004/08/events/event">
    <System>
      <Provider Name="Microsoft-Windows-Security-Auditing" Guid="{54849625-5478-4994-a5ba-3e3b0328c30d}" />
      <EventID>5447</EventID>
      <Version>0</Version>
      <Level>0</Level>
      <Task>13573</Task>
      <Opcode>0</Opcode>
      <Keywords>0x8020000000000000</Keywords>
      <TimeCreated SystemTime="2021-12-09T18:51:10.501229400Z" />
      <EventRecordID>826313</EventRecordID>
      <Correlation />
      <Execution ProcessID="508" ThreadID="472" />
      <Channel>Security</Channel>
      <Computer>FS03.offsec.lan</Computer>
      <Security />
    </System>
    <EventData>
      <Data Name="ProcessId">352</Data>
      <Data Name="UserSid">S-1-5-19</Data>
      <Data Name="UserName">NT AUTHORITY\LOCAL SERVICE</Data>
      <Data Name="ProviderKey">{decc16ca-3f33-4346-be1e-8fb4ae0f3d62}</Data>
      <Data Name="ProviderName">Microsoft Corporation</Data>
      <Data Name="ChangeType">%%16385</Data>
      <Data Name="FilterKey">{5b8e8e2b-fa32-47be-8e4e-6805567b4b43}</Data>
      <Data Name="FilterName">Remote Scheduled Tasks Management (RPC-EPMAP)</Data>
      <Data Name="FilterType">%%16388</Data>
      <Data Name="FilterId">167427</Data>
      <Data Name="LayerKey">{e1cd9fe7-f4b5-4273-96c0-592e487b8650}</Data>
      <Data Name="LayerName">ALE Receive/Accept v4 Layer</Data>
      <Data Name="LayerId">44</Data>
      <Data Name="Weight">10378405428420673536</Data>
      <Data Name="Conditions">
	Condition ID:	{d78e1e87-8644-4ea5-9437-d809ecefc971}
	Match value:	Equal to
	Condition value:	
    00000000  5c 00 64 00 65 00 76 00-69 00 63 00 65 00 5c 00  \.d.e.v.i.c.e.\.
    00000010  68 00 61 00 72 00 64 00-64 00 69 00 73 00 6b 00  h.a.r.d.d.i.s.k.
    00000020  76 00 6f 00 6c 00 75 00-6d 00 65 00 32 00 5c 00  v.o.l.u.m.e.2.\.
    00000030  77 00 69 00 6e 00 64 00-6f 00 77 00 73 00 5c 00  w.i.n.d.o.w.s.\.
    00000040  73 00 79 00 73 00 74 00-65 00 6d 00 33 00 32 00  s.y.s.t.e.m.3.2.
    00000050  5c 00 73 00 76 00 63 00-68 00 6f 00 73 00 74 00  \.s.v.c.h.o.s.t.
    00000060  2e 00 65 00 78 00 65 00-00 00                    ..e.x.e...


	Condition ID:	{af043a0a-b34d-4f86-979c-c90371af6e66}
	Match value:	Equal to
	Condition value:	
O:SYG:SYD:(A;;CCRC;;;S-1-5-80-979556362-403687129-3954533659-2335141334-1547273080)


	Condition ID:	{0c1ba1af-5765-453f-af22-a8f791ac775b}
	Match value:	Equal to
	Condition value:	0x0087

	Condition ID:	{3971ef2b-623e-4f9a-8cb1-6e79b806b9a7}
	Match value:	Equal to
	Condition value:	0x06
</Data>
      <Data Name="Action">%%16390</Data>
      <Data Name="CalloutKey">{00000000-0000-0000-0000-000000000000}</Data>
      <Data Name="CalloutName">-</Data>
    </EventData>
  </Event>
  <Event xmlns="http://schemas.microsoft.com/win/2004/08/events/event">
    <System>
      <Provider Name="Microsoft-Windows-Security-Auditing" Guid="{54849625-5478-4994-a5ba-3e3b0328c30d}" />
      <EventID>5447</EventID>
      <Version>0</Version>
      <Level>0</Level>
      <Task>13573</Task>
      <Opcode>0</Opcode>
      <Keywords>0x8020000000000000</Keywords>
      <TimeCreated SystemTime="2021-12-09T18:51:10.501229400Z" />
      <EventRecordID>826314</EventRecordID>
      <Correlation />
      <Execution ProcessID="508" ThreadID="472" />
      <Channel>Security</Channel>
      <Computer>FS03.offsec.lan</Computer>
      <Security />
    </System>
    <EventData>
      <Data Name="ProcessId">352</Data>
      <Data Name="UserSid">S-1-5-19</Data>
      <Data Name="UserName">NT AUTHORITY\LOCAL SERVICE</Data>
      <Data Name="ProviderKey">{decc16ca-3f33-4346-be1e-8fb4ae0f3d62}</Data>
      <Data Name="ProviderName">Microsoft Corporation</Data>
      <Data Name="ChangeType">%%16385</Data>
      <Data Name="FilterKey">{d12ee6e6-195a-4352-af10-08245c7466d2}</Data>
      <Data Name="FilterName">Remote Scheduled Tasks Management (RPC-EPMAP)</Data>
      <Data Name="FilterType">%%16388</Data>
      <Data Name="FilterId">167428</Data>
      <Data Name="LayerKey">{7ac9de24-17dd-4814-b4bd-a9fbc95a321b}</Data>
      <Data Name="LayerName">ALE Listen v6 Layer</Data>
      <Data Name="LayerId">42</Data>
      <Data Name="Weight">10376293541528731616</Data>
      <Data Name="Conditions">
	Condition ID:	{d78e1e87-8644-4ea5-9437-d809ecefc971}
	Match value:	Equal to
	Condition value:	
    00000000  5c 00 64 00 65 00 76 00-69 00 63 00 65 00 5c 00  \.d.e.v.i.c.e.\.
    00000010  68 00 61 00 72 00 64 00-64 00 69 00 73 00 6b 00  h.a.r.d.d.i.s.k.
    00000020  76 00 6f 00 6c 00 75 00-6d 00 65 00 32 00 5c 00  v.o.l.u.m.e.2.\.
    00000030  77 00 69 00 6e 00 64 00-6f 00 77 00 73 00 5c 00  w.i.n.d.o.w.s.\.
    00000040  73 00 79 00 73 00 74 00-65 00 6d 00 33 00 32 00  s.y.s.t.e.m.3.2.
    00000050  5c 00 73 00 76 00 63 00-68 00 6f 00 73 00 74 00  \.s.v.c.h.o.s.t.
    00000060  2e 00 65 00 78 00 65 00-00 00                    ..e.x.e...


	Condition ID:	{af043a0a-b34d-4f86-979c-c90371af6e66}
	Match value:	Equal to
	Condition value:	
O:SYG:SYD:(A;;CCRC;;;S-1-5-80-979556362-403687129-3954533659-2335141334-1547273080)


	Condition ID:	{0c1ba1af-5765-453f-af22-a8f791ac775b}
	Match value:	Equal to
	Condition value:	0x0087
</Data>
      <Data Name="Action">%%16390</Data>
      <Data Name="CalloutKey">{00000000-0000-0000-0000-000000000000}</Data>
      <Data Name="CalloutName">-</Data>
    </EventData>
  </Event>
  <Event xmlns="http://schemas.microsoft.com/win/2004/08/events/event">
    <System>
      <Provider Name="Microsoft-Windows-Security-Auditing" Guid="{54849625-5478-4994-a5ba-3e3b0328c30d}" />
      <EventID>5447</EventID>
      <Version>0</Version>
      <Level>0</Level>
      <Task>13573</Task>
      <Opcode>0</Opcode>
      <Keywords>0x8020000000000000</Keywords>
      <TimeCreated SystemTime="2021-12-09T18:51:10.501229400Z" />
      <EventRecordID>826315</EventRecordID>
      <Correlation />
      <Execution ProcessID="508" ThreadID="472" />
      <Channel>Security</Channel>
      <Computer>FS03.offsec.lan</Computer>
      <Security />
    </System>
    <EventData>
      <Data Name="ProcessId">352</Data>
      <Data Name="UserSid">S-1-5-19</Data>
      <Data Name="UserName">NT AUTHORITY\LOCAL SERVICE</Data>
      <Data Name="ProviderKey">{decc16ca-3f33-4346-be1e-8fb4ae0f3d62}</Data>
      <Data Name="ProviderName">Microsoft Corporation</Data>
      <Data Name="ChangeType">%%16385</Data>
      <Data Name="FilterKey">{da18a69c-e02d-4d46-a886-efaa9b08fc48}</Data>
      <Data Name="FilterName">Remote Scheduled Tasks Management (RPC-EPMAP)</Data>
      <Data Name="FilterType">%%16388</Data>
      <Data Name="FilterId">167429</Data>
      <Data Name="LayerKey">{a3b42c97-9f04-4672-b87e-cee9c483257f}</Data>
      <Data Name="LayerName">ALE Receive/Accept v6 Layer</Data>
      <Data Name="LayerId">46</Data>
      <Data Name="Weight">10376540038224674816</Data>
      <Data Name="Conditions">
	Condition ID:	{d78e1e87-8644-4ea5-9437-d809ecefc971}
	Match value:	Equal to
	Condition value:	
    00000000  5c 00 64 00 65 00 76 00-69 00 63 00 65 00 5c 00  \.d.e.v.i.c.e.\.
    00000010  68 00 61 00 72 00 64 00-64 00 69 00 73 00 6b 00  h.a.r.d.d.i.s.k.
    00000020  76 00 6f 00 6c 00 75 00-6d 00 65 00 32 00 5c 00  v.o.l.u.m.e.2.\.
    00000030  77 00 69 00 6e 00 64 00-6f 00 77 00 73 00 5c 00  w.i.n.d.o.w.s.\.
    00000040  73 00 79 00 73 00 74 00-65 00 6d 00 33 00 32 00  s.y.s.t.e.m.3.2.
    00000050  5c 00 73 00 76 00 63 00-68 00 6f 00 73 00 74 00  \.s.v.c.h.o.s.t.
    00000060  2e 00 65 00 78 00 65 00-00 00                    ..e.x.e...


	Condition ID:	{af043a0a-b34d-4f86-979c-c90371af6e66}
	Match value:	Equal to
	Condition value:	
O:SYG:SYD:(A;;CCRC;;;S-1-5-80-979556362-403687129-3954533659-2335141334-1547273080)


	Condition ID:	{0c1ba1af-5765-453f-af22-a8f791ac775b}
	Match value:	Equal to
	Condition value:	0x0087

	Condition ID:	{3971ef2b-623e-4f9a-8cb1-6e79b806b9a7}
	Match value:	Equal to
	Condition value:	0x06
</Data>
      <Data Name="Action">%%16390</Data>
      <Data Name="CalloutKey">{00000000-0000-0000-0000-000000000000}</Data>
      <Data Name="CalloutName">-</Data>
    </EventData>
  </Event>
  <Event xmlns="http://schemas.microsoft.com/win/2004/08/events/event">
    <System>
      <Provider Name="Microsoft-Windows-Security-Auditing" Guid="{54849625-5478-4994-a5ba-3e3b0328c30d}" />
      <EventID>5447</EventID>
      <Version>0</Version>
      <Level>0</Level>
      <Task>13573</Task>
      <Opcode>0</Opcode>
      <Keywords>0x8020000000000000</Keywords>
      <TimeCreated SystemTime="2021-12-09T18:51:10.501229400Z" />
      <EventRecordID>826316</EventRecordID>
      <Correlation />
      <Execution ProcessID="508" ThreadID="472" />
      <Channel>Security</Channel>
      <Computer>FS03.offsec.lan</Computer>
      <Security />
    </System>
    <EventData>
      <Data Name="ProcessId">352</Data>
      <Data Name="UserSid">S-1-5-19</Data>
      <Data Name="UserName">NT AUTHORITY\LOCAL SERVICE</Data>
      <Data Name="ProviderKey">{decc16ca-3f33-4346-be1e-8fb4ae0f3d62}</Data>
      <Data Name="ProviderName">Microsoft Corporation</Data>
      <Data Name="ChangeType">%%16385</Data>
      <Data Name="FilterKey">{630ee1ed-b56a-4ca7-b231-a9d7be98f0f8}</Data>
      <Data Name="FilterName">File and Printer Sharing (Spooler Service - RPC-EPMAP)</Data>
      <Data Name="FilterType">%%16388</Data>
      <Data Name="FilterId">167430</Data>
      <Data Name="LayerKey">{88bb5dad-76d7-4227-9c71-df0a3ed7be7e}</Data>
      <Data Name="LayerName">ALE Listen v4 Layer</Data>
      <Data Name="LayerId">40</Data>
      <Data Name="Weight">10376293542535364512</Data>
      <Data Name="Conditions">
	Condition ID:	{af043a0a-b34d-4f86-979c-c90371af6e66}
	Match value:	Equal to
	Condition value:	
O:SYG:SYD:(A;;CCRC;;;S-1-5-80-979556362-403687129-3954533659-2335141334-1547273080)


	Condition ID:	{0c1ba1af-5765-453f-af22-a8f791ac775b}
	Match value:	Equal to
	Condition value:	0x0087
</Data>
      <Data Name="Action">%%16390</Data>
      <Data Name="CalloutKey">{00000000-0000-0000-0000-000000000000}</Data>
      <Data Name="CalloutName">-</Data>
    </EventData>
  </Event>
  <Event xmlns="http://schemas.microsoft.com/win/2004/08/events/event">
    <System>
      <Provider Name="Microsoft-Windows-Security-Auditing" Guid="{54849625-5478-4994-a5ba-3e3b0328c30d}" />
      <EventID>5447</EventID>
      <Version>0</Version>
      <Level>0</Level>
      <Task>13573</Task>
      <Opcode>0</Opcode>
      <Keywords>0x8020000000000000</Keywords>
      <TimeCreated SystemTime="2021-12-09T18:51:10.501229400Z" />
      <EventRecordID>826317</EventRecordID>
      <Correlation />
      <Execution ProcessID="508" ThreadID="472" />
      <Channel>Security</Channel>
      <Computer>FS03.offsec.lan</Computer>
      <Security />
    </System>
    <EventData>
      <Data Name="ProcessId">352</Data>
      <Data Name="UserSid">S-1-5-19</Data>
      <Data Name="UserName">NT AUTHORITY\LOCAL SERVICE</Data>
      <Data Name="ProviderKey">{decc16ca-3f33-4346-be1e-8fb4ae0f3d62}</Data>
      <Data Name="ProviderName">Microsoft Corporation</Data>
      <Data Name="ChangeType">%%16385</Data>
      <Data Name="FilterKey">{9e92b9ae-0ec9-4190-9797-242df1b42a19}</Data>
      <Data Name="FilterName">File and Printer Sharing (Spooler Service - RPC-EPMAP)</Data>
      <Data Name="FilterType">%%16388</Data>
      <Data Name="FilterId">167431</Data>
      <Data Name="LayerKey">{e1cd9fe7-f4b5-4273-96c0-592e487b8650}</Data>
      <Data Name="LayerName">ALE Receive/Accept v4 Layer</Data>
      <Data Name="LayerId">44</Data>
      <Data Name="Weight">10378404878664859648</Data>
      <Data Name="Conditions">
	Condition ID:	{af043a0a-b34d-4f86-979c-c90371af6e66}
	Match value:	Equal to
	Condition value:	
O:SYG:SYD:(A;;CCRC;;;S-1-5-80-979556362-403687129-3954533659-2335141334-1547273080)


	Condition ID:	{0c1ba1af-5765-453f-af22-a8f791ac775b}
	Match value:	Equal to
	Condition value:	0x0087

	Condition ID:	{3971ef2b-623e-4f9a-8cb1-6e79b806b9a7}
	Match value:	Equal to
	Condition value:	0x06
</Data>
      <Data Name="Action">%%16390</Data>
      <Data Name="CalloutKey">{00000000-0000-0000-0000-000000000000}</Data>
      <Data Name="CalloutName">-</Data>
    </EventData>
  </Event>
  <Event xmlns="http://schemas.microsoft.com/win/2004/08/events/event">
    <System>
      <Provider Name="Microsoft-Windows-Security-Auditing" Guid="{54849625-5478-4994-a5ba-3e3b0328c30d}" />
      <EventID>5447</EventID>
      <Version>0</Version>
      <Level>0</Level>
      <Task>13573</Task>
      <Opcode>0</Opcode>
      <Keywords>0x8020000000000000</Keywords>
      <TimeCreated SystemTime="2021-12-09T18:51:10.501229400Z" />
      <EventRecordID>826318</EventRecordID>
      <Correlation />
      <Execution ProcessID="508" ThreadID="472" />
      <Channel>Security</Channel>
      <Computer>FS03.offsec.lan</Computer>
      <Security />
    </System>
    <EventData>
      <Data Name="ProcessId">352</Data>
      <Data Name="UserSid">S-1-5-19</Data>
      <Data Name="UserName">NT AUTHORITY\LOCAL SERVICE</Data>
      <Data Name="ProviderKey">{decc16ca-3f33-4346-be1e-8fb4ae0f3d62}</Data>
      <Data Name="ProviderName">Microsoft Corporation</Data>
      <Data Name="ChangeType">%%16385</Data>
      <Data Name="FilterKey">{66858577-f42a-404c-9466-2542e96a5010}</Data>
      <Data Name="FilterName">File and Printer Sharing (Spooler Service - RPC-EPMAP)</Data>
      <Data Name="FilterType">%%16388</Data>
      <Data Name="FilterId">167432</Data>
      <Data Name="LayerKey">{7ac9de24-17dd-4814-b4bd-a9fbc95a321b}</Data>
      <Data Name="LayerName">ALE Listen v6 Layer</Data>
      <Data Name="LayerId">42</Data>
      <Data Name="Weight">10376293541528731552</Data>
      <Data Name="Conditions">
	Condition ID:	{af043a0a-b34d-4f86-979c-c90371af6e66}
	Match value:	Equal to
	Condition value:	
O:SYG:SYD:(A;;CCRC;;;S-1-5-80-979556362-403687129-3954533659-2335141334-1547273080)


	Condition ID:	{0c1ba1af-5765-453f-af22-a8f791ac775b}
	Match value:	Equal to
	Condition value:	0x0087
</Data>
      <Data Name="Action">%%16390</Data>
      <Data Name="CalloutKey">{00000000-0000-0000-0000-000000000000}</Data>
      <Data Name="CalloutName">-</Data>
    </EventData>
  </Event>
  <Event xmlns="http://schemas.microsoft.com/win/2004/08/events/event">
    <System>
      <Provider Name="Microsoft-Windows-Security-Auditing" Guid="{54849625-5478-4994-a5ba-3e3b0328c30d}" />
      <EventID>5447</EventID>
      <Version>0</Version>
      <Level>0</Level>
      <Task>13573</Task>
      <Opcode>0</Opcode>
      <Keywords>0x8020000000000000</Keywords>
      <TimeCreated SystemTime="2021-12-09T18:51:10.501229400Z" />
      <EventRecordID>826319</EventRecordID>
      <Correlation />
      <Execution ProcessID="508" ThreadID="472" />
      <Channel>Security</Channel>
      <Computer>FS03.offsec.lan</Computer>
      <Security />
    </System>
    <EventData>
      <Data Name="ProcessId">352</Data>
      <Data Name="UserSid">S-1-5-19</Data>
      <Data Name="UserName">NT AUTHORITY\LOCAL SERVICE</Data>
      <Data Name="ProviderKey">{decc16ca-3f33-4346-be1e-8fb4ae0f3d62}</Data>
      <Data Name="ProviderName">Microsoft Corporation</Data>
      <Data Name="ChangeType">%%16385</Data>
      <Data Name="FilterKey">{6d7cda82-4a38-44de-b2cb-1d68492c80f2}</Data>
      <Data Name="FilterName">File and Printer Sharing (Spooler Service - RPC-EPMAP)</Data>
      <Data Name="FilterType">%%16388</Data>
      <Data Name="FilterId">167433</Data>
      <Data Name="LayerKey">{a3b42c97-9f04-4672-b87e-cee9c483257f}</Data>
      <Data Name="LayerName">ALE Receive/Accept v6 Layer</Data>
      <Data Name="LayerId">46</Data>
      <Data Name="Weight">10376539900785721344</Data>
      <Data Name="Conditions">
	Condition ID:	{af043a0a-b34d-4f86-979c-c90371af6e66}
	Match value:	Equal to
	Condition value:	
O:SYG:SYD:(A;;CCRC;;;S-1-5-80-979556362-403687129-3954533659-2335141334-1547273080)


	Condition ID:	{0c1ba1af-5765-453f-af22-a8f791ac775b}
	Match value:	Equal to
	Condition value:	0x0087

	Condition ID:	{3971ef2b-623e-4f9a-8cb1-6e79b806b9a7}
	Match value:	Equal to
	Condition value:	0x06
</Data>
      <Data Name="Action">%%16390</Data>
      <Data Name="CalloutKey">{00000000-0000-0000-0000-000000000000}</Data>
      <Data Name="CalloutName">-</Data>
    </EventData>
  </Event>
  <Event xmlns="http://schemas.microsoft.com/win/2004/08/events/event">
    <System>
      <Provider Name="Microsoft-Windows-Security-Auditing" Guid="{54849625-5478-4994-a5ba-3e3b0328c30d}" />
      <EventID>4688</EventID>
      <Version>2</Version>
      <Level>0</Level>
      <Task>13312</Task>
      <Opcode>0</Opcode>
      <Keywords>0x8020000000000000</Keywords>
      <TimeCreated SystemTime="2021-12-09T18:51:16.683261000Z" />
      <EventRecordID>826320</EventRecordID>
      <Correlation />
      <Execution ProcessID="4" ThreadID="1184" />
      <Channel>Security</Channel>
      <Computer>FS03.offsec.lan</Computer>
      <Security />
    </System>
    <EventData>
      <Data Name="SubjectUserSid">S-1-5-18</Data>
      <Data Name="SubjectUserName">FS03$</Data>
      <Data Name="SubjectDomainName">OFFSEC</Data>
      <Data Name="SubjectLogonId">0x3e7</Data>
      <Data Name="NewProcessId">0x9e8</Data>
      <Data Name="NewProcessName">C:\Windows\System32\dllhost.exe</Data>
      <Data Name="TokenElevationType">%%1937</Data>
      <Data Name="ProcessId">0x244</Data>
      <Data Name="CommandLine">C:\Windows\system32\DllHost.exe /Processid:{AB8902B4-09CA-4BB6-B78D-A8F59079A8D5}</Data>
      <Data Name="TargetUserSid">S-1-5-21-4230534742-2542757381-3142984815-1111</Data>
      <Data Name="TargetUserName">admmig</Data>
      <Data Name="TargetDomainName">OFFSEC</Data>
      <Data Name="TargetLogonId">0x29ef899</Data>
    </EventData>
  </Event>
</root>