<Event xmlns="http://schemas.microsoft.com/win/2004/08/events/event">
    <System>
      <Provider Name="Microsoft-Windows-Security-Auditing" Guid="{54849625-5478-4994-a5ba-3e3b0328c30d}" />
      <EventID>4674</EventID>
      <Version>0</Version>
      <Level>0</Level>
      <Task>13056</Task>
      <Opcode>0</Opcode>
      <Keywords>0x8020000000000000</Keywords>
      <TimeCreated SystemTime="2021-12-09T18:50:56.271203000Z" />
      <EventRecordID>826283</EventRecordID>
      <Correlation />
      <Execution ProcessID="508" ThreadID="516" />
      <Channel>Security</Channel>
      <Computer>FS03.offsec.lan</Computer>
      <Security />
    </System>
    <EventData>
      <Data Name="SubjectUserSid">S-1-5-21-4230534742-2542757381-3142984815-1234</Data>
      <Data Name="SubjectUserName">hack1</Data>
      <Data Name="SubjectDomainName">OFFSEC</Data>
      <Data Name="SubjectLogonId">0x2a2d532</Data>
      <Data Name="ObjectServer">Security</Data>
      <Data Name="ObjectType">-</Data>
      <Data Name="ObjectName">-</Data>
      <Data Name="HandleId">0x26c</Data>
      <Data Name="AccessMask">917513</Data>
      <Data Name="PrivilegeList">SeTakeOwnershipPrivilege</Data>
      <Data Name="ProcessId">0x560</Data>
      <Data Name="ProcessName">C:\Windows\System32\wbem\WmiPrvSE.exe</Data>
    </EventData>
  </Event>
  <Event xmlns="http://schemas.microsoft.com/win/2004/08/events/event">
    <System>
      <Provider Name="Microsoft-Windows-Security-Auditing" Guid="{54849625-5478-4994-a5ba-3e3b0328c30d}" />
      <EventID>4674</EventID>
      <Version>0</Version>
      <Level>0</Level>
      <Task>13056</Task>
      <Opcode>0</Opcode>
      <Keywords>0x8020000000000000</Keywords>
      <TimeCreated SystemTime="2021-12-09T18:50:56.271203000Z" />
      <EventRecordID>826284</EventRecordID>
      <Correlation />
      <Execution ProcessID="508" ThreadID="516" />
      <Channel>Security</Channel>
      <Computer>FS03.offsec.lan</Computer>
      <Security />
    </System>
    <EventData>
      <Data Name="SubjectUserSid">S-1-5-21-4230534742-2542757381-3142984815-1234</Data>
      <Data Name="SubjectUserName">hack1</Data>
      <Data Name="SubjectDomainName">OFFSEC</Data>
      <Data Name="SubjectLogonId">0x2a2d532</Data>
      <Data Name="ObjectServer">Security</Data>
      <Data Name="ObjectType">Key</Data>
      <Data Name="ObjectName">\REGISTRY\MACHINE\SAM\SAM\DOMAINS\Account\Users\000001F5</Data>
      <Data Name="HandleId">0x26c</Data>
      <Data Name="AccessMask">%%1538
				%%1539
				%%1540
				%%4432
				%%4435
				</Data>
      <Data Name="PrivilegeList">SeTakeOwnershipPrivilege</Data>
      <Data Name="ProcessId">0x560</Data>
      <Data Name="ProcessName">C:\Windows\System32\wbem\WmiPrvSE.exe</Data>
    </EventData>
  </Event>
  <Event xmlns="http://schemas.microsoft.com/win/2004/08/events/event">
    <System>
      <Provider Name="Microsoft-Windows-Security-Auditing" Guid="{54849625-5478-4994-a5ba-3e3b0328c30d}" />
      <EventID>4674</EventID>
      <Version>0</Version>
      <Level>0</Level>
      <Task>13056</Task>
      <Opcode>0</Opcode>
      <Keywords>0x8020000000000000</Keywords>
      <TimeCreated SystemTime="2021-12-09T18:50:56.271203000Z" />
      <EventRecordID>826285</EventRecordID>
      <Correlation />
      <Execution ProcessID="508" ThreadID="516" />
      <Channel>Security</Channel>
      <Computer>FS03.offsec.lan</Computer>
      <Security />
    </System>
    <EventData>
      <Data Name="SubjectUserSid">S-1-5-21-4230534742-2542757381-3142984815-1234</Data>
      <Data Name="SubjectUserName">hack1</Data>
      <Data Name="SubjectDomainName">OFFSEC</Data>
      <Data Name="SubjectLogonId">0x2a2d532</Data>
      <Data Name="ObjectServer">Security</Data>
      <Data Name="ObjectType">-</Data>
      <Data Name="ObjectName">-</Data>
      <Data Name="HandleId">0x26c</Data>
      <Data Name="AccessMask">917513</Data>
      <Data Name="PrivilegeList">SeTakeOwnershipPrivilege</Data>
      <Data Name="ProcessId">0x560</Data>
      <Data Name="ProcessName">C:\Windows\System32\wbem\WmiPrvSE.exe</Data>
    </EventData>
  </Event>
  <Event xmlns="http://schemas.microsoft.com/win/2004/08/events/event">
    <System>
      <Provider Name="Microsoft-Windows-Security-Auditing" Guid="{54849625-5478-4994-a5ba-3e3b0328c30d}" />
      <EventID>4674</EventID>
      <Version>0</Version>
      <Level>0</Level>
      <Task>13056</Task>
      <Opcode>0</Opcode>
      <Keywords>0x8020000000000000</Keywords>
      <TimeCreated SystemTime="2021-12-09T18:50:56.271203000Z" />
      <EventRecordID>826286</EventRecordID>
      <Correlation />
      <Execution ProcessID="508" ThreadID="516" />
      <Channel>Security</Channel>
      <Computer>FS03.offsec.lan</Computer>
      <Security />
    </System>
    <EventData>
      <Data Name="SubjectUserSid">S-1-5-21-4230534742-2542757381-3142984815-1234</Data>
      <Data Name="SubjectUserName">hack1</Data>
      <Data Name="SubjectDomainName">OFFSEC</Data>
      <Data Name="SubjectLogonId">0x2a2d532</Data>
      <Data Name="ObjectServer">Security</Data>
      <Data Name="ObjectType">Key</Data>
      <Data Name="ObjectName">\REGISTRY\MACHINE\SAM\SAM\DOMAINS\Account\Users\000003EA</Data>
      <Data Name="HandleId">0x26c</Data>
      <Data Name="AccessMask">%%1538
				%%1539
				%%1540
				%%4432
				%%4435
				</Data>
      <Data Name="PrivilegeList">SeTakeOwnershipPrivilege</Data>
      <Data Name="ProcessId">0x560</Data>
      <Data Name="ProcessName">C:\Windows\System32\wbem\WmiPrvSE.exe</Data>
    </EventData>
  </Event>
  <Event xmlns="http://schemas.microsoft.com/win/2004/08/events/event">
    <System>
      <Provider Name="Microsoft-Windows-Security-Auditing" Guid="{54849625-5478-4994-a5ba-3e3b0328c30d}" />
      <EventID>4674</EventID>
      <Version>0</Version>
      <Level>0</Level>
      <Task>13056</Task>
      <Opcode>0</Opcode>
      <Keywords>0x8020000000000000</Keywords>
      <TimeCreated SystemTime="2021-12-09T18:50:56.271203000Z" />
      <EventRecordID>826287</EventRecordID>
      <Correlation />
      <Execution ProcessID="508" ThreadID="516" />
      <Channel>Security</Channel>
      <Computer>FS03.offsec.lan</Computer>
      <Security />
    </System>
    <EventData>
      <Data Name="SubjectUserSid">S-1-5-21-4230534742-2542757381-3142984815-1234</Data>
      <Data Name="SubjectUserName">hack1</Data>
      <Data Name="SubjectDomainName">OFFSEC</Data>
      <Data Name="SubjectLogonId">0x2a2d532</Data>
      <Data Name="ObjectServer">Security</Data>
      <Data Name="ObjectType">-</Data>
      <Data Name="ObjectName">-</Data>
      <Data Name="HandleId">0x26c</Data>
      <Data Name="AccessMask">917513</Data>
      <Data Name="PrivilegeList">SeTakeOwnershipPrivilege</Data>
      <Data Name="ProcessId">0x560</Data>
      <Data Name="ProcessName">C:\Windows\System32\wbem\WmiPrvSE.exe</Data>
    </EventData>
  </Event>
  <Event xmlns="http://schemas.microsoft.com/win/2004/08/events/event">
    <System>
      <Provider Name="Microsoft-Windows-Security-Auditing" Guid="{54849625-5478-4994-a5ba-3e3b0328c30d}" />
      <EventID>4674</EventID>
      <Version>0</Version>
      <Level>0</Level>
      <Task>13056</Task>
      <Opcode>0</Opcode>
      <Keywords>0x8020000000000000</Keywords>
      <TimeCreated SystemTime="2021-12-09T18:50:56.271203000Z" />
      <EventRecordID>826288</EventRecordID>
      <Correlation />
      <Execution ProcessID="508" ThreadID="516" />
      <Channel>Security</Channel>
      <Computer>FS03.offsec.lan</Computer>
      <Security />
    </System>
    <EventData>
      <Data Name="SubjectUserSid">S-1-5-21-4230534742-2542757381-3142984815-1234</Data>
      <Data Name="SubjectUserName">hack1</Data>
      <Data Name="SubjectDomainName">OFFSEC</Data>
      <Data Name="SubjectLogonId">0x2a2d532</Data>
      <Data Name="ObjectServer">Security</Data>
      <Data Name="ObjectType">Key</Data>
      <Data Name="ObjectName">\REGISTRY\MACHINE\SAM\SAM\DOMAINS\Account\Users\000003EB</Data>
      <Data Name="HandleId">0x26c</Data>
      <Data Name="AccessMask">%%1538
				%%1539
				%%1540
				%%4432
				%%4435
				</Data>
      <Data Name="PrivilegeList">SeTakeOwnershipPrivilege</Data>
      <Data Name="ProcessId">0x560</Data>
      <Data Name="ProcessName">C:\Windows\System32\wbem\WmiPrvSE.exe</Data>
    </EventData>
  </Event>
  <Event xmlns="http://schemas.microsoft.com/win/2004/08/events/event">
    <System>
      <Provider Name="Microsoft-Windows-Security-Auditing" Guid="{54849625-5478-4994-a5ba-3e3b0328c30d}" />
      <EventID>4674</EventID>
      <Version>0</Version>
      <Level>0</Level>
      <Task>13056</Task>
      <Opcode>0</Opcode>
      <Keywords>0x8020000000000000</Keywords>
      <TimeCreated SystemTime="2021-12-09T18:50:56.271203000Z" />
      <EventRecordID>826289</EventRecordID>
      <Correlation />
      <Execution ProcessID="508" ThreadID="516" />
      <Channel>Security</Channel>
      <Computer>FS03.offsec.lan</Computer>
      <Security />
    </System>
    <EventData>
      <Data Name="SubjectUserSid">S-1-5-21-4230534742-2542757381-3142984815-1234</Data>
      <Data Name="SubjectUserName">hack1</Data>
      <Data Name="SubjectDomainName">OFFSEC</Data>
      <Data Name="SubjectLogonId">0x2a2d532</Data>
      <Data Name="ObjectServer">Security</Data>
      <Data Name="ObjectType">-</Data>
      <Data Name="ObjectName">-</Data>
      <Data Name="HandleId">0x26c</Data>
      <Data Name="AccessMask">917513</Data>
      <Data Name="PrivilegeList">SeTakeOwnershipPrivilege</Data>
      <Data Name="ProcessId">0x560</Data>
      <Data Name="ProcessName">C:\Windows\System32\wbem\WmiPrvSE.exe</Data>
    </EventData>
  </Event>
  <Event xmlns="http://schemas.microsoft.com/win/2004/08/events/event">
    <System>
      <Provider Name="Microsoft-Windows-Security-Auditing" Guid="{54849625-5478-4994-a5ba-3e3b0328c30d}" />
      <EventID>4674</EventID>
      <Version>0</Version>
      <Level>0</Level>
      <Task>13056</Task>
      <Opcode>0</Opcode>
      <Keywords>0x8020000000000000</Keywords>
      <TimeCreated SystemTime="2021-12-09T18:50:56.271203000Z" />
      <EventRecordID>826290</EventRecordID>
      <Correlation />
      <Execution ProcessID="508" ThreadID="516" />
      <Channel>Security</Channel>
      <Computer>FS03.offsec.lan</Computer>
      <Security />
    </System>
    <EventData>
      <Data Name="SubjectUserSid">S-1-5-21-4230534742-2542757381-3142984815-1234</Data>
      <Data Name="SubjectUserName">hack1</Data>
      <Data Name="SubjectDomainName">OFFSEC</Data>
      <Data Name="SubjectLogonId">0x2a2d532</Data>
      <Data Name="ObjectServer">Security</Data>
      <Data Name="ObjectType">Key</Data>
      <Data Name="ObjectName">\REGISTRY\MACHINE\SAM\SAM\DOMAINS\Account\Users\000003EC</Data>
      <Data Name="HandleId">0x26c</Data>
      <Data Name="AccessMask">%%1538
				%%1539
				%%1540
				%%4432
				%%4435
				</Data>
      <Data Name="PrivilegeList">SeTakeOwnershipPrivilege</Data>
      <Data Name="ProcessId">0x560</Data>
      <Data Name="ProcessName">C:\Windows\System32\wbem\WmiPrvSE.exe</Data>
    </EventData>
  </Event>
  <Event xmlns="http://schemas.microsoft.com/win/2004/08/events/event">
    <System>
      <Provider Name="Microsoft-Windows-Security-Auditing" Guid="{54849625-5478-4994-a5ba-3e3b0328c30d}" />
      <EventID>4674</EventID>
      <Version>0</Version>
      <Level>0</Level>
      <Task>13056</Task>
      <Opcode>0</Opcode>
      <Keywords>0x8020000000000000</Keywords>
      <TimeCreated SystemTime="2021-12-09T18:50:56.271203000Z" />
      <EventRecordID>826291</EventRecordID>
      <Correlation />
      <Execution ProcessID="508" ThreadID="516" />
      <Channel>Security</Channel>
      <Computer>FS03.offsec.lan</Computer>
      <Security />
    </System>
    <EventData>
      <Data Name="SubjectUserSid">S-1-5-21-4230534742-2542757381-3142984815-1234</Data>
      <Data Name="SubjectUserName">hack1</Data>
      <Data Name="SubjectDomainName">OFFSEC</Data>
      <Data Name="SubjectLogonId">0x2a2d532</Data>
      <Data Name="ObjectServer">Security</Data>
      <Data Name="ObjectType">-</Data>
      <Data Name="ObjectName">-</Data>
      <Data Name="HandleId">0x26c</Data>
      <Data Name="AccessMask">917513</Data>
      <Data Name="PrivilegeList">SeTakeOwnershipPrivilege</Data>
      <Data Name="ProcessId">0x560</Data>
      <Data Name="ProcessName">C:\Windows\System32\wbem\WmiPrvSE.exe</Data>
    </EventData>
  </Event>
  <Event xmlns="http://schemas.microsoft.com/win/2004/08/events/event">
    <System>
      <Provider Name="Microsoft-Windows-Security-Auditing" Guid="{54849625-5478-4994-a5ba-3e3b0328c30d}" />
      <EventID>4674</EventID>
      <Version>0</Version>
      <Level>0</Level>
      <Task>13056</Task>
      <Opcode>0</Opcode>
      <Keywords>0x8020000000000000</Keywords>
      <TimeCreated SystemTime="2021-12-09T18:50:56.271203000Z" />
      <EventRecordID>826292</EventRecordID>
      <Correlation />
      <Execution ProcessID="508" ThreadID="516" />
      <Channel>Security</Channel>
      <Computer>FS03.offsec.lan</Computer>
      <Security />
    </System>
    <EventData>
      <Data Name="SubjectUserSid">S-1-5-21-4230534742-2542757381-3142984815-1234</Data>
      <Data Name="SubjectUserName">hack1</Data>
      <Data Name="SubjectDomainName">OFFSEC</Data>
      <Data Name="SubjectLogonId">0x2a2d532</Data>
      <Data Name="ObjectServer">Security</Data>
      <Data Name="ObjectType">Key</Data>
      <Data Name="ObjectName">\REGISTRY\MACHINE\SAM\SAM\DOMAINS\Account\Users\Names</Data>
      <Data Name="HandleId">0x26c</Data>
      <Data Name="AccessMask">%%1538
				%%1539
				%%1540
				%%4432
				%%4435
				</Data>
      <Data Name="PrivilegeList">SeTakeOwnershipPrivilege</Data>
      <Data Name="ProcessId">0x560</Data>
      <Data Name="ProcessName">C:\Windows\System32\wbem\WmiPrvSE.exe</Data>
    </EventData>
  </Event>
  <Event xmlns="http://schemas.microsoft.com/win/2004/08/events/event">
    <System>
      <Provider Name="Microsoft-Windows-Security-Auditing" Guid="{54849625-5478-4994-a5ba-3e3b0328c30d}" />
      <EventID>4674</EventID>
      <Version>0</Version>
      <Level>0</Level>
      <Task>13056</Task>
      <Opcode>0</Opcode>
      <Keywords>0x8020000000000000</Keywords>
      <TimeCreated SystemTime="2021-12-09T18:50:56.271203000Z" />
      <EventRecordID>826293</EventRecordID>
      <Correlation />
      <Execution ProcessID="508" ThreadID="516" />
      <Channel>Security</Channel>
      <Computer>FS03.offsec.lan</Computer>
      <Security />
    </System>
    <EventData>
      <Data Name="SubjectUserSid">S-1-5-21-4230534742-2542757381-3142984815-1234</Data>
      <Data Name="SubjectUserName">hack1</Data>
      <Data Name="SubjectDomainName">OFFSEC</Data>
      <Data Name="SubjectLogonId">0x2a2d532</Data>
      <Data Name="ObjectServer">Security</Data>
      <Data Name="ObjectType">-</Data>
      <Data Name="ObjectName">-</Data>
      <Data Name="HandleId">0x26c</Data>
      <Data Name="AccessMask">917513</Data>
      <Data Name="PrivilegeList">SeTakeOwnershipPrivilege</Data>
      <Data Name="ProcessId">0x560</Data>
      <Data Name="ProcessName">C:\Windows\System32\wbem\WmiPrvSE.exe</Data>
    </EventData>
  </Event>
  <Event xmlns="http://schemas.microsoft.com/win/2004/08/events/event">
    <System>
      <Provider Name="Microsoft-Windows-Security-Auditing" Guid="{54849625-5478-4994-a5ba-3e3b0328c30d}" />
      <EventID>4674</EventID>
      <Version>0</Version>
      <Level>0</Level>
      <Task>13056</Task>
      <Opcode>0</Opcode>
      <Keywords>0x8020000000000000</Keywords>
      <TimeCreated SystemTime="2021-12-09T18:50:56.271203000Z" />
      <EventRecordID>826294</EventRecordID>
      <Correlation />
      <Execution ProcessID="508" ThreadID="516" />
      <Channel>Security</Channel>
      <Computer>FS03.offsec.lan</Computer>
      <Security />
    </System>
    <EventData>
      <Data Name="SubjectUserSid">S-1-5-21-4230534742-2542757381-3142984815-1234</Data>
      <Data Name="SubjectUserName">hack1</Data>
      <Data Name="SubjectDomainName">OFFSEC</Data>
      <Data Name="SubjectLogonId">0x2a2d532</Data>
      <Data Name="ObjectServer">Security</Data>
      <Data Name="ObjectType">Key</Data>
      <Data Name="ObjectName">\REGISTRY\MACHINE\SAM\SAM\DOMAINS\Account\Users\Names\Administrator</Data>
      <Data Name="HandleId">0x288</Data>
      <Data Name="AccessMask">%%1538
				%%1539
				%%1540
				%%4432
				%%4435
				</Data>
      <Data Name="PrivilegeList">SeTakeOwnershipPrivilege</Data>
      <Data Name="ProcessId">0x560</Data>
      <Data Name="ProcessName">C:\Windows\System32\wbem\WmiPrvSE.exe</Data>
    </EventData>
  </Event>
  <Event xmlns="http://schemas.microsoft.com/win/2004/08/events/event">
    <System>
      <Provider Name="Microsoft-Windows-Security-Auditing" Guid="{54849625-5478-4994-a5ba-3e3b0328c30d}" />
      <EventID>4674</EventID>
      <Version>0</Version>
      <Level>0</Level>
      <Task>13056</Task>
      <Opcode>0</Opcode>
      <Keywords>0x8020000000000000</Keywords>
      <TimeCreated SystemTime="2021-12-09T18:50:56.271203000Z" />
      <EventRecordID>826295</EventRecordID>
      <Correlation />
      <Execution ProcessID="508" ThreadID="516" />
      <Channel>Security</Channel>
      <Computer>FS03.offsec.lan</Computer>
      <Security />
    </System>
    <EventData>
      <Data Name="SubjectUserSid">S-1-5-21-4230534742-2542757381-3142984815-1234</Data>
      <Data Name="SubjectUserName">hack1</Data>
      <Data Name="SubjectDomainName">OFFSEC</Data>
      <Data Name="SubjectLogonId">0x2a2d532</Data>
      <Data Name="ObjectServer">Security</Data>
      <Data Name="ObjectType">-</Data>
      <Data Name="ObjectName">-</Data>
      <Data Name="HandleId">0x288</Data>
      <Data Name="AccessMask">917513</Data>
      <Data Name="PrivilegeList">SeTakeOwnershipPrivilege</Data>
      <Data Name="ProcessId">0x560</Data>
      <Data Name="ProcessName">C:\Windows\System32\wbem\WmiPrvSE.exe</Data>
    </EventData>
  </Event>
  <Event xmlns="http://schemas.microsoft.com/win/2004/08/events/event">
    <System>
      <Provider Name="Microsoft-Windows-Security-Auditing" Guid="{54849625-5478-4994-a5ba-3e3b0328c30d}" />
      <EventID>4674</EventID>
      <Version>0</Version>
      <Level>0</Level>
      <Task>13056</Task>
      <Opcode>0</Opcode>
      <Keywords>0x8020000000000000</Keywords>
      <TimeCreated SystemTime="2021-12-09T18:50:56.271203000Z" />
      <EventRecordID>826296</EventRecordID>
      <Correlation />
      <Execution ProcessID="508" ThreadID="516" />
      <Channel>Security</Channel>
      <Computer>FS03.offsec.lan</Computer>
      <Security />
    </System>
    <EventData>
      <Data Name="SubjectUserSid">S-1-5-21-4230534742-2542757381-3142984815-1234</Data>
      <Data Name="SubjectUserName">hack1</Data>
      <Data Name="SubjectDomainName">OFFSEC</Data>
      <Data Name="SubjectLogonId">0x2a2d532</Data>
      <Data Name="ObjectServer">Security</Data>
      <Data Name="ObjectType">Key</Data>
      <Data Name="ObjectName">\REGISTRY\MACHINE\SAM\SAM\DOMAINS\Account\Users\Names\Guest</Data>
      <Data Name="HandleId">0x288</Data>
      <Data Name="AccessMask">%%1538
				%%1539
				%%1540
				%%4432
				%%4435
				</Data>
      <Data Name="PrivilegeList">SeTakeOwnershipPrivilege</Data>
      <Data Name="ProcessId">0x560</Data>
      <Data Name="ProcessName">C:\Windows\System32\wbem\WmiPrvSE.exe</Data>
    </EventData>
  </Event>
  <Event xmlns="http://schemas.microsoft.com/win/2004/08/events/event">
    <System>
      <Provider Name="Microsoft-Windows-Security-Auditing" Guid="{54849625-5478-4994-a5ba-3e3b0328c30d}" />
      <EventID>4674</EventID>
      <Version>0</Version>
      <Level>0</Level>
      <Task>13056</Task>
      <Opcode>0</Opcode>
      <Keywords>0x8020000000000000</Keywords>
      <TimeCreated SystemTime="2021-12-09T18:50:56.271203000Z" />
      <EventRecordID>826297</EventRecordID>
      <Correlation />
      <Execution ProcessID="508" ThreadID="516" />
      <Channel>Security</Channel>
      <Computer>FS03.offsec.lan</Computer>
      <Security />
    </System>
    <EventData>
      <Data Name="SubjectUserSid">S-1-5-21-4230534742-2542757381-3142984815-1234</Data>
      <Data Name="SubjectUserName">hack1</Data>
      <Data Name="SubjectDomainName">OFFSEC</Data>
      <Data Name="SubjectLogonId">0x2a2d532</Data>
      <Data Name="ObjectServer">Security</Data>
      <Data Name="ObjectType">-</Data>
      <Data Name="ObjectName">-</Data>
      <Data Name="HandleId">0x288</Data>
      <Data Name="AccessMask">917513</Data>
      <Data Name="PrivilegeList">SeTakeOwnershipPrivilege</Data>
      <Data Name="ProcessId">0x560</Data>
      <Data Name="ProcessName">C:\Windows\System32\wbem\WmiPrvSE.exe</Data>
    </EventData>
  </Event>
  <Event xmlns="http://schemas.microsoft.com/win/2004/08/events/event">
    <System>
      <Provider Name="Microsoft-Windows-Security-Auditing" Guid="{54849625-5478-4994-a5ba-3e3b0328c30d}" />
      <EventID>4674</EventID>
      <Version>0</Version>
      <Level>0</Level>
      <Task>13056</Task>
      <Opcode>0</Opcode>
      <Keywords>0x8020000000000000</Keywords>
      <TimeCreated SystemTime="2021-12-09T18:50:56.271203000Z" />
      <EventRecordID>826298</EventRecordID>
      <Correlation />
      <Execution ProcessID="508" ThreadID="516" />
      <Channel>Security</Channel>
      <Computer>FS03.offsec.lan</Computer>
      <Security />
    </System>
    <EventData>
      <Data Name="SubjectUserSid">S-1-5-21-4230534742-2542757381-3142984815-1234</Data>
      <Data Name="SubjectUserName">hack1</Data>
      <Data Name="SubjectDomainName">OFFSEC</Data>
      <Data Name="SubjectLogonId">0x2a2d532</Data>
      <Data Name="ObjectServer">Security</Data>
      <Data Name="ObjectType">Key</Data>
      <Data Name="ObjectName">\REGISTRY\MACHINE\SAM\SAM\DOMAINS\Account\Users\Names\toto</Data>
      <Data Name="HandleId">0x288</Data>
      <Data Name="AccessMask">%%1538
				%%1539
				%%1540
				%%4432
				%%4435
				</Data>
      <Data Name="PrivilegeList">SeTakeOwnershipPrivilege</Data>
      <Data Name="ProcessId">0x560</Data>
      <Data Name="ProcessName">C:\Windows\System32\wbem\WmiPrvSE.exe</Data>
    </EventData>
  </Event>
  <Event xmlns="http://schemas.microsoft.com/win/2004/08/events/event">
    <System>
      <Provider Name="Microsoft-Windows-Security-Auditing" Guid="{54849625-5478-4994-a5ba-3e3b0328c30d}" />
      <EventID>4674</EventID>
      <Version>0</Version>
      <Level>0</Level>
      <Task>13056</Task>
      <Opcode>0</Opcode>
      <Keywords>0x8020000000000000</Keywords>
      <TimeCreated SystemTime="2021-12-09T18:50:56.271203000Z" />
      <EventRecordID>826299</EventRecordID>
      <Correlation />
      <Execution ProcessID="508" ThreadID="516" />
      <Channel>Security</Channel>
      <Computer>FS03.offsec.lan</Computer>
      <Security />
    </System>
    <EventData>
      <Data Name="SubjectUserSid">S-1-5-21-4230534742-2542757381-3142984815-1234</Data>
      <Data Name="SubjectUserName">hack1</Data>
      <Data Name="SubjectDomainName">OFFSEC</Data>
      <Data Name="SubjectLogonId">0x2a2d532</Data>
      <Data Name="ObjectServer">Security</Data>
      <Data Name="ObjectType">-</Data>
      <Data Name="ObjectName">-</Data>
      <Data Name="HandleId">0x288</Data>
      <Data Name="AccessMask">917513</Data>
      <Data Name="PrivilegeList">SeTakeOwnershipPrivilege</Data>
      <Data Name="ProcessId">0x560</Data>
      <Data Name="ProcessName">C:\Windows\System32\wbem\WmiPrvSE.exe</Data>
    </EventData>
  </Event>
  <Event xmlns="http://schemas.microsoft.com/win/2004/08/events/event">
    <System>
      <Provider Name="Microsoft-Windows-Security-Auditing" Guid="{54849625-5478-4994-a5ba-3e3b0328c30d}" />
      <EventID>4674</EventID>
      <Version>0</Version>
      <Level>0</Level>
      <Task>13056</Task>
      <Opcode>0</Opcode>
      <Keywords>0x8020000000000000</Keywords>
      <TimeCreated SystemTime="2021-12-09T18:50:56.271203000Z" />
      <EventRecordID>826300</EventRecordID>
      <Correlation />
      <Execution ProcessID="508" ThreadID="516" />
      <Channel>Security</Channel>
      <Computer>FS03.offsec.lan</Computer>
      <Security />
    </System>
    <EventData>
      <Data Name="SubjectUserSid">S-1-5-21-4230534742-2542757381-3142984815-1234</Data>
      <Data Name="SubjectUserName">hack1</Data>
      <Data Name="SubjectDomainName">OFFSEC</Data>
      <Data Name="SubjectLogonId">0x2a2d532</Data>
      <Data Name="ObjectServer">Security</Data>
      <Data Name="ObjectType">Key</Data>
      <Data Name="ObjectName">\REGISTRY\MACHINE\SAM\SAM\DOMAINS\Account\Users\Names\toto2</Data>
      <Data Name="HandleId">0x288</Data>
      <Data Name="AccessMask">%%1538
				%%1539
				%%1540
				%%4432
				%%4435
				</Data>
      <Data Name="PrivilegeList">SeTakeOwnershipPrivilege</Data>
      <Data Name="ProcessId">0x560</Data>
      <Data Name="ProcessName">C:\Windows\System32\wbem\WmiPrvSE.exe</Data>
    </EventData>
  </Event>
  <Event xmlns="http://schemas.microsoft.com/win/2004/08/events/event">
    <System>
      <Provider Name="Microsoft-Windows-Security-Auditing" Guid="{54849625-5478-4994-a5ba-3e3b0328c30d}" />
      <EventID>4674</EventID>
      <Version>0</Version>
      <Level>0</Level>
      <Task>13056</Task>
      <Opcode>0</Opcode>
      <Keywords>0x8020000000000000</Keywords>
      <TimeCreated SystemTime="2021-12-09T18:50:56.271203000Z" />
      <EventRecordID>826301</EventRecordID>
      <Correlation />
      <Execution ProcessID="508" ThreadID="516" />
      <Channel>Security</Channel>
      <Computer>FS03.offsec.lan</Computer>
      <Security />
    </System>
    <EventData>
      <Data Name="SubjectUserSid">S-1-5-21-4230534742-2542757381-3142984815-1234</Data>
      <Data Name="SubjectUserName">hack1</Data>
      <Data Name="SubjectDomainName">OFFSEC</Data>
      <Data Name="SubjectLogonId">0x2a2d532</Data>
      <Data Name="ObjectServer">Security</Data>
      <Data Name="ObjectType">-</Data>
      <Data Name="ObjectName">-</Data>
      <Data Name="HandleId">0x288</Data>
      <Data Name="AccessMask">917513</Data>
      <Data Name="PrivilegeList">SeTakeOwnershipPrivilege</Data>
      <Data Name="ProcessId">0x560</Data>
      <Data Name="ProcessName">C:\Windows\System32\wbem\WmiPrvSE.exe</Data>
    </EventData>
  </Event>
  <Event xmlns="http://schemas.microsoft.com/win/2004/08/events/event">
    <System>
      <Provider Name="Microsoft-Windows-Security-Auditing" Guid="{54849625-5478-4994-a5ba-3e3b0328c30d}" />
      <EventID>4674</EventID>
      <Version>0</Version>
      <Level>0</Level>
      <Task>13056</Task>
      <Opcode>0</Opcode>
      <Keywords>0x8020000000000000</Keywords>
      <TimeCreated SystemTime="2021-12-09T18:50:56.271203000Z" />
      <EventRecordID>826302</EventRecordID>
      <Correlation />
      <Execution ProcessID="508" ThreadID="516" />
      <Channel>Security</Channel>
      <Computer>FS03.offsec.lan</Computer>
      <Security />
    </System>
    <EventData>
      <Data Name="SubjectUserSid">S-1-5-21-4230534742-2542757381-3142984815-1234</Data>
      <Data Name="SubjectUserName">hack1</Data>
      <Data Name="SubjectDomainName">OFFSEC</Data>
      <Data Name="SubjectLogonId">0x2a2d532</Data>
      <Data Name="ObjectServer">Security</Data>
      <Data Name="ObjectType">Key</Data>
      <Data Name="ObjectName">\REGISTRY\MACHINE\SAM\SAM\DOMAINS\Account\Users\Names\toto3</Data>
      <Data Name="HandleId">0x288</Data>
      <Data Name="AccessMask">%%1538
				%%1539
				%%1540
				%%4432
				%%4435
				</Data>
      <Data Name="PrivilegeList">SeTakeOwnershipPrivilege</Data>
      <Data Name="ProcessId">0x560</Data>
      <Data Name="ProcessName">C:\Windows\System32\wbem\WmiPrvSE.exe</Data>
    </EventData>
  </Event>
  <Event xmlns="http://schemas.microsoft.com/win/2004/08/events/event">
    <System>
      <Provider Name="Microsoft-Windows-Security-Auditing" Guid="{54849625-5478-4994-a5ba-3e3b0328c30d}" />
      <EventID>4674</EventID>
      <Version>0</Version>
      <Level>0</Level>
      <Task>13056</Task>
      <Opcode>0</Opcode>
      <Keywords>0x8020000000000000</Keywords>
      <TimeCreated SystemTime="2021-12-09T18:50:56.271203000Z" />
      <EventRecordID>826303</EventRecordID>
      <Correlation />
      <Execution ProcessID="508" ThreadID="516" />
      <Channel>Security</Channel>
      <Computer>FS03.offsec.lan</Computer>
      <Security />
    </System>
    <EventData>
      <Data Name="SubjectUserSid">S-1-5-21-4230534742-2542757381-3142984815-1234</Data>
      <Data Name="SubjectUserName">hack1</Data>
      <Data Name="SubjectDomainName">OFFSEC</Data>
      <Data Name="SubjectLogonId">0x2a2d532</Data>
      <Data Name="ObjectServer">Security</Data>
      <Data Name="ObjectType">-</Data>
      <Data Name="ObjectName">-</Data>
      <Data Name="HandleId">0x288</Data>
      <Data Name="AccessMask">917513</Data>
      <Data Name="PrivilegeList">SeTakeOwnershipPrivilege</Data>
      <Data Name="ProcessId">0x560</Data>
      <Data Name="ProcessName">C:\Windows\System32\wbem\WmiPrvSE.exe</Data>
    </EventData>
  </Event>
  <Event xmlns="http://schemas.microsoft.com/win/2004/08/events/event">
    <System>
      <Provider Name="Microsoft-Windows-Security-Auditing" Guid="{54849625-5478-4994-a5ba-3e3b0328c30d}" />
      <EventID>5447</EventID>
      <Version>0</Version>
      <Level>0</Level>
      <Task>13573</Task>
      <Opcode>0</Opcode>
      <Keywords>0x8020000000000000</Keywords>
      <TimeCreated SystemTime="2021-12-09T18:51:10.501229400Z" />
      <EventRecordID>826304</EventRecordID>
      <Correlation />
      <Execution ProcessID="508" ThreadID="472" />
      <Channel>Security</Channel>
      <Computer>FS03.offsec.lan</Computer>
      <Security />
    </System>
    <EventData>
      <Data Name="ProcessId">352</Data>
      <Data Name="UserSid">S-1-5-19</Data>
      <Data Name="UserName">NT AUTHORITY\LOCAL SERVICE</Data>
      <Data Name="ProviderKey">{decc16ca-3f33-4346-be1e-8fb4ae0f3d62}</Data>
      <Data Name="ProviderName">Microsoft Corporation</Data>
      <Data Name="ChangeType">%%16384</Data>
      <Data Name="FilterKey">{87ab2bd5-9127-439e-9bf4-9d1370f8c8b0}</Data>
      <Data Name="FilterName">Remote Scheduled Tasks Management (RPC-EPMAP)</Data>
      <Data Name="FilterType">%%16388</Data>
      <Data Name="FilterId">167434</Data>
      <Data Name="LayerKey">{88bb5dad-76d7-4227-9c71-df0a3ed7be7e}</Data>
      <Data Name="LayerName">ALE Listen v4 Layer</Data>
      <Data Name="LayerId">40</Data>
      <Data Name="Weight">10376293542535364576</Data>
      <Data Name="Conditions">
	Condition ID:	{d78e1e87-8644-4ea5-9437-d809ecefc971}
	Match value:	Equal to
	Condition value:	
    00000000  5c 00 64 00 65 00 76 00-69 00 63 00 65 00 5c 00  \.d.e.v.i.c.e.\.
    00000010  68 00 61 00 72 00 64 00-64 00 69 00 73 00 6b 00  h.a.r.d.d.i.s.k.
    00000020  76 00 6f 00 6c 00 75 00-6d 00 65 00 32 00 5c 00  v.o.l.u.m.e.2.\.
    00000030  77 00 69 00 6e 00 64 00-6f 00 77 00 73 00 5c 00  w.i.n.d.o.w.s.\.
    00000040  73 00 79 00 73 00 74 00-65 00 6d 00 33 00 32 00  s.y.s.t.e.m.3.2.
    00000050  5c 00 73 00 76 00 63 00-68 00 6f 00 73 00 74 00  \.s.v.c.h.o.s.t.
    00000060  2e 00 65 00 78 00 65 00-00 00                    ..e.x.e...


	Condition ID:	{af043a0a-b34d-4f86-979c-c90371af6e66}
	Match value:	Equal to
	Condition value:	
O:SYG:SYD:(A;;CCRC;;;S-1-5-80-979556362-403687129-3954533659-2335141334-1547273080)


	Condition ID:	{0c1ba1af-5765-453f-af22-a8f791ac775b}
	Match value:	Equal to
	Condition value:	0x0087
</Data>
      <Data Name="Action">%%16390</Data>
      <Data Name="CalloutKey">{00000000-0000-0000-0000-000000000000}</Data>
      <Data Name="CalloutName">-</Data>
    </EventData>
  </Event>
  <Event xmlns="http://schemas.microsoft.com/win/2004/08/events/event">
    <System>
      <Provider Name="Microsoft-Windows-Security-Auditing" Guid="{54849625-5478-4994-a5ba-3e3b0328c30d}" />
      <EventID>5447</EventID>
      <Version>0</Version>
      <Level>0</Level>
      <Task>13573</Task>
      <Opcode>0</Opcode>
      <Keywords>0x8020000000000000</Keywords>
      <TimeCreated SystemTime="2021-12-09T18:51:10.501229400Z" />
      <EventRecordID>826305</EventRecordID>
      <Correlation />
      <Execution ProcessID="508" ThreadID="472" />
      <Channel>Security</Channel>
      <Computer>FS03.offsec.lan</Computer>
      <Security />
    </System>
    <EventData>
      <Data Name="ProcessId">352</Data>
      <Data Name="UserSid">S-1-5-19</Data>
      <Data Name="UserName">NT AUTHORITY\LOCAL SERVICE</Data>
      <Data Name="ProviderKey">{decc16ca-3f33-4346-be1e-8fb4ae0f3d62}</Data>
      <Data Name="ProviderName">Microsoft Corporation</Data>
      <Data Name="ChangeType">%%16384</Data>
      <Data Name="FilterKey">{77a9f5bd-0311-41ba-9037-ad56c03132e1}</Data>
      <Data Name="FilterName">Remote Scheduled Tasks Management (RPC-EPMAP)</Data>
      <Data Name="FilterType">%%16388</Data>
      <Data Name="FilterId">167435</Data>
      <Data Name="LayerKey">{e1cd9fe7-f4b5-4273-96c0-592e487b8650}</Data>
      <Data Name="LayerName">ALE Receive/Accept v4 Layer</Data>
      <Data Name="LayerId">44</Data>
      <Data Name="Weight">10378405428420673536</Data>
      <Data Name="Conditions">
	Condition ID:	{d78e1e87-8644-4ea5-9437-d809ecefc971}
	Match value:	Equal to
	Condition value:	
    00000000  5c 00 64 00 65 00 76 00-69 00 63 00 65 00 5c 00  \.d.e.v.i.c.e.\.
    00000010  68 00 61 00 72 00 64 00-64 00 69 00 73 00 6b 00  h.a.r.d.d.i.s.k.
    00000020  76 00 6f 00 6c 00 75 00-6d 00 65 00 32 00 5c 00  v.o.l.u.m.e.2.\.
    00000030  77 00 69 00 6e 00 64 00-6f 00 77 00 73 00 5c 00  w.i.n.d.o.w.s.\.
    00000040  73 00 79 00 73 00 74 00-65 00 6d 00 33 00 32 00  s.y.s.t.e.m.3.2.
    00000050  5c 00 73 00 76 00 63 00-68 00 6f 00 73 00 74 00  \.s.v.c.h.o.s.t.
    00000060  2e 00 65 00 78 00 65 00-00 00                    ..e.x.e...


	Condition ID:	{af043a0a-b34d-4f86-979c-c90371af6e66}
	Match value:	Equal to
	Condition value:	
O:SYG:SYD:(A;;CCRC;;;S-1-5-80-979556362-403687129-3954533659-2335141334-1547273080)


	Condition ID:	{0c1ba1af-5765-453f-af22-a8f791ac775b}
	Match value:	Equal to
	Condition value:	0x0087

	Condition ID:	{3971ef2b-623e-4f9a-8cb1-6e79b806b9a7}
	Match value:	Equal to
	Condition value:	0x06
</Data>
      <Data Name="Action">%%16390</Data>
      <Data Name="CalloutKey">{00000000-0000-0000-0000-000000000000}</Data>
      <Data Name="CalloutName">-</Data>
    </EventData>
  </Event>
  <Event xmlns="http://schemas.microsoft.com/win/2004/08/events/event">
    <System>
      <Provider Name="Microsoft-Windows-Security-Auditing" Guid="{54849625-5478-4994-a5ba-3e3b0328c30d}" />
      <EventID>5447</EventID>
      <Version>0</Version>
      <Level>0</Level>
      <Task>13573</Task>
      <Opcode>0</Opcode>
      <Keywords>0x8020000000000000</Keywords>
      <TimeCreated SystemTime="2021-12-09T18:51:10.501229400Z" />
      <EventRecordID>826306</EventRecordID>
      <Correlation />
      <Execution ProcessID="508" ThreadID="472" />
      <Channel>Security</Channel>
      <Computer>FS03.offsec.lan</Computer>
      <Security />
    </System>
    <EventData>
      <Data Name="ProcessId">352</Data>
      <Data Name="UserSid">S-1-5-19</Data>
      <Data Name="UserName">NT AUTHORITY\LOCAL SERVICE</Data>
      <Data Name="ProviderKey">{decc16ca-3f33-4346-be1e-8fb4ae0f3d62}</Data>
      <Data Name="ProviderName">Microsoft Corporation</Data>
      <Data Name="ChangeType">%%16384</Data>
      <Data Name="FilterKey">{81458cb7-40de-49e6-b9ac-27dda381eb95}</Data>
      <Data Name="FilterName">Remote Scheduled Tasks Management (RPC-EPMAP)</Data>
      <Data Name="FilterType">%%16388</Data>
      <Data Name="FilterId">167436</Data>
      <Data Name="LayerKey">{7ac9de24-17dd-4814-b4bd-a9fbc95a321b}</Data>
      <Data Name="LayerName">ALE Listen v6 Layer</Data>
      <Data Name="LayerId">42</Data>
      <Data Name="Weight">10376293541528731616</Data>
      <Data Name="Conditions">
	Condition ID:	{d78e1e87-8644-4ea5-9437-d809ecefc971}
	Match value:	Equal to
	Condition value:	
    00000000  5c 00 64 00 65 00 76 00-69 00 63 00 65 00 5c 00  \.d.e.v.i.c.e.\.
    00000010  68 00 61 00 72 00 64 00-64 00 69 00 73 00 6b 00  h.a.r.d.d.i.s.k.
    00000020  76 00 6f 00 6c 00 75 00-6d 00 65 00 32 00 5c 00  v.o.l.u.m.e.2.\.
    00000030  77 00 69 00 6e 00 64 00-6f 00 77 00 73 00 5c 00  w.i.n.d.o.w.s.\.
    00000040  73 00 79 00 73 00 74 00-65 00 6d 00 33 00 32 00  s.y.s.t.e.m.3.2.
    00000050  5c 00 73 00 76 00 63 00-68 00 6f 00 73 00 74 00  \.s.v.c.h.o.s.t.
    00000060  2e 00 65 00 78 00 65 00-00 00                    ..e.x.e...


	Condition ID:	{af043a0a-b34d-4f86-979c-c90371af6e66}
	Match value:	Equal to
	Condition value:	
O:SYG:SYD:(A;;CCRC;;;S-1-5-80-979556362-403687129-3954533659-2335141334-1547273080)


	Condition ID:	{0c1ba1af-5765-453f-af22-a8f791ac775b}
	Match value:	Equal to
	Condition value:	0x0087
</Data>
      <Data Name="Action">%%16390</Data>
      <Data Name="CalloutKey">{00000000-0000-0000-0000-000000000000}</Data>
      <Data Name="CalloutName">-</Data>
    </EventData>
  </Event>
  <Event xmlns="http://schemas.microsoft.com/win/2004/08/events/event">
    <System>
      <Provider Name="Microsoft-Windows-Security-Auditing" Guid="{54849625-5478-4994-a5ba-3e3b0328c30d}" />
      <EventID>5447</EventID>
      <Version>0</Version>
      <Level>0</Level>
      <Task>13573</Task>
      <Opcode>0</Opcode>
      <Keywords>0x8020000000000000</Keywords>
      <TimeCreated SystemTime="2021-12-09T18:51:10.501229400Z" />
      <EventRecordID>826307</EventRecordID>
      <Correlation />
      <Execution ProcessID="508" ThreadID="472" />
      <Channel>Security</Channel>
      <Computer>FS03.offsec.lan</Computer>
      <Security />
    </System>
    <EventData>
      <Data Name="ProcessId">352</Data>
      <Data Name="UserSid">S-1-5-19</Data>
      <Data Name="UserName">NT AUTHORITY\LOCAL SERVICE</Data>
      <Data Name="ProviderKey">{decc16ca-3f33-4346-be1e-8fb4ae0f3d62}</Data>
      <Data Name="ProviderName">Microsoft Corporation</Data>
      <Data Name="ChangeType">%%16384</Data>
      <Data Name="FilterKey">{32564f21-f4c6-4eda-a75d-8d18b8c47685}</Data>
      <Data Name="FilterName">Remote Scheduled Tasks Management (RPC-EPMAP)</Data>
      <Data Name="FilterType">%%16388</Data>
      <Data Name="FilterId">167437</Data>
      <Data Name="LayerKey">{a3b42c97-9f04-4672-b87e-cee9c483257f}</Data>
      <Data Name="LayerName">ALE Receive/Accept v6 Layer</Data>
      <Data Name="LayerId">46</Data>
      <Data Name="Weight">10376540038224674816</Data>
      <Data Name="Conditions">
	Condition ID:	{d78e1e87-8644-4ea5-9437-d809ecefc971}
	Match value:	Equal to
	Condition value:	
    00000000  5c 00 64 00 65 00 76 00-69 00 63 00 65 00 5c 00  \.d.e.v.i.c.e.\.
    00000010  68 00 61 00 72 00 64 00-64 00 69 00 73 00 6b 00  h.a.r.d.d.i.s.k.
    00000020  76 00 6f 00 6c 00 75 00-6d 00 65 00 32 00 5c 00  v.o.l.u.m.e.2.\.
    00000030  77 00 69 00 6e 00 64 00-6f 00 77 00 73 00 5c 00  w.i.n.d.o.w.s.\.
    00000040  73 00 79 00 73 00 74 00-65 00 6d 00 33 00 32 00  s.y.s.t.e.m.3.2.
    00000050  5c 00 73 00 76 00 63 00-68 00 6f 00 73 00 74 00  \.s.v.c.h.o.s.t.
    00000060  2e 00 65 00 78 00 65 00-00 00                    ..e.x.e...


	Condition ID:	{af043a0a-b34d-4f86-979c-c90371af6e66}
	Match value:	Equal to
	Condition value:	
O:SYG:SYD:(A;;CCRC;;;S-1-5-80-979556362-403687129-3954533659-2335141334-1547273080)


	Condition ID:	{0c1ba1af-5765-453f-af22-a8f791ac775b}
	Match value:	Equal to
	Condition value:	0x0087

	Condition ID:	{3971ef2b-623e-4f9a-8cb1-6e79b806b9a7}
	Match value:	Equal to
	Condition value:	0x06
</Data>
      <Data Name="Action">%%16390</Data>
      <Data Name="CalloutKey">{00000000-0000-0000-0000-000000000000}</Data>
      <Data Name="CalloutName">-</Data>
    </EventData>
  </Event>
  <Event xmlns="http://schemas.microsoft.com/win/2004/08/events/event">
    <System>
      <Provider Name="Microsoft-Windows-Security-Auditing" Guid="{54849625-5478-4994-a5ba-3e3b0328c30d}" />
      <EventID>5447</EventID>
      <Version>0</Version>
      <Level>0</Level>
      <Task>13573</Task>
      <Opcode>0</Opcode>
      <Keywords>0x8020000000000000</Keywords>
      <TimeCreated SystemTime="2021-12-09T18:51:10.501229400Z" />
      <EventRecordID>826308</EventRecordID>
      <Correlation />
      <Execution ProcessID="508" ThreadID="472" />
      <Channel>Security</Channel>
      <Computer>FS03.offsec.lan</Computer>
      <Security />
    </System>
    <EventData>
      <Data Name="ProcessId">352</Data>
      <Data Name="UserSid">S-1-5-19</Data>
      <Data Name="UserName">NT AUTHORITY\LOCAL SERVICE</Data>
      <Data Name="ProviderKey">{decc16ca-3f33-4346-be1e-8fb4ae0f3d62}</Data>
      <Data Name="ProviderName">Microsoft Corporation</Data>
      <Data Name="ChangeType">%%16384</Data>
      <Data Name="FilterKey">{a9b67eb8-3cdb-4c71-9128-507d23667dd1}</Data>
      <Data Name="FilterName">File and Printer Sharing (Spooler Service - RPC-EPMAP)</Data>
      <Data Name="FilterType">%%16388</Data>
      <Data Name="FilterId">167438</Data>
      <Data Name="LayerKey">{88bb5dad-76d7-4227-9c71-df0a3ed7be7e}</Data>
      <Data Name="LayerName">ALE Listen v4 Layer</Data>
      <Data Name="LayerId">40</Data>
      <Data Name="Weight">10376293542535364512</Data>
      <Data Name="Conditions">
	Condition ID:	{af043a0a-b34d-4f86-979c-c90371af6e66}
	Match value:	Equal to
	Condition value:	
O:SYG:SYD:(A;;CCRC;;;S-1-5-80-979556362-403687129-3954533659-2335141334-1547273080)


	Condition ID:	{0c1ba1af-5765-453f-af22-a8f791ac775b}
	Match value:	Equal to
	Condition value:	0x0087
</Data>
      <Data Name="Action">%%16390</Data>
      <Data Name="CalloutKey">{00000000-0000-0000-0000-000000000000}</Data>
      <Data Name="CalloutName">-</Data>
    </EventData>
  </Event>
  <Event xmlns="http://schemas.microsoft.com/win/2004/08/events/event">
    <System>
      <Provider Name="Microsoft-Windows-Security-Auditing" Guid="{54849625-5478-4994-a5ba-3e3b0328c30d}" />
      <EventID>5447</EventID>
      <Version>0</Version>
      <Level>0</Level>
      <Task>13573</Task>
      <Opcode>0</Opcode>
      <Keywords>0x8020000000000000</Keywords>
      <TimeCreated SystemTime="2021-12-09T18:51:10.501229400Z" />
      <EventRecordID>826309</EventRecordID>
      <Correlation />
      <Execution ProcessID="508" ThreadID="472" />
      <Channel>Security</Channel>
      <Computer>FS03.offsec.lan</Computer>
      <Security />
    </System>
    <EventData>
      <Data Name="ProcessId">352</Data>
      <Data Name="UserSid">S-1-5-19</Data>
      <Data Name="UserName">NT AUTHORITY\LOCAL SERVICE</Data>
      <Data Name="ProviderKey">{decc16ca-3f33-4346-be1e-8fb4ae0f3d62}</Data>
      <Data Name="ProviderName">Microsoft Corporation</Data>
      <Data Name="ChangeType">%%16384</Data>
      <Data Name="FilterKey">{2529e6a7-486e-4e9e-93d7-3a023bd46dec}</Data>
      <Data Name="FilterName">File and Printer Sharing (Spooler Service - RPC-EPMAP)</Data>
      <Data Name="FilterType">%%16388</Data>
      <Data Name="FilterId">167439</Data>
      <Data Name="LayerKey">{e1cd9fe7-f4b5-4273-96c0-592e487b8650}</Data>
      <Data Name="LayerName">ALE Receive/Accept v4 Layer</Data>
      <Data Name="LayerId">44</Data>
      <Data Name="Weight">10378404878664859648</Data>
      <Data Name="Conditions">
	Condition ID:	{af043a0a-b34d-4f86-979c-c90371af6e66}
	Match value:	Equal to
	Condition value:	
O:SYG:SYD:(A;;CCRC;;;S-1-5-80-979556362-403687129-3954533659-2335141334-1547273080)


	Condition ID:	{0c1ba1af-5765-453f-af22-a8f791ac775b}
	Match value:	Equal to
	Condition value:	0x0087

	Condition ID:	{3971ef2b-623e-4f9a-8cb1-6e79b806b9a7}
	Match value:	Equal to
	Condition value:	0x06
</Data>
      <Data Name="Action">%%16390</Data>
      <Data Name="CalloutKey">{00000000-0000-0000-0000-000000000000}</Data>
      <Data Name="CalloutName">-</Data>
    </EventData>
  </Event>
  <Event xmlns="http://schemas.microsoft.com/win/2004/08/events/event">
    <System>
      <Provider Name="Microsoft-Windows-Security-Auditing" Guid="{54849625-5478-4994-a5ba-3e3b0328c30d}" />
      <EventID>5447</EventID>
      <Version>0</Version>
      <Level>0</Level>
      <Task>13573</Task>
      <Opcode>0</Opcode>
      <Keywords>0x8020000000000000</Keywords>
      <TimeCreated SystemTime="2021-12-09T18:51:10.501229400Z" />
      <EventRecordID>826310</EventRecordID>
      <Correlation />
      <Execution ProcessID="508" ThreadID="472" />
      <Channel>Security</Channel>
      <Computer>FS03.offsec.lan</Computer>
      <Security />
    </System>
    <EventData>
      <Data Name="ProcessId">352</Data>
      <Data Name="UserSid">S-1-5-19</Data>
      <Data Name="UserName">NT AUTHORITY\LOCAL SERVICE</Data>
      <Data Name="ProviderKey">{decc16ca-3f33-4346-be1e-8fb4ae0f3d62}</Data>
      <Data Name="ProviderName">Microsoft Corporation</Data>
      <Data Name="ChangeType">%%16384</Data>
      <Data Name="FilterKey">{8da8b15c-a808-453e-8865-b15e42beae99}</Data>
      <Data Name="FilterName">File and Printer Sharing (Spooler Service - RPC-EPMAP)</Data>
      <Data Name="FilterType">%%16388</Data>
      <Data Name="FilterId">167440</Data>
      <Data Name="LayerKey">{7ac9de24-17dd-4814-b4bd-a9fbc95a321b}</Data>
      <Data Name="LayerName">ALE Listen v6 Layer</Data>
      <Data Name="LayerId">42</Data>
      <Data Name="Weight">10376293541528731552</Data>
      <Data Name="Conditions">
	Condition ID:	{af043a0a-b34d-4f86-979c-c90371af6e66}
	Match value:	Equal to
	Condition value:	
O:SYG:SYD:(A;;CCRC;;;S-1-5-80-979556362-403687129-3954533659-2335141334-1547273080)


	Condition ID:	{0c1ba1af-5765-453f-af22-a8f791ac775b}
	Match value:	Equal to
	Condition value:	0x0087
</Data>
      <Data Name="Action">%%16390</Data>
      <Data Name="CalloutKey">{00000000-0000-0000-0000-000000000000}</Data>
      <Data Name="CalloutName">-</Data>
    </EventData>
  </Event>
  <Event xmlns="http://schemas.microsoft.com/win/2004/08/events/event">
    <System>
      <Provider Name="Microsoft-Windows-Security-Auditing" Guid="{54849625-5478-4994-a5ba-3e3b0328c30d}" />
      <EventID>5447</EventID>
      <Version>0</Version>
      <Level>0</Level>
      <Task>13573</Task>
      <Opcode>0</Opcode>
      <Keywords>0x8020000000000000</Keywords>
      <TimeCreated SystemTime="2021-12-09T18:51:10.501229400Z" />
      <EventRecordID>826311</EventRecordID>
      <Correlation />
      <Execution ProcessID="508" ThreadID="472" />
      <Channel>Security</Channel>
      <Computer>FS03.offsec.lan</Computer>
      <Security />
    </System>
    <EventData>
      <Data Name="ProcessId">352</Data>
      <Data Name="UserSid">S-1-5-19</Data>
      <Data Name="UserName">NT AUTHORITY\LOCAL SERVICE</Data>
      <Data Name="ProviderKey">{decc16ca-3f33-4346-be1e-8fb4ae0f3d62}</Data>
      <Data Name="ProviderName">Microsoft Corporation</Data>
      <Data Name="ChangeType">%%16384</Data>
      <Data Name="FilterKey">{34847298-a0fa-46a7-86cd-18e15b3e0aa3}</Data>
      <Data Name="FilterName">File and Printer Sharing (Spooler Service - RPC-EPMAP)</Data>
      <Data Name="FilterType">%%16388</Data>
      <Data Name="FilterId">167441</Data>
      <Data Name="LayerKey">{a3b42c97-9f04-4672-b87e-cee9c483257f}</Data>
      <Data Name="LayerName">ALE Receive/Accept v6 Layer</Data>
      <Data Name="LayerId">46</Data>
      <Data Name="Weight">10376539900785721344</Data>
      <Data Name="Conditions">
	Condition ID:	{af043a0a-b34d-4f86-979c-c90371af6e66}
	Match value:	Equal to
	Condition value:	
O:SYG:SYD:(A;;CCRC;;;S-1-5-80-979556362-403687129-3954533659-2335141334-1547273080)


	Condition ID:	{0c1ba1af-5765-453f-af22-a8f791ac775b}
	Match value:	Equal to
	Condition value:	0x0087

	Condition ID:	{3971ef2b-623e-4f9a-8cb1-6e79b806b9a7}
	Match value:	Equal to
	Condition value:	0x06
</Data>
      <Data Name="Action">%%16390</Data>
      <Data Name="CalloutKey">{00000000-0000-0000-0000-000000000000}</Data>
      <Data Name="CalloutName">-</Data>
    </EventData>
  </Event>
  