<root>
  <Event xmlns="http://schemas.microsoft.com/win/2004/08/events/event">
    <System>
      <Provider Name="Microsoft-Windows-Eventlog" Guid="{fc65ddd8-d6ef-4962-83d5-6e5cfe9ce148}" />
      <EventID>1102</EventID>
      <Version>0</Version>
      <Level>4</Level>
      <Task>104</Task>
      <Opcode>0</Opcode>
      <Keywords>0x4020000000000000</Keywords>
      <TimeCreated SystemTime="2021-12-09T18:50:47.980560400Z" />
      <EventRecordID>825497</EventRecordID>
      <Correlation />
      <Execution ProcessID="728" ThreadID="692" />
      <Channel>Security</Channel>
      <Computer>FS03.offsec.lan</Computer>
      <Security />
    </System>
    <UserData>
      <LogFileCleared xmlns="http://manifests.microsoft.com/win/2004/08/windows/eventlog">
        <SubjectUserSid>S-1-5-21-4230534742-2542757381-3142984815-1111</SubjectUserSid>
        <SubjectUserName>admmig</SubjectUserName>
        <SubjectDomainName>OFFSEC</SubjectDomainName>
        <SubjectLogonId>0x29ef899</SubjectLogonId>
      </LogFileCleared>
    </UserData>
  </Event>
  <Event xmlns="http://schemas.microsoft.com/win/2004/08/events/event">
    <System>
      <Provider Name="Microsoft-Windows-Security-Auditing" Guid="{54849625-5478-4994-a5ba-3e3b0328c30d}" />
      <EventID>4672</EventID>
      <Version>0</Version>
      <Level>0</Level>
      <Task>12548</Task>
      <Opcode>0</Opcode>
      <Keywords>0x8020000000000000</Keywords>
      <TimeCreated SystemTime="2021-12-09T18:50:55.333680300Z" />
      <EventRecordID>825498</EventRecordID>
      <Correlation />
      <Execution ProcessID="508" ThreadID="2964" />
      <Channel>Security</Channel>
      <Computer>FS03.offsec.lan</Computer>
      <Security />
    </System>
    <EventData>
      <Data Name="SubjectUserSid">S-1-5-21-4230534742-2542757381-3142984815-1234</Data>
      <Data Name="SubjectUserName">hack1</Data>
      <Data Name="SubjectDomainName">OFFSEC</Data>
      <Data Name="SubjectLogonId">0x2a2d4d5</Data>
      <Data Name="PrivilegeList">SeSecurityPrivilege
			SeBackupPrivilege
			SeRestorePrivilege
			SeTakeOwnershipPrivilege
			SeDebugPrivilege
			SeSystemEnvironmentPrivilege
			SeLoadDriverPrivilege
			SeImpersonatePrivilege</Data>
    </EventData>
  </Event>
  <Event xmlns="http://schemas.microsoft.com/win/2004/08/events/event">
    <System>
      <Provider Name="Microsoft-Windows-Security-Auditing" Guid="{54849625-5478-4994-a5ba-3e3b0328c30d}" />
      <EventID>4624</EventID>
      <Version>1</Version>
      <Level>0</Level>
      <Task>12544</Task>
      <Opcode>0</Opcode>
      <Keywords>0x8020000000000000</Keywords>
      <TimeCreated SystemTime="2021-12-09T18:50:55.349354000Z" />
      <EventRecordID>825499</EventRecordID>
      <Correlation />
      <Execution ProcessID="508" ThreadID="2964" />
      <Channel>Security</Channel>
      <Computer>FS03.offsec.lan</Computer>
      <Security />
    </System>
    <EventData>
      <Data Name="SubjectUserSid">S-1-0-0</Data>
      <Data Name="SubjectUserName">-</Data>
      <Data Name="SubjectDomainName">-</Data>
      <Data Name="SubjectLogonId">0x0</Data>
      <Data Name="TargetUserSid">S-1-5-21-4230534742-2542757381-3142984815-1234</Data>
      <Data Name="TargetUserName">hack1</Data>
      <Data Name="TargetDomainName">OFFSEC</Data>
      <Data Name="TargetLogonId">0x2a2d4d5</Data>
      <Data Name="LogonType">3</Data>
      <Data Name="LogonProcessName">Kerberos</Data>
      <Data Name="AuthenticationPackageName">Kerberos</Data>
      <Data Name="WorkstationName">-</Data>
      <Data Name="LogonGuid">{d47b01a7-9697-93b9-9eca-7a82720a50fa}</Data>
      <Data Name="TransmittedServices">-</Data>
      <Data Name="LmPackageName">-</Data>
      <Data Name="KeyLength">0</Data>
      <Data Name="ProcessId">0x0</Data>
      <Data Name="ProcessName">-</Data>
      <Data Name="IpAddress">10.23.42.38</Data>
      <Data Name="IpPort">54421</Data>
      <Data Name="ImpersonationLevel">%%1833</Data>
    </EventData>
  </Event>
  <Event xmlns="http://schemas.microsoft.com/win/2004/08/events/event">
    <System>
      <Provider Name="Microsoft-Windows-Security-Auditing" Guid="{54849625-5478-4994-a5ba-3e3b0328c30d}" />
      <EventID>4672</EventID>
      <Version>0</Version>
      <Level>0</Level>
      <Task>12548</Task>
      <Opcode>0</Opcode>
      <Keywords>0x8020000000000000</Keywords>
      <TimeCreated SystemTime="2021-12-09T18:50:55.349354000Z" />
      <EventRecordID>825500</EventRecordID>
      <Correlation />
      <Execution ProcessID="508" ThreadID="2964" />
      <Channel>Security</Channel>
      <Computer>FS03.offsec.lan</Computer>
      <Security />
    </System>
    <EventData>
      <Data Name="SubjectUserSid">S-1-5-21-4230534742-2542757381-3142984815-1234</Data>
      <Data Name="SubjectUserName">hack1</Data>
      <Data Name="SubjectDomainName">OFFSEC</Data>
      <Data Name="SubjectLogonId">0x2a2d4ed</Data>
      <Data Name="PrivilegeList">SeSecurityPrivilege
			SeBackupPrivilege
			SeRestorePrivilege
			SeTakeOwnershipPrivilege
			SeDebugPrivilege
			SeSystemEnvironmentPrivilege
			SeLoadDriverPrivilege
			SeImpersonatePrivilege</Data>
    </EventData>
  </Event>
  <Event xmlns="http://schemas.microsoft.com/win/2004/08/events/event">
    <System>
      <Provider Name="Microsoft-Windows-Security-Auditing" Guid="{54849625-5478-4994-a5ba-3e3b0328c30d}" />
      <EventID>4624</EventID>
      <Version>1</Version>
      <Level>0</Level>
      <Task>12544</Task>
      <Opcode>0</Opcode>
      <Keywords>0x8020000000000000</Keywords>
      <TimeCreated SystemTime="2021-12-09T18:50:55.349354000Z" />
      <EventRecordID>825501</EventRecordID>
      <Correlation />
      <Execution ProcessID="508" ThreadID="2964" />
      <Channel>Security</Channel>
      <Computer>FS03.offsec.lan</Computer>
      <Security />
    </System>
    <EventData>
      <Data Name="SubjectUserSid">S-1-0-0</Data>
      <Data Name="SubjectUserName">-</Data>
      <Data Name="SubjectDomainName">-</Data>
      <Data Name="SubjectLogonId">0x0</Data>
      <Data Name="TargetUserSid">S-1-5-21-4230534742-2542757381-3142984815-1234</Data>
      <Data Name="TargetUserName">hack1</Data>
      <Data Name="TargetDomainName">OFFSEC</Data>
      <Data Name="TargetLogonId">0x2a2d4ed</Data>
      <Data Name="LogonType">3</Data>
      <Data Name="LogonProcessName">Kerberos</Data>
      <Data Name="AuthenticationPackageName">Kerberos</Data>
      <Data Name="WorkstationName">-</Data>
      <Data Name="LogonGuid">{d47b01a7-9697-93b9-9eca-7a82720a50fa}</Data>
      <Data Name="TransmittedServices">-</Data>
      <Data Name="LmPackageName">-</Data>
      <Data Name="KeyLength">0</Data>
      <Data Name="ProcessId">0x0</Data>
      <Data Name="ProcessName">-</Data>
      <Data Name="IpAddress">10.23.42.38</Data>
      <Data Name="IpPort">54423</Data>
      <Data Name="ImpersonationLevel">%%1832</Data>
    </EventData>
  </Event>
  <Event xmlns="http://schemas.microsoft.com/win/2004/08/events/event">
    <System>
      <Provider Name="Microsoft-Windows-Security-Auditing" Guid="{54849625-5478-4994-a5ba-3e3b0328c30d}" />
      <EventID>4672</EventID>
      <Version>0</Version>
      <Level>0</Level>
      <Task>12548</Task>
      <Opcode>0</Opcode>
      <Keywords>0x8020000000000000</Keywords>
      <TimeCreated SystemTime="2021-12-09T18:50:55.349354000Z" />
      <EventRecordID>825502</EventRecordID>
      <Correlation />
      <Execution ProcessID="508" ThreadID="2964" />
      <Channel>Security</Channel>
      <Computer>FS03.offsec.lan</Computer>
      <Security />
    </System>
    <EventData>
      <Data Name="SubjectUserSid">S-1-5-21-4230534742-2542757381-3142984815-1234</Data>
      <Data Name="SubjectUserName">hack1</Data>
      <Data Name="SubjectDomainName">OFFSEC</Data>
      <Data Name="SubjectLogonId">0x2a2d4fe</Data>
      <Data Name="PrivilegeList">SeSecurityPrivilege
			SeBackupPrivilege
			SeRestorePrivilege
			SeTakeOwnershipPrivilege
			SeDebugPrivilege
			SeSystemEnvironmentPrivilege
			SeLoadDriverPrivilege
			SeImpersonatePrivilege</Data>
    </EventData>
  </Event>
  <Event xmlns="http://schemas.microsoft.com/win/2004/08/events/event">
    <System>
      <Provider Name="Microsoft-Windows-Security-Auditing" Guid="{54849625-5478-4994-a5ba-3e3b0328c30d}" />
      <EventID>4624</EventID>
      <Version>1</Version>
      <Level>0</Level>
      <Task>12544</Task>
      <Opcode>0</Opcode>
      <Keywords>0x8020000000000000</Keywords>
      <TimeCreated SystemTime="2021-12-09T18:50:55.349354000Z" />
      <EventRecordID>825503</EventRecordID>
      <Correlation />
      <Execution ProcessID="508" ThreadID="2964" />
      <Channel>Security</Channel>
      <Computer>FS03.offsec.lan</Computer>
      <Security />
    </System>
    <EventData>
      <Data Name="SubjectUserSid">S-1-0-0</Data>
      <Data Name="SubjectUserName">-</Data>
      <Data Name="SubjectDomainName">-</Data>
      <Data Name="SubjectLogonId">0x0</Data>
      <Data Name="TargetUserSid">S-1-5-21-4230534742-2542757381-3142984815-1234</Data>
      <Data Name="TargetUserName">hack1</Data>
      <Data Name="TargetDomainName">OFFSEC</Data>
      <Data Name="TargetLogonId">0x2a2d4fe</Data>
      <Data Name="LogonType">3</Data>
      <Data Name="LogonProcessName">Kerberos</Data>
      <Data Name="AuthenticationPackageName">Kerberos</Data>
      <Data Name="WorkstationName">-</Data>
      <Data Name="LogonGuid">{d47b01a7-9697-93b9-9eca-7a82720a50fa}</Data>
      <Data Name="TransmittedServices">-</Data>
      <Data Name="LmPackageName">-</Data>
      <Data Name="KeyLength">0</Data>
      <Data Name="ProcessId">0x0</Data>
      <Data Name="ProcessName">-</Data>
      <Data Name="IpAddress">10.23.42.38</Data>
      <Data Name="IpPort">54423</Data>
      <Data Name="ImpersonationLevel">%%1833</Data>
    </EventData>
  </Event>
  <Event xmlns="http://schemas.microsoft.com/win/2004/08/events/event">
    <System>
      <Provider Name="Microsoft-Windows-Security-Auditing" Guid="{54849625-5478-4994-a5ba-3e3b0328c30d}" />
      <EventID>4672</EventID>
      <Version>0</Version>
      <Level>0</Level>
      <Task>12548</Task>
      <Opcode>0</Opcode>
      <Keywords>0x8020000000000000</Keywords>
      <TimeCreated SystemTime="2021-12-09T18:50:55.349354000Z" />
      <EventRecordID>825504</EventRecordID>
      <Correlation />
      <Execution ProcessID="508" ThreadID="2964" />
      <Channel>Security</Channel>
      <Computer>FS03.offsec.lan</Computer>
      <Security />
    </System>
    <EventData>
      <Data Name="SubjectUserSid">S-1-5-21-4230534742-2542757381-3142984815-1234</Data>
      <Data Name="SubjectUserName">hack1</Data>
      <Data Name="SubjectDomainName">OFFSEC</Data>
      <Data Name="SubjectLogonId">0x2a2d51f</Data>
      <Data Name="PrivilegeList">SeSecurityPrivilege
			SeBackupPrivilege
			SeRestorePrivilege
			SeTakeOwnershipPrivilege
			SeDebugPrivilege
			SeSystemEnvironmentPrivilege
			SeLoadDriverPrivilege
			SeImpersonatePrivilege</Data>
    </EventData>
  </Event>
  <Event xmlns="http://schemas.microsoft.com/win/2004/08/events/event">
    <System>
      <Provider Name="Microsoft-Windows-Security-Auditing" Guid="{54849625-5478-4994-a5ba-3e3b0328c30d}" />
      <EventID>4624</EventID>
      <Version>1</Version>
      <Level>0</Level>
      <Task>12544</Task>
      <Opcode>0</Opcode>
      <Keywords>0x8020000000000000</Keywords>
      <TimeCreated SystemTime="2021-12-09T18:50:55.349354000Z" />
      <EventRecordID>825505</EventRecordID>
      <Correlation />
      <Execution ProcessID="508" ThreadID="2964" />
      <Channel>Security</Channel>
      <Computer>FS03.offsec.lan</Computer>
      <Security />
    </System>
    <EventData>
      <Data Name="SubjectUserSid">S-1-0-0</Data>
      <Data Name="SubjectUserName">-</Data>
      <Data Name="SubjectDomainName">-</Data>
      <Data Name="SubjectLogonId">0x0</Data>
      <Data Name="TargetUserSid">S-1-5-21-4230534742-2542757381-3142984815-1234</Data>
      <Data Name="TargetUserName">hack1</Data>
      <Data Name="TargetDomainName">OFFSEC</Data>
      <Data Name="TargetLogonId">0x2a2d51f</Data>
      <Data Name="LogonType">3</Data>
      <Data Name="LogonProcessName">Kerberos</Data>
      <Data Name="AuthenticationPackageName">Kerberos</Data>
      <Data Name="WorkstationName">-</Data>
      <Data Name="LogonGuid">{d47b01a7-9697-93b9-9eca-7a82720a50fa}</Data>
      <Data Name="TransmittedServices">-</Data>
      <Data Name="LmPackageName">-</Data>
      <Data Name="KeyLength">0</Data>
      <Data Name="ProcessId">0x0</Data>
      <Data Name="ProcessName">-</Data>
      <Data Name="IpAddress">10.23.42.38</Data>
      <Data Name="IpPort">54424</Data>
      <Data Name="ImpersonationLevel">%%1832</Data>
    </EventData>
  </Event>
  <Event xmlns="http://schemas.microsoft.com/win/2004/08/events/event">
    <System>
      <Provider Name="Microsoft-Windows-Security-Auditing" Guid="{54849625-5478-4994-a5ba-3e3b0328c30d}" />
      <EventID>4672</EventID>
      <Version>0</Version>
      <Level>0</Level>
      <Task>12548</Task>
      <Opcode>0</Opcode>
      <Keywords>0x8020000000000000</Keywords>
      <TimeCreated SystemTime="2021-12-09T18:50:55.349354000Z" />
      <EventRecordID>825506</EventRecordID>
      <Correlation />
      <Execution ProcessID="508" ThreadID="2964" />
      <Channel>Security</Channel>
      <Computer>FS03.offsec.lan</Computer>
      <Security />
    </System>
    <EventData>
      <Data Name="SubjectUserSid">S-1-5-21-4230534742-2542757381-3142984815-1234</Data>
      <Data Name="SubjectUserName">hack1</Data>
      <Data Name="SubjectDomainName">OFFSEC</Data>
      <Data Name="SubjectLogonId">0x2a2d532</Data>
      <Data Name="PrivilegeList">SeSecurityPrivilege
			SeBackupPrivilege
			SeRestorePrivilege
			SeTakeOwnershipPrivilege
			SeDebugPrivilege
			SeSystemEnvironmentPrivilege
			SeLoadDriverPrivilege
			SeImpersonatePrivilege</Data>
    </EventData>
  </Event>
  <Event xmlns="http://schemas.microsoft.com/win/2004/08/events/event">
    <System>
      <Provider Name="Microsoft-Windows-Security-Auditing" Guid="{54849625-5478-4994-a5ba-3e3b0328c30d}" />
      <EventID>4624</EventID>
      <Version>1</Version>
      <Level>0</Level>
      <Task>12544</Task>
      <Opcode>0</Opcode>
      <Keywords>0x8020000000000000</Keywords>
      <TimeCreated SystemTime="2021-12-09T18:50:55.349354000Z" />
      <EventRecordID>825507</EventRecordID>
      <Correlation />
      <Execution ProcessID="508" ThreadID="2964" />
      <Channel>Security</Channel>
      <Computer>FS03.offsec.lan</Computer>
      <Security />
    </System>
    <EventData>
      <Data Name="SubjectUserSid">S-1-0-0</Data>
      <Data Name="SubjectUserName">-</Data>
      <Data Name="SubjectDomainName">-</Data>
      <Data Name="SubjectLogonId">0x0</Data>
      <Data Name="TargetUserSid">S-1-5-21-4230534742-2542757381-3142984815-1234</Data>
      <Data Name="TargetUserName">hack1</Data>
      <Data Name="TargetDomainName">OFFSEC</Data>
      <Data Name="TargetLogonId">0x2a2d532</Data>
      <Data Name="LogonType">3</Data>
      <Data Name="LogonProcessName">Kerberos</Data>
      <Data Name="AuthenticationPackageName">Kerberos</Data>
      <Data Name="WorkstationName">-</Data>
      <Data Name="LogonGuid">{d47b01a7-9697-93b9-9eca-7a82720a50fa}</Data>
      <Data Name="TransmittedServices">-</Data>
      <Data Name="LmPackageName">-</Data>
      <Data Name="KeyLength">0</Data>
      <Data Name="ProcessId">0x0</Data>
      <Data Name="ProcessName">-</Data>
      <Data Name="IpAddress">10.23.42.38</Data>
      <Data Name="IpPort">54424</Data>
      <Data Name="ImpersonationLevel">%%1833</Data>
    </EventData>
  </Event>
  <Event xmlns="http://schemas.microsoft.com/win/2004/08/events/event">
    <System>
      <Provider Name="Microsoft-Windows-Security-Auditing" Guid="{54849625-5478-4994-a5ba-3e3b0328c30d}" />
      <EventID>4670</EventID>
      <Version>0</Version>
      <Level>0</Level>
      <Task>13570</Task>
      <Opcode>0</Opcode>
      <Keywords>0x8020000000000000</Keywords>
      <TimeCreated SystemTime="2021-12-09T18:50:55.364930700Z" />
      <EventRecordID>825508</EventRecordID>
      <Correlation />
      <Execution ProcessID="508" ThreadID="516" />
      <Channel>Security</Channel>
      <Computer>FS03.offsec.lan</Computer>
      <Security />
    </System>
    <EventData>
      <Data Name="SubjectUserSid">S-1-5-18</Data>
      <Data Name="SubjectUserName">FS03$</Data>
      <Data Name="SubjectDomainName">OFFSEC</Data>
      <Data Name="SubjectLogonId">0x3e7</Data>
      <Data Name="ObjectServer">Security</Data>
      <Data Name="ObjectType">Token</Data>
      <Data Name="ObjectName">-</Data>
      <Data Name="HandleId">0x1108</Data>
      <Data Name="OldSd">D:(A;;GA;;;SY)(A;;GA;;;NS)</Data>
      <Data Name="NewSd">D:(A;;GA;;;SY)(A;;RC;;;OW)(A;;GA;;;S-1-5-86-615999462-62705297-2911207457-59056572-3668589837)</Data>
      <Data Name="ProcessId">0x300</Data>
      <Data Name="ProcessName">C:\Windows\System32\svchost.exe</Data>
    </EventData>
  </Event>
  <Event xmlns="http://schemas.microsoft.com/win/2004/08/events/event">
    <System>
      <Provider Name="Microsoft-Windows-Security-Auditing" Guid="{54849625-5478-4994-a5ba-3e3b0328c30d}" />
      <EventID>4674</EventID>
      <Version>0</Version>
      <Level>0</Level>
      <Task>13056</Task>
      <Opcode>0</Opcode>
      <Keywords>0x8020000000000000</Keywords>
      <TimeCreated SystemTime="2021-12-09T18:50:55.677431700Z" />
      <EventRecordID>825509</EventRecordID>
      <Correlation />
      <Execution ProcessID="508" ThreadID="516" />
      <Channel>Security</Channel>
      <Computer>FS03.offsec.lan</Computer>
      <Security />
    </System>
    <EventData>
      <Data Name="SubjectUserSid">S-1-5-21-4230534742-2542757381-3142984815-1234</Data>
      <Data Name="SubjectUserName">hack1</Data>
      <Data Name="SubjectDomainName">OFFSEC</Data>
      <Data Name="SubjectLogonId">0x2a2d532</Data>
      <Data Name="ObjectServer">Security</Data>
      <Data Name="ObjectType">Key</Data>
      <Data Name="ObjectName">\REGISTRY\MACHINE\SYSTEM\ControlSet001\Services\WinSock2\Parameters</Data>
      <Data Name="HandleId">0x738</Data>
      <Data Name="AccessMask">%%1537
				%%1538
				%%1539
				%%1540
				%%4432
				%%4433
				%%4434
				%%4435
				%%4436
				%%4437
				</Data>
      <Data Name="PrivilegeList">SeTakeOwnershipPrivilege</Data>
      <Data Name="ProcessId">0x6cc</Data>
      <Data Name="ProcessName">C:\Windows\System32\wbem\WmiPrvSE.exe</Data>
    </EventData>
  </Event>
  <Event xmlns="http://schemas.microsoft.com/win/2004/08/events/event">
    <System>
      <Provider Name="Microsoft-Windows-Security-Auditing" Guid="{54849625-5478-4994-a5ba-3e3b0328c30d}" />
      <EventID>4674</EventID>
      <Version>0</Version>
      <Level>0</Level>
      <Task>13056</Task>
      <Opcode>0</Opcode>
      <Keywords>0x8020000000000000</Keywords>
      <TimeCreated SystemTime="2021-12-09T18:50:55.677431700Z" />
      <EventRecordID>825510</EventRecordID>
      <Correlation />
      <Execution ProcessID="508" ThreadID="516" />
      <Channel>Security</Channel>
      <Computer>FS03.offsec.lan</Computer>
      <Security />
    </System>
    <EventData>
      <Data Name="SubjectUserSid">S-1-5-21-4230534742-2542757381-3142984815-1234</Data>
      <Data Name="SubjectUserName">hack1</Data>
      <Data Name="SubjectDomainName">OFFSEC</Data>
      <Data Name="SubjectLogonId">0x2a2d532</Data>
      <Data Name="ObjectServer">Security</Data>
      <Data Name="ObjectType">-</Data>
      <Data Name="ObjectName">-</Data>
      <Data Name="HandleId">0x738</Data>
      <Data Name="AccessMask">983103</Data>
      <Data Name="PrivilegeList">SeTakeOwnershipPrivilege</Data>
      <Data Name="ProcessId">0x6cc</Data>
      <Data Name="ProcessName">C:\Windows\System32\wbem\WmiPrvSE.exe</Data>
    </EventData>
  </Event>
  <Event xmlns="http://schemas.microsoft.com/win/2004/08/events/event">
    <System>
      <Provider Name="Microsoft-Windows-Security-Auditing" Guid="{54849625-5478-4994-a5ba-3e3b0328c30d}" />
      <EventID>4670</EventID>
      <Version>0</Version>
      <Level>0</Level>
      <Task>13570</Task>
      <Opcode>0</Opcode>
      <Keywords>0x8020000000000000</Keywords>
      <TimeCreated SystemTime="2021-12-09T18:50:55.771186900Z" />
      <EventRecordID>825511</EventRecordID>
      <Correlation />
      <Execution ProcessID="508" ThreadID="516" />
      <Channel>Security</Channel>
      <Computer>FS03.offsec.lan</Computer>
      <Security />
    </System>
    <EventData>
      <Data Name="SubjectUserSid">S-1-5-18</Data>
      <Data Name="SubjectUserName">FS03$</Data>
      <Data Name="SubjectDomainName">OFFSEC</Data>
      <Data Name="SubjectLogonId">0x3e7</Data>
      <Data Name="ObjectServer">Security</Data>
      <Data Name="ObjectType">Token</Data>
      <Data Name="ObjectName">-</Data>
      <Data Name="HandleId">0xa3c</Data>
      <Data Name="OldSd">D:(A;;GA;;;SY)(A;;GA;;;LS)</Data>
      <Data Name="NewSd">D:(A;;GA;;;SY)(A;;RC;;;OW)(A;;GA;;;S-1-5-86-1544737700-199408000-2549878335-3519669259-381336952)</Data>
      <Data Name="ProcessId">0x300</Data>
      <Data Name="ProcessName">C:\Windows\System32\svchost.exe</Data>
    </EventData>
  </Event>
  <Event xmlns="http://schemas.microsoft.com/win/2004/08/events/event">
    <System>
      <Provider Name="Microsoft-Windows-Security-Auditing" Guid="{54849625-5478-4994-a5ba-3e3b0328c30d}" />
      <EventID>4688</EventID>
      <Version>2</Version>
      <Level>0</Level>
      <Task>13312</Task>
      <Opcode>0</Opcode>
      <Keywords>0x8020000000000000</Keywords>
      <TimeCreated SystemTime="2021-12-09T18:50:55.771186900Z" />
      <EventRecordID>825512</EventRecordID>
      <Correlation />
      <Execution ProcessID="4" ThreadID="1168" />
      <Channel>Security</Channel>
      <Computer>FS03.offsec.lan</Computer>
      <Security />
    </System>
    <EventData>
      <Data Name="SubjectUserSid">S-1-5-18</Data>
      <Data Name="SubjectUserName">FS03$</Data>
      <Data Name="SubjectDomainName">OFFSEC</Data>
      <Data Name="SubjectLogonId">0x3e7</Data>
      <Data Name="NewProcessId">0x560</Data>
      <Data Name="NewProcessName">C:\Windows\System32\wbem\WmiPrvSE.exe</Data>
      <Data Name="TokenElevationType">%%1936</Data>
      <Data Name="ProcessId">0x244</Data>
      <Data Name="CommandLine">C:\Windows\system32\wbem\wmiprvse.exe -secured -Embedding</Data>
      <Data Name="TargetUserSid">S-1-5-19</Data>
      <Data Name="TargetUserName">LOCAL SERVICE</Data>
      <Data Name="TargetDomainName">NT AUTHORITY</Data>
      <Data Name="TargetLogonId">0x3e5</Data>
    </EventData>
  </Event>
  <Event xmlns="http://schemas.microsoft.com/win/2004/08/events/event">
    <System>
      <Provider Name="Microsoft-Windows-Security-Auditing" Guid="{54849625-5478-4994-a5ba-3e3b0328c30d}" />
      <EventID>4674</EventID>
      <Version>0</Version>
      <Level>0</Level>
      <Task>13056</Task>
      <Opcode>0</Opcode>
      <Keywords>0x8020000000000000</Keywords>
      <TimeCreated SystemTime="2021-12-09T18:50:55.911819900Z" />
      <EventRecordID>825513</EventRecordID>
      <Correlation />
      <Execution ProcessID="508" ThreadID="516" />
      <Channel>Security</Channel>
      <Computer>FS03.offsec.lan</Computer>
      <Security />
    </System>
    <EventData>
      <Data Name="SubjectUserSid">S-1-5-21-4230534742-2542757381-3142984815-1234</Data>
      <Data Name="SubjectUserName">hack1</Data>
      <Data Name="SubjectDomainName">OFFSEC</Data>
      <Data Name="SubjectLogonId">0x2a2d532</Data>
      <Data Name="ObjectServer">Security</Data>
      <Data Name="ObjectType">Key</Data>
      <Data Name="ObjectName">\REGISTRY\MACHINE\SYSTEM\ControlSet001\Control\SecurePipeServers\winreg</Data>
      <Data Name="HandleId">0x258</Data>
      <Data Name="AccessMask">%%1538
				%%1542
				%%4432
				%%4435
				</Data>
      <Data Name="PrivilegeList">SeSecurityPrivilege</Data>
      <Data Name="ProcessId">0x560</Data>
      <Data Name="ProcessName">C:\Windows\System32\wbem\WmiPrvSE.exe</Data>
    </EventData>
  </Event>
  <Event xmlns="http://schemas.microsoft.com/win/2004/08/events/event">
    <System>
      <Provider Name="Microsoft-Windows-Security-Auditing" Guid="{54849625-5478-4994-a5ba-3e3b0328c30d}" />
      <EventID>4674</EventID>
      <Version>0</Version>
      <Level>0</Level>
      <Task>13056</Task>
      <Opcode>0</Opcode>
      <Keywords>0x8020000000000000</Keywords>
      <TimeCreated SystemTime="2021-12-09T18:50:55.911819900Z" />
      <EventRecordID>825514</EventRecordID>
      <Correlation />
      <Execution ProcessID="508" ThreadID="516" />
      <Channel>Security</Channel>
      <Computer>FS03.offsec.lan</Computer>
      <Security />
    </System>
    <EventData>
      <Data Name="SubjectUserSid">S-1-5-21-4230534742-2542757381-3142984815-1234</Data>
      <Data Name="SubjectUserName">hack1</Data>
      <Data Name="SubjectDomainName">OFFSEC</Data>
      <Data Name="SubjectLogonId">0x2a2d532</Data>
      <Data Name="ObjectServer">Security</Data>
      <Data Name="ObjectType">-</Data>
      <Data Name="ObjectName">-</Data>
      <Data Name="HandleId">0x258</Data>
      <Data Name="AccessMask">16908297</Data>
      <Data Name="PrivilegeList">SeSecurityPrivilege</Data>
      <Data Name="ProcessId">0x560</Data>
      <Data Name="ProcessName">C:\Windows\System32\wbem\WmiPrvSE.exe</Data>
    </EventData>
  </Event>
  <Event xmlns="http://schemas.microsoft.com/win/2004/08/events/event">
    <System>
      <Provider Name="Microsoft-Windows-Security-Auditing" Guid="{54849625-5478-4994-a5ba-3e3b0328c30d}" />
      <EventID>4674</EventID>
      <Version>0</Version>
      <Level>0</Level>
      <Task>13056</Task>
      <Opcode>0</Opcode>
      <Keywords>0x8020000000000000</Keywords>
      <TimeCreated SystemTime="2021-12-09T18:50:55.958713100Z" />
      <EventRecordID>825515</EventRecordID>
      <Correlation />
      <Execution ProcessID="508" ThreadID="516" />
      <Channel>Security</Channel>
      <Computer>FS03.offsec.lan</Computer>
      <Security />
    </System>
    <EventData>
      <Data Name="SubjectUserSid">S-1-5-21-4230534742-2542757381-3142984815-1234</Data>
      <Data Name="SubjectUserName">hack1</Data>
      <Data Name="SubjectDomainName">OFFSEC</Data>
      <Data Name="SubjectLogonId">0x2a2d532</Data>
      <Data Name="ObjectServer">Security</Data>
      <Data Name="ObjectType">Key</Data>
      <Data Name="ObjectName">\REGISTRY\MACHINE\SYSTEM\ControlSet001\Control\SecurePipeServers\winreg</Data>
      <Data Name="HandleId">0x258</Data>
      <Data Name="AccessMask">%%1538
				%%1539
				%%1540
				%%1542
				%%4432
				%%4435
				</Data>
      <Data Name="PrivilegeList">SeSecurityPrivilege
			SeTakeOwnershipPrivilege</Data>
      <Data Name="ProcessId">0x560</Data>
      <Data Name="ProcessName">C:\Windows\System32\wbem\WmiPrvSE.exe</Data>
    </EventData>
  </Event>
  <Event xmlns="http://schemas.microsoft.com/win/2004/08/events/event">
    <System>
      <Provider Name="Microsoft-Windows-Security-Auditing" Guid="{54849625-5478-4994-a5ba-3e3b0328c30d}" />
      <EventID>4674</EventID>
      <Version>0</Version>
      <Level>0</Level>
      <Task>13056</Task>
      <Opcode>0</Opcode>
      <Keywords>0x8020000000000000</Keywords>
      <TimeCreated SystemTime="2021-12-09T18:50:55.958713100Z" />
      <EventRecordID>825516</EventRecordID>
      <Correlation />
      <Execution ProcessID="508" ThreadID="516" />
      <Channel>Security</Channel>
      <Computer>FS03.offsec.lan</Computer>
      <Security />
    </System>
    <EventData>
      <Data Name="SubjectUserSid">S-1-5-21-4230534742-2542757381-3142984815-1234</Data>
      <Data Name="SubjectUserName">hack1</Data>
      <Data Name="SubjectDomainName">OFFSEC</Data>
      <Data Name="SubjectLogonId">0x2a2d532</Data>
      <Data Name="ObjectServer">Security</Data>
      <Data Name="ObjectType">-</Data>
      <Data Name="ObjectName">-</Data>
      <Data Name="HandleId">0x258</Data>
      <Data Name="AccessMask">17694729</Data>
      <Data Name="PrivilegeList">SeSecurityPrivilege
			SeTakeOwnershipPrivilege</Data>
      <Data Name="ProcessId">0x560</Data>
      <Data Name="ProcessName">C:\Windows\System32\wbem\WmiPrvSE.exe</Data>
    </EventData>
  </Event>
  <Event xmlns="http://schemas.microsoft.com/win/2004/08/events/event">
    <System>
      <Provider Name="Microsoft-Windows-Security-Auditing" Guid="{54849625-5478-4994-a5ba-3e3b0328c30d}" />
      <EventID>4674</EventID>
      <Version>0</Version>
      <Level>0</Level>
      <Task>13056</Task>
      <Opcode>0</Opcode>
      <Keywords>0x8020000000000000</Keywords>
      <TimeCreated SystemTime="2021-12-09T18:50:55.958713100Z" />
      <EventRecordID>825517</EventRecordID>
      <Correlation />
      <Execution ProcessID="508" ThreadID="516" />
      <Channel>Security</Channel>
      <Computer>FS03.offsec.lan</Computer>
      <Security />
    </System>
    <EventData>
      <Data Name="SubjectUserSid">S-1-5-21-4230534742-2542757381-3142984815-1234</Data>
      <Data Name="SubjectUserName">hack1</Data>
      <Data Name="SubjectDomainName">OFFSEC</Data>
      <Data Name="SubjectLogonId">0x2a2d532</Data>
      <Data Name="ObjectServer">Security</Data>
      <Data Name="ObjectType">Key</Data>
      <Data Name="ObjectName">\REGISTRY\MACHINE\SYSTEM\ControlSet001\Control\SecurePipeServers</Data>
      <Data Name="HandleId">0x264</Data>
      <Data Name="AccessMask">%%1538
				%%1542
				</Data>
      <Data Name="PrivilegeList">SeSecurityPrivilege</Data>
      <Data Name="ProcessId">0x560</Data>
      <Data Name="ProcessName">C:\Windows\System32\wbem\WmiPrvSE.exe</Data>
    </EventData>
  </Event>
  <Event xmlns="http://schemas.microsoft.com/win/2004/08/events/event">
    <System>
      <Provider Name="Microsoft-Windows-Security-Auditing" Guid="{54849625-5478-4994-a5ba-3e3b0328c30d}" />
      <EventID>4674</EventID>
      <Version>0</Version>
      <Level>0</Level>
      <Task>13056</Task>
      <Opcode>0</Opcode>
      <Keywords>0x8020000000000000</Keywords>
      <TimeCreated SystemTime="2021-12-09T18:50:55.958713100Z" />
      <EventRecordID>825518</EventRecordID>
      <Correlation />
      <Execution ProcessID="508" ThreadID="516" />
      <Channel>Security</Channel>
      <Computer>FS03.offsec.lan</Computer>
      <Security />
    </System>
    <EventData>
      <Data Name="SubjectUserSid">S-1-5-21-4230534742-2542757381-3142984815-1234</Data>
      <Data Name="SubjectUserName">hack1</Data>
      <Data Name="SubjectDomainName">OFFSEC</Data>
      <Data Name="SubjectLogonId">0x2a2d532</Data>
      <Data Name="ObjectServer">Security</Data>
      <Data Name="ObjectType">-</Data>
      <Data Name="ObjectName">-</Data>
      <Data Name="HandleId">0x264</Data>
      <Data Name="AccessMask">16908288</Data>
      <Data Name="PrivilegeList">SeSecurityPrivilege</Data>
      <Data Name="ProcessId">0x560</Data>
      <Data Name="ProcessName">C:\Windows\System32\wbem\WmiPrvSE.exe</Data>
    </EventData>
  </Event>
  <Event xmlns="http://schemas.microsoft.com/win/2004/08/events/event">
    <System>
      <Provider Name="Microsoft-Windows-Security-Auditing" Guid="{54849625-5478-4994-a5ba-3e3b0328c30d}" />
      <EventID>4674</EventID>
      <Version>0</Version>
      <Level>0</Level>
      <Task>13056</Task>
      <Opcode>0</Opcode>
      <Keywords>0x8020000000000000</Keywords>
      <TimeCreated SystemTime="2021-12-09T18:50:55.958713100Z" />
      <EventRecordID>825519</EventRecordID>
      <Correlation />
      <Execution ProcessID="508" ThreadID="516" />
      <Channel>Security</Channel>
      <Computer>FS03.offsec.lan</Computer>
      <Security />
    </System>
    <EventData>
      <Data Name="SubjectUserSid">S-1-5-21-4230534742-2542757381-3142984815-1234</Data>
      <Data Name="SubjectUserName">hack1</Data>
      <Data Name="SubjectDomainName">OFFSEC</Data>
      <Data Name="SubjectLogonId">0x2a2d532</Data>
      <Data Name="ObjectServer">Security</Data>
      <Data Name="ObjectType">Key</Data>
      <Data Name="ObjectName">\REGISTRY\MACHINE\SYSTEM\ControlSet001\Control\SecurePipeServers\winreg\AllowedExactPaths</Data>
      <Data Name="HandleId">0x264</Data>
      <Data Name="AccessMask">%%1538
				%%1539
				%%1540
				%%1542
				%%4432
				%%4435
				</Data>
      <Data Name="PrivilegeList">SeSecurityPrivilege
			SeTakeOwnershipPrivilege</Data>
      <Data Name="ProcessId">0x560</Data>
      <Data Name="ProcessName">C:\Windows\System32\wbem\WmiPrvSE.exe</Data>
    </EventData>
  </Event>
  <Event xmlns="http://schemas.microsoft.com/win/2004/08/events/event">
    <System>
      <Provider Name="Microsoft-Windows-Security-Auditing" Guid="{54849625-5478-4994-a5ba-3e3b0328c30d}" />
      <EventID>4674</EventID>
      <Version>0</Version>
      <Level>0</Level>
      <Task>13056</Task>
      <Opcode>0</Opcode>
      <Keywords>0x8020000000000000</Keywords>
      <TimeCreated SystemTime="2021-12-09T18:50:55.958713100Z" />
      <EventRecordID>825520</EventRecordID>
      <Correlation />
      <Execution ProcessID="508" ThreadID="516" />
      <Channel>Security</Channel>
      <Computer>FS03.offsec.lan</Computer>
      <Security />
    </System>
    <EventData>
      <Data Name="SubjectUserSid">S-1-5-21-4230534742-2542757381-3142984815-1234</Data>
      <Data Name="SubjectUserName">hack1</Data>
      <Data Name="SubjectDomainName">OFFSEC</Data>
      <Data Name="SubjectLogonId">0x2a2d532</Data>
      <Data Name="ObjectServer">Security</Data>
      <Data Name="ObjectType">-</Data>
      <Data Name="ObjectName">-</Data>
      <Data Name="HandleId">0x264</Data>
      <Data Name="AccessMask">17694729</Data>
      <Data Name="PrivilegeList">SeSecurityPrivilege
			SeTakeOwnershipPrivilege</Data>
      <Data Name="ProcessId">0x560</Data>
      <Data Name="ProcessName">C:\Windows\System32\wbem\WmiPrvSE.exe</Data>
    </EventData>
  </Event>
  <Event xmlns="http://schemas.microsoft.com/win/2004/08/events/event">
    <System>
      <Provider Name="Microsoft-Windows-Security-Auditing" Guid="{54849625-5478-4994-a5ba-3e3b0328c30d}" />
      <EventID>4673</EventID>
      <Version>0</Version>
      <Level>0</Level>
      <Task>13056</Task>
      <Opcode>0</Opcode>
      <Keywords>0x8010000000000000</Keywords>
      <TimeCreated SystemTime="2021-12-09T18:50:55.958713100Z" />
      <EventRecordID>825521</EventRecordID>
      <Correlation />
      <Execution ProcessID="508" ThreadID="516" />
      <Channel>Security</Channel>
      <Computer>FS03.offsec.lan</Computer>
      <Security />
    </System>
    <EventData>
      <Data Name="SubjectUserSid">S-1-5-21-4230534742-2542757381-3142984815-1234</Data>
      <Data Name="SubjectUserName">hack1</Data>
      <Data Name="SubjectDomainName">OFFSEC</Data>
      <Data Name="SubjectLogonId">0x2a2d532</Data>
      <Data Name="ObjectServer">Security</Data>
      <Data Name="Service">-</Data>
      <Data Name="PrivilegeList">SeTcbPrivilege</Data>
      <Data Name="ProcessId">0x560</Data>
      <Data Name="ProcessName">C:\Windows\System32\wbem\WmiPrvSE.exe</Data>
    </EventData>
  </Event>
  <Event xmlns="http://schemas.microsoft.com/win/2004/08/events/event">
    <System>
      <Provider Name="Microsoft-Windows-Security-Auditing" Guid="{54849625-5478-4994-a5ba-3e3b0328c30d}" />
      <EventID>4674</EventID>
      <Version>0</Version>
      <Level>0</Level>
      <Task>13056</Task>
      <Opcode>0</Opcode>
      <Keywords>0x8020000000000000</Keywords>
      <TimeCreated SystemTime="2021-12-09T18:50:55.958713100Z" />
      <EventRecordID>825522</EventRecordID>
      <Correlation />
      <Execution ProcessID="508" ThreadID="516" />
      <Channel>Security</Channel>
      <Computer>FS03.offsec.lan</Computer>
      <Security />
    </System>
    <EventData>
      <Data Name="SubjectUserSid">S-1-5-21-4230534742-2542757381-3142984815-1234</Data>
      <Data Name="SubjectUserName">hack1</Data>
      <Data Name="SubjectDomainName">OFFSEC</Data>
      <Data Name="SubjectLogonId">0x2a2d532</Data>
      <Data Name="ObjectServer">Security</Data>
      <Data Name="ObjectType">Key</Data>
      <Data Name="ObjectName">\REGISTRY\MACHINE\SYSTEM\ControlSet001\Control\SecurePipeServers\winreg\AllowedExactPaths</Data>
      <Data Name="HandleId">0x268</Data>
      <Data Name="AccessMask">%%1538
				%%1542
				%%4432
				%%4435
				</Data>
      <Data Name="PrivilegeList">SeSecurityPrivilege</Data>
      <Data Name="ProcessId">0x560</Data>
      <Data Name="ProcessName">C:\Windows\System32\wbem\WmiPrvSE.exe</Data>
    </EventData>
  </Event>
  <Event xmlns="http://schemas.microsoft.com/win/2004/08/events/event">
    <System>
      <Provider Name="Microsoft-Windows-Security-Auditing" Guid="{54849625-5478-4994-a5ba-3e3b0328c30d}" />
      <EventID>4674</EventID>
      <Version>0</Version>
      <Level>0</Level>
      <Task>13056</Task>
      <Opcode>0</Opcode>
      <Keywords>0x8020000000000000</Keywords>
      <TimeCreated SystemTime="2021-12-09T18:50:55.958713100Z" />
      <EventRecordID>825523</EventRecordID>
      <Correlation />
      <Execution ProcessID="508" ThreadID="516" />
      <Channel>Security</Channel>
      <Computer>FS03.offsec.lan</Computer>
      <Security />
    </System>
    <EventData>
      <Data Name="SubjectUserSid">S-1-5-21-4230534742-2542757381-3142984815-1234</Data>
      <Data Name="SubjectUserName">hack1</Data>
      <Data Name="SubjectDomainName">OFFSEC</Data>
      <Data Name="SubjectLogonId">0x2a2d532</Data>
      <Data Name="ObjectServer">Security</Data>
      <Data Name="ObjectType">-</Data>
      <Data Name="ObjectName">-</Data>
      <Data Name="HandleId">0x268</Data>
      <Data Name="AccessMask">16908297</Data>
      <Data Name="PrivilegeList">SeSecurityPrivilege</Data>
      <Data Name="ProcessId">0x560</Data>
      <Data Name="ProcessName">C:\Windows\System32\wbem\WmiPrvSE.exe</Data>
    </EventData>
  </Event>
  <Event xmlns="http://schemas.microsoft.com/win/2004/08/events/event">
    <System>
      <Provider Name="Microsoft-Windows-Security-Auditing" Guid="{54849625-5478-4994-a5ba-3e3b0328c30d}" />
      <EventID>4674</EventID>
      <Version>0</Version>
      <Level>0</Level>
      <Task>13056</Task>
      <Opcode>0</Opcode>
      <Keywords>0x8020000000000000</Keywords>
      <TimeCreated SystemTime="2021-12-09T18:50:55.958713100Z" />
      <EventRecordID>825524</EventRecordID>
      <Correlation />
      <Execution ProcessID="508" ThreadID="516" />
      <Channel>Security</Channel>
      <Computer>FS03.offsec.lan</Computer>
      <Security />
    </System>
    <EventData>
      <Data Name="SubjectUserSid">S-1-5-21-4230534742-2542757381-3142984815-1234</Data>
      <Data Name="SubjectUserName">hack1</Data>
      <Data Name="SubjectDomainName">OFFSEC</Data>
      <Data Name="SubjectLogonId">0x2a2d532</Data>
      <Data Name="ObjectServer">Security</Data>
      <Data Name="ObjectType">Key</Data>
      <Data Name="ObjectName">\REGISTRY\MACHINE\SYSTEM\ControlSet001\Control\SecurePipeServers\winreg\AllowedPaths</Data>
      <Data Name="HandleId">0x264</Data>
      <Data Name="AccessMask">%%1538
				%%1539
				%%1540
				%%1542
				%%4432
				%%4435
				</Data>
      <Data Name="PrivilegeList">SeSecurityPrivilege
			SeTakeOwnershipPrivilege</Data>
      <Data Name="ProcessId">0x560</Data>
      <Data Name="ProcessName">C:\Windows\System32\wbem\WmiPrvSE.exe</Data>
    </EventData>
  </Event>
  <Event xmlns="http://schemas.microsoft.com/win/2004/08/events/event">
    <System>
      <Provider Name="Microsoft-Windows-Security-Auditing" Guid="{54849625-5478-4994-a5ba-3e3b0328c30d}" />
      <EventID>4674</EventID>
      <Version>0</Version>
      <Level>0</Level>
      <Task>13056</Task>
      <Opcode>0</Opcode>
      <Keywords>0x8020000000000000</Keywords>
      <TimeCreated SystemTime="2021-12-09T18:50:55.958713100Z" />
      <EventRecordID>825525</EventRecordID>
      <Correlation />
      <Execution ProcessID="508" ThreadID="516" />
      <Channel>Security</Channel>
      <Computer>FS03.offsec.lan</Computer>
      <Security />
    </System>
    <EventData>
      <Data Name="SubjectUserSid">S-1-5-21-4230534742-2542757381-3142984815-1234</Data>
      <Data Name="SubjectUserName">hack1</Data>
      <Data Name="SubjectDomainName">OFFSEC</Data>
      <Data Name="SubjectLogonId">0x2a2d532</Data>
      <Data Name="ObjectServer">Security</Data>
      <Data Name="ObjectType">-</Data>
      <Data Name="ObjectName">-</Data>
      <Data Name="HandleId">0x264</Data>
      <Data Name="AccessMask">17694729</Data>
      <Data Name="PrivilegeList">SeSecurityPrivilege
			SeTakeOwnershipPrivilege</Data>
      <Data Name="ProcessId">0x560</Data>
      <Data Name="ProcessName">C:\Windows\System32\wbem\WmiPrvSE.exe</Data>
    </EventData>
  </Event>
  <Event xmlns="http://schemas.microsoft.com/win/2004/08/events/event">
    <System>
      <Provider Name="Microsoft-Windows-Security-Auditing" Guid="{54849625-5478-4994-a5ba-3e3b0328c30d}" />
      <EventID>4673</EventID>
      <Version>0</Version>
      <Level>0</Level>
      <Task>13056</Task>
      <Opcode>0</Opcode>
      <Keywords>0x8010000000000000</Keywords>
      <TimeCreated SystemTime="2021-12-09T18:50:55.958713100Z" />
      <EventRecordID>825526</EventRecordID>
      <Correlation />
      <Execution ProcessID="508" ThreadID="516" />
      <Channel>Security</Channel>
      <Computer>FS03.offsec.lan</Computer>
      <Security />
    </System>
    <EventData>
      <Data Name="SubjectUserSid">S-1-5-21-4230534742-2542757381-3142984815-1234</Data>
      <Data Name="SubjectUserName">hack1</Data>
      <Data Name="SubjectDomainName">OFFSEC</Data>
      <Data Name="SubjectLogonId">0x2a2d532</Data>
      <Data Name="ObjectServer">Security</Data>
      <Data Name="Service">-</Data>
      <Data Name="PrivilegeList">SeTcbPrivilege</Data>
      <Data Name="ProcessId">0x560</Data>
      <Data Name="ProcessName">C:\Windows\System32\wbem\WmiPrvSE.exe</Data>
    </EventData>
  </Event>
  <Event xmlns="http://schemas.microsoft.com/win/2004/08/events/event">
    <System>
      <Provider Name="Microsoft-Windows-Security-Auditing" Guid="{54849625-5478-4994-a5ba-3e3b0328c30d}" />
      <EventID>4674</EventID>
      <Version>0</Version>
      <Level>0</Level>
      <Task>13056</Task>
      <Opcode>0</Opcode>
      <Keywords>0x8020000000000000</Keywords>
      <TimeCreated SystemTime="2021-12-09T18:50:55.958713100Z" />
      <EventRecordID>825527</EventRecordID>
      <Correlation />
      <Execution ProcessID="508" ThreadID="516" />
      <Channel>Security</Channel>
      <Computer>FS03.offsec.lan</Computer>
      <Security />
    </System>
    <EventData>
      <Data Name="SubjectUserSid">S-1-5-21-4230534742-2542757381-3142984815-1234</Data>
      <Data Name="SubjectUserName">hack1</Data>
      <Data Name="SubjectDomainName">OFFSEC</Data>
      <Data Name="SubjectLogonId">0x2a2d532</Data>
      <Data Name="ObjectServer">Security</Data>
      <Data Name="ObjectType">Key</Data>
      <Data Name="ObjectName">\REGISTRY\MACHINE\SYSTEM\ControlSet001\Control\SecurePipeServers\winreg\AllowedPaths</Data>
      <Data Name="HandleId">0x268</Data>
      <Data Name="AccessMask">%%1538
				%%1542
				%%4432
				%%4435
				</Data>
      <Data Name="PrivilegeList">SeSecurityPrivilege</Data>
      <Data Name="ProcessId">0x560</Data>
      <Data Name="ProcessName">C:\Windows\System32\wbem\WmiPrvSE.exe</Data>
    </EventData>
  </Event>
  <Event xmlns="http://schemas.microsoft.com/win/2004/08/events/event">
    <System>
      <Provider Name="Microsoft-Windows-Security-Auditing" Guid="{54849625-5478-4994-a5ba-3e3b0328c30d}" />
      <EventID>4674</EventID>
      <Version>0</Version>
      <Level>0</Level>
      <Task>13056</Task>
      <Opcode>0</Opcode>
      <Keywords>0x8020000000000000</Keywords>
      <TimeCreated SystemTime="2021-12-09T18:50:55.958713100Z" />
      <EventRecordID>825528</EventRecordID>
      <Correlation />
      <Execution ProcessID="508" ThreadID="516" />
      <Channel>Security</Channel>
      <Computer>FS03.offsec.lan</Computer>
      <Security />
    </System>
    <EventData>
      <Data Name="SubjectUserSid">S-1-5-21-4230534742-2542757381-3142984815-1234</Data>
      <Data Name="SubjectUserName">hack1</Data>
      <Data Name="SubjectDomainName">OFFSEC</Data>
      <Data Name="SubjectLogonId">0x2a2d532</Data>
      <Data Name="ObjectServer">Security</Data>
      <Data Name="ObjectType">-</Data>
      <Data Name="ObjectName">-</Data>
      <Data Name="HandleId">0x268</Data>
      <Data Name="AccessMask">16908297</Data>
      <Data Name="PrivilegeList">SeSecurityPrivilege</Data>
      <Data Name="ProcessId">0x560</Data>
      <Data Name="ProcessName">C:\Windows\System32\wbem\WmiPrvSE.exe</Data>
    </EventData>
  </Event>
  <Event xmlns="http://schemas.microsoft.com/win/2004/08/events/event">
    <System>
      <Provider Name="Microsoft-Windows-Security-Auditing" Guid="{54849625-5478-4994-a5ba-3e3b0328c30d}" />
      <EventID>4673</EventID>
      <Version>0</Version>
      <Level>0</Level>
      <Task>13056</Task>
      <Opcode>0</Opcode>
      <Keywords>0x8010000000000000</Keywords>
      <TimeCreated SystemTime="2021-12-09T18:50:55.958713100Z" />
      <EventRecordID>825529</EventRecordID>
      <Correlation />
      <Execution ProcessID="508" ThreadID="516" />
      <Channel>Security</Channel>
      <Computer>FS03.offsec.lan</Computer>
      <Security />
    </System>
    <EventData>
      <Data Name="SubjectUserSid">S-1-5-21-4230534742-2542757381-3142984815-1234</Data>
      <Data Name="SubjectUserName">hack1</Data>
      <Data Name="SubjectDomainName">OFFSEC</Data>
      <Data Name="SubjectLogonId">0x2a2d532</Data>
      <Data Name="ObjectServer">Security</Data>
      <Data Name="Service">-</Data>
      <Data Name="PrivilegeList">SeTcbPrivilege</Data>
      <Data Name="ProcessId">0x560</Data>
      <Data Name="ProcessName">C:\Windows\System32\wbem\WmiPrvSE.exe</Data>
    </EventData>
  </Event>
  <Event xmlns="http://schemas.microsoft.com/win/2004/08/events/event">
    <System>
      <Provider Name="Microsoft-Windows-Security-Auditing" Guid="{54849625-5478-4994-a5ba-3e3b0328c30d}" />
      <EventID>4674</EventID>
      <Version>0</Version>
      <Level>0</Level>
      <Task>13056</Task>
      <Opcode>0</Opcode>
      <Keywords>0x8020000000000000</Keywords>
      <TimeCreated SystemTime="2021-12-09T18:50:55.958713100Z" />
      <EventRecordID>825530</EventRecordID>
      <Correlation />
      <Execution ProcessID="508" ThreadID="516" />
      <Channel>Security</Channel>
      <Computer>FS03.offsec.lan</Computer>
      <Security />
    </System>
    <EventData>
      <Data Name="SubjectUserSid">S-1-5-21-4230534742-2542757381-3142984815-1234</Data>
      <Data Name="SubjectUserName">hack1</Data>
      <Data Name="SubjectDomainName">OFFSEC</Data>
      <Data Name="SubjectLogonId">0x2a2d532</Data>
      <Data Name="ObjectServer">Security</Data>
      <Data Name="ObjectType">Key</Data>
      <Data Name="ObjectName">\REGISTRY\MACHINE\SYSTEM\ControlSet001\Control\Lsa\JD</Data>
      <Data Name="HandleId">0x258</Data>
      <Data Name="AccessMask">%%1538
				%%1542
				%%4432
				%%4435
				</Data>
      <Data Name="PrivilegeList">SeSecurityPrivilege</Data>
      <Data Name="ProcessId">0x560</Data>
      <Data Name="ProcessName">C:\Windows\System32\wbem\WmiPrvSE.exe</Data>
    </EventData>
  </Event>
  <Event xmlns="http://schemas.microsoft.com/win/2004/08/events/event">
    <System>
      <Provider Name="Microsoft-Windows-Security-Auditing" Guid="{54849625-5478-4994-a5ba-3e3b0328c30d}" />
      <EventID>4674</EventID>
      <Version>0</Version>
      <Level>0</Level>
      <Task>13056</Task>
      <Opcode>0</Opcode>
      <Keywords>0x8020000000000000</Keywords>
      <TimeCreated SystemTime="2021-12-09T18:50:55.958713100Z" />
      <EventRecordID>825531</EventRecordID>
      <Correlation />
      <Execution ProcessID="508" ThreadID="516" />
      <Channel>Security</Channel>
      <Computer>FS03.offsec.lan</Computer>
      <Security />
    </System>
    <EventData>
      <Data Name="SubjectUserSid">S-1-5-21-4230534742-2542757381-3142984815-1234</Data>
      <Data Name="SubjectUserName">hack1</Data>
      <Data Name="SubjectDomainName">OFFSEC</Data>
      <Data Name="SubjectLogonId">0x2a2d532</Data>
      <Data Name="ObjectServer">Security</Data>
      <Data Name="ObjectType">-</Data>
      <Data Name="ObjectName">-</Data>
      <Data Name="HandleId">0x258</Data>
      <Data Name="AccessMask">16908297</Data>
      <Data Name="PrivilegeList">SeSecurityPrivilege</Data>
      <Data Name="ProcessId">0x560</Data>
      <Data Name="ProcessName">C:\Windows\System32\wbem\WmiPrvSE.exe</Data>
    </EventData>
  </Event>
  