<Event xmlns="http://schemas.microsoft.com/win/2004/08/events/event">
    <System>
      <Provider Name="Microsoft-Windows-Security-Auditing" Guid="{54849625-5478-4994-a5ba-3e3b0328c30d}" />
      <EventID>4674</EventID>
      <Version>0</Version>
      <Level>0</Level>
      <Task>13056</Task>
      <Opcode>0</Opcode>
      <Keywords>0x8020000000000000</Keywords>
      <TimeCreated SystemTime="2021-12-09T18:50:56.005598400Z" />
      <EventRecordID>825532</EventRecordID>
      <Correlation />
      <Execution ProcessID="508" ThreadID="516" />
      <Channel>Security</Channel>
      <Computer>FS03.offsec.lan</Computer>
      <Security />
    </System>
    <EventData>
      <Data Name="SubjectUserSid">S-1-5-21-4230534742-2542757381-3142984815-1234</Data>
      <Data Name="SubjectUserName">hack1</Data>
      <Data Name="SubjectDomainName">OFFSEC</Data>
      <Data Name="SubjectLogonId">0x2a2d532</Data>
      <Data Name="ObjectServer">Security</Data>
      <Data Name="ObjectType">Key</Data>
      <Data Name="ObjectName">\REGISTRY\MACHINE\SYSTEM\ControlSet001\Control\Lsa\JD</Data>
      <Data Name="HandleId">0x258</Data>
      <Data Name="AccessMask">%%1538
				%%1539
				%%1540
				%%4432
				%%4435
				</Data>
      <Data Name="PrivilegeList">SeTakeOwnershipPrivilege</Data>
      <Data Name="ProcessId">0x560</Data>
      <Data Name="ProcessName">C:\Windows\System32\wbem\WmiPrvSE.exe</Data>
    </EventData>
  </Event>
  <Event xmlns="http://schemas.microsoft.com/win/2004/08/events/event">
    <System>
      <Provider Name="Microsoft-Windows-Security-Auditing" Guid="{54849625-5478-4994-a5ba-3e3b0328c30d}" />
      <EventID>4674</EventID>
      <Version>0</Version>
      <Level>0</Level>
      <Task>13056</Task>
      <Opcode>0</Opcode>
      <Keywords>0x8020000000000000</Keywords>
      <TimeCreated SystemTime="2021-12-09T18:50:56.005598400Z" />
      <EventRecordID>825533</EventRecordID>
      <Correlation />
      <Execution ProcessID="508" ThreadID="516" />
      <Channel>Security</Channel>
      <Computer>FS03.offsec.lan</Computer>
      <Security />
    </System>
    <EventData>
      <Data Name="SubjectUserSid">S-1-5-21-4230534742-2542757381-3142984815-1234</Data>
      <Data Name="SubjectUserName">hack1</Data>
      <Data Name="SubjectDomainName">OFFSEC</Data>
      <Data Name="SubjectLogonId">0x2a2d532</Data>
      <Data Name="ObjectServer">Security</Data>
      <Data Name="ObjectType">-</Data>
      <Data Name="ObjectName">-</Data>
      <Data Name="HandleId">0x258</Data>
      <Data Name="AccessMask">917513</Data>
      <Data Name="PrivilegeList">SeTakeOwnershipPrivilege</Data>
      <Data Name="ProcessId">0x560</Data>
      <Data Name="ProcessName">C:\Windows\System32\wbem\WmiPrvSE.exe</Data>
    </EventData>
  </Event>
  <Event xmlns="http://schemas.microsoft.com/win/2004/08/events/event">
    <System>
      <Provider Name="Microsoft-Windows-Security-Auditing" Guid="{54849625-5478-4994-a5ba-3e3b0328c30d}" />
      <EventID>4673</EventID>
      <Version>0</Version>
      <Level>0</Level>
      <Task>13056</Task>
      <Opcode>0</Opcode>
      <Keywords>0x8010000000000000</Keywords>
      <TimeCreated SystemTime="2021-12-09T18:50:56.005598400Z" />
      <EventRecordID>825534</EventRecordID>
      <Correlation />
      <Execution ProcessID="508" ThreadID="516" />
      <Channel>Security</Channel>
      <Computer>FS03.offsec.lan</Computer>
      <Security />
    </System>
    <EventData>
      <Data Name="SubjectUserSid">S-1-5-21-4230534742-2542757381-3142984815-1234</Data>
      <Data Name="SubjectUserName">hack1</Data>
      <Data Name="SubjectDomainName">OFFSEC</Data>
      <Data Name="SubjectLogonId">0x2a2d532</Data>
      <Data Name="ObjectServer">Security</Data>
      <Data Name="Service">-</Data>
      <Data Name="PrivilegeList">SeTcbPrivilege</Data>
      <Data Name="ProcessId">0x560</Data>
      <Data Name="ProcessName">C:\Windows\System32\wbem\WmiPrvSE.exe</Data>
    </EventData>
  </Event>
  <Event xmlns="http://schemas.microsoft.com/win/2004/08/events/event">
    <System>
      <Provider Name="Microsoft-Windows-Security-Auditing" Guid="{54849625-5478-4994-a5ba-3e3b0328c30d}" />
      <EventID>4674</EventID>
      <Version>0</Version>
      <Level>0</Level>
      <Task>13056</Task>
      <Opcode>0</Opcode>
      <Keywords>0x8020000000000000</Keywords>
      <TimeCreated SystemTime="2021-12-09T18:50:56.005598400Z" />
      <EventRecordID>825535</EventRecordID>
      <Correlation />
      <Execution ProcessID="508" ThreadID="516" />
      <Channel>Security</Channel>
      <Computer>FS03.offsec.lan</Computer>
      <Security />
    </System>
    <EventData>
      <Data Name="SubjectUserSid">S-1-5-21-4230534742-2542757381-3142984815-1234</Data>
      <Data Name="SubjectUserName">hack1</Data>
      <Data Name="SubjectDomainName">OFFSEC</Data>
      <Data Name="SubjectLogonId">0x2a2d532</Data>
      <Data Name="ObjectServer">Security</Data>
      <Data Name="ObjectType">Key</Data>
      <Data Name="ObjectName">\REGISTRY\MACHINE\SYSTEM\ControlSet001\Control\Lsa\Skew1</Data>
      <Data Name="HandleId">0x268</Data>
      <Data Name="AccessMask">%%1538
				%%1542
				%%4432
				%%4435
				</Data>
      <Data Name="PrivilegeList">SeSecurityPrivilege</Data>
      <Data Name="ProcessId">0x560</Data>
      <Data Name="ProcessName">C:\Windows\System32\wbem\WmiPrvSE.exe</Data>
    </EventData>
  </Event>
  <Event xmlns="http://schemas.microsoft.com/win/2004/08/events/event">
    <System>
      <Provider Name="Microsoft-Windows-Security-Auditing" Guid="{54849625-5478-4994-a5ba-3e3b0328c30d}" />
      <EventID>4674</EventID>
      <Version>0</Version>
      <Level>0</Level>
      <Task>13056</Task>
      <Opcode>0</Opcode>
      <Keywords>0x8020000000000000</Keywords>
      <TimeCreated SystemTime="2021-12-09T18:50:56.005598400Z" />
      <EventRecordID>825536</EventRecordID>
      <Correlation />
      <Execution ProcessID="508" ThreadID="516" />
      <Channel>Security</Channel>
      <Computer>FS03.offsec.lan</Computer>
      <Security />
    </System>
    <EventData>
      <Data Name="SubjectUserSid">S-1-5-21-4230534742-2542757381-3142984815-1234</Data>
      <Data Name="SubjectUserName">hack1</Data>
      <Data Name="SubjectDomainName">OFFSEC</Data>
      <Data Name="SubjectLogonId">0x2a2d532</Data>
      <Data Name="ObjectServer">Security</Data>
      <Data Name="ObjectType">-</Data>
      <Data Name="ObjectName">-</Data>
      <Data Name="HandleId">0x268</Data>
      <Data Name="AccessMask">16908297</Data>
      <Data Name="PrivilegeList">SeSecurityPrivilege</Data>
      <Data Name="ProcessId">0x560</Data>
      <Data Name="ProcessName">C:\Windows\System32\wbem\WmiPrvSE.exe</Data>
    </EventData>
  </Event>
  <Event xmlns="http://schemas.microsoft.com/win/2004/08/events/event">
    <System>
      <Provider Name="Microsoft-Windows-Security-Auditing" Guid="{54849625-5478-4994-a5ba-3e3b0328c30d}" />
      <EventID>4672</EventID>
      <Version>0</Version>
      <Level>0</Level>
      <Task>12548</Task>
      <Opcode>0</Opcode>
      <Keywords>0x8020000000000000</Keywords>
      <TimeCreated SystemTime="2021-12-09T18:50:56.052445000Z" />
      <EventRecordID>825537</EventRecordID>
      <Correlation />
      <Execution ProcessID="508" ThreadID="2964" />
      <Channel>Security</Channel>
      <Computer>FS03.offsec.lan</Computer>
      <Security />
    </System>
    <EventData>
      <Data Name="SubjectUserSid">S-1-5-21-4230534742-2542757381-3142984815-1234</Data>
      <Data Name="SubjectUserName">hack1</Data>
      <Data Name="SubjectDomainName">OFFSEC</Data>
      <Data Name="SubjectLogonId">0x2a2f10a</Data>
      <Data Name="PrivilegeList">SeSecurityPrivilege
			SeBackupPrivilege
			SeRestorePrivilege
			SeTakeOwnershipPrivilege
			SeDebugPrivilege
			SeSystemEnvironmentPrivilege
			SeLoadDriverPrivilege
			SeImpersonatePrivilege</Data>
    </EventData>
  </Event>
  <Event xmlns="http://schemas.microsoft.com/win/2004/08/events/event">
    <System>
      <Provider Name="Microsoft-Windows-Security-Auditing" Guid="{54849625-5478-4994-a5ba-3e3b0328c30d}" />
      <EventID>4624</EventID>
      <Version>1</Version>
      <Level>0</Level>
      <Task>12544</Task>
      <Opcode>0</Opcode>
      <Keywords>0x8020000000000000</Keywords>
      <TimeCreated SystemTime="2021-12-09T18:50:56.052445000Z" />
      <EventRecordID>825538</EventRecordID>
      <Correlation />
      <Execution ProcessID="508" ThreadID="2964" />
      <Channel>Security</Channel>
      <Computer>FS03.offsec.lan</Computer>
      <Security />
    </System>
    <EventData>
      <Data Name="SubjectUserSid">S-1-0-0</Data>
      <Data Name="SubjectUserName">-</Data>
      <Data Name="SubjectDomainName">-</Data>
      <Data Name="SubjectLogonId">0x0</Data>
      <Data Name="TargetUserSid">S-1-5-21-4230534742-2542757381-3142984815-1234</Data>
      <Data Name="TargetUserName">hack1</Data>
      <Data Name="TargetDomainName">OFFSEC</Data>
      <Data Name="TargetLogonId">0x2a2f10a</Data>
      <Data Name="LogonType">3</Data>
      <Data Name="LogonProcessName">Kerberos</Data>
      <Data Name="AuthenticationPackageName">Kerberos</Data>
      <Data Name="WorkstationName">-</Data>
      <Data Name="LogonGuid">{d47b01a7-9697-93b9-9eca-7a82720a50fa}</Data>
      <Data Name="TransmittedServices">-</Data>
      <Data Name="LmPackageName">-</Data>
      <Data Name="KeyLength">0</Data>
      <Data Name="ProcessId">0x0</Data>
      <Data Name="ProcessName">-</Data>
      <Data Name="IpAddress">10.23.42.38</Data>
      <Data Name="IpPort">54425</Data>
      <Data Name="ImpersonationLevel">%%1832</Data>
    </EventData>
  </Event>
  <Event xmlns="http://schemas.microsoft.com/win/2004/08/events/event">
    <System>
      <Provider Name="Microsoft-Windows-Security-Auditing" Guid="{54849625-5478-4994-a5ba-3e3b0328c30d}" />
      <EventID>4674</EventID>
      <Version>0</Version>
      <Level>0</Level>
      <Task>13056</Task>
      <Opcode>0</Opcode>
      <Keywords>0x8020000000000000</Keywords>
      <TimeCreated SystemTime="2021-12-09T18:50:56.052445000Z" />
      <EventRecordID>825539</EventRecordID>
      <Correlation />
      <Execution ProcessID="508" ThreadID="516" />
      <Channel>Security</Channel>
      <Computer>FS03.offsec.lan</Computer>
      <Security />
    </System>
    <EventData>
      <Data Name="SubjectUserSid">S-1-5-21-4230534742-2542757381-3142984815-1234</Data>
      <Data Name="SubjectUserName">hack1</Data>
      <Data Name="SubjectDomainName">OFFSEC</Data>
      <Data Name="SubjectLogonId">0x2a2d532</Data>
      <Data Name="ObjectServer">Security</Data>
      <Data Name="ObjectType">Key</Data>
      <Data Name="ObjectName">\REGISTRY\MACHINE\SYSTEM\ControlSet001\Control\Lsa\Skew1</Data>
      <Data Name="HandleId">0x268</Data>
      <Data Name="AccessMask">%%1538
				%%1539
				%%1540
				%%4432
				%%4435
				</Data>
      <Data Name="PrivilegeList">SeTakeOwnershipPrivilege</Data>
      <Data Name="ProcessId">0x560</Data>
      <Data Name="ProcessName">C:\Windows\System32\wbem\WmiPrvSE.exe</Data>
    </EventData>
  </Event>
  <Event xmlns="http://schemas.microsoft.com/win/2004/08/events/event">
    <System>
      <Provider Name="Microsoft-Windows-Security-Auditing" Guid="{54849625-5478-4994-a5ba-3e3b0328c30d}" />
      <EventID>4674</EventID>
      <Version>0</Version>
      <Level>0</Level>
      <Task>13056</Task>
      <Opcode>0</Opcode>
      <Keywords>0x8020000000000000</Keywords>
      <TimeCreated SystemTime="2021-12-09T18:50:56.052445000Z" />
      <EventRecordID>825540</EventRecordID>
      <Correlation />
      <Execution ProcessID="508" ThreadID="516" />
      <Channel>Security</Channel>
      <Computer>FS03.offsec.lan</Computer>
      <Security />
    </System>
    <EventData>
      <Data Name="SubjectUserSid">S-1-5-21-4230534742-2542757381-3142984815-1234</Data>
      <Data Name="SubjectUserName">hack1</Data>
      <Data Name="SubjectDomainName">OFFSEC</Data>
      <Data Name="SubjectLogonId">0x2a2d532</Data>
      <Data Name="ObjectServer">Security</Data>
      <Data Name="ObjectType">-</Data>
      <Data Name="ObjectName">-</Data>
      <Data Name="HandleId">0x268</Data>
      <Data Name="AccessMask">917513</Data>
      <Data Name="PrivilegeList">SeTakeOwnershipPrivilege</Data>
      <Data Name="ProcessId">0x560</Data>
      <Data Name="ProcessName">C:\Windows\System32\wbem\WmiPrvSE.exe</Data>
    </EventData>
  </Event>
  <Event xmlns="http://schemas.microsoft.com/win/2004/08/events/event">
    <System>
      <Provider Name="Microsoft-Windows-Security-Auditing" Guid="{54849625-5478-4994-a5ba-3e3b0328c30d}" />
      <EventID>4673</EventID>
      <Version>0</Version>
      <Level>0</Level>
      <Task>13056</Task>
      <Opcode>0</Opcode>
      <Keywords>0x8010000000000000</Keywords>
      <TimeCreated SystemTime="2021-12-09T18:50:56.052445000Z" />
      <EventRecordID>825541</EventRecordID>
      <Correlation />
      <Execution ProcessID="508" ThreadID="516" />
      <Channel>Security</Channel>
      <Computer>FS03.offsec.lan</Computer>
      <Security />
    </System>
    <EventData>
      <Data Name="SubjectUserSid">S-1-5-21-4230534742-2542757381-3142984815-1234</Data>
      <Data Name="SubjectUserName">hack1</Data>
      <Data Name="SubjectDomainName">OFFSEC</Data>
      <Data Name="SubjectLogonId">0x2a2d532</Data>
      <Data Name="ObjectServer">Security</Data>
      <Data Name="Service">-</Data>
      <Data Name="PrivilegeList">SeTcbPrivilege</Data>
      <Data Name="ProcessId">0x560</Data>
      <Data Name="ProcessName">C:\Windows\System32\wbem\WmiPrvSE.exe</Data>
    </EventData>
  </Event>
  <Event xmlns="http://schemas.microsoft.com/win/2004/08/events/event">
    <System>
      <Provider Name="Microsoft-Windows-Security-Auditing" Guid="{54849625-5478-4994-a5ba-3e3b0328c30d}" />
      <EventID>4674</EventID>
      <Version>0</Version>
      <Level>0</Level>
      <Task>13056</Task>
      <Opcode>0</Opcode>
      <Keywords>0x8020000000000000</Keywords>
      <TimeCreated SystemTime="2021-12-09T18:50:56.052445000Z" />
      <EventRecordID>825542</EventRecordID>
      <Correlation />
      <Execution ProcessID="508" ThreadID="516" />
      <Channel>Security</Channel>
      <Computer>FS03.offsec.lan</Computer>
      <Security />
    </System>
    <EventData>
      <Data Name="SubjectUserSid">S-1-5-21-4230534742-2542757381-3142984815-1234</Data>
      <Data Name="SubjectUserName">hack1</Data>
      <Data Name="SubjectDomainName">OFFSEC</Data>
      <Data Name="SubjectLogonId">0x2a2d532</Data>
      <Data Name="ObjectServer">Security</Data>
      <Data Name="ObjectType">Key</Data>
      <Data Name="ObjectName">\REGISTRY\MACHINE\SYSTEM\ControlSet001\Control\Lsa\Data</Data>
      <Data Name="HandleId">0x258</Data>
      <Data Name="AccessMask">%%1538
				%%1542
				%%4432
				%%4435
				</Data>
      <Data Name="PrivilegeList">SeSecurityPrivilege</Data>
      <Data Name="ProcessId">0x560</Data>
      <Data Name="ProcessName">C:\Windows\System32\wbem\WmiPrvSE.exe</Data>
    </EventData>
  </Event>
  <Event xmlns="http://schemas.microsoft.com/win/2004/08/events/event">
    <System>
      <Provider Name="Microsoft-Windows-Security-Auditing" Guid="{54849625-5478-4994-a5ba-3e3b0328c30d}" />
      <EventID>4674</EventID>
      <Version>0</Version>
      <Level>0</Level>
      <Task>13056</Task>
      <Opcode>0</Opcode>
      <Keywords>0x8020000000000000</Keywords>
      <TimeCreated SystemTime="2021-12-09T18:50:56.052445000Z" />
      <EventRecordID>825543</EventRecordID>
      <Correlation />
      <Execution ProcessID="508" ThreadID="516" />
      <Channel>Security</Channel>
      <Computer>FS03.offsec.lan</Computer>
      <Security />
    </System>
    <EventData>
      <Data Name="SubjectUserSid">S-1-5-21-4230534742-2542757381-3142984815-1234</Data>
      <Data Name="SubjectUserName">hack1</Data>
      <Data Name="SubjectDomainName">OFFSEC</Data>
      <Data Name="SubjectLogonId">0x2a2d532</Data>
      <Data Name="ObjectServer">Security</Data>
      <Data Name="ObjectType">-</Data>
      <Data Name="ObjectName">-</Data>
      <Data Name="HandleId">0x258</Data>
      <Data Name="AccessMask">16908297</Data>
      <Data Name="PrivilegeList">SeSecurityPrivilege</Data>
      <Data Name="ProcessId">0x560</Data>
      <Data Name="ProcessName">C:\Windows\System32\wbem\WmiPrvSE.exe</Data>
    </EventData>
  </Event>
  <Event xmlns="http://schemas.microsoft.com/win/2004/08/events/event">
    <System>
      <Provider Name="Microsoft-Windows-Security-Auditing" Guid="{54849625-5478-4994-a5ba-3e3b0328c30d}" />
      <EventID>4674</EventID>
      <Version>0</Version>
      <Level>0</Level>
      <Task>13056</Task>
      <Opcode>0</Opcode>
      <Keywords>0x8020000000000000</Keywords>
      <TimeCreated SystemTime="2021-12-09T18:50:56.099347100Z" />
      <EventRecordID>825544</EventRecordID>
      <Correlation />
      <Execution ProcessID="508" ThreadID="516" />
      <Channel>Security</Channel>
      <Computer>FS03.offsec.lan</Computer>
      <Security />
    </System>
    <EventData>
      <Data Name="SubjectUserSid">S-1-5-21-4230534742-2542757381-3142984815-1234</Data>
      <Data Name="SubjectUserName">hack1</Data>
      <Data Name="SubjectDomainName">OFFSEC</Data>
      <Data Name="SubjectLogonId">0x2a2d532</Data>
      <Data Name="ObjectServer">Security</Data>
      <Data Name="ObjectType">Key</Data>
      <Data Name="ObjectName">\REGISTRY\MACHINE\SYSTEM\ControlSet001\Control\Lsa\Data</Data>
      <Data Name="HandleId">0x258</Data>
      <Data Name="AccessMask">%%1538
				%%1539
				%%1540
				%%4432
				%%4435
				</Data>
      <Data Name="PrivilegeList">SeTakeOwnershipPrivilege</Data>
      <Data Name="ProcessId">0x560</Data>
      <Data Name="ProcessName">C:\Windows\System32\wbem\WmiPrvSE.exe</Data>
    </EventData>
  </Event>
  <Event xmlns="http://schemas.microsoft.com/win/2004/08/events/event">
    <System>
      <Provider Name="Microsoft-Windows-Security-Auditing" Guid="{54849625-5478-4994-a5ba-3e3b0328c30d}" />
      <EventID>4674</EventID>
      <Version>0</Version>
      <Level>0</Level>
      <Task>13056</Task>
      <Opcode>0</Opcode>
      <Keywords>0x8020000000000000</Keywords>
      <TimeCreated SystemTime="2021-12-09T18:50:56.099347100Z" />
      <EventRecordID>825545</EventRecordID>
      <Correlation />
      <Execution ProcessID="508" ThreadID="516" />
      <Channel>Security</Channel>
      <Computer>FS03.offsec.lan</Computer>
      <Security />
    </System>
    <EventData>
      <Data Name="SubjectUserSid">S-1-5-21-4230534742-2542757381-3142984815-1234</Data>
      <Data Name="SubjectUserName">hack1</Data>
      <Data Name="SubjectDomainName">OFFSEC</Data>
      <Data Name="SubjectLogonId">0x2a2d532</Data>
      <Data Name="ObjectServer">Security</Data>
      <Data Name="ObjectType">-</Data>
      <Data Name="ObjectName">-</Data>
      <Data Name="HandleId">0x258</Data>
      <Data Name="AccessMask">917513</Data>
      <Data Name="PrivilegeList">SeTakeOwnershipPrivilege</Data>
      <Data Name="ProcessId">0x560</Data>
      <Data Name="ProcessName">C:\Windows\System32\wbem\WmiPrvSE.exe</Data>
    </EventData>
  </Event>
  <Event xmlns="http://schemas.microsoft.com/win/2004/08/events/event">
    <System>
      <Provider Name="Microsoft-Windows-Security-Auditing" Guid="{54849625-5478-4994-a5ba-3e3b0328c30d}" />
      <EventID>4673</EventID>
      <Version>0</Version>
      <Level>0</Level>
      <Task>13056</Task>
      <Opcode>0</Opcode>
      <Keywords>0x8010000000000000</Keywords>
      <TimeCreated SystemTime="2021-12-09T18:50:56.099347100Z" />
      <EventRecordID>825546</EventRecordID>
      <Correlation />
      <Execution ProcessID="508" ThreadID="516" />
      <Channel>Security</Channel>
      <Computer>FS03.offsec.lan</Computer>
      <Security />
    </System>
    <EventData>
      <Data Name="SubjectUserSid">S-1-5-21-4230534742-2542757381-3142984815-1234</Data>
      <Data Name="SubjectUserName">hack1</Data>
      <Data Name="SubjectDomainName">OFFSEC</Data>
      <Data Name="SubjectLogonId">0x2a2d532</Data>
      <Data Name="ObjectServer">Security</Data>
      <Data Name="Service">-</Data>
      <Data Name="PrivilegeList">SeTcbPrivilege</Data>
      <Data Name="ProcessId">0x560</Data>
      <Data Name="ProcessName">C:\Windows\System32\wbem\WmiPrvSE.exe</Data>
    </EventData>
  </Event>
  <Event xmlns="http://schemas.microsoft.com/win/2004/08/events/event">
    <System>
      <Provider Name="Microsoft-Windows-Security-Auditing" Guid="{54849625-5478-4994-a5ba-3e3b0328c30d}" />
      <EventID>4674</EventID>
      <Version>0</Version>
      <Level>0</Level>
      <Task>13056</Task>
      <Opcode>0</Opcode>
      <Keywords>0x8020000000000000</Keywords>
      <TimeCreated SystemTime="2021-12-09T18:50:56.099347100Z" />
      <EventRecordID>825547</EventRecordID>
      <Correlation />
      <Execution ProcessID="508" ThreadID="516" />
      <Channel>Security</Channel>
      <Computer>FS03.offsec.lan</Computer>
      <Security />
    </System>
    <EventData>
      <Data Name="SubjectUserSid">S-1-5-21-4230534742-2542757381-3142984815-1234</Data>
      <Data Name="SubjectUserName">hack1</Data>
      <Data Name="SubjectDomainName">OFFSEC</Data>
      <Data Name="SubjectLogonId">0x2a2d532</Data>
      <Data Name="ObjectServer">Security</Data>
      <Data Name="ObjectType">Key</Data>
      <Data Name="ObjectName">\REGISTRY\MACHINE\SYSTEM\ControlSet001\Control\Lsa\GBG</Data>
      <Data Name="HandleId">0x268</Data>
      <Data Name="AccessMask">%%1538
				%%1542
				%%4432
				%%4435
				</Data>
      <Data Name="PrivilegeList">SeSecurityPrivilege</Data>
      <Data Name="ProcessId">0x560</Data>
      <Data Name="ProcessName">C:\Windows\System32\wbem\WmiPrvSE.exe</Data>
    </EventData>
  </Event>
  <Event xmlns="http://schemas.microsoft.com/win/2004/08/events/event">
    <System>
      <Provider Name="Microsoft-Windows-Security-Auditing" Guid="{54849625-5478-4994-a5ba-3e3b0328c30d}" />
      <EventID>4674</EventID>
      <Version>0</Version>
      <Level>0</Level>
      <Task>13056</Task>
      <Opcode>0</Opcode>
      <Keywords>0x8020000000000000</Keywords>
      <TimeCreated SystemTime="2021-12-09T18:50:56.099347100Z" />
      <EventRecordID>825548</EventRecordID>
      <Correlation />
      <Execution ProcessID="508" ThreadID="516" />
      <Channel>Security</Channel>
      <Computer>FS03.offsec.lan</Computer>
      <Security />
    </System>
    <EventData>
      <Data Name="SubjectUserSid">S-1-5-21-4230534742-2542757381-3142984815-1234</Data>
      <Data Name="SubjectUserName">hack1</Data>
      <Data Name="SubjectDomainName">OFFSEC</Data>
      <Data Name="SubjectLogonId">0x2a2d532</Data>
      <Data Name="ObjectServer">Security</Data>
      <Data Name="ObjectType">-</Data>
      <Data Name="ObjectName">-</Data>
      <Data Name="HandleId">0x268</Data>
      <Data Name="AccessMask">16908297</Data>
      <Data Name="PrivilegeList">SeSecurityPrivilege</Data>
      <Data Name="ProcessId">0x560</Data>
      <Data Name="ProcessName">C:\Windows\System32\wbem\WmiPrvSE.exe</Data>
    </EventData>
  </Event>
  <Event xmlns="http://schemas.microsoft.com/win/2004/08/events/event">
    <System>
      <Provider Name="Microsoft-Windows-Security-Auditing" Guid="{54849625-5478-4994-a5ba-3e3b0328c30d}" />
      <EventID>4674</EventID>
      <Version>0</Version>
      <Level>0</Level>
      <Task>13056</Task>
      <Opcode>0</Opcode>
      <Keywords>0x8020000000000000</Keywords>
      <TimeCreated SystemTime="2021-12-09T18:50:56.146224900Z" />
      <EventRecordID>825549</EventRecordID>
      <Correlation />
      <Execution ProcessID="508" ThreadID="516" />
      <Channel>Security</Channel>
      <Computer>FS03.offsec.lan</Computer>
      <Security />
    </System>
    <EventData>
      <Data Name="SubjectUserSid">S-1-5-21-4230534742-2542757381-3142984815-1234</Data>
      <Data Name="SubjectUserName">hack1</Data>
      <Data Name="SubjectDomainName">OFFSEC</Data>
      <Data Name="SubjectLogonId">0x2a2d532</Data>
      <Data Name="ObjectServer">Security</Data>
      <Data Name="ObjectType">Key</Data>
      <Data Name="ObjectName">\REGISTRY\MACHINE\SYSTEM\ControlSet001\Control\Lsa\GBG</Data>
      <Data Name="HandleId">0x268</Data>
      <Data Name="AccessMask">%%1538
				%%1539
				%%1540
				%%4432
				%%4435
				</Data>
      <Data Name="PrivilegeList">SeTakeOwnershipPrivilege</Data>
      <Data Name="ProcessId">0x560</Data>
      <Data Name="ProcessName">C:\Windows\System32\wbem\WmiPrvSE.exe</Data>
    </EventData>
  </Event>
  <Event xmlns="http://schemas.microsoft.com/win/2004/08/events/event">
    <System>
      <Provider Name="Microsoft-Windows-Security-Auditing" Guid="{54849625-5478-4994-a5ba-3e3b0328c30d}" />
      <EventID>4674</EventID>
      <Version>0</Version>
      <Level>0</Level>
      <Task>13056</Task>
      <Opcode>0</Opcode>
      <Keywords>0x8020000000000000</Keywords>
      <TimeCreated SystemTime="2021-12-09T18:50:56.146224900Z" />
      <EventRecordID>825550</EventRecordID>
      <Correlation />
      <Execution ProcessID="508" ThreadID="516" />
      <Channel>Security</Channel>
      <Computer>FS03.offsec.lan</Computer>
      <Security />
    </System>
    <EventData>
      <Data Name="SubjectUserSid">S-1-5-21-4230534742-2542757381-3142984815-1234</Data>
      <Data Name="SubjectUserName">hack1</Data>
      <Data Name="SubjectDomainName">OFFSEC</Data>
      <Data Name="SubjectLogonId">0x2a2d532</Data>
      <Data Name="ObjectServer">Security</Data>
      <Data Name="ObjectType">-</Data>
      <Data Name="ObjectName">-</Data>
      <Data Name="HandleId">0x268</Data>
      <Data Name="AccessMask">917513</Data>
      <Data Name="PrivilegeList">SeTakeOwnershipPrivilege</Data>
      <Data Name="ProcessId">0x560</Data>
      <Data Name="ProcessName">C:\Windows\System32\wbem\WmiPrvSE.exe</Data>
    </EventData>
  </Event>
  <Event xmlns="http://schemas.microsoft.com/win/2004/08/events/event">
    <System>
      <Provider Name="Microsoft-Windows-Security-Auditing" Guid="{54849625-5478-4994-a5ba-3e3b0328c30d}" />
      <EventID>4673</EventID>
      <Version>0</Version>
      <Level>0</Level>
      <Task>13056</Task>
      <Opcode>0</Opcode>
      <Keywords>0x8010000000000000</Keywords>
      <TimeCreated SystemTime="2021-12-09T18:50:56.146224900Z" />
      <EventRecordID>825551</EventRecordID>
      <Correlation />
      <Execution ProcessID="508" ThreadID="516" />
      <Channel>Security</Channel>
      <Computer>FS03.offsec.lan</Computer>
      <Security />
    </System>
    <EventData>
      <Data Name="SubjectUserSid">S-1-5-21-4230534742-2542757381-3142984815-1234</Data>
      <Data Name="SubjectUserName">hack1</Data>
      <Data Name="SubjectDomainName">OFFSEC</Data>
      <Data Name="SubjectLogonId">0x2a2d532</Data>
      <Data Name="ObjectServer">Security</Data>
      <Data Name="Service">-</Data>
      <Data Name="PrivilegeList">SeTcbPrivilege</Data>
      <Data Name="ProcessId">0x560</Data>
      <Data Name="ProcessName">C:\Windows\System32\wbem\WmiPrvSE.exe</Data>
    </EventData>
  </Event>
  <Event xmlns="http://schemas.microsoft.com/win/2004/08/events/event">
    <System>
      <Provider Name="Microsoft-Windows-Security-Auditing" Guid="{54849625-5478-4994-a5ba-3e3b0328c30d}" />
      <EventID>4674</EventID>
      <Version>0</Version>
      <Level>0</Level>
      <Task>13056</Task>
      <Opcode>0</Opcode>
      <Keywords>0x8020000000000000</Keywords>
      <TimeCreated SystemTime="2021-12-09T18:50:56.161836600Z" />
      <EventRecordID>825552</EventRecordID>
      <Correlation />
      <Execution ProcessID="508" ThreadID="516" />
      <Channel>Security</Channel>
      <Computer>FS03.offsec.lan</Computer>
      <Security />
    </System>
    <EventData>
      <Data Name="SubjectUserSid">S-1-5-21-4230534742-2542757381-3142984815-1234</Data>
      <Data Name="SubjectUserName">hack1</Data>
      <Data Name="SubjectDomainName">OFFSEC</Data>
      <Data Name="SubjectLogonId">0x2a2d532</Data>
      <Data Name="ObjectServer">Security</Data>
      <Data Name="ObjectType">Key</Data>
      <Data Name="ObjectName">\REGISTRY\MACHINE\SECURITY</Data>
      <Data Name="HandleId">0x258</Data>
      <Data Name="AccessMask">%%1538
				%%1542
				%%4432
				%%4435
				</Data>
      <Data Name="PrivilegeList">SeSecurityPrivilege</Data>
      <Data Name="ProcessId">0x560</Data>
      <Data Name="ProcessName">C:\Windows\System32\wbem\WmiPrvSE.exe</Data>
    </EventData>
  </Event>
  <Event xmlns="http://schemas.microsoft.com/win/2004/08/events/event">
    <System>
      <Provider Name="Microsoft-Windows-Security-Auditing" Guid="{54849625-5478-4994-a5ba-3e3b0328c30d}" />
      <EventID>4674</EventID>
      <Version>0</Version>
      <Level>0</Level>
      <Task>13056</Task>
      <Opcode>0</Opcode>
      <Keywords>0x8020000000000000</Keywords>
      <TimeCreated SystemTime="2021-12-09T18:50:56.161836600Z" />
      <EventRecordID>825553</EventRecordID>
      <Correlation />
      <Execution ProcessID="508" ThreadID="516" />
      <Channel>Security</Channel>
      <Computer>FS03.offsec.lan</Computer>
      <Security />
    </System>
    <EventData>
      <Data Name="SubjectUserSid">S-1-5-21-4230534742-2542757381-3142984815-1234</Data>
      <Data Name="SubjectUserName">hack1</Data>
      <Data Name="SubjectDomainName">OFFSEC</Data>
      <Data Name="SubjectLogonId">0x2a2d532</Data>
      <Data Name="ObjectServer">Security</Data>
      <Data Name="ObjectType">-</Data>
      <Data Name="ObjectName">-</Data>
      <Data Name="HandleId">0x258</Data>
      <Data Name="AccessMask">16908297</Data>
      <Data Name="PrivilegeList">SeSecurityPrivilege</Data>
      <Data Name="ProcessId">0x560</Data>
      <Data Name="ProcessName">C:\Windows\System32\wbem\WmiPrvSE.exe</Data>
    </EventData>
  </Event>
  <Event xmlns="http://schemas.microsoft.com/win/2004/08/events/event">
    <System>
      <Provider Name="Microsoft-Windows-Security-Auditing" Guid="{54849625-5478-4994-a5ba-3e3b0328c30d}" />
      <EventID>4674</EventID>
      <Version>0</Version>
      <Level>0</Level>
      <Task>13056</Task>
      <Opcode>0</Opcode>
      <Keywords>0x8020000000000000</Keywords>
      <TimeCreated SystemTime="2021-12-09T18:50:56.193096200Z" />
      <EventRecordID>825554</EventRecordID>
      <Correlation />
      <Execution ProcessID="508" ThreadID="516" />
      <Channel>Security</Channel>
      <Computer>FS03.offsec.lan</Computer>
      <Security />
    </System>
    <EventData>
      <Data Name="SubjectUserSid">S-1-5-21-4230534742-2542757381-3142984815-1234</Data>
      <Data Name="SubjectUserName">hack1</Data>
      <Data Name="SubjectDomainName">OFFSEC</Data>
      <Data Name="SubjectLogonId">0x2a2d532</Data>
      <Data Name="ObjectServer">Security</Data>
      <Data Name="ObjectType">Key</Data>
      <Data Name="ObjectName">\REGISTRY\MACHINE\SECURITY</Data>
      <Data Name="HandleId">0x258</Data>
      <Data Name="AccessMask">%%1538
				%%1539
				%%1540
				%%1542
				%%4432
				%%4435
				</Data>
      <Data Name="PrivilegeList">SeSecurityPrivilege
			SeTakeOwnershipPrivilege</Data>
      <Data Name="ProcessId">0x560</Data>
      <Data Name="ProcessName">C:\Windows\System32\wbem\WmiPrvSE.exe</Data>
    </EventData>
  </Event>
  <Event xmlns="http://schemas.microsoft.com/win/2004/08/events/event">
    <System>
      <Provider Name="Microsoft-Windows-Security-Auditing" Guid="{54849625-5478-4994-a5ba-3e3b0328c30d}" />
      <EventID>4674</EventID>
      <Version>0</Version>
      <Level>0</Level>
      <Task>13056</Task>
      <Opcode>0</Opcode>
      <Keywords>0x8020000000000000</Keywords>
      <TimeCreated SystemTime="2021-12-09T18:50:56.193096200Z" />
      <EventRecordID>825555</EventRecordID>
      <Correlation />
      <Execution ProcessID="508" ThreadID="516" />
      <Channel>Security</Channel>
      <Computer>FS03.offsec.lan</Computer>
      <Security />
    </System>
    <EventData>
      <Data Name="SubjectUserSid">S-1-5-21-4230534742-2542757381-3142984815-1234</Data>
      <Data Name="SubjectUserName">hack1</Data>
      <Data Name="SubjectDomainName">OFFSEC</Data>
      <Data Name="SubjectLogonId">0x2a2d532</Data>
      <Data Name="ObjectServer">Security</Data>
      <Data Name="ObjectType">-</Data>
      <Data Name="ObjectName">-</Data>
      <Data Name="HandleId">0x258</Data>
      <Data Name="AccessMask">17694729</Data>
      <Data Name="PrivilegeList">SeSecurityPrivilege
			SeTakeOwnershipPrivilege</Data>
      <Data Name="ProcessId">0x560</Data>
      <Data Name="ProcessName">C:\Windows\System32\wbem\WmiPrvSE.exe</Data>
    </EventData>
  </Event>
  <Event xmlns="http://schemas.microsoft.com/win/2004/08/events/event">
    <System>
      <Provider Name="Microsoft-Windows-Security-Auditing" Guid="{54849625-5478-4994-a5ba-3e3b0328c30d}" />
      <EventID>4674</EventID>
      <Version>0</Version>
      <Level>0</Level>
      <Task>13056</Task>
      <Opcode>0</Opcode>
      <Keywords>0x8020000000000000</Keywords>
      <TimeCreated SystemTime="2021-12-09T18:50:56.193096200Z" />
      <EventRecordID>825556</EventRecordID>
      <Correlation />
      <Execution ProcessID="508" ThreadID="516" />
      <Channel>Security</Channel>
      <Computer>FS03.offsec.lan</Computer>
      <Security />
    </System>
    <EventData>
      <Data Name="SubjectUserSid">S-1-5-21-4230534742-2542757381-3142984815-1234</Data>
      <Data Name="SubjectUserName">hack1</Data>
      <Data Name="SubjectDomainName">OFFSEC</Data>
      <Data Name="SubjectLogonId">0x2a2d532</Data>
      <Data Name="ObjectServer">Security</Data>
      <Data Name="ObjectType">Key</Data>
      <Data Name="ObjectName">\REGISTRY\MACHINE</Data>
      <Data Name="HandleId">0x268</Data>
      <Data Name="AccessMask">%%1538
				%%1542
				</Data>
      <Data Name="PrivilegeList">SeSecurityPrivilege</Data>
      <Data Name="ProcessId">0x560</Data>
      <Data Name="ProcessName">C:\Windows\System32\wbem\WmiPrvSE.exe</Data>
    </EventData>
  </Event>
  <Event xmlns="http://schemas.microsoft.com/win/2004/08/events/event">
    <System>
      <Provider Name="Microsoft-Windows-Security-Auditing" Guid="{54849625-5478-4994-a5ba-3e3b0328c30d}" />
      <EventID>4674</EventID>
      <Version>0</Version>
      <Level>0</Level>
      <Task>13056</Task>
      <Opcode>0</Opcode>
      <Keywords>0x8020000000000000</Keywords>
      <TimeCreated SystemTime="2021-12-09T18:50:56.193096200Z" />
      <EventRecordID>825557</EventRecordID>
      <Correlation />
      <Execution ProcessID="508" ThreadID="516" />
      <Channel>Security</Channel>
      <Computer>FS03.offsec.lan</Computer>
      <Security />
    </System>
    <EventData>
      <Data Name="SubjectUserSid">S-1-5-21-4230534742-2542757381-3142984815-1234</Data>
      <Data Name="SubjectUserName">hack1</Data>
      <Data Name="SubjectDomainName">OFFSEC</Data>
      <Data Name="SubjectLogonId">0x2a2d532</Data>
      <Data Name="ObjectServer">Security</Data>
      <Data Name="ObjectType">-</Data>
      <Data Name="ObjectName">-</Data>
      <Data Name="HandleId">0x268</Data>
      <Data Name="AccessMask">16908288</Data>
      <Data Name="PrivilegeList">SeSecurityPrivilege</Data>
      <Data Name="ProcessId">0x560</Data>
      <Data Name="ProcessName">C:\Windows\System32\wbem\WmiPrvSE.exe</Data>
    </EventData>
  </Event>
  <Event xmlns="http://schemas.microsoft.com/win/2004/08/events/event">
    <System>
      <Provider Name="Microsoft-Windows-Security-Auditing" Guid="{54849625-5478-4994-a5ba-3e3b0328c30d}" />
      <EventID>4674</EventID>
      <Version>0</Version>
      <Level>0</Level>
      <Task>13056</Task>
      <Opcode>0</Opcode>
      <Keywords>0x8020000000000000</Keywords>
      <TimeCreated SystemTime="2021-12-09T18:50:56.193096200Z" />
      <EventRecordID>825558</EventRecordID>
      <Correlation />
      <Execution ProcessID="508" ThreadID="516" />
      <Channel>Security</Channel>
      <Computer>FS03.offsec.lan</Computer>
      <Security />
    </System>
    <EventData>
      <Data Name="SubjectUserSid">S-1-5-21-4230534742-2542757381-3142984815-1234</Data>
      <Data Name="SubjectUserName">hack1</Data>
      <Data Name="SubjectDomainName">OFFSEC</Data>
      <Data Name="SubjectLogonId">0x2a2d532</Data>
      <Data Name="ObjectServer">Security</Data>
      <Data Name="ObjectType">Key</Data>
      <Data Name="ObjectName">\REGISTRY\MACHINE</Data>
      <Data Name="HandleId">0x268</Data>
      <Data Name="AccessMask">%%1538
				%%1542
				</Data>
      <Data Name="PrivilegeList">SeSecurityPrivilege</Data>
      <Data Name="ProcessId">0x560</Data>
      <Data Name="ProcessName">C:\Windows\System32\wbem\WmiPrvSE.exe</Data>
    </EventData>
  </Event>
  <Event xmlns="http://schemas.microsoft.com/win/2004/08/events/event">
    <System>
      <Provider Name="Microsoft-Windows-Security-Auditing" Guid="{54849625-5478-4994-a5ba-3e3b0328c30d}" />
      <EventID>4674</EventID>
      <Version>0</Version>
      <Level>0</Level>
      <Task>13056</Task>
      <Opcode>0</Opcode>
      <Keywords>0x8020000000000000</Keywords>
      <TimeCreated SystemTime="2021-12-09T18:50:56.193096200Z" />
      <EventRecordID>825559</EventRecordID>
      <Correlation />
      <Execution ProcessID="508" ThreadID="516" />
      <Channel>Security</Channel>
      <Computer>FS03.offsec.lan</Computer>
      <Security />
    </System>
    <EventData>
      <Data Name="SubjectUserSid">S-1-5-21-4230534742-2542757381-3142984815-1234</Data>
      <Data Name="SubjectUserName">hack1</Data>
      <Data Name="SubjectDomainName">OFFSEC</Data>
      <Data Name="SubjectLogonId">0x2a2d532</Data>
      <Data Name="ObjectServer">Security</Data>
      <Data Name="ObjectType">-</Data>
      <Data Name="ObjectName">-</Data>
      <Data Name="HandleId">0x268</Data>
      <Data Name="AccessMask">16908288</Data>
      <Data Name="PrivilegeList">SeSecurityPrivilege</Data>
      <Data Name="ProcessId">0x560</Data>
      <Data Name="ProcessName">C:\Windows\System32\wbem\WmiPrvSE.exe</Data>
    </EventData>
  </Event>
  <Event xmlns="http://schemas.microsoft.com/win/2004/08/events/event">
    <System>
      <Provider Name="Microsoft-Windows-Security-Auditing" Guid="{54849625-5478-4994-a5ba-3e3b0328c30d}" />
      <EventID>4674</EventID>
      <Version>0</Version>
      <Level>0</Level>
      <Task>13056</Task>
      <Opcode>0</Opcode>
      <Keywords>0x8020000000000000</Keywords>
      <TimeCreated SystemTime="2021-12-09T18:50:56.193096200Z" />
      <EventRecordID>825560</EventRecordID>
      <Correlation />
      <Execution ProcessID="508" ThreadID="516" />
      <Channel>Security</Channel>
      <Computer>FS03.offsec.lan</Computer>
      <Security />
    </System>
    <EventData>
      <Data Name="SubjectUserSid">S-1-5-21-4230534742-2542757381-3142984815-1234</Data>
      <Data Name="SubjectUserName">hack1</Data>
      <Data Name="SubjectDomainName">OFFSEC</Data>
      <Data Name="SubjectLogonId">0x2a2d532</Data>
      <Data Name="ObjectServer">Security</Data>
      <Data Name="ObjectType">Key</Data>
      <Data Name="ObjectName">\REGISTRY\MACHINE\SECURITY\Cache</Data>
      <Data Name="HandleId">0x268</Data>
      <Data Name="AccessMask">%%1538
				%%1539
				%%1540
				%%1542
				%%4432
				%%4435
				</Data>
      <Data Name="PrivilegeList">SeSecurityPrivilege
			SeTakeOwnershipPrivilege</Data>
      <Data Name="ProcessId">0x560</Data>
      <Data Name="ProcessName">C:\Windows\System32\wbem\WmiPrvSE.exe</Data>
    </EventData>
  </Event>
  <Event xmlns="http://schemas.microsoft.com/win/2004/08/events/event">
    <System>
      <Provider Name="Microsoft-Windows-Security-Auditing" Guid="{54849625-5478-4994-a5ba-3e3b0328c30d}" />
      <EventID>4674</EventID>
      <Version>0</Version>
      <Level>0</Level>
      <Task>13056</Task>
      <Opcode>0</Opcode>
      <Keywords>0x8020000000000000</Keywords>
      <TimeCreated SystemTime="2021-12-09T18:50:56.193096200Z" />
      <EventRecordID>825561</EventRecordID>
      <Correlation />
      <Execution ProcessID="508" ThreadID="516" />
      <Channel>Security</Channel>
      <Computer>FS03.offsec.lan</Computer>
      <Security />
    </System>
    <EventData>
      <Data Name="SubjectUserSid">S-1-5-21-4230534742-2542757381-3142984815-1234</Data>
      <Data Name="SubjectUserName">hack1</Data>
      <Data Name="SubjectDomainName">OFFSEC</Data>
      <Data Name="SubjectLogonId">0x2a2d532</Data>
      <Data Name="ObjectServer">Security</Data>
      <Data Name="ObjectType">-</Data>
      <Data Name="ObjectName">-</Data>
      <Data Name="HandleId">0x268</Data>
      <Data Name="AccessMask">17694729</Data>
      <Data Name="PrivilegeList">SeSecurityPrivilege
			SeTakeOwnershipPrivilege</Data>
      <Data Name="ProcessId">0x560</Data>
      <Data Name="ProcessName">C:\Windows\System32\wbem\WmiPrvSE.exe</Data>
    </EventData>
  </Event>
  <Event xmlns="http://schemas.microsoft.com/win/2004/08/events/event">
    <System>
      <Provider Name="Microsoft-Windows-Security-Auditing" Guid="{54849625-5478-4994-a5ba-3e3b0328c30d}" />
      <EventID>4674</EventID>
      <Version>0</Version>
      <Level>0</Level>
      <Task>13056</Task>
      <Opcode>0</Opcode>
      <Keywords>0x8020000000000000</Keywords>
      <TimeCreated SystemTime="2021-12-09T18:50:56.193096200Z" />
      <EventRecordID>825562</EventRecordID>
      <Correlation />
      <Execution ProcessID="508" ThreadID="516" />
      <Channel>Security</Channel>
      <Computer>FS03.offsec.lan</Computer>
      <Security />
    </System>
    <EventData>
      <Data Name="SubjectUserSid">S-1-5-21-4230534742-2542757381-3142984815-1234</Data>
      <Data Name="SubjectUserName">hack1</Data>
      <Data Name="SubjectDomainName">OFFSEC</Data>
      <Data Name="SubjectLogonId">0x2a2d532</Data>
      <Data Name="ObjectServer">Security</Data>
      <Data Name="ObjectType">Key</Data>
      <Data Name="ObjectName">\REGISTRY\MACHINE\SECURITY\Cache</Data>
      <Data Name="HandleId">0x264</Data>
      <Data Name="AccessMask">%%1538
				%%1542
				%%4432
				%%4435
				</Data>
      <Data Name="PrivilegeList">SeSecurityPrivilege</Data>
      <Data Name="ProcessId">0x560</Data>
      <Data Name="ProcessName">C:\Windows\System32\wbem\WmiPrvSE.exe</Data>
    </EventData>
  </Event>
  <Event xmlns="http://schemas.microsoft.com/win/2004/08/events/event">
    <System>
      <Provider Name="Microsoft-Windows-Security-Auditing" Guid="{54849625-5478-4994-a5ba-3e3b0328c30d}" />
      <EventID>4674</EventID>
      <Version>0</Version>
      <Level>0</Level>
      <Task>13056</Task>
      <Opcode>0</Opcode>
      <Keywords>0x8020000000000000</Keywords>
      <TimeCreated SystemTime="2021-12-09T18:50:56.193096200Z" />
      <EventRecordID>825563</EventRecordID>
      <Correlation />
      <Execution ProcessID="508" ThreadID="516" />
      <Channel>Security</Channel>
      <Computer>FS03.offsec.lan</Computer>
      <Security />
    </System>
    <EventData>
      <Data Name="SubjectUserSid">S-1-5-21-4230534742-2542757381-3142984815-1234</Data>
      <Data Name="SubjectUserName">hack1</Data>
      <Data Name="SubjectDomainName">OFFSEC</Data>
      <Data Name="SubjectLogonId">0x2a2d532</Data>
      <Data Name="ObjectServer">Security</Data>
      <Data Name="ObjectType">-</Data>
      <Data Name="ObjectName">-</Data>
      <Data Name="HandleId">0x264</Data>
      <Data Name="AccessMask">16908297</Data>
      <Data Name="PrivilegeList">SeSecurityPrivilege</Data>
      <Data Name="ProcessId">0x560</Data>
      <Data Name="ProcessName">C:\Windows\System32\wbem\WmiPrvSE.exe</Data>
    </EventData>
  </Event>
  <Event xmlns="http://schemas.microsoft.com/win/2004/08/events/event">
    <System>
      <Provider Name="Microsoft-Windows-Security-Auditing" Guid="{54849625-5478-4994-a5ba-3e3b0328c30d}" />
      <EventID>4674</EventID>
      <Version>0</Version>
      <Level>0</Level>
      <Task>13056</Task>
      <Opcode>0</Opcode>
      <Keywords>0x8020000000000000</Keywords>
      <TimeCreated SystemTime="2021-12-09T18:50:56.193096200Z" />
      <EventRecordID>825564</EventRecordID>
      <Correlation />
      <Execution ProcessID="508" ThreadID="516" />
      <Channel>Security</Channel>
      <Computer>FS03.offsec.lan</Computer>
      <Security />
    </System>
    <EventData>
      <Data Name="SubjectUserSid">S-1-5-21-4230534742-2542757381-3142984815-1234</Data>
      <Data Name="SubjectUserName">hack1</Data>
      <Data Name="SubjectDomainName">OFFSEC</Data>
      <Data Name="SubjectLogonId">0x2a2d532</Data>
      <Data Name="ObjectServer">Security</Data>
      <Data Name="ObjectType">Key</Data>
      <Data Name="ObjectName">\REGISTRY\MACHINE\SECURITY\Policy</Data>
      <Data Name="HandleId">0x268</Data>
      <Data Name="AccessMask">%%1538
				%%1539
				%%1540
				%%1542
				%%4432
				%%4435
				</Data>
      <Data Name="PrivilegeList">SeSecurityPrivilege
			SeTakeOwnershipPrivilege</Data>
      <Data Name="ProcessId">0x560</Data>
      <Data Name="ProcessName">C:\Windows\System32\wbem\WmiPrvSE.exe</Data>
    </EventData>
  </Event>
  <Event xmlns="http://schemas.microsoft.com/win/2004/08/events/event">
    <System>
      <Provider Name="Microsoft-Windows-Security-Auditing" Guid="{54849625-5478-4994-a5ba-3e3b0328c30d}" />
      <EventID>4674</EventID>
      <Version>0</Version>
      <Level>0</Level>
      <Task>13056</Task>
      <Opcode>0</Opcode>
      <Keywords>0x8020000000000000</Keywords>
      <TimeCreated SystemTime="2021-12-09T18:50:56.193096200Z" />
      <EventRecordID>825565</EventRecordID>
      <Correlation />
      <Execution ProcessID="508" ThreadID="516" />
      <Channel>Security</Channel>
      <Computer>FS03.offsec.lan</Computer>
      <Security />
    </System>
    <EventData>
      <Data Name="SubjectUserSid">S-1-5-21-4230534742-2542757381-3142984815-1234</Data>
      <Data Name="SubjectUserName">hack1</Data>
      <Data Name="SubjectDomainName">OFFSEC</Data>
      <Data Name="SubjectLogonId">0x2a2d532</Data>
      <Data Name="ObjectServer">Security</Data>
      <Data Name="ObjectType">-</Data>
      <Data Name="ObjectName">-</Data>
      <Data Name="HandleId">0x268</Data>
      <Data Name="AccessMask">17694729</Data>
      <Data Name="PrivilegeList">SeSecurityPrivilege
			SeTakeOwnershipPrivilege</Data>
      <Data Name="ProcessId">0x560</Data>
      <Data Name="ProcessName">C:\Windows\System32\wbem\WmiPrvSE.exe</Data>
    </EventData>
  </Event>
  <Event xmlns="http://schemas.microsoft.com/win/2004/08/events/event">
    <System>
      <Provider Name="Microsoft-Windows-Security-Auditing" Guid="{54849625-5478-4994-a5ba-3e3b0328c30d}" />
      <EventID>4674</EventID>
      <Version>0</Version>
      <Level>0</Level>
      <Task>13056</Task>
      <Opcode>0</Opcode>
      <Keywords>0x8020000000000000</Keywords>
      <TimeCreated SystemTime="2021-12-09T18:50:56.193096200Z" />
      <EventRecordID>825566</EventRecordID>
      <Correlation />
      <Execution ProcessID="508" ThreadID="516" />
      <Channel>Security</Channel>
      <Computer>FS03.offsec.lan</Computer>
      <Security />
    </System>
    <EventData>
      <Data Name="SubjectUserSid">S-1-5-21-4230534742-2542757381-3142984815-1234</Data>
      <Data Name="SubjectUserName">hack1</Data>
      <Data Name="SubjectDomainName">OFFSEC</Data>
      <Data Name="SubjectLogonId">0x2a2d532</Data>
      <Data Name="ObjectServer">Security</Data>
      <Data Name="ObjectType">Key</Data>
      <Data Name="ObjectName">\REGISTRY\MACHINE\SECURITY\Policy\Accounts</Data>
      <Data Name="HandleId">0x264</Data>
      <Data Name="AccessMask">%%1538
				%%1539
				%%1540
				%%1542
				%%4432
				%%4435
				</Data>
      <Data Name="PrivilegeList">SeSecurityPrivilege
			SeTakeOwnershipPrivilege</Data>
      <Data Name="ProcessId">0x560</Data>
      <Data Name="ProcessName">C:\Windows\System32\wbem\WmiPrvSE.exe</Data>
    </EventData>
  </Event>
  