<Event xmlns="http://schemas.microsoft.com/win/2004/08/events/event">
    <System>
      <Provider Name="Microsoft-Windows-PowerShell" Guid="{a0c1853b-5c40-4b15-8766-3cf1c58f985a}" />
      <EventID>4103</EventID>
      <Version>1</Version>
      <Level>4</Level>
      <Task>106</Task>
      <Opcode>20</Opcode>
      <Keywords>0x0</Keywords>
      <TimeCreated SystemTime="2021-12-09T19:54:03.650637400Z" />
      <EventRecordID>68961</EventRecordID>
      <Correlation ActivityID="{3f0c7a49-e4fd-0000-0429-353ffde4d701}" />
      <Execution ProcessID="4960" ThreadID="2608" />
      <Channel>Microsoft-Windows-PowerShell/Operational</Channel>
      <Computer>fs03vuln.offsec.lan</Computer>
      <Security UserID="S-1-5-21-4230534742-2542757381-3142984815-1234" />
    </System>
    <EventData>
      <Data Name="ContextInfo">        Severity = Informational
        Host Name = ConsoleHost
        Host Version = 4.0
        Host ID = a991c134-2e90-418c-940d-258271dd1e9c
        Host Application = C:\Windows\System32\WindowsPowerShell\v1.0\powershell.exe
        Engine Version = 4.0
        Runspace ID = 4315d698-493e-410a-8e70-1c07123fdca4
        Pipeline ID = 88
        Command Name = Write-Verbose
        Command Type = Cmdlet
        Script Name = C:\TOOLS\Add-RemoteRegBackdoor.ps1
        Command Path = 
        Sequence Number = 1134
        User = OFFSEC\hack1
        Shell ID = Microsoft.PowerShell
</Data>
      <Data Name="UserData">
      </Data>
      <Data Name="Payload">CommandInvocation(Write-Verbose): "Write-Verbose"
ParameterBinding(Write-Verbose): name="Message"; value="[FS03] Backdooring completed for system"
</Data>
    </EventData>
  </Event>
  <Event xmlns="http://schemas.microsoft.com/win/2004/08/events/event">
    <System>
      <Provider Name="Microsoft-Windows-PowerShell" Guid="{a0c1853b-5c40-4b15-8766-3cf1c58f985a}" />
      <EventID>4103</EventID>
      <Version>1</Version>
      <Level>4</Level>
      <Task>106</Task>
      <Opcode>20</Opcode>
      <Keywords>0x0</Keywords>
      <TimeCreated SystemTime="2021-12-09T19:54:03.666260900Z" />
      <EventRecordID>68962</EventRecordID>
      <Correlation ActivityID="{3f0c7a49-e4fd-0000-0529-353ffde4d701}" />
      <Execution ProcessID="4960" ThreadID="2608" />
      <Channel>Microsoft-Windows-PowerShell/Operational</Channel>
      <Computer>fs03vuln.offsec.lan</Computer>
      <Security UserID="S-1-5-21-4230534742-2542757381-3142984815-1234" />
    </System>
    <EventData>
      <Data Name="ContextInfo">        Severity = Informational
        Host Name = ConsoleHost
        Host Version = 4.0
        Host ID = a991c134-2e90-418c-940d-258271dd1e9c
        Host Application = C:\Windows\System32\WindowsPowerShell\v1.0\powershell.exe
        Engine Version = 4.0
        Runspace ID = 4315d698-493e-410a-8e70-1c07123fdca4
        Pipeline ID = 88
        Command Name = New-Object
        Command Type = Cmdlet
        Script Name = C:\TOOLS\Add-RemoteRegBackdoor.ps1
        Command Path = 
        Sequence Number = 1136
        User = OFFSEC\hack1
        Shell ID = Microsoft.PowerShell
</Data>
      <Data Name="UserData">
      </Data>
      <Data Name="Payload">CommandInvocation(New-Object): "New-Object"
ParameterBinding(New-Object): name="TypeName"; value="PSObject"
</Data>
    </EventData>
  </Event>
  <Event xmlns="http://schemas.microsoft.com/win/2004/08/events/event">
    <System>
      <Provider Name="Microsoft-Windows-PowerShell" Guid="{a0c1853b-5c40-4b15-8766-3cf1c58f985a}" />
      <EventID>4103</EventID>
      <Version>1</Version>
      <Level>4</Level>
      <Task>106</Task>
      <Opcode>20</Opcode>
      <Keywords>0x0</Keywords>
      <TimeCreated SystemTime="2021-12-09T19:54:03.666260900Z" />
      <EventRecordID>68963</EventRecordID>
      <Correlation ActivityID="{3f0c7a49-e4fd-0000-0629-353ffde4d701}" />
      <Execution ProcessID="4960" ThreadID="2608" />
      <Channel>Microsoft-Windows-PowerShell/Operational</Channel>
      <Computer>fs03vuln.offsec.lan</Computer>
      <Security UserID="S-1-5-21-4230534742-2542757381-3142984815-1234" />
    </System>
    <EventData>
      <Data Name="ContextInfo">        Severity = Informational
        Host Name = ConsoleHost
        Host Version = 4.0
        Host ID = a991c134-2e90-418c-940d-258271dd1e9c
        Host Application = C:\Windows\System32\WindowsPowerShell\v1.0\powershell.exe
        Engine Version = 4.0
        Runspace ID = 4315d698-493e-410a-8e70-1c07123fdca4
        Pipeline ID = 88
        Command Name = Add-Member
        Command Type = Cmdlet
        Script Name = C:\TOOLS\Add-RemoteRegBackdoor.ps1
        Command Path = 
        Sequence Number = 1138
        User = OFFSEC\hack1
        Shell ID = Microsoft.PowerShell
</Data>
      <Data Name="UserData">
      </Data>
      <Data Name="Payload">CommandInvocation(Add-Member): "Add-Member"
ParameterBinding(Add-Member): name="MemberType"; value="NoteProperty"
ParameterBinding(Add-Member): name="Name"; value="ComputerName"
ParameterBinding(Add-Member): name="Value"; value="FS03"
ParameterBinding(Add-Member): name="InputObject"; value=""
</Data>
    </EventData>
  </Event>
  <Event xmlns="http://schemas.microsoft.com/win/2004/08/events/event">
    <System>
      <Provider Name="Microsoft-Windows-PowerShell" Guid="{a0c1853b-5c40-4b15-8766-3cf1c58f985a}" />
      <EventID>4103</EventID>
      <Version>1</Version>
      <Level>4</Level>
      <Task>106</Task>
      <Opcode>20</Opcode>
      <Keywords>0x0</Keywords>
      <TimeCreated SystemTime="2021-12-09T19:54:03.666260900Z" />
      <EventRecordID>68964</EventRecordID>
      <Correlation ActivityID="{3f0c7a49-e4fd-0000-0729-353ffde4d701}" />
      <Execution ProcessID="4960" ThreadID="2608" />
      <Channel>Microsoft-Windows-PowerShell/Operational</Channel>
      <Computer>fs03vuln.offsec.lan</Computer>
      <Security UserID="S-1-5-21-4230534742-2542757381-3142984815-1234" />
    </System>
    <EventData>
      <Data Name="ContextInfo">        Severity = Informational
        Host Name = ConsoleHost
        Host Version = 4.0
        Host ID = a991c134-2e90-418c-940d-258271dd1e9c
        Host Application = C:\Windows\System32\WindowsPowerShell\v1.0\powershell.exe
        Engine Version = 4.0
        Runspace ID = 4315d698-493e-410a-8e70-1c07123fdca4
        Pipeline ID = 88
        Command Name = Add-Member
        Command Type = Cmdlet
        Script Name = C:\TOOLS\Add-RemoteRegBackdoor.ps1
        Command Path = 
        Sequence Number = 1140
        User = OFFSEC\hack1
        Shell ID = Microsoft.PowerShell
</Data>
      <Data Name="UserData">
      </Data>
      <Data Name="Payload">CommandInvocation(Add-Member): "Add-Member"
ParameterBinding(Add-Member): name="MemberType"; value="NoteProperty"
ParameterBinding(Add-Member): name="Name"; value="BackdoorTrustee"
ParameterBinding(Add-Member): name="Value"; value="S-1-1-0"
ParameterBinding(Add-Member): name="InputObject"; value="@{ComputerName=FS03}"
</Data>
    </EventData>
  </Event>
  <Event xmlns="http://schemas.microsoft.com/win/2004/08/events/event">
    <System>
      <Provider Name="Microsoft-Windows-PowerShell" Guid="{a0c1853b-5c40-4b15-8766-3cf1c58f985a}" />
      <EventID>4103</EventID>
      <Version>1</Version>
      <Level>4</Level>
      <Task>106</Task>
      <Opcode>20</Opcode>
      <Keywords>0x0</Keywords>
      <TimeCreated SystemTime="2021-12-09T19:54:03.666260900Z" />
      <EventRecordID>68965</EventRecordID>
      <Correlation ActivityID="{3f0c7a49-e4fd-0000-2f28-353ffde4d701}" />
      <Execution ProcessID="4960" ThreadID="2608" />
      <Channel>Microsoft-Windows-PowerShell/Operational</Channel>
      <Computer>fs03vuln.offsec.lan</Computer>
      <Security UserID="S-1-5-21-4230534742-2542757381-3142984815-1234" />
    </System>
    <EventData>
      <Data Name="ContextInfo">        Severity = Informational
        Host Name = ConsoleHost
        Host Version = 4.0
        Host ID = a991c134-2e90-418c-940d-258271dd1e9c
        Host Application = C:\Windows\System32\WindowsPowerShell\v1.0\powershell.exe
        Engine Version = 4.0
        Runspace ID = 4315d698-493e-410a-8e70-1c07123fdca4
        Pipeline ID = 88
        Command Name = 
        Command Type = Script
        Script Name = 
        Command Path = 
        Sequence Number = 1142
        User = OFFSEC\hack1
        Shell ID = Microsoft.PowerShell
</Data>
      <Data Name="UserData">
      </Data>
      <Data Name="Payload">CommandInvocation(Out-Default): "Out-Default"
ParameterBinding(Out-Default): name="InputObject"; value="@{ComputerName=FS03; BackdoorTrustee=S-1-1-0}"
</Data>
    </EventData>
  </Event>
  <Event xmlns="http://schemas.microsoft.com/win/2004/08/events/event">
    <System>
      <Provider Name="Microsoft-Windows-PowerShell" Guid="{a0c1853b-5c40-4b15-8766-3cf1c58f985a}" />
      <EventID>4104</EventID>
      <Version>1</Version>
      <Level>5</Level>
      <Task>102</Task>
      <Opcode>15</Opcode>
      <Keywords>0x0</Keywords>
      <TimeCreated SystemTime="2021-12-09T19:54:03.666260900Z" />
      <EventRecordID>68966</EventRecordID>
      <Correlation ActivityID="{3f0c7a49-e4fd-0000-2f28-353ffde4d701}" />
      <Execution ProcessID="4960" ThreadID="2608" />
      <Channel>Microsoft-Windows-PowerShell/Operational</Channel>
      <Computer>fs03vuln.offsec.lan</Computer>
      <Security UserID="S-1-5-21-4230534742-2542757381-3142984815-1234" />
    </System>
    <EventData>
      <Data Name="MessageNumber">1</Data>
      <Data Name="MessageTotal">1</Data>
      <Data Name="ScriptBlockText">prompt</Data>
      <Data Name="ScriptBlockId">e85ddc7a-38dc-415f-87e9-392f96510932</Data>
    </EventData>
  </Event>
</root>