<Event xmlns="http://schemas.microsoft.com/win/2004/08/events/event">
    <System>
      <Provider Name="Microsoft-Windows-PowerShell" Guid="{a0c1853b-5c40-4b15-8766-3cf1c58f985a}" />
      <EventID>4103</EventID>
      <Version>1</Version>
      <Level>4</Level>
      <Task>106</Task>
      <Opcode>20</Opcode>
      <Keywords>0x0</Keywords>
      <TimeCreated SystemTime="2021-12-09T19:54:03.386419100Z" />
      <EventRecordID>68905</EventRecordID>
      <Correlation ActivityID="{3f0c7a49-e4fd-0000-4b28-353ffde4d701}" />
      <Execution ProcessID="4960" ThreadID="2608" />
      <Channel>Microsoft-Windows-PowerShell/Operational</Channel>
      <Computer>fs03vuln.offsec.lan</Computer>
      <Security UserID="S-1-5-21-4230534742-2542757381-3142984815-1234" />
    </System>
    <EventData>
      <Data Name="ContextInfo">        Severity = Informational
        Host Name = ConsoleHost
        Host Version = 4.0
        Host ID = a991c134-2e90-418c-940d-258271dd1e9c
        Host Application = C:\Windows\System32\WindowsPowerShell\v1.0\powershell.exe
        Engine Version = 4.0
        Runspace ID = 4315d698-493e-410a-8e70-1c07123fdca4
        Pipeline ID = 88
        Command Name = Write-Verbose
        Command Type = Cmdlet
        Script Name = C:\TOOLS\Add-RemoteRegBackdoor.ps1
        Command Path = 
        Sequence Number = 1022
        User = OFFSEC\hack1
        Shell ID = Microsoft.PowerShell
</Data>
      <Data Name="UserData">
      </Data>
      <Data Name="Payload">CommandInvocation(Write-Verbose): "Write-Verbose"
ParameterBinding(Write-Verbose): name="Message"; value="[FS03 : SYSTEM\CurrentControlSet\Control\SecurePipeServers\winreg] Backdooring started for key"
</Data>
    </EventData>
  </Event>
  <Event xmlns="http://schemas.microsoft.com/win/2004/08/events/event">
    <System>
      <Provider Name="Microsoft-Windows-PowerShell" Guid="{a0c1853b-5c40-4b15-8766-3cf1c58f985a}" />
      <EventID>4103</EventID>
      <Version>1</Version>
      <Level>4</Level>
      <Task>106</Task>
      <Opcode>20</Opcode>
      <Keywords>0x0</Keywords>
      <TimeCreated SystemTime="2021-12-09T19:54:03.417680100Z" />
      <EventRecordID>68906</EventRecordID>
      <Correlation ActivityID="{3f0c7a49-e4fd-0000-4c28-353ffde4d701}" />
      <Execution ProcessID="4960" ThreadID="2608" />
      <Channel>Microsoft-Windows-PowerShell/Operational</Channel>
      <Computer>fs03vuln.offsec.lan</Computer>
      <Security UserID="S-1-5-21-4230534742-2542757381-3142984815-1234" />
    </System>
    <EventData>
      <Data Name="ContextInfo">        Severity = Informational
        Host Name = ConsoleHost
        Host Version = 4.0
        Host ID = a991c134-2e90-418c-940d-258271dd1e9c
        Host Application = C:\Windows\System32\WindowsPowerShell\v1.0\powershell.exe
        Engine Version = 4.0
        Runspace ID = 4315d698-493e-410a-8e70-1c07123fdca4
        Pipeline ID = 88
        Command Name = Write-Verbose
        Command Type = Cmdlet
        Script Name = C:\TOOLS\Add-RemoteRegBackdoor.ps1
        Command Path = 
        Sequence Number = 1024
        User = OFFSEC\hack1
        Shell ID = Microsoft.PowerShell
</Data>
      <Data Name="UserData">
      </Data>
      <Data Name="Payload">CommandInvocation(Write-Verbose): "Write-Verbose"
ParameterBinding(Write-Verbose): name="Message"; value="[FS03 : SYSTEM\CurrentControlSet\Control\SecurePipeServers\winreg] Creating ACE with Access Mask of 983103 (ALL_ACCESS) and AceFlags of 2 (CONTAINER_INHERIT_ACE)"
</Data>
    </EventData>
  </Event>
  <Event xmlns="http://schemas.microsoft.com/win/2004/08/events/event">
    <System>
      <Provider Name="Microsoft-Windows-PowerShell" Guid="{a0c1853b-5c40-4b15-8766-3cf1c58f985a}" />
      <EventID>4103</EventID>
      <Version>1</Version>
      <Level>4</Level>
      <Task>106</Task>
      <Opcode>20</Opcode>
      <Keywords>0x0</Keywords>
      <TimeCreated SystemTime="2021-12-09T19:54:03.417680100Z" />
      <EventRecordID>68907</EventRecordID>
      <Correlation ActivityID="{3f0c7a49-e4fd-0000-4d28-353ffde4d701}" />
      <Execution ProcessID="4960" ThreadID="2608" />
      <Channel>Microsoft-Windows-PowerShell/Operational</Channel>
      <Computer>fs03vuln.offsec.lan</Computer>
      <Security UserID="S-1-5-21-4230534742-2542757381-3142984815-1234" />
    </System>
    <EventData>
      <Data Name="ContextInfo">        Severity = Informational
        Host Name = ConsoleHost
        Host Version = 4.0
        Host ID = a991c134-2e90-418c-940d-258271dd1e9c
        Host Application = C:\Windows\System32\WindowsPowerShell\v1.0\powershell.exe
        Engine Version = 4.0
        Runspace ID = 4315d698-493e-410a-8e70-1c07123fdca4
        Pipeline ID = 88
        Command Name = New-Object
        Command Type = Cmdlet
        Script Name = C:\TOOLS\Add-RemoteRegBackdoor.ps1
        Command Path = 
        Sequence Number = 1026
        User = OFFSEC\hack1
        Shell ID = Microsoft.PowerShell
</Data>
      <Data Name="UserData">
      </Data>
      <Data Name="Payload">CommandInvocation(New-Object): "New-Object"
ParameterBinding(New-Object): name="TypeName"; value="System.Management.ManagementClass"
ParameterBinding(New-Object): name="ArgumentList"; value="win32_Ace"
</Data>
    </EventData>
  </Event>
  <Event xmlns="http://schemas.microsoft.com/win/2004/08/events/event">
    <System>
      <Provider Name="Microsoft-Windows-PowerShell" Guid="{a0c1853b-5c40-4b15-8766-3cf1c58f985a}" />
      <EventID>4103</EventID>
      <Version>1</Version>
      <Level>4</Level>
      <Task>106</Task>
      <Opcode>20</Opcode>
      <Keywords>0x0</Keywords>
      <TimeCreated SystemTime="2021-12-09T19:54:03.435736500Z" />
      <EventRecordID>68908</EventRecordID>
      <Correlation ActivityID="{3f0c7a49-e4fd-0001-1bd3-343ffde4d701}" />
      <Execution ProcessID="4960" ThreadID="2608" />
      <Channel>Microsoft-Windows-PowerShell/Operational</Channel>
      <Computer>fs03vuln.offsec.lan</Computer>
      <Security UserID="S-1-5-21-4230534742-2542757381-3142984815-1234" />
    </System>
    <EventData>
      <Data Name="ContextInfo">        Severity = Informational
        Host Name = ConsoleHost
        Host Version = 4.0
        Host ID = a991c134-2e90-418c-940d-258271dd1e9c
        Host Application = C:\Windows\System32\WindowsPowerShell\v1.0\powershell.exe
        Engine Version = 4.0
        Runspace ID = 4315d698-493e-410a-8e70-1c07123fdca4
        Pipeline ID = 88
        Command Name = Write-Verbose
        Command Type = Cmdlet
        Script Name = C:\TOOLS\Add-RemoteRegBackdoor.ps1
        Command Path = 
        Sequence Number = 1028
        User = OFFSEC\hack1
        Shell ID = Microsoft.PowerShell
</Data>
      <Data Name="UserData">
      </Data>
      <Data Name="Payload">CommandInvocation(Write-Verbose): "Write-Verbose"
ParameterBinding(Write-Verbose): name="Message"; value="[FS03 : SYSTEM\CurrentControlSet\Control\SecurePipeServers\winreg] Creating the trustee WMI object with user 'Everyone'"
</Data>
    </EventData>
  </Event>
  <Event xmlns="http://schemas.microsoft.com/win/2004/08/events/event">
    <System>
      <Provider Name="Microsoft-Windows-PowerShell" Guid="{a0c1853b-5c40-4b15-8766-3cf1c58f985a}" />
      <EventID>4103</EventID>
      <Version>1</Version>
      <Level>4</Level>
      <Task>106</Task>
      <Opcode>20</Opcode>
      <Keywords>0x0</Keywords>
      <TimeCreated SystemTime="2021-12-09T19:54:03.435736500Z" />
      <EventRecordID>68909</EventRecordID>
      <Correlation ActivityID="{3f0c7a49-e4fd-0001-1cd3-343ffde4d701}" />
      <Execution ProcessID="4960" ThreadID="2608" />
      <Channel>Microsoft-Windows-PowerShell/Operational</Channel>
      <Computer>fs03vuln.offsec.lan</Computer>
      <Security UserID="S-1-5-21-4230534742-2542757381-3142984815-1234" />
    </System>
    <EventData>
      <Data Name="ContextInfo">        Severity = Informational
        Host Name = ConsoleHost
        Host Version = 4.0
        Host ID = a991c134-2e90-418c-940d-258271dd1e9c
        Host Application = C:\Windows\System32\WindowsPowerShell\v1.0\powershell.exe
        Engine Version = 4.0
        Runspace ID = 4315d698-493e-410a-8e70-1c07123fdca4
        Pipeline ID = 88
        Command Name = New-Object
        Command Type = Cmdlet
        Script Name = C:\TOOLS\Add-RemoteRegBackdoor.ps1
        Command Path = 
        Sequence Number = 1030
        User = OFFSEC\hack1
        Shell ID = Microsoft.PowerShell
</Data>
      <Data Name="UserData">
      </Data>
      <Data Name="Payload">CommandInvocation(New-Object): "New-Object"
ParameterBinding(New-Object): name="TypeName"; value="System.Management.ManagementClass"
ParameterBinding(New-Object): name="ArgumentList"; value="win32_Trustee"
</Data>
    </EventData>
  </Event>
  <Event xmlns="http://schemas.microsoft.com/win/2004/08/events/event">
    <System>
      <Provider Name="Microsoft-Windows-PowerShell" Guid="{a0c1853b-5c40-4b15-8766-3cf1c58f985a}" />
      <EventID>4103</EventID>
      <Version>1</Version>
      <Level>4</Level>
      <Task>106</Task>
      <Opcode>20</Opcode>
      <Keywords>0x0</Keywords>
      <TimeCreated SystemTime="2021-12-09T19:54:03.435736500Z" />
      <EventRecordID>68910</EventRecordID>
      <Correlation ActivityID="{3f0c7a49-e4fd-0001-23d3-343ffde4d701}" />
      <Execution ProcessID="4960" ThreadID="2608" />
      <Channel>Microsoft-Windows-PowerShell/Operational</Channel>
      <Computer>fs03vuln.offsec.lan</Computer>
      <Security UserID="S-1-5-21-4230534742-2542757381-3142984815-1234" />
    </System>
    <EventData>
      <Data Name="ContextInfo">        Severity = Informational
        Host Name = ConsoleHost
        Host Version = 4.0
        Host ID = a991c134-2e90-418c-940d-258271dd1e9c
        Host Application = C:\Windows\System32\WindowsPowerShell\v1.0\powershell.exe
        Engine Version = 4.0
        Runspace ID = 4315d698-493e-410a-8e70-1c07123fdca4
        Pipeline ID = 88
        Command Name = Write-Verbose
        Command Type = Cmdlet
        Script Name = C:\TOOLS\Add-RemoteRegBackdoor.ps1
        Command Path = 
        Sequence Number = 1032
        User = OFFSEC\hack1
        Shell ID = Microsoft.PowerShell
</Data>
      <Data Name="UserData">
      </Data>
      <Data Name="Payload">CommandInvocation(Write-Verbose): "Write-Verbose"
ParameterBinding(Write-Verbose): name="Message"; value="[FS03 : SYSTEM\CurrentControlSet\Control\SecurePipeServers\winreg] Applying Trustee to new Ace"
</Data>
    </EventData>
  </Event>
  <Event xmlns="http://schemas.microsoft.com/win/2004/08/events/event">
    <System>
      <Provider Name="Microsoft-Windows-PowerShell" Guid="{a0c1853b-5c40-4b15-8766-3cf1c58f985a}" />
      <EventID>4103</EventID>
      <Version>1</Version>
      <Level>4</Level>
      <Task>106</Task>
      <Opcode>20</Opcode>
      <Keywords>0x0</Keywords>
      <TimeCreated SystemTime="2021-12-09T19:54:03.451371200Z" />
      <EventRecordID>68911</EventRecordID>
      <Correlation ActivityID="{3f0c7a49-e4fd-0000-5628-353ffde4d701}" />
      <Execution ProcessID="4960" ThreadID="2608" />
      <Channel>Microsoft-Windows-PowerShell/Operational</Channel>
      <Computer>fs03vuln.offsec.lan</Computer>
      <Security UserID="S-1-5-21-4230534742-2542757381-3142984815-1234" />
    </System>
    <EventData>
      <Data Name="ContextInfo">        Severity = Informational
        Host Name = ConsoleHost
        Host Version = 4.0
        Host ID = a991c134-2e90-418c-940d-258271dd1e9c
        Host Application = C:\Windows\System32\WindowsPowerShell\v1.0\powershell.exe
        Engine Version = 4.0
        Runspace ID = 4315d698-493e-410a-8e70-1c07123fdca4
        Pipeline ID = 88
        Command Name = Write-Verbose
        Command Type = Cmdlet
        Script Name = C:\TOOLS\Add-RemoteRegBackdoor.ps1
        Command Path = 
        Sequence Number = 1034
        User = OFFSEC\hack1
        Shell ID = Microsoft.PowerShell
</Data>
      <Data Name="UserData">
      </Data>
      <Data Name="Payload">CommandInvocation(Write-Verbose): "Write-Verbose"
ParameterBinding(Write-Verbose): name="Message"; value="[FS03 : SYSTEM\CurrentControlSet\Control\SecurePipeServers\winreg] Calling SetSecurityDescriptor on the key with the newly created Ace"
</Data>
    </EventData>
  </Event>
  <Event xmlns="http://schemas.microsoft.com/win/2004/08/events/event">
    <System>
      <Provider Name="Microsoft-Windows-PowerShell" Guid="{a0c1853b-5c40-4b15-8766-3cf1c58f985a}" />
      <EventID>4103</EventID>
      <Version>1</Version>
      <Level>4</Level>
      <Task>106</Task>
      <Opcode>20</Opcode>
      <Keywords>0x0</Keywords>
      <TimeCreated SystemTime="2021-12-09T19:54:03.453167100Z" />
      <EventRecordID>68912</EventRecordID>
      <Correlation ActivityID="{3f0c7a49-e4fd-0000-5728-353ffde4d701}" />
      <Execution ProcessID="4960" ThreadID="2608" />
      <Channel>Microsoft-Windows-PowerShell/Operational</Channel>
      <Computer>fs03vuln.offsec.lan</Computer>
      <Security UserID="S-1-5-21-4230534742-2542757381-3142984815-1234" />
    </System>
    <EventData>
      <Data Name="ContextInfo">        Severity = Informational
        Host Name = ConsoleHost
        Host Version = 4.0
        Host ID = a991c134-2e90-418c-940d-258271dd1e9c
        Host Application = C:\Windows\System32\WindowsPowerShell\v1.0\powershell.exe
        Engine Version = 4.0
        Runspace ID = 4315d698-493e-410a-8e70-1c07123fdca4
        Pipeline ID = 88
        Command Name = Write-Verbose
        Command Type = Cmdlet
        Script Name = C:\TOOLS\Add-RemoteRegBackdoor.ps1
        Command Path = 
        Sequence Number = 1036
        User = OFFSEC\hack1
        Shell ID = Microsoft.PowerShell
</Data>
      <Data Name="UserData">
      </Data>
      <Data Name="Payload">CommandInvocation(Write-Verbose): "Write-Verbose"
ParameterBinding(Write-Verbose): name="Message"; value="[FS03 : SYSTEM\CurrentControlSet\Control\SecurePipeServers\winreg] Backdooring completed for key"
</Data>
    </EventData>
  </Event>
  <Event xmlns="http://schemas.microsoft.com/win/2004/08/events/event">
    <System>
      <Provider Name="Microsoft-Windows-PowerShell" Guid="{a0c1853b-5c40-4b15-8766-3cf1c58f985a}" />
      <EventID>4103</EventID>
      <Version>1</Version>
      <Level>4</Level>
      <Task>106</Task>
      <Opcode>20</Opcode>
      <Keywords>0x0</Keywords>
      <TimeCreated SystemTime="2021-12-09T19:54:03.453167100Z" />
      <EventRecordID>68913</EventRecordID>
      <Correlation ActivityID="{3f0c7a49-e4fd-0000-5828-353ffde4d701}" />
      <Execution ProcessID="4960" ThreadID="2608" />
      <Channel>Microsoft-Windows-PowerShell/Operational</Channel>
      <Computer>fs03vuln.offsec.lan</Computer>
      <Security UserID="S-1-5-21-4230534742-2542757381-3142984815-1234" />
    </System>
    <EventData>
      <Data Name="ContextInfo">        Severity = Informational
        Host Name = ConsoleHost
        Host Version = 4.0
        Host ID = a991c134-2e90-418c-940d-258271dd1e9c
        Host Application = C:\Windows\System32\WindowsPowerShell\v1.0\powershell.exe
        Engine Version = 4.0
        Runspace ID = 4315d698-493e-410a-8e70-1c07123fdca4
        Pipeline ID = 88
        Command Name = Write-Verbose
        Command Type = Cmdlet
        Script Name = C:\TOOLS\Add-RemoteRegBackdoor.ps1
        Command Path = 
        Sequence Number = 1038
        User = OFFSEC\hack1
        Shell ID = Microsoft.PowerShell
</Data>
      <Data Name="UserData">
      </Data>
      <Data Name="Payload">CommandInvocation(Write-Verbose): "Write-Verbose"
ParameterBinding(Write-Verbose): name="Message"; value="[FS03 : SYSTEM\CurrentControlSet\Control\Lsa\JD] Backdooring started for key"
</Data>
    </EventData>
  </Event>
  <Event xmlns="http://schemas.microsoft.com/win/2004/08/events/event">
    <System>
      <Provider Name="Microsoft-Windows-PowerShell" Guid="{a0c1853b-5c40-4b15-8766-3cf1c58f985a}" />
      <EventID>4103</EventID>
      <Version>1</Version>
      <Level>4</Level>
      <Task>106</Task>
      <Opcode>20</Opcode>
      <Keywords>0x0</Keywords>
      <TimeCreated SystemTime="2021-12-09T19:54:03.453167100Z" />
      <EventRecordID>68914</EventRecordID>
      <Correlation ActivityID="{3f0c7a49-e4fd-0000-6528-353ffde4d701}" />
      <Execution ProcessID="4960" ThreadID="2608" />
      <Channel>Microsoft-Windows-PowerShell/Operational</Channel>
      <Computer>fs03vuln.offsec.lan</Computer>
      <Security UserID="S-1-5-21-4230534742-2542757381-3142984815-1234" />
    </System>
    <EventData>
      <Data Name="ContextInfo">        Severity = Informational
        Host Name = ConsoleHost
        Host Version = 4.0
        Host ID = a991c134-2e90-418c-940d-258271dd1e9c
        Host Application = C:\Windows\System32\WindowsPowerShell\v1.0\powershell.exe
        Engine Version = 4.0
        Runspace ID = 4315d698-493e-410a-8e70-1c07123fdca4
        Pipeline ID = 88
        Command Name = Write-Verbose
        Command Type = Cmdlet
        Script Name = C:\TOOLS\Add-RemoteRegBackdoor.ps1
        Command Path = 
        Sequence Number = 1040
        User = OFFSEC\hack1
        Shell ID = Microsoft.PowerShell
</Data>
      <Data Name="UserData">
      </Data>
      <Data Name="Payload">CommandInvocation(Write-Verbose): "Write-Verbose"
ParameterBinding(Write-Verbose): name="Message"; value="[FS03 : SYSTEM\CurrentControlSet\Control\Lsa\JD] Creating ACE with Access Mask of 983103 (ALL_ACCESS) and AceFlags of 2 (CONTAINER_INHERIT_ACE)"
</Data>
    </EventData>
  </Event>
  <Event xmlns="http://schemas.microsoft.com/win/2004/08/events/event">
    <System>
      <Provider Name="Microsoft-Windows-PowerShell" Guid="{a0c1853b-5c40-4b15-8766-3cf1c58f985a}" />
      <EventID>4103</EventID>
      <Version>1</Version>
      <Level>4</Level>
      <Task>106</Task>
      <Opcode>20</Opcode>
      <Keywords>0x0</Keywords>
      <TimeCreated SystemTime="2021-12-09T19:54:03.453167100Z" />
      <EventRecordID>68915</EventRecordID>
      <Correlation ActivityID="{3f0c7a49-e4fd-0000-6628-353ffde4d701}" />
      <Execution ProcessID="4960" ThreadID="2608" />
      <Channel>Microsoft-Windows-PowerShell/Operational</Channel>
      <Computer>fs03vuln.offsec.lan</Computer>
      <Security UserID="S-1-5-21-4230534742-2542757381-3142984815-1234" />
    </System>
    <EventData>
      <Data Name="ContextInfo">        Severity = Informational
        Host Name = ConsoleHost
        Host Version = 4.0
        Host ID = a991c134-2e90-418c-940d-258271dd1e9c
        Host Application = C:\Windows\System32\WindowsPowerShell\v1.0\powershell.exe
        Engine Version = 4.0
        Runspace ID = 4315d698-493e-410a-8e70-1c07123fdca4
        Pipeline ID = 88
        Command Name = New-Object
        Command Type = Cmdlet
        Script Name = C:\TOOLS\Add-RemoteRegBackdoor.ps1
        Command Path = 
        Sequence Number = 1042
        User = OFFSEC\hack1
        Shell ID = Microsoft.PowerShell
</Data>
      <Data Name="UserData">
      </Data>
      <Data Name="Payload">CommandInvocation(New-Object): "New-Object"
ParameterBinding(New-Object): name="TypeName"; value="System.Management.ManagementClass"
ParameterBinding(New-Object): name="ArgumentList"; value="win32_Ace"
</Data>
    </EventData>
  </Event>
  <Event xmlns="http://schemas.microsoft.com/win/2004/08/events/event">
    <System>
      <Provider Name="Microsoft-Windows-PowerShell" Guid="{a0c1853b-5c40-4b15-8766-3cf1c58f985a}" />
      <EventID>4103</EventID>
      <Version>1</Version>
      <Level>4</Level>
      <Task>106</Task>
      <Opcode>20</Opcode>
      <Keywords>0x0</Keywords>
      <TimeCreated SystemTime="2021-12-09T19:54:03.468802700Z" />
      <EventRecordID>68916</EventRecordID>
      <Correlation ActivityID="{3f0c7a49-e4fd-0001-24d3-343ffde4d701}" />
      <Execution ProcessID="4960" ThreadID="2608" />
      <Channel>Microsoft-Windows-PowerShell/Operational</Channel>
      <Computer>fs03vuln.offsec.lan</Computer>
      <Security UserID="S-1-5-21-4230534742-2542757381-3142984815-1234" />
    </System>
    <EventData>
      <Data Name="ContextInfo">        Severity = Informational
        Host Name = ConsoleHost
        Host Version = 4.0
        Host ID = a991c134-2e90-418c-940d-258271dd1e9c
        Host Application = C:\Windows\System32\WindowsPowerShell\v1.0\powershell.exe
        Engine Version = 4.0
        Runspace ID = 4315d698-493e-410a-8e70-1c07123fdca4
        Pipeline ID = 88
        Command Name = Write-Verbose
        Command Type = Cmdlet
        Script Name = C:\TOOLS\Add-RemoteRegBackdoor.ps1
        Command Path = 
        Sequence Number = 1044
        User = OFFSEC\hack1
        Shell ID = Microsoft.PowerShell
</Data>
      <Data Name="UserData">
      </Data>
      <Data Name="Payload">CommandInvocation(Write-Verbose): "Write-Verbose"
ParameterBinding(Write-Verbose): name="Message"; value="[FS03 : SYSTEM\CurrentControlSet\Control\Lsa\JD] Creating the trustee WMI object with user 'Everyone'"
</Data>
    </EventData>
  </Event>
  <Event xmlns="http://schemas.microsoft.com/win/2004/08/events/event">
    <System>
      <Provider Name="Microsoft-Windows-PowerShell" Guid="{a0c1853b-5c40-4b15-8766-3cf1c58f985a}" />
      <EventID>4103</EventID>
      <Version>1</Version>
      <Level>4</Level>
      <Task>106</Task>
      <Opcode>20</Opcode>
      <Keywords>0x0</Keywords>
      <TimeCreated SystemTime="2021-12-09T19:54:03.468802700Z" />
      <EventRecordID>68917</EventRecordID>
      <Correlation ActivityID="{3f0c7a49-e4fd-0001-25d3-343ffde4d701}" />
      <Execution ProcessID="4960" ThreadID="2608" />
      <Channel>Microsoft-Windows-PowerShell/Operational</Channel>
      <Computer>fs03vuln.offsec.lan</Computer>
      <Security UserID="S-1-5-21-4230534742-2542757381-3142984815-1234" />
    </System>
    <EventData>
      <Data Name="ContextInfo">        Severity = Informational
        Host Name = ConsoleHost
        Host Version = 4.0
        Host ID = a991c134-2e90-418c-940d-258271dd1e9c
        Host Application = C:\Windows\System32\WindowsPowerShell\v1.0\powershell.exe
        Engine Version = 4.0
        Runspace ID = 4315d698-493e-410a-8e70-1c07123fdca4
        Pipeline ID = 88
        Command Name = New-Object
        Command Type = Cmdlet
        Script Name = C:\TOOLS\Add-RemoteRegBackdoor.ps1
        Command Path = 
        Sequence Number = 1046
        User = OFFSEC\hack1
        Shell ID = Microsoft.PowerShell
</Data>
      <Data Name="UserData">
      </Data>
      <Data Name="Payload">CommandInvocation(New-Object): "New-Object"
ParameterBinding(New-Object): name="TypeName"; value="System.Management.ManagementClass"
ParameterBinding(New-Object): name="ArgumentList"; value="win32_Trustee"
</Data>
    </EventData>
  </Event>
  <Event xmlns="http://schemas.microsoft.com/win/2004/08/events/event">
    <System>
      <Provider Name="Microsoft-Windows-PowerShell" Guid="{a0c1853b-5c40-4b15-8766-3cf1c58f985a}" />
      <EventID>4103</EventID>
      <Version>1</Version>
      <Level>4</Level>
      <Task>106</Task>
      <Opcode>20</Opcode>
      <Keywords>0x0</Keywords>
      <TimeCreated SystemTime="2021-12-09T19:54:03.468802700Z" />
      <EventRecordID>68918</EventRecordID>
      <Correlation ActivityID="{3f0c7a49-e4fd-0000-6728-353ffde4d701}" />
      <Execution ProcessID="4960" ThreadID="2608" />
      <Channel>Microsoft-Windows-PowerShell/Operational</Channel>
      <Computer>fs03vuln.offsec.lan</Computer>
      <Security UserID="S-1-5-21-4230534742-2542757381-3142984815-1234" />
    </System>
    <EventData>
      <Data Name="ContextInfo">        Severity = Informational
        Host Name = ConsoleHost
        Host Version = 4.0
        Host ID = a991c134-2e90-418c-940d-258271dd1e9c
        Host Application = C:\Windows\System32\WindowsPowerShell\v1.0\powershell.exe
        Engine Version = 4.0
        Runspace ID = 4315d698-493e-410a-8e70-1c07123fdca4
        Pipeline ID = 88
        Command Name = Write-Verbose
        Command Type = Cmdlet
        Script Name = C:\TOOLS\Add-RemoteRegBackdoor.ps1
        Command Path = 
        Sequence Number = 1048
        User = OFFSEC\hack1
        Shell ID = Microsoft.PowerShell
</Data>
      <Data Name="UserData">
      </Data>
      <Data Name="Payload">CommandInvocation(Write-Verbose): "Write-Verbose"
ParameterBinding(Write-Verbose): name="Message"; value="[FS03 : SYSTEM\CurrentControlSet\Control\Lsa\JD] Applying Trustee to new Ace"
</Data>
    </EventData>
  </Event>
  <Event xmlns="http://schemas.microsoft.com/win/2004/08/events/event">
    <System>
      <Provider Name="Microsoft-Windows-PowerShell" Guid="{a0c1853b-5c40-4b15-8766-3cf1c58f985a}" />
      <EventID>4103</EventID>
      <Version>1</Version>
      <Level>4</Level>
      <Task>106</Task>
      <Opcode>20</Opcode>
      <Keywords>0x0</Keywords>
      <TimeCreated SystemTime="2021-12-09T19:54:03.468802700Z" />
      <EventRecordID>68919</EventRecordID>
      <Correlation ActivityID="{3f0c7a49-e4fd-0000-6b28-353ffde4d701}" />
      <Execution ProcessID="4960" ThreadID="2608" />
      <Channel>Microsoft-Windows-PowerShell/Operational</Channel>
      <Computer>fs03vuln.offsec.lan</Computer>
      <Security UserID="S-1-5-21-4230534742-2542757381-3142984815-1234" />
    </System>
    <EventData>
      <Data Name="ContextInfo">        Severity = Informational
        Host Name = ConsoleHost
        Host Version = 4.0
        Host ID = a991c134-2e90-418c-940d-258271dd1e9c
        Host Application = C:\Windows\System32\WindowsPowerShell\v1.0\powershell.exe
        Engine Version = 4.0
        Runspace ID = 4315d698-493e-410a-8e70-1c07123fdca4
        Pipeline ID = 88
        Command Name = Write-Verbose
        Command Type = Cmdlet
        Script Name = C:\TOOLS\Add-RemoteRegBackdoor.ps1
        Command Path = 
        Sequence Number = 1050
        User = OFFSEC\hack1
        Shell ID = Microsoft.PowerShell
</Data>
      <Data Name="UserData">
      </Data>
      <Data Name="Payload">CommandInvocation(Write-Verbose): "Write-Verbose"
ParameterBinding(Write-Verbose): name="Message"; value="[FS03 : SYSTEM\CurrentControlSet\Control\Lsa\JD] Calling SetSecurityDescriptor on the key with the newly created Ace"
</Data>
    </EventData>
  </Event>
  <Event xmlns="http://schemas.microsoft.com/win/2004/08/events/event">
    <System>
      <Provider Name="Microsoft-Windows-PowerShell" Guid="{a0c1853b-5c40-4b15-8766-3cf1c58f985a}" />
      <EventID>4103</EventID>
      <Version>1</Version>
      <Level>4</Level>
      <Task>106</Task>
      <Opcode>20</Opcode>
      <Keywords>0x0</Keywords>
      <TimeCreated SystemTime="2021-12-09T19:54:03.486143800Z" />
      <EventRecordID>68920</EventRecordID>
      <Correlation ActivityID="{3f0c7a49-e4fd-0000-6c28-353ffde4d701}" />
      <Execution ProcessID="4960" ThreadID="2608" />
      <Channel>Microsoft-Windows-PowerShell/Operational</Channel>
      <Computer>fs03vuln.offsec.lan</Computer>
      <Security UserID="S-1-5-21-4230534742-2542757381-3142984815-1234" />
    </System>
    <EventData>
      <Data Name="ContextInfo">        Severity = Informational
        Host Name = ConsoleHost
        Host Version = 4.0
        Host ID = a991c134-2e90-418c-940d-258271dd1e9c
        Host Application = C:\Windows\System32\WindowsPowerShell\v1.0\powershell.exe
        Engine Version = 4.0
        Runspace ID = 4315d698-493e-410a-8e70-1c07123fdca4
        Pipeline ID = 88
        Command Name = Write-Verbose
        Command Type = Cmdlet
        Script Name = C:\TOOLS\Add-RemoteRegBackdoor.ps1
        Command Path = 
        Sequence Number = 1052
        User = OFFSEC\hack1
        Shell ID = Microsoft.PowerShell
</Data>
      <Data Name="UserData">
      </Data>
      <Data Name="Payload">CommandInvocation(Write-Verbose): "Write-Verbose"
ParameterBinding(Write-Verbose): name="Message"; value="[FS03 : SYSTEM\CurrentControlSet\Control\Lsa\JD] Backdooring completed for key"
</Data>
    </EventData>
  </Event>
  <Event xmlns="http://schemas.microsoft.com/win/2004/08/events/event">
    <System>
      <Provider Name="Microsoft-Windows-PowerShell" Guid="{a0c1853b-5c40-4b15-8766-3cf1c58f985a}" />
      <EventID>4103</EventID>
      <Version>1</Version>
      <Level>4</Level>
      <Task>106</Task>
      <Opcode>20</Opcode>
      <Keywords>0x0</Keywords>
      <TimeCreated SystemTime="2021-12-09T19:54:03.486143800Z" />
      <EventRecordID>68921</EventRecordID>
      <Correlation ActivityID="{3f0c7a49-e4fd-0000-6d28-353ffde4d701}" />
      <Execution ProcessID="4960" ThreadID="2608" />
      <Channel>Microsoft-Windows-PowerShell/Operational</Channel>
      <Computer>fs03vuln.offsec.lan</Computer>
      <Security UserID="S-1-5-21-4230534742-2542757381-3142984815-1234" />
    </System>
    <EventData>
      <Data Name="ContextInfo">        Severity = Informational
        Host Name = ConsoleHost
        Host Version = 4.0
        Host ID = a991c134-2e90-418c-940d-258271dd1e9c
        Host Application = C:\Windows\System32\WindowsPowerShell\v1.0\powershell.exe
        Engine Version = 4.0
        Runspace ID = 4315d698-493e-410a-8e70-1c07123fdca4
        Pipeline ID = 88
        Command Name = Write-Verbose
        Command Type = Cmdlet
        Script Name = C:\TOOLS\Add-RemoteRegBackdoor.ps1
        Command Path = 
        Sequence Number = 1054
        User = OFFSEC\hack1
        Shell ID = Microsoft.PowerShell
</Data>
      <Data Name="UserData">
      </Data>
      <Data Name="Payload">CommandInvocation(Write-Verbose): "Write-Verbose"
ParameterBinding(Write-Verbose): name="Message"; value="[FS03 : SYSTEM\CurrentControlSet\Control\Lsa\Skew1] Backdooring started for key"
</Data>
    </EventData>
  </Event>
  <Event xmlns="http://schemas.microsoft.com/win/2004/08/events/event">
    <System>
      <Provider Name="Microsoft-Windows-PowerShell" Guid="{a0c1853b-5c40-4b15-8766-3cf1c58f985a}" />
      <EventID>4103</EventID>
      <Version>1</Version>
      <Level>4</Level>
      <Task>106</Task>
      <Opcode>20</Opcode>
      <Keywords>0x0</Keywords>
      <TimeCreated SystemTime="2021-12-09T19:54:03.494666000Z" />
      <EventRecordID>68922</EventRecordID>
      <Correlation ActivityID="{3f0c7a49-e4fd-0000-6e28-353ffde4d701}" />
      <Execution ProcessID="4960" ThreadID="2608" />
      <Channel>Microsoft-Windows-PowerShell/Operational</Channel>
      <Computer>fs03vuln.offsec.lan</Computer>
      <Security UserID="S-1-5-21-4230534742-2542757381-3142984815-1234" />
    </System>
    <EventData>
      <Data Name="ContextInfo">        Severity = Informational
        Host Name = ConsoleHost
        Host Version = 4.0
        Host ID = a991c134-2e90-418c-940d-258271dd1e9c
        Host Application = C:\Windows\System32\WindowsPowerShell\v1.0\powershell.exe
        Engine Version = 4.0
        Runspace ID = 4315d698-493e-410a-8e70-1c07123fdca4
        Pipeline ID = 88
        Command Name = Write-Verbose
        Command Type = Cmdlet
        Script Name = C:\TOOLS\Add-RemoteRegBackdoor.ps1
        Command Path = 
        Sequence Number = 1056
        User = OFFSEC\hack1
        Shell ID = Microsoft.PowerShell
</Data>
      <Data Name="UserData">
      </Data>
      <Data Name="Payload">CommandInvocation(Write-Verbose): "Write-Verbose"
ParameterBinding(Write-Verbose): name="Message"; value="[FS03 : SYSTEM\CurrentControlSet\Control\Lsa\Skew1] Creating ACE with Access Mask of 983103 (ALL_ACCESS) and AceFlags of 2 (CONTAINER_INHERIT_ACE)"
</Data>
    </EventData>
  </Event>
  <Event xmlns="http://schemas.microsoft.com/win/2004/08/events/event">
    <System>
      <Provider Name="Microsoft-Windows-PowerShell" Guid="{a0c1853b-5c40-4b15-8766-3cf1c58f985a}" />
      <EventID>4103</EventID>
      <Version>1</Version>
      <Level>4</Level>
      <Task>106</Task>
      <Opcode>20</Opcode>
      <Keywords>0x0</Keywords>
      <TimeCreated SystemTime="2021-12-09T19:54:03.494666000Z" />
      <EventRecordID>68923</EventRecordID>
      <Correlation ActivityID="{3f0c7a49-e4fd-0000-6f28-353ffde4d701}" />
      <Execution ProcessID="4960" ThreadID="2608" />
      <Channel>Microsoft-Windows-PowerShell/Operational</Channel>
      <Computer>fs03vuln.offsec.lan</Computer>
      <Security UserID="S-1-5-21-4230534742-2542757381-3142984815-1234" />
    </System>
    <EventData>
      <Data Name="ContextInfo">        Severity = Informational
        Host Name = ConsoleHost
        Host Version = 4.0
        Host ID = a991c134-2e90-418c-940d-258271dd1e9c
        Host Application = C:\Windows\System32\WindowsPowerShell\v1.0\powershell.exe
        Engine Version = 4.0
        Runspace ID = 4315d698-493e-410a-8e70-1c07123fdca4
        Pipeline ID = 88
        Command Name = New-Object
        Command Type = Cmdlet
        Script Name = C:\TOOLS\Add-RemoteRegBackdoor.ps1
        Command Path = 
        Sequence Number = 1058
        User = OFFSEC\hack1
        Shell ID = Microsoft.PowerShell
</Data>
      <Data Name="UserData">
      </Data>
      <Data Name="Payload">CommandInvocation(New-Object): "New-Object"
ParameterBinding(New-Object): name="TypeName"; value="System.Management.ManagementClass"
ParameterBinding(New-Object): name="ArgumentList"; value="win32_Ace"
</Data>
    </EventData>
  </Event>
  <Event xmlns="http://schemas.microsoft.com/win/2004/08/events/event">
    <System>
      <Provider Name="Microsoft-Windows-PowerShell" Guid="{a0c1853b-5c40-4b15-8766-3cf1c58f985a}" />
      <EventID>4103</EventID>
      <Version>1</Version>
      <Level>4</Level>
      <Task>106</Task>
      <Opcode>20</Opcode>
      <Keywords>0x0</Keywords>
      <TimeCreated SystemTime="2021-12-09T19:54:03.494666000Z" />
      <EventRecordID>68924</EventRecordID>
      <Correlation ActivityID="{3f0c7a49-e4fd-0001-33d3-343ffde4d701}" />
      <Execution ProcessID="4960" ThreadID="2608" />
      <Channel>Microsoft-Windows-PowerShell/Operational</Channel>
      <Computer>fs03vuln.offsec.lan</Computer>
      <Security UserID="S-1-5-21-4230534742-2542757381-3142984815-1234" />
    </System>
    <EventData>
      <Data Name="ContextInfo">        Severity = Informational
        Host Name = ConsoleHost
        Host Version = 4.0
        Host ID = a991c134-2e90-418c-940d-258271dd1e9c
        Host Application = C:\Windows\System32\WindowsPowerShell\v1.0\powershell.exe
        Engine Version = 4.0
        Runspace ID = 4315d698-493e-410a-8e70-1c07123fdca4
        Pipeline ID = 88
        Command Name = Write-Verbose
        Command Type = Cmdlet
        Script Name = C:\TOOLS\Add-RemoteRegBackdoor.ps1
        Command Path = 
        Sequence Number = 1060
        User = OFFSEC\hack1
        Shell ID = Microsoft.PowerShell
</Data>
      <Data Name="UserData">
      </Data>
      <Data Name="Payload">CommandInvocation(Write-Verbose): "Write-Verbose"
ParameterBinding(Write-Verbose): name="Message"; value="[FS03 : SYSTEM\CurrentControlSet\Control\Lsa\Skew1] Creating the trustee WMI object with user 'Everyone'"
</Data>
    </EventData>
  </Event>
  <Event xmlns="http://schemas.microsoft.com/win/2004/08/events/event">
    <System>
      <Provider Name="Microsoft-Windows-PowerShell" Guid="{a0c1853b-5c40-4b15-8766-3cf1c58f985a}" />
      <EventID>4103</EventID>
      <Version>1</Version>
      <Level>4</Level>
      <Task>106</Task>
      <Opcode>20</Opcode>
      <Keywords>0x0</Keywords>
      <TimeCreated SystemTime="2021-12-09T19:54:03.494666000Z" />
      <EventRecordID>68925</EventRecordID>
      <Correlation ActivityID="{3f0c7a49-e4fd-0001-34d3-343ffde4d701}" />
      <Execution ProcessID="4960" ThreadID="2608" />
      <Channel>Microsoft-Windows-PowerShell/Operational</Channel>
      <Computer>fs03vuln.offsec.lan</Computer>
      <Security UserID="S-1-5-21-4230534742-2542757381-3142984815-1234" />
    </System>
    <EventData>
      <Data Name="ContextInfo">        Severity = Informational
        Host Name = ConsoleHost
        Host Version = 4.0
        Host ID = a991c134-2e90-418c-940d-258271dd1e9c
        Host Application = C:\Windows\System32\WindowsPowerShell\v1.0\powershell.exe
        Engine Version = 4.0
        Runspace ID = 4315d698-493e-410a-8e70-1c07123fdca4
        Pipeline ID = 88
        Command Name = New-Object
        Command Type = Cmdlet
        Script Name = C:\TOOLS\Add-RemoteRegBackdoor.ps1
        Command Path = 
        Sequence Number = 1062
        User = OFFSEC\hack1
        Shell ID = Microsoft.PowerShell
</Data>
      <Data Name="UserData">
      </Data>
      <Data Name="Payload">CommandInvocation(New-Object): "New-Object"
ParameterBinding(New-Object): name="TypeName"; value="System.Management.ManagementClass"
ParameterBinding(New-Object): name="ArgumentList"; value="win32_Trustee"
</Data>
    </EventData>
  </Event>
  <Event xmlns="http://schemas.microsoft.com/win/2004/08/events/event">
    <System>
      <Provider Name="Microsoft-Windows-PowerShell" Guid="{a0c1853b-5c40-4b15-8766-3cf1c58f985a}" />
      <EventID>4103</EventID>
      <Version>1</Version>
      <Level>4</Level>
      <Task>106</Task>
      <Opcode>20</Opcode>
      <Keywords>0x0</Keywords>
      <TimeCreated SystemTime="2021-12-09T19:54:03.503918300Z" />
      <EventRecordID>68926</EventRecordID>
      <Correlation ActivityID="{3f0c7a49-e4fd-0000-7828-353ffde4d701}" />
      <Execution ProcessID="4960" ThreadID="2608" />
      <Channel>Microsoft-Windows-PowerShell/Operational</Channel>
      <Computer>fs03vuln.offsec.lan</Computer>
      <Security UserID="S-1-5-21-4230534742-2542757381-3142984815-1234" />
    </System>
    <EventData>
      <Data Name="ContextInfo">        Severity = Informational
        Host Name = ConsoleHost
        Host Version = 4.0
        Host ID = a991c134-2e90-418c-940d-258271dd1e9c
        Host Application = C:\Windows\System32\WindowsPowerShell\v1.0\powershell.exe
        Engine Version = 4.0
        Runspace ID = 4315d698-493e-410a-8e70-1c07123fdca4
        Pipeline ID = 88
        Command Name = Write-Verbose
        Command Type = Cmdlet
        Script Name = C:\TOOLS\Add-RemoteRegBackdoor.ps1
        Command Path = 
        Sequence Number = 1064
        User = OFFSEC\hack1
        Shell ID = Microsoft.PowerShell
</Data>
      <Data Name="UserData">
      </Data>
      <Data Name="Payload">CommandInvocation(Write-Verbose): "Write-Verbose"
ParameterBinding(Write-Verbose): name="Message"; value="[FS03 : SYSTEM\CurrentControlSet\Control\Lsa\Skew1] Applying Trustee to new Ace"
</Data>
    </EventData>
  </Event>
  <Event xmlns="http://schemas.microsoft.com/win/2004/08/events/event">
    <System>
      <Provider Name="Microsoft-Windows-PowerShell" Guid="{a0c1853b-5c40-4b15-8766-3cf1c58f985a}" />
      <EventID>4103</EventID>
      <Version>1</Version>
      <Level>4</Level>
      <Task>106</Task>
      <Opcode>20</Opcode>
      <Keywords>0x0</Keywords>
      <TimeCreated SystemTime="2021-12-09T19:54:03.503918300Z" />
      <EventRecordID>68927</EventRecordID>
      <Correlation ActivityID="{3f0c7a49-e4fd-0000-7928-353ffde4d701}" />
      <Execution ProcessID="4960" ThreadID="2608" />
      <Channel>Microsoft-Windows-PowerShell/Operational</Channel>
      <Computer>fs03vuln.offsec.lan</Computer>
      <Security UserID="S-1-5-21-4230534742-2542757381-3142984815-1234" />
    </System>
    <EventData>
      <Data Name="ContextInfo">        Severity = Informational
        Host Name = ConsoleHost
        Host Version = 4.0
        Host ID = a991c134-2e90-418c-940d-258271dd1e9c
        Host Application = C:\Windows\System32\WindowsPowerShell\v1.0\powershell.exe
        Engine Version = 4.0
        Runspace ID = 4315d698-493e-410a-8e70-1c07123fdca4
        Pipeline ID = 88
        Command Name = Write-Verbose
        Command Type = Cmdlet
        Script Name = C:\TOOLS\Add-RemoteRegBackdoor.ps1
        Command Path = 
        Sequence Number = 1066
        User = OFFSEC\hack1
        Shell ID = Microsoft.PowerShell
</Data>
      <Data Name="UserData">
      </Data>
      <Data Name="Payload">CommandInvocation(Write-Verbose): "Write-Verbose"
ParameterBinding(Write-Verbose): name="Message"; value="[FS03 : SYSTEM\CurrentControlSet\Control\Lsa\Skew1] Calling SetSecurityDescriptor on the key with the newly created Ace"
</Data>
    </EventData>
  </Event>
  <Event xmlns="http://schemas.microsoft.com/win/2004/08/events/event">
    <System>
      <Provider Name="Microsoft-Windows-PowerShell" Guid="{a0c1853b-5c40-4b15-8766-3cf1c58f985a}" />
      <EventID>4103</EventID>
      <Version>1</Version>
      <Level>4</Level>
      <Task>106</Task>
      <Opcode>20</Opcode>
      <Keywords>0x0</Keywords>
      <TimeCreated SystemTime="2021-12-09T19:54:03.503918300Z" />
      <EventRecordID>68928</EventRecordID>
      <Correlation ActivityID="{3f0c7a49-e4fd-0000-7a28-353ffde4d701}" />
      <Execution ProcessID="4960" ThreadID="2608" />
      <Channel>Microsoft-Windows-PowerShell/Operational</Channel>
      <Computer>fs03vuln.offsec.lan</Computer>
      <Security UserID="S-1-5-21-4230534742-2542757381-3142984815-1234" />
    </System>
    <EventData>
      <Data Name="ContextInfo">        Severity = Informational
        Host Name = ConsoleHost
        Host Version = 4.0
        Host ID = a991c134-2e90-418c-940d-258271dd1e9c
        Host Application = C:\Windows\System32\WindowsPowerShell\v1.0\powershell.exe
        Engine Version = 4.0
        Runspace ID = 4315d698-493e-410a-8e70-1c07123fdca4
        Pipeline ID = 88
        Command Name = Write-Verbose
        Command Type = Cmdlet
        Script Name = C:\TOOLS\Add-RemoteRegBackdoor.ps1
        Command Path = 
        Sequence Number = 1068
        User = OFFSEC\hack1
        Shell ID = Microsoft.PowerShell
</Data>
      <Data Name="UserData">
      </Data>
      <Data Name="Payload">CommandInvocation(Write-Verbose): "Write-Verbose"
ParameterBinding(Write-Verbose): name="Message"; value="[FS03 : SYSTEM\CurrentControlSet\Control\Lsa\Skew1] Backdooring completed for key"
</Data>
    </EventData>
  </Event>
  <Event xmlns="http://schemas.microsoft.com/win/2004/08/events/event">
    <System>
      <Provider Name="Microsoft-Windows-PowerShell" Guid="{a0c1853b-5c40-4b15-8766-3cf1c58f985a}" />
      <EventID>4103</EventID>
      <Version>1</Version>
      <Level>4</Level>
      <Task>106</Task>
      <Opcode>20</Opcode>
      <Keywords>0x0</Keywords>
      <TimeCreated SystemTime="2021-12-09T19:54:03.503918300Z" />
      <EventRecordID>68929</EventRecordID>
      <Correlation ActivityID="{3f0c7a49-e4fd-0000-7b28-353ffde4d701}" />
      <Execution ProcessID="4960" ThreadID="2608" />
      <Channel>Microsoft-Windows-PowerShell/Operational</Channel>
      <Computer>fs03vuln.offsec.lan</Computer>
      <Security UserID="S-1-5-21-4230534742-2542757381-3142984815-1234" />
    </System>
    <EventData>
      <Data Name="ContextInfo">        Severity = Informational
        Host Name = ConsoleHost
        Host Version = 4.0
        Host ID = a991c134-2e90-418c-940d-258271dd1e9c
        Host Application = C:\Windows\System32\WindowsPowerShell\v1.0\powershell.exe
        Engine Version = 4.0
        Runspace ID = 4315d698-493e-410a-8e70-1c07123fdca4
        Pipeline ID = 88
        Command Name = Write-Verbose
        Command Type = Cmdlet
        Script Name = C:\TOOLS\Add-RemoteRegBackdoor.ps1
        Command Path = 
        Sequence Number = 1070
        User = OFFSEC\hack1
        Shell ID = Microsoft.PowerShell
</Data>
      <Data Name="UserData">
      </Data>
      <Data Name="Payload">CommandInvocation(Write-Verbose): "Write-Verbose"
ParameterBinding(Write-Verbose): name="Message"; value="[FS03 : SYSTEM\CurrentControlSet\Control\Lsa\Data] Backdooring started for key"
</Data>
    </EventData>
  </Event>
  <Event xmlns="http://schemas.microsoft.com/win/2004/08/events/event">
    <System>
      <Provider Name="Microsoft-Windows-PowerShell" Guid="{a0c1853b-5c40-4b15-8766-3cf1c58f985a}" />
      <EventID>4103</EventID>
      <Version>1</Version>
      <Level>4</Level>
      <Task>106</Task>
      <Opcode>20</Opcode>
      <Keywords>0x0</Keywords>
      <TimeCreated SystemTime="2021-12-09T19:54:03.519563300Z" />
      <EventRecordID>68930</EventRecordID>
      <Correlation ActivityID="{3f0c7a49-e4fd-0000-7f28-353ffde4d701}" />
      <Execution ProcessID="4960" ThreadID="2608" />
      <Channel>Microsoft-Windows-PowerShell/Operational</Channel>
      <Computer>fs03vuln.offsec.lan</Computer>
      <Security UserID="S-1-5-21-4230534742-2542757381-3142984815-1234" />
    </System>
    <EventData>
      <Data Name="ContextInfo">        Severity = Informational
        Host Name = ConsoleHost
        Host Version = 4.0
        Host ID = a991c134-2e90-418c-940d-258271dd1e9c
        Host Application = C:\Windows\System32\WindowsPowerShell\v1.0\powershell.exe
        Engine Version = 4.0
        Runspace ID = 4315d698-493e-410a-8e70-1c07123fdca4
        Pipeline ID = 88
        Command Name = Write-Verbose
        Command Type = Cmdlet
        Script Name = C:\TOOLS\Add-RemoteRegBackdoor.ps1
        Command Path = 
        Sequence Number = 1072
        User = OFFSEC\hack1
        Shell ID = Microsoft.PowerShell
</Data>
      <Data Name="UserData">
      </Data>
      <Data Name="Payload">CommandInvocation(Write-Verbose): "Write-Verbose"
ParameterBinding(Write-Verbose): name="Message"; value="[FS03 : SYSTEM\CurrentControlSet\Control\Lsa\Data] Creating ACE with Access Mask of 983103 (ALL_ACCESS) and AceFlags of 2 (CONTAINER_INHERIT_ACE)"
</Data>
    </EventData>
  </Event>
  <Event xmlns="http://schemas.microsoft.com/win/2004/08/events/event">
    <System>
      <Provider Name="Microsoft-Windows-PowerShell" Guid="{a0c1853b-5c40-4b15-8766-3cf1c58f985a}" />
      <EventID>4103</EventID>
      <Version>1</Version>
      <Level>4</Level>
      <Task>106</Task>
      <Opcode>20</Opcode>
      <Keywords>0x0</Keywords>
      <TimeCreated SystemTime="2021-12-09T19:54:03.519563300Z" />
      <EventRecordID>68931</EventRecordID>
      <Correlation ActivityID="{3f0c7a49-e4fd-0000-8028-353ffde4d701}" />
      <Execution ProcessID="4960" ThreadID="2608" />
      <Channel>Microsoft-Windows-PowerShell/Operational</Channel>
      <Computer>fs03vuln.offsec.lan</Computer>
      <Security UserID="S-1-5-21-4230534742-2542757381-3142984815-1234" />
    </System>
    <EventData>
      <Data Name="ContextInfo">        Severity = Informational
        Host Name = ConsoleHost
        Host Version = 4.0
        Host ID = a991c134-2e90-418c-940d-258271dd1e9c
        Host Application = C:\Windows\System32\WindowsPowerShell\v1.0\powershell.exe
        Engine Version = 4.0
        Runspace ID = 4315d698-493e-410a-8e70-1c07123fdca4
        Pipeline ID = 88
        Command Name = New-Object
        Command Type = Cmdlet
        Script Name = C:\TOOLS\Add-RemoteRegBackdoor.ps1
        Command Path = 
        Sequence Number = 1074
        User = OFFSEC\hack1
        Shell ID = Microsoft.PowerShell
</Data>
      <Data Name="UserData">
      </Data>
      <Data Name="Payload">CommandInvocation(New-Object): "New-Object"
ParameterBinding(New-Object): name="TypeName"; value="System.Management.ManagementClass"
ParameterBinding(New-Object): name="ArgumentList"; value="win32_Ace"
</Data>
    </EventData>
  </Event>
  <Event xmlns="http://schemas.microsoft.com/win/2004/08/events/event">
    <System>
      <Provider Name="Microsoft-Windows-PowerShell" Guid="{a0c1853b-5c40-4b15-8766-3cf1c58f985a}" />
      <EventID>4103</EventID>
      <Version>1</Version>
      <Level>4</Level>
      <Task>106</Task>
      <Opcode>20</Opcode>
      <Keywords>0x0</Keywords>
      <TimeCreated SystemTime="2021-12-09T19:54:03.519563300Z" />
      <EventRecordID>68932</EventRecordID>
      <Correlation ActivityID="{3f0c7a49-e4fd-0000-8128-353ffde4d701}" />
      <Execution ProcessID="4960" ThreadID="2608" />
      <Channel>Microsoft-Windows-PowerShell/Operational</Channel>
      <Computer>fs03vuln.offsec.lan</Computer>
      <Security UserID="S-1-5-21-4230534742-2542757381-3142984815-1234" />
    </System>
    <EventData>
      <Data Name="ContextInfo">        Severity = Informational
        Host Name = ConsoleHost
        Host Version = 4.0
        Host ID = a991c134-2e90-418c-940d-258271dd1e9c
        Host Application = C:\Windows\System32\WindowsPowerShell\v1.0\powershell.exe
        Engine Version = 4.0
        Runspace ID = 4315d698-493e-410a-8e70-1c07123fdca4
        Pipeline ID = 88
        Command Name = Write-Verbose
        Command Type = Cmdlet
        Script Name = C:\TOOLS\Add-RemoteRegBackdoor.ps1
        Command Path = 
        Sequence Number = 1076
        User = OFFSEC\hack1
        Shell ID = Microsoft.PowerShell
</Data>
      <Data Name="UserData">
      </Data>
      <Data Name="Payload">CommandInvocation(Write-Verbose): "Write-Verbose"
ParameterBinding(Write-Verbose): name="Message"; value="[FS03 : SYSTEM\CurrentControlSet\Control\Lsa\Data] Creating the trustee WMI object with user 'Everyone'"
</Data>
    </EventData>
  </Event>
  