<Event xmlns="http://schemas.microsoft.com/win/2004/08/events/event">
    <System>
      <Provider Name="Microsoft-Windows-PowerShell" Guid="{a0c1853b-5c40-4b15-8766-3cf1c58f985a}" />
      <EventID>4103</EventID>
      <Version>1</Version>
      <Level>4</Level>
      <Task>106</Task>
      <Opcode>20</Opcode>
      <Keywords>0x0</Keywords>
      <TimeCreated SystemTime="2021-12-09T19:54:03.519563300Z" />
      <EventRecordID>68933</EventRecordID>
      <Correlation ActivityID="{3f0c7a49-e4fd-0000-8228-353ffde4d701}" />
      <Execution ProcessID="4960" ThreadID="2608" />
      <Channel>Microsoft-Windows-PowerShell/Operational</Channel>
      <Computer>fs03vuln.offsec.lan</Computer>
      <Security UserID="S-1-5-21-4230534742-2542757381-3142984815-1234" />
    </System>
    <EventData>
      <Data Name="ContextInfo">        Severity = Informational
        Host Name = ConsoleHost
        Host Version = 4.0
        Host ID = a991c134-2e90-418c-940d-258271dd1e9c
        Host Application = C:\Windows\System32\WindowsPowerShell\v1.0\powershell.exe
        Engine Version = 4.0
        Runspace ID = 4315d698-493e-410a-8e70-1c07123fdca4
        Pipeline ID = 88
        Command Name = New-Object
        Command Type = Cmdlet
        Script Name = C:\TOOLS\Add-RemoteRegBackdoor.ps1
        Command Path = 
        Sequence Number = 1078
        User = OFFSEC\hack1
        Shell ID = Microsoft.PowerShell
</Data>
      <Data Name="UserData">
      </Data>
      <Data Name="Payload">CommandInvocation(New-Object): "New-Object"
ParameterBinding(New-Object): name="TypeName"; value="System.Management.ManagementClass"
ParameterBinding(New-Object): name="ArgumentList"; value="win32_Trustee"
</Data>
    </EventData>
  </Event>
  <Event xmlns="http://schemas.microsoft.com/win/2004/08/events/event">
    <System>
      <Provider Name="Microsoft-Windows-PowerShell" Guid="{a0c1853b-5c40-4b15-8766-3cf1c58f985a}" />
      <EventID>4103</EventID>
      <Version>1</Version>
      <Level>4</Level>
      <Task>106</Task>
      <Opcode>20</Opcode>
      <Keywords>0x0</Keywords>
      <TimeCreated SystemTime="2021-12-09T19:54:03.535187700Z" />
      <EventRecordID>68934</EventRecordID>
      <Correlation ActivityID="{3f0c7a49-e4fd-0000-8f28-353ffde4d701}" />
      <Execution ProcessID="4960" ThreadID="2608" />
      <Channel>Microsoft-Windows-PowerShell/Operational</Channel>
      <Computer>fs03vuln.offsec.lan</Computer>
      <Security UserID="S-1-5-21-4230534742-2542757381-3142984815-1234" />
    </System>
    <EventData>
      <Data Name="ContextInfo">        Severity = Informational
        Host Name = ConsoleHost
        Host Version = 4.0
        Host ID = a991c134-2e90-418c-940d-258271dd1e9c
        Host Application = C:\Windows\System32\WindowsPowerShell\v1.0\powershell.exe
        Engine Version = 4.0
        Runspace ID = 4315d698-493e-410a-8e70-1c07123fdca4
        Pipeline ID = 88
        Command Name = Write-Verbose
        Command Type = Cmdlet
        Script Name = C:\TOOLS\Add-RemoteRegBackdoor.ps1
        Command Path = 
        Sequence Number = 1080
        User = OFFSEC\hack1
        Shell ID = Microsoft.PowerShell
</Data>
      <Data Name="UserData">
      </Data>
      <Data Name="Payload">CommandInvocation(Write-Verbose): "Write-Verbose"
ParameterBinding(Write-Verbose): name="Message"; value="[FS03 : SYSTEM\CurrentControlSet\Control\Lsa\Data] Applying Trustee to new Ace"
</Data>
    </EventData>
  </Event>
  <Event xmlns="http://schemas.microsoft.com/win/2004/08/events/event">
    <System>
      <Provider Name="Microsoft-Windows-PowerShell" Guid="{a0c1853b-5c40-4b15-8766-3cf1c58f985a}" />
      <EventID>4103</EventID>
      <Version>1</Version>
      <Level>4</Level>
      <Task>106</Task>
      <Opcode>20</Opcode>
      <Keywords>0x0</Keywords>
      <TimeCreated SystemTime="2021-12-09T19:54:03.540631400Z" />
      <EventRecordID>68935</EventRecordID>
      <Correlation ActivityID="{3f0c7a49-e4fd-0000-9028-353ffde4d701}" />
      <Execution ProcessID="4960" ThreadID="2608" />
      <Channel>Microsoft-Windows-PowerShell/Operational</Channel>
      <Computer>fs03vuln.offsec.lan</Computer>
      <Security UserID="S-1-5-21-4230534742-2542757381-3142984815-1234" />
    </System>
    <EventData>
      <Data Name="ContextInfo">        Severity = Informational
        Host Name = ConsoleHost
        Host Version = 4.0
        Host ID = a991c134-2e90-418c-940d-258271dd1e9c
        Host Application = C:\Windows\System32\WindowsPowerShell\v1.0\powershell.exe
        Engine Version = 4.0
        Runspace ID = 4315d698-493e-410a-8e70-1c07123fdca4
        Pipeline ID = 88
        Command Name = Write-Verbose
        Command Type = Cmdlet
        Script Name = C:\TOOLS\Add-RemoteRegBackdoor.ps1
        Command Path = 
        Sequence Number = 1082
        User = OFFSEC\hack1
        Shell ID = Microsoft.PowerShell
</Data>
      <Data Name="UserData">
      </Data>
      <Data Name="Payload">CommandInvocation(Write-Verbose): "Write-Verbose"
ParameterBinding(Write-Verbose): name="Message"; value="[FS03 : SYSTEM\CurrentControlSet\Control\Lsa\Data] Calling SetSecurityDescriptor on the key with the newly created Ace"
</Data>
    </EventData>
  </Event>
  <Event xmlns="http://schemas.microsoft.com/win/2004/08/events/event">
    <System>
      <Provider Name="Microsoft-Windows-PowerShell" Guid="{a0c1853b-5c40-4b15-8766-3cf1c58f985a}" />
      <EventID>4103</EventID>
      <Version>1</Version>
      <Level>4</Level>
      <Task>106</Task>
      <Opcode>20</Opcode>
      <Keywords>0x0</Keywords>
      <TimeCreated SystemTime="2021-12-09T19:54:03.540631400Z" />
      <EventRecordID>68936</EventRecordID>
      <Correlation ActivityID="{3f0c7a49-e4fd-0000-9128-353ffde4d701}" />
      <Execution ProcessID="4960" ThreadID="2608" />
      <Channel>Microsoft-Windows-PowerShell/Operational</Channel>
      <Computer>fs03vuln.offsec.lan</Computer>
      <Security UserID="S-1-5-21-4230534742-2542757381-3142984815-1234" />
    </System>
    <EventData>
      <Data Name="ContextInfo">        Severity = Informational
        Host Name = ConsoleHost
        Host Version = 4.0
        Host ID = a991c134-2e90-418c-940d-258271dd1e9c
        Host Application = C:\Windows\System32\WindowsPowerShell\v1.0\powershell.exe
        Engine Version = 4.0
        Runspace ID = 4315d698-493e-410a-8e70-1c07123fdca4
        Pipeline ID = 88
        Command Name = Write-Verbose
        Command Type = Cmdlet
        Script Name = C:\TOOLS\Add-RemoteRegBackdoor.ps1
        Command Path = 
        Sequence Number = 1084
        User = OFFSEC\hack1
        Shell ID = Microsoft.PowerShell
</Data>
      <Data Name="UserData">
      </Data>
      <Data Name="Payload">CommandInvocation(Write-Verbose): "Write-Verbose"
ParameterBinding(Write-Verbose): name="Message"; value="[FS03 : SYSTEM\CurrentControlSet\Control\Lsa\Data] Backdooring completed for key"
</Data>
    </EventData>
  </Event>
  <Event xmlns="http://schemas.microsoft.com/win/2004/08/events/event">
    <System>
      <Provider Name="Microsoft-Windows-PowerShell" Guid="{a0c1853b-5c40-4b15-8766-3cf1c58f985a}" />
      <EventID>4103</EventID>
      <Version>1</Version>
      <Level>4</Level>
      <Task>106</Task>
      <Opcode>20</Opcode>
      <Keywords>0x0</Keywords>
      <TimeCreated SystemTime="2021-12-09T19:54:03.540631400Z" />
      <EventRecordID>68937</EventRecordID>
      <Correlation ActivityID="{3f0c7a49-e4fd-0000-9228-353ffde4d701}" />
      <Execution ProcessID="4960" ThreadID="2608" />
      <Channel>Microsoft-Windows-PowerShell/Operational</Channel>
      <Computer>fs03vuln.offsec.lan</Computer>
      <Security UserID="S-1-5-21-4230534742-2542757381-3142984815-1234" />
    </System>
    <EventData>
      <Data Name="ContextInfo">        Severity = Informational
        Host Name = ConsoleHost
        Host Version = 4.0
        Host ID = a991c134-2e90-418c-940d-258271dd1e9c
        Host Application = C:\Windows\System32\WindowsPowerShell\v1.0\powershell.exe
        Engine Version = 4.0
        Runspace ID = 4315d698-493e-410a-8e70-1c07123fdca4
        Pipeline ID = 88
        Command Name = Write-Verbose
        Command Type = Cmdlet
        Script Name = C:\TOOLS\Add-RemoteRegBackdoor.ps1
        Command Path = 
        Sequence Number = 1086
        User = OFFSEC\hack1
        Shell ID = Microsoft.PowerShell
</Data>
      <Data Name="UserData">
      </Data>
      <Data Name="Payload">CommandInvocation(Write-Verbose): "Write-Verbose"
ParameterBinding(Write-Verbose): name="Message"; value="[FS03 : SYSTEM\CurrentControlSet\Control\Lsa\GBG] Backdooring started for key"
</Data>
    </EventData>
  </Event>
  <Event xmlns="http://schemas.microsoft.com/win/2004/08/events/event">
    <System>
      <Provider Name="Microsoft-Windows-PowerShell" Guid="{a0c1853b-5c40-4b15-8766-3cf1c58f985a}" />
      <EventID>4103</EventID>
      <Version>1</Version>
      <Level>4</Level>
      <Task>106</Task>
      <Opcode>20</Opcode>
      <Keywords>0x0</Keywords>
      <TimeCreated SystemTime="2021-12-09T19:54:03.556264200Z" />
      <EventRecordID>68938</EventRecordID>
      <Correlation ActivityID="{3f0c7a49-e4fd-0001-6ad3-343ffde4d701}" />
      <Execution ProcessID="4960" ThreadID="2608" />
      <Channel>Microsoft-Windows-PowerShell/Operational</Channel>
      <Computer>fs03vuln.offsec.lan</Computer>
      <Security UserID="S-1-5-21-4230534742-2542757381-3142984815-1234" />
    </System>
    <EventData>
      <Data Name="ContextInfo">        Severity = Informational
        Host Name = ConsoleHost
        Host Version = 4.0
        Host ID = a991c134-2e90-418c-940d-258271dd1e9c
        Host Application = C:\Windows\System32\WindowsPowerShell\v1.0\powershell.exe
        Engine Version = 4.0
        Runspace ID = 4315d698-493e-410a-8e70-1c07123fdca4
        Pipeline ID = 88
        Command Name = Write-Verbose
        Command Type = Cmdlet
        Script Name = C:\TOOLS\Add-RemoteRegBackdoor.ps1
        Command Path = 
        Sequence Number = 1088
        User = OFFSEC\hack1
        Shell ID = Microsoft.PowerShell
</Data>
      <Data Name="UserData">
      </Data>
      <Data Name="Payload">CommandInvocation(Write-Verbose): "Write-Verbose"
ParameterBinding(Write-Verbose): name="Message"; value="[FS03 : SYSTEM\CurrentControlSet\Control\Lsa\GBG] Creating ACE with Access Mask of 983103 (ALL_ACCESS) and AceFlags of 2 (CONTAINER_INHERIT_ACE)"
</Data>
    </EventData>
  </Event>
  <Event xmlns="http://schemas.microsoft.com/win/2004/08/events/event">
    <System>
      <Provider Name="Microsoft-Windows-PowerShell" Guid="{a0c1853b-5c40-4b15-8766-3cf1c58f985a}" />
      <EventID>4103</EventID>
      <Version>1</Version>
      <Level>4</Level>
      <Task>106</Task>
      <Opcode>20</Opcode>
      <Keywords>0x0</Keywords>
      <TimeCreated SystemTime="2021-12-09T19:54:03.556264200Z" />
      <EventRecordID>68939</EventRecordID>
      <Correlation ActivityID="{3f0c7a49-e4fd-0001-6bd3-343ffde4d701}" />
      <Execution ProcessID="4960" ThreadID="2608" />
      <Channel>Microsoft-Windows-PowerShell/Operational</Channel>
      <Computer>fs03vuln.offsec.lan</Computer>
      <Security UserID="S-1-5-21-4230534742-2542757381-3142984815-1234" />
    </System>
    <EventData>
      <Data Name="ContextInfo">        Severity = Informational
        Host Name = ConsoleHost
        Host Version = 4.0
        Host ID = a991c134-2e90-418c-940d-258271dd1e9c
        Host Application = C:\Windows\System32\WindowsPowerShell\v1.0\powershell.exe
        Engine Version = 4.0
        Runspace ID = 4315d698-493e-410a-8e70-1c07123fdca4
        Pipeline ID = 88
        Command Name = New-Object
        Command Type = Cmdlet
        Script Name = C:\TOOLS\Add-RemoteRegBackdoor.ps1
        Command Path = 
        Sequence Number = 1090
        User = OFFSEC\hack1
        Shell ID = Microsoft.PowerShell
</Data>
      <Data Name="UserData">
      </Data>
      <Data Name="Payload">CommandInvocation(New-Object): "New-Object"
ParameterBinding(New-Object): name="TypeName"; value="System.Management.ManagementClass"
ParameterBinding(New-Object): name="ArgumentList"; value="win32_Ace"
</Data>
    </EventData>
  </Event>
  <Event xmlns="http://schemas.microsoft.com/win/2004/08/events/event">
    <System>
      <Provider Name="Microsoft-Windows-PowerShell" Guid="{a0c1853b-5c40-4b15-8766-3cf1c58f985a}" />
      <EventID>4103</EventID>
      <Version>1</Version>
      <Level>4</Level>
      <Task>106</Task>
      <Opcode>20</Opcode>
      <Keywords>0x0</Keywords>
      <TimeCreated SystemTime="2021-12-09T19:54:03.556264200Z" />
      <EventRecordID>68940</EventRecordID>
      <Correlation ActivityID="{3f0c7a49-e4fd-0001-7ad3-343ffde4d701}" />
      <Execution ProcessID="4960" ThreadID="2608" />
      <Channel>Microsoft-Windows-PowerShell/Operational</Channel>
      <Computer>fs03vuln.offsec.lan</Computer>
      <Security UserID="S-1-5-21-4230534742-2542757381-3142984815-1234" />
    </System>
    <EventData>
      <Data Name="ContextInfo">        Severity = Informational
        Host Name = ConsoleHost
        Host Version = 4.0
        Host ID = a991c134-2e90-418c-940d-258271dd1e9c
        Host Application = C:\Windows\System32\WindowsPowerShell\v1.0\powershell.exe
        Engine Version = 4.0
        Runspace ID = 4315d698-493e-410a-8e70-1c07123fdca4
        Pipeline ID = 88
        Command Name = Write-Verbose
        Command Type = Cmdlet
        Script Name = C:\TOOLS\Add-RemoteRegBackdoor.ps1
        Command Path = 
        Sequence Number = 1092
        User = OFFSEC\hack1
        Shell ID = Microsoft.PowerShell
</Data>
      <Data Name="UserData">
      </Data>
      <Data Name="Payload">CommandInvocation(Write-Verbose): "Write-Verbose"
ParameterBinding(Write-Verbose): name="Message"; value="[FS03 : SYSTEM\CurrentControlSet\Control\Lsa\GBG] Creating the trustee WMI object with user 'Everyone'"
</Data>
    </EventData>
  </Event>
  <Event xmlns="http://schemas.microsoft.com/win/2004/08/events/event">
    <System>
      <Provider Name="Microsoft-Windows-PowerShell" Guid="{a0c1853b-5c40-4b15-8766-3cf1c58f985a}" />
      <EventID>4103</EventID>
      <Version>1</Version>
      <Level>4</Level>
      <Task>106</Task>
      <Opcode>20</Opcode>
      <Keywords>0x0</Keywords>
      <TimeCreated SystemTime="2021-12-09T19:54:03.556264200Z" />
      <EventRecordID>68941</EventRecordID>
      <Correlation ActivityID="{3f0c7a49-e4fd-0001-7bd3-343ffde4d701}" />
      <Execution ProcessID="4960" ThreadID="2608" />
      <Channel>Microsoft-Windows-PowerShell/Operational</Channel>
      <Computer>fs03vuln.offsec.lan</Computer>
      <Security UserID="S-1-5-21-4230534742-2542757381-3142984815-1234" />
    </System>
    <EventData>
      <Data Name="ContextInfo">        Severity = Informational
        Host Name = ConsoleHost
        Host Version = 4.0
        Host ID = a991c134-2e90-418c-940d-258271dd1e9c
        Host Application = C:\Windows\System32\WindowsPowerShell\v1.0\powershell.exe
        Engine Version = 4.0
        Runspace ID = 4315d698-493e-410a-8e70-1c07123fdca4
        Pipeline ID = 88
        Command Name = New-Object
        Command Type = Cmdlet
        Script Name = C:\TOOLS\Add-RemoteRegBackdoor.ps1
        Command Path = 
        Sequence Number = 1094
        User = OFFSEC\hack1
        Shell ID = Microsoft.PowerShell
</Data>
      <Data Name="UserData">
      </Data>
      <Data Name="Payload">CommandInvocation(New-Object): "New-Object"
ParameterBinding(New-Object): name="TypeName"; value="System.Management.ManagementClass"
ParameterBinding(New-Object): name="ArgumentList"; value="win32_Trustee"
</Data>
    </EventData>
  </Event>
  <Event xmlns="http://schemas.microsoft.com/win/2004/08/events/event">
    <System>
      <Provider Name="Microsoft-Windows-PowerShell" Guid="{a0c1853b-5c40-4b15-8766-3cf1c58f985a}" />
      <EventID>4103</EventID>
      <Version>1</Version>
      <Level>4</Level>
      <Task>106</Task>
      <Opcode>20</Opcode>
      <Keywords>0x0</Keywords>
      <TimeCreated SystemTime="2021-12-09T19:54:03.556264200Z" />
      <EventRecordID>68942</EventRecordID>
      <Correlation ActivityID="{3f0c7a49-e4fd-0000-d828-353ffde4d701}" />
      <Execution ProcessID="4960" ThreadID="2608" />
      <Channel>Microsoft-Windows-PowerShell/Operational</Channel>
      <Computer>fs03vuln.offsec.lan</Computer>
      <Security UserID="S-1-5-21-4230534742-2542757381-3142984815-1234" />
    </System>
    <EventData>
      <Data Name="ContextInfo">        Severity = Informational
        Host Name = ConsoleHost
        Host Version = 4.0
        Host ID = a991c134-2e90-418c-940d-258271dd1e9c
        Host Application = C:\Windows\System32\WindowsPowerShell\v1.0\powershell.exe
        Engine Version = 4.0
        Runspace ID = 4315d698-493e-410a-8e70-1c07123fdca4
        Pipeline ID = 88
        Command Name = Write-Verbose
        Command Type = Cmdlet
        Script Name = C:\TOOLS\Add-RemoteRegBackdoor.ps1
        Command Path = 
        Sequence Number = 1096
        User = OFFSEC\hack1
        Shell ID = Microsoft.PowerShell
</Data>
      <Data Name="UserData">
      </Data>
      <Data Name="Payload">CommandInvocation(Write-Verbose): "Write-Verbose"
ParameterBinding(Write-Verbose): name="Message"; value="[FS03 : SYSTEM\CurrentControlSet\Control\Lsa\GBG] Applying Trustee to new Ace"
</Data>
    </EventData>
  </Event>
  <Event xmlns="http://schemas.microsoft.com/win/2004/08/events/event">
    <System>
      <Provider Name="Microsoft-Windows-PowerShell" Guid="{a0c1853b-5c40-4b15-8766-3cf1c58f985a}" />
      <EventID>4103</EventID>
      <Version>1</Version>
      <Level>4</Level>
      <Task>106</Task>
      <Opcode>20</Opcode>
      <Keywords>0x0</Keywords>
      <TimeCreated SystemTime="2021-12-09T19:54:03.571894200Z" />
      <EventRecordID>68943</EventRecordID>
      <Correlation ActivityID="{3f0c7a49-e4fd-0000-dc28-353ffde4d701}" />
      <Execution ProcessID="4960" ThreadID="2608" />
      <Channel>Microsoft-Windows-PowerShell/Operational</Channel>
      <Computer>fs03vuln.offsec.lan</Computer>
      <Security UserID="S-1-5-21-4230534742-2542757381-3142984815-1234" />
    </System>
    <EventData>
      <Data Name="ContextInfo">        Severity = Informational
        Host Name = ConsoleHost
        Host Version = 4.0
        Host ID = a991c134-2e90-418c-940d-258271dd1e9c
        Host Application = C:\Windows\System32\WindowsPowerShell\v1.0\powershell.exe
        Engine Version = 4.0
        Runspace ID = 4315d698-493e-410a-8e70-1c07123fdca4
        Pipeline ID = 88
        Command Name = Write-Verbose
        Command Type = Cmdlet
        Script Name = C:\TOOLS\Add-RemoteRegBackdoor.ps1
        Command Path = 
        Sequence Number = 1098
        User = OFFSEC\hack1
        Shell ID = Microsoft.PowerShell
</Data>
      <Data Name="UserData">
      </Data>
      <Data Name="Payload">CommandInvocation(Write-Verbose): "Write-Verbose"
ParameterBinding(Write-Verbose): name="Message"; value="[FS03 : SYSTEM\CurrentControlSet\Control\Lsa\GBG] Calling SetSecurityDescriptor on the key with the newly created Ace"
</Data>
    </EventData>
  </Event>
  <Event xmlns="http://schemas.microsoft.com/win/2004/08/events/event">
    <System>
      <Provider Name="Microsoft-Windows-PowerShell" Guid="{a0c1853b-5c40-4b15-8766-3cf1c58f985a}" />
      <EventID>4103</EventID>
      <Version>1</Version>
      <Level>4</Level>
      <Task>106</Task>
      <Opcode>20</Opcode>
      <Keywords>0x0</Keywords>
      <TimeCreated SystemTime="2021-12-09T19:54:03.571894200Z" />
      <EventRecordID>68944</EventRecordID>
      <Correlation ActivityID="{3f0c7a49-e4fd-0000-dd28-353ffde4d701}" />
      <Execution ProcessID="4960" ThreadID="2608" />
      <Channel>Microsoft-Windows-PowerShell/Operational</Channel>
      <Computer>fs03vuln.offsec.lan</Computer>
      <Security UserID="S-1-5-21-4230534742-2542757381-3142984815-1234" />
    </System>
    <EventData>
      <Data Name="ContextInfo">        Severity = Informational
        Host Name = ConsoleHost
        Host Version = 4.0
        Host ID = a991c134-2e90-418c-940d-258271dd1e9c
        Host Application = C:\Windows\System32\WindowsPowerShell\v1.0\powershell.exe
        Engine Version = 4.0
        Runspace ID = 4315d698-493e-410a-8e70-1c07123fdca4
        Pipeline ID = 88
        Command Name = Write-Verbose
        Command Type = Cmdlet
        Script Name = C:\TOOLS\Add-RemoteRegBackdoor.ps1
        Command Path = 
        Sequence Number = 1100
        User = OFFSEC\hack1
        Shell ID = Microsoft.PowerShell
</Data>
      <Data Name="UserData">
      </Data>
      <Data Name="Payload">CommandInvocation(Write-Verbose): "Write-Verbose"
ParameterBinding(Write-Verbose): name="Message"; value="[FS03 : SYSTEM\CurrentControlSet\Control\Lsa\GBG] Backdooring completed for key"
</Data>
    </EventData>
  </Event>
  <Event xmlns="http://schemas.microsoft.com/win/2004/08/events/event">
    <System>
      <Provider Name="Microsoft-Windows-PowerShell" Guid="{a0c1853b-5c40-4b15-8766-3cf1c58f985a}" />
      <EventID>4103</EventID>
      <Version>1</Version>
      <Level>4</Level>
      <Task>106</Task>
      <Opcode>20</Opcode>
      <Keywords>0x0</Keywords>
      <TimeCreated SystemTime="2021-12-09T19:54:03.571894200Z" />
      <EventRecordID>68945</EventRecordID>
      <Correlation ActivityID="{3f0c7a49-e4fd-0000-de28-353ffde4d701}" />
      <Execution ProcessID="4960" ThreadID="2608" />
      <Channel>Microsoft-Windows-PowerShell/Operational</Channel>
      <Computer>fs03vuln.offsec.lan</Computer>
      <Security UserID="S-1-5-21-4230534742-2542757381-3142984815-1234" />
    </System>
    <EventData>
      <Data Name="ContextInfo">        Severity = Informational
        Host Name = ConsoleHost
        Host Version = 4.0
        Host ID = a991c134-2e90-418c-940d-258271dd1e9c
        Host Application = C:\Windows\System32\WindowsPowerShell\v1.0\powershell.exe
        Engine Version = 4.0
        Runspace ID = 4315d698-493e-410a-8e70-1c07123fdca4
        Pipeline ID = 88
        Command Name = Write-Verbose
        Command Type = Cmdlet
        Script Name = C:\TOOLS\Add-RemoteRegBackdoor.ps1
        Command Path = 
        Sequence Number = 1102
        User = OFFSEC\hack1
        Shell ID = Microsoft.PowerShell
</Data>
      <Data Name="UserData">
      </Data>
      <Data Name="Payload">CommandInvocation(Write-Verbose): "Write-Verbose"
ParameterBinding(Write-Verbose): name="Message"; value="[FS03 : SECURITY] Backdooring started for key"
</Data>
    </EventData>
  </Event>
  <Event xmlns="http://schemas.microsoft.com/win/2004/08/events/event">
    <System>
      <Provider Name="Microsoft-Windows-PowerShell" Guid="{a0c1853b-5c40-4b15-8766-3cf1c58f985a}" />
      <EventID>4103</EventID>
      <Version>1</Version>
      <Level>4</Level>
      <Task>106</Task>
      <Opcode>20</Opcode>
      <Keywords>0x0</Keywords>
      <TimeCreated SystemTime="2021-12-09T19:54:03.571894200Z" />
      <EventRecordID>68946</EventRecordID>
      <Correlation ActivityID="{3f0c7a49-e4fd-0000-df28-353ffde4d701}" />
      <Execution ProcessID="4960" ThreadID="2608" />
      <Channel>Microsoft-Windows-PowerShell/Operational</Channel>
      <Computer>fs03vuln.offsec.lan</Computer>
      <Security UserID="S-1-5-21-4230534742-2542757381-3142984815-1234" />
    </System>
    <EventData>
      <Data Name="ContextInfo">        Severity = Informational
        Host Name = ConsoleHost
        Host Version = 4.0
        Host ID = a991c134-2e90-418c-940d-258271dd1e9c
        Host Application = C:\Windows\System32\WindowsPowerShell\v1.0\powershell.exe
        Engine Version = 4.0
        Runspace ID = 4315d698-493e-410a-8e70-1c07123fdca4
        Pipeline ID = 88
        Command Name = Write-Verbose
        Command Type = Cmdlet
        Script Name = C:\TOOLS\Add-RemoteRegBackdoor.ps1
        Command Path = 
        Sequence Number = 1104
        User = OFFSEC\hack1
        Shell ID = Microsoft.PowerShell
</Data>
      <Data Name="UserData">
      </Data>
      <Data Name="Payload">CommandInvocation(Write-Verbose): "Write-Verbose"
ParameterBinding(Write-Verbose): name="Message"; value="[FS03 : SECURITY] Creating ACE with Access Mask of 983103 (ALL_ACCESS) and AceFlags of 2 (CONTAINER_INHERIT_ACE)"
</Data>
    </EventData>
  </Event>
  <Event xmlns="http://schemas.microsoft.com/win/2004/08/events/event">
    <System>
      <Provider Name="Microsoft-Windows-PowerShell" Guid="{a0c1853b-5c40-4b15-8766-3cf1c58f985a}" />
      <EventID>4103</EventID>
      <Version>1</Version>
      <Level>4</Level>
      <Task>106</Task>
      <Opcode>20</Opcode>
      <Keywords>0x0</Keywords>
      <TimeCreated SystemTime="2021-12-09T19:54:03.571894200Z" />
      <EventRecordID>68947</EventRecordID>
      <Correlation ActivityID="{3f0c7a49-e4fd-0000-e028-353ffde4d701}" />
      <Execution ProcessID="4960" ThreadID="2608" />
      <Channel>Microsoft-Windows-PowerShell/Operational</Channel>
      <Computer>fs03vuln.offsec.lan</Computer>
      <Security UserID="S-1-5-21-4230534742-2542757381-3142984815-1234" />
    </System>
    <EventData>
      <Data Name="ContextInfo">        Severity = Informational
        Host Name = ConsoleHost
        Host Version = 4.0
        Host ID = a991c134-2e90-418c-940d-258271dd1e9c
        Host Application = C:\Windows\System32\WindowsPowerShell\v1.0\powershell.exe
        Engine Version = 4.0
        Runspace ID = 4315d698-493e-410a-8e70-1c07123fdca4
        Pipeline ID = 88
        Command Name = New-Object
        Command Type = Cmdlet
        Script Name = C:\TOOLS\Add-RemoteRegBackdoor.ps1
        Command Path = 
        Sequence Number = 1106
        User = OFFSEC\hack1
        Shell ID = Microsoft.PowerShell
</Data>
      <Data Name="UserData">
      </Data>
      <Data Name="Payload">CommandInvocation(New-Object): "New-Object"
ParameterBinding(New-Object): name="TypeName"; value="System.Management.ManagementClass"
ParameterBinding(New-Object): name="ArgumentList"; value="win32_Ace"
</Data>
    </EventData>
  </Event>
  <Event xmlns="http://schemas.microsoft.com/win/2004/08/events/event">
    <System>
      <Provider Name="Microsoft-Windows-PowerShell" Guid="{a0c1853b-5c40-4b15-8766-3cf1c58f985a}" />
      <EventID>4103</EventID>
      <Version>1</Version>
      <Level>4</Level>
      <Task>106</Task>
      <Opcode>20</Opcode>
      <Keywords>0x0</Keywords>
      <TimeCreated SystemTime="2021-12-09T19:54:03.587514900Z" />
      <EventRecordID>68948</EventRecordID>
      <Correlation ActivityID="{3f0c7a49-e4fd-0001-99d3-343ffde4d701}" />
      <Execution ProcessID="4960" ThreadID="2608" />
      <Channel>Microsoft-Windows-PowerShell/Operational</Channel>
      <Computer>fs03vuln.offsec.lan</Computer>
      <Security UserID="S-1-5-21-4230534742-2542757381-3142984815-1234" />
    </System>
    <EventData>
      <Data Name="ContextInfo">        Severity = Informational
        Host Name = ConsoleHost
        Host Version = 4.0
        Host ID = a991c134-2e90-418c-940d-258271dd1e9c
        Host Application = C:\Windows\System32\WindowsPowerShell\v1.0\powershell.exe
        Engine Version = 4.0
        Runspace ID = 4315d698-493e-410a-8e70-1c07123fdca4
        Pipeline ID = 88
        Command Name = Write-Verbose
        Command Type = Cmdlet
        Script Name = C:\TOOLS\Add-RemoteRegBackdoor.ps1
        Command Path = 
        Sequence Number = 1108
        User = OFFSEC\hack1
        Shell ID = Microsoft.PowerShell
</Data>
      <Data Name="UserData">
      </Data>
      <Data Name="Payload">CommandInvocation(Write-Verbose): "Write-Verbose"
ParameterBinding(Write-Verbose): name="Message"; value="[FS03 : SECURITY] Creating the trustee WMI object with user 'Everyone'"
</Data>
    </EventData>
  </Event>
  <Event xmlns="http://schemas.microsoft.com/win/2004/08/events/event">
    <System>
      <Provider Name="Microsoft-Windows-PowerShell" Guid="{a0c1853b-5c40-4b15-8766-3cf1c58f985a}" />
      <EventID>4103</EventID>
      <Version>1</Version>
      <Level>4</Level>
      <Task>106</Task>
      <Opcode>20</Opcode>
      <Keywords>0x0</Keywords>
      <TimeCreated SystemTime="2021-12-09T19:54:03.587514900Z" />
      <EventRecordID>68949</EventRecordID>
      <Correlation ActivityID="{3f0c7a49-e4fd-0001-9ad3-343ffde4d701}" />
      <Execution ProcessID="4960" ThreadID="2608" />
      <Channel>Microsoft-Windows-PowerShell/Operational</Channel>
      <Computer>fs03vuln.offsec.lan</Computer>
      <Security UserID="S-1-5-21-4230534742-2542757381-3142984815-1234" />
    </System>
    <EventData>
      <Data Name="ContextInfo">        Severity = Informational
        Host Name = ConsoleHost
        Host Version = 4.0
        Host ID = a991c134-2e90-418c-940d-258271dd1e9c
        Host Application = C:\Windows\System32\WindowsPowerShell\v1.0\powershell.exe
        Engine Version = 4.0
        Runspace ID = 4315d698-493e-410a-8e70-1c07123fdca4
        Pipeline ID = 88
        Command Name = New-Object
        Command Type = Cmdlet
        Script Name = C:\TOOLS\Add-RemoteRegBackdoor.ps1
        Command Path = 
        Sequence Number = 1110
        User = OFFSEC\hack1
        Shell ID = Microsoft.PowerShell
</Data>
      <Data Name="UserData">
      </Data>
      <Data Name="Payload">CommandInvocation(New-Object): "New-Object"
ParameterBinding(New-Object): name="TypeName"; value="System.Management.ManagementClass"
ParameterBinding(New-Object): name="ArgumentList"; value="win32_Trustee"
</Data>
    </EventData>
  </Event>
  <Event xmlns="http://schemas.microsoft.com/win/2004/08/events/event">
    <System>
      <Provider Name="Microsoft-Windows-PowerShell" Guid="{a0c1853b-5c40-4b15-8766-3cf1c58f985a}" />
      <EventID>4103</EventID>
      <Version>1</Version>
      <Level>4</Level>
      <Task>106</Task>
      <Opcode>20</Opcode>
      <Keywords>0x0</Keywords>
      <TimeCreated SystemTime="2021-12-09T19:54:03.587514900Z" />
      <EventRecordID>68950</EventRecordID>
      <Correlation ActivityID="{3f0c7a49-e4fd-0000-e428-353ffde4d701}" />
      <Execution ProcessID="4960" ThreadID="2608" />
      <Channel>Microsoft-Windows-PowerShell/Operational</Channel>
      <Computer>fs03vuln.offsec.lan</Computer>
      <Security UserID="S-1-5-21-4230534742-2542757381-3142984815-1234" />
    </System>
    <EventData>
      <Data Name="ContextInfo">        Severity = Informational
        Host Name = ConsoleHost
        Host Version = 4.0
        Host ID = a991c134-2e90-418c-940d-258271dd1e9c
        Host Application = C:\Windows\System32\WindowsPowerShell\v1.0\powershell.exe
        Engine Version = 4.0
        Runspace ID = 4315d698-493e-410a-8e70-1c07123fdca4
        Pipeline ID = 88
        Command Name = Write-Verbose
        Command Type = Cmdlet
        Script Name = C:\TOOLS\Add-RemoteRegBackdoor.ps1
        Command Path = 
        Sequence Number = 1112
        User = OFFSEC\hack1
        Shell ID = Microsoft.PowerShell
</Data>
      <Data Name="UserData">
      </Data>
      <Data Name="Payload">CommandInvocation(Write-Verbose): "Write-Verbose"
ParameterBinding(Write-Verbose): name="Message"; value="[FS03 : SECURITY] Applying Trustee to new Ace"
</Data>
    </EventData>
  </Event>
  <Event xmlns="http://schemas.microsoft.com/win/2004/08/events/event">
    <System>
      <Provider Name="Microsoft-Windows-PowerShell" Guid="{a0c1853b-5c40-4b15-8766-3cf1c58f985a}" />
      <EventID>4103</EventID>
      <Version>1</Version>
      <Level>4</Level>
      <Task>106</Task>
      <Opcode>20</Opcode>
      <Keywords>0x0</Keywords>
      <TimeCreated SystemTime="2021-12-09T19:54:03.603140200Z" />
      <EventRecordID>68951</EventRecordID>
      <Correlation ActivityID="{3f0c7a49-e4fd-0000-e528-353ffde4d701}" />
      <Execution ProcessID="4960" ThreadID="2608" />
      <Channel>Microsoft-Windows-PowerShell/Operational</Channel>
      <Computer>fs03vuln.offsec.lan</Computer>
      <Security UserID="S-1-5-21-4230534742-2542757381-3142984815-1234" />
    </System>
    <EventData>
      <Data Name="ContextInfo">        Severity = Informational
        Host Name = ConsoleHost
        Host Version = 4.0
        Host ID = a991c134-2e90-418c-940d-258271dd1e9c
        Host Application = C:\Windows\System32\WindowsPowerShell\v1.0\powershell.exe
        Engine Version = 4.0
        Runspace ID = 4315d698-493e-410a-8e70-1c07123fdca4
        Pipeline ID = 88
        Command Name = Write-Verbose
        Command Type = Cmdlet
        Script Name = C:\TOOLS\Add-RemoteRegBackdoor.ps1
        Command Path = 
        Sequence Number = 1114
        User = OFFSEC\hack1
        Shell ID = Microsoft.PowerShell
</Data>
      <Data Name="UserData">
      </Data>
      <Data Name="Payload">CommandInvocation(Write-Verbose): "Write-Verbose"
ParameterBinding(Write-Verbose): name="Message"; value="[FS03 : SECURITY] Calling SetSecurityDescriptor on the key with the newly created Ace"
</Data>
    </EventData>
  </Event>
  <Event xmlns="http://schemas.microsoft.com/win/2004/08/events/event">
    <System>
      <Provider Name="Microsoft-Windows-PowerShell" Guid="{a0c1853b-5c40-4b15-8766-3cf1c58f985a}" />
      <EventID>4103</EventID>
      <Version>1</Version>
      <Level>4</Level>
      <Task>106</Task>
      <Opcode>20</Opcode>
      <Keywords>0x0</Keywords>
      <TimeCreated SystemTime="2021-12-09T19:54:03.627469400Z" />
      <EventRecordID>68952</EventRecordID>
      <Correlation ActivityID="{3f0c7a49-e4fd-0000-e628-353ffde4d701}" />
      <Execution ProcessID="4960" ThreadID="2608" />
      <Channel>Microsoft-Windows-PowerShell/Operational</Channel>
      <Computer>fs03vuln.offsec.lan</Computer>
      <Security UserID="S-1-5-21-4230534742-2542757381-3142984815-1234" />
    </System>
    <EventData>
      <Data Name="ContextInfo">        Severity = Informational
        Host Name = ConsoleHost
        Host Version = 4.0
        Host ID = a991c134-2e90-418c-940d-258271dd1e9c
        Host Application = C:\Windows\System32\WindowsPowerShell\v1.0\powershell.exe
        Engine Version = 4.0
        Runspace ID = 4315d698-493e-410a-8e70-1c07123fdca4
        Pipeline ID = 88
        Command Name = Write-Verbose
        Command Type = Cmdlet
        Script Name = C:\TOOLS\Add-RemoteRegBackdoor.ps1
        Command Path = 
        Sequence Number = 1116
        User = OFFSEC\hack1
        Shell ID = Microsoft.PowerShell
</Data>
      <Data Name="UserData">
      </Data>
      <Data Name="Payload">CommandInvocation(Write-Verbose): "Write-Verbose"
ParameterBinding(Write-Verbose): name="Message"; value="[FS03 : SECURITY] Backdooring completed for key"
</Data>
    </EventData>
  </Event>
  <Event xmlns="http://schemas.microsoft.com/win/2004/08/events/event">
    <System>
      <Provider Name="Microsoft-Windows-PowerShell" Guid="{a0c1853b-5c40-4b15-8766-3cf1c58f985a}" />
      <EventID>4103</EventID>
      <Version>1</Version>
      <Level>4</Level>
      <Task>106</Task>
      <Opcode>20</Opcode>
      <Keywords>0x0</Keywords>
      <TimeCreated SystemTime="2021-12-09T19:54:03.627469400Z" />
      <EventRecordID>68953</EventRecordID>
      <Correlation ActivityID="{3f0c7a49-e4fd-0000-e728-353ffde4d701}" />
      <Execution ProcessID="4960" ThreadID="2608" />
      <Channel>Microsoft-Windows-PowerShell/Operational</Channel>
      <Computer>fs03vuln.offsec.lan</Computer>
      <Security UserID="S-1-5-21-4230534742-2542757381-3142984815-1234" />
    </System>
    <EventData>
      <Data Name="ContextInfo">        Severity = Informational
        Host Name = ConsoleHost
        Host Version = 4.0
        Host ID = a991c134-2e90-418c-940d-258271dd1e9c
        Host Application = C:\Windows\System32\WindowsPowerShell\v1.0\powershell.exe
        Engine Version = 4.0
        Runspace ID = 4315d698-493e-410a-8e70-1c07123fdca4
        Pipeline ID = 88
        Command Name = Write-Verbose
        Command Type = Cmdlet
        Script Name = C:\TOOLS\Add-RemoteRegBackdoor.ps1
        Command Path = 
        Sequence Number = 1118
        User = OFFSEC\hack1
        Shell ID = Microsoft.PowerShell
</Data>
      <Data Name="UserData">
      </Data>
      <Data Name="Payload">CommandInvocation(Write-Verbose): "Write-Verbose"
ParameterBinding(Write-Verbose): name="Message"; value="[FS03 : SAM\SAM\Domains\Account] Backdooring started for key"
</Data>
    </EventData>
  </Event>
  <Event xmlns="http://schemas.microsoft.com/win/2004/08/events/event">
    <System>
      <Provider Name="Microsoft-Windows-PowerShell" Guid="{a0c1853b-5c40-4b15-8766-3cf1c58f985a}" />
      <EventID>4103</EventID>
      <Version>1</Version>
      <Level>4</Level>
      <Task>106</Task>
      <Opcode>20</Opcode>
      <Keywords>0x0</Keywords>
      <TimeCreated SystemTime="2021-12-09T19:54:03.634993400Z" />
      <EventRecordID>68954</EventRecordID>
      <Correlation ActivityID="{3f0c7a49-e4fd-0001-9bd3-343ffde4d701}" />
      <Execution ProcessID="4960" ThreadID="2608" />
      <Channel>Microsoft-Windows-PowerShell/Operational</Channel>
      <Computer>fs03vuln.offsec.lan</Computer>
      <Security UserID="S-1-5-21-4230534742-2542757381-3142984815-1234" />
    </System>
    <EventData>
      <Data Name="ContextInfo">        Severity = Informational
        Host Name = ConsoleHost
        Host Version = 4.0
        Host ID = a991c134-2e90-418c-940d-258271dd1e9c
        Host Application = C:\Windows\System32\WindowsPowerShell\v1.0\powershell.exe
        Engine Version = 4.0
        Runspace ID = 4315d698-493e-410a-8e70-1c07123fdca4
        Pipeline ID = 88
        Command Name = Write-Verbose
        Command Type = Cmdlet
        Script Name = C:\TOOLS\Add-RemoteRegBackdoor.ps1
        Command Path = 
        Sequence Number = 1120
        User = OFFSEC\hack1
        Shell ID = Microsoft.PowerShell
</Data>
      <Data Name="UserData">
      </Data>
      <Data Name="Payload">CommandInvocation(Write-Verbose): "Write-Verbose"
ParameterBinding(Write-Verbose): name="Message"; value="[FS03 : SAM\SAM\Domains\Account] Creating ACE with Access Mask of 983103 (ALL_ACCESS) and AceFlags of 2 (CONTAINER_INHERIT_ACE)"
</Data>
    </EventData>
  </Event>
  <Event xmlns="http://schemas.microsoft.com/win/2004/08/events/event">
    <System>
      <Provider Name="Microsoft-Windows-PowerShell" Guid="{a0c1853b-5c40-4b15-8766-3cf1c58f985a}" />
      <EventID>4103</EventID>
      <Version>1</Version>
      <Level>4</Level>
      <Task>106</Task>
      <Opcode>20</Opcode>
      <Keywords>0x0</Keywords>
      <TimeCreated SystemTime="2021-12-09T19:54:03.634993400Z" />
      <EventRecordID>68955</EventRecordID>
      <Correlation ActivityID="{3f0c7a49-e4fd-0001-9cd3-343ffde4d701}" />
      <Execution ProcessID="4960" ThreadID="2608" />
      <Channel>Microsoft-Windows-PowerShell/Operational</Channel>
      <Computer>fs03vuln.offsec.lan</Computer>
      <Security UserID="S-1-5-21-4230534742-2542757381-3142984815-1234" />
    </System>
    <EventData>
      <Data Name="ContextInfo">        Severity = Informational
        Host Name = ConsoleHost
        Host Version = 4.0
        Host ID = a991c134-2e90-418c-940d-258271dd1e9c
        Host Application = C:\Windows\System32\WindowsPowerShell\v1.0\powershell.exe
        Engine Version = 4.0
        Runspace ID = 4315d698-493e-410a-8e70-1c07123fdca4
        Pipeline ID = 88
        Command Name = New-Object
        Command Type = Cmdlet
        Script Name = C:\TOOLS\Add-RemoteRegBackdoor.ps1
        Command Path = 
        Sequence Number = 1122
        User = OFFSEC\hack1
        Shell ID = Microsoft.PowerShell
</Data>
      <Data Name="UserData">
      </Data>
      <Data Name="Payload">CommandInvocation(New-Object): "New-Object"
ParameterBinding(New-Object): name="TypeName"; value="System.Management.ManagementClass"
ParameterBinding(New-Object): name="ArgumentList"; value="win32_Ace"
</Data>
    </EventData>
  </Event>
  <Event xmlns="http://schemas.microsoft.com/win/2004/08/events/event">
    <System>
      <Provider Name="Microsoft-Windows-PowerShell" Guid="{a0c1853b-5c40-4b15-8766-3cf1c58f985a}" />
      <EventID>4103</EventID>
      <Version>1</Version>
      <Level>4</Level>
      <Task>106</Task>
      <Opcode>20</Opcode>
      <Keywords>0x0</Keywords>
      <TimeCreated SystemTime="2021-12-09T19:54:03.634993400Z" />
      <EventRecordID>68956</EventRecordID>
      <Correlation ActivityID="{3f0c7a49-e4fd-0000-f428-353ffde4d701}" />
      <Execution ProcessID="4960" ThreadID="2608" />
      <Channel>Microsoft-Windows-PowerShell/Operational</Channel>
      <Computer>fs03vuln.offsec.lan</Computer>
      <Security UserID="S-1-5-21-4230534742-2542757381-3142984815-1234" />
    </System>
    <EventData>
      <Data Name="ContextInfo">        Severity = Informational
        Host Name = ConsoleHost
        Host Version = 4.0
        Host ID = a991c134-2e90-418c-940d-258271dd1e9c
        Host Application = C:\Windows\System32\WindowsPowerShell\v1.0\powershell.exe
        Engine Version = 4.0
        Runspace ID = 4315d698-493e-410a-8e70-1c07123fdca4
        Pipeline ID = 88
        Command Name = Write-Verbose
        Command Type = Cmdlet
        Script Name = C:\TOOLS\Add-RemoteRegBackdoor.ps1
        Command Path = 
        Sequence Number = 1124
        User = OFFSEC\hack1
        Shell ID = Microsoft.PowerShell
</Data>
      <Data Name="UserData">
      </Data>
      <Data Name="Payload">CommandInvocation(Write-Verbose): "Write-Verbose"
ParameterBinding(Write-Verbose): name="Message"; value="[FS03 : SAM\SAM\Domains\Account] Creating the trustee WMI object with user 'Everyone'"
</Data>
    </EventData>
  </Event>
  <Event xmlns="http://schemas.microsoft.com/win/2004/08/events/event">
    <System>
      <Provider Name="Microsoft-Windows-PowerShell" Guid="{a0c1853b-5c40-4b15-8766-3cf1c58f985a}" />
      <EventID>4103</EventID>
      <Version>1</Version>
      <Level>4</Level>
      <Task>106</Task>
      <Opcode>20</Opcode>
      <Keywords>0x0</Keywords>
      <TimeCreated SystemTime="2021-12-09T19:54:03.634993400Z" />
      <EventRecordID>68957</EventRecordID>
      <Correlation ActivityID="{3f0c7a49-e4fd-0000-f528-353ffde4d701}" />
      <Execution ProcessID="4960" ThreadID="2608" />
      <Channel>Microsoft-Windows-PowerShell/Operational</Channel>
      <Computer>fs03vuln.offsec.lan</Computer>
      <Security UserID="S-1-5-21-4230534742-2542757381-3142984815-1234" />
    </System>
    <EventData>
      <Data Name="ContextInfo">        Severity = Informational
        Host Name = ConsoleHost
        Host Version = 4.0
        Host ID = a991c134-2e90-418c-940d-258271dd1e9c
        Host Application = C:\Windows\System32\WindowsPowerShell\v1.0\powershell.exe
        Engine Version = 4.0
        Runspace ID = 4315d698-493e-410a-8e70-1c07123fdca4
        Pipeline ID = 88
        Command Name = New-Object
        Command Type = Cmdlet
        Script Name = C:\TOOLS\Add-RemoteRegBackdoor.ps1
        Command Path = 
        Sequence Number = 1126
        User = OFFSEC\hack1
        Shell ID = Microsoft.PowerShell
</Data>
      <Data Name="UserData">
      </Data>
      <Data Name="Payload">CommandInvocation(New-Object): "New-Object"
ParameterBinding(New-Object): name="TypeName"; value="System.Management.ManagementClass"
ParameterBinding(New-Object): name="ArgumentList"; value="win32_Trustee"
</Data>
    </EventData>
  </Event>
  <Event xmlns="http://schemas.microsoft.com/win/2004/08/events/event">
    <System>
      <Provider Name="Microsoft-Windows-PowerShell" Guid="{a0c1853b-5c40-4b15-8766-3cf1c58f985a}" />
      <EventID>4103</EventID>
      <Version>1</Version>
      <Level>4</Level>
      <Task>106</Task>
      <Opcode>20</Opcode>
      <Keywords>0x0</Keywords>
      <TimeCreated SystemTime="2021-12-09T19:54:03.650637400Z" />
      <EventRecordID>68958</EventRecordID>
      <Correlation ActivityID="{3f0c7a49-e4fd-0001-9dd3-343ffde4d701}" />
      <Execution ProcessID="4960" ThreadID="2608" />
      <Channel>Microsoft-Windows-PowerShell/Operational</Channel>
      <Computer>fs03vuln.offsec.lan</Computer>
      <Security UserID="S-1-5-21-4230534742-2542757381-3142984815-1234" />
    </System>
    <EventData>
      <Data Name="ContextInfo">        Severity = Informational
        Host Name = ConsoleHost
        Host Version = 4.0
        Host ID = a991c134-2e90-418c-940d-258271dd1e9c
        Host Application = C:\Windows\System32\WindowsPowerShell\v1.0\powershell.exe
        Engine Version = 4.0
        Runspace ID = 4315d698-493e-410a-8e70-1c07123fdca4
        Pipeline ID = 88
        Command Name = Write-Verbose
        Command Type = Cmdlet
        Script Name = C:\TOOLS\Add-RemoteRegBackdoor.ps1
        Command Path = 
        Sequence Number = 1128
        User = OFFSEC\hack1
        Shell ID = Microsoft.PowerShell
</Data>
      <Data Name="UserData">
      </Data>
      <Data Name="Payload">CommandInvocation(Write-Verbose): "Write-Verbose"
ParameterBinding(Write-Verbose): name="Message"; value="[FS03 : SAM\SAM\Domains\Account] Applying Trustee to new Ace"
</Data>
    </EventData>
  </Event>
  <Event xmlns="http://schemas.microsoft.com/win/2004/08/events/event">
    <System>
      <Provider Name="Microsoft-Windows-PowerShell" Guid="{a0c1853b-5c40-4b15-8766-3cf1c58f985a}" />
      <EventID>4103</EventID>
      <Version>1</Version>
      <Level>4</Level>
      <Task>106</Task>
      <Opcode>20</Opcode>
      <Keywords>0x0</Keywords>
      <TimeCreated SystemTime="2021-12-09T19:54:03.650637400Z" />
      <EventRecordID>68959</EventRecordID>
      <Correlation ActivityID="{3f0c7a49-e4fd-0000-0229-353ffde4d701}" />
      <Execution ProcessID="4960" ThreadID="2608" />
      <Channel>Microsoft-Windows-PowerShell/Operational</Channel>
      <Computer>fs03vuln.offsec.lan</Computer>
      <Security UserID="S-1-5-21-4230534742-2542757381-3142984815-1234" />
    </System>
    <EventData>
      <Data Name="ContextInfo">        Severity = Informational
        Host Name = ConsoleHost
        Host Version = 4.0
        Host ID = a991c134-2e90-418c-940d-258271dd1e9c
        Host Application = C:\Windows\System32\WindowsPowerShell\v1.0\powershell.exe
        Engine Version = 4.0
        Runspace ID = 4315d698-493e-410a-8e70-1c07123fdca4
        Pipeline ID = 88
        Command Name = Write-Verbose
        Command Type = Cmdlet
        Script Name = C:\TOOLS\Add-RemoteRegBackdoor.ps1
        Command Path = 
        Sequence Number = 1130
        User = OFFSEC\hack1
        Shell ID = Microsoft.PowerShell
</Data>
      <Data Name="UserData">
      </Data>
      <Data Name="Payload">CommandInvocation(Write-Verbose): "Write-Verbose"
ParameterBinding(Write-Verbose): name="Message"; value="[FS03 : SAM\SAM\Domains\Account] Calling SetSecurityDescriptor on the key with the newly created Ace"
</Data>
    </EventData>
  </Event>
  <Event xmlns="http://schemas.microsoft.com/win/2004/08/events/event">
    <System>
      <Provider Name="Microsoft-Windows-PowerShell" Guid="{a0c1853b-5c40-4b15-8766-3cf1c58f985a}" />
      <EventID>4103</EventID>
      <Version>1</Version>
      <Level>4</Level>
      <Task>106</Task>
      <Opcode>20</Opcode>
      <Keywords>0x0</Keywords>
      <TimeCreated SystemTime="2021-12-09T19:54:03.650637400Z" />
      <EventRecordID>68960</EventRecordID>
      <Correlation ActivityID="{3f0c7a49-e4fd-0000-0329-353ffde4d701}" />
      <Execution ProcessID="4960" ThreadID="2608" />
      <Channel>Microsoft-Windows-PowerShell/Operational</Channel>
      <Computer>fs03vuln.offsec.lan</Computer>
      <Security UserID="S-1-5-21-4230534742-2542757381-3142984815-1234" />
    </System>
    <EventData>
      <Data Name="ContextInfo">        Severity = Informational
        Host Name = ConsoleHost
        Host Version = 4.0
        Host ID = a991c134-2e90-418c-940d-258271dd1e9c
        Host Application = C:\Windows\System32\WindowsPowerShell\v1.0\powershell.exe
        Engine Version = 4.0
        Runspace ID = 4315d698-493e-410a-8e70-1c07123fdca4
        Pipeline ID = 88
        Command Name = Write-Verbose
        Command Type = Cmdlet
        Script Name = C:\TOOLS\Add-RemoteRegBackdoor.ps1
        Command Path = 
        Sequence Number = 1132
        User = OFFSEC\hack1
        Shell ID = Microsoft.PowerShell
</Data>
      <Data Name="UserData">
      </Data>
      <Data Name="Payload">CommandInvocation(Write-Verbose): "Write-Verbose"
ParameterBinding(Write-Verbose): name="Message"; value="[FS03 : SAM\SAM\Domains\Account] Backdooring completed for key"
</Data>
    </EventData>
  </Event>
  