<root>
  <Event xmlns="http://schemas.microsoft.com/win/2004/08/events/event">
    <System>
      <Provider Name="Microsoft-Windows-Security-Auditing" Guid="{54849625-5478-4994-a5ba-3e3b0328c30d}" />
      <EventID>4688</EventID>
      <Version>2</Version>
      <Level>0</Level>
      <Task>13312</Task>
      <Opcode>0</Opcode>
      <Keywords>0x8020000000000000</Keywords>
      <TimeCreated SystemTime="2021-10-19T14:42:41.202764600Z" />
      <EventRecordID>60383</EventRecordID>
      <Correlation />
      <Execution ProcessID="4" ThreadID="1920" />
      <Channel>Security</Channel>
      <Computer>FS03.offsec.lan</Computer>
      <Security />
    </System>
    <EventData>
      <Data Name="SubjectUserSid">S-1-5-21-4230534742-2542757381-3142984815-1111</Data>
      <Data Name="SubjectUserName">admmig</Data>
      <Data Name="SubjectDomainName">OFFSEC</Data>
      <Data Name="SubjectLogonId">0x1f4c65f</Data>
      <Data Name="NewProcessId">0xde4</Data>
      <Data Name="NewProcessName">C:\Windows\System32\net.exe</Data>
      <Data Name="TokenElevationType">%%1937</Data>
      <Data Name="ProcessId">0xb5c</Data>
      <Data Name="CommandLine">net  user toto3 @#(*kjh@(@Jd /add</Data>
      <Data Name="TargetUserSid">S-1-0-0</Data>
      <Data Name="TargetUserName">-</Data>
      <Data Name="TargetDomainName">-</Data>
      <Data Name="TargetLogonId">0x0</Data>
    </EventData>
  </Event>
  <Event xmlns="http://schemas.microsoft.com/win/2004/08/events/event">
    <System>
      <Provider Name="Microsoft-Windows-Security-Auditing" Guid="{54849625-5478-4994-a5ba-3e3b0328c30d}" />
      <EventID>4688</EventID>
      <Version>2</Version>
      <Level>0</Level>
      <Task>13312</Task>
      <Opcode>0</Opcode>
      <Keywords>0x8020000000000000</Keywords>
      <TimeCreated SystemTime="2021-10-19T14:42:41.218395700Z" />
      <EventRecordID>60384</EventRecordID>
      <Correlation />
      <Execution ProcessID="4" ThreadID="1920" />
      <Channel>Security</Channel>
      <Computer>FS03.offsec.lan</Computer>
      <Security />
    </System>
    <EventData>
      <Data Name="SubjectUserSid">S-1-5-21-4230534742-2542757381-3142984815-1111</Data>
      <Data Name="SubjectUserName">admmig</Data>
      <Data Name="SubjectDomainName">OFFSEC</Data>
      <Data Name="SubjectLogonId">0x1f4c65f</Data>
      <Data Name="NewProcessId">0xf30</Data>
      <Data Name="NewProcessName">C:\Windows\System32\net1.exe</Data>
      <Data Name="TokenElevationType">%%1937</Data>
      <Data Name="ProcessId">0xde4</Data>
      <Data Name="CommandLine">C:\Windows\system32\net1  user toto3 @#(*kjh@(@Jd /add</Data>
      <Data Name="TargetUserSid">S-1-0-0</Data>
      <Data Name="TargetUserName">-</Data>
      <Data Name="TargetDomainName">-</Data>
      <Data Name="TargetLogonId">0x0</Data>
    </EventData>
  </Event>
  <Event xmlns="http://schemas.microsoft.com/win/2004/08/events/event">
    <System>
      <Provider Name="Microsoft-Windows-Security-Auditing" Guid="{54849625-5478-4994-a5ba-3e3b0328c30d}" />
      <EventID>4656</EventID>
      <Version>1</Version>
      <Level>0</Level>
      <Task>12803</Task>
      <Opcode>0</Opcode>
      <Keywords>0x8020000000000000</Keywords>
      <TimeCreated SystemTime="2021-10-19T14:42:41.218395700Z" />
      <EventRecordID>60385</EventRecordID>
      <Correlation />
      <Execution ProcessID="512" ThreadID="520" />
      <Channel>Security</Channel>
      <Computer>FS03.offsec.lan</Computer>
      <Security />
    </System>
    <EventData>
      <Data Name="SubjectUserSid">S-1-5-21-4230534742-2542757381-3142984815-1111</Data>
      <Data Name="SubjectUserName">admmig</Data>
      <Data Name="SubjectDomainName">OFFSEC</Data>
      <Data Name="SubjectLogonId">0x1f4c65f</Data>
      <Data Name="ObjectServer">Security Account Manager</Data>
      <Data Name="ObjectType">SAM_DOMAIN</Data>
      <Data Name="ObjectName">FS03</Data>
      <Data Name="HandleId">0xdd0da16470</Data>
      <Data Name="TransactionId">{00000000-0000-0000-0000-000000000000}</Data>
      <Data Name="AccessList">%%5392
				%%5396
				%%5401
				</Data>
      <Data Name="AccessReason">-</Data>
      <Data Name="AccessMask">0x211</Data>
      <Data Name="PrivilegeList">-</Data>
      <Data Name="RestrictedSidCount">0</Data>
      <Data Name="ProcessId">0x200</Data>
      <Data Name="ProcessName">C:\Windows\System32\lsass.exe</Data>
      <Data Name="ResourceAttributes">-</Data>
    </EventData>
  </Event>
  <Event xmlns="http://schemas.microsoft.com/win/2004/08/events/event">
    <System>
      <Provider Name="Microsoft-Windows-Security-Auditing" Guid="{54849625-5478-4994-a5ba-3e3b0328c30d}" />
      <EventID>4728</EventID>
      <Version>0</Version>
      <Level>0</Level>
      <Task>13826</Task>
      <Opcode>0</Opcode>
      <Keywords>0x8020000000000000</Keywords>
      <TimeCreated SystemTime="2021-10-19T14:42:41.218395700Z" />
      <EventRecordID>60386</EventRecordID>
      <Correlation />
      <Execution ProcessID="512" ThreadID="3052" />
      <Channel>Security</Channel>
      <Computer>FS03.offsec.lan</Computer>
      <Security />
    </System>
    <EventData>
      <Data Name="MemberName">-</Data>
      <Data Name="MemberSid">S-1-5-21-3410678313-1251427014-1131291384-1004</Data>
      <Data Name="TargetUserName">None</Data>
      <Data Name="TargetDomainName">FS03</Data>
      <Data Name="TargetSid">S-1-5-21-3410678313-1251427014-1131291384-513</Data>
      <Data Name="SubjectUserSid">S-1-5-21-4230534742-2542757381-3142984815-1111</Data>
      <Data Name="SubjectUserName">admmig</Data>
      <Data Name="SubjectDomainName">OFFSEC</Data>
      <Data Name="SubjectLogonId">0x1f4c65f</Data>
      <Data Name="PrivilegeList">-</Data>
    </EventData>
  </Event>
  <Event xmlns="http://schemas.microsoft.com/win/2004/08/events/event">
    <System>
      <Provider Name="Microsoft-Windows-Security-Auditing" Guid="{54849625-5478-4994-a5ba-3e3b0328c30d}" />
      <EventID>4720</EventID>
      <Version>0</Version>
      <Level>0</Level>
      <Task>13824</Task>
      <Opcode>0</Opcode>
      <Keywords>0x8020000000000000</Keywords>
      <TimeCreated SystemTime="2021-10-19T14:42:41.234010800Z" />
      <EventRecordID>60387</EventRecordID>
      <Correlation />
      <Execution ProcessID="512" ThreadID="3052" />
      <Channel>Security</Channel>
      <Computer>FS03.offsec.lan</Computer>
      <Security />
    </System>
    <EventData>
      <Data Name="TargetUserName">toto3</Data>
      <Data Name="TargetDomainName">FS03</Data>
      <Data Name="TargetSid">S-1-5-21-3410678313-1251427014-1131291384-1004</Data>
      <Data Name="SubjectUserSid">S-1-5-21-4230534742-2542757381-3142984815-1111</Data>
      <Data Name="SubjectUserName">admmig</Data>
      <Data Name="SubjectDomainName">OFFSEC</Data>
      <Data Name="SubjectLogonId">0x1f4c65f</Data>
      <Data Name="PrivilegeList">-</Data>
      <Data Name="SamAccountName">toto3</Data>
      <Data Name="DisplayName">%%1793</Data>
      <Data Name="UserPrincipalName">-</Data>
      <Data Name="HomeDirectory">%%1793</Data>
      <Data Name="HomePath">%%1793</Data>
      <Data Name="ScriptPath">%%1793</Data>
      <Data Name="ProfilePath">%%1793</Data>
      <Data Name="UserWorkstations">%%1793</Data>
      <Data Name="PasswordLastSet">%%1794</Data>
      <Data Name="AccountExpires">%%1794</Data>
      <Data Name="PrimaryGroupId">513</Data>
      <Data Name="AllowedToDelegateTo">-</Data>
      <Data Name="OldUacValue">0x0</Data>
      <Data Name="NewUacValue">0x15</Data>
      <Data Name="UserAccountControl">
		%%2080
		%%2082
		%%2084</Data>
      <Data Name="UserParameters">%%1793</Data>
      <Data Name="SidHistory">-</Data>
      <Data Name="LogonHours">%%1797</Data>
    </EventData>
  </Event>
  <Event xmlns="http://schemas.microsoft.com/win/2004/08/events/event">
    <System>
      <Provider Name="Microsoft-Windows-Security-Auditing" Guid="{54849625-5478-4994-a5ba-3e3b0328c30d}" />
      <EventID>4722</EventID>
      <Version>0</Version>
      <Level>0</Level>
      <Task>13824</Task>
      <Opcode>0</Opcode>
      <Keywords>0x8020000000000000</Keywords>
      <TimeCreated SystemTime="2021-10-19T14:42:41.234010800Z" />
      <EventRecordID>60388</EventRecordID>
      <Correlation />
      <Execution ProcessID="512" ThreadID="3052" />
      <Channel>Security</Channel>
      <Computer>FS03.offsec.lan</Computer>
      <Security />
    </System>
    <EventData>
      <Data Name="TargetUserName">toto3</Data>
      <Data Name="TargetDomainName">FS03</Data>
      <Data Name="TargetSid">S-1-5-21-3410678313-1251427014-1131291384-1004</Data>
      <Data Name="SubjectUserSid">S-1-5-21-4230534742-2542757381-3142984815-1111</Data>
      <Data Name="SubjectUserName">admmig</Data>
      <Data Name="SubjectDomainName">OFFSEC</Data>
      <Data Name="SubjectLogonId">0x1f4c65f</Data>
    </EventData>
  </Event>
  <Event xmlns="http://schemas.microsoft.com/win/2004/08/events/event">
    <System>
      <Provider Name="Microsoft-Windows-Security-Auditing" Guid="{54849625-5478-4994-a5ba-3e3b0328c30d}" />
      <EventID>4656</EventID>
      <Version>1</Version>
      <Level>0</Level>
      <Task>12803</Task>
      <Opcode>0</Opcode>
      <Keywords>0x8020000000000000</Keywords>
      <TimeCreated SystemTime="2021-10-19T14:42:41.234010800Z" />
      <EventRecordID>60392</EventRecordID>
      <Correlation />
      <Execution ProcessID="512" ThreadID="520" />
      <Channel>Security</Channel>
      <Computer>FS03.offsec.lan</Computer>
      <Security />
    </System>
    <EventData>
      <Data Name="SubjectUserSid">S-1-5-21-4230534742-2542757381-3142984815-1111</Data>
      <Data Name="SubjectUserName">admmig</Data>
      <Data Name="SubjectDomainName">OFFSEC</Data>
      <Data Name="SubjectLogonId">0x1f4c65f</Data>
      <Data Name="ObjectServer">Security Account Manager</Data>
      <Data Name="ObjectType">SAM_DOMAIN</Data>
      <Data Name="ObjectName">FS03</Data>
      <Data Name="HandleId">0xdd0da15b50</Data>
      <Data Name="TransactionId">{00000000-0000-0000-0000-000000000000}</Data>
      <Data Name="AccessList">%%1538
				%%5392
				%%5394
				%%5398
				%%5399
				%%5400
				%%5401
				</Data>
      <Data Name="AccessReason">-</Data>
      <Data Name="AccessMask">0x203c5</Data>
      <Data Name="PrivilegeList">-</Data>
      <Data Name="RestrictedSidCount">0</Data>
      <Data Name="ProcessId">0x200</Data>
      <Data Name="ProcessName">C:\Windows\System32\lsass.exe</Data>
      <Data Name="ResourceAttributes">-</Data>
    </EventData>
  </Event>
  <Event xmlns="http://schemas.microsoft.com/win/2004/08/events/event">
    <System>
      <Provider Name="Microsoft-Windows-Security-Auditing" Guid="{54849625-5478-4994-a5ba-3e3b0328c30d}" />
      <EventID>4656</EventID>
      <Version>1</Version>
      <Level>0</Level>
      <Task>12803</Task>
      <Opcode>0</Opcode>
      <Keywords>0x8020000000000000</Keywords>
      <TimeCreated SystemTime="2021-10-19T14:42:41.234010800Z" />
      <EventRecordID>60393</EventRecordID>
      <Correlation />
      <Execution ProcessID="512" ThreadID="520" />
      <Channel>Security</Channel>
      <Computer>FS03.offsec.lan</Computer>
      <Security />
    </System>
    <EventData>
      <Data Name="SubjectUserSid">S-1-5-21-4230534742-2542757381-3142984815-1111</Data>
      <Data Name="SubjectUserName">admmig</Data>
      <Data Name="SubjectDomainName">OFFSEC</Data>
      <Data Name="SubjectLogonId">0x1f4c65f</Data>
      <Data Name="ObjectServer">Security Account Manager</Data>
      <Data Name="ObjectType">SAM_ALIAS</Data>
      <Data Name="ObjectName">DOMAINS\Builtin\Aliases\00000221</Data>
      <Data Name="HandleId">0xdd0da14910</Data>
      <Data Name="TransactionId">{00000000-0000-0000-0000-000000000000}</Data>
      <Data Name="AccessList">%%5424
				</Data>
      <Data Name="AccessReason">-</Data>
      <Data Name="AccessMask">0x1</Data>
      <Data Name="PrivilegeList">-</Data>
      <Data Name="RestrictedSidCount">0</Data>
      <Data Name="ProcessId">0x200</Data>
      <Data Name="ProcessName">C:\Windows\System32\lsass.exe</Data>
      <Data Name="ResourceAttributes">-</Data>
    </EventData>
  </Event>
  <Event xmlns="http://schemas.microsoft.com/win/2004/08/events/event">
    <System>
      <Provider Name="Microsoft-Windows-Security-Auditing" Guid="{54849625-5478-4994-a5ba-3e3b0328c30d}" />
      <EventID>4732</EventID>
      <Version>0</Version>
      <Level>0</Level>
      <Task>13826</Task>
      <Opcode>0</Opcode>
      <Keywords>0x8020000000000000</Keywords>
      <TimeCreated SystemTime="2021-10-19T14:42:41.234010800Z" />
      <EventRecordID>60394</EventRecordID>
      <Correlation />
      <Execution ProcessID="512" ThreadID="3052" />
      <Channel>Security</Channel>
      <Computer>FS03.offsec.lan</Computer>
      <Security />
    </System>
    <EventData>
      <Data Name="MemberName">-</Data>
      <Data Name="MemberSid">S-1-5-21-3410678313-1251427014-1131291384-1004</Data>
      <Data Name="TargetUserName">Users</Data>
      <Data Name="TargetDomainName">Builtin</Data>
      <Data Name="TargetSid">S-1-5-32-545</Data>
      <Data Name="SubjectUserSid">S-1-5-21-4230534742-2542757381-3142984815-1111</Data>
      <Data Name="SubjectUserName">admmig</Data>
      <Data Name="SubjectDomainName">OFFSEC</Data>
      <Data Name="SubjectLogonId">0x1f4c65f</Data>
      <Data Name="PrivilegeList">-</Data>
    </EventData>
  </Event>
</root>