<root>
  <Event xmlns="http://schemas.microsoft.com/win/2004/08/events/event">
    <System>
      <Provider Name="Microsoft-Windows-Security-Auditing" Guid="{54849625-5478-4994-a5ba-3e3b0328c30d}" />
      <EventID>4742</EventID>
      <Version>0</Version>
      <Level>0</Level>
      <Task>13825</Task>
      <Opcode>0</Opcode>
      <Keywords>0x8020000000000000</Keywords>
      <TimeCreated SystemTime="2020-07-12T19:36:41.882963100Z" />
      <EventRecordID>16334929</EventRecordID>
      <Correlation />
      <Execution ProcessID="528" ThreadID="3156" />
      <Channel>Security</Channel>
      <Computer>rootdc1.offsec.lan</Computer>
      <Security />
    </System>
    <EventData>
      <Data Name="ComputerAccountChange">-</Data>
      <Data Name="TargetUserName">HIDDEN-PC$</Data>
      <Data Name="TargetDomainName">OFFSEC</Data>
      <Data Name="TargetSid">S-1-5-21-4230534742-2542757381-3142984815-1167</Data>
      <Data Name="SubjectUserSid">S-1-5-7</Data>
      <Data Name="SubjectUserName">ANONYMOUS LOGON</Data>
      <Data Name="SubjectDomainName">NT AUTHORITY</Data>
      <Data Name="SubjectLogonId">0x3e6</Data>
      <Data Name="PrivilegeList">-</Data>
      <Data Name="SamAccountName">-</Data>
      <Data Name="DisplayName">-</Data>
      <Data Name="UserPrincipalName">-</Data>
      <Data Name="HomeDirectory">-</Data>
      <Data Name="HomePath">-</Data>
      <Data Name="ScriptPath">-</Data>
      <Data Name="ProfilePath">-</Data>
      <Data Name="UserWorkstations">-</Data>
      <Data Name="PasswordLastSet">7/12/2020 7:36:41 PM</Data>
      <Data Name="AccountExpires">-</Data>
      <Data Name="PrimaryGroupId">-</Data>
      <Data Name="AllowedToDelegateTo">-</Data>
      <Data Name="OldUacValue">-</Data>
      <Data Name="NewUacValue">-</Data>
      <Data Name="UserAccountControl">-</Data>
      <Data Name="UserParameters">-</Data>
      <Data Name="SidHistory">-</Data>
      <Data Name="LogonHours">-</Data>
      <Data Name="DnsHostName">-</Data>
      <Data Name="ServicePrincipalNames">-</Data>
    </EventData>
  </Event>
  <Event xmlns="http://schemas.microsoft.com/win/2004/08/events/event">
    <System>
      <Provider Name="Microsoft-Windows-Security-Auditing" Guid="{54849625-5478-4994-a5ba-3e3b0328c30d}" />
      <EventID>4742</EventID>
      <Version>0</Version>
      <Level>0</Level>
      <Task>13825</Task>
      <Opcode>0</Opcode>
      <Keywords>0x8020000000000000</Keywords>
      <TimeCreated SystemTime="2020-07-12T19:36:41.884401600Z" />
      <EventRecordID>16334931</EventRecordID>
      <Correlation />
      <Execution ProcessID="528" ThreadID="3156" />
      <Channel>Security</Channel>
      <Computer>rootdc1.offsec.lan</Computer>
      <Security />
    </System>
    <EventData>
      <Data Name="ComputerAccountChange">-</Data>
      <Data Name="TargetUserName">HIDDEN-PC$</Data>
      <Data Name="TargetDomainName">OFFSEC</Data>
      <Data Name="TargetSid">S-1-5-21-4230534742-2542757381-3142984815-1167</Data>
      <Data Name="SubjectUserSid">S-1-5-21-4230534742-2542757381-3142984815-1158</Data>
      <Data Name="SubjectUserName">lambda-user</Data>
      <Data Name="SubjectDomainName">OFFSEC</Data>
      <Data Name="SubjectLogonId">0x87e454b</Data>
      <Data Name="PrivilegeList">-</Data>
      <Data Name="SamAccountName">-</Data>
      <Data Name="DisplayName">-</Data>
      <Data Name="UserPrincipalName">-</Data>
      <Data Name="HomeDirectory">-</Data>
      <Data Name="HomePath">-</Data>
      <Data Name="ScriptPath">-</Data>
      <Data Name="ProfilePath">-</Data>
      <Data Name="UserWorkstations">-</Data>
      <Data Name="PasswordLastSet">-</Data>
      <Data Name="AccountExpires">-</Data>
      <Data Name="PrimaryGroupId">-</Data>
      <Data Name="AllowedToDelegateTo">-</Data>
      <Data Name="OldUacValue">0x85</Data>
      <Data Name="NewUacValue">0x84</Data>
      <Data Name="UserAccountControl">
		%%2048</Data>
      <Data Name="UserParameters">-</Data>
      <Data Name="SidHistory">-</Data>
      <Data Name="LogonHours">-</Data>
      <Data Name="DnsHostName">-</Data>
      <Data Name="ServicePrincipalNames">-</Data>
    </EventData>
  </Event>
  <Event xmlns="http://schemas.microsoft.com/win/2004/08/events/event">
    <System>
      <Provider Name="Microsoft-Windows-Security-Auditing" Guid="{54849625-5478-4994-a5ba-3e3b0328c30d}" />
      <EventID>4743</EventID>
      <Version>0</Version>
      <Level>0</Level>
      <Task>13825</Task>
      <Opcode>0</Opcode>
      <Keywords>0x8020000000000000</Keywords>
      <TimeCreated SystemTime="2020-07-12T19:36:44.227880400Z" />
      <EventRecordID>16334944</EventRecordID>
      <Correlation />
      <Execution ProcessID="528" ThreadID="3156" />
      <Channel>Security</Channel>
      <Computer>rootdc1.offsec.lan</Computer>
      <Security />
    </System>
    <EventData>
      <Data Name="TargetUserName">HIDDEN-PC$</Data>
      <Data Name="TargetDomainName">OFFSEC</Data>
      <Data Name="TargetSid">S-1-5-21-4230534742-2542757381-3142984815-1167</Data>
      <Data Name="SubjectUserSid">S-1-5-21-4230534742-2542757381-3142984815-1158</Data>
      <Data Name="SubjectUserName">lambda-user</Data>
      <Data Name="SubjectDomainName">OFFSEC</Data>
      <Data Name="SubjectLogonId">0x87e482b</Data>
      <Data Name="PrivilegeList">-</Data>
    </EventData>
  </Event>
</root>