<Event xmlns="http://schemas.microsoft.com/win/2004/08/events/event">
    <System>
      <Provider Name="Microsoft-Windows-RemoteDesktopServices-RdpCoreTS" Guid="{1139c61b-b549-4251-8ed3-27250a1edec8}" />
      <EventID>148</EventID>
      <Version>0</Version>
      <Level>4</Level>
      <Task>4</Task>
      <Opcode>17</Opcode>
      <Keywords>0x4000000000000000</Keywords>
      <TimeCreated SystemTime="2019-08-28T14:51:29.264986100Z" />
      <EventRecordID>1471</EventRecordID>
      <Correlation ActivityID="{f4202027-cbc6-41c4-85e5-4e8a31ce0000}" />
      <Execution ProcessID="396" ThreadID="1164" />
      <Channel>Microsoft-Windows-RemoteDesktopServices-RdpCoreTS/Operational</Channel>
      <Computer>MSEDGEWIN10</Computer>
      <Security UserID="S-1-5-20" />
    </System>
    <EventData>
      <Data Name="ChannelName">Microsoft::Windows::RDS::Video::Control::v08.01</Data>
      <Data Name="TunnelID">0</Data>
    </EventData>
  </Event>
  <Event xmlns="http://schemas.microsoft.com/win/2004/08/events/event">
    <System>
      <Provider Name="Microsoft-Windows-RemoteDesktopServices-RdpCoreTS" Guid="{1139c61b-b549-4251-8ed3-27250a1edec8}" />
      <EventID>148</EventID>
      <Version>0</Version>
      <Level>4</Level>
      <Task>4</Task>
      <Opcode>17</Opcode>
      <Keywords>0x4000000000000000</Keywords>
      <TimeCreated SystemTime="2019-08-28T14:51:29.267833300Z" />
      <EventRecordID>1472</EventRecordID>
      <Correlation ActivityID="{f4202027-cbc6-41c4-85e5-4e8a31ce0000}" />
      <Execution ProcessID="396" ThreadID="1164" />
      <Channel>Microsoft-Windows-RemoteDesktopServices-RdpCoreTS/Operational</Channel>
      <Computer>MSEDGEWIN10</Computer>
      <Security UserID="S-1-5-20" />
    </System>
    <EventData>
      <Data Name="ChannelName">Microsoft::Windows::RDS::Geometry::v08.01</Data>
      <Data Name="TunnelID">0</Data>
    </EventData>
  </Event>
  <Event xmlns="http://schemas.microsoft.com/win/2004/08/events/event">
    <System>
      <Provider Name="Microsoft-Windows-RemoteDesktopServices-RdpCoreTS" Guid="{1139c61b-b549-4251-8ed3-27250a1edec8}" />
      <EventID>72</EventID>
      <Version>0</Version>
      <Level>4</Level>
      <Task>4</Task>
      <Opcode>13</Opcode>
      <Keywords>0x4000000000000000</Keywords>
      <TimeCreated SystemTime="2019-08-28T14:51:29.336560100Z" />
      <EventRecordID>1473</EventRecordID>
      <Correlation ActivityID="{f4202027-cbc6-41c4-85e5-4e8a31ce0000}" />
      <Execution ProcessID="396" ThreadID="5452" />
      <Channel>Microsoft-Windows-RemoteDesktopServices-RdpCoreTS/Operational</Channel>
      <Computer>MSEDGEWIN10</Computer>
      <Security UserID="S-1-5-20" />
    </System>
    <EventData>
      <Data Name="MethodName">ConnectNotify(SessionId=2)</Data>
    </EventData>
  </Event>
  <Event xmlns="http://schemas.microsoft.com/win/2004/08/events/event">
    <System>
      <Provider Name="Microsoft-Windows-RemoteDesktopServices-RdpCoreTS" Guid="{1139c61b-b549-4251-8ed3-27250a1edec8}" />
      <EventID>132</EventID>
      <Version>0</Version>
      <Level>4</Level>
      <Task>4</Task>
      <Opcode>15</Opcode>
      <Keywords>0x4000000000000000</Keywords>
      <TimeCreated SystemTime="2019-08-28T14:51:29.446324800Z" />
      <EventRecordID>1474</EventRecordID>
      <Correlation ActivityID="{f4202027-cbc6-41c4-85e5-4e8a31ce0000}" />
      <Execution ProcessID="396" ThreadID="1472" />
      <Channel>Microsoft-Windows-RemoteDesktopServices-RdpCoreTS/Operational</Channel>
      <Computer>MSEDGEWIN10</Computer>
      <Security UserID="S-1-5-18" />
    </System>
    <EventData>
      <Data Name="ChannelName">rdpdr</Data>
      <Data Name="TunnelID">0</Data>
    </EventData>
  </Event>
  <Event xmlns="http://schemas.microsoft.com/win/2004/08/events/event">
    <System>
      <Provider Name="Microsoft-Windows-RemoteDesktopServices-RdpCoreTS" Guid="{1139c61b-b549-4251-8ed3-27250a1edec8}" />
      <EventID>227</EventID>
      <Version>0</Version>
      <Level>2</Level>
      <Task>4</Task>
      <Opcode>19</Opcode>
      <Keywords>0x4000000000000000</Keywords>
      <TimeCreated SystemTime="2019-08-28T14:51:29.446401100Z" />
      <EventRecordID>1475</EventRecordID>
      <Correlation ActivityID="{f4202027-cbc6-41c4-85e5-4e8a31ce0000}" />
      <Execution ProcessID="396" ThreadID="1472" />
      <Channel>Microsoft-Windows-RemoteDesktopServices-RdpCoreTS/Operational</Channel>
      <Computer>MSEDGEWIN10</Computer>
      <Security UserID="S-1-5-18" />
    </System>
    <EventData>
      <Data Name="Name">CUMRDPConnection</Data>
      <Data Name="Value">2147942450</Data>
      <Data Name="CustomLevel">'Failed CreateVirtualChannel call on this Connections Stack' in CUMRDPConnection::CreateVirtualChannel at 2498 err=[0x80070032]</Data>
    </EventData>
  </Event>
  <Event xmlns="http://schemas.microsoft.com/win/2004/08/events/event">
    <System>
      <Provider Name="Microsoft-Windows-RemoteDesktopServices-RdpCoreTS" Guid="{1139c61b-b549-4251-8ed3-27250a1edec8}" />
      <EventID>148</EventID>
      <Version>0</Version>
      <Level>4</Level>
      <Task>4</Task>
      <Opcode>17</Opcode>
      <Keywords>0x4000000000000000</Keywords>
      <TimeCreated SystemTime="2019-08-28T14:51:29.446450700Z" />
      <EventRecordID>1476</EventRecordID>
      <Correlation ActivityID="{f4202027-cbc6-41c4-85e5-4e8a31ce0000}" />
      <Execution ProcessID="396" ThreadID="1164" />
      <Channel>Microsoft-Windows-RemoteDesktopServices-RdpCoreTS/Operational</Channel>
      <Computer>MSEDGEWIN10</Computer>
      <Security UserID="S-1-5-20" />
    </System>
    <EventData>
      <Data Name="ChannelName">rdpdr</Data>
      <Data Name="TunnelID">0</Data>
    </EventData>
  </Event>
  <Event xmlns="http://schemas.microsoft.com/win/2004/08/events/event">
    <System>
      <Provider Name="Microsoft-Windows-RemoteDesktopServices-RdpCoreTS" Guid="{1139c61b-b549-4251-8ed3-27250a1edec8}" />
      <EventID>132</EventID>
      <Version>0</Version>
      <Level>4</Level>
      <Task>4</Task>
      <Opcode>15</Opcode>
      <Keywords>0x4000000000000000</Keywords>
      <TimeCreated SystemTime="2019-08-28T14:51:29.452698200Z" />
      <EventRecordID>1477</EventRecordID>
      <Correlation ActivityID="{f4202027-cbc6-41c4-85e5-4e8a31ce0000}" />
      <Execution ProcessID="396" ThreadID="1472" />
      <Channel>Microsoft-Windows-RemoteDesktopServices-RdpCoreTS/Operational</Channel>
      <Computer>MSEDGEWIN10</Computer>
      <Security UserID="S-1-5-20" />
    </System>
    <EventData>
      <Data Name="ChannelName">RDCamera_Device_Enumerator</Data>
      <Data Name="TunnelID">0</Data>
    </EventData>
  </Event>
  <Event xmlns="http://schemas.microsoft.com/win/2004/08/events/event">
    <System>
      <Provider Name="Microsoft-Windows-RemoteDesktopServices-RdpCoreTS" Guid="{1139c61b-b549-4251-8ed3-27250a1edec8}" />
      <EventID>227</EventID>
      <Version>0</Version>
      <Level>2</Level>
      <Task>4</Task>
      <Opcode>19</Opcode>
      <Keywords>0x4000000000000000</Keywords>
      <TimeCreated SystemTime="2019-08-28T14:51:29.452773300Z" />
      <EventRecordID>1478</EventRecordID>
      <Correlation ActivityID="{f4202027-cbc6-41c4-85e5-4e8a31ce0000}" />
      <Execution ProcessID="396" ThreadID="1472" />
      <Channel>Microsoft-Windows-RemoteDesktopServices-RdpCoreTS/Operational</Channel>
      <Computer>MSEDGEWIN10</Computer>
      <Security UserID="S-1-5-20" />
    </System>
    <EventData>
      <Data Name="Name">CUMRDPConnection</Data>
      <Data Name="Value">2147942450</Data>
      <Data Name="CustomLevel">'Failed CreateVirtualChannel call on this Connections Stack' in CUMRDPConnection::CreateVirtualChannel at 2498 err=[0x80070032]</Data>
    </EventData>
  </Event>
  <Event xmlns="http://schemas.microsoft.com/win/2004/08/events/event">
    <System>
      <Provider Name="Microsoft-Windows-RemoteDesktopServices-RdpCoreTS" Guid="{1139c61b-b549-4251-8ed3-27250a1edec8}" />
      <EventID>148</EventID>
      <Version>0</Version>
      <Level>4</Level>
      <Task>4</Task>
      <Opcode>17</Opcode>
      <Keywords>0x4000000000000000</Keywords>
      <TimeCreated SystemTime="2019-08-28T14:51:29.452774400Z" />
      <EventRecordID>1479</EventRecordID>
      <Correlation ActivityID="{f4202027-cbc6-41c4-85e5-4e8a31ce0000}" />
      <Execution ProcessID="396" ThreadID="1164" />
      <Channel>Microsoft-Windows-RemoteDesktopServices-RdpCoreTS/Operational</Channel>
      <Computer>MSEDGEWIN10</Computer>
      <Security UserID="S-1-5-20" />
    </System>
    <EventData>
      <Data Name="ChannelName">RDCamera_Device_Enumerator</Data>
      <Data Name="TunnelID">0</Data>
    </EventData>
  </Event>
  <Event xmlns="http://schemas.microsoft.com/win/2004/08/events/event">
    <System>
      <Provider Name="Microsoft-Windows-RemoteDesktopServices-RdpCoreTS" Guid="{1139c61b-b549-4251-8ed3-27250a1edec8}" />
      <EventID>227</EventID>
      <Version>0</Version>
      <Level>2</Level>
      <Task>4</Task>
      <Opcode>19</Opcode>
      <Keywords>0x4000000000000000</Keywords>
      <TimeCreated SystemTime="2019-08-28T14:51:29.573985300Z" />
      <EventRecordID>1480</EventRecordID>
      <Correlation ActivityID="{f46285ac-3c3b-45d7-8c31-3b6b6aad0000}" />
      <Execution ProcessID="396" ThreadID="1472" />
      <Channel>Microsoft-Windows-RemoteDesktopServices-RdpCoreTS/Operational</Channel>
      <Computer>MSEDGEWIN10</Computer>
      <Security UserID="S-1-5-20" />
    </System>
    <EventData>
      <Data Name="Name">CUMRDPConnection</Data>
      <Data Name="Value">2147500033</Data>
      <Data Name="CustomLevel">'Failed GetConnectionProperty' in CUMRDPConnection::QueryProperty at 2884 err=[0x80004001]</Data>
    </EventData>
  </Event>
  <Event xmlns="http://schemas.microsoft.com/win/2004/08/events/event">
    <System>
      <Provider Name="Microsoft-Windows-RemoteDesktopServices-RdpCoreTS" Guid="{1139c61b-b549-4251-8ed3-27250a1edec8}" />
      <EventID>227</EventID>
      <Version>0</Version>
      <Level>2</Level>
      <Task>4</Task>
      <Opcode>19</Opcode>
      <Keywords>0x4000000000000000</Keywords>
      <TimeCreated SystemTime="2019-08-28T14:51:29.637941200Z" />
      <EventRecordID>1481</EventRecordID>
      <Correlation ActivityID="{f4202027-cbc6-41c4-85e5-4e8a31ce0000}" />
      <Execution ProcessID="396" ThreadID="1472" />
      <Channel>Microsoft-Windows-RemoteDesktopServices-RdpCoreTS/Operational</Channel>
      <Computer>MSEDGEWIN10</Computer>
      <Security UserID="S-1-5-20" />
    </System>
    <EventData>
      <Data Name="Name">CUMRDPConnection</Data>
      <Data Name="Value">2147500033</Data>
      <Data Name="CustomLevel">'Connection doesn't support logon error redirector' in CUMRDPConnection::GetLogonErrorRedirector at 4179 err=[0x80004001]</Data>
    </EventData>
  </Event>
  <Event xmlns="http://schemas.microsoft.com/win/2004/08/events/event">
    <System>
      <Provider Name="Microsoft-Windows-RemoteDesktopServices-RdpCoreTS" Guid="{1139c61b-b549-4251-8ed3-27250a1edec8}" />
      <EventID>258</EventID>
      <Version>0</Version>
      <Level>4</Level>
      <Task>4</Task>
      <Opcode>21</Opcode>
      <Keywords>0x4000000000000000</Keywords>
      <TimeCreated SystemTime="2019-08-28T14:51:29.668141500Z" />
      <EventRecordID>1482</EventRecordID>
      <Correlation ActivityID="{f4202027-cbc6-41c4-85e5-4e8a31ce0000}" />
      <Execution ProcessID="396" ThreadID="3216" />
      <Channel>Microsoft-Windows-RemoteDesktopServices-RdpCoreTS/Operational</Channel>
      <Computer>MSEDGEWIN10</Computer>
      <Security UserID="S-1-5-20" />
    </System>
    <EventData>
    </EventData>
  </Event>
  <Event xmlns="http://schemas.microsoft.com/win/2004/08/events/event">
    <System>
      <Provider Name="Microsoft-Windows-RemoteDesktopServices-RdpCoreTS" Guid="{1139c61b-b549-4251-8ed3-27250a1edec8}" />
      <EventID>142</EventID>
      <Version>0</Version>
      <Level>3</Level>
      <Task>4</Task>
      <Opcode>15</Opcode>
      <Keywords>0x4000000000000000</Keywords>
      <TimeCreated SystemTime="2019-08-28T14:51:36.108964100Z" />
      <EventRecordID>1483</EventRecordID>
      <Correlation ActivityID="{f4202027-cbc6-41c4-85e5-4e8a31ce0000}" />
      <Execution ProcessID="396" ThreadID="1472" />
      <Channel>Microsoft-Windows-RemoteDesktopServices-RdpCoreTS/Operational</Channel>
      <Computer>MSEDGEWIN10</Computer>
      <Security UserID="S-1-5-20" />
    </System>
    <EventData>
      <Data Name="error">64</Data>
    </EventData>
  </Event>
  <Event xmlns="http://schemas.microsoft.com/win/2004/08/events/event">
    <System>
      <Provider Name="Microsoft-Windows-RemoteDesktopServices-RdpCoreTS" Guid="{1139c61b-b549-4251-8ed3-27250a1edec8}" />
      <EventID>226</EventID>
      <Version>0</Version>
      <Level>3</Level>
      <Task>4</Task>
      <Opcode>19</Opcode>
      <Keywords>0x4000000000000000</Keywords>
      <TimeCreated SystemTime="2019-08-28T14:51:36.109140000Z" />
      <EventRecordID>1484</EventRecordID>
      <Correlation ActivityID="{f4202027-cbc6-41c4-85e5-4e8a31ce0000}" />
      <Execution ProcessID="396" ThreadID="1472" />
      <Channel>Microsoft-Windows-RemoteDesktopServices-RdpCoreTS/Operational</Channel>
      <Computer>MSEDGEWIN10</Computer>
      <Security UserID="S-1-5-20" />
    </System>
    <EventData>
      <Data Name="StateTransition">RDP_TCP</Data>
      <Data Name="PreviousState">23</Data>
      <Data Name="PreviousStateName">StateUnknown</Data>
      <Data Name="NewState">21</Data>
      <Data Name="NewStateName">StateDisconnected</Data>
      <Data Name="Event">43</Data>
      <Data Name="EventName">Event_Disconnect</Data>
      <Data Name="ErrorCode">0x80070040</Data>
    </EventData>
  </Event>
  <Event xmlns="http://schemas.microsoft.com/win/2004/08/events/event">
    <System>
      <Provider Name="Microsoft-Windows-RemoteDesktopServices-RdpCoreTS" Guid="{1139c61b-b549-4251-8ed3-27250a1edec8}" />
      <EventID>72</EventID>
      <Version>0</Version>
      <Level>4</Level>
      <Task>4</Task>
      <Opcode>13</Opcode>
      <Keywords>0x4000000000000000</Keywords>
      <TimeCreated SystemTime="2019-08-28T14:51:36.247915400Z" />
      <EventRecordID>1485</EventRecordID>
      <Correlation ActivityID="{f4202027-cbc6-41c4-85e5-4e8a31ce0000}" />
      <Execution ProcessID="396" ThreadID="1164" />
      <Channel>Microsoft-Windows-RemoteDesktopServices-RdpCoreTS/Operational</Channel>
      <Computer>MSEDGEWIN10</Computer>
      <Security UserID="S-1-5-20" />
    </System>
    <EventData>
      <Data Name="MethodName">OnDisconnected</Data>
    </EventData>
  </Event>
  <Event xmlns="http://schemas.microsoft.com/win/2004/08/events/event">
    <System>
      <Provider Name="Microsoft-Windows-RemoteDesktopServices-RdpCoreTS" Guid="{1139c61b-b549-4251-8ed3-27250a1edec8}" />
      <EventID>102</EventID>
      <Version>0</Version>
      <Level>4</Level>
      <Task>4</Task>
      <Opcode>17</Opcode>
      <Keywords>0x4000000000000000</Keywords>
      <TimeCreated SystemTime="2019-08-28T14:51:36.249525100Z" />
      <EventRecordID>1486</EventRecordID>
      <Correlation ActivityID="{f4202027-cbc6-41c4-85e5-4e8a31ce0000}" />
      <Execution ProcessID="396" ThreadID="1164" />
      <Channel>Microsoft-Windows-RemoteDesktopServices-RdpCoreTS/Operational</Channel>
      <Computer>MSEDGEWIN10</Computer>
      <Security UserID="S-1-5-20" />
    </System>
    <EventData>
    </EventData>
  </Event>
  <Event xmlns="http://schemas.microsoft.com/win/2004/08/events/event">
    <System>
      <Provider Name="Microsoft-Windows-RemoteDesktopServices-RdpCoreTS" Guid="{1139c61b-b549-4251-8ed3-27250a1edec8}" />
      <EventID>145</EventID>
      <Version>0</Version>
      <Level>4</Level>
      <Task>4</Task>
      <Opcode>19</Opcode>
      <Keywords>0x4000000000000000</Keywords>
      <TimeCreated SystemTime="2019-08-28T14:51:36.249538000Z" />
      <EventRecordID>1487</EventRecordID>
      <Correlation ActivityID="{f4202027-cbc6-41c4-85e5-4e8a31ce0000}" />
      <Execution ProcessID="396" ThreadID="1164" />
      <Channel>Microsoft-Windows-RemoteDesktopServices-RdpCoreTS/Operational</Channel>
      <Computer>MSEDGEWIN10</Computer>
      <Security UserID="S-1-5-20" />
    </System>
    <EventData>
      <Data Name="IdleSeconds">0</Data>
      <Data Name="IdleSeconds1">0</Data>
      <Data Name="IdleSeconds2">0</Data>
    </EventData>
  </Event>
  <Event xmlns="http://schemas.microsoft.com/win/2004/08/events/event">
    <System>
      <Provider Name="Microsoft-Windows-RemoteDesktopServices-RdpCoreTS" Guid="{1139c61b-b549-4251-8ed3-27250a1edec8}" />
      <EventID>148</EventID>
      <Version>0</Version>
      <Level>4</Level>
      <Task>4</Task>
      <Opcode>17</Opcode>
      <Keywords>0x4000000000000000</Keywords>
      <TimeCreated SystemTime="2019-08-28T14:51:36.249565900Z" />
      <EventRecordID>1488</EventRecordID>
      <Correlation ActivityID="{f4202027-cbc6-41c4-85e5-4e8a31ce0000}" />
      <Execution ProcessID="396" ThreadID="1164" />
      <Channel>Microsoft-Windows-RemoteDesktopServices-RdpCoreTS/Operational</Channel>
      <Computer>MSEDGEWIN10</Computer>
      <Security UserID="S-1-5-20" />
    </System>
    <EventData>
      <Data Name="ChannelName">rdpinpt</Data>
      <Data Name="TunnelID">0</Data>
    </EventData>
  </Event>
  <Event xmlns="http://schemas.microsoft.com/win/2004/08/events/event">
    <System>
      <Provider Name="Microsoft-Windows-RemoteDesktopServices-RdpCoreTS" Guid="{1139c61b-b549-4251-8ed3-27250a1edec8}" />
      <EventID>148</EventID>
      <Version>0</Version>
      <Level>4</Level>
      <Task>4</Task>
      <Opcode>17</Opcode>
      <Keywords>0x4000000000000000</Keywords>
      <TimeCreated SystemTime="2019-08-28T14:51:36.249588300Z" />
      <EventRecordID>1489</EventRecordID>
      <Correlation ActivityID="{f4202027-cbc6-41c4-85e5-4e8a31ce0000}" />
      <Execution ProcessID="396" ThreadID="1164" />
      <Channel>Microsoft-Windows-RemoteDesktopServices-RdpCoreTS/Operational</Channel>
      <Computer>MSEDGEWIN10</Computer>
      <Security UserID="S-1-5-20" />
    </System>
    <EventData>
      <Data Name="ChannelName">rdpcmd</Data>
      <Data Name="TunnelID">0</Data>
    </EventData>
  </Event>
  <Event xmlns="http://schemas.microsoft.com/win/2004/08/events/event">
    <System>
      <Provider Name="Microsoft-Windows-RemoteDesktopServices-RdpCoreTS" Guid="{1139c61b-b549-4251-8ed3-27250a1edec8}" />
      <EventID>148</EventID>
      <Version>0</Version>
      <Level>4</Level>
      <Task>4</Task>
      <Opcode>17</Opcode>
      <Keywords>0x4000000000000000</Keywords>
      <TimeCreated SystemTime="2019-08-28T14:51:36.249606000Z" />
      <EventRecordID>1490</EventRecordID>
      <Correlation ActivityID="{f4202027-cbc6-41c4-85e5-4e8a31ce0000}" />
      <Execution ProcessID="396" ThreadID="1164" />
      <Channel>Microsoft-Windows-RemoteDesktopServices-RdpCoreTS/Operational</Channel>
      <Computer>MSEDGEWIN10</Computer>
      <Security UserID="S-1-5-20" />
    </System>
    <EventData>
      <Data Name="ChannelName">rdplic</Data>
      <Data Name="TunnelID">0</Data>
    </EventData>
  </Event>
  <Event xmlns="http://schemas.microsoft.com/win/2004/08/events/event">
    <System>
      <Provider Name="Microsoft-Windows-RemoteDesktopServices-RdpCoreTS" Guid="{1139c61b-b549-4251-8ed3-27250a1edec8}" />
      <EventID>148</EventID>
      <Version>0</Version>
      <Level>4</Level>
      <Task>4</Task>
      <Opcode>17</Opcode>
      <Keywords>0x4000000000000000</Keywords>
      <TimeCreated SystemTime="2019-08-28T14:51:36.249671600Z" />
      <EventRecordID>1491</EventRecordID>
      <Correlation ActivityID="{f4202027-cbc6-41c4-85e5-4e8a31ce0000}" />
      <Execution ProcessID="396" ThreadID="1164" />
      <Channel>Microsoft-Windows-RemoteDesktopServices-RdpCoreTS/Operational</Channel>
      <Computer>MSEDGEWIN10</Computer>
      <Security UserID="S-1-5-20" />
    </System>
    <EventData>
      <Data Name="ChannelName">rdpgrfx</Data>
      <Data Name="TunnelID">0</Data>
    </EventData>
  </Event>
  <Event xmlns="http://schemas.microsoft.com/win/2004/08/events/event">
    <System>
      <Provider Name="Microsoft-Windows-RemoteDesktopServices-RdpCoreTS" Guid="{1139c61b-b549-4251-8ed3-27250a1edec8}" />
      <EventID>148</EventID>
      <Version>0</Version>
      <Level>4</Level>
      <Task>4</Task>
      <Opcode>17</Opcode>
      <Keywords>0x4000000000000000</Keywords>
      <TimeCreated SystemTime="2019-08-28T14:51:36.249683400Z" />
      <EventRecordID>1492</EventRecordID>
      <Correlation ActivityID="{f4202027-cbc6-41c4-85e5-4e8a31ce0000}" />
      <Execution ProcessID="396" ThreadID="1164" />
      <Channel>Microsoft-Windows-RemoteDesktopServices-RdpCoreTS/Operational</Channel>
      <Computer>MSEDGEWIN10</Computer>
      <Security UserID="S-1-5-20" />
    </System>
    <EventData>
      <Data Name="ChannelName">railenc</Data>
      <Data Name="TunnelID">0</Data>
    </EventData>
  </Event>
  <Event xmlns="http://schemas.microsoft.com/win/2004/08/events/event">
    <System>
      <Provider Name="Microsoft-Windows-RemoteDesktopServices-RdpCoreTS" Guid="{1139c61b-b549-4251-8ed3-27250a1edec8}" />
      <EventID>148</EventID>
      <Version>0</Version>
      <Level>4</Level>
      <Task>4</Task>
      <Opcode>17</Opcode>
      <Keywords>0x4000000000000000</Keywords>
      <TimeCreated SystemTime="2019-08-28T14:51:36.249947500Z" />
      <EventRecordID>1493</EventRecordID>
      <Correlation ActivityID="{f4202027-cbc6-41c4-85e5-4e8a31ce0000}" />
      <Execution ProcessID="396" ThreadID="1164" />
      <Channel>Microsoft-Windows-RemoteDesktopServices-RdpCoreTS/Operational</Channel>
      <Computer>MSEDGEWIN10</Computer>
      <Security UserID="S-1-5-20" />
    </System>
    <EventData>
      <Data Name="ChannelName">Microsoft::Windows::RDS::Telemetry</Data>
      <Data Name="TunnelID">0</Data>
    </EventData>
  </Event>
  <Event xmlns="http://schemas.microsoft.com/win/2004/08/events/event">
    <System>
      <Provider Name="Microsoft-Windows-RemoteDesktopServices-RdpCoreTS" Guid="{1139c61b-b549-4251-8ed3-27250a1edec8}" />
      <EventID>148</EventID>
      <Version>0</Version>
      <Level>4</Level>
      <Task>4</Task>
      <Opcode>17</Opcode>
      <Keywords>0x4000000000000000</Keywords>
      <TimeCreated SystemTime="2019-08-28T14:51:36.249961400Z" />
      <EventRecordID>1494</EventRecordID>
      <Correlation ActivityID="{f4202027-cbc6-41c4-85e5-4e8a31ce0000}" />
      <Execution ProcessID="396" ThreadID="1164" />
      <Channel>Microsoft-Windows-RemoteDesktopServices-RdpCoreTS/Operational</Channel>
      <Computer>MSEDGEWIN10</Computer>
      <Security UserID="S-1-5-20" />
    </System>
    <EventData>
      <Data Name="ChannelName">Microsoft::Windows::RDS::Frame_Buffer::Control::v08.01</Data>
      <Data Name="TunnelID">0</Data>
    </EventData>
  </Event>
  <Event xmlns="http://schemas.microsoft.com/win/2004/08/events/event">
    <System>
      <Provider Name="Microsoft-Windows-RemoteDesktopServices-RdpCoreTS" Guid="{1139c61b-b549-4251-8ed3-27250a1edec8}" />
      <EventID>148</EventID>
      <Version>0</Version>
      <Level>4</Level>
      <Task>4</Task>
      <Opcode>17</Opcode>
      <Keywords>0x4000000000000000</Keywords>
      <TimeCreated SystemTime="2019-08-28T14:51:36.249972800Z" />
      <EventRecordID>1495</EventRecordID>
      <Correlation ActivityID="{f4202027-cbc6-41c4-85e5-4e8a31ce0000}" />
      <Execution ProcessID="396" ThreadID="1164" />
      <Channel>Microsoft-Windows-RemoteDesktopServices-RdpCoreTS/Operational</Channel>
      <Computer>MSEDGEWIN10</Computer>
      <Security UserID="S-1-5-20" />
    </System>
    <EventData>
      <Data Name="ChannelName">Microsoft::Windows::RDS::Graphics</Data>
      <Data Name="TunnelID">0</Data>
    </EventData>
  </Event>
  <Event xmlns="http://schemas.microsoft.com/win/2004/08/events/event">
    <System>
      <Provider Name="Microsoft-Windows-RemoteDesktopServices-RdpCoreTS" Guid="{1139c61b-b549-4251-8ed3-27250a1edec8}" />
      <EventID>148</EventID>
      <Version>0</Version>
      <Level>4</Level>
      <Task>4</Task>
      <Opcode>17</Opcode>
      <Keywords>0x4000000000000000</Keywords>
      <TimeCreated SystemTime="2019-08-28T14:51:36.249986800Z" />
      <EventRecordID>1496</EventRecordID>
      <Correlation ActivityID="{f4202027-cbc6-41c4-85e5-4e8a31ce0000}" />
      <Execution ProcessID="396" ThreadID="1164" />
      <Channel>Microsoft-Windows-RemoteDesktopServices-RdpCoreTS/Operational</Channel>
      <Computer>MSEDGEWIN10</Computer>
      <Security UserID="S-1-5-20" />
    </System>
    <EventData>
      <Data Name="ChannelName">ECHO</Data>
      <Data Name="TunnelID">0</Data>
    </EventData>
  </Event>
  <Event xmlns="http://schemas.microsoft.com/win/2004/08/events/event">
    <System>
      <Provider Name="Microsoft-Windows-RemoteDesktopServices-RdpCoreTS" Guid="{1139c61b-b549-4251-8ed3-27250a1edec8}" />
      <EventID>148</EventID>
      <Version>0</Version>
      <Level>4</Level>
      <Task>4</Task>
      <Opcode>17</Opcode>
      <Keywords>0x4000000000000000</Keywords>
      <TimeCreated SystemTime="2019-08-28T14:51:36.249998200Z" />
      <EventRecordID>1497</EventRecordID>
      <Correlation ActivityID="{f4202027-cbc6-41c4-85e5-4e8a31ce0000}" />
      <Execution ProcessID="396" ThreadID="1164" />
      <Channel>Microsoft-Windows-RemoteDesktopServices-RdpCoreTS/Operational</Channel>
      <Computer>MSEDGEWIN10</Computer>
      <Security UserID="S-1-5-20" />
    </System>
    <EventData>
      <Data Name="ChannelName">rdpdr</Data>
      <Data Name="TunnelID">0</Data>
    </EventData>
  </Event>
  <Event xmlns="http://schemas.microsoft.com/win/2004/08/events/event">
    <System>
      <Provider Name="Microsoft-Windows-RemoteDesktopServices-RdpCoreTS" Guid="{1139c61b-b549-4251-8ed3-27250a1edec8}" />
      <EventID>148</EventID>
      <Version>0</Version>
      <Level>4</Level>
      <Task>4</Task>
      <Opcode>17</Opcode>
      <Keywords>0x4000000000000000</Keywords>
      <TimeCreated SystemTime="2019-08-28T14:51:36.250029500Z" />
      <EventRecordID>1498</EventRecordID>
      <Correlation ActivityID="{f4202027-cbc6-41c4-85e5-4e8a31ce0000}" />
      <Execution ProcessID="396" ThreadID="1164" />
      <Channel>Microsoft-Windows-RemoteDesktopServices-RdpCoreTS/Operational</Channel>
      <Computer>MSEDGEWIN10</Computer>
      <Security UserID="S-1-5-20" />
    </System>
    <EventData>
      <Data Name="ChannelName">ms_t120</Data>
      <Data Name="TunnelID">0</Data>
    </EventData>
  </Event>
  <Event xmlns="http://schemas.microsoft.com/win/2004/08/events/event">
    <System>
      <Provider Name="Microsoft-Windows-RemoteDesktopServices-RdpCoreTS" Guid="{1139c61b-b549-4251-8ed3-27250a1edec8}" />
      <EventID>228</EventID>
      <Version>0</Version>
      <Level>3</Level>
      <Task>4</Task>
      <Opcode>19</Opcode>
      <Keywords>0x4000000000000000</Keywords>
      <TimeCreated SystemTime="2019-08-28T14:51:36.251421400Z" />
      <EventRecordID>1499</EventRecordID>
      <Correlation ActivityID="{f4202027-cbc6-41c4-85e5-4e8a31ce0000}" />
      <Execution ProcessID="396" ThreadID="5452" />
      <Channel>Microsoft-Windows-RemoteDesktopServices-RdpCoreTS/Operational</Channel>
      <Computer>MSEDGEWIN10</Computer>
      <Security UserID="S-1-5-20" />
    </System>
    <EventData>
      <Data Name="ComponentName">CUMRDPConnection</Data>
      <Data Name="Message">Disconnect trace:'calling spGfxPlugin-&gt;PreDisconnect()' in CUMRDPConnection::PreDisconnect at 4595 err=[0xd0000001]</Data>
      <Data Name="ErrorCode">3489660929</Data>
    </EventData>
  </Event>
  <Event xmlns="http://schemas.microsoft.com/win/2004/08/events/event">
    <System>
      <Provider Name="Microsoft-Windows-RemoteDesktopServices-RdpCoreTS" Guid="{1139c61b-b549-4251-8ed3-27250a1edec8}" />
      <EventID>72</EventID>
      <Version>0</Version>
      <Level>4</Level>
      <Task>4</Task>
      <Opcode>13</Opcode>
      <Keywords>0x4000000000000000</Keywords>
      <TimeCreated SystemTime="2019-08-28T14:51:36.251448100Z" />
      <EventRecordID>1500</EventRecordID>
      <Correlation ActivityID="{f4202027-cbc6-41c4-85e5-4e8a31ce0000}" />
      <Execution ProcessID="396" ThreadID="5452" />
      <Channel>Microsoft-Windows-RemoteDesktopServices-RdpCoreTS/Operational</Channel>
      <Computer>MSEDGEWIN10</Computer>
      <Security UserID="S-1-5-20" />
    </System>
    <EventData>
      <Data Name="MethodName">PreDisconnect(-805306367)</Data>
    </EventData>
  </Event>
  <Event xmlns="http://schemas.microsoft.com/win/2004/08/events/event">
    <System>
      <Provider Name="Microsoft-Windows-RemoteDesktopServices-RdpCoreTS" Guid="{1139c61b-b549-4251-8ed3-27250a1edec8}" />
      <EventID>72</EventID>
      <Version>0</Version>
      <Level>4</Level>
      <Task>4</Task>
      <Opcode>13</Opcode>
      <Keywords>0x4000000000000000</Keywords>
      <TimeCreated SystemTime="2019-08-28T14:51:36.251478800Z" />
      <EventRecordID>1501</EventRecordID>
      <Correlation ActivityID="{f4202027-cbc6-41c4-85e5-4e8a31ce0000}" />
      <Execution ProcessID="396" ThreadID="5452" />
      <Channel>Microsoft-Windows-RemoteDesktopServices-RdpCoreTS/Operational</Channel>
      <Computer>MSEDGEWIN10</Computer>
      <Security UserID="S-1-5-20" />
    </System>
    <EventData>
      <Data Name="MethodName">SetErrorInfo(0xd0000001)</Data>
    </EventData>
  </Event>
  <Event xmlns="http://schemas.microsoft.com/win/2004/08/events/event">
    <System>
      <Provider Name="Microsoft-Windows-RemoteDesktopServices-RdpCoreTS" Guid="{1139c61b-b549-4251-8ed3-27250a1edec8}" />
      <EventID>72</EventID>
      <Version>0</Version>
      <Level>4</Level>
      <Task>4</Task>
      <Opcode>13</Opcode>
      <Keywords>0x4000000000000000</Keywords>
      <TimeCreated SystemTime="2019-08-28T14:51:36.327836200Z" />
      <EventRecordID>1502</EventRecordID>
      <Correlation ActivityID="{f4202027-cbc6-41c4-85e5-4e8a31ce0000}" />
      <Execution ProcessID="396" ThreadID="5452" />
      <Channel>Microsoft-Windows-RemoteDesktopServices-RdpCoreTS/Operational</Channel>
      <Computer>MSEDGEWIN10</Computer>
      <Security UserID="S-1-5-20" />
    </System>
    <EventData>
      <Data Name="MethodName">DisconnectNotify</Data>
    </EventData>
  </Event>
  <Event xmlns="http://schemas.microsoft.com/win/2004/08/events/event">
    <System>
      <Provider Name="Microsoft-Windows-RemoteDesktopServices-RdpCoreTS" Guid="{1139c61b-b549-4251-8ed3-27250a1edec8}" />
      <EventID>72</EventID>
      <Version>0</Version>
      <Level>4</Level>
      <Task>4</Task>
      <Opcode>13</Opcode>
      <Keywords>0x4000000000000000</Keywords>
      <TimeCreated SystemTime="2019-08-28T14:51:36.327854700Z" />
      <EventRecordID>1503</EventRecordID>
      <Correlation ActivityID="{f4202027-cbc6-41c4-85e5-4e8a31ce0000}" />
      <Execution ProcessID="396" ThreadID="5452" />
      <Channel>Microsoft-Windows-RemoteDesktopServices-RdpCoreTS/Operational</Channel>
      <Computer>MSEDGEWIN10</Computer>
      <Security UserID="S-1-5-20" />
    </System>
    <EventData>
      <Data Name="MethodName">GetServerAutoReconnectInfo</Data>
    </EventData>
  </Event>
  <Event xmlns="http://schemas.microsoft.com/win/2004/08/events/event">
    <System>
      <Provider Name="Microsoft-Windows-RemoteDesktopServices-RdpCoreTS" Guid="{1139c61b-b549-4251-8ed3-27250a1edec8}" />
      <EventID>72</EventID>
      <Version>0</Version>
      <Level>4</Level>
      <Task>4</Task>
      <Opcode>13</Opcode>
      <Keywords>0x4000000000000000</Keywords>
      <TimeCreated SystemTime="2019-08-28T14:51:36.337989500Z" />
      <EventRecordID>1504</EventRecordID>
      <Correlation ActivityID="{f4202027-cbc6-41c4-85e5-4e8a31ce0000}" />
      <Execution ProcessID="396" ThreadID="5452" />
      <Channel>Microsoft-Windows-RemoteDesktopServices-RdpCoreTS/Operational</Channel>
      <Computer>MSEDGEWIN10</Computer>
      <Security UserID="S-1-5-20" />
    </System>
    <EventData>
      <Data Name="MethodName">GetServerAutoReconnectInfo</Data>
    </EventData>
  </Event>
  <Event xmlns="http://schemas.microsoft.com/win/2004/08/events/event">
    <System>
      <Provider Name="Microsoft-Windows-RemoteDesktopServices-RdpCoreTS" Guid="{1139c61b-b549-4251-8ed3-27250a1edec8}" />
      <EventID>103</EventID>
      <Version>0</Version>
      <Level>4</Level>
      <Task>4</Task>
      <Opcode>17</Opcode>
      <Keywords>0x4000000000000000</Keywords>
      <TimeCreated SystemTime="2019-08-28T14:51:36.338009100Z" />
      <EventRecordID>1505</EventRecordID>
      <Correlation ActivityID="{f4202027-cbc6-41c4-85e5-4e8a31ce0000}" />
      <Execution ProcessID="396" ThreadID="5452" />
      <Channel>Microsoft-Windows-RemoteDesktopServices-RdpCoreTS/Operational</Channel>
      <Computer>MSEDGEWIN10</Computer>
      <Security UserID="S-1-5-20" />
    </System>
    <EventData>
      <Data Name="ReasonCode">14</Data>
    </EventData>
  </Event>
  <Event xmlns="http://schemas.microsoft.com/win/2004/08/events/event">
    <System>
      <Provider Name="Microsoft-Windows-RemoteDesktopServices-RdpCoreTS" Guid="{1139c61b-b549-4251-8ed3-27250a1edec8}" />
      <EventID>131</EventID>
      <Version>0</Version>
      <Level>4</Level>
      <Task>4</Task>
      <Opcode>15</Opcode>
      <Keywords>0x4000000000000000</Keywords>
      <TimeCreated SystemTime="2019-08-28T14:52:40.476819100Z" />
      <EventRecordID>1506</EventRecordID>
      <Correlation ActivityID="{f4203a82-a3ed-4a64-86f8-cd9a9fba0000}" />
      <Execution ProcessID="396" ThreadID="1172" />
      <Channel>Microsoft-Windows-RemoteDesktopServices-RdpCoreTS/Operational</Channel>
      <Computer>MSEDGEWIN10</Computer>
      <Security UserID="S-1-5-20" />
    </System>
    <EventData>
      <Data Name="ConnType">TCP</Data>
      <Data Name="ClientIP">10.0.2.17:54988</Data>
    </EventData>
  </Event>
  <Event xmlns="http://schemas.microsoft.com/win/2004/08/events/event">
    <System>
      <Provider Name="Microsoft-Windows-RemoteDesktopServices-RdpCoreTS" Guid="{1139c61b-b549-4251-8ed3-27250a1edec8}" />
      <EventID>65</EventID>
      <Version>0</Version>
      <Level>4</Level>
      <Task>4</Task>
      <Opcode>13</Opcode>
      <Keywords>0x4000000000000000</Keywords>
      <TimeCreated SystemTime="2019-08-28T14:52:40.488781500Z" />
      <EventRecordID>1507</EventRecordID>
      <Correlation ActivityID="{f4203a82-a3ed-4a64-86f8-cd9a9fba0000}" />
      <Execution ProcessID="396" ThreadID="1168" />
      <Channel>Microsoft-Windows-RemoteDesktopServices-RdpCoreTS/Operational</Channel>
      <Computer>MSEDGEWIN10</Computer>
      <Security UserID="S-1-5-20" />
    </System>
    <EventData>
      <Data Name="ConnectionName">RDP-Tcp#8</Data>
    </EventData>
  </Event>
  <Event xmlns="http://schemas.microsoft.com/win/2004/08/events/event">
    <System>
      <Provider Name="Microsoft-Windows-RemoteDesktopServices-RdpCoreTS" Guid="{1139c61b-b549-4251-8ed3-27250a1edec8}" />
      <EventID>72</EventID>
      <Version>0</Version>
      <Level>4</Level>
      <Task>4</Task>
      <Opcode>13</Opcode>
      <Keywords>0x4000000000000000</Keywords>
      <TimeCreated SystemTime="2019-08-28T14:52:40.497429100Z" />
      <EventRecordID>1508</EventRecordID>
      <Correlation ActivityID="{f4203a82-a3ed-4a64-86f8-cd9a9fba0000}" />
      <Execution ProcessID="396" ThreadID="6956" />
      <Channel>Microsoft-Windows-RemoteDesktopServices-RdpCoreTS/Operational</Channel>
      <Computer>MSEDGEWIN10</Computer>
      <Security UserID="S-1-5-20" />
    </System>
    <EventData>
      <Data Name="MethodName">PrepareForAccept</Data>
    </EventData>
  </Event>
  <Event xmlns="http://schemas.microsoft.com/win/2004/08/events/event">
    <System>
      <Provider Name="Microsoft-Windows-RemoteDesktopServices-RdpCoreTS" Guid="{1139c61b-b549-4251-8ed3-27250a1edec8}" />
      <EventID>72</EventID>
      <Version>0</Version>
      <Level>4</Level>
      <Task>4</Task>
      <Opcode>13</Opcode>
      <Keywords>0x4000000000000000</Keywords>
      <TimeCreated SystemTime="2019-08-28T14:52:40.497452400Z" />
      <EventRecordID>1509</EventRecordID>
      <Correlation ActivityID="{f4203a82-a3ed-4a64-86f8-cd9a9fba0000}" />
      <Execution ProcessID="396" ThreadID="6956" />
      <Channel>Microsoft-Windows-RemoteDesktopServices-RdpCoreTS/Operational</Channel>
      <Computer>MSEDGEWIN10</Computer>
      <Security UserID="S-1-5-20" />
    </System>
    <EventData>
      <Data Name="MethodName">SendPolicyData</Data>
    </EventData>
  </Event>
  <Event xmlns="http://schemas.microsoft.com/win/2004/08/events/event">
    <System>
      <Provider Name="Microsoft-Windows-RemoteDesktopServices-RdpCoreTS" Guid="{1139c61b-b549-4251-8ed3-27250a1edec8}" />
      <EventID>141</EventID>
      <Version>0</Version>
      <Level>4</Level>
      <Task>4</Task>
      <Opcode>11</Opcode>
      <Keywords>0x4000000000000000</Keywords>
      <TimeCreated SystemTime="2019-08-28T14:52:40.499701600Z" />
      <EventRecordID>1510</EventRecordID>
      <Correlation ActivityID="{f4203a82-a3ed-4a64-86f8-cd9a9fba0000}" />
      <Execution ProcessID="396" ThreadID="6956" />
      <Channel>Microsoft-Windows-RemoteDesktopServices-RdpCoreTS/Operational</Channel>
      <Computer>MSEDGEWIN10</Computer>
      <Security UserID="S-1-5-20" />
    </System>
    <EventData>
      <Data Name="InstanceID">8</Data>
    </EventData>
  </Event>
  <Event xmlns="http://schemas.microsoft.com/win/2004/08/events/event">
    <System>
      <Provider Name="Microsoft-Windows-RemoteDesktopServices-RdpCoreTS" Guid="{1139c61b-b549-4251-8ed3-27250a1edec8}" />
      <EventID>101</EventID>
      <Version>0</Version>
      <Level>3</Level>
      <Task>4</Task>
      <Opcode>16</Opcode>
      <Keywords>0x4000000000000000</Keywords>
      <TimeCreated SystemTime="2019-08-28T14:52:45.542519800Z" />
      <EventRecordID>1511</EventRecordID>
      <Correlation ActivityID="{f4203a82-a3ed-4a64-86f8-cd9a9fba0000}" />
      <Execution ProcessID="396" ThreadID="7536" />
      <Channel>Microsoft-Windows-RemoteDesktopServices-RdpCoreTS/Operational</Channel>
      <Computer>MSEDGEWIN10</Computer>
      <Security UserID="S-1-5-20" />
    </System>
    <EventData>
      <Data Name="ReasonString">Reason Code: 2(Server Configuration).</Data>
    </EventData>
  </Event>
  <Event xmlns="http://schemas.microsoft.com/win/2004/08/events/event">
    <System>
      <Provider Name="Microsoft-Windows-RemoteDesktopServices-RdpCoreTS" Guid="{1139c61b-b549-4251-8ed3-27250a1edec8}" />
      <EventID>132</EventID>
      <Version>0</Version>
      <Level>4</Level>
      <Task>4</Task>
      <Opcode>15</Opcode>
      <Keywords>0x4000000000000000</Keywords>
      <TimeCreated SystemTime="2019-08-28T14:52:45.542529600Z" />
      <EventRecordID>1512</EventRecordID>
      <Correlation ActivityID="{f4203a82-a3ed-4a64-86f8-cd9a9fba0000}" />
      <Execution ProcessID="396" ThreadID="7536" />
      <Channel>Microsoft-Windows-RemoteDesktopServices-RdpCoreTS/Operational</Channel>
      <Computer>MSEDGEWIN10</Computer>
      <Security UserID="S-1-5-20" />
    </System>
    <EventData>
      <Data Name="ChannelName">rdplic</Data>
      <Data Name="TunnelID">0</Data>
    </EventData>
  </Event>
  <Event xmlns="http://schemas.microsoft.com/win/2004/08/events/event">
    <System>
      <Provider Name="Microsoft-Windows-RemoteDesktopServices-RdpCoreTS" Guid="{1139c61b-b549-4251-8ed3-27250a1edec8}" />
      <EventID>132</EventID>
      <Version>0</Version>
      <Level>4</Level>
      <Task>4</Task>
      <Opcode>15</Opcode>
      <Keywords>0x4000000000000000</Keywords>
      <TimeCreated SystemTime="2019-08-28T14:52:45.542533000Z" />
      <EventRecordID>1513</EventRecordID>
      <Correlation ActivityID="{f4203a82-a3ed-4a64-86f8-cd9a9fba0000}" />
      <Execution ProcessID="396" ThreadID="7536" />
      <Channel>Microsoft-Windows-RemoteDesktopServices-RdpCoreTS/Operational</Channel>
      <Computer>MSEDGEWIN10</Computer>
      <Security UserID="S-1-5-20" />
    </System>
    <EventData>
      <Data Name="ChannelName">rdpcmd</Data>
      <Data Name="TunnelID">0</Data>
    </EventData>
  </Event>
  <Event xmlns="http://schemas.microsoft.com/win/2004/08/events/event">
    <System>
      <Provider Name="Microsoft-Windows-RemoteDesktopServices-RdpCoreTS" Guid="{1139c61b-b549-4251-8ed3-27250a1edec8}" />
      <EventID>72</EventID>
      <Version>0</Version>
      <Level>4</Level>
      <Task>4</Task>
      <Opcode>13</Opcode>
      <Keywords>0x4000000000000000</Keywords>
      <TimeCreated SystemTime="2019-08-28T14:52:45.542540300Z" />
      <EventRecordID>1514</EventRecordID>
      <Correlation ActivityID="{f4203a82-a3ed-4a64-86f8-cd9a9fba0000}" />
      <Execution ProcessID="396" ThreadID="7536" />
      <Channel>Microsoft-Windows-RemoteDesktopServices-RdpCoreTS/Operational</Channel>
      <Computer>MSEDGEWIN10</Computer>
      <Security UserID="S-1-5-20" />
    </System>
    <EventData>
      <Data Name="MethodName">OnStartLicensing</Data>
    </EventData>
  </Event>
  <Event xmlns="http://schemas.microsoft.com/win/2004/08/events/event">
    <System>
      <Provider Name="Microsoft-Windows-RemoteDesktopServices-RdpCoreTS" Guid="{1139c61b-b549-4251-8ed3-27250a1edec8}" />
      <EventID>72</EventID>
      <Version>0</Version>
      <Level>4</Level>
      <Task>4</Task>
      <Opcode>13</Opcode>
      <Keywords>0x4000000000000000</Keywords>
      <TimeCreated SystemTime="2019-08-28T14:52:45.542596400Z" />
      <EventRecordID>1515</EventRecordID>
      <Correlation ActivityID="{f4203a82-a3ed-4a64-86f8-cd9a9fba0000}" />
      <Execution ProcessID="396" ThreadID="6956" />
      <Channel>Microsoft-Windows-RemoteDesktopServices-RdpCoreTS/Operational</Channel>
      <Computer>MSEDGEWIN10</Computer>
      <Security UserID="S-1-5-20" />
    </System>
    <EventData>
      <Data Name="MethodName">AcceptConnection</Data>
    </EventData>
  </Event>
  <Event xmlns="http://schemas.microsoft.com/win/2004/08/events/event">
    <System>
      <Provider Name="Microsoft-Windows-RemoteDesktopServices-RdpCoreTS" Guid="{1139c61b-b549-4251-8ed3-27250a1edec8}" />
      <EventID>104</EventID>
      <Version>0</Version>
      <Level>4</Level>
      <Task>4</Task>
      <Opcode>15</Opcode>
      <Keywords>0x4000000000000000</Keywords>
      <TimeCreated SystemTime="2019-08-28T14:52:45.542667000Z" />
      <EventRecordID>1516</EventRecordID>
      <Correlation ActivityID="{f4203a82-a3ed-4a64-86f8-cd9a9fba0000}" />
      <Execution ProcessID="396" ThreadID="6956" />
      <Channel>Microsoft-Windows-RemoteDesktopServices-RdpCoreTS/Operational</Channel>
      <Computer>MSEDGEWIN10</Computer>
      <Security UserID="S-1-5-20" />
    </System>
    <EventData>
      <Data Name="TimezoneBiasHour">[1]</Data>
    </EventData>
  </Event>
  <Event xmlns="http://schemas.microsoft.com/win/2004/08/events/event">
    <System>
      <Provider Name="Microsoft-Windows-RemoteDesktopServices-RdpCoreTS" Guid="{1139c61b-b549-4251-8ed3-27250a1edec8}" />
      <EventID>71</EventID>
      <Version>0</Version>
      <Level>4</Level>
      <Task>4</Task>
      <Opcode>13</Opcode>
      <Keywords>0x4000000000000000</Keywords>
      <TimeCreated SystemTime="2019-08-28T14:52:45.542670200Z" />
      <EventRecordID>1517</EventRecordID>
      <Correlation ActivityID="{f4203a82-a3ed-4a64-86f8-cd9a9fba0000}" />
      <Execution ProcessID="396" ThreadID="6956" />
      <Channel>Microsoft-Windows-RemoteDesktopServices-RdpCoreTS/Operational</Channel>
      <Computer>MSEDGEWIN10</Computer>
      <Security UserID="S-1-5-20" />
    </System>
    <EventData>
      <Data Name="ConnectionName">RDP-Tcp#8</Data>
      <Data Name="DisplayDriverName">RDPUDD</Data>
    </EventData>
  </Event>
  <Event xmlns="http://schemas.microsoft.com/win/2004/08/events/event">
    <System>
      <Provider Name="Microsoft-Windows-RemoteDesktopServices-RdpCoreTS" Guid="{1139c61b-b549-4251-8ed3-27250a1edec8}" />
      <EventID>227</EventID>
      <Version>0</Version>
      <Level>2</Level>
      <Task>4</Task>
      <Opcode>19</Opcode>
      <Keywords>0x4000000000000000</Keywords>
      <TimeCreated SystemTime="2019-08-28T14:52:45.542689000Z" />
      <EventRecordID>1518</EventRecordID>
      <Correlation ActivityID="{f4203a82-a3ed-4a64-86f8-cd9a9fba0000}" />
      <Execution ProcessID="396" ThreadID="6956" />
      <Channel>Microsoft-Windows-RemoteDesktopServices-RdpCoreTS/Operational</Channel>
      <Computer>MSEDGEWIN10</Computer>
      <Security UserID="S-1-5-20" />
    </System>
    <EventData>
      <Data Name="Name">CUMRDPConnection</Data>
      <Data Name="Value">2147500033</Data>
      <Data Name="CustomLevel">'Failed GetConnectionProperty' in CUMRDPConnection::QueryProperty at 2884 err=[0x80004001]</Data>
    </EventData>
  </Event>
  <Event xmlns="http://schemas.microsoft.com/win/2004/08/events/event">
    <System>
      <Provider Name="Microsoft-Windows-RemoteDesktopServices-RdpCoreTS" Guid="{1139c61b-b549-4251-8ed3-27250a1edec8}" />
      <EventID>72</EventID>
      <Version>0</Version>
      <Level>4</Level>
      <Task>4</Task>
      <Opcode>13</Opcode>
      <Keywords>0x4000000000000000</Keywords>
      <TimeCreated SystemTime="2019-08-28T14:52:45.542692100Z" />
      <EventRecordID>1519</EventRecordID>
      <Correlation ActivityID="{f4203a82-a3ed-4a64-86f8-cd9a9fba0000}" />
      <Execution ProcessID="396" ThreadID="6956" />
      <Channel>Microsoft-Windows-RemoteDesktopServices-RdpCoreTS/Operational</Channel>
      <Computer>MSEDGEWIN10</Computer>
      <Security UserID="S-1-5-20" />
    </System>
    <EventData>
      <Data Name="MethodName">GetSecurityFilterCreds</Data>
    </EventData>
  </Event>
  <Event xmlns="http://schemas.microsoft.com/win/2004/08/events/event">
    <System>
      <Provider Name="Microsoft-Windows-RemoteDesktopServices-RdpCoreTS" Guid="{1139c61b-b549-4251-8ed3-27250a1edec8}" />
      <EventID>72</EventID>
      <Version>0</Version>
      <Level>4</Level>
      <Task>4</Task>
      <Opcode>13</Opcode>
      <Keywords>0x4000000000000000</Keywords>
      <TimeCreated SystemTime="2019-08-28T14:52:45.543694600Z" />
      <EventRecordID>1520</EventRecordID>
      <Correlation ActivityID="{f4203a82-a3ed-4a64-86f8-cd9a9fba0000}" />
      <Execution ProcessID="396" ThreadID="6956" />
      <Channel>Microsoft-Windows-RemoteDesktopServices-RdpCoreTS/Operational</Channel>
      <Computer>MSEDGEWIN10</Computer>
      <Security UserID="S-1-5-20" />
    </System>
    <EventData>
      <Data Name="MethodName">SendClientLicense</Data>
    </EventData>
  </Event>
  <Event xmlns="http://schemas.microsoft.com/win/2004/08/events/event">
    <System>
      <Provider Name="Microsoft-Windows-RemoteDesktopServices-RdpCoreTS" Guid="{1139c61b-b549-4251-8ed3-27250a1edec8}" />
      <EventID>72</EventID>
      <Version>0</Version>
      <Level>4</Level>
      <Task>4</Task>
      <Opcode>13</Opcode>
      <Keywords>0x4000000000000000</Keywords>
      <TimeCreated SystemTime="2019-08-28T14:52:45.543718800Z" />
      <EventRecordID>1521</EventRecordID>
      <Correlation ActivityID="{f4203a82-a3ed-4a64-86f8-cd9a9fba0000}" />
      <Execution ProcessID="396" ThreadID="6956" />
      <Channel>Microsoft-Windows-RemoteDesktopServices-RdpCoreTS/Operational</Channel>
      <Computer>MSEDGEWIN10</Computer>
      <Security UserID="S-1-5-20" />
    </System>
    <EventData>
      <Data Name="MethodName">ProtocolComplete</Data>
    </EventData>
  </Event>
  <Event xmlns="http://schemas.microsoft.com/win/2004/08/events/event">
    <System>
      <Provider Name="Microsoft-Windows-RemoteDesktopServices-RdpCoreTS" Guid="{1139c61b-b549-4251-8ed3-27250a1edec8}" />
      <EventID>98</EventID>
      <Version>0</Version>
      <Level>4</Level>
      <Task>4</Task>
      <Opcode>15</Opcode>
      <Keywords>0x4000000000000000</Keywords>
      <TimeCreated SystemTime="2019-08-28T14:52:45.543819200Z" />
      <EventRecordID>1522</EventRecordID>
      <Correlation ActivityID="{f4203a82-a3ed-4a64-86f8-cd9a9fba0000}" />
      <Execution ProcessID="396" ThreadID="1180" />
      <Channel>Microsoft-Windows-RemoteDesktopServices-RdpCoreTS/Operational</Channel>
      <Computer>MSEDGEWIN10</Computer>
      <Security UserID="S-1-5-20" />
    </System>
    <EventData>
    </EventData>
  </Event>
  