<Event xmlns="http://schemas.microsoft.com/win/2004/08/events/event">
    <System>
      <Provider Name="Microsoft-Windows-RemoteDesktopServices-RdpCoreTS" Guid="{1139c61b-b549-4251-8ed3-27250a1edec8}" />
      <EventID>148</EventID>
      <Version>0</Version>
      <Level>4</Level>
      <Task>4</Task>
      <Opcode>17</Opcode>
      <Keywords>0x4000000000000000</Keywords>
      <TimeCreated SystemTime="2019-08-28T14:13:36.444143900Z" />
      <EventRecordID>1315</EventRecordID>
      <Correlation ActivityID="{f4209ff3-e7c7-46ad-bdcb-056ffe910000}" />
      <Execution ProcessID="396" ThreadID="1164" />
      <Channel>Microsoft-Windows-RemoteDesktopServices-RdpCoreTS/Operational</Channel>
      <Computer>MSEDGEWIN10</Computer>
      <Security UserID="S-1-5-20" />
    </System>
    <EventData>
      <Data Name="ChannelName">rdpsnd</Data>
      <Data Name="TunnelID">1</Data>
    </EventData>
  </Event>
  <Event xmlns="http://schemas.microsoft.com/win/2004/08/events/event">
    <System>
      <Provider Name="Microsoft-Windows-RemoteDesktopServices-RdpCoreTS" Guid="{1139c61b-b549-4251-8ed3-27250a1edec8}" />
      <EventID>148</EventID>
      <Version>0</Version>
      <Level>4</Level>
      <Task>4</Task>
      <Opcode>17</Opcode>
      <Keywords>0x4000000000000000</Keywords>
      <TimeCreated SystemTime="2019-08-28T14:13:36.444434200Z" />
      <EventRecordID>1316</EventRecordID>
      <Correlation ActivityID="{f4209ff3-e7c7-46ad-bdcb-056ffe910000}" />
      <Execution ProcessID="396" ThreadID="1164" />
      <Channel>Microsoft-Windows-RemoteDesktopServices-RdpCoreTS/Operational</Channel>
      <Computer>MSEDGEWIN10</Computer>
      <Security UserID="S-1-5-20" />
    </System>
    <EventData>
      <Data Name="ChannelName">cliprdr</Data>
      <Data Name="TunnelID">1</Data>
    </EventData>
  </Event>
  <Event xmlns="http://schemas.microsoft.com/win/2004/08/events/event">
    <System>
      <Provider Name="Microsoft-Windows-RemoteDesktopServices-RdpCoreTS" Guid="{1139c61b-b549-4251-8ed3-27250a1edec8}" />
      <EventID>148</EventID>
      <Version>0</Version>
      <Level>4</Level>
      <Task>4</Task>
      <Opcode>17</Opcode>
      <Keywords>0x4000000000000000</Keywords>
      <TimeCreated SystemTime="2019-08-28T14:13:36.444847600Z" />
      <EventRecordID>1317</EventRecordID>
      <Correlation ActivityID="{f4209ff3-e7c7-46ad-bdcb-056ffe910000}" />
      <Execution ProcessID="396" ThreadID="1164" />
      <Channel>Microsoft-Windows-RemoteDesktopServices-RdpCoreTS/Operational</Channel>
      <Computer>MSEDGEWIN10</Computer>
      <Security UserID="S-1-5-20" />
    </System>
    <EventData>
      <Data Name="ChannelName">AUDIO_PLAYBACK_DVC</Data>
      <Data Name="TunnelID">1</Data>
    </EventData>
  </Event>
  <Event xmlns="http://schemas.microsoft.com/win/2004/08/events/event">
    <System>
      <Provider Name="Microsoft-Windows-RemoteDesktopServices-RdpCoreTS" Guid="{1139c61b-b549-4251-8ed3-27250a1edec8}" />
      <EventID>148</EventID>
      <Version>0</Version>
      <Level>4</Level>
      <Task>4</Task>
      <Opcode>17</Opcode>
      <Keywords>0x4000000000000000</Keywords>
      <TimeCreated SystemTime="2019-08-28T14:13:36.446739000Z" />
      <EventRecordID>1318</EventRecordID>
      <Correlation ActivityID="{f4209ff3-e7c7-46ad-bdcb-056ffe910000}" />
      <Execution ProcessID="396" ThreadID="1164" />
      <Channel>Microsoft-Windows-RemoteDesktopServices-RdpCoreTS/Operational</Channel>
      <Computer>MSEDGEWIN10</Computer>
      <Security UserID="S-1-5-20" />
    </System>
    <EventData>
      <Data Name="ChannelName">AUDIO_PLAYBACK_LOSSY_DVC</Data>
      <Data Name="TunnelID">1</Data>
    </EventData>
  </Event>
  <Event xmlns="http://schemas.microsoft.com/win/2004/08/events/event">
    <System>
      <Provider Name="Microsoft-Windows-RemoteDesktopServices-RdpCoreTS" Guid="{1139c61b-b549-4251-8ed3-27250a1edec8}" />
      <EventID>72</EventID>
      <Version>0</Version>
      <Level>4</Level>
      <Task>4</Task>
      <Opcode>13</Opcode>
      <Keywords>0x4000000000000000</Keywords>
      <TimeCreated SystemTime="2019-08-28T14:13:36.447757600Z" />
      <EventRecordID>1319</EventRecordID>
      <Correlation ActivityID="{f4209ff3-e7c7-46ad-bdcb-056ffe910000}" />
      <Execution ProcessID="396" ThreadID="4396" />
      <Channel>Microsoft-Windows-RemoteDesktopServices-RdpCoreTS/Operational</Channel>
      <Computer>MSEDGEWIN10</Computer>
      <Security UserID="S-1-5-20" />
    </System>
    <EventData>
      <Data Name="MethodName">DisconnectNotify</Data>
    </EventData>
  </Event>
  <Event xmlns="http://schemas.microsoft.com/win/2004/08/events/event">
    <System>
      <Provider Name="Microsoft-Windows-RemoteDesktopServices-RdpCoreTS" Guid="{1139c61b-b549-4251-8ed3-27250a1edec8}" />
      <EventID>72</EventID>
      <Version>0</Version>
      <Level>4</Level>
      <Task>4</Task>
      <Opcode>13</Opcode>
      <Keywords>0x4000000000000000</Keywords>
      <TimeCreated SystemTime="2019-08-28T14:13:36.448260000Z" />
      <EventRecordID>1320</EventRecordID>
      <Correlation ActivityID="{f4209ff3-e7c7-46ad-bdcb-056ffe910000}" />
      <Execution ProcessID="396" ThreadID="4396" />
      <Channel>Microsoft-Windows-RemoteDesktopServices-RdpCoreTS/Operational</Channel>
      <Computer>MSEDGEWIN10</Computer>
      <Security UserID="S-1-5-20" />
    </System>
    <EventData>
      <Data Name="MethodName">GetServerAutoReconnectInfo</Data>
    </EventData>
  </Event>
  <Event xmlns="http://schemas.microsoft.com/win/2004/08/events/event">
    <System>
      <Provider Name="Microsoft-Windows-RemoteDesktopServices-RdpCoreTS" Guid="{1139c61b-b549-4251-8ed3-27250a1edec8}" />
      <EventID>72</EventID>
      <Version>0</Version>
      <Level>4</Level>
      <Task>4</Task>
      <Opcode>13</Opcode>
      <Keywords>0x4000000000000000</Keywords>
      <TimeCreated SystemTime="2019-08-28T14:13:36.449717600Z" />
      <EventRecordID>1321</EventRecordID>
      <Correlation ActivityID="{f4209ff3-e7c7-46ad-bdcb-056ffe910000}" />
      <Execution ProcessID="396" ThreadID="4396" />
      <Channel>Microsoft-Windows-RemoteDesktopServices-RdpCoreTS/Operational</Channel>
      <Computer>MSEDGEWIN10</Computer>
      <Security UserID="S-1-5-20" />
    </System>
    <EventData>
      <Data Name="MethodName">GetServerAutoReconnectInfo</Data>
    </EventData>
  </Event>
  <Event xmlns="http://schemas.microsoft.com/win/2004/08/events/event">
    <System>
      <Provider Name="Microsoft-Windows-RemoteDesktopServices-RdpCoreTS" Guid="{1139c61b-b549-4251-8ed3-27250a1edec8}" />
      <EventID>103</EventID>
      <Version>0</Version>
      <Level>4</Level>
      <Task>4</Task>
      <Opcode>17</Opcode>
      <Keywords>0x4000000000000000</Keywords>
      <TimeCreated SystemTime="2019-08-28T14:13:36.449729200Z" />
      <EventRecordID>1322</EventRecordID>
      <Correlation ActivityID="{f4209ff3-e7c7-46ad-bdcb-056ffe910000}" />
      <Execution ProcessID="396" ThreadID="4396" />
      <Channel>Microsoft-Windows-RemoteDesktopServices-RdpCoreTS/Operational</Channel>
      <Computer>MSEDGEWIN10</Computer>
      <Security UserID="S-1-5-20" />
    </System>
    <EventData>
      <Data Name="ReasonCode">14</Data>
    </EventData>
  </Event>
  <Event xmlns="http://schemas.microsoft.com/win/2004/08/events/event">
    <System>
      <Provider Name="Microsoft-Windows-RemoteDesktopServices-RdpCoreTS" Guid="{1139c61b-b549-4251-8ed3-27250a1edec8}" />
      <EventID>148</EventID>
      <Version>0</Version>
      <Level>4</Level>
      <Task>4</Task>
      <Opcode>17</Opcode>
      <Keywords>0x4000000000000000</Keywords>
      <TimeCreated SystemTime="2019-08-28T14:13:36.461603100Z" />
      <EventRecordID>1323</EventRecordID>
      <Correlation ActivityID="{f4209ff3-e7c7-46ad-bdcb-056ffe910000}" />
      <Execution ProcessID="396" ThreadID="1164" />
      <Channel>Microsoft-Windows-RemoteDesktopServices-RdpCoreTS/Operational</Channel>
      <Computer>MSEDGEWIN10</Computer>
      <Security UserID="S-1-5-20" />
    </System>
    <EventData>
      <Data Name="ChannelName">Microsoft::Windows::RDS::DisplayControl</Data>
      <Data Name="TunnelID">1</Data>
    </EventData>
  </Event>
  <Event xmlns="http://schemas.microsoft.com/win/2004/08/events/event">
    <System>
      <Provider Name="Microsoft-Windows-RemoteDesktopServices-RdpCoreTS" Guid="{1139c61b-b549-4251-8ed3-27250a1edec8}" />
      <EventID>131</EventID>
      <Version>0</Version>
      <Level>4</Level>
      <Task>4</Task>
      <Opcode>15</Opcode>
      <Keywords>0x4000000000000000</Keywords>
      <TimeCreated SystemTime="2019-08-28T14:22:27.475754800Z" />
      <EventRecordID>1324</EventRecordID>
      <Correlation ActivityID="{f4201740-d459-489e-a55c-bfe842340000}" />
      <Execution ProcessID="396" ThreadID="1172" />
      <Channel>Microsoft-Windows-RemoteDesktopServices-RdpCoreTS/Operational</Channel>
      <Computer>MSEDGEWIN10</Computer>
      <Security UserID="S-1-5-20" />
    </System>
    <EventData>
      <Data Name="ConnType">TCP</Data>
      <Data Name="ClientIP">10.0.2.16:45820</Data>
    </EventData>
  </Event>
  <Event xmlns="http://schemas.microsoft.com/win/2004/08/events/event">
    <System>
      <Provider Name="Microsoft-Windows-RemoteDesktopServices-RdpCoreTS" Guid="{1139c61b-b549-4251-8ed3-27250a1edec8}" />
      <EventID>65</EventID>
      <Version>0</Version>
      <Level>4</Level>
      <Task>4</Task>
      <Opcode>13</Opcode>
      <Keywords>0x4000000000000000</Keywords>
      <TimeCreated SystemTime="2019-08-28T14:22:27.477828200Z" />
      <EventRecordID>1325</EventRecordID>
      <Correlation ActivityID="{f4201740-d459-489e-a55c-bfe842340000}" />
      <Execution ProcessID="396" ThreadID="1168" />
      <Channel>Microsoft-Windows-RemoteDesktopServices-RdpCoreTS/Operational</Channel>
      <Computer>MSEDGEWIN10</Computer>
      <Security UserID="S-1-5-20" />
    </System>
    <EventData>
      <Data Name="ConnectionName">RDP-Tcp#6</Data>
    </EventData>
  </Event>
  <Event xmlns="http://schemas.microsoft.com/win/2004/08/events/event">
    <System>
      <Provider Name="Microsoft-Windows-RemoteDesktopServices-RdpCoreTS" Guid="{1139c61b-b549-4251-8ed3-27250a1edec8}" />
      <EventID>72</EventID>
      <Version>0</Version>
      <Level>4</Level>
      <Task>4</Task>
      <Opcode>13</Opcode>
      <Keywords>0x4000000000000000</Keywords>
      <TimeCreated SystemTime="2019-08-28T14:22:27.480158200Z" />
      <EventRecordID>1326</EventRecordID>
      <Correlation ActivityID="{f4201740-d459-489e-a55c-bfe842340000}" />
      <Execution ProcessID="396" ThreadID="5884" />
      <Channel>Microsoft-Windows-RemoteDesktopServices-RdpCoreTS/Operational</Channel>
      <Computer>MSEDGEWIN10</Computer>
      <Security UserID="S-1-5-20" />
    </System>
    <EventData>
      <Data Name="MethodName">PrepareForAccept</Data>
    </EventData>
  </Event>
  <Event xmlns="http://schemas.microsoft.com/win/2004/08/events/event">
    <System>
      <Provider Name="Microsoft-Windows-RemoteDesktopServices-RdpCoreTS" Guid="{1139c61b-b549-4251-8ed3-27250a1edec8}" />
      <EventID>72</EventID>
      <Version>0</Version>
      <Level>4</Level>
      <Task>4</Task>
      <Opcode>13</Opcode>
      <Keywords>0x4000000000000000</Keywords>
      <TimeCreated SystemTime="2019-08-28T14:22:27.480172600Z" />
      <EventRecordID>1327</EventRecordID>
      <Correlation ActivityID="{f4201740-d459-489e-a55c-bfe842340000}" />
      <Execution ProcessID="396" ThreadID="5884" />
      <Channel>Microsoft-Windows-RemoteDesktopServices-RdpCoreTS/Operational</Channel>
      <Computer>MSEDGEWIN10</Computer>
      <Security UserID="S-1-5-20" />
    </System>
    <EventData>
      <Data Name="MethodName">SendPolicyData</Data>
    </EventData>
  </Event>
  <Event xmlns="http://schemas.microsoft.com/win/2004/08/events/event">
    <System>
      <Provider Name="Microsoft-Windows-RemoteDesktopServices-RdpCoreTS" Guid="{1139c61b-b549-4251-8ed3-27250a1edec8}" />
      <EventID>141</EventID>
      <Version>0</Version>
      <Level>4</Level>
      <Task>4</Task>
      <Opcode>11</Opcode>
      <Keywords>0x4000000000000000</Keywords>
      <TimeCreated SystemTime="2019-08-28T14:22:27.481396600Z" />
      <EventRecordID>1328</EventRecordID>
      <Correlation ActivityID="{f4201740-d459-489e-a55c-bfe842340000}" />
      <Execution ProcessID="396" ThreadID="5884" />
      <Channel>Microsoft-Windows-RemoteDesktopServices-RdpCoreTS/Operational</Channel>
      <Computer>MSEDGEWIN10</Computer>
      <Security UserID="S-1-5-20" />
    </System>
    <EventData>
      <Data Name="InstanceID">6</Data>
    </EventData>
  </Event>
  <Event xmlns="http://schemas.microsoft.com/win/2004/08/events/event">
    <System>
      <Provider Name="Microsoft-Windows-RemoteDesktopServices-RdpCoreTS" Guid="{1139c61b-b549-4251-8ed3-27250a1edec8}" />
      <EventID>101</EventID>
      <Version>0</Version>
      <Level>3</Level>
      <Task>4</Task>
      <Opcode>16</Opcode>
      <Keywords>0x4000000000000000</Keywords>
      <TimeCreated SystemTime="2019-08-28T14:22:27.517083800Z" />
      <EventRecordID>1329</EventRecordID>
      <Correlation ActivityID="{f4201740-d459-489e-a55c-bfe842340000}" />
      <Execution ProcessID="396" ThreadID="1336" />
      <Channel>Microsoft-Windows-RemoteDesktopServices-RdpCoreTS/Operational</Channel>
      <Computer>MSEDGEWIN10</Computer>
      <Security UserID="S-1-5-20" />
    </System>
    <EventData>
      <Data Name="ReasonString">Reason Code: 2(Server Configuration).</Data>
    </EventData>
  </Event>
  <Event xmlns="http://schemas.microsoft.com/win/2004/08/events/event">
    <System>
      <Provider Name="Microsoft-Windows-RemoteDesktopServices-RdpCoreTS" Guid="{1139c61b-b549-4251-8ed3-27250a1edec8}" />
      <EventID>132</EventID>
      <Version>0</Version>
      <Level>4</Level>
      <Task>4</Task>
      <Opcode>15</Opcode>
      <Keywords>0x4000000000000000</Keywords>
      <TimeCreated SystemTime="2019-08-28T14:22:27.517094200Z" />
      <EventRecordID>1330</EventRecordID>
      <Correlation ActivityID="{f4201740-d459-489e-a55c-bfe842340000}" />
      <Execution ProcessID="396" ThreadID="1336" />
      <Channel>Microsoft-Windows-RemoteDesktopServices-RdpCoreTS/Operational</Channel>
      <Computer>MSEDGEWIN10</Computer>
      <Security UserID="S-1-5-20" />
    </System>
    <EventData>
      <Data Name="ChannelName">rdplic</Data>
      <Data Name="TunnelID">0</Data>
    </EventData>
  </Event>
  <Event xmlns="http://schemas.microsoft.com/win/2004/08/events/event">
    <System>
      <Provider Name="Microsoft-Windows-RemoteDesktopServices-RdpCoreTS" Guid="{1139c61b-b549-4251-8ed3-27250a1edec8}" />
      <EventID>132</EventID>
      <Version>0</Version>
      <Level>4</Level>
      <Task>4</Task>
      <Opcode>15</Opcode>
      <Keywords>0x4000000000000000</Keywords>
      <TimeCreated SystemTime="2019-08-28T14:22:27.517098600Z" />
      <EventRecordID>1331</EventRecordID>
      <Correlation ActivityID="{f4201740-d459-489e-a55c-bfe842340000}" />
      <Execution ProcessID="396" ThreadID="1336" />
      <Channel>Microsoft-Windows-RemoteDesktopServices-RdpCoreTS/Operational</Channel>
      <Computer>MSEDGEWIN10</Computer>
      <Security UserID="S-1-5-20" />
    </System>
    <EventData>
      <Data Name="ChannelName">rdpcmd</Data>
      <Data Name="TunnelID">0</Data>
    </EventData>
  </Event>
  <Event xmlns="http://schemas.microsoft.com/win/2004/08/events/event">
    <System>
      <Provider Name="Microsoft-Windows-RemoteDesktopServices-RdpCoreTS" Guid="{1139c61b-b549-4251-8ed3-27250a1edec8}" />
      <EventID>72</EventID>
      <Version>0</Version>
      <Level>4</Level>
      <Task>4</Task>
      <Opcode>13</Opcode>
      <Keywords>0x4000000000000000</Keywords>
      <TimeCreated SystemTime="2019-08-28T14:22:27.517108600Z" />
      <EventRecordID>1332</EventRecordID>
      <Correlation ActivityID="{f4201740-d459-489e-a55c-bfe842340000}" />
      <Execution ProcessID="396" ThreadID="1336" />
      <Channel>Microsoft-Windows-RemoteDesktopServices-RdpCoreTS/Operational</Channel>
      <Computer>MSEDGEWIN10</Computer>
      <Security UserID="S-1-5-20" />
    </System>
    <EventData>
      <Data Name="MethodName">OnStartLicensing</Data>
    </EventData>
  </Event>
  <Event xmlns="http://schemas.microsoft.com/win/2004/08/events/event">
    <System>
      <Provider Name="Microsoft-Windows-RemoteDesktopServices-RdpCoreTS" Guid="{1139c61b-b549-4251-8ed3-27250a1edec8}" />
      <EventID>72</EventID>
      <Version>0</Version>
      <Level>4</Level>
      <Task>4</Task>
      <Opcode>13</Opcode>
      <Keywords>0x4000000000000000</Keywords>
      <TimeCreated SystemTime="2019-08-28T14:22:27.517164000Z" />
      <EventRecordID>1333</EventRecordID>
      <Correlation ActivityID="{f4201740-d459-489e-a55c-bfe842340000}" />
      <Execution ProcessID="396" ThreadID="5884" />
      <Channel>Microsoft-Windows-RemoteDesktopServices-RdpCoreTS/Operational</Channel>
      <Computer>MSEDGEWIN10</Computer>
      <Security UserID="S-1-5-20" />
    </System>
    <EventData>
      <Data Name="MethodName">AcceptConnection</Data>
    </EventData>
  </Event>
  <Event xmlns="http://schemas.microsoft.com/win/2004/08/events/event">
    <System>
      <Provider Name="Microsoft-Windows-RemoteDesktopServices-RdpCoreTS" Guid="{1139c61b-b549-4251-8ed3-27250a1edec8}" />
      <EventID>104</EventID>
      <Version>0</Version>
      <Level>4</Level>
      <Task>4</Task>
      <Opcode>15</Opcode>
      <Keywords>0x4000000000000000</Keywords>
      <TimeCreated SystemTime="2019-08-28T14:22:27.517266000Z" />
      <EventRecordID>1334</EventRecordID>
      <Correlation ActivityID="{f4201740-d459-489e-a55c-bfe842340000}" />
      <Execution ProcessID="396" ThreadID="5884" />
      <Channel>Microsoft-Windows-RemoteDesktopServices-RdpCoreTS/Operational</Channel>
      <Computer>MSEDGEWIN10</Computer>
      <Security UserID="S-1-5-20" />
    </System>
    <EventData>
      <Data Name="TimezoneBiasHour">[0]</Data>
    </EventData>
  </Event>
  <Event xmlns="http://schemas.microsoft.com/win/2004/08/events/event">
    <System>
      <Provider Name="Microsoft-Windows-RemoteDesktopServices-RdpCoreTS" Guid="{1139c61b-b549-4251-8ed3-27250a1edec8}" />
      <EventID>71</EventID>
      <Version>0</Version>
      <Level>4</Level>
      <Task>4</Task>
      <Opcode>13</Opcode>
      <Keywords>0x4000000000000000</Keywords>
      <TimeCreated SystemTime="2019-08-28T14:22:27.517269600Z" />
      <EventRecordID>1335</EventRecordID>
      <Correlation ActivityID="{f4201740-d459-489e-a55c-bfe842340000}" />
      <Execution ProcessID="396" ThreadID="5884" />
      <Channel>Microsoft-Windows-RemoteDesktopServices-RdpCoreTS/Operational</Channel>
      <Computer>MSEDGEWIN10</Computer>
      <Security UserID="S-1-5-20" />
    </System>
    <EventData>
      <Data Name="ConnectionName">RDP-Tcp#6</Data>
      <Data Name="DisplayDriverName">RDPUDD</Data>
    </EventData>
  </Event>
  <Event xmlns="http://schemas.microsoft.com/win/2004/08/events/event">
    <System>
      <Provider Name="Microsoft-Windows-RemoteDesktopServices-RdpCoreTS" Guid="{1139c61b-b549-4251-8ed3-27250a1edec8}" />
      <EventID>227</EventID>
      <Version>0</Version>
      <Level>2</Level>
      <Task>4</Task>
      <Opcode>19</Opcode>
      <Keywords>0x4000000000000000</Keywords>
      <TimeCreated SystemTime="2019-08-28T14:22:27.517309000Z" />
      <EventRecordID>1336</EventRecordID>
      <Correlation ActivityID="{f4201740-d459-489e-a55c-bfe842340000}" />
      <Execution ProcessID="396" ThreadID="5884" />
      <Channel>Microsoft-Windows-RemoteDesktopServices-RdpCoreTS/Operational</Channel>
      <Computer>MSEDGEWIN10</Computer>
      <Security UserID="S-1-5-20" />
    </System>
    <EventData>
      <Data Name="Name">CUMRDPConnection</Data>
      <Data Name="Value">2147500033</Data>
      <Data Name="CustomLevel">'Failed GetConnectionProperty' in CUMRDPConnection::QueryProperty at 2884 err=[0x80004001]</Data>
    </EventData>
  </Event>
  <Event xmlns="http://schemas.microsoft.com/win/2004/08/events/event">
    <System>
      <Provider Name="Microsoft-Windows-RemoteDesktopServices-RdpCoreTS" Guid="{1139c61b-b549-4251-8ed3-27250a1edec8}" />
      <EventID>72</EventID>
      <Version>0</Version>
      <Level>4</Level>
      <Task>4</Task>
      <Opcode>13</Opcode>
      <Keywords>0x4000000000000000</Keywords>
      <TimeCreated SystemTime="2019-08-28T14:22:27.517313300Z" />
      <EventRecordID>1337</EventRecordID>
      <Correlation ActivityID="{f4201740-d459-489e-a55c-bfe842340000}" />
      <Execution ProcessID="396" ThreadID="5884" />
      <Channel>Microsoft-Windows-RemoteDesktopServices-RdpCoreTS/Operational</Channel>
      <Computer>MSEDGEWIN10</Computer>
      <Security UserID="S-1-5-20" />
    </System>
    <EventData>
      <Data Name="MethodName">GetSecurityFilterCreds</Data>
    </EventData>
  </Event>
  <Event xmlns="http://schemas.microsoft.com/win/2004/08/events/event">
    <System>
      <Provider Name="Microsoft-Windows-RemoteDesktopServices-RdpCoreTS" Guid="{1139c61b-b549-4251-8ed3-27250a1edec8}" />
      <EventID>72</EventID>
      <Version>0</Version>
      <Level>4</Level>
      <Task>4</Task>
      <Opcode>13</Opcode>
      <Keywords>0x4000000000000000</Keywords>
      <TimeCreated SystemTime="2019-08-28T14:22:27.517712000Z" />
      <EventRecordID>1338</EventRecordID>
      <Correlation ActivityID="{f4201740-d459-489e-a55c-bfe842340000}" />
      <Execution ProcessID="396" ThreadID="5884" />
      <Channel>Microsoft-Windows-RemoteDesktopServices-RdpCoreTS/Operational</Channel>
      <Computer>MSEDGEWIN10</Computer>
      <Security UserID="S-1-5-20" />
    </System>
    <EventData>
      <Data Name="MethodName">SendClientLicense</Data>
    </EventData>
  </Event>
  <Event xmlns="http://schemas.microsoft.com/win/2004/08/events/event">
    <System>
      <Provider Name="Microsoft-Windows-RemoteDesktopServices-RdpCoreTS" Guid="{1139c61b-b549-4251-8ed3-27250a1edec8}" />
      <EventID>72</EventID>
      <Version>0</Version>
      <Level>4</Level>
      <Task>4</Task>
      <Opcode>13</Opcode>
      <Keywords>0x4000000000000000</Keywords>
      <TimeCreated SystemTime="2019-08-28T14:22:27.517729100Z" />
      <EventRecordID>1339</EventRecordID>
      <Correlation ActivityID="{f4201740-d459-489e-a55c-bfe842340000}" />
      <Execution ProcessID="396" ThreadID="5884" />
      <Channel>Microsoft-Windows-RemoteDesktopServices-RdpCoreTS/Operational</Channel>
      <Computer>MSEDGEWIN10</Computer>
      <Security UserID="S-1-5-20" />
    </System>
    <EventData>
      <Data Name="MethodName">ProtocolComplete</Data>
    </EventData>
  </Event>
  <Event xmlns="http://schemas.microsoft.com/win/2004/08/events/event">
    <System>
      <Provider Name="Microsoft-Windows-RemoteDesktopServices-RdpCoreTS" Guid="{1139c61b-b549-4251-8ed3-27250a1edec8}" />
      <EventID>98</EventID>
      <Version>0</Version>
      <Level>4</Level>
      <Task>4</Task>
      <Opcode>15</Opcode>
      <Keywords>0x4000000000000000</Keywords>
      <TimeCreated SystemTime="2019-08-28T14:22:27.517851200Z" />
      <EventRecordID>1340</EventRecordID>
      <Correlation ActivityID="{f4201740-d459-489e-a55c-bfe842340000}" />
      <Execution ProcessID="396" ThreadID="1176" />
      <Channel>Microsoft-Windows-RemoteDesktopServices-RdpCoreTS/Operational</Channel>
      <Computer>MSEDGEWIN10</Computer>
      <Security UserID="S-1-5-20" />
    </System>
    <EventData>
    </EventData>
  </Event>
  <Event xmlns="http://schemas.microsoft.com/win/2004/08/events/event">
    <System>
      <Provider Name="Microsoft-Windows-RemoteDesktopServices-RdpCoreTS" Guid="{1139c61b-b549-4251-8ed3-27250a1edec8}" />
      <EventID>100</EventID>
      <Version>0</Version>
      <Level>4</Level>
      <Task>4</Task>
      <Opcode>15</Opcode>
      <Keywords>0x4000000000000000</Keywords>
      <TimeCreated SystemTime="2019-08-28T14:22:27.517853400Z" />
      <EventRecordID>1341</EventRecordID>
      <Correlation ActivityID="{f4201740-d459-489e-a55c-bfe842340000}" />
      <Execution ProcessID="396" ThreadID="1176" />
      <Channel>Microsoft-Windows-RemoteDesktopServices-RdpCoreTS/Operational</Channel>
      <Computer>MSEDGEWIN10</Computer>
      <Security UserID="S-1-5-20" />
    </System>
    <EventData>
    </EventData>
  </Event>
  <Event xmlns="http://schemas.microsoft.com/win/2004/08/events/event">
    <System>
      <Provider Name="Microsoft-Windows-RemoteDesktopServices-RdpCoreTS" Guid="{1139c61b-b549-4251-8ed3-27250a1edec8}" />
      <EventID>101</EventID>
      <Version>0</Version>
      <Level>3</Level>
      <Task>4</Task>
      <Opcode>16</Opcode>
      <Keywords>0x4000000000000000</Keywords>
      <TimeCreated SystemTime="2019-08-28T14:22:27.517855100Z" />
      <EventRecordID>1342</EventRecordID>
      <Correlation ActivityID="{f4201740-d459-489e-a55c-bfe842340000}" />
      <Execution ProcessID="396" ThreadID="1176" />
      <Channel>Microsoft-Windows-RemoteDesktopServices-RdpCoreTS/Operational</Channel>
      <Computer>MSEDGEWIN10</Computer>
      <Security UserID="S-1-5-20" />
    </System>
    <EventData>
      <Data Name="ReasonString">Reason Code: 1(Client not supported).</Data>
    </EventData>
  </Event>
  <Event xmlns="http://schemas.microsoft.com/win/2004/08/events/event">
    <System>
      <Provider Name="Microsoft-Windows-RemoteDesktopServices-RdpCoreTS" Guid="{1139c61b-b549-4251-8ed3-27250a1edec8}" />
      <EventID>135</EventID>
      <Version>0</Version>
      <Level>4</Level>
      <Task>4</Task>
      <Opcode>15</Opcode>
      <Keywords>0x4000000000000000</Keywords>
      <TimeCreated SystemTime="2019-08-28T14:22:27.517857800Z" />
      <EventRecordID>1343</EventRecordID>
      <Correlation ActivityID="{f4201740-d459-489e-a55c-bfe842340000}" />
      <Execution ProcessID="396" ThreadID="1176" />
      <Channel>Microsoft-Windows-RemoteDesktopServices-RdpCoreTS/Operational</Channel>
      <Computer>MSEDGEWIN10</Computer>
      <Security UserID="S-1-5-20" />
    </System>
    <EventData>
      <Data Name="TunnelID">1</Data>
      <Data Name="TransportType">TCP: Reason Code: 1 (No Client UDP Support)</Data>
    </EventData>
  </Event>
  <Event xmlns="http://schemas.microsoft.com/win/2004/08/events/event">
    <System>
      <Provider Name="Microsoft-Windows-RemoteDesktopServices-RdpCoreTS" Guid="{1139c61b-b549-4251-8ed3-27250a1edec8}" />
      <EventID>135</EventID>
      <Version>0</Version>
      <Level>4</Level>
      <Task>4</Task>
      <Opcode>15</Opcode>
      <Keywords>0x4000000000000000</Keywords>
      <TimeCreated SystemTime="2019-08-28T14:22:27.517862900Z" />
      <EventRecordID>1344</EventRecordID>
      <Correlation ActivityID="{f4201740-d459-489e-a55c-bfe842340000}" />
      <Execution ProcessID="396" ThreadID="1176" />
      <Channel>Microsoft-Windows-RemoteDesktopServices-RdpCoreTS/Operational</Channel>
      <Computer>MSEDGEWIN10</Computer>
      <Security UserID="S-1-5-20" />
    </System>
    <EventData>
      <Data Name="TunnelID">3</Data>
      <Data Name="TransportType">TCP: Reason Code: 2 (Forced by Server Configuration)</Data>
    </EventData>
  </Event>
  <Event xmlns="http://schemas.microsoft.com/win/2004/08/events/event">
    <System>
      <Provider Name="Microsoft-Windows-RemoteDesktopServices-RdpCoreTS" Guid="{1139c61b-b549-4251-8ed3-27250a1edec8}" />
      <EventID>72</EventID>
      <Version>0</Version>
      <Level>4</Level>
      <Task>4</Task>
      <Opcode>13</Opcode>
      <Keywords>0x4000000000000000</Keywords>
      <TimeCreated SystemTime="2019-08-28T14:22:27.518242600Z" />
      <EventRecordID>1345</EventRecordID>
      <Correlation ActivityID="{f4201740-d459-489e-a55c-bfe842340000}" />
      <Execution ProcessID="396" ThreadID="5884" />
      <Channel>Microsoft-Windows-RemoteDesktopServices-RdpCoreTS/Operational</Channel>
      <Computer>MSEDGEWIN10</Computer>
      <Security UserID="S-1-5-20" />
    </System>
    <EventData>
      <Data Name="MethodName">AuthenticateClientToSession</Data>
    </EventData>
  </Event>
  <Event xmlns="http://schemas.microsoft.com/win/2004/08/events/event">
    <System>
      <Provider Name="Microsoft-Windows-RemoteDesktopServices-RdpCoreTS" Guid="{1139c61b-b549-4251-8ed3-27250a1edec8}" />
      <EventID>72</EventID>
      <Version>0</Version>
      <Level>4</Level>
      <Task>4</Task>
      <Opcode>13</Opcode>
      <Keywords>0x4000000000000000</Keywords>
      <TimeCreated SystemTime="2019-08-28T14:22:27.518926600Z" />
      <EventRecordID>1346</EventRecordID>
      <Correlation ActivityID="{f4201740-d459-489e-a55c-bfe842340000}" />
      <Execution ProcessID="396" ThreadID="5884" />
      <Channel>Microsoft-Windows-RemoteDesktopServices-RdpCoreTS/Operational</Channel>
      <Computer>MSEDGEWIN10</Computer>
      <Security UserID="S-1-5-20" />
    </System>
    <EventData>
      <Data Name="MethodName">PreCreate</Data>
    </EventData>
  </Event>
  <Event xmlns="http://schemas.microsoft.com/win/2004/08/events/event">
    <System>
      <Provider Name="Microsoft-Windows-RemoteDesktopServices-RdpCoreTS" Guid="{1139c61b-b549-4251-8ed3-27250a1edec8}" />
      <EventID>66</EventID>
      <Version>0</Version>
      <Level>4</Level>
      <Task>4</Task>
      <Opcode>13</Opcode>
      <Keywords>0x4000000000000000</Keywords>
      <TimeCreated SystemTime="2019-08-28T14:22:27.566500600Z" />
      <EventRecordID>1347</EventRecordID>
      <Correlation ActivityID="{f4201740-d459-489e-a55c-bfe842340000}" />
      <Execution ProcessID="396" ThreadID="7932" />
      <Channel>Microsoft-Windows-RemoteDesktopServices-RdpCoreTS/Operational</Channel>
      <Computer>MSEDGEWIN10</Computer>
      <Security UserID="S-1-5-20" />
    </System>
    <EventData>
      <Data Name="ConnectionName">RDP-Tcp#6</Data>
      <Data Name="SessionID">2</Data>
    </EventData>
  </Event>
  <Event xmlns="http://schemas.microsoft.com/win/2004/08/events/event">
    <System>
      <Provider Name="Microsoft-Windows-RemoteDesktopServices-RdpCoreTS" Guid="{1139c61b-b549-4251-8ed3-27250a1edec8}" />
      <EventID>33</EventID>
      <Version>0</Version>
      <Level>4</Level>
      <Task>4</Task>
      <Opcode>11</Opcode>
      <Keywords>0x4000000000000000</Keywords>
      <TimeCreated SystemTime="2019-08-28T14:22:27.571306600Z" />
      <EventRecordID>1348</EventRecordID>
      <Correlation ActivityID="{f4201740-d459-489e-a55c-bfe842340000}" />
      <Execution ProcessID="396" ThreadID="7932" />
      <Channel>Microsoft-Windows-RemoteDesktopServices-RdpCoreTS/Operational</Channel>
      <Computer>MSEDGEWIN10</Computer>
      <Security UserID="S-1-5-20" />
    </System>
    <EventData>
    </EventData>
  </Event>
  <Event xmlns="http://schemas.microsoft.com/win/2004/08/events/event">
    <System>
      <Provider Name="Microsoft-Windows-RemoteDesktopServices-RdpCoreTS" Guid="{1139c61b-b549-4251-8ed3-27250a1edec8}" />
      <EventID>132</EventID>
      <Version>0</Version>
      <Level>4</Level>
      <Task>4</Task>
      <Opcode>15</Opcode>
      <Keywords>0x4000000000000000</Keywords>
      <TimeCreated SystemTime="2019-08-28T14:22:27.571320800Z" />
      <EventRecordID>1349</EventRecordID>
      <Correlation ActivityID="{f4201740-d459-489e-a55c-bfe842340000}" />
      <Execution ProcessID="396" ThreadID="7244" />
      <Channel>Microsoft-Windows-RemoteDesktopServices-RdpCoreTS/Operational</Channel>
      <Computer>MSEDGEWIN10</Computer>
      <Security UserID="S-1-5-20" />
    </System>
    <EventData>
      <Data Name="ChannelName">rdpgrfx</Data>
      <Data Name="TunnelID">0</Data>
    </EventData>
  </Event>
  <Event xmlns="http://schemas.microsoft.com/win/2004/08/events/event">
    <System>
      <Provider Name="Microsoft-Windows-RemoteDesktopServices-RdpCoreTS" Guid="{1139c61b-b549-4251-8ed3-27250a1edec8}" />
      <EventID>132</EventID>
      <Version>0</Version>
      <Level>4</Level>
      <Task>4</Task>
      <Opcode>15</Opcode>
      <Keywords>0x4000000000000000</Keywords>
      <TimeCreated SystemTime="2019-08-28T14:22:27.572848800Z" />
      <EventRecordID>1350</EventRecordID>
      <Correlation ActivityID="{f4201740-d459-489e-a55c-bfe842340000}" />
      <Execution ProcessID="396" ThreadID="1336" />
      <Channel>Microsoft-Windows-RemoteDesktopServices-RdpCoreTS/Operational</Channel>
      <Computer>MSEDGEWIN10</Computer>
      <Security UserID="S-1-5-20" />
    </System>
    <EventData>
      <Data Name="ChannelName">rdpinpt</Data>
      <Data Name="TunnelID">0</Data>
    </EventData>
  </Event>
  <Event xmlns="http://schemas.microsoft.com/win/2004/08/events/event">
    <System>
      <Provider Name="Microsoft-Windows-RemoteDesktopServices-RdpCoreTS" Guid="{1139c61b-b549-4251-8ed3-27250a1edec8}" />
      <EventID>132</EventID>
      <Version>0</Version>
      <Level>4</Level>
      <Task>4</Task>
      <Opcode>15</Opcode>
      <Keywords>0x4000000000000000</Keywords>
      <TimeCreated SystemTime="2019-08-28T14:22:27.572898300Z" />
      <EventRecordID>1351</EventRecordID>
      <Correlation ActivityID="{f4201740-d459-489e-a55c-bfe842340000}" />
      <Execution ProcessID="396" ThreadID="1336" />
      <Channel>Microsoft-Windows-RemoteDesktopServices-RdpCoreTS/Operational</Channel>
      <Computer>MSEDGEWIN10</Computer>
      <Security UserID="S-1-5-20" />
    </System>
    <EventData>
      <Data Name="ChannelName">Microsoft::Windows::RDS::Telemetry</Data>
      <Data Name="TunnelID">0</Data>
    </EventData>
  </Event>
  <Event xmlns="http://schemas.microsoft.com/win/2004/08/events/event">
    <System>
      <Provider Name="Microsoft-Windows-RemoteDesktopServices-RdpCoreTS" Guid="{1139c61b-b549-4251-8ed3-27250a1edec8}" />
      <EventID>132</EventID>
      <Version>0</Version>
      <Level>4</Level>
      <Task>4</Task>
      <Opcode>15</Opcode>
      <Keywords>0x4000000000000000</Keywords>
      <TimeCreated SystemTime="2019-08-28T14:22:27.572903600Z" />
      <EventRecordID>1352</EventRecordID>
      <Correlation ActivityID="{f4201740-d459-489e-a55c-bfe842340000}" />
      <Execution ProcessID="396" ThreadID="1336" />
      <Channel>Microsoft-Windows-RemoteDesktopServices-RdpCoreTS/Operational</Channel>
      <Computer>MSEDGEWIN10</Computer>
      <Security UserID="S-1-5-20" />
    </System>
    <EventData>
      <Data Name="ChannelName">ECHO</Data>
      <Data Name="TunnelID">0</Data>
    </EventData>
  </Event>
  <Event xmlns="http://schemas.microsoft.com/win/2004/08/events/event">
    <System>
      <Provider Name="Microsoft-Windows-RemoteDesktopServices-RdpCoreTS" Guid="{1139c61b-b549-4251-8ed3-27250a1edec8}" />
      <EventID>169</EventID>
      <Version>0</Version>
      <Level>4</Level>
      <Task>4</Task>
      <Opcode>19</Opcode>
      <Keywords>0x4000000000000000</Keywords>
      <TimeCreated SystemTime="2019-08-28T14:22:27.573228100Z" />
      <EventRecordID>1353</EventRecordID>
      <Correlation ActivityID="{f4201740-d459-489e-a55c-bfe842340000}" />
      <Execution ProcessID="396" ThreadID="1336" />
      <Channel>Microsoft-Windows-RemoteDesktopServices-RdpCoreTS/Operational</Channel>
      <Computer>MSEDGEWIN10</Computer>
      <Security UserID="S-1-5-20" />
    </System>
    <EventData>
      <Data Name="MajorType">4</Data>
      <Data Name="MinorType">7</Data>
      <Data Name="ServerName">MSEDGEWIN10</Data>
    </EventData>
  </Event>
  <Event xmlns="http://schemas.microsoft.com/win/2004/08/events/event">
    <System>
      <Provider Name="Microsoft-Windows-RemoteDesktopServices-RdpCoreTS" Guid="{1139c61b-b549-4251-8ed3-27250a1edec8}" />
      <EventID>72</EventID>
      <Version>0</Version>
      <Level>4</Level>
      <Task>4</Task>
      <Opcode>13</Opcode>
      <Keywords>0x4000000000000000</Keywords>
      <TimeCreated SystemTime="2019-08-28T14:22:27.573240600Z" />
      <EventRecordID>1354</EventRecordID>
      <Correlation ActivityID="{f4201740-d459-489e-a55c-bfe842340000}" />
      <Execution ProcessID="396" ThreadID="1164" />
      <Channel>Microsoft-Windows-RemoteDesktopServices-RdpCoreTS/Operational</Channel>
      <Computer>MSEDGEWIN10</Computer>
      <Security UserID="S-1-5-20" />
    </System>
    <EventData>
      <Data Name="MethodName">OnConnected</Data>
    </EventData>
  </Event>
  <Event xmlns="http://schemas.microsoft.com/win/2004/08/events/event">
    <System>
      <Provider Name="Microsoft-Windows-RemoteDesktopServices-RdpCoreTS" Guid="{1139c61b-b549-4251-8ed3-27250a1edec8}" />
      <EventID>72</EventID>
      <Version>0</Version>
      <Level>4</Level>
      <Task>4</Task>
      <Opcode>13</Opcode>
      <Keywords>0x4000000000000000</Keywords>
      <TimeCreated SystemTime="2019-08-28T14:22:27.573244000Z" />
      <EventRecordID>1355</EventRecordID>
      <Correlation ActivityID="{f4201740-d459-489e-a55c-bfe842340000}" />
      <Execution ProcessID="396" ThreadID="1164" />
      <Channel>Microsoft-Windows-RemoteDesktopServices-RdpCoreTS/Operational</Channel>
      <Computer>MSEDGEWIN10</Computer>
      <Security UserID="S-1-5-20" />
    </System>
    <EventData>
      <Data Name="MethodName">OnReady</Data>
    </EventData>
  </Event>
  <Event xmlns="http://schemas.microsoft.com/win/2004/08/events/event">
    <System>
      <Provider Name="Microsoft-Windows-RemoteDesktopServices-RdpCoreTS" Guid="{1139c61b-b549-4251-8ed3-27250a1edec8}" />
      <EventID>163</EventID>
      <Version>0</Version>
      <Level>4</Level>
      <Task>4</Task>
      <Opcode>19</Opcode>
      <Keywords>0x4000000000000000</Keywords>
      <TimeCreated SystemTime="2019-08-28T14:22:27.573268700Z" />
      <EventRecordID>1356</EventRecordID>
      <Correlation ActivityID="{f4201740-d459-489e-a55c-bfe842340000}" />
      <Execution ProcessID="396" ThreadID="1336" />
      <Channel>Microsoft-Windows-RemoteDesktopServices-RdpCoreTS/Operational</Channel>
      <Computer>MSEDGEWIN10</Computer>
      <Security UserID="S-1-5-20" />
    </System>
    <EventData>
      <Data Name="ServerName">MSEDGEWIN10</Data>
    </EventData>
  </Event>
  <Event xmlns="http://schemas.microsoft.com/win/2004/08/events/event">
    <System>
      <Provider Name="Microsoft-Windows-RemoteDesktopServices-RdpCoreTS" Guid="{1139c61b-b549-4251-8ed3-27250a1edec8}" />
      <EventID>132</EventID>
      <Version>0</Version>
      <Level>4</Level>
      <Task>4</Task>
      <Opcode>15</Opcode>
      <Keywords>0x4000000000000000</Keywords>
      <TimeCreated SystemTime="2019-08-28T14:22:27.573427400Z" />
      <EventRecordID>1357</EventRecordID>
      <Correlation ActivityID="{f4201740-d459-489e-a55c-bfe842340000}" />
      <Execution ProcessID="396" ThreadID="7244" />
      <Channel>Microsoft-Windows-RemoteDesktopServices-RdpCoreTS/Operational</Channel>
      <Computer>MSEDGEWIN10</Computer>
      <Security UserID="S-1-5-20" />
    </System>
    <EventData>
      <Data Name="ChannelName">Microsoft::Windows::RDS::Video::Control::v08.01</Data>
      <Data Name="TunnelID">0</Data>
    </EventData>
  </Event>
  <Event xmlns="http://schemas.microsoft.com/win/2004/08/events/event">
    <System>
      <Provider Name="Microsoft-Windows-RemoteDesktopServices-RdpCoreTS" Guid="{1139c61b-b549-4251-8ed3-27250a1edec8}" />
      <EventID>132</EventID>
      <Version>0</Version>
      <Level>4</Level>
      <Task>4</Task>
      <Opcode>15</Opcode>
      <Keywords>0x4000000000000000</Keywords>
      <TimeCreated SystemTime="2019-08-28T14:22:27.573430900Z" />
      <EventRecordID>1358</EventRecordID>
      <Correlation ActivityID="{f4201740-d459-489e-a55c-bfe842340000}" />
      <Execution ProcessID="396" ThreadID="7244" />
      <Channel>Microsoft-Windows-RemoteDesktopServices-RdpCoreTS/Operational</Channel>
      <Computer>MSEDGEWIN10</Computer>
      <Security UserID="S-1-5-20" />
    </System>
    <EventData>
      <Data Name="ChannelName">Microsoft::Windows::RDS::Video::Data::v08.01</Data>
      <Data Name="TunnelID">0</Data>
    </EventData>
  </Event>
  <Event xmlns="http://schemas.microsoft.com/win/2004/08/events/event">
    <System>
      <Provider Name="Microsoft-Windows-RemoteDesktopServices-RdpCoreTS" Guid="{1139c61b-b549-4251-8ed3-27250a1edec8}" />
      <EventID>132</EventID>
      <Version>0</Version>
      <Level>4</Level>
      <Task>4</Task>
      <Opcode>15</Opcode>
      <Keywords>0x4000000000000000</Keywords>
      <TimeCreated SystemTime="2019-08-28T14:22:27.573433700Z" />
      <EventRecordID>1359</EventRecordID>
      <Correlation ActivityID="{f4201740-d459-489e-a55c-bfe842340000}" />
      <Execution ProcessID="396" ThreadID="7244" />
      <Channel>Microsoft-Windows-RemoteDesktopServices-RdpCoreTS/Operational</Channel>
      <Computer>MSEDGEWIN10</Computer>
      <Security UserID="S-1-5-20" />
    </System>
    <EventData>
      <Data Name="ChannelName">Microsoft::Windows::RDS::Geometry::v08.01</Data>
      <Data Name="TunnelID">0</Data>
    </EventData>
  </Event>
  <Event xmlns="http://schemas.microsoft.com/win/2004/08/events/event">
    <System>
      <Provider Name="Microsoft-Windows-RemoteDesktopServices-RdpCoreTS" Guid="{1139c61b-b549-4251-8ed3-27250a1edec8}" />
      <EventID>148</EventID>
      <Version>0</Version>
      <Level>4</Level>
      <Task>4</Task>
      <Opcode>17</Opcode>
      <Keywords>0x4000000000000000</Keywords>
      <TimeCreated SystemTime="2019-08-28T14:22:27.573561800Z" />
      <EventRecordID>1360</EventRecordID>
      <Correlation ActivityID="{f4201740-d459-489e-a55c-bfe842340000}" />
      <Execution ProcessID="396" ThreadID="1164" />
      <Channel>Microsoft-Windows-RemoteDesktopServices-RdpCoreTS/Operational</Channel>
      <Computer>MSEDGEWIN10</Computer>
      <Security UserID="S-1-5-20" />
    </System>
    <EventData>
      <Data Name="ChannelName">Microsoft::Windows::RDS::Video::Data::v08.01</Data>
      <Data Name="TunnelID">0</Data>
    </EventData>
  </Event>
  <Event xmlns="http://schemas.microsoft.com/win/2004/08/events/event">
    <System>
      <Provider Name="Microsoft-Windows-RemoteDesktopServices-RdpCoreTS" Guid="{1139c61b-b549-4251-8ed3-27250a1edec8}" />
      <EventID>148</EventID>
      <Version>0</Version>
      <Level>4</Level>
      <Task>4</Task>
      <Opcode>17</Opcode>
      <Keywords>0x4000000000000000</Keywords>
      <TimeCreated SystemTime="2019-08-28T14:22:27.573574100Z" />
      <EventRecordID>1361</EventRecordID>
      <Correlation ActivityID="{f4201740-d459-489e-a55c-bfe842340000}" />
      <Execution ProcessID="396" ThreadID="1164" />
      <Channel>Microsoft-Windows-RemoteDesktopServices-RdpCoreTS/Operational</Channel>
      <Computer>MSEDGEWIN10</Computer>
      <Security UserID="S-1-5-20" />
    </System>
    <EventData>
      <Data Name="ChannelName">Microsoft::Windows::RDS::Video::Control::v08.01</Data>
      <Data Name="TunnelID">0</Data>
    </EventData>
  </Event>
  <Event xmlns="http://schemas.microsoft.com/win/2004/08/events/event">
    <System>
      <Provider Name="Microsoft-Windows-RemoteDesktopServices-RdpCoreTS" Guid="{1139c61b-b549-4251-8ed3-27250a1edec8}" />
      <EventID>148</EventID>
      <Version>0</Version>
      <Level>4</Level>
      <Task>4</Task>
      <Opcode>17</Opcode>
      <Keywords>0x4000000000000000</Keywords>
      <TimeCreated SystemTime="2019-08-28T14:22:27.573580900Z" />
      <EventRecordID>1362</EventRecordID>
      <Correlation ActivityID="{f4201740-d459-489e-a55c-bfe842340000}" />
      <Execution ProcessID="396" ThreadID="1164" />
      <Channel>Microsoft-Windows-RemoteDesktopServices-RdpCoreTS/Operational</Channel>
      <Computer>MSEDGEWIN10</Computer>
      <Security UserID="S-1-5-20" />
    </System>
    <EventData>
      <Data Name="ChannelName">Microsoft::Windows::RDS::Geometry::v08.01</Data>
      <Data Name="TunnelID">0</Data>
    </EventData>
  </Event>
  <Event xmlns="http://schemas.microsoft.com/win/2004/08/events/event">
    <System>
      <Provider Name="Microsoft-Windows-RemoteDesktopServices-RdpCoreTS" Guid="{1139c61b-b549-4251-8ed3-27250a1edec8}" />
      <EventID>72</EventID>
      <Version>0</Version>
      <Level>4</Level>
      <Task>4</Task>
      <Opcode>13</Opcode>
      <Keywords>0x4000000000000000</Keywords>
      <TimeCreated SystemTime="2019-08-28T14:22:27.608698200Z" />
      <EventRecordID>1363</EventRecordID>
      <Correlation ActivityID="{f4201740-d459-489e-a55c-bfe842340000}" />
      <Execution ProcessID="396" ThreadID="2400" />
      <Channel>Microsoft-Windows-RemoteDesktopServices-RdpCoreTS/Operational</Channel>
      <Computer>MSEDGEWIN10</Computer>
      <Security UserID="S-1-5-20" />
    </System>
    <EventData>
      <Data Name="MethodName">ConnectNotify(SessionId=2)</Data>
    </EventData>
  </Event>
  <Event xmlns="http://schemas.microsoft.com/win/2004/08/events/event">
    <System>
      <Provider Name="Microsoft-Windows-RemoteDesktopServices-RdpCoreTS" Guid="{1139c61b-b549-4251-8ed3-27250a1edec8}" />
      <EventID>132</EventID>
      <Version>0</Version>
      <Level>4</Level>
      <Task>4</Task>
      <Opcode>15</Opcode>
      <Keywords>0x4000000000000000</Keywords>
      <TimeCreated SystemTime="2019-08-28T14:22:27.903246400Z" />
      <EventRecordID>1364</EventRecordID>
      <Correlation ActivityID="{f4201740-d459-489e-a55c-bfe842340000}" />
      <Execution ProcessID="396" ThreadID="7104" />
      <Channel>Microsoft-Windows-RemoteDesktopServices-RdpCoreTS/Operational</Channel>
      <Computer>MSEDGEWIN10</Computer>
      <Security UserID="S-1-5-18" />
    </System>
    <EventData>
      <Data Name="ChannelName">rdpdr</Data>
      <Data Name="TunnelID">0</Data>
    </EventData>
  </Event>
  <Event xmlns="http://schemas.microsoft.com/win/2004/08/events/event">
    <System>
      <Provider Name="Microsoft-Windows-RemoteDesktopServices-RdpCoreTS" Guid="{1139c61b-b549-4251-8ed3-27250a1edec8}" />
      <EventID>132</EventID>
      <Version>0</Version>
      <Level>4</Level>
      <Task>4</Task>
      <Opcode>15</Opcode>
      <Keywords>0x4000000000000000</Keywords>
      <TimeCreated SystemTime="2019-08-28T14:22:27.906075000Z" />
      <EventRecordID>1365</EventRecordID>
      <Correlation ActivityID="{f4201740-d459-489e-a55c-bfe842340000}" />
      <Execution ProcessID="396" ThreadID="7104" />
      <Channel>Microsoft-Windows-RemoteDesktopServices-RdpCoreTS/Operational</Channel>
      <Computer>MSEDGEWIN10</Computer>
      <Security UserID="S-1-5-20" />
    </System>
    <EventData>
      <Data Name="ChannelName">AUDIO_PLAYBACK_DVC</Data>
      <Data Name="TunnelID">0</Data>
    </EventData>
  </Event>
  <Event xmlns="http://schemas.microsoft.com/win/2004/08/events/event">
    <System>
      <Provider Name="Microsoft-Windows-RemoteDesktopServices-RdpCoreTS" Guid="{1139c61b-b549-4251-8ed3-27250a1edec8}" />
      <EventID>227</EventID>
      <Version>0</Version>
      <Level>2</Level>
      <Task>4</Task>
      <Opcode>19</Opcode>
      <Keywords>0x4000000000000000</Keywords>
      <TimeCreated SystemTime="2019-08-28T14:22:27.906169200Z" />
      <EventRecordID>1366</EventRecordID>
      <Correlation ActivityID="{f4201740-d459-489e-a55c-bfe842340000}" />
      <Execution ProcessID="396" ThreadID="7104" />
      <Channel>Microsoft-Windows-RemoteDesktopServices-RdpCoreTS/Operational</Channel>
      <Computer>MSEDGEWIN10</Computer>
      <Security UserID="S-1-5-20" />
    </System>
    <EventData>
      <Data Name="Name">CUMRDPConnection</Data>
      <Data Name="Value">2147942450</Data>
      <Data Name="CustomLevel">'Failed CreateVirtualChannel call on this Connections Stack' in CUMRDPConnection::CreateVirtualChannel at 2498 err=[0x80070032]</Data>
    </EventData>
  </Event>
  <Event xmlns="http://schemas.microsoft.com/win/2004/08/events/event">
    <System>
      <Provider Name="Microsoft-Windows-RemoteDesktopServices-RdpCoreTS" Guid="{1139c61b-b549-4251-8ed3-27250a1edec8}" />
      <EventID>148</EventID>
      <Version>0</Version>
      <Level>4</Level>
      <Task>4</Task>
      <Opcode>17</Opcode>
      <Keywords>0x4000000000000000</Keywords>
      <TimeCreated SystemTime="2019-08-28T14:22:27.906225800Z" />
      <EventRecordID>1367</EventRecordID>
      <Correlation ActivityID="{f4201740-d459-489e-a55c-bfe842340000}" />
      <Execution ProcessID="396" ThreadID="1164" />
      <Channel>Microsoft-Windows-RemoteDesktopServices-RdpCoreTS/Operational</Channel>
      <Computer>MSEDGEWIN10</Computer>
      <Security UserID="S-1-5-20" />
    </System>
    <EventData>
      <Data Name="ChannelName">AUDIO_PLAYBACK_DVC</Data>
      <Data Name="TunnelID">0</Data>
    </EventData>
  </Event>
  