<Event xmlns="http://schemas.microsoft.com/win/2004/08/events/event">
    <System>
      <Provider Name="Microsoft-Windows-RemoteDesktopServices-RdpCoreTS" Guid="{1139c61b-b549-4251-8ed3-27250a1edec8}" />
      <EventID>132</EventID>
      <Version>0</Version>
      <Level>4</Level>
      <Task>4</Task>
      <Opcode>15</Opcode>
      <Keywords>0x4000000000000000</Keywords>
      <TimeCreated SystemTime="2019-08-28T13:58:37.924121400Z" />
      <EventRecordID>1262</EventRecordID>
      <Correlation ActivityID="{ad0ad759-8a8b-4ba3-be51-fd35c7200000}" />
      <Execution ProcessID="396" ThreadID="7900" />
      <Channel>Microsoft-Windows-RemoteDesktopServices-RdpCoreTS/Operational</Channel>
      <Computer>MSEDGEWIN10</Computer>
      <Security UserID="S-1-5-20" />
    </System>
    <EventData>
      <Data Name="ChannelName">AUDIO_PLAYBACK_DVC</Data>
      <Data Name="TunnelID">1</Data>
    </EventData>
  </Event>
  <Event xmlns="http://schemas.microsoft.com/win/2004/08/events/event">
    <System>
      <Provider Name="Microsoft-Windows-RemoteDesktopServices-RdpCoreTS" Guid="{1139c61b-b549-4251-8ed3-27250a1edec8}" />
      <EventID>132</EventID>
      <Version>0</Version>
      <Level>4</Level>
      <Task>4</Task>
      <Opcode>15</Opcode>
      <Keywords>0x4000000000000000</Keywords>
      <TimeCreated SystemTime="2019-08-28T13:58:37.932581400Z" />
      <EventRecordID>1263</EventRecordID>
      <Correlation ActivityID="{f4209ff3-e7c7-46ad-bdcb-056ffe910000}" />
      <Execution ProcessID="396" ThreadID="172" />
      <Channel>Microsoft-Windows-RemoteDesktopServices-RdpCoreTS/Operational</Channel>
      <Computer>MSEDGEWIN10</Computer>
      <Security UserID="S-1-5-20" />
    </System>
    <EventData>
      <Data Name="ChannelName">AUDIO_PLAYBACK_LOSSY_DVC</Data>
      <Data Name="TunnelID">1</Data>
    </EventData>
  </Event>
  <Event xmlns="http://schemas.microsoft.com/win/2004/08/events/event">
    <System>
      <Provider Name="Microsoft-Windows-RemoteDesktopServices-RdpCoreTS" Guid="{1139c61b-b549-4251-8ed3-27250a1edec8}" />
      <EventID>227</EventID>
      <Version>0</Version>
      <Level>2</Level>
      <Task>4</Task>
      <Opcode>19</Opcode>
      <Keywords>0x4000000000000000</Keywords>
      <TimeCreated SystemTime="2019-08-28T13:58:38.113651400Z" />
      <EventRecordID>1264</EventRecordID>
      <Correlation ActivityID="{f4209ff3-e7c7-46ad-bdcb-056ffe910000}" />
      <Execution ProcessID="396" ThreadID="7900" />
      <Channel>Microsoft-Windows-RemoteDesktopServices-RdpCoreTS/Operational</Channel>
      <Computer>MSEDGEWIN10</Computer>
      <Security UserID="S-1-5-20" />
    </System>
    <EventData>
      <Data Name="Name">CUMRDPConnection</Data>
      <Data Name="Value">3489660929</Data>
      <Data Name="CustomLevel">'Failed CreateVirtualChannel call on this Connections Stack' in CUMRDPConnection::CreateVirtualChannel at 2498 err=[0xd0000001]</Data>
    </EventData>
  </Event>
  <Event xmlns="http://schemas.microsoft.com/win/2004/08/events/event">
    <System>
      <Provider Name="Microsoft-Windows-RemoteDesktopServices-RdpCoreTS" Guid="{1139c61b-b549-4251-8ed3-27250a1edec8}" />
      <EventID>148</EventID>
      <Version>0</Version>
      <Level>4</Level>
      <Task>4</Task>
      <Opcode>17</Opcode>
      <Keywords>0x4000000000000000</Keywords>
      <TimeCreated SystemTime="2019-08-28T13:58:38.114690600Z" />
      <EventRecordID>1265</EventRecordID>
      <Correlation ActivityID="{f4209ff3-e7c7-46ad-bdcb-056ffe910000}" />
      <Execution ProcessID="396" ThreadID="1164" />
      <Channel>Microsoft-Windows-RemoteDesktopServices-RdpCoreTS/Operational</Channel>
      <Computer>MSEDGEWIN10</Computer>
      <Security UserID="S-1-5-20" />
    </System>
    <EventData>
      <Data Name="ChannelName">RDCamera_Device_Enumerator</Data>
      <Data Name="TunnelID">1</Data>
    </EventData>
  </Event>
  <Event xmlns="http://schemas.microsoft.com/win/2004/08/events/event">
    <System>
      <Provider Name="Microsoft-Windows-RemoteDesktopServices-RdpCoreTS" Guid="{1139c61b-b549-4251-8ed3-27250a1edec8}" />
      <EventID>132</EventID>
      <Version>0</Version>
      <Level>4</Level>
      <Task>4</Task>
      <Opcode>15</Opcode>
      <Keywords>0x4000000000000000</Keywords>
      <TimeCreated SystemTime="2019-08-28T13:58:38.114711200Z" />
      <EventRecordID>1266</EventRecordID>
      <Correlation ActivityID="{ad0ad759-8a8b-4ba3-be51-fd35c7200000}" />
      <Execution ProcessID="396" ThreadID="2924" />
      <Channel>Microsoft-Windows-RemoteDesktopServices-RdpCoreTS/Operational</Channel>
      <Computer>MSEDGEWIN10</Computer>
      <Security UserID="S-1-5-20" />
    </System>
    <EventData>
      <Data Name="ChannelName">RDCamera_Device_Enumerator</Data>
      <Data Name="TunnelID">1</Data>
    </EventData>
  </Event>
  <Event xmlns="http://schemas.microsoft.com/win/2004/08/events/event">
    <System>
      <Provider Name="Microsoft-Windows-RemoteDesktopServices-RdpCoreTS" Guid="{1139c61b-b549-4251-8ed3-27250a1edec8}" />
      <EventID>132</EventID>
      <Version>0</Version>
      <Level>4</Level>
      <Task>4</Task>
      <Opcode>15</Opcode>
      <Keywords>0x4000000000000000</Keywords>
      <TimeCreated SystemTime="2019-08-28T13:58:38.170779400Z" />
      <EventRecordID>1267</EventRecordID>
      <Correlation ActivityID="{ad0ad759-8a8b-4ba3-be51-fd35c7200000}" />
      <Execution ProcessID="396" ThreadID="7900" />
      <Channel>Microsoft-Windows-RemoteDesktopServices-RdpCoreTS/Operational</Channel>
      <Computer>MSEDGEWIN10</Computer>
      <Security UserID="S-1-5-20" />
    </System>
    <EventData>
      <Data Name="ChannelName">Microsoft::Windows::RDS::Input</Data>
      <Data Name="TunnelID">1</Data>
    </EventData>
  </Event>
  <Event xmlns="http://schemas.microsoft.com/win/2004/08/events/event">
    <System>
      <Provider Name="Microsoft-Windows-RemoteDesktopServices-RdpCoreTS" Guid="{1139c61b-b549-4251-8ed3-27250a1edec8}" />
      <EventID>227</EventID>
      <Version>0</Version>
      <Level>2</Level>
      <Task>4</Task>
      <Opcode>19</Opcode>
      <Keywords>0x4000000000000000</Keywords>
      <TimeCreated SystemTime="2019-08-28T13:58:38.171109800Z" />
      <EventRecordID>1268</EventRecordID>
      <Correlation ActivityID="{f4209ff3-e7c7-46ad-bdcb-056ffe910000}" />
      <Execution ProcessID="396" ThreadID="6924" />
      <Channel>Microsoft-Windows-RemoteDesktopServices-RdpCoreTS/Operational</Channel>
      <Computer>MSEDGEWIN10</Computer>
      <Security UserID="S-1-5-20" />
    </System>
    <EventData>
      <Data Name="Name">CUMRDPConnection</Data>
      <Data Name="Value">3489660929</Data>
      <Data Name="CustomLevel">'Failed CreateVirtualChannel call on this Connections Stack' in CUMRDPConnection::CreateVirtualChannel at 2498 err=[0xd0000001]</Data>
    </EventData>
  </Event>
  <Event xmlns="http://schemas.microsoft.com/win/2004/08/events/event">
    <System>
      <Provider Name="Microsoft-Windows-RemoteDesktopServices-RdpCoreTS" Guid="{1139c61b-b549-4251-8ed3-27250a1edec8}" />
      <EventID>148</EventID>
      <Version>0</Version>
      <Level>4</Level>
      <Task>4</Task>
      <Opcode>17</Opcode>
      <Keywords>0x4000000000000000</Keywords>
      <TimeCreated SystemTime="2019-08-28T13:58:38.171188600Z" />
      <EventRecordID>1269</EventRecordID>
      <Correlation ActivityID="{f4209ff3-e7c7-46ad-bdcb-056ffe910000}" />
      <Execution ProcessID="396" ThreadID="1164" />
      <Channel>Microsoft-Windows-RemoteDesktopServices-RdpCoreTS/Operational</Channel>
      <Computer>MSEDGEWIN10</Computer>
      <Security UserID="S-1-5-20" />
    </System>
    <EventData>
      <Data Name="ChannelName">Microsoft::Windows::RDS::Input</Data>
      <Data Name="TunnelID">1</Data>
    </EventData>
  </Event>
  <Event xmlns="http://schemas.microsoft.com/win/2004/08/events/event">
    <System>
      <Provider Name="Microsoft-Windows-RemoteDesktopServices-RdpCoreTS" Guid="{1139c61b-b549-4251-8ed3-27250a1edec8}" />
      <EventID>132</EventID>
      <Version>0</Version>
      <Level>4</Level>
      <Task>4</Task>
      <Opcode>15</Opcode>
      <Keywords>0x4000000000000000</Keywords>
      <TimeCreated SystemTime="2019-08-28T13:58:38.188966500Z" />
      <EventRecordID>1270</EventRecordID>
      <Correlation ActivityID="{ad0ad759-8a8b-4ba3-be51-fd35c7200000}" />
      <Execution ProcessID="396" ThreadID="4536" />
      <Channel>Microsoft-Windows-RemoteDesktopServices-RdpCoreTS/Operational</Channel>
      <Computer>MSEDGEWIN10</Computer>
      <Security UserID="S-1-5-20" />
    </System>
    <EventData>
      <Data Name="ChannelName">Microsoft::Windows::RDS::DisplayControl</Data>
      <Data Name="TunnelID">1</Data>
    </EventData>
  </Event>
  <Event xmlns="http://schemas.microsoft.com/win/2004/08/events/event">
    <System>
      <Provider Name="Microsoft-Windows-RemoteDesktopServices-RdpCoreTS" Guid="{1139c61b-b549-4251-8ed3-27250a1edec8}" />
      <EventID>132</EventID>
      <Version>0</Version>
      <Level>4</Level>
      <Task>4</Task>
      <Opcode>15</Opcode>
      <Keywords>0x4000000000000000</Keywords>
      <TimeCreated SystemTime="2019-08-28T13:58:38.234795200Z" />
      <EventRecordID>1271</EventRecordID>
      <Correlation ActivityID="{ad0ad759-8a8b-4ba3-be51-fd35c7200000}" />
      <Execution ProcessID="396" ThreadID="980" />
      <Channel>Microsoft-Windows-RemoteDesktopServices-RdpCoreTS/Operational</Channel>
      <Computer>MSEDGEWIN10</Computer>
      <Security UserID="S-1-5-20" />
    </System>
    <EventData>
      <Data Name="ChannelName">cliprdr</Data>
      <Data Name="TunnelID">1</Data>
    </EventData>
  </Event>
  <Event xmlns="http://schemas.microsoft.com/win/2004/08/events/event">
    <System>
      <Provider Name="Microsoft-Windows-RemoteDesktopServices-RdpCoreTS" Guid="{1139c61b-b549-4251-8ed3-27250a1edec8}" />
      <EventID>132</EventID>
      <Version>0</Version>
      <Level>4</Level>
      <Task>4</Task>
      <Opcode>15</Opcode>
      <Keywords>0x4000000000000000</Keywords>
      <TimeCreated SystemTime="2019-08-28T13:58:38.539695600Z" />
      <EventRecordID>1272</EventRecordID>
      <Correlation ActivityID="{ad0ad759-8a8b-4ba3-be51-fd35c7200000}" />
      <Execution ProcessID="396" ThreadID="7916" />
      <Channel>Microsoft-Windows-RemoteDesktopServices-RdpCoreTS/Operational</Channel>
      <Computer>MSEDGEWIN10</Computer>
      <Security UserID="S-1-5-20" />
    </System>
    <EventData>
      <Data Name="ChannelName">Microsoft::Windows::RDS::Geometry::v08.01</Data>
      <Data Name="TunnelID">1</Data>
    </EventData>
  </Event>
  <Event xmlns="http://schemas.microsoft.com/win/2004/08/events/event">
    <System>
      <Provider Name="Microsoft-Windows-RemoteDesktopServices-RdpCoreTS" Guid="{1139c61b-b549-4251-8ed3-27250a1edec8}" />
      <EventID>148</EventID>
      <Version>0</Version>
      <Level>4</Level>
      <Task>4</Task>
      <Opcode>17</Opcode>
      <Keywords>0x4000000000000000</Keywords>
      <TimeCreated SystemTime="2019-08-28T13:58:38.540912600Z" />
      <EventRecordID>1273</EventRecordID>
      <Correlation ActivityID="{f4209ff3-e7c7-46ad-bdcb-056ffe910000}" />
      <Execution ProcessID="396" ThreadID="7692" />
      <Channel>Microsoft-Windows-RemoteDesktopServices-RdpCoreTS/Operational</Channel>
      <Computer>MSEDGEWIN10</Computer>
      <Security UserID="S-1-5-20" />
    </System>
    <EventData>
      <Data Name="ChannelName">Microsoft::Windows::RDS::Geometry::v08.01</Data>
      <Data Name="TunnelID">1</Data>
    </EventData>
  </Event>
  <Event xmlns="http://schemas.microsoft.com/win/2004/08/events/event">
    <System>
      <Provider Name="Microsoft-Windows-RemoteDesktopServices-RdpCoreTS" Guid="{1139c61b-b549-4251-8ed3-27250a1edec8}" />
      <EventID>143</EventID>
      <Version>0</Version>
      <Level>3</Level>
      <Task>4</Task>
      <Opcode>15</Opcode>
      <Keywords>0x4000000000000000</Keywords>
      <TimeCreated SystemTime="2019-08-28T14:13:36.304729300Z" />
      <EventRecordID>1274</EventRecordID>
      <Correlation ActivityID="{f4209ff3-e7c7-46ad-bdcb-056ffe910000}" />
      <Execution ProcessID="396" ThreadID="4536" />
      <Channel>Microsoft-Windows-RemoteDesktopServices-RdpCoreTS/Operational</Channel>
      <Computer>MSEDGEWIN10</Computer>
      <Security UserID="S-1-5-20" />
    </System>
    <EventData>
      <Data Name="error">121</Data>
    </EventData>
  </Event>
  <Event xmlns="http://schemas.microsoft.com/win/2004/08/events/event">
    <System>
      <Provider Name="Microsoft-Windows-RemoteDesktopServices-RdpCoreTS" Guid="{1139c61b-b549-4251-8ed3-27250a1edec8}" />
      <EventID>226</EventID>
      <Version>0</Version>
      <Level>3</Level>
      <Task>4</Task>
      <Opcode>19</Opcode>
      <Keywords>0x4000000000000000</Keywords>
      <TimeCreated SystemTime="2019-08-28T14:13:36.304761900Z" />
      <EventRecordID>1275</EventRecordID>
      <Correlation ActivityID="{f4209ff3-e7c7-46ad-bdcb-056ffe910000}" />
      <Execution ProcessID="396" ThreadID="4536" />
      <Channel>Microsoft-Windows-RemoteDesktopServices-RdpCoreTS/Operational</Channel>
      <Computer>MSEDGEWIN10</Computer>
      <Security UserID="S-1-5-20" />
    </System>
    <EventData>
      <Data Name="StateTransition">RDP_TCP</Data>
      <Data Name="PreviousState">23</Data>
      <Data Name="PreviousStateName">StateUnknown</Data>
      <Data Name="NewState">21</Data>
      <Data Name="NewStateName">StateDisconnected</Data>
      <Data Name="Event">43</Data>
      <Data Name="EventName">Event_Disconnect</Data>
      <Data Name="ErrorCode">0x80070079</Data>
    </EventData>
  </Event>
  <Event xmlns="http://schemas.microsoft.com/win/2004/08/events/event">
    <System>
      <Provider Name="Microsoft-Windows-RemoteDesktopServices-RdpCoreTS" Guid="{1139c61b-b549-4251-8ed3-27250a1edec8}" />
      <EventID>143</EventID>
      <Version>0</Version>
      <Level>3</Level>
      <Task>4</Task>
      <Opcode>15</Opcode>
      <Keywords>0x4000000000000000</Keywords>
      <TimeCreated SystemTime="2019-08-28T14:13:36.304775900Z" />
      <EventRecordID>1276</EventRecordID>
      <Correlation ActivityID="{f4209ff3-e7c7-46ad-bdcb-056ffe910000}" />
      <Execution ProcessID="396" ThreadID="4396" />
      <Channel>Microsoft-Windows-RemoteDesktopServices-RdpCoreTS/Operational</Channel>
      <Computer>MSEDGEWIN10</Computer>
      <Security UserID="S-1-5-20" />
    </System>
    <EventData>
      <Data Name="error">121</Data>
    </EventData>
  </Event>
  <Event xmlns="http://schemas.microsoft.com/win/2004/08/events/event">
    <System>
      <Provider Name="Microsoft-Windows-RemoteDesktopServices-RdpCoreTS" Guid="{1139c61b-b549-4251-8ed3-27250a1edec8}" />
      <EventID>143</EventID>
      <Version>0</Version>
      <Level>3</Level>
      <Task>4</Task>
      <Opcode>15</Opcode>
      <Keywords>0x4000000000000000</Keywords>
      <TimeCreated SystemTime="2019-08-28T14:13:36.304778700Z" />
      <EventRecordID>1277</EventRecordID>
      <Correlation ActivityID="{f4209ff3-e7c7-46ad-bdcb-056ffe910000}" />
      <Execution ProcessID="396" ThreadID="4536" />
      <Channel>Microsoft-Windows-RemoteDesktopServices-RdpCoreTS/Operational</Channel>
      <Computer>MSEDGEWIN10</Computer>
      <Security UserID="S-1-5-20" />
    </System>
    <EventData>
      <Data Name="error">121</Data>
    </EventData>
  </Event>
  <Event xmlns="http://schemas.microsoft.com/win/2004/08/events/event">
    <System>
      <Provider Name="Microsoft-Windows-RemoteDesktopServices-RdpCoreTS" Guid="{1139c61b-b549-4251-8ed3-27250a1edec8}" />
      <EventID>143</EventID>
      <Version>0</Version>
      <Level>3</Level>
      <Task>4</Task>
      <Opcode>15</Opcode>
      <Keywords>0x4000000000000000</Keywords>
      <TimeCreated SystemTime="2019-08-28T14:13:36.304785900Z" />
      <EventRecordID>1278</EventRecordID>
      <Correlation ActivityID="{f4209ff3-e7c7-46ad-bdcb-056ffe910000}" />
      <Execution ProcessID="396" ThreadID="4396" />
      <Channel>Microsoft-Windows-RemoteDesktopServices-RdpCoreTS/Operational</Channel>
      <Computer>MSEDGEWIN10</Computer>
      <Security UserID="S-1-5-20" />
    </System>
    <EventData>
      <Data Name="error">121</Data>
    </EventData>
  </Event>
  <Event xmlns="http://schemas.microsoft.com/win/2004/08/events/event">
    <System>
      <Provider Name="Microsoft-Windows-RemoteDesktopServices-RdpCoreTS" Guid="{1139c61b-b549-4251-8ed3-27250a1edec8}" />
      <EventID>143</EventID>
      <Version>0</Version>
      <Level>3</Level>
      <Task>4</Task>
      <Opcode>15</Opcode>
      <Keywords>0x4000000000000000</Keywords>
      <TimeCreated SystemTime="2019-08-28T14:13:36.304791400Z" />
      <EventRecordID>1279</EventRecordID>
      <Correlation ActivityID="{f4209ff3-e7c7-46ad-bdcb-056ffe910000}" />
      <Execution ProcessID="396" ThreadID="4396" />
      <Channel>Microsoft-Windows-RemoteDesktopServices-RdpCoreTS/Operational</Channel>
      <Computer>MSEDGEWIN10</Computer>
      <Security UserID="S-1-5-20" />
    </System>
    <EventData>
      <Data Name="error">121</Data>
    </EventData>
  </Event>
  <Event xmlns="http://schemas.microsoft.com/win/2004/08/events/event">
    <System>
      <Provider Name="Microsoft-Windows-RemoteDesktopServices-RdpCoreTS" Guid="{1139c61b-b549-4251-8ed3-27250a1edec8}" />
      <EventID>143</EventID>
      <Version>0</Version>
      <Level>3</Level>
      <Task>4</Task>
      <Opcode>15</Opcode>
      <Keywords>0x4000000000000000</Keywords>
      <TimeCreated SystemTime="2019-08-28T14:13:36.304796300Z" />
      <EventRecordID>1280</EventRecordID>
      <Correlation ActivityID="{f4209ff3-e7c7-46ad-bdcb-056ffe910000}" />
      <Execution ProcessID="396" ThreadID="4396" />
      <Channel>Microsoft-Windows-RemoteDesktopServices-RdpCoreTS/Operational</Channel>
      <Computer>MSEDGEWIN10</Computer>
      <Security UserID="S-1-5-20" />
    </System>
    <EventData>
      <Data Name="error">121</Data>
    </EventData>
  </Event>
  <Event xmlns="http://schemas.microsoft.com/win/2004/08/events/event">
    <System>
      <Provider Name="Microsoft-Windows-RemoteDesktopServices-RdpCoreTS" Guid="{1139c61b-b549-4251-8ed3-27250a1edec8}" />
      <EventID>143</EventID>
      <Version>0</Version>
      <Level>3</Level>
      <Task>4</Task>
      <Opcode>15</Opcode>
      <Keywords>0x4000000000000000</Keywords>
      <TimeCreated SystemTime="2019-08-28T14:13:36.304800900Z" />
      <EventRecordID>1281</EventRecordID>
      <Correlation ActivityID="{f4209ff3-e7c7-46ad-bdcb-056ffe910000}" />
      <Execution ProcessID="396" ThreadID="4396" />
      <Channel>Microsoft-Windows-RemoteDesktopServices-RdpCoreTS/Operational</Channel>
      <Computer>MSEDGEWIN10</Computer>
      <Security UserID="S-1-5-20" />
    </System>
    <EventData>
      <Data Name="error">121</Data>
    </EventData>
  </Event>
  <Event xmlns="http://schemas.microsoft.com/win/2004/08/events/event">
    <System>
      <Provider Name="Microsoft-Windows-RemoteDesktopServices-RdpCoreTS" Guid="{1139c61b-b549-4251-8ed3-27250a1edec8}" />
      <EventID>143</EventID>
      <Version>0</Version>
      <Level>3</Level>
      <Task>4</Task>
      <Opcode>15</Opcode>
      <Keywords>0x4000000000000000</Keywords>
      <TimeCreated SystemTime="2019-08-28T14:13:36.304805500Z" />
      <EventRecordID>1282</EventRecordID>
      <Correlation ActivityID="{f4209ff3-e7c7-46ad-bdcb-056ffe910000}" />
      <Execution ProcessID="396" ThreadID="4396" />
      <Channel>Microsoft-Windows-RemoteDesktopServices-RdpCoreTS/Operational</Channel>
      <Computer>MSEDGEWIN10</Computer>
      <Security UserID="S-1-5-20" />
    </System>
    <EventData>
      <Data Name="error">121</Data>
    </EventData>
  </Event>
  <Event xmlns="http://schemas.microsoft.com/win/2004/08/events/event">
    <System>
      <Provider Name="Microsoft-Windows-RemoteDesktopServices-RdpCoreTS" Guid="{1139c61b-b549-4251-8ed3-27250a1edec8}" />
      <EventID>143</EventID>
      <Version>0</Version>
      <Level>3</Level>
      <Task>4</Task>
      <Opcode>15</Opcode>
      <Keywords>0x4000000000000000</Keywords>
      <TimeCreated SystemTime="2019-08-28T14:13:36.304809900Z" />
      <EventRecordID>1283</EventRecordID>
      <Correlation ActivityID="{f4209ff3-e7c7-46ad-bdcb-056ffe910000}" />
      <Execution ProcessID="396" ThreadID="4396" />
      <Channel>Microsoft-Windows-RemoteDesktopServices-RdpCoreTS/Operational</Channel>
      <Computer>MSEDGEWIN10</Computer>
      <Security UserID="S-1-5-20" />
    </System>
    <EventData>
      <Data Name="error">121</Data>
    </EventData>
  </Event>
  <Event xmlns="http://schemas.microsoft.com/win/2004/08/events/event">
    <System>
      <Provider Name="Microsoft-Windows-RemoteDesktopServices-RdpCoreTS" Guid="{1139c61b-b549-4251-8ed3-27250a1edec8}" />
      <EventID>143</EventID>
      <Version>0</Version>
      <Level>3</Level>
      <Task>4</Task>
      <Opcode>15</Opcode>
      <Keywords>0x4000000000000000</Keywords>
      <TimeCreated SystemTime="2019-08-28T14:13:36.304816300Z" />
      <EventRecordID>1284</EventRecordID>
      <Correlation ActivityID="{f4209ff3-e7c7-46ad-bdcb-056ffe910000}" />
      <Execution ProcessID="396" ThreadID="4396" />
      <Channel>Microsoft-Windows-RemoteDesktopServices-RdpCoreTS/Operational</Channel>
      <Computer>MSEDGEWIN10</Computer>
      <Security UserID="S-1-5-20" />
    </System>
    <EventData>
      <Data Name="error">121</Data>
    </EventData>
  </Event>
  <Event xmlns="http://schemas.microsoft.com/win/2004/08/events/event">
    <System>
      <Provider Name="Microsoft-Windows-RemoteDesktopServices-RdpCoreTS" Guid="{1139c61b-b549-4251-8ed3-27250a1edec8}" />
      <EventID>143</EventID>
      <Version>0</Version>
      <Level>3</Level>
      <Task>4</Task>
      <Opcode>15</Opcode>
      <Keywords>0x4000000000000000</Keywords>
      <TimeCreated SystemTime="2019-08-28T14:13:36.304821700Z" />
      <EventRecordID>1285</EventRecordID>
      <Correlation ActivityID="{f4209ff3-e7c7-46ad-bdcb-056ffe910000}" />
      <Execution ProcessID="396" ThreadID="4396" />
      <Channel>Microsoft-Windows-RemoteDesktopServices-RdpCoreTS/Operational</Channel>
      <Computer>MSEDGEWIN10</Computer>
      <Security UserID="S-1-5-20" />
    </System>
    <EventData>
      <Data Name="error">121</Data>
    </EventData>
  </Event>
  <Event xmlns="http://schemas.microsoft.com/win/2004/08/events/event">
    <System>
      <Provider Name="Microsoft-Windows-RemoteDesktopServices-RdpCoreTS" Guid="{1139c61b-b549-4251-8ed3-27250a1edec8}" />
      <EventID>143</EventID>
      <Version>0</Version>
      <Level>3</Level>
      <Task>4</Task>
      <Opcode>15</Opcode>
      <Keywords>0x4000000000000000</Keywords>
      <TimeCreated SystemTime="2019-08-28T14:13:36.304826700Z" />
      <EventRecordID>1286</EventRecordID>
      <Correlation ActivityID="{f4209ff3-e7c7-46ad-bdcb-056ffe910000}" />
      <Execution ProcessID="396" ThreadID="4396" />
      <Channel>Microsoft-Windows-RemoteDesktopServices-RdpCoreTS/Operational</Channel>
      <Computer>MSEDGEWIN10</Computer>
      <Security UserID="S-1-5-20" />
    </System>
    <EventData>
      <Data Name="error">121</Data>
    </EventData>
  </Event>
  <Event xmlns="http://schemas.microsoft.com/win/2004/08/events/event">
    <System>
      <Provider Name="Microsoft-Windows-RemoteDesktopServices-RdpCoreTS" Guid="{1139c61b-b549-4251-8ed3-27250a1edec8}" />
      <EventID>143</EventID>
      <Version>0</Version>
      <Level>3</Level>
      <Task>4</Task>
      <Opcode>15</Opcode>
      <Keywords>0x4000000000000000</Keywords>
      <TimeCreated SystemTime="2019-08-28T14:13:36.304831600Z" />
      <EventRecordID>1287</EventRecordID>
      <Correlation ActivityID="{f4209ff3-e7c7-46ad-bdcb-056ffe910000}" />
      <Execution ProcessID="396" ThreadID="4396" />
      <Channel>Microsoft-Windows-RemoteDesktopServices-RdpCoreTS/Operational</Channel>
      <Computer>MSEDGEWIN10</Computer>
      <Security UserID="S-1-5-20" />
    </System>
    <EventData>
      <Data Name="error">121</Data>
    </EventData>
  </Event>
  <Event xmlns="http://schemas.microsoft.com/win/2004/08/events/event">
    <System>
      <Provider Name="Microsoft-Windows-RemoteDesktopServices-RdpCoreTS" Guid="{1139c61b-b549-4251-8ed3-27250a1edec8}" />
      <EventID>143</EventID>
      <Version>0</Version>
      <Level>3</Level>
      <Task>4</Task>
      <Opcode>15</Opcode>
      <Keywords>0x4000000000000000</Keywords>
      <TimeCreated SystemTime="2019-08-28T14:13:36.304836500Z" />
      <EventRecordID>1288</EventRecordID>
      <Correlation ActivityID="{f4209ff3-e7c7-46ad-bdcb-056ffe910000}" />
      <Execution ProcessID="396" ThreadID="4396" />
      <Channel>Microsoft-Windows-RemoteDesktopServices-RdpCoreTS/Operational</Channel>
      <Computer>MSEDGEWIN10</Computer>
      <Security UserID="S-1-5-20" />
    </System>
    <EventData>
      <Data Name="error">121</Data>
    </EventData>
  </Event>
  <Event xmlns="http://schemas.microsoft.com/win/2004/08/events/event">
    <System>
      <Provider Name="Microsoft-Windows-RemoteDesktopServices-RdpCoreTS" Guid="{1139c61b-b549-4251-8ed3-27250a1edec8}" />
      <EventID>143</EventID>
      <Version>0</Version>
      <Level>3</Level>
      <Task>4</Task>
      <Opcode>15</Opcode>
      <Keywords>0x4000000000000000</Keywords>
      <TimeCreated SystemTime="2019-08-28T14:13:36.304841400Z" />
      <EventRecordID>1289</EventRecordID>
      <Correlation ActivityID="{f4209ff3-e7c7-46ad-bdcb-056ffe910000}" />
      <Execution ProcessID="396" ThreadID="4396" />
      <Channel>Microsoft-Windows-RemoteDesktopServices-RdpCoreTS/Operational</Channel>
      <Computer>MSEDGEWIN10</Computer>
      <Security UserID="S-1-5-20" />
    </System>
    <EventData>
      <Data Name="error">121</Data>
    </EventData>
  </Event>
  <Event xmlns="http://schemas.microsoft.com/win/2004/08/events/event">
    <System>
      <Provider Name="Microsoft-Windows-RemoteDesktopServices-RdpCoreTS" Guid="{1139c61b-b549-4251-8ed3-27250a1edec8}" />
      <EventID>143</EventID>
      <Version>0</Version>
      <Level>3</Level>
      <Task>4</Task>
      <Opcode>15</Opcode>
      <Keywords>0x4000000000000000</Keywords>
      <TimeCreated SystemTime="2019-08-28T14:13:36.304846400Z" />
      <EventRecordID>1290</EventRecordID>
      <Correlation ActivityID="{f4209ff3-e7c7-46ad-bdcb-056ffe910000}" />
      <Execution ProcessID="396" ThreadID="4396" />
      <Channel>Microsoft-Windows-RemoteDesktopServices-RdpCoreTS/Operational</Channel>
      <Computer>MSEDGEWIN10</Computer>
      <Security UserID="S-1-5-20" />
    </System>
    <EventData>
      <Data Name="error">121</Data>
    </EventData>
  </Event>
  <Event xmlns="http://schemas.microsoft.com/win/2004/08/events/event">
    <System>
      <Provider Name="Microsoft-Windows-RemoteDesktopServices-RdpCoreTS" Guid="{1139c61b-b549-4251-8ed3-27250a1edec8}" />
      <EventID>143</EventID>
      <Version>0</Version>
      <Level>3</Level>
      <Task>4</Task>
      <Opcode>15</Opcode>
      <Keywords>0x4000000000000000</Keywords>
      <TimeCreated SystemTime="2019-08-28T14:13:36.304852600Z" />
      <EventRecordID>1291</EventRecordID>
      <Correlation ActivityID="{f4209ff3-e7c7-46ad-bdcb-056ffe910000}" />
      <Execution ProcessID="396" ThreadID="4396" />
      <Channel>Microsoft-Windows-RemoteDesktopServices-RdpCoreTS/Operational</Channel>
      <Computer>MSEDGEWIN10</Computer>
      <Security UserID="S-1-5-20" />
    </System>
    <EventData>
      <Data Name="error">121</Data>
    </EventData>
  </Event>
  <Event xmlns="http://schemas.microsoft.com/win/2004/08/events/event">
    <System>
      <Provider Name="Microsoft-Windows-RemoteDesktopServices-RdpCoreTS" Guid="{1139c61b-b549-4251-8ed3-27250a1edec8}" />
      <EventID>143</EventID>
      <Version>0</Version>
      <Level>3</Level>
      <Task>4</Task>
      <Opcode>15</Opcode>
      <Keywords>0x4000000000000000</Keywords>
      <TimeCreated SystemTime="2019-08-28T14:13:36.304857800Z" />
      <EventRecordID>1292</EventRecordID>
      <Correlation ActivityID="{f4209ff3-e7c7-46ad-bdcb-056ffe910000}" />
      <Execution ProcessID="396" ThreadID="4396" />
      <Channel>Microsoft-Windows-RemoteDesktopServices-RdpCoreTS/Operational</Channel>
      <Computer>MSEDGEWIN10</Computer>
      <Security UserID="S-1-5-20" />
    </System>
    <EventData>
      <Data Name="error">121</Data>
    </EventData>
  </Event>
  <Event xmlns="http://schemas.microsoft.com/win/2004/08/events/event">
    <System>
      <Provider Name="Microsoft-Windows-RemoteDesktopServices-RdpCoreTS" Guid="{1139c61b-b549-4251-8ed3-27250a1edec8}" />
      <EventID>143</EventID>
      <Version>0</Version>
      <Level>3</Level>
      <Task>4</Task>
      <Opcode>15</Opcode>
      <Keywords>0x4000000000000000</Keywords>
      <TimeCreated SystemTime="2019-08-28T14:13:36.304862600Z" />
      <EventRecordID>1293</EventRecordID>
      <Correlation ActivityID="{f4209ff3-e7c7-46ad-bdcb-056ffe910000}" />
      <Execution ProcessID="396" ThreadID="4396" />
      <Channel>Microsoft-Windows-RemoteDesktopServices-RdpCoreTS/Operational</Channel>
      <Computer>MSEDGEWIN10</Computer>
      <Security UserID="S-1-5-20" />
    </System>
    <EventData>
      <Data Name="error">121</Data>
    </EventData>
  </Event>
  <Event xmlns="http://schemas.microsoft.com/win/2004/08/events/event">
    <System>
      <Provider Name="Microsoft-Windows-RemoteDesktopServices-RdpCoreTS" Guid="{1139c61b-b549-4251-8ed3-27250a1edec8}" />
      <EventID>142</EventID>
      <Version>0</Version>
      <Level>3</Level>
      <Task>4</Task>
      <Opcode>15</Opcode>
      <Keywords>0x4000000000000000</Keywords>
      <TimeCreated SystemTime="2019-08-28T14:13:36.304871300Z" />
      <EventRecordID>1294</EventRecordID>
      <Correlation ActivityID="{f4209ff3-e7c7-46ad-bdcb-056ffe910000}" />
      <Execution ProcessID="396" ThreadID="4396" />
      <Channel>Microsoft-Windows-RemoteDesktopServices-RdpCoreTS/Operational</Channel>
      <Computer>MSEDGEWIN10</Computer>
      <Security UserID="S-1-5-20" />
    </System>
    <EventData>
      <Data Name="error">121</Data>
    </EventData>
  </Event>
  <Event xmlns="http://schemas.microsoft.com/win/2004/08/events/event">
    <System>
      <Provider Name="Microsoft-Windows-RemoteDesktopServices-RdpCoreTS" Guid="{1139c61b-b549-4251-8ed3-27250a1edec8}" />
      <EventID>143</EventID>
      <Version>0</Version>
      <Level>3</Level>
      <Task>4</Task>
      <Opcode>15</Opcode>
      <Keywords>0x4000000000000000</Keywords>
      <TimeCreated SystemTime="2019-08-28T14:13:36.305252400Z" />
      <EventRecordID>1295</EventRecordID>
      <Correlation ActivityID="{f4209ff3-e7c7-46ad-bdcb-056ffe910000}" />
      <Execution ProcessID="396" ThreadID="1560" />
      <Channel>Microsoft-Windows-RemoteDesktopServices-RdpCoreTS/Operational</Channel>
      <Computer>MSEDGEWIN10</Computer>
      <Security UserID="S-1-5-20" />
    </System>
    <EventData>
      <Data Name="error">121</Data>
    </EventData>
  </Event>
  <Event xmlns="http://schemas.microsoft.com/win/2004/08/events/event">
    <System>
      <Provider Name="Microsoft-Windows-RemoteDesktopServices-RdpCoreTS" Guid="{1139c61b-b549-4251-8ed3-27250a1edec8}" />
      <EventID>72</EventID>
      <Version>0</Version>
      <Level>4</Level>
      <Task>4</Task>
      <Opcode>13</Opcode>
      <Keywords>0x4000000000000000</Keywords>
      <TimeCreated SystemTime="2019-08-28T14:13:36.442549700Z" />
      <EventRecordID>1296</EventRecordID>
      <Correlation ActivityID="{f4209ff3-e7c7-46ad-bdcb-056ffe910000}" />
      <Execution ProcessID="396" ThreadID="1164" />
      <Channel>Microsoft-Windows-RemoteDesktopServices-RdpCoreTS/Operational</Channel>
      <Computer>MSEDGEWIN10</Computer>
      <Security UserID="S-1-5-20" />
    </System>
    <EventData>
      <Data Name="MethodName">OnDisconnected</Data>
    </EventData>
  </Event>
  <Event xmlns="http://schemas.microsoft.com/win/2004/08/events/event">
    <System>
      <Provider Name="Microsoft-Windows-RemoteDesktopServices-RdpCoreTS" Guid="{1139c61b-b549-4251-8ed3-27250a1edec8}" />
      <EventID>102</EventID>
      <Version>0</Version>
      <Level>4</Level>
      <Task>4</Task>
      <Opcode>17</Opcode>
      <Keywords>0x4000000000000000</Keywords>
      <TimeCreated SystemTime="2019-08-28T14:13:36.443130400Z" />
      <EventRecordID>1297</EventRecordID>
      <Correlation ActivityID="{f4209ff3-e7c7-46ad-bdcb-056ffe910000}" />
      <Execution ProcessID="396" ThreadID="1164" />
      <Channel>Microsoft-Windows-RemoteDesktopServices-RdpCoreTS/Operational</Channel>
      <Computer>MSEDGEWIN10</Computer>
      <Security UserID="S-1-5-20" />
    </System>
    <EventData>
    </EventData>
  </Event>
  <Event xmlns="http://schemas.microsoft.com/win/2004/08/events/event">
    <System>
      <Provider Name="Microsoft-Windows-RemoteDesktopServices-RdpCoreTS" Guid="{1139c61b-b549-4251-8ed3-27250a1edec8}" />
      <EventID>145</EventID>
      <Version>0</Version>
      <Level>4</Level>
      <Task>4</Task>
      <Opcode>19</Opcode>
      <Keywords>0x4000000000000000</Keywords>
      <TimeCreated SystemTime="2019-08-28T14:13:36.443134600Z" />
      <EventRecordID>1298</EventRecordID>
      <Correlation ActivityID="{f4209ff3-e7c7-46ad-bdcb-056ffe910000}" />
      <Execution ProcessID="396" ThreadID="1164" />
      <Channel>Microsoft-Windows-RemoteDesktopServices-RdpCoreTS/Operational</Channel>
      <Computer>MSEDGEWIN10</Computer>
      <Security UserID="S-1-5-20" />
    </System>
    <EventData>
      <Data Name="IdleSeconds">0</Data>
      <Data Name="IdleSeconds1">0</Data>
      <Data Name="IdleSeconds2">0</Data>
    </EventData>
  </Event>
  <Event xmlns="http://schemas.microsoft.com/win/2004/08/events/event">
    <System>
      <Provider Name="Microsoft-Windows-RemoteDesktopServices-RdpCoreTS" Guid="{1139c61b-b549-4251-8ed3-27250a1edec8}" />
      <EventID>148</EventID>
      <Version>0</Version>
      <Level>4</Level>
      <Task>4</Task>
      <Opcode>17</Opcode>
      <Keywords>0x4000000000000000</Keywords>
      <TimeCreated SystemTime="2019-08-28T14:13:36.443147200Z" />
      <EventRecordID>1299</EventRecordID>
      <Correlation ActivityID="{f4209ff3-e7c7-46ad-bdcb-056ffe910000}" />
      <Execution ProcessID="396" ThreadID="1164" />
      <Channel>Microsoft-Windows-RemoteDesktopServices-RdpCoreTS/Operational</Channel>
      <Computer>MSEDGEWIN10</Computer>
      <Security UserID="S-1-5-20" />
    </System>
    <EventData>
      <Data Name="ChannelName">rdpinpt</Data>
      <Data Name="TunnelID">0</Data>
    </EventData>
  </Event>
  <Event xmlns="http://schemas.microsoft.com/win/2004/08/events/event">
    <System>
      <Provider Name="Microsoft-Windows-RemoteDesktopServices-RdpCoreTS" Guid="{1139c61b-b549-4251-8ed3-27250a1edec8}" />
      <EventID>148</EventID>
      <Version>0</Version>
      <Level>4</Level>
      <Task>4</Task>
      <Opcode>17</Opcode>
      <Keywords>0x4000000000000000</Keywords>
      <TimeCreated SystemTime="2019-08-28T14:13:36.443155000Z" />
      <EventRecordID>1300</EventRecordID>
      <Correlation ActivityID="{f4209ff3-e7c7-46ad-bdcb-056ffe910000}" />
      <Execution ProcessID="396" ThreadID="1164" />
      <Channel>Microsoft-Windows-RemoteDesktopServices-RdpCoreTS/Operational</Channel>
      <Computer>MSEDGEWIN10</Computer>
      <Security UserID="S-1-5-20" />
    </System>
    <EventData>
      <Data Name="ChannelName">rdpcmd</Data>
      <Data Name="TunnelID">0</Data>
    </EventData>
  </Event>
  <Event xmlns="http://schemas.microsoft.com/win/2004/08/events/event">
    <System>
      <Provider Name="Microsoft-Windows-RemoteDesktopServices-RdpCoreTS" Guid="{1139c61b-b549-4251-8ed3-27250a1edec8}" />
      <EventID>148</EventID>
      <Version>0</Version>
      <Level>4</Level>
      <Task>4</Task>
      <Opcode>17</Opcode>
      <Keywords>0x4000000000000000</Keywords>
      <TimeCreated SystemTime="2019-08-28T14:13:36.443160500Z" />
      <EventRecordID>1301</EventRecordID>
      <Correlation ActivityID="{f4209ff3-e7c7-46ad-bdcb-056ffe910000}" />
      <Execution ProcessID="396" ThreadID="1164" />
      <Channel>Microsoft-Windows-RemoteDesktopServices-RdpCoreTS/Operational</Channel>
      <Computer>MSEDGEWIN10</Computer>
      <Security UserID="S-1-5-20" />
    </System>
    <EventData>
      <Data Name="ChannelName">rdplic</Data>
      <Data Name="TunnelID">0</Data>
    </EventData>
  </Event>
  <Event xmlns="http://schemas.microsoft.com/win/2004/08/events/event">
    <System>
      <Provider Name="Microsoft-Windows-RemoteDesktopServices-RdpCoreTS" Guid="{1139c61b-b549-4251-8ed3-27250a1edec8}" />
      <EventID>148</EventID>
      <Version>0</Version>
      <Level>4</Level>
      <Task>4</Task>
      <Opcode>17</Opcode>
      <Keywords>0x4000000000000000</Keywords>
      <TimeCreated SystemTime="2019-08-28T14:13:36.443240800Z" />
      <EventRecordID>1302</EventRecordID>
      <Correlation ActivityID="{f4209ff3-e7c7-46ad-bdcb-056ffe910000}" />
      <Execution ProcessID="396" ThreadID="1164" />
      <Channel>Microsoft-Windows-RemoteDesktopServices-RdpCoreTS/Operational</Channel>
      <Computer>MSEDGEWIN10</Computer>
      <Security UserID="S-1-5-20" />
    </System>
    <EventData>
      <Data Name="ChannelName">rdpgrfx</Data>
      <Data Name="TunnelID">0</Data>
    </EventData>
  </Event>
  <Event xmlns="http://schemas.microsoft.com/win/2004/08/events/event">
    <System>
      <Provider Name="Microsoft-Windows-RemoteDesktopServices-RdpCoreTS" Guid="{1139c61b-b549-4251-8ed3-27250a1edec8}" />
      <EventID>148</EventID>
      <Version>0</Version>
      <Level>4</Level>
      <Task>4</Task>
      <Opcode>17</Opcode>
      <Keywords>0x4000000000000000</Keywords>
      <TimeCreated SystemTime="2019-08-28T14:13:36.443244800Z" />
      <EventRecordID>1303</EventRecordID>
      <Correlation ActivityID="{f4209ff3-e7c7-46ad-bdcb-056ffe910000}" />
      <Execution ProcessID="396" ThreadID="1164" />
      <Channel>Microsoft-Windows-RemoteDesktopServices-RdpCoreTS/Operational</Channel>
      <Computer>MSEDGEWIN10</Computer>
      <Security UserID="S-1-5-20" />
    </System>
    <EventData>
      <Data Name="ChannelName">railenc</Data>
      <Data Name="TunnelID">0</Data>
    </EventData>
  </Event>
  <Event xmlns="http://schemas.microsoft.com/win/2004/08/events/event">
    <System>
      <Provider Name="Microsoft-Windows-RemoteDesktopServices-RdpCoreTS" Guid="{1139c61b-b549-4251-8ed3-27250a1edec8}" />
      <EventID>148</EventID>
      <Version>0</Version>
      <Level>4</Level>
      <Task>4</Task>
      <Opcode>17</Opcode>
      <Keywords>0x4000000000000000</Keywords>
      <TimeCreated SystemTime="2019-08-28T14:13:36.443593300Z" />
      <EventRecordID>1304</EventRecordID>
      <Correlation ActivityID="{f4209ff3-e7c7-46ad-bdcb-056ffe910000}" />
      <Execution ProcessID="396" ThreadID="1164" />
      <Channel>Microsoft-Windows-RemoteDesktopServices-RdpCoreTS/Operational</Channel>
      <Computer>MSEDGEWIN10</Computer>
      <Security UserID="S-1-5-20" />
    </System>
    <EventData>
      <Data Name="ChannelName">Microsoft::Windows::RDS::Geometry::v08.01</Data>
      <Data Name="TunnelID">1</Data>
    </EventData>
  </Event>
  <Event xmlns="http://schemas.microsoft.com/win/2004/08/events/event">
    <System>
      <Provider Name="Microsoft-Windows-RemoteDesktopServices-RdpCoreTS" Guid="{1139c61b-b549-4251-8ed3-27250a1edec8}" />
      <EventID>148</EventID>
      <Version>0</Version>
      <Level>4</Level>
      <Task>4</Task>
      <Opcode>17</Opcode>
      <Keywords>0x4000000000000000</Keywords>
      <TimeCreated SystemTime="2019-08-28T14:13:36.443617600Z" />
      <EventRecordID>1305</EventRecordID>
      <Correlation ActivityID="{f4209ff3-e7c7-46ad-bdcb-056ffe910000}" />
      <Execution ProcessID="396" ThreadID="1164" />
      <Channel>Microsoft-Windows-RemoteDesktopServices-RdpCoreTS/Operational</Channel>
      <Computer>MSEDGEWIN10</Computer>
      <Security UserID="S-1-5-20" />
    </System>
    <EventData>
      <Data Name="ChannelName">Microsoft::Windows::RDS::Frame_Buffer::Control::v08.01</Data>
      <Data Name="TunnelID">1</Data>
    </EventData>
  </Event>
  <Event xmlns="http://schemas.microsoft.com/win/2004/08/events/event">
    <System>
      <Provider Name="Microsoft-Windows-RemoteDesktopServices-RdpCoreTS" Guid="{1139c61b-b549-4251-8ed3-27250a1edec8}" />
      <EventID>148</EventID>
      <Version>0</Version>
      <Level>4</Level>
      <Task>4</Task>
      <Opcode>17</Opcode>
      <Keywords>0x4000000000000000</Keywords>
      <TimeCreated SystemTime="2019-08-28T14:13:36.443639100Z" />
      <EventRecordID>1306</EventRecordID>
      <Correlation ActivityID="{f4209ff3-e7c7-46ad-bdcb-056ffe910000}" />
      <Execution ProcessID="396" ThreadID="1164" />
      <Channel>Microsoft-Windows-RemoteDesktopServices-RdpCoreTS/Operational</Channel>
      <Computer>MSEDGEWIN10</Computer>
      <Security UserID="S-1-5-20" />
    </System>
    <EventData>
      <Data Name="ChannelName">Microsoft::Windows::RDS::Graphics</Data>
      <Data Name="TunnelID">1</Data>
    </EventData>
  </Event>
  <Event xmlns="http://schemas.microsoft.com/win/2004/08/events/event">
    <System>
      <Provider Name="Microsoft-Windows-RemoteDesktopServices-RdpCoreTS" Guid="{1139c61b-b549-4251-8ed3-27250a1edec8}" />
      <EventID>148</EventID>
      <Version>0</Version>
      <Level>4</Level>
      <Task>4</Task>
      <Opcode>17</Opcode>
      <Keywords>0x4000000000000000</Keywords>
      <TimeCreated SystemTime="2019-08-28T14:13:36.443643000Z" />
      <EventRecordID>1307</EventRecordID>
      <Correlation ActivityID="{f4209ff3-e7c7-46ad-bdcb-056ffe910000}" />
      <Execution ProcessID="396" ThreadID="1164" />
      <Channel>Microsoft-Windows-RemoteDesktopServices-RdpCoreTS/Operational</Channel>
      <Computer>MSEDGEWIN10</Computer>
      <Security UserID="S-1-5-20" />
    </System>
    <EventData>
      <Data Name="ChannelName">ECHO</Data>
      <Data Name="TunnelID">1</Data>
    </EventData>
  </Event>
  <Event xmlns="http://schemas.microsoft.com/win/2004/08/events/event">
    <System>
      <Provider Name="Microsoft-Windows-RemoteDesktopServices-RdpCoreTS" Guid="{1139c61b-b549-4251-8ed3-27250a1edec8}" />
      <EventID>148</EventID>
      <Version>0</Version>
      <Level>4</Level>
      <Task>4</Task>
      <Opcode>17</Opcode>
      <Keywords>0x4000000000000000</Keywords>
      <TimeCreated SystemTime="2019-08-28T14:13:36.443675200Z" />
      <EventRecordID>1308</EventRecordID>
      <Correlation ActivityID="{f4209ff3-e7c7-46ad-bdcb-056ffe910000}" />
      <Execution ProcessID="396" ThreadID="1164" />
      <Channel>Microsoft-Windows-RemoteDesktopServices-RdpCoreTS/Operational</Channel>
      <Computer>MSEDGEWIN10</Computer>
      <Security UserID="S-1-5-20" />
    </System>
    <EventData>
      <Data Name="ChannelName">Microsoft::Windows::RDS::Video::Control::v08.01</Data>
      <Data Name="TunnelID">1</Data>
    </EventData>
  </Event>
  <Event xmlns="http://schemas.microsoft.com/win/2004/08/events/event">
    <System>
      <Provider Name="Microsoft-Windows-RemoteDesktopServices-RdpCoreTS" Guid="{1139c61b-b549-4251-8ed3-27250a1edec8}" />
      <EventID>148</EventID>
      <Version>0</Version>
      <Level>4</Level>
      <Task>4</Task>
      <Opcode>17</Opcode>
      <Keywords>0x4000000000000000</Keywords>
      <TimeCreated SystemTime="2019-08-28T14:13:36.443684000Z" />
      <EventRecordID>1309</EventRecordID>
      <Correlation ActivityID="{f4209ff3-e7c7-46ad-bdcb-056ffe910000}" />
      <Execution ProcessID="396" ThreadID="1164" />
      <Channel>Microsoft-Windows-RemoteDesktopServices-RdpCoreTS/Operational</Channel>
      <Computer>MSEDGEWIN10</Computer>
      <Security UserID="S-1-5-20" />
    </System>
    <EventData>
      <Data Name="ChannelName">Microsoft::Windows::RDS::Video::Data::v08.01</Data>
      <Data Name="TunnelID">1</Data>
    </EventData>
  </Event>
  <Event xmlns="http://schemas.microsoft.com/win/2004/08/events/event">
    <System>
      <Provider Name="Microsoft-Windows-RemoteDesktopServices-RdpCoreTS" Guid="{1139c61b-b549-4251-8ed3-27250a1edec8}" />
      <EventID>148</EventID>
      <Version>0</Version>
      <Level>4</Level>
      <Task>4</Task>
      <Opcode>17</Opcode>
      <Keywords>0x4000000000000000</Keywords>
      <TimeCreated SystemTime="2019-08-28T14:13:36.443690200Z" />
      <EventRecordID>1310</EventRecordID>
      <Correlation ActivityID="{f4209ff3-e7c7-46ad-bdcb-056ffe910000}" />
      <Execution ProcessID="396" ThreadID="1164" />
      <Channel>Microsoft-Windows-RemoteDesktopServices-RdpCoreTS/Operational</Channel>
      <Computer>MSEDGEWIN10</Computer>
      <Security UserID="S-1-5-20" />
    </System>
    <EventData>
      <Data Name="ChannelName">Microsoft::Windows::RDS::Geometry::v08.01</Data>
      <Data Name="TunnelID">1</Data>
    </EventData>
  </Event>
  <Event xmlns="http://schemas.microsoft.com/win/2004/08/events/event">
    <System>
      <Provider Name="Microsoft-Windows-RemoteDesktopServices-RdpCoreTS" Guid="{1139c61b-b549-4251-8ed3-27250a1edec8}" />
      <EventID>228</EventID>
      <Version>0</Version>
      <Level>3</Level>
      <Task>4</Task>
      <Opcode>19</Opcode>
      <Keywords>0x4000000000000000</Keywords>
      <TimeCreated SystemTime="2019-08-28T14:13:36.444040000Z" />
      <EventRecordID>1311</EventRecordID>
      <Correlation ActivityID="{f4209ff3-e7c7-46ad-bdcb-056ffe910000}" />
      <Execution ProcessID="396" ThreadID="4396" />
      <Channel>Microsoft-Windows-RemoteDesktopServices-RdpCoreTS/Operational</Channel>
      <Computer>MSEDGEWIN10</Computer>
      <Security UserID="S-1-5-20" />
    </System>
    <EventData>
      <Data Name="ComponentName">CUMRDPConnection</Data>
      <Data Name="Message">Disconnect trace:'calling spGfxPlugin-&gt;PreDisconnect()' in CUMRDPConnection::PreDisconnect at 4595 err=[0xd0000001]</Data>
      <Data Name="ErrorCode">3489660929</Data>
    </EventData>
  </Event>
  <Event xmlns="http://schemas.microsoft.com/win/2004/08/events/event">
    <System>
      <Provider Name="Microsoft-Windows-RemoteDesktopServices-RdpCoreTS" Guid="{1139c61b-b549-4251-8ed3-27250a1edec8}" />
      <EventID>72</EventID>
      <Version>0</Version>
      <Level>4</Level>
      <Task>4</Task>
      <Opcode>13</Opcode>
      <Keywords>0x4000000000000000</Keywords>
      <TimeCreated SystemTime="2019-08-28T14:13:36.444051500Z" />
      <EventRecordID>1312</EventRecordID>
      <Correlation ActivityID="{f4209ff3-e7c7-46ad-bdcb-056ffe910000}" />
      <Execution ProcessID="396" ThreadID="4396" />
      <Channel>Microsoft-Windows-RemoteDesktopServices-RdpCoreTS/Operational</Channel>
      <Computer>MSEDGEWIN10</Computer>
      <Security UserID="S-1-5-20" />
    </System>
    <EventData>
      <Data Name="MethodName">PreDisconnect(-805306367)</Data>
    </EventData>
  </Event>
  <Event xmlns="http://schemas.microsoft.com/win/2004/08/events/event">
    <System>
      <Provider Name="Microsoft-Windows-RemoteDesktopServices-RdpCoreTS" Guid="{1139c61b-b549-4251-8ed3-27250a1edec8}" />
      <EventID>72</EventID>
      <Version>0</Version>
      <Level>4</Level>
      <Task>4</Task>
      <Opcode>13</Opcode>
      <Keywords>0x4000000000000000</Keywords>
      <TimeCreated SystemTime="2019-08-28T14:13:36.444066200Z" />
      <EventRecordID>1313</EventRecordID>
      <Correlation ActivityID="{f4209ff3-e7c7-46ad-bdcb-056ffe910000}" />
      <Execution ProcessID="396" ThreadID="4396" />
      <Channel>Microsoft-Windows-RemoteDesktopServices-RdpCoreTS/Operational</Channel>
      <Computer>MSEDGEWIN10</Computer>
      <Security UserID="S-1-5-20" />
    </System>
    <EventData>
      <Data Name="MethodName">SetErrorInfo(0xd0000001)</Data>
    </EventData>
  </Event>
  <Event xmlns="http://schemas.microsoft.com/win/2004/08/events/event">
    <System>
      <Provider Name="Microsoft-Windows-RemoteDesktopServices-RdpCoreTS" Guid="{1139c61b-b549-4251-8ed3-27250a1edec8}" />
      <EventID>148</EventID>
      <Version>0</Version>
      <Level>4</Level>
      <Task>4</Task>
      <Opcode>17</Opcode>
      <Keywords>0x4000000000000000</Keywords>
      <TimeCreated SystemTime="2019-08-28T14:13:36.444128400Z" />
      <EventRecordID>1314</EventRecordID>
      <Correlation ActivityID="{f4209ff3-e7c7-46ad-bdcb-056ffe910000}" />
      <Execution ProcessID="396" ThreadID="1164" />
      <Channel>Microsoft-Windows-RemoteDesktopServices-RdpCoreTS/Operational</Channel>
      <Computer>MSEDGEWIN10</Computer>
      <Security UserID="S-1-5-20" />
    </System>
    <EventData>
      <Data Name="ChannelName">rdpdr</Data>
      <Data Name="TunnelID">1</Data>
    </EventData>
  </Event>
  