<Event xmlns="http://schemas.microsoft.com/win/2004/08/events/event">
    <System>
      <Provider Name="Microsoft-Windows-RemoteDesktopServices-RdpCoreTS" Guid="{1139c61b-b549-4251-8ed3-27250a1edec8}" />
      <EventID>100</EventID>
      <Version>0</Version>
      <Level>4</Level>
      <Task>4</Task>
      <Opcode>15</Opcode>
      <Keywords>0x4000000000000000</Keywords>
      <TimeCreated SystemTime="2019-08-28T14:52:45.543821000Z" />
      <EventRecordID>1523</EventRecordID>
      <Correlation ActivityID="{f4203a82-a3ed-4a64-86f8-cd9a9fba0000}" />
      <Execution ProcessID="396" ThreadID="1180" />
      <Channel>Microsoft-Windows-RemoteDesktopServices-RdpCoreTS/Operational</Channel>
      <Computer>MSEDGEWIN10</Computer>
      <Security UserID="S-1-5-20" />
    </System>
    <EventData>
    </EventData>
  </Event>
  <Event xmlns="http://schemas.microsoft.com/win/2004/08/events/event">
    <System>
      <Provider Name="Microsoft-Windows-RemoteDesktopServices-RdpCoreTS" Guid="{1139c61b-b549-4251-8ed3-27250a1edec8}" />
      <EventID>101</EventID>
      <Version>0</Version>
      <Level>3</Level>
      <Task>4</Task>
      <Opcode>16</Opcode>
      <Keywords>0x4000000000000000</Keywords>
      <TimeCreated SystemTime="2019-08-28T14:52:45.543822600Z" />
      <EventRecordID>1524</EventRecordID>
      <Correlation ActivityID="{f4203a82-a3ed-4a64-86f8-cd9a9fba0000}" />
      <Execution ProcessID="396" ThreadID="1180" />
      <Channel>Microsoft-Windows-RemoteDesktopServices-RdpCoreTS/Operational</Channel>
      <Computer>MSEDGEWIN10</Computer>
      <Security UserID="S-1-5-20" />
    </System>
    <EventData>
      <Data Name="ReasonString">Reason Code: 1(Client not supported).</Data>
    </EventData>
  </Event>
  <Event xmlns="http://schemas.microsoft.com/win/2004/08/events/event">
    <System>
      <Provider Name="Microsoft-Windows-RemoteDesktopServices-RdpCoreTS" Guid="{1139c61b-b549-4251-8ed3-27250a1edec8}" />
      <EventID>135</EventID>
      <Version>0</Version>
      <Level>4</Level>
      <Task>4</Task>
      <Opcode>15</Opcode>
      <Keywords>0x4000000000000000</Keywords>
      <TimeCreated SystemTime="2019-08-28T14:52:45.543825400Z" />
      <EventRecordID>1525</EventRecordID>
      <Correlation ActivityID="{f4203a82-a3ed-4a64-86f8-cd9a9fba0000}" />
      <Execution ProcessID="396" ThreadID="1180" />
      <Channel>Microsoft-Windows-RemoteDesktopServices-RdpCoreTS/Operational</Channel>
      <Computer>MSEDGEWIN10</Computer>
      <Security UserID="S-1-5-20" />
    </System>
    <EventData>
      <Data Name="TunnelID">1</Data>
      <Data Name="TransportType">TCP: Reason Code: 1 (No Client UDP Support)</Data>
    </EventData>
  </Event>
  <Event xmlns="http://schemas.microsoft.com/win/2004/08/events/event">
    <System>
      <Provider Name="Microsoft-Windows-RemoteDesktopServices-RdpCoreTS" Guid="{1139c61b-b549-4251-8ed3-27250a1edec8}" />
      <EventID>135</EventID>
      <Version>0</Version>
      <Level>4</Level>
      <Task>4</Task>
      <Opcode>15</Opcode>
      <Keywords>0x4000000000000000</Keywords>
      <TimeCreated SystemTime="2019-08-28T14:52:45.543828800Z" />
      <EventRecordID>1526</EventRecordID>
      <Correlation ActivityID="{f4203a82-a3ed-4a64-86f8-cd9a9fba0000}" />
      <Execution ProcessID="396" ThreadID="1180" />
      <Channel>Microsoft-Windows-RemoteDesktopServices-RdpCoreTS/Operational</Channel>
      <Computer>MSEDGEWIN10</Computer>
      <Security UserID="S-1-5-20" />
    </System>
    <EventData>
      <Data Name="TunnelID">3</Data>
      <Data Name="TransportType">TCP: Reason Code: 2 (Forced by Server Configuration)</Data>
    </EventData>
  </Event>
  <Event xmlns="http://schemas.microsoft.com/win/2004/08/events/event">
    <System>
      <Provider Name="Microsoft-Windows-RemoteDesktopServices-RdpCoreTS" Guid="{1139c61b-b549-4251-8ed3-27250a1edec8}" />
      <EventID>72</EventID>
      <Version>0</Version>
      <Level>4</Level>
      <Task>4</Task>
      <Opcode>13</Opcode>
      <Keywords>0x4000000000000000</Keywords>
      <TimeCreated SystemTime="2019-08-28T14:52:45.544193000Z" />
      <EventRecordID>1527</EventRecordID>
      <Correlation ActivityID="{f4203a82-a3ed-4a64-86f8-cd9a9fba0000}" />
      <Execution ProcessID="396" ThreadID="6956" />
      <Channel>Microsoft-Windows-RemoteDesktopServices-RdpCoreTS/Operational</Channel>
      <Computer>MSEDGEWIN10</Computer>
      <Security UserID="S-1-5-20" />
    </System>
    <EventData>
      <Data Name="MethodName">AuthenticateClientToSession</Data>
    </EventData>
  </Event>
  <Event xmlns="http://schemas.microsoft.com/win/2004/08/events/event">
    <System>
      <Provider Name="Microsoft-Windows-RemoteDesktopServices-RdpCoreTS" Guid="{1139c61b-b549-4251-8ed3-27250a1edec8}" />
      <EventID>72</EventID>
      <Version>0</Version>
      <Level>4</Level>
      <Task>4</Task>
      <Opcode>13</Opcode>
      <Keywords>0x4000000000000000</Keywords>
      <TimeCreated SystemTime="2019-08-28T14:52:45.544211200Z" />
      <EventRecordID>1528</EventRecordID>
      <Correlation ActivityID="{f4203a82-a3ed-4a64-86f8-cd9a9fba0000}" />
      <Execution ProcessID="396" ThreadID="6956" />
      <Channel>Microsoft-Windows-RemoteDesktopServices-RdpCoreTS/Operational</Channel>
      <Computer>MSEDGEWIN10</Computer>
      <Security UserID="S-1-5-20" />
    </System>
    <EventData>
      <Data Name="MethodName">PreCreate</Data>
    </EventData>
  </Event>
  <Event xmlns="http://schemas.microsoft.com/win/2004/08/events/event">
    <System>
      <Provider Name="Microsoft-Windows-RemoteDesktopServices-RdpCoreTS" Guid="{1139c61b-b549-4251-8ed3-27250a1edec8}" />
      <EventID>66</EventID>
      <Version>0</Version>
      <Level>4</Level>
      <Task>4</Task>
      <Opcode>13</Opcode>
      <Keywords>0x4000000000000000</Keywords>
      <TimeCreated SystemTime="2019-08-28T14:52:45.590691000Z" />
      <EventRecordID>1529</EventRecordID>
      <Correlation ActivityID="{f4203a82-a3ed-4a64-86f8-cd9a9fba0000}" />
      <Execution ProcessID="396" ThreadID="3216" />
      <Channel>Microsoft-Windows-RemoteDesktopServices-RdpCoreTS/Operational</Channel>
      <Computer>MSEDGEWIN10</Computer>
      <Security UserID="S-1-5-20" />
    </System>
    <EventData>
      <Data Name="ConnectionName">RDP-Tcp#8</Data>
      <Data Name="SessionID">2</Data>
    </EventData>
  </Event>
  <Event xmlns="http://schemas.microsoft.com/win/2004/08/events/event">
    <System>
      <Provider Name="Microsoft-Windows-RemoteDesktopServices-RdpCoreTS" Guid="{1139c61b-b549-4251-8ed3-27250a1edec8}" />
      <EventID>33</EventID>
      <Version>0</Version>
      <Level>4</Level>
      <Task>4</Task>
      <Opcode>11</Opcode>
      <Keywords>0x4000000000000000</Keywords>
      <TimeCreated SystemTime="2019-08-28T14:52:45.595114700Z" />
      <EventRecordID>1530</EventRecordID>
      <Correlation ActivityID="{f4203a82-a3ed-4a64-86f8-cd9a9fba0000}" />
      <Execution ProcessID="396" ThreadID="3216" />
      <Channel>Microsoft-Windows-RemoteDesktopServices-RdpCoreTS/Operational</Channel>
      <Computer>MSEDGEWIN10</Computer>
      <Security UserID="S-1-5-20" />
    </System>
    <EventData>
    </EventData>
  </Event>
  <Event xmlns="http://schemas.microsoft.com/win/2004/08/events/event">
    <System>
      <Provider Name="Microsoft-Windows-RemoteDesktopServices-RdpCoreTS" Guid="{1139c61b-b549-4251-8ed3-27250a1edec8}" />
      <EventID>132</EventID>
      <Version>0</Version>
      <Level>4</Level>
      <Task>4</Task>
      <Opcode>15</Opcode>
      <Keywords>0x4000000000000000</Keywords>
      <TimeCreated SystemTime="2019-08-28T14:52:45.595204100Z" />
      <EventRecordID>1531</EventRecordID>
      <Correlation ActivityID="{f4203a82-a3ed-4a64-86f8-cd9a9fba0000}" />
      <Execution ProcessID="396" ThreadID="7244" />
      <Channel>Microsoft-Windows-RemoteDesktopServices-RdpCoreTS/Operational</Channel>
      <Computer>MSEDGEWIN10</Computer>
      <Security UserID="S-1-5-20" />
    </System>
    <EventData>
      <Data Name="ChannelName">rdpgrfx</Data>
      <Data Name="TunnelID">0</Data>
    </EventData>
  </Event>
  <Event xmlns="http://schemas.microsoft.com/win/2004/08/events/event">
    <System>
      <Provider Name="Microsoft-Windows-RemoteDesktopServices-RdpCoreTS" Guid="{1139c61b-b549-4251-8ed3-27250a1edec8}" />
      <EventID>132</EventID>
      <Version>0</Version>
      <Level>4</Level>
      <Task>4</Task>
      <Opcode>15</Opcode>
      <Keywords>0x4000000000000000</Keywords>
      <TimeCreated SystemTime="2019-08-28T14:52:47.597194800Z" />
      <EventRecordID>1532</EventRecordID>
      <Correlation ActivityID="{f4203a82-a3ed-4a64-86f8-cd9a9fba0000}" />
      <Execution ProcessID="396" ThreadID="7536" />
      <Channel>Microsoft-Windows-RemoteDesktopServices-RdpCoreTS/Operational</Channel>
      <Computer>MSEDGEWIN10</Computer>
      <Security UserID="S-1-5-20" />
    </System>
    <EventData>
      <Data Name="ChannelName">rdpinpt</Data>
      <Data Name="TunnelID">0</Data>
    </EventData>
  </Event>
  <Event xmlns="http://schemas.microsoft.com/win/2004/08/events/event">
    <System>
      <Provider Name="Microsoft-Windows-RemoteDesktopServices-RdpCoreTS" Guid="{1139c61b-b549-4251-8ed3-27250a1edec8}" />
      <EventID>132</EventID>
      <Version>0</Version>
      <Level>4</Level>
      <Task>4</Task>
      <Opcode>15</Opcode>
      <Keywords>0x4000000000000000</Keywords>
      <TimeCreated SystemTime="2019-08-28T14:52:47.597246000Z" />
      <EventRecordID>1533</EventRecordID>
      <Correlation ActivityID="{f4203a82-a3ed-4a64-86f8-cd9a9fba0000}" />
      <Execution ProcessID="396" ThreadID="7536" />
      <Channel>Microsoft-Windows-RemoteDesktopServices-RdpCoreTS/Operational</Channel>
      <Computer>MSEDGEWIN10</Computer>
      <Security UserID="S-1-5-20" />
    </System>
    <EventData>
      <Data Name="ChannelName">Microsoft::Windows::RDS::Telemetry</Data>
      <Data Name="TunnelID">0</Data>
    </EventData>
  </Event>
  <Event xmlns="http://schemas.microsoft.com/win/2004/08/events/event">
    <System>
      <Provider Name="Microsoft-Windows-RemoteDesktopServices-RdpCoreTS" Guid="{1139c61b-b549-4251-8ed3-27250a1edec8}" />
      <EventID>132</EventID>
      <Version>0</Version>
      <Level>4</Level>
      <Task>4</Task>
      <Opcode>15</Opcode>
      <Keywords>0x4000000000000000</Keywords>
      <TimeCreated SystemTime="2019-08-28T14:52:47.597278700Z" />
      <EventRecordID>1534</EventRecordID>
      <Correlation ActivityID="{f4203a82-a3ed-4a64-86f8-cd9a9fba0000}" />
      <Execution ProcessID="396" ThreadID="7536" />
      <Channel>Microsoft-Windows-RemoteDesktopServices-RdpCoreTS/Operational</Channel>
      <Computer>MSEDGEWIN10</Computer>
      <Security UserID="S-1-5-20" />
    </System>
    <EventData>
      <Data Name="ChannelName">ECHO</Data>
      <Data Name="TunnelID">0</Data>
    </EventData>
  </Event>
  <Event xmlns="http://schemas.microsoft.com/win/2004/08/events/event">
    <System>
      <Provider Name="Microsoft-Windows-RemoteDesktopServices-RdpCoreTS" Guid="{1139c61b-b549-4251-8ed3-27250a1edec8}" />
      <EventID>169</EventID>
      <Version>0</Version>
      <Level>4</Level>
      <Task>4</Task>
      <Opcode>19</Opcode>
      <Keywords>0x4000000000000000</Keywords>
      <TimeCreated SystemTime="2019-08-28T14:52:47.597358500Z" />
      <EventRecordID>1535</EventRecordID>
      <Correlation ActivityID="{f4203a82-a3ed-4a64-86f8-cd9a9fba0000}" />
      <Execution ProcessID="396" ThreadID="7536" />
      <Channel>Microsoft-Windows-RemoteDesktopServices-RdpCoreTS/Operational</Channel>
      <Computer>MSEDGEWIN10</Computer>
      <Security UserID="S-1-5-20" />
    </System>
    <EventData>
      <Data Name="MajorType">1</Data>
      <Data Name="MinorType">3</Data>
      <Data Name="ServerName">MSEDGEWIN10</Data>
    </EventData>
  </Event>
  <Event xmlns="http://schemas.microsoft.com/win/2004/08/events/event">
    <System>
      <Provider Name="Microsoft-Windows-RemoteDesktopServices-RdpCoreTS" Guid="{1139c61b-b549-4251-8ed3-27250a1edec8}" />
      <EventID>72</EventID>
      <Version>0</Version>
      <Level>4</Level>
      <Task>4</Task>
      <Opcode>13</Opcode>
      <Keywords>0x4000000000000000</Keywords>
      <TimeCreated SystemTime="2019-08-28T14:52:47.597403400Z" />
      <EventRecordID>1536</EventRecordID>
      <Correlation ActivityID="{f4203a82-a3ed-4a64-86f8-cd9a9fba0000}" />
      <Execution ProcessID="396" ThreadID="1164" />
      <Channel>Microsoft-Windows-RemoteDesktopServices-RdpCoreTS/Operational</Channel>
      <Computer>MSEDGEWIN10</Computer>
      <Security UserID="S-1-5-20" />
    </System>
    <EventData>
      <Data Name="MethodName">OnConnected</Data>
    </EventData>
  </Event>
  <Event xmlns="http://schemas.microsoft.com/win/2004/08/events/event">
    <System>
      <Provider Name="Microsoft-Windows-RemoteDesktopServices-RdpCoreTS" Guid="{1139c61b-b549-4251-8ed3-27250a1edec8}" />
      <EventID>72</EventID>
      <Version>0</Version>
      <Level>4</Level>
      <Task>4</Task>
      <Opcode>13</Opcode>
      <Keywords>0x4000000000000000</Keywords>
      <TimeCreated SystemTime="2019-08-28T14:52:47.597406300Z" />
      <EventRecordID>1537</EventRecordID>
      <Correlation ActivityID="{f4203a82-a3ed-4a64-86f8-cd9a9fba0000}" />
      <Execution ProcessID="396" ThreadID="1164" />
      <Channel>Microsoft-Windows-RemoteDesktopServices-RdpCoreTS/Operational</Channel>
      <Computer>MSEDGEWIN10</Computer>
      <Security UserID="S-1-5-20" />
    </System>
    <EventData>
      <Data Name="MethodName">OnReady</Data>
    </EventData>
  </Event>
  <Event xmlns="http://schemas.microsoft.com/win/2004/08/events/event">
    <System>
      <Provider Name="Microsoft-Windows-RemoteDesktopServices-RdpCoreTS" Guid="{1139c61b-b549-4251-8ed3-27250a1edec8}" />
      <EventID>163</EventID>
      <Version>0</Version>
      <Level>4</Level>
      <Task>4</Task>
      <Opcode>19</Opcode>
      <Keywords>0x4000000000000000</Keywords>
      <TimeCreated SystemTime="2019-08-28T14:52:47.597409800Z" />
      <EventRecordID>1538</EventRecordID>
      <Correlation ActivityID="{f4203a82-a3ed-4a64-86f8-cd9a9fba0000}" />
      <Execution ProcessID="396" ThreadID="7536" />
      <Channel>Microsoft-Windows-RemoteDesktopServices-RdpCoreTS/Operational</Channel>
      <Computer>MSEDGEWIN10</Computer>
      <Security UserID="S-1-5-20" />
    </System>
    <EventData>
      <Data Name="ServerName">MSEDGEWIN10</Data>
    </EventData>
  </Event>
  <Event xmlns="http://schemas.microsoft.com/win/2004/08/events/event">
    <System>
      <Provider Name="Microsoft-Windows-RemoteDesktopServices-RdpCoreTS" Guid="{1139c61b-b549-4251-8ed3-27250a1edec8}" />
      <EventID>132</EventID>
      <Version>0</Version>
      <Level>4</Level>
      <Task>4</Task>
      <Opcode>15</Opcode>
      <Keywords>0x4000000000000000</Keywords>
      <TimeCreated SystemTime="2019-08-28T14:52:47.597642100Z" />
      <EventRecordID>1539</EventRecordID>
      <Correlation ActivityID="{f4203a82-a3ed-4a64-86f8-cd9a9fba0000}" />
      <Execution ProcessID="396" ThreadID="7244" />
      <Channel>Microsoft-Windows-RemoteDesktopServices-RdpCoreTS/Operational</Channel>
      <Computer>MSEDGEWIN10</Computer>
      <Security UserID="S-1-5-20" />
    </System>
    <EventData>
      <Data Name="ChannelName">Microsoft::Windows::RDS::Video::Control::v08.01</Data>
      <Data Name="TunnelID">0</Data>
    </EventData>
  </Event>
  <Event xmlns="http://schemas.microsoft.com/win/2004/08/events/event">
    <System>
      <Provider Name="Microsoft-Windows-RemoteDesktopServices-RdpCoreTS" Guid="{1139c61b-b549-4251-8ed3-27250a1edec8}" />
      <EventID>132</EventID>
      <Version>0</Version>
      <Level>4</Level>
      <Task>4</Task>
      <Opcode>15</Opcode>
      <Keywords>0x4000000000000000</Keywords>
      <TimeCreated SystemTime="2019-08-28T14:52:47.597645300Z" />
      <EventRecordID>1540</EventRecordID>
      <Correlation ActivityID="{f4203a82-a3ed-4a64-86f8-cd9a9fba0000}" />
      <Execution ProcessID="396" ThreadID="7244" />
      <Channel>Microsoft-Windows-RemoteDesktopServices-RdpCoreTS/Operational</Channel>
      <Computer>MSEDGEWIN10</Computer>
      <Security UserID="S-1-5-20" />
    </System>
    <EventData>
      <Data Name="ChannelName">Microsoft::Windows::RDS::Video::Data::v08.01</Data>
      <Data Name="TunnelID">0</Data>
    </EventData>
  </Event>
  <Event xmlns="http://schemas.microsoft.com/win/2004/08/events/event">
    <System>
      <Provider Name="Microsoft-Windows-RemoteDesktopServices-RdpCoreTS" Guid="{1139c61b-b549-4251-8ed3-27250a1edec8}" />
      <EventID>132</EventID>
      <Version>0</Version>
      <Level>4</Level>
      <Task>4</Task>
      <Opcode>15</Opcode>
      <Keywords>0x4000000000000000</Keywords>
      <TimeCreated SystemTime="2019-08-28T14:52:47.597647500Z" />
      <EventRecordID>1541</EventRecordID>
      <Correlation ActivityID="{f4203a82-a3ed-4a64-86f8-cd9a9fba0000}" />
      <Execution ProcessID="396" ThreadID="7244" />
      <Channel>Microsoft-Windows-RemoteDesktopServices-RdpCoreTS/Operational</Channel>
      <Computer>MSEDGEWIN10</Computer>
      <Security UserID="S-1-5-20" />
    </System>
    <EventData>
      <Data Name="ChannelName">Microsoft::Windows::RDS::Geometry::v08.01</Data>
      <Data Name="TunnelID">0</Data>
    </EventData>
  </Event>
  <Event xmlns="http://schemas.microsoft.com/win/2004/08/events/event">
    <System>
      <Provider Name="Microsoft-Windows-RemoteDesktopServices-RdpCoreTS" Guid="{1139c61b-b549-4251-8ed3-27250a1edec8}" />
      <EventID>148</EventID>
      <Version>0</Version>
      <Level>4</Level>
      <Task>4</Task>
      <Opcode>17</Opcode>
      <Keywords>0x4000000000000000</Keywords>
      <TimeCreated SystemTime="2019-08-28T14:52:47.598395700Z" />
      <EventRecordID>1542</EventRecordID>
      <Correlation ActivityID="{f4203a82-a3ed-4a64-86f8-cd9a9fba0000}" />
      <Execution ProcessID="396" ThreadID="1164" />
      <Channel>Microsoft-Windows-RemoteDesktopServices-RdpCoreTS/Operational</Channel>
      <Computer>MSEDGEWIN10</Computer>
      <Security UserID="S-1-5-20" />
    </System>
    <EventData>
      <Data Name="ChannelName">Microsoft::Windows::RDS::Video::Data::v08.01</Data>
      <Data Name="TunnelID">0</Data>
    </EventData>
  </Event>
  <Event xmlns="http://schemas.microsoft.com/win/2004/08/events/event">
    <System>
      <Provider Name="Microsoft-Windows-RemoteDesktopServices-RdpCoreTS" Guid="{1139c61b-b549-4251-8ed3-27250a1edec8}" />
      <EventID>148</EventID>
      <Version>0</Version>
      <Level>4</Level>
      <Task>4</Task>
      <Opcode>17</Opcode>
      <Keywords>0x4000000000000000</Keywords>
      <TimeCreated SystemTime="2019-08-28T14:52:47.598410400Z" />
      <EventRecordID>1543</EventRecordID>
      <Correlation ActivityID="{f4203a82-a3ed-4a64-86f8-cd9a9fba0000}" />
      <Execution ProcessID="396" ThreadID="1164" />
      <Channel>Microsoft-Windows-RemoteDesktopServices-RdpCoreTS/Operational</Channel>
      <Computer>MSEDGEWIN10</Computer>
      <Security UserID="S-1-5-20" />
    </System>
    <EventData>
      <Data Name="ChannelName">Microsoft::Windows::RDS::Video::Control::v08.01</Data>
      <Data Name="TunnelID">0</Data>
    </EventData>
  </Event>
  <Event xmlns="http://schemas.microsoft.com/win/2004/08/events/event">
    <System>
      <Provider Name="Microsoft-Windows-RemoteDesktopServices-RdpCoreTS" Guid="{1139c61b-b549-4251-8ed3-27250a1edec8}" />
      <EventID>148</EventID>
      <Version>0</Version>
      <Level>4</Level>
      <Task>4</Task>
      <Opcode>17</Opcode>
      <Keywords>0x4000000000000000</Keywords>
      <TimeCreated SystemTime="2019-08-28T14:52:47.598417100Z" />
      <EventRecordID>1544</EventRecordID>
      <Correlation ActivityID="{f4203a82-a3ed-4a64-86f8-cd9a9fba0000}" />
      <Execution ProcessID="396" ThreadID="1164" />
      <Channel>Microsoft-Windows-RemoteDesktopServices-RdpCoreTS/Operational</Channel>
      <Computer>MSEDGEWIN10</Computer>
      <Security UserID="S-1-5-20" />
    </System>
    <EventData>
      <Data Name="ChannelName">Microsoft::Windows::RDS::Geometry::v08.01</Data>
      <Data Name="TunnelID">0</Data>
    </EventData>
  </Event>
  <Event xmlns="http://schemas.microsoft.com/win/2004/08/events/event">
    <System>
      <Provider Name="Microsoft-Windows-RemoteDesktopServices-RdpCoreTS" Guid="{1139c61b-b549-4251-8ed3-27250a1edec8}" />
      <EventID>72</EventID>
      <Version>0</Version>
      <Level>4</Level>
      <Task>4</Task>
      <Opcode>13</Opcode>
      <Keywords>0x4000000000000000</Keywords>
      <TimeCreated SystemTime="2019-08-28T14:52:47.631588600Z" />
      <EventRecordID>1545</EventRecordID>
      <Correlation ActivityID="{f4203a82-a3ed-4a64-86f8-cd9a9fba0000}" />
      <Execution ProcessID="396" ThreadID="3216" />
      <Channel>Microsoft-Windows-RemoteDesktopServices-RdpCoreTS/Operational</Channel>
      <Computer>MSEDGEWIN10</Computer>
      <Security UserID="S-1-5-20" />
    </System>
    <EventData>
      <Data Name="MethodName">ConnectNotify(SessionId=2)</Data>
    </EventData>
  </Event>
  <Event xmlns="http://schemas.microsoft.com/win/2004/08/events/event">
    <System>
      <Provider Name="Microsoft-Windows-RemoteDesktopServices-RdpCoreTS" Guid="{1139c61b-b549-4251-8ed3-27250a1edec8}" />
      <EventID>132</EventID>
      <Version>0</Version>
      <Level>4</Level>
      <Task>4</Task>
      <Opcode>15</Opcode>
      <Keywords>0x4000000000000000</Keywords>
      <TimeCreated SystemTime="2019-08-28T14:52:47.779628100Z" />
      <EventRecordID>1546</EventRecordID>
      <Correlation ActivityID="{f4203a82-a3ed-4a64-86f8-cd9a9fba0000}" />
      <Execution ProcessID="396" ThreadID="1472" />
      <Channel>Microsoft-Windows-RemoteDesktopServices-RdpCoreTS/Operational</Channel>
      <Computer>MSEDGEWIN10</Computer>
      <Security UserID="S-1-5-18" />
    </System>
    <EventData>
      <Data Name="ChannelName">rdpdr</Data>
      <Data Name="TunnelID">0</Data>
    </EventData>
  </Event>
  <Event xmlns="http://schemas.microsoft.com/win/2004/08/events/event">
    <System>
      <Provider Name="Microsoft-Windows-RemoteDesktopServices-RdpCoreTS" Guid="{1139c61b-b549-4251-8ed3-27250a1edec8}" />
      <EventID>148</EventID>
      <Version>0</Version>
      <Level>4</Level>
      <Task>4</Task>
      <Opcode>17</Opcode>
      <Keywords>0x4000000000000000</Keywords>
      <TimeCreated SystemTime="2019-08-28T14:52:47.779670800Z" />
      <EventRecordID>1547</EventRecordID>
      <Correlation ActivityID="{f4203a82-a3ed-4a64-86f8-cd9a9fba0000}" />
      <Execution ProcessID="396" ThreadID="1164" />
      <Channel>Microsoft-Windows-RemoteDesktopServices-RdpCoreTS/Operational</Channel>
      <Computer>MSEDGEWIN10</Computer>
      <Security UserID="S-1-5-20" />
    </System>
    <EventData>
      <Data Name="ChannelName">rdpdr</Data>
      <Data Name="TunnelID">0</Data>
    </EventData>
  </Event>
  <Event xmlns="http://schemas.microsoft.com/win/2004/08/events/event">
    <System>
      <Provider Name="Microsoft-Windows-RemoteDesktopServices-RdpCoreTS" Guid="{1139c61b-b549-4251-8ed3-27250a1edec8}" />
      <EventID>227</EventID>
      <Version>0</Version>
      <Level>2</Level>
      <Task>4</Task>
      <Opcode>19</Opcode>
      <Keywords>0x4000000000000000</Keywords>
      <TimeCreated SystemTime="2019-08-28T14:52:47.779741700Z" />
      <EventRecordID>1548</EventRecordID>
      <Correlation ActivityID="{f4203a82-a3ed-4a64-86f8-cd9a9fba0000}" />
      <Execution ProcessID="396" ThreadID="1472" />
      <Channel>Microsoft-Windows-RemoteDesktopServices-RdpCoreTS/Operational</Channel>
      <Computer>MSEDGEWIN10</Computer>
      <Security UserID="S-1-5-18" />
    </System>
    <EventData>
      <Data Name="Name">CUMRDPConnection</Data>
      <Data Name="Value">2147942450</Data>
      <Data Name="CustomLevel">'Failed CreateVirtualChannel call on this Connections Stack' in CUMRDPConnection::CreateVirtualChannel at 2498 err=[0x80070032]</Data>
    </EventData>
  </Event>
  <Event xmlns="http://schemas.microsoft.com/win/2004/08/events/event">
    <System>
      <Provider Name="Microsoft-Windows-RemoteDesktopServices-RdpCoreTS" Guid="{1139c61b-b549-4251-8ed3-27250a1edec8}" />
      <EventID>132</EventID>
      <Version>0</Version>
      <Level>4</Level>
      <Task>4</Task>
      <Opcode>15</Opcode>
      <Keywords>0x4000000000000000</Keywords>
      <TimeCreated SystemTime="2019-08-28T14:52:47.784681900Z" />
      <EventRecordID>1549</EventRecordID>
      <Correlation ActivityID="{f4203a82-a3ed-4a64-86f8-cd9a9fba0000}" />
      <Execution ProcessID="396" ThreadID="3216" />
      <Channel>Microsoft-Windows-RemoteDesktopServices-RdpCoreTS/Operational</Channel>
      <Computer>MSEDGEWIN10</Computer>
      <Security UserID="S-1-5-20" />
    </System>
    <EventData>
      <Data Name="ChannelName">RDCamera_Device_Enumerator</Data>
      <Data Name="TunnelID">0</Data>
    </EventData>
  </Event>
  <Event xmlns="http://schemas.microsoft.com/win/2004/08/events/event">
    <System>
      <Provider Name="Microsoft-Windows-RemoteDesktopServices-RdpCoreTS" Guid="{1139c61b-b549-4251-8ed3-27250a1edec8}" />
      <EventID>148</EventID>
      <Version>0</Version>
      <Level>4</Level>
      <Task>4</Task>
      <Opcode>17</Opcode>
      <Keywords>0x4000000000000000</Keywords>
      <TimeCreated SystemTime="2019-08-28T14:52:47.784769300Z" />
      <EventRecordID>1550</EventRecordID>
      <Correlation ActivityID="{f4203a82-a3ed-4a64-86f8-cd9a9fba0000}" />
      <Execution ProcessID="396" ThreadID="1164" />
      <Channel>Microsoft-Windows-RemoteDesktopServices-RdpCoreTS/Operational</Channel>
      <Computer>MSEDGEWIN10</Computer>
      <Security UserID="S-1-5-20" />
    </System>
    <EventData>
      <Data Name="ChannelName">RDCamera_Device_Enumerator</Data>
      <Data Name="TunnelID">0</Data>
    </EventData>
  </Event>
  <Event xmlns="http://schemas.microsoft.com/win/2004/08/events/event">
    <System>
      <Provider Name="Microsoft-Windows-RemoteDesktopServices-RdpCoreTS" Guid="{1139c61b-b549-4251-8ed3-27250a1edec8}" />
      <EventID>227</EventID>
      <Version>0</Version>
      <Level>2</Level>
      <Task>4</Task>
      <Opcode>19</Opcode>
      <Keywords>0x4000000000000000</Keywords>
      <TimeCreated SystemTime="2019-08-28T14:52:47.784895500Z" />
      <EventRecordID>1551</EventRecordID>
      <Correlation ActivityID="{f4203a82-a3ed-4a64-86f8-cd9a9fba0000}" />
      <Execution ProcessID="396" ThreadID="3216" />
      <Channel>Microsoft-Windows-RemoteDesktopServices-RdpCoreTS/Operational</Channel>
      <Computer>MSEDGEWIN10</Computer>
      <Security UserID="S-1-5-20" />
    </System>
    <EventData>
      <Data Name="Name">CUMRDPConnection</Data>
      <Data Name="Value">2147942450</Data>
      <Data Name="CustomLevel">'Failed CreateVirtualChannel call on this Connections Stack' in CUMRDPConnection::CreateVirtualChannel at 2498 err=[0x80070032]</Data>
    </EventData>
  </Event>
  <Event xmlns="http://schemas.microsoft.com/win/2004/08/events/event">
    <System>
      <Provider Name="Microsoft-Windows-RemoteDesktopServices-RdpCoreTS" Guid="{1139c61b-b549-4251-8ed3-27250a1edec8}" />
      <EventID>227</EventID>
      <Version>0</Version>
      <Level>2</Level>
      <Task>4</Task>
      <Opcode>19</Opcode>
      <Keywords>0x4000000000000000</Keywords>
      <TimeCreated SystemTime="2019-08-28T14:52:47.824138200Z" />
      <EventRecordID>1552</EventRecordID>
      <Correlation ActivityID="{f46285ac-3c3b-45d7-8c31-3b6b6aad0000}" />
      <Execution ProcessID="396" ThreadID="5452" />
      <Channel>Microsoft-Windows-RemoteDesktopServices-RdpCoreTS/Operational</Channel>
      <Computer>MSEDGEWIN10</Computer>
      <Security UserID="S-1-5-20" />
    </System>
    <EventData>
      <Data Name="Name">CUMRDPConnection</Data>
      <Data Name="Value">2147500033</Data>
      <Data Name="CustomLevel">'Failed GetConnectionProperty' in CUMRDPConnection::QueryProperty at 2884 err=[0x80004001]</Data>
    </EventData>
  </Event>
  <Event xmlns="http://schemas.microsoft.com/win/2004/08/events/event">
    <System>
      <Provider Name="Microsoft-Windows-RemoteDesktopServices-RdpCoreTS" Guid="{1139c61b-b549-4251-8ed3-27250a1edec8}" />
      <EventID>227</EventID>
      <Version>0</Version>
      <Level>2</Level>
      <Task>4</Task>
      <Opcode>19</Opcode>
      <Keywords>0x4000000000000000</Keywords>
      <TimeCreated SystemTime="2019-08-28T14:52:47.874179000Z" />
      <EventRecordID>1553</EventRecordID>
      <Correlation ActivityID="{f4203a82-a3ed-4a64-86f8-cd9a9fba0000}" />
      <Execution ProcessID="396" ThreadID="6992" />
      <Channel>Microsoft-Windows-RemoteDesktopServices-RdpCoreTS/Operational</Channel>
      <Computer>MSEDGEWIN10</Computer>
      <Security UserID="S-1-5-20" />
    </System>
    <EventData>
      <Data Name="Name">CUMRDPConnection</Data>
      <Data Name="Value">2147500033</Data>
      <Data Name="CustomLevel">'Connection doesn't support logon error redirector' in CUMRDPConnection::GetLogonErrorRedirector at 4179 err=[0x80004001]</Data>
    </EventData>
  </Event>
  <Event xmlns="http://schemas.microsoft.com/win/2004/08/events/event">
    <System>
      <Provider Name="Microsoft-Windows-RemoteDesktopServices-RdpCoreTS" Guid="{1139c61b-b549-4251-8ed3-27250a1edec8}" />
      <EventID>258</EventID>
      <Version>0</Version>
      <Level>4</Level>
      <Task>4</Task>
      <Opcode>21</Opcode>
      <Keywords>0x4000000000000000</Keywords>
      <TimeCreated SystemTime="2019-08-28T14:52:47.908010700Z" />
      <EventRecordID>1554</EventRecordID>
      <Correlation ActivityID="{f4203a82-a3ed-4a64-86f8-cd9a9fba0000}" />
      <Execution ProcessID="396" ThreadID="6992" />
      <Channel>Microsoft-Windows-RemoteDesktopServices-RdpCoreTS/Operational</Channel>
      <Computer>MSEDGEWIN10</Computer>
      <Security UserID="S-1-5-20" />
    </System>
    <EventData>
    </EventData>
  </Event>
  <Event xmlns="http://schemas.microsoft.com/win/2004/08/events/event">
    <System>
      <Provider Name="Microsoft-Windows-RemoteDesktopServices-RdpCoreTS" Guid="{1139c61b-b549-4251-8ed3-27250a1edec8}" />
      <EventID>142</EventID>
      <Version>0</Version>
      <Level>3</Level>
      <Task>4</Task>
      <Opcode>15</Opcode>
      <Keywords>0x4000000000000000</Keywords>
      <TimeCreated SystemTime="2019-08-28T14:52:54.918890700Z" />
      <EventRecordID>1555</EventRecordID>
      <Correlation ActivityID="{f4203a82-a3ed-4a64-86f8-cd9a9fba0000}" />
      <Execution ProcessID="396" ThreadID="6992" />
      <Channel>Microsoft-Windows-RemoteDesktopServices-RdpCoreTS/Operational</Channel>
      <Computer>MSEDGEWIN10</Computer>
      <Security UserID="S-1-5-20" />
    </System>
    <EventData>
      <Data Name="error">64</Data>
    </EventData>
  </Event>
  <Event xmlns="http://schemas.microsoft.com/win/2004/08/events/event">
    <System>
      <Provider Name="Microsoft-Windows-RemoteDesktopServices-RdpCoreTS" Guid="{1139c61b-b549-4251-8ed3-27250a1edec8}" />
      <EventID>226</EventID>
      <Version>0</Version>
      <Level>3</Level>
      <Task>4</Task>
      <Opcode>19</Opcode>
      <Keywords>0x4000000000000000</Keywords>
      <TimeCreated SystemTime="2019-08-28T14:52:54.919010300Z" />
      <EventRecordID>1556</EventRecordID>
      <Correlation ActivityID="{f4203a82-a3ed-4a64-86f8-cd9a9fba0000}" />
      <Execution ProcessID="396" ThreadID="6992" />
      <Channel>Microsoft-Windows-RemoteDesktopServices-RdpCoreTS/Operational</Channel>
      <Computer>MSEDGEWIN10</Computer>
      <Security UserID="S-1-5-20" />
    </System>
    <EventData>
      <Data Name="StateTransition">RDP_TCP</Data>
      <Data Name="PreviousState">23</Data>
      <Data Name="PreviousStateName">StateUnknown</Data>
      <Data Name="NewState">21</Data>
      <Data Name="NewStateName">StateDisconnected</Data>
      <Data Name="Event">43</Data>
      <Data Name="EventName">Event_Disconnect</Data>
      <Data Name="ErrorCode">0x80070040</Data>
    </EventData>
  </Event>
  <Event xmlns="http://schemas.microsoft.com/win/2004/08/events/event">
    <System>
      <Provider Name="Microsoft-Windows-RemoteDesktopServices-RdpCoreTS" Guid="{1139c61b-b549-4251-8ed3-27250a1edec8}" />
      <EventID>72</EventID>
      <Version>0</Version>
      <Level>4</Level>
      <Task>4</Task>
      <Opcode>13</Opcode>
      <Keywords>0x4000000000000000</Keywords>
      <TimeCreated SystemTime="2019-08-28T14:52:55.046903500Z" />
      <EventRecordID>1557</EventRecordID>
      <Correlation ActivityID="{f4203a82-a3ed-4a64-86f8-cd9a9fba0000}" />
      <Execution ProcessID="396" ThreadID="1164" />
      <Channel>Microsoft-Windows-RemoteDesktopServices-RdpCoreTS/Operational</Channel>
      <Computer>MSEDGEWIN10</Computer>
      <Security UserID="S-1-5-20" />
    </System>
    <EventData>
      <Data Name="MethodName">OnDisconnected</Data>
    </EventData>
  </Event>
  <Event xmlns="http://schemas.microsoft.com/win/2004/08/events/event">
    <System>
      <Provider Name="Microsoft-Windows-RemoteDesktopServices-RdpCoreTS" Guid="{1139c61b-b549-4251-8ed3-27250a1edec8}" />
      <EventID>102</EventID>
      <Version>0</Version>
      <Level>4</Level>
      <Task>4</Task>
      <Opcode>17</Opcode>
      <Keywords>0x4000000000000000</Keywords>
      <TimeCreated SystemTime="2019-08-28T14:52:55.048157400Z" />
      <EventRecordID>1558</EventRecordID>
      <Correlation ActivityID="{f4203a82-a3ed-4a64-86f8-cd9a9fba0000}" />
      <Execution ProcessID="396" ThreadID="1164" />
      <Channel>Microsoft-Windows-RemoteDesktopServices-RdpCoreTS/Operational</Channel>
      <Computer>MSEDGEWIN10</Computer>
      <Security UserID="S-1-5-20" />
    </System>
    <EventData>
    </EventData>
  </Event>
  <Event xmlns="http://schemas.microsoft.com/win/2004/08/events/event">
    <System>
      <Provider Name="Microsoft-Windows-RemoteDesktopServices-RdpCoreTS" Guid="{1139c61b-b549-4251-8ed3-27250a1edec8}" />
      <EventID>145</EventID>
      <Version>0</Version>
      <Level>4</Level>
      <Task>4</Task>
      <Opcode>19</Opcode>
      <Keywords>0x4000000000000000</Keywords>
      <TimeCreated SystemTime="2019-08-28T14:52:55.048166400Z" />
      <EventRecordID>1559</EventRecordID>
      <Correlation ActivityID="{f4203a82-a3ed-4a64-86f8-cd9a9fba0000}" />
      <Execution ProcessID="396" ThreadID="1164" />
      <Channel>Microsoft-Windows-RemoteDesktopServices-RdpCoreTS/Operational</Channel>
      <Computer>MSEDGEWIN10</Computer>
      <Security UserID="S-1-5-20" />
    </System>
    <EventData>
      <Data Name="IdleSeconds">0</Data>
      <Data Name="IdleSeconds1">0</Data>
      <Data Name="IdleSeconds2">0</Data>
    </EventData>
  </Event>
  <Event xmlns="http://schemas.microsoft.com/win/2004/08/events/event">
    <System>
      <Provider Name="Microsoft-Windows-RemoteDesktopServices-RdpCoreTS" Guid="{1139c61b-b549-4251-8ed3-27250a1edec8}" />
      <EventID>148</EventID>
      <Version>0</Version>
      <Level>4</Level>
      <Task>4</Task>
      <Opcode>17</Opcode>
      <Keywords>0x4000000000000000</Keywords>
      <TimeCreated SystemTime="2019-08-28T14:52:55.048186300Z" />
      <EventRecordID>1560</EventRecordID>
      <Correlation ActivityID="{f4203a82-a3ed-4a64-86f8-cd9a9fba0000}" />
      <Execution ProcessID="396" ThreadID="1164" />
      <Channel>Microsoft-Windows-RemoteDesktopServices-RdpCoreTS/Operational</Channel>
      <Computer>MSEDGEWIN10</Computer>
      <Security UserID="S-1-5-20" />
    </System>
    <EventData>
      <Data Name="ChannelName">rdpinpt</Data>
      <Data Name="TunnelID">0</Data>
    </EventData>
  </Event>
  <Event xmlns="http://schemas.microsoft.com/win/2004/08/events/event">
    <System>
      <Provider Name="Microsoft-Windows-RemoteDesktopServices-RdpCoreTS" Guid="{1139c61b-b549-4251-8ed3-27250a1edec8}" />
      <EventID>148</EventID>
      <Version>0</Version>
      <Level>4</Level>
      <Task>4</Task>
      <Opcode>17</Opcode>
      <Keywords>0x4000000000000000</Keywords>
      <TimeCreated SystemTime="2019-08-28T14:52:55.048201200Z" />
      <EventRecordID>1561</EventRecordID>
      <Correlation ActivityID="{f4203a82-a3ed-4a64-86f8-cd9a9fba0000}" />
      <Execution ProcessID="396" ThreadID="1164" />
      <Channel>Microsoft-Windows-RemoteDesktopServices-RdpCoreTS/Operational</Channel>
      <Computer>MSEDGEWIN10</Computer>
      <Security UserID="S-1-5-20" />
    </System>
    <EventData>
      <Data Name="ChannelName">rdpcmd</Data>
      <Data Name="TunnelID">0</Data>
    </EventData>
  </Event>
  <Event xmlns="http://schemas.microsoft.com/win/2004/08/events/event">
    <System>
      <Provider Name="Microsoft-Windows-RemoteDesktopServices-RdpCoreTS" Guid="{1139c61b-b549-4251-8ed3-27250a1edec8}" />
      <EventID>148</EventID>
      <Version>0</Version>
      <Level>4</Level>
      <Task>4</Task>
      <Opcode>17</Opcode>
      <Keywords>0x4000000000000000</Keywords>
      <TimeCreated SystemTime="2019-08-28T14:52:55.048213000Z" />
      <EventRecordID>1562</EventRecordID>
      <Correlation ActivityID="{f4203a82-a3ed-4a64-86f8-cd9a9fba0000}" />
      <Execution ProcessID="396" ThreadID="1164" />
      <Channel>Microsoft-Windows-RemoteDesktopServices-RdpCoreTS/Operational</Channel>
      <Computer>MSEDGEWIN10</Computer>
      <Security UserID="S-1-5-20" />
    </System>
    <EventData>
      <Data Name="ChannelName">rdplic</Data>
      <Data Name="TunnelID">0</Data>
    </EventData>
  </Event>
  <Event xmlns="http://schemas.microsoft.com/win/2004/08/events/event">
    <System>
      <Provider Name="Microsoft-Windows-RemoteDesktopServices-RdpCoreTS" Guid="{1139c61b-b549-4251-8ed3-27250a1edec8}" />
      <EventID>148</EventID>
      <Version>0</Version>
      <Level>4</Level>
      <Task>4</Task>
      <Opcode>17</Opcode>
      <Keywords>0x4000000000000000</Keywords>
      <TimeCreated SystemTime="2019-08-28T14:52:55.048264300Z" />
      <EventRecordID>1563</EventRecordID>
      <Correlation ActivityID="{f4203a82-a3ed-4a64-86f8-cd9a9fba0000}" />
      <Execution ProcessID="396" ThreadID="1164" />
      <Channel>Microsoft-Windows-RemoteDesktopServices-RdpCoreTS/Operational</Channel>
      <Computer>MSEDGEWIN10</Computer>
      <Security UserID="S-1-5-20" />
    </System>
    <EventData>
      <Data Name="ChannelName">rdpgrfx</Data>
      <Data Name="TunnelID">0</Data>
    </EventData>
  </Event>
  <Event xmlns="http://schemas.microsoft.com/win/2004/08/events/event">
    <System>
      <Provider Name="Microsoft-Windows-RemoteDesktopServices-RdpCoreTS" Guid="{1139c61b-b549-4251-8ed3-27250a1edec8}" />
      <EventID>148</EventID>
      <Version>0</Version>
      <Level>4</Level>
      <Task>4</Task>
      <Opcode>17</Opcode>
      <Keywords>0x4000000000000000</Keywords>
      <TimeCreated SystemTime="2019-08-28T14:52:55.048271500Z" />
      <EventRecordID>1564</EventRecordID>
      <Correlation ActivityID="{f4203a82-a3ed-4a64-86f8-cd9a9fba0000}" />
      <Execution ProcessID="396" ThreadID="1164" />
      <Channel>Microsoft-Windows-RemoteDesktopServices-RdpCoreTS/Operational</Channel>
      <Computer>MSEDGEWIN10</Computer>
      <Security UserID="S-1-5-20" />
    </System>
    <EventData>
      <Data Name="ChannelName">railenc</Data>
      <Data Name="TunnelID">0</Data>
    </EventData>
  </Event>
  <Event xmlns="http://schemas.microsoft.com/win/2004/08/events/event">
    <System>
      <Provider Name="Microsoft-Windows-RemoteDesktopServices-RdpCoreTS" Guid="{1139c61b-b549-4251-8ed3-27250a1edec8}" />
      <EventID>148</EventID>
      <Version>0</Version>
      <Level>4</Level>
      <Task>4</Task>
      <Opcode>17</Opcode>
      <Keywords>0x4000000000000000</Keywords>
      <TimeCreated SystemTime="2019-08-28T14:52:55.048299100Z" />
      <EventRecordID>1565</EventRecordID>
      <Correlation ActivityID="{f4203a82-a3ed-4a64-86f8-cd9a9fba0000}" />
      <Execution ProcessID="396" ThreadID="1164" />
      <Channel>Microsoft-Windows-RemoteDesktopServices-RdpCoreTS/Operational</Channel>
      <Computer>MSEDGEWIN10</Computer>
      <Security UserID="S-1-5-20" />
    </System>
    <EventData>
      <Data Name="ChannelName">Microsoft::Windows::RDS::Telemetry</Data>
      <Data Name="TunnelID">0</Data>
    </EventData>
  </Event>
  <Event xmlns="http://schemas.microsoft.com/win/2004/08/events/event">
    <System>
      <Provider Name="Microsoft-Windows-RemoteDesktopServices-RdpCoreTS" Guid="{1139c61b-b549-4251-8ed3-27250a1edec8}" />
      <EventID>148</EventID>
      <Version>0</Version>
      <Level>4</Level>
      <Task>4</Task>
      <Opcode>17</Opcode>
      <Keywords>0x4000000000000000</Keywords>
      <TimeCreated SystemTime="2019-08-28T14:52:55.048307300Z" />
      <EventRecordID>1566</EventRecordID>
      <Correlation ActivityID="{f4203a82-a3ed-4a64-86f8-cd9a9fba0000}" />
      <Execution ProcessID="396" ThreadID="1164" />
      <Channel>Microsoft-Windows-RemoteDesktopServices-RdpCoreTS/Operational</Channel>
      <Computer>MSEDGEWIN10</Computer>
      <Security UserID="S-1-5-20" />
    </System>
    <EventData>
      <Data Name="ChannelName">Microsoft::Windows::RDS::Frame_Buffer::Control::v08.01</Data>
      <Data Name="TunnelID">0</Data>
    </EventData>
  </Event>
  <Event xmlns="http://schemas.microsoft.com/win/2004/08/events/event">
    <System>
      <Provider Name="Microsoft-Windows-RemoteDesktopServices-RdpCoreTS" Guid="{1139c61b-b549-4251-8ed3-27250a1edec8}" />
      <EventID>148</EventID>
      <Version>0</Version>
      <Level>4</Level>
      <Task>4</Task>
      <Opcode>17</Opcode>
      <Keywords>0x4000000000000000</Keywords>
      <TimeCreated SystemTime="2019-08-28T14:52:55.048314700Z" />
      <EventRecordID>1567</EventRecordID>
      <Correlation ActivityID="{f4203a82-a3ed-4a64-86f8-cd9a9fba0000}" />
      <Execution ProcessID="396" ThreadID="1164" />
      <Channel>Microsoft-Windows-RemoteDesktopServices-RdpCoreTS/Operational</Channel>
      <Computer>MSEDGEWIN10</Computer>
      <Security UserID="S-1-5-20" />
    </System>
    <EventData>
      <Data Name="ChannelName">Microsoft::Windows::RDS::Graphics</Data>
      <Data Name="TunnelID">0</Data>
    </EventData>
  </Event>
  <Event xmlns="http://schemas.microsoft.com/win/2004/08/events/event">
    <System>
      <Provider Name="Microsoft-Windows-RemoteDesktopServices-RdpCoreTS" Guid="{1139c61b-b549-4251-8ed3-27250a1edec8}" />
      <EventID>148</EventID>
      <Version>0</Version>
      <Level>4</Level>
      <Task>4</Task>
      <Opcode>17</Opcode>
      <Keywords>0x4000000000000000</Keywords>
      <TimeCreated SystemTime="2019-08-28T14:52:55.048323500Z" />
      <EventRecordID>1568</EventRecordID>
      <Correlation ActivityID="{f4203a82-a3ed-4a64-86f8-cd9a9fba0000}" />
      <Execution ProcessID="396" ThreadID="1164" />
      <Channel>Microsoft-Windows-RemoteDesktopServices-RdpCoreTS/Operational</Channel>
      <Computer>MSEDGEWIN10</Computer>
      <Security UserID="S-1-5-20" />
    </System>
    <EventData>
      <Data Name="ChannelName">ECHO</Data>
      <Data Name="TunnelID">0</Data>
    </EventData>
  </Event>
  <Event xmlns="http://schemas.microsoft.com/win/2004/08/events/event">
    <System>
      <Provider Name="Microsoft-Windows-RemoteDesktopServices-RdpCoreTS" Guid="{1139c61b-b549-4251-8ed3-27250a1edec8}" />
      <EventID>148</EventID>
      <Version>0</Version>
      <Level>4</Level>
      <Task>4</Task>
      <Opcode>17</Opcode>
      <Keywords>0x4000000000000000</Keywords>
      <TimeCreated SystemTime="2019-08-28T14:52:55.048330800Z" />
      <EventRecordID>1569</EventRecordID>
      <Correlation ActivityID="{f4203a82-a3ed-4a64-86f8-cd9a9fba0000}" />
      <Execution ProcessID="396" ThreadID="1164" />
      <Channel>Microsoft-Windows-RemoteDesktopServices-RdpCoreTS/Operational</Channel>
      <Computer>MSEDGEWIN10</Computer>
      <Security UserID="S-1-5-20" />
    </System>
    <EventData>
      <Data Name="ChannelName">rdpdr</Data>
      <Data Name="TunnelID">0</Data>
    </EventData>
  </Event>
  <Event xmlns="http://schemas.microsoft.com/win/2004/08/events/event">
    <System>
      <Provider Name="Microsoft-Windows-RemoteDesktopServices-RdpCoreTS" Guid="{1139c61b-b549-4251-8ed3-27250a1edec8}" />
      <EventID>148</EventID>
      <Version>0</Version>
      <Level>4</Level>
      <Task>4</Task>
      <Opcode>17</Opcode>
      <Keywords>0x4000000000000000</Keywords>
      <TimeCreated SystemTime="2019-08-28T14:52:55.048345300Z" />
      <EventRecordID>1570</EventRecordID>
      <Correlation ActivityID="{f4203a82-a3ed-4a64-86f8-cd9a9fba0000}" />
      <Execution ProcessID="396" ThreadID="1164" />
      <Channel>Microsoft-Windows-RemoteDesktopServices-RdpCoreTS/Operational</Channel>
      <Computer>MSEDGEWIN10</Computer>
      <Security UserID="S-1-5-20" />
    </System>
    <EventData>
      <Data Name="ChannelName">ms_t120</Data>
      <Data Name="TunnelID">0</Data>
    </EventData>
  </Event>
  <Event xmlns="http://schemas.microsoft.com/win/2004/08/events/event">
    <System>
      <Provider Name="Microsoft-Windows-RemoteDesktopServices-RdpCoreTS" Guid="{1139c61b-b549-4251-8ed3-27250a1edec8}" />
      <EventID>228</EventID>
      <Version>0</Version>
      <Level>3</Level>
      <Task>4</Task>
      <Opcode>19</Opcode>
      <Keywords>0x4000000000000000</Keywords>
      <TimeCreated SystemTime="2019-08-28T14:52:55.049462500Z" />
      <EventRecordID>1571</EventRecordID>
      <Correlation ActivityID="{f4203a82-a3ed-4a64-86f8-cd9a9fba0000}" />
      <Execution ProcessID="396" ThreadID="3216" />
      <Channel>Microsoft-Windows-RemoteDesktopServices-RdpCoreTS/Operational</Channel>
      <Computer>MSEDGEWIN10</Computer>
      <Security UserID="S-1-5-20" />
    </System>
    <EventData>
      <Data Name="ComponentName">CUMRDPConnection</Data>
      <Data Name="Message">Disconnect trace:'calling spGfxPlugin-&gt;PreDisconnect()' in CUMRDPConnection::PreDisconnect at 4595 err=[0xd0000001]</Data>
      <Data Name="ErrorCode">3489660929</Data>
    </EventData>
  </Event>
  <Event xmlns="http://schemas.microsoft.com/win/2004/08/events/event">
    <System>
      <Provider Name="Microsoft-Windows-RemoteDesktopServices-RdpCoreTS" Guid="{1139c61b-b549-4251-8ed3-27250a1edec8}" />
      <EventID>72</EventID>
      <Version>0</Version>
      <Level>4</Level>
      <Task>4</Task>
      <Opcode>13</Opcode>
      <Keywords>0x4000000000000000</Keywords>
      <TimeCreated SystemTime="2019-08-28T14:52:55.049483000Z" />
      <EventRecordID>1572</EventRecordID>
      <Correlation ActivityID="{f4203a82-a3ed-4a64-86f8-cd9a9fba0000}" />
      <Execution ProcessID="396" ThreadID="3216" />
      <Channel>Microsoft-Windows-RemoteDesktopServices-RdpCoreTS/Operational</Channel>
      <Computer>MSEDGEWIN10</Computer>
      <Security UserID="S-1-5-20" />
    </System>
    <EventData>
      <Data Name="MethodName">PreDisconnect(-805306367)</Data>
    </EventData>
  </Event>
  <Event xmlns="http://schemas.microsoft.com/win/2004/08/events/event">
    <System>
      <Provider Name="Microsoft-Windows-RemoteDesktopServices-RdpCoreTS" Guid="{1139c61b-b549-4251-8ed3-27250a1edec8}" />
      <EventID>72</EventID>
      <Version>0</Version>
      <Level>4</Level>
      <Task>4</Task>
      <Opcode>13</Opcode>
      <Keywords>0x4000000000000000</Keywords>
      <TimeCreated SystemTime="2019-08-28T14:52:55.049506500Z" />
      <EventRecordID>1573</EventRecordID>
      <Correlation ActivityID="{f4203a82-a3ed-4a64-86f8-cd9a9fba0000}" />
      <Execution ProcessID="396" ThreadID="3216" />
      <Channel>Microsoft-Windows-RemoteDesktopServices-RdpCoreTS/Operational</Channel>
      <Computer>MSEDGEWIN10</Computer>
      <Security UserID="S-1-5-20" />
    </System>
    <EventData>
      <Data Name="MethodName">SetErrorInfo(0xd0000001)</Data>
    </EventData>
  </Event>
  <Event xmlns="http://schemas.microsoft.com/win/2004/08/events/event">
    <System>
      <Provider Name="Microsoft-Windows-RemoteDesktopServices-RdpCoreTS" Guid="{1139c61b-b549-4251-8ed3-27250a1edec8}" />
      <EventID>72</EventID>
      <Version>0</Version>
      <Level>4</Level>
      <Task>4</Task>
      <Opcode>13</Opcode>
      <Keywords>0x4000000000000000</Keywords>
      <TimeCreated SystemTime="2019-08-28T14:52:55.126611000Z" />
      <EventRecordID>1574</EventRecordID>
      <Correlation ActivityID="{f4203a82-a3ed-4a64-86f8-cd9a9fba0000}" />
      <Execution ProcessID="396" ThreadID="3216" />
      <Channel>Microsoft-Windows-RemoteDesktopServices-RdpCoreTS/Operational</Channel>
      <Computer>MSEDGEWIN10</Computer>
      <Security UserID="S-1-5-20" />
    </System>
    <EventData>
      <Data Name="MethodName">DisconnectNotify</Data>
    </EventData>
  </Event>
  