<Event xmlns="http://schemas.microsoft.com/win/2004/08/events/event">
    <System>
      <Provider Name="Microsoft-Windows-RemoteDesktopServices-RdpCoreTS" Guid="{1139c61b-b549-4251-8ed3-27250a1edec8}" />
      <EventID>148</EventID>
      <Version>0</Version>
      <Level>4</Level>
      <Task>4</Task>
      <Opcode>17</Opcode>
      <Keywords>0x4000000000000000</Keywords>
      <TimeCreated SystemTime="2019-08-28T10:02:58.222163100Z" />
      <EventRecordID>1052</EventRecordID>
      <Correlation ActivityID="{f4202795-713f-468c-ba0b-6c1c2f0c0000}" />
      <Execution ProcessID="396" ThreadID="7616" />
      <Channel>Microsoft-Windows-RemoteDesktopServices-RdpCoreTS/Operational</Channel>
      <Computer>MSEDGEWIN10</Computer>
      <Security UserID="S-1-5-20" />
    </System>
    <EventData>
      <Data Name="ChannelName">Microsoft::Windows::RDS::Telemetry</Data>
      <Data Name="TunnelID">1</Data>
    </EventData>
  </Event>
  <Event xmlns="http://schemas.microsoft.com/win/2004/08/events/event">
    <System>
      <Provider Name="Microsoft-Windows-RemoteDesktopServices-RdpCoreTS" Guid="{1139c61b-b549-4251-8ed3-27250a1edec8}" />
      <EventID>132</EventID>
      <Version>0</Version>
      <Level>4</Level>
      <Task>4</Task>
      <Opcode>15</Opcode>
      <Keywords>0x4000000000000000</Keywords>
      <TimeCreated SystemTime="2019-08-28T10:02:58.340821700Z" />
      <EventRecordID>1053</EventRecordID>
      <Correlation ActivityID="{3d21d317-6153-45f6-9dd9-26b9d7550000}" />
      <Execution ProcessID="396" ThreadID="7476" />
      <Channel>Microsoft-Windows-RemoteDesktopServices-RdpCoreTS/Operational</Channel>
      <Computer>MSEDGEWIN10</Computer>
      <Security UserID="S-1-5-20" />
    </System>
    <EventData>
      <Data Name="ChannelName">rdpdr</Data>
      <Data Name="TunnelID">1</Data>
    </EventData>
  </Event>
  <Event xmlns="http://schemas.microsoft.com/win/2004/08/events/event">
    <System>
      <Provider Name="Microsoft-Windows-RemoteDesktopServices-RdpCoreTS" Guid="{1139c61b-b549-4251-8ed3-27250a1edec8}" />
      <EventID>132</EventID>
      <Version>0</Version>
      <Level>4</Level>
      <Task>4</Task>
      <Opcode>15</Opcode>
      <Keywords>0x4000000000000000</Keywords>
      <TimeCreated SystemTime="2019-08-28T10:02:58.343097900Z" />
      <EventRecordID>1054</EventRecordID>
      <Correlation ActivityID="{3d21d317-6153-45f6-9dd9-26b9d7550000}" />
      <Execution ProcessID="396" ThreadID="7480" />
      <Channel>Microsoft-Windows-RemoteDesktopServices-RdpCoreTS/Operational</Channel>
      <Computer>MSEDGEWIN10</Computer>
      <Security UserID="S-1-5-20" />
    </System>
    <EventData>
      <Data Name="ChannelName">AUDIO_PLAYBACK_DVC</Data>
      <Data Name="TunnelID">1</Data>
    </EventData>
  </Event>
  <Event xmlns="http://schemas.microsoft.com/win/2004/08/events/event">
    <System>
      <Provider Name="Microsoft-Windows-RemoteDesktopServices-RdpCoreTS" Guid="{1139c61b-b549-4251-8ed3-27250a1edec8}" />
      <EventID>132</EventID>
      <Version>0</Version>
      <Level>4</Level>
      <Task>4</Task>
      <Opcode>15</Opcode>
      <Keywords>0x4000000000000000</Keywords>
      <TimeCreated SystemTime="2019-08-28T10:02:58.344135200Z" />
      <EventRecordID>1055</EventRecordID>
      <Correlation ActivityID="{f4202795-713f-468c-ba0b-6c1c2f0c0000}" />
      <Execution ProcessID="396" ThreadID="7540" />
      <Channel>Microsoft-Windows-RemoteDesktopServices-RdpCoreTS/Operational</Channel>
      <Computer>MSEDGEWIN10</Computer>
      <Security UserID="S-1-5-20" />
    </System>
    <EventData>
      <Data Name="ChannelName">AUDIO_PLAYBACK_LOSSY_DVC</Data>
      <Data Name="TunnelID">1</Data>
    </EventData>
  </Event>
  <Event xmlns="http://schemas.microsoft.com/win/2004/08/events/event">
    <System>
      <Provider Name="Microsoft-Windows-RemoteDesktopServices-RdpCoreTS" Guid="{1139c61b-b549-4251-8ed3-27250a1edec8}" />
      <EventID>148</EventID>
      <Version>0</Version>
      <Level>4</Level>
      <Task>4</Task>
      <Opcode>17</Opcode>
      <Keywords>0x4000000000000000</Keywords>
      <TimeCreated SystemTime="2019-08-28T10:02:58.505753100Z" />
      <EventRecordID>1056</EventRecordID>
      <Correlation ActivityID="{f4202795-713f-468c-ba0b-6c1c2f0c0000}" />
      <Execution ProcessID="396" ThreadID="1164" />
      <Channel>Microsoft-Windows-RemoteDesktopServices-RdpCoreTS/Operational</Channel>
      <Computer>MSEDGEWIN10</Computer>
      <Security UserID="S-1-5-20" />
    </System>
    <EventData>
      <Data Name="ChannelName">Microsoft::Windows::RDS::Input</Data>
      <Data Name="TunnelID">1</Data>
    </EventData>
  </Event>
  <Event xmlns="http://schemas.microsoft.com/win/2004/08/events/event">
    <System>
      <Provider Name="Microsoft-Windows-RemoteDesktopServices-RdpCoreTS" Guid="{1139c61b-b549-4251-8ed3-27250a1edec8}" />
      <EventID>132</EventID>
      <Version>0</Version>
      <Level>4</Level>
      <Task>4</Task>
      <Opcode>15</Opcode>
      <Keywords>0x4000000000000000</Keywords>
      <TimeCreated SystemTime="2019-08-28T10:02:58.505932000Z" />
      <EventRecordID>1057</EventRecordID>
      <Correlation ActivityID="{3d21d317-6153-45f6-9dd9-26b9d7550000}" />
      <Execution ProcessID="396" ThreadID="7476" />
      <Channel>Microsoft-Windows-RemoteDesktopServices-RdpCoreTS/Operational</Channel>
      <Computer>MSEDGEWIN10</Computer>
      <Security UserID="S-1-5-20" />
    </System>
    <EventData>
      <Data Name="ChannelName">Microsoft::Windows::RDS::Input</Data>
      <Data Name="TunnelID">1</Data>
    </EventData>
  </Event>
  <Event xmlns="http://schemas.microsoft.com/win/2004/08/events/event">
    <System>
      <Provider Name="Microsoft-Windows-RemoteDesktopServices-RdpCoreTS" Guid="{1139c61b-b549-4251-8ed3-27250a1edec8}" />
      <EventID>227</EventID>
      <Version>0</Version>
      <Level>2</Level>
      <Task>4</Task>
      <Opcode>19</Opcode>
      <Keywords>0x4000000000000000</Keywords>
      <TimeCreated SystemTime="2019-08-28T10:02:58.506154600Z" />
      <EventRecordID>1058</EventRecordID>
      <Correlation ActivityID="{f4202795-713f-468c-ba0b-6c1c2f0c0000}" />
      <Execution ProcessID="396" ThreadID="7540" />
      <Channel>Microsoft-Windows-RemoteDesktopServices-RdpCoreTS/Operational</Channel>
      <Computer>MSEDGEWIN10</Computer>
      <Security UserID="S-1-5-20" />
    </System>
    <EventData>
      <Data Name="Name">CUMRDPConnection</Data>
      <Data Name="Value">3489660929</Data>
      <Data Name="CustomLevel">'Failed CreateVirtualChannel call on this Connections Stack' in CUMRDPConnection::CreateVirtualChannel at 2498 err=[0xd0000001]</Data>
    </EventData>
  </Event>
  <Event xmlns="http://schemas.microsoft.com/win/2004/08/events/event">
    <System>
      <Provider Name="Microsoft-Windows-RemoteDesktopServices-RdpCoreTS" Guid="{1139c61b-b549-4251-8ed3-27250a1edec8}" />
      <EventID>132</EventID>
      <Version>0</Version>
      <Level>4</Level>
      <Task>4</Task>
      <Opcode>15</Opcode>
      <Keywords>0x4000000000000000</Keywords>
      <TimeCreated SystemTime="2019-08-28T10:02:58.529012900Z" />
      <EventRecordID>1059</EventRecordID>
      <Correlation ActivityID="{3d21d317-6153-45f6-9dd9-26b9d7550000}" />
      <Execution ProcessID="396" ThreadID="7476" />
      <Channel>Microsoft-Windows-RemoteDesktopServices-RdpCoreTS/Operational</Channel>
      <Computer>MSEDGEWIN10</Computer>
      <Security UserID="S-1-5-20" />
    </System>
    <EventData>
      <Data Name="ChannelName">Microsoft::Windows::RDS::DisplayControl</Data>
      <Data Name="TunnelID">1</Data>
    </EventData>
  </Event>
  <Event xmlns="http://schemas.microsoft.com/win/2004/08/events/event">
    <System>
      <Provider Name="Microsoft-Windows-RemoteDesktopServices-RdpCoreTS" Guid="{1139c61b-b549-4251-8ed3-27250a1edec8}" />
      <EventID>132</EventID>
      <Version>0</Version>
      <Level>4</Level>
      <Task>4</Task>
      <Opcode>15</Opcode>
      <Keywords>0x4000000000000000</Keywords>
      <TimeCreated SystemTime="2019-08-28T10:02:58.581464300Z" />
      <EventRecordID>1060</EventRecordID>
      <Correlation ActivityID="{3d21d317-6153-45f6-9dd9-26b9d7550000}" />
      <Execution ProcessID="396" ThreadID="7520" />
      <Channel>Microsoft-Windows-RemoteDesktopServices-RdpCoreTS/Operational</Channel>
      <Computer>MSEDGEWIN10</Computer>
      <Security UserID="S-1-5-20" />
    </System>
    <EventData>
      <Data Name="ChannelName">cliprdr</Data>
      <Data Name="TunnelID">1</Data>
    </EventData>
  </Event>
  <Event xmlns="http://schemas.microsoft.com/win/2004/08/events/event">
    <System>
      <Provider Name="Microsoft-Windows-RemoteDesktopServices-RdpCoreTS" Guid="{1139c61b-b549-4251-8ed3-27250a1edec8}" />
      <EventID>132</EventID>
      <Version>0</Version>
      <Level>4</Level>
      <Task>4</Task>
      <Opcode>15</Opcode>
      <Keywords>0x4000000000000000</Keywords>
      <TimeCreated SystemTime="2019-08-28T10:02:58.603285300Z" />
      <EventRecordID>1061</EventRecordID>
      <Correlation ActivityID="{3d21d317-6153-45f6-9dd9-26b9d7550000}" />
      <Execution ProcessID="396" ThreadID="7520" />
      <Channel>Microsoft-Windows-RemoteDesktopServices-RdpCoreTS/Operational</Channel>
      <Computer>MSEDGEWIN10</Computer>
      <Security UserID="S-1-5-20" />
    </System>
    <EventData>
      <Data Name="ChannelName">RDCamera_Device_Enumerator</Data>
      <Data Name="TunnelID">1</Data>
    </EventData>
  </Event>
  <Event xmlns="http://schemas.microsoft.com/win/2004/08/events/event">
    <System>
      <Provider Name="Microsoft-Windows-RemoteDesktopServices-RdpCoreTS" Guid="{1139c61b-b549-4251-8ed3-27250a1edec8}" />
      <EventID>148</EventID>
      <Version>0</Version>
      <Level>4</Level>
      <Task>4</Task>
      <Opcode>17</Opcode>
      <Keywords>0x4000000000000000</Keywords>
      <TimeCreated SystemTime="2019-08-28T10:02:58.603337200Z" />
      <EventRecordID>1062</EventRecordID>
      <Correlation ActivityID="{f4202795-713f-468c-ba0b-6c1c2f0c0000}" />
      <Execution ProcessID="396" ThreadID="1164" />
      <Channel>Microsoft-Windows-RemoteDesktopServices-RdpCoreTS/Operational</Channel>
      <Computer>MSEDGEWIN10</Computer>
      <Security UserID="S-1-5-20" />
    </System>
    <EventData>
      <Data Name="ChannelName">RDCamera_Device_Enumerator</Data>
      <Data Name="TunnelID">1</Data>
    </EventData>
  </Event>
  <Event xmlns="http://schemas.microsoft.com/win/2004/08/events/event">
    <System>
      <Provider Name="Microsoft-Windows-RemoteDesktopServices-RdpCoreTS" Guid="{1139c61b-b549-4251-8ed3-27250a1edec8}" />
      <EventID>227</EventID>
      <Version>0</Version>
      <Level>2</Level>
      <Task>4</Task>
      <Opcode>19</Opcode>
      <Keywords>0x4000000000000000</Keywords>
      <TimeCreated SystemTime="2019-08-28T10:02:58.603402000Z" />
      <EventRecordID>1063</EventRecordID>
      <Correlation ActivityID="{f4202795-713f-468c-ba0b-6c1c2f0c0000}" />
      <Execution ProcessID="396" ThreadID="7476" />
      <Channel>Microsoft-Windows-RemoteDesktopServices-RdpCoreTS/Operational</Channel>
      <Computer>MSEDGEWIN10</Computer>
      <Security UserID="S-1-5-20" />
    </System>
    <EventData>
      <Data Name="Name">CUMRDPConnection</Data>
      <Data Name="Value">3489660929</Data>
      <Data Name="CustomLevel">'Failed CreateVirtualChannel call on this Connections Stack' in CUMRDPConnection::CreateVirtualChannel at 2498 err=[0xd0000001]</Data>
    </EventData>
  </Event>
  <Event xmlns="http://schemas.microsoft.com/win/2004/08/events/event">
    <System>
      <Provider Name="Microsoft-Windows-RemoteDesktopServices-RdpCoreTS" Guid="{1139c61b-b549-4251-8ed3-27250a1edec8}" />
      <EventID>132</EventID>
      <Version>0</Version>
      <Level>4</Level>
      <Task>4</Task>
      <Opcode>15</Opcode>
      <Keywords>0x4000000000000000</Keywords>
      <TimeCreated SystemTime="2019-08-28T10:02:59.042809000Z" />
      <EventRecordID>1064</EventRecordID>
      <Correlation ActivityID="{3d21d317-6153-45f6-9dd9-26b9d7550000}" />
      <Execution ProcessID="396" ThreadID="7556" />
      <Channel>Microsoft-Windows-RemoteDesktopServices-RdpCoreTS/Operational</Channel>
      <Computer>MSEDGEWIN10</Computer>
      <Security UserID="S-1-5-20" />
    </System>
    <EventData>
      <Data Name="ChannelName">Microsoft::Windows::RDS::Geometry::v08.01</Data>
      <Data Name="TunnelID">1</Data>
    </EventData>
  </Event>
  <Event xmlns="http://schemas.microsoft.com/win/2004/08/events/event">
    <System>
      <Provider Name="Microsoft-Windows-RemoteDesktopServices-RdpCoreTS" Guid="{1139c61b-b549-4251-8ed3-27250a1edec8}" />
      <EventID>148</EventID>
      <Version>0</Version>
      <Level>4</Level>
      <Task>4</Task>
      <Opcode>17</Opcode>
      <Keywords>0x4000000000000000</Keywords>
      <TimeCreated SystemTime="2019-08-28T10:02:59.068664200Z" />
      <EventRecordID>1065</EventRecordID>
      <Correlation ActivityID="{f4202795-713f-468c-ba0b-6c1c2f0c0000}" />
      <Execution ProcessID="396" ThreadID="7556" />
      <Channel>Microsoft-Windows-RemoteDesktopServices-RdpCoreTS/Operational</Channel>
      <Computer>MSEDGEWIN10</Computer>
      <Security UserID="S-1-5-20" />
    </System>
    <EventData>
      <Data Name="ChannelName">Microsoft::Windows::RDS::Geometry::v08.01</Data>
      <Data Name="TunnelID">1</Data>
    </EventData>
  </Event>
  <Event xmlns="http://schemas.microsoft.com/win/2004/08/events/event">
    <System>
      <Provider Name="Microsoft-Windows-RemoteDesktopServices-RdpCoreTS" Guid="{1139c61b-b549-4251-8ed3-27250a1edec8}" />
      <EventID>107</EventID>
      <Version>0</Version>
      <Level>4</Level>
      <Task>4</Task>
      <Opcode>17</Opcode>
      <Keywords>0x4000000000000000</Keywords>
      <TimeCreated SystemTime="2019-08-28T10:07:43.924049000Z" />
      <EventRecordID>1066</EventRecordID>
      <Correlation ActivityID="{f4202795-713f-468c-ba0b-6c1c2f0c0000}" />
      <Execution ProcessID="396" ThreadID="1064" />
      <Channel>Microsoft-Windows-RemoteDesktopServices-RdpCoreTS/Operational</Channel>
      <Computer>MSEDGEWIN10</Computer>
      <Security UserID="S-1-5-20" />
    </System>
    <EventData>
    </EventData>
  </Event>
  <Event xmlns="http://schemas.microsoft.com/win/2004/08/events/event">
    <System>
      <Provider Name="Microsoft-Windows-RemoteDesktopServices-RdpCoreTS" Guid="{1139c61b-b549-4251-8ed3-27250a1edec8}" />
      <EventID>226</EventID>
      <Version>0</Version>
      <Level>3</Level>
      <Task>4</Task>
      <Opcode>19</Opcode>
      <Keywords>0x4000000000000000</Keywords>
      <TimeCreated SystemTime="2019-08-28T10:07:43.924560800Z" />
      <EventRecordID>1067</EventRecordID>
      <Correlation ActivityID="{f4202795-713f-468c-ba0b-6c1c2f0c0000}" />
      <Execution ProcessID="396" ThreadID="1064" />
      <Channel>Microsoft-Windows-RemoteDesktopServices-RdpCoreTS/Operational</Channel>
      <Computer>MSEDGEWIN10</Computer>
      <Security UserID="S-1-5-20" />
    </System>
    <EventData>
      <Data Name="StateTransition">RDP_SEC</Data>
      <Data Name="PreviousState">0</Data>
      <Data Name="PreviousStateName">FStatePassthrough</Data>
      <Data Name="NewState">9</Data>
      <Data Name="NewStateName">FStateError</Data>
      <Data Name="Event">16</Data>
      <Data Name="EventName">FEventCheckAndCompleteReadsFailed</Data>
      <Data Name="ErrorCode">0x8007139f</Data>
    </EventData>
  </Event>
  <Event xmlns="http://schemas.microsoft.com/win/2004/08/events/event">
    <System>
      <Provider Name="Microsoft-Windows-RemoteDesktopServices-RdpCoreTS" Guid="{1139c61b-b549-4251-8ed3-27250a1edec8}" />
      <EventID>72</EventID>
      <Version>0</Version>
      <Level>4</Level>
      <Task>4</Task>
      <Opcode>13</Opcode>
      <Keywords>0x4000000000000000</Keywords>
      <TimeCreated SystemTime="2019-08-28T10:07:44.045027400Z" />
      <EventRecordID>1068</EventRecordID>
      <Correlation ActivityID="{f4202795-713f-468c-ba0b-6c1c2f0c0000}" />
      <Execution ProcessID="396" ThreadID="1164" />
      <Channel>Microsoft-Windows-RemoteDesktopServices-RdpCoreTS/Operational</Channel>
      <Computer>MSEDGEWIN10</Computer>
      <Security UserID="S-1-5-20" />
    </System>
    <EventData>
      <Data Name="MethodName">OnDisconnected</Data>
    </EventData>
  </Event>
  <Event xmlns="http://schemas.microsoft.com/win/2004/08/events/event">
    <System>
      <Provider Name="Microsoft-Windows-RemoteDesktopServices-RdpCoreTS" Guid="{1139c61b-b549-4251-8ed3-27250a1edec8}" />
      <EventID>102</EventID>
      <Version>0</Version>
      <Level>4</Level>
      <Task>4</Task>
      <Opcode>17</Opcode>
      <Keywords>0x4000000000000000</Keywords>
      <TimeCreated SystemTime="2019-08-28T10:07:44.045468000Z" />
      <EventRecordID>1069</EventRecordID>
      <Correlation ActivityID="{f4202795-713f-468c-ba0b-6c1c2f0c0000}" />
      <Execution ProcessID="396" ThreadID="1164" />
      <Channel>Microsoft-Windows-RemoteDesktopServices-RdpCoreTS/Operational</Channel>
      <Computer>MSEDGEWIN10</Computer>
      <Security UserID="S-1-5-20" />
    </System>
    <EventData>
    </EventData>
  </Event>
  <Event xmlns="http://schemas.microsoft.com/win/2004/08/events/event">
    <System>
      <Provider Name="Microsoft-Windows-RemoteDesktopServices-RdpCoreTS" Guid="{1139c61b-b549-4251-8ed3-27250a1edec8}" />
      <EventID>145</EventID>
      <Version>0</Version>
      <Level>4</Level>
      <Task>4</Task>
      <Opcode>19</Opcode>
      <Keywords>0x4000000000000000</Keywords>
      <TimeCreated SystemTime="2019-08-28T10:07:44.045473000Z" />
      <EventRecordID>1070</EventRecordID>
      <Correlation ActivityID="{f4202795-713f-468c-ba0b-6c1c2f0c0000}" />
      <Execution ProcessID="396" ThreadID="1164" />
      <Channel>Microsoft-Windows-RemoteDesktopServices-RdpCoreTS/Operational</Channel>
      <Computer>MSEDGEWIN10</Computer>
      <Security UserID="S-1-5-20" />
    </System>
    <EventData>
      <Data Name="IdleSeconds">0</Data>
      <Data Name="IdleSeconds1">0</Data>
      <Data Name="IdleSeconds2">0</Data>
    </EventData>
  </Event>
  <Event xmlns="http://schemas.microsoft.com/win/2004/08/events/event">
    <System>
      <Provider Name="Microsoft-Windows-RemoteDesktopServices-RdpCoreTS" Guid="{1139c61b-b549-4251-8ed3-27250a1edec8}" />
      <EventID>148</EventID>
      <Version>0</Version>
      <Level>4</Level>
      <Task>4</Task>
      <Opcode>17</Opcode>
      <Keywords>0x4000000000000000</Keywords>
      <TimeCreated SystemTime="2019-08-28T10:07:44.045484400Z" />
      <EventRecordID>1071</EventRecordID>
      <Correlation ActivityID="{f4202795-713f-468c-ba0b-6c1c2f0c0000}" />
      <Execution ProcessID="396" ThreadID="1164" />
      <Channel>Microsoft-Windows-RemoteDesktopServices-RdpCoreTS/Operational</Channel>
      <Computer>MSEDGEWIN10</Computer>
      <Security UserID="S-1-5-20" />
    </System>
    <EventData>
      <Data Name="ChannelName">rdpinpt</Data>
      <Data Name="TunnelID">0</Data>
    </EventData>
  </Event>
  <Event xmlns="http://schemas.microsoft.com/win/2004/08/events/event">
    <System>
      <Provider Name="Microsoft-Windows-RemoteDesktopServices-RdpCoreTS" Guid="{1139c61b-b549-4251-8ed3-27250a1edec8}" />
      <EventID>148</EventID>
      <Version>0</Version>
      <Level>4</Level>
      <Task>4</Task>
      <Opcode>17</Opcode>
      <Keywords>0x4000000000000000</Keywords>
      <TimeCreated SystemTime="2019-08-28T10:07:44.045491700Z" />
      <EventRecordID>1072</EventRecordID>
      <Correlation ActivityID="{f4202795-713f-468c-ba0b-6c1c2f0c0000}" />
      <Execution ProcessID="396" ThreadID="1164" />
      <Channel>Microsoft-Windows-RemoteDesktopServices-RdpCoreTS/Operational</Channel>
      <Computer>MSEDGEWIN10</Computer>
      <Security UserID="S-1-5-20" />
    </System>
    <EventData>
      <Data Name="ChannelName">rdpcmd</Data>
      <Data Name="TunnelID">0</Data>
    </EventData>
  </Event>
  <Event xmlns="http://schemas.microsoft.com/win/2004/08/events/event">
    <System>
      <Provider Name="Microsoft-Windows-RemoteDesktopServices-RdpCoreTS" Guid="{1139c61b-b549-4251-8ed3-27250a1edec8}" />
      <EventID>148</EventID>
      <Version>0</Version>
      <Level>4</Level>
      <Task>4</Task>
      <Opcode>17</Opcode>
      <Keywords>0x4000000000000000</Keywords>
      <TimeCreated SystemTime="2019-08-28T10:07:44.045496900Z" />
      <EventRecordID>1073</EventRecordID>
      <Correlation ActivityID="{f4202795-713f-468c-ba0b-6c1c2f0c0000}" />
      <Execution ProcessID="396" ThreadID="1164" />
      <Channel>Microsoft-Windows-RemoteDesktopServices-RdpCoreTS/Operational</Channel>
      <Computer>MSEDGEWIN10</Computer>
      <Security UserID="S-1-5-20" />
    </System>
    <EventData>
      <Data Name="ChannelName">rdplic</Data>
      <Data Name="TunnelID">0</Data>
    </EventData>
  </Event>
  <Event xmlns="http://schemas.microsoft.com/win/2004/08/events/event">
    <System>
      <Provider Name="Microsoft-Windows-RemoteDesktopServices-RdpCoreTS" Guid="{1139c61b-b549-4251-8ed3-27250a1edec8}" />
      <EventID>148</EventID>
      <Version>0</Version>
      <Level>4</Level>
      <Task>4</Task>
      <Opcode>17</Opcode>
      <Keywords>0x4000000000000000</Keywords>
      <TimeCreated SystemTime="2019-08-28T10:07:44.045523600Z" />
      <EventRecordID>1074</EventRecordID>
      <Correlation ActivityID="{f4202795-713f-468c-ba0b-6c1c2f0c0000}" />
      <Execution ProcessID="396" ThreadID="1164" />
      <Channel>Microsoft-Windows-RemoteDesktopServices-RdpCoreTS/Operational</Channel>
      <Computer>MSEDGEWIN10</Computer>
      <Security UserID="S-1-5-20" />
    </System>
    <EventData>
      <Data Name="ChannelName">rdpgrfx</Data>
      <Data Name="TunnelID">0</Data>
    </EventData>
  </Event>
  <Event xmlns="http://schemas.microsoft.com/win/2004/08/events/event">
    <System>
      <Provider Name="Microsoft-Windows-RemoteDesktopServices-RdpCoreTS" Guid="{1139c61b-b549-4251-8ed3-27250a1edec8}" />
      <EventID>148</EventID>
      <Version>0</Version>
      <Level>4</Level>
      <Task>4</Task>
      <Opcode>17</Opcode>
      <Keywords>0x4000000000000000</Keywords>
      <TimeCreated SystemTime="2019-08-28T10:07:44.045526900Z" />
      <EventRecordID>1075</EventRecordID>
      <Correlation ActivityID="{f4202795-713f-468c-ba0b-6c1c2f0c0000}" />
      <Execution ProcessID="396" ThreadID="1164" />
      <Channel>Microsoft-Windows-RemoteDesktopServices-RdpCoreTS/Operational</Channel>
      <Computer>MSEDGEWIN10</Computer>
      <Security UserID="S-1-5-20" />
    </System>
    <EventData>
      <Data Name="ChannelName">railenc</Data>
      <Data Name="TunnelID">0</Data>
    </EventData>
  </Event>
  <Event xmlns="http://schemas.microsoft.com/win/2004/08/events/event">
    <System>
      <Provider Name="Microsoft-Windows-RemoteDesktopServices-RdpCoreTS" Guid="{1139c61b-b549-4251-8ed3-27250a1edec8}" />
      <EventID>148</EventID>
      <Version>0</Version>
      <Level>4</Level>
      <Task>4</Task>
      <Opcode>17</Opcode>
      <Keywords>0x4000000000000000</Keywords>
      <TimeCreated SystemTime="2019-08-28T10:07:44.045851700Z" />
      <EventRecordID>1076</EventRecordID>
      <Correlation ActivityID="{f4202795-713f-468c-ba0b-6c1c2f0c0000}" />
      <Execution ProcessID="396" ThreadID="1164" />
      <Channel>Microsoft-Windows-RemoteDesktopServices-RdpCoreTS/Operational</Channel>
      <Computer>MSEDGEWIN10</Computer>
      <Security UserID="S-1-5-20" />
    </System>
    <EventData>
      <Data Name="ChannelName">AUDIO_PLAYBACK_DVC</Data>
      <Data Name="TunnelID">1</Data>
    </EventData>
  </Event>
  <Event xmlns="http://schemas.microsoft.com/win/2004/08/events/event">
    <System>
      <Provider Name="Microsoft-Windows-RemoteDesktopServices-RdpCoreTS" Guid="{1139c61b-b549-4251-8ed3-27250a1edec8}" />
      <EventID>148</EventID>
      <Version>0</Version>
      <Level>4</Level>
      <Task>4</Task>
      <Opcode>17</Opcode>
      <Keywords>0x4000000000000000</Keywords>
      <TimeCreated SystemTime="2019-08-28T10:07:44.045879400Z" />
      <EventRecordID>1077</EventRecordID>
      <Correlation ActivityID="{f4202795-713f-468c-ba0b-6c1c2f0c0000}" />
      <Execution ProcessID="396" ThreadID="1164" />
      <Channel>Microsoft-Windows-RemoteDesktopServices-RdpCoreTS/Operational</Channel>
      <Computer>MSEDGEWIN10</Computer>
      <Security UserID="S-1-5-20" />
    </System>
    <EventData>
      <Data Name="ChannelName">Microsoft::Windows::RDS::Frame_Buffer::Control::v08.01</Data>
      <Data Name="TunnelID">1</Data>
    </EventData>
  </Event>
  <Event xmlns="http://schemas.microsoft.com/win/2004/08/events/event">
    <System>
      <Provider Name="Microsoft-Windows-RemoteDesktopServices-RdpCoreTS" Guid="{1139c61b-b549-4251-8ed3-27250a1edec8}" />
      <EventID>148</EventID>
      <Version>0</Version>
      <Level>4</Level>
      <Task>4</Task>
      <Opcode>17</Opcode>
      <Keywords>0x4000000000000000</Keywords>
      <TimeCreated SystemTime="2019-08-28T10:07:44.045898500Z" />
      <EventRecordID>1078</EventRecordID>
      <Correlation ActivityID="{f4202795-713f-468c-ba0b-6c1c2f0c0000}" />
      <Execution ProcessID="396" ThreadID="1164" />
      <Channel>Microsoft-Windows-RemoteDesktopServices-RdpCoreTS/Operational</Channel>
      <Computer>MSEDGEWIN10</Computer>
      <Security UserID="S-1-5-20" />
    </System>
    <EventData>
      <Data Name="ChannelName">Microsoft::Windows::RDS::Graphics</Data>
      <Data Name="TunnelID">1</Data>
    </EventData>
  </Event>
  <Event xmlns="http://schemas.microsoft.com/win/2004/08/events/event">
    <System>
      <Provider Name="Microsoft-Windows-RemoteDesktopServices-RdpCoreTS" Guid="{1139c61b-b549-4251-8ed3-27250a1edec8}" />
      <EventID>148</EventID>
      <Version>0</Version>
      <Level>4</Level>
      <Task>4</Task>
      <Opcode>17</Opcode>
      <Keywords>0x4000000000000000</Keywords>
      <TimeCreated SystemTime="2019-08-28T10:07:44.045902200Z" />
      <EventRecordID>1079</EventRecordID>
      <Correlation ActivityID="{f4202795-713f-468c-ba0b-6c1c2f0c0000}" />
      <Execution ProcessID="396" ThreadID="1164" />
      <Channel>Microsoft-Windows-RemoteDesktopServices-RdpCoreTS/Operational</Channel>
      <Computer>MSEDGEWIN10</Computer>
      <Security UserID="S-1-5-20" />
    </System>
    <EventData>
      <Data Name="ChannelName">ECHO</Data>
      <Data Name="TunnelID">1</Data>
    </EventData>
  </Event>
  <Event xmlns="http://schemas.microsoft.com/win/2004/08/events/event">
    <System>
      <Provider Name="Microsoft-Windows-RemoteDesktopServices-RdpCoreTS" Guid="{1139c61b-b549-4251-8ed3-27250a1edec8}" />
      <EventID>148</EventID>
      <Version>0</Version>
      <Level>4</Level>
      <Task>4</Task>
      <Opcode>17</Opcode>
      <Keywords>0x4000000000000000</Keywords>
      <TimeCreated SystemTime="2019-08-28T10:07:44.045926100Z" />
      <EventRecordID>1080</EventRecordID>
      <Correlation ActivityID="{f4202795-713f-468c-ba0b-6c1c2f0c0000}" />
      <Execution ProcessID="396" ThreadID="1164" />
      <Channel>Microsoft-Windows-RemoteDesktopServices-RdpCoreTS/Operational</Channel>
      <Computer>MSEDGEWIN10</Computer>
      <Security UserID="S-1-5-20" />
    </System>
    <EventData>
      <Data Name="ChannelName">Microsoft::Windows::RDS::Video::Control::v08.01</Data>
      <Data Name="TunnelID">1</Data>
    </EventData>
  </Event>
  <Event xmlns="http://schemas.microsoft.com/win/2004/08/events/event">
    <System>
      <Provider Name="Microsoft-Windows-RemoteDesktopServices-RdpCoreTS" Guid="{1139c61b-b549-4251-8ed3-27250a1edec8}" />
      <EventID>148</EventID>
      <Version>0</Version>
      <Level>4</Level>
      <Task>4</Task>
      <Opcode>17</Opcode>
      <Keywords>0x4000000000000000</Keywords>
      <TimeCreated SystemTime="2019-08-28T10:07:44.045936100Z" />
      <EventRecordID>1081</EventRecordID>
      <Correlation ActivityID="{f4202795-713f-468c-ba0b-6c1c2f0c0000}" />
      <Execution ProcessID="396" ThreadID="1164" />
      <Channel>Microsoft-Windows-RemoteDesktopServices-RdpCoreTS/Operational</Channel>
      <Computer>MSEDGEWIN10</Computer>
      <Security UserID="S-1-5-20" />
    </System>
    <EventData>
      <Data Name="ChannelName">Microsoft::Windows::RDS::Video::Data::v08.01</Data>
      <Data Name="TunnelID">1</Data>
    </EventData>
  </Event>
  <Event xmlns="http://schemas.microsoft.com/win/2004/08/events/event">
    <System>
      <Provider Name="Microsoft-Windows-RemoteDesktopServices-RdpCoreTS" Guid="{1139c61b-b549-4251-8ed3-27250a1edec8}" />
      <EventID>148</EventID>
      <Version>0</Version>
      <Level>4</Level>
      <Task>4</Task>
      <Opcode>17</Opcode>
      <Keywords>0x4000000000000000</Keywords>
      <TimeCreated SystemTime="2019-08-28T10:07:44.045942400Z" />
      <EventRecordID>1082</EventRecordID>
      <Correlation ActivityID="{f4202795-713f-468c-ba0b-6c1c2f0c0000}" />
      <Execution ProcessID="396" ThreadID="1164" />
      <Channel>Microsoft-Windows-RemoteDesktopServices-RdpCoreTS/Operational</Channel>
      <Computer>MSEDGEWIN10</Computer>
      <Security UserID="S-1-5-20" />
    </System>
    <EventData>
      <Data Name="ChannelName">Microsoft::Windows::RDS::Geometry::v08.01</Data>
      <Data Name="TunnelID">1</Data>
    </EventData>
  </Event>
  <Event xmlns="http://schemas.microsoft.com/win/2004/08/events/event">
    <System>
      <Provider Name="Microsoft-Windows-RemoteDesktopServices-RdpCoreTS" Guid="{1139c61b-b549-4251-8ed3-27250a1edec8}" />
      <EventID>148</EventID>
      <Version>0</Version>
      <Level>4</Level>
      <Task>4</Task>
      <Opcode>17</Opcode>
      <Keywords>0x4000000000000000</Keywords>
      <TimeCreated SystemTime="2019-08-28T10:07:44.046436200Z" />
      <EventRecordID>1083</EventRecordID>
      <Correlation ActivityID="{f4202795-713f-468c-ba0b-6c1c2f0c0000}" />
      <Execution ProcessID="396" ThreadID="1164" />
      <Channel>Microsoft-Windows-RemoteDesktopServices-RdpCoreTS/Operational</Channel>
      <Computer>MSEDGEWIN10</Computer>
      <Security UserID="S-1-5-20" />
    </System>
    <EventData>
      <Data Name="ChannelName">rdpdr</Data>
      <Data Name="TunnelID">1</Data>
    </EventData>
  </Event>
  <Event xmlns="http://schemas.microsoft.com/win/2004/08/events/event">
    <System>
      <Provider Name="Microsoft-Windows-RemoteDesktopServices-RdpCoreTS" Guid="{1139c61b-b549-4251-8ed3-27250a1edec8}" />
      <EventID>148</EventID>
      <Version>0</Version>
      <Level>4</Level>
      <Task>4</Task>
      <Opcode>17</Opcode>
      <Keywords>0x4000000000000000</Keywords>
      <TimeCreated SystemTime="2019-08-28T10:07:44.046456100Z" />
      <EventRecordID>1084</EventRecordID>
      <Correlation ActivityID="{f4202795-713f-468c-ba0b-6c1c2f0c0000}" />
      <Execution ProcessID="396" ThreadID="1164" />
      <Channel>Microsoft-Windows-RemoteDesktopServices-RdpCoreTS/Operational</Channel>
      <Computer>MSEDGEWIN10</Computer>
      <Security UserID="S-1-5-20" />
    </System>
    <EventData>
      <Data Name="ChannelName">rdpsnd</Data>
      <Data Name="TunnelID">1</Data>
    </EventData>
  </Event>
  <Event xmlns="http://schemas.microsoft.com/win/2004/08/events/event">
    <System>
      <Provider Name="Microsoft-Windows-RemoteDesktopServices-RdpCoreTS" Guid="{1139c61b-b549-4251-8ed3-27250a1edec8}" />
      <EventID>148</EventID>
      <Version>0</Version>
      <Level>4</Level>
      <Task>4</Task>
      <Opcode>17</Opcode>
      <Keywords>0x4000000000000000</Keywords>
      <TimeCreated SystemTime="2019-08-28T10:07:44.046687900Z" />
      <EventRecordID>1085</EventRecordID>
      <Correlation ActivityID="{f4202795-713f-468c-ba0b-6c1c2f0c0000}" />
      <Execution ProcessID="396" ThreadID="1164" />
      <Channel>Microsoft-Windows-RemoteDesktopServices-RdpCoreTS/Operational</Channel>
      <Computer>MSEDGEWIN10</Computer>
      <Security UserID="S-1-5-20" />
    </System>
    <EventData>
      <Data Name="ChannelName">cliprdr</Data>
      <Data Name="TunnelID">1</Data>
    </EventData>
  </Event>
  <Event xmlns="http://schemas.microsoft.com/win/2004/08/events/event">
    <System>
      <Provider Name="Microsoft-Windows-RemoteDesktopServices-RdpCoreTS" Guid="{1139c61b-b549-4251-8ed3-27250a1edec8}" />
      <EventID>228</EventID>
      <Version>0</Version>
      <Level>3</Level>
      <Task>4</Task>
      <Opcode>19</Opcode>
      <Keywords>0x4000000000000000</Keywords>
      <TimeCreated SystemTime="2019-08-28T10:07:44.046723000Z" />
      <EventRecordID>1086</EventRecordID>
      <Correlation ActivityID="{f4202795-713f-468c-ba0b-6c1c2f0c0000}" />
      <Execution ProcessID="396" ThreadID="1064" />
      <Channel>Microsoft-Windows-RemoteDesktopServices-RdpCoreTS/Operational</Channel>
      <Computer>MSEDGEWIN10</Computer>
      <Security UserID="S-1-5-20" />
    </System>
    <EventData>
      <Data Name="ComponentName">CUMRDPConnection</Data>
      <Data Name="Message">Disconnect trace:'calling spGfxPlugin-&gt;PreDisconnect()' in CUMRDPConnection::PreDisconnect at 4595 err=[0x0]</Data>
      <Data Name="ErrorCode">0</Data>
    </EventData>
  </Event>
  <Event xmlns="http://schemas.microsoft.com/win/2004/08/events/event">
    <System>
      <Provider Name="Microsoft-Windows-RemoteDesktopServices-RdpCoreTS" Guid="{1139c61b-b549-4251-8ed3-27250a1edec8}" />
      <EventID>72</EventID>
      <Version>0</Version>
      <Level>4</Level>
      <Task>4</Task>
      <Opcode>13</Opcode>
      <Keywords>0x4000000000000000</Keywords>
      <TimeCreated SystemTime="2019-08-28T10:07:44.046729700Z" />
      <EventRecordID>1087</EventRecordID>
      <Correlation ActivityID="{f4202795-713f-468c-ba0b-6c1c2f0c0000}" />
      <Execution ProcessID="396" ThreadID="1064" />
      <Channel>Microsoft-Windows-RemoteDesktopServices-RdpCoreTS/Operational</Channel>
      <Computer>MSEDGEWIN10</Computer>
      <Security UserID="S-1-5-20" />
    </System>
    <EventData>
      <Data Name="MethodName">PreDisconnect(0)</Data>
    </EventData>
  </Event>
  <Event xmlns="http://schemas.microsoft.com/win/2004/08/events/event">
    <System>
      <Provider Name="Microsoft-Windows-RemoteDesktopServices-RdpCoreTS" Guid="{1139c61b-b549-4251-8ed3-27250a1edec8}" />
      <EventID>72</EventID>
      <Version>0</Version>
      <Level>4</Level>
      <Task>4</Task>
      <Opcode>13</Opcode>
      <Keywords>0x4000000000000000</Keywords>
      <TimeCreated SystemTime="2019-08-28T10:07:44.046738300Z" />
      <EventRecordID>1088</EventRecordID>
      <Correlation ActivityID="{f4202795-713f-468c-ba0b-6c1c2f0c0000}" />
      <Execution ProcessID="396" ThreadID="1064" />
      <Channel>Microsoft-Windows-RemoteDesktopServices-RdpCoreTS/Operational</Channel>
      <Computer>MSEDGEWIN10</Computer>
      <Security UserID="S-1-5-20" />
    </System>
    <EventData>
      <Data Name="MethodName">SetErrorInfo(0x0)</Data>
    </EventData>
  </Event>
  <Event xmlns="http://schemas.microsoft.com/win/2004/08/events/event">
    <System>
      <Provider Name="Microsoft-Windows-RemoteDesktopServices-RdpCoreTS" Guid="{1139c61b-b549-4251-8ed3-27250a1edec8}" />
      <EventID>148</EventID>
      <Version>0</Version>
      <Level>4</Level>
      <Task>4</Task>
      <Opcode>17</Opcode>
      <Keywords>0x4000000000000000</Keywords>
      <TimeCreated SystemTime="2019-08-28T10:07:44.047240100Z" />
      <EventRecordID>1089</EventRecordID>
      <Correlation ActivityID="{f4202795-713f-468c-ba0b-6c1c2f0c0000}" />
      <Execution ProcessID="396" ThreadID="1164" />
      <Channel>Microsoft-Windows-RemoteDesktopServices-RdpCoreTS/Operational</Channel>
      <Computer>MSEDGEWIN10</Computer>
      <Security UserID="S-1-5-20" />
    </System>
    <EventData>
      <Data Name="ChannelName">Microsoft::Windows::RDS::Geometry::v08.01</Data>
      <Data Name="TunnelID">1</Data>
    </EventData>
  </Event>
  <Event xmlns="http://schemas.microsoft.com/win/2004/08/events/event">
    <System>
      <Provider Name="Microsoft-Windows-RemoteDesktopServices-RdpCoreTS" Guid="{1139c61b-b549-4251-8ed3-27250a1edec8}" />
      <EventID>148</EventID>
      <Version>0</Version>
      <Level>4</Level>
      <Task>4</Task>
      <Opcode>17</Opcode>
      <Keywords>0x4000000000000000</Keywords>
      <TimeCreated SystemTime="2019-08-28T10:07:44.047525500Z" />
      <EventRecordID>1090</EventRecordID>
      <Correlation ActivityID="{f4202795-713f-468c-ba0b-6c1c2f0c0000}" />
      <Execution ProcessID="396" ThreadID="1164" />
      <Channel>Microsoft-Windows-RemoteDesktopServices-RdpCoreTS/Operational</Channel>
      <Computer>MSEDGEWIN10</Computer>
      <Security UserID="S-1-5-20" />
    </System>
    <EventData>
      <Data Name="ChannelName">AUDIO_PLAYBACK_LOSSY_DVC</Data>
      <Data Name="TunnelID">1</Data>
    </EventData>
  </Event>
  <Event xmlns="http://schemas.microsoft.com/win/2004/08/events/event">
    <System>
      <Provider Name="Microsoft-Windows-RemoteDesktopServices-RdpCoreTS" Guid="{1139c61b-b549-4251-8ed3-27250a1edec8}" />
      <EventID>148</EventID>
      <Version>0</Version>
      <Level>4</Level>
      <Task>4</Task>
      <Opcode>17</Opcode>
      <Keywords>0x4000000000000000</Keywords>
      <TimeCreated SystemTime="2019-08-28T10:07:44.047921000Z" />
      <EventRecordID>1091</EventRecordID>
      <Correlation ActivityID="{f4202795-713f-468c-ba0b-6c1c2f0c0000}" />
      <Execution ProcessID="396" ThreadID="1164" />
      <Channel>Microsoft-Windows-RemoteDesktopServices-RdpCoreTS/Operational</Channel>
      <Computer>MSEDGEWIN10</Computer>
      <Security UserID="S-1-5-20" />
    </System>
    <EventData>
      <Data Name="ChannelName">Microsoft::Windows::RDS::DisplayControl</Data>
      <Data Name="TunnelID">1</Data>
    </EventData>
  </Event>
  <Event xmlns="http://schemas.microsoft.com/win/2004/08/events/event">
    <System>
      <Provider Name="Microsoft-Windows-RemoteDesktopServices-RdpCoreTS" Guid="{1139c61b-b549-4251-8ed3-27250a1edec8}" />
      <EventID>72</EventID>
      <Version>0</Version>
      <Level>4</Level>
      <Task>4</Task>
      <Opcode>13</Opcode>
      <Keywords>0x4000000000000000</Keywords>
      <TimeCreated SystemTime="2019-08-28T10:07:44.092049900Z" />
      <EventRecordID>1092</EventRecordID>
      <Correlation ActivityID="{f4202795-713f-468c-ba0b-6c1c2f0c0000}" />
      <Execution ProcessID="396" ThreadID="1064" />
      <Channel>Microsoft-Windows-RemoteDesktopServices-RdpCoreTS/Operational</Channel>
      <Computer>MSEDGEWIN10</Computer>
      <Security UserID="S-1-5-20" />
    </System>
    <EventData>
      <Data Name="MethodName">DisconnectNotify</Data>
    </EventData>
  </Event>
  <Event xmlns="http://schemas.microsoft.com/win/2004/08/events/event">
    <System>
      <Provider Name="Microsoft-Windows-RemoteDesktopServices-RdpCoreTS" Guid="{1139c61b-b549-4251-8ed3-27250a1edec8}" />
      <EventID>72</EventID>
      <Version>0</Version>
      <Level>4</Level>
      <Task>4</Task>
      <Opcode>13</Opcode>
      <Keywords>0x4000000000000000</Keywords>
      <TimeCreated SystemTime="2019-08-28T10:07:44.092053800Z" />
      <EventRecordID>1093</EventRecordID>
      <Correlation ActivityID="{f4202795-713f-468c-ba0b-6c1c2f0c0000}" />
      <Execution ProcessID="396" ThreadID="1064" />
      <Channel>Microsoft-Windows-RemoteDesktopServices-RdpCoreTS/Operational</Channel>
      <Computer>MSEDGEWIN10</Computer>
      <Security UserID="S-1-5-20" />
    </System>
    <EventData>
      <Data Name="MethodName">GetServerAutoReconnectInfo</Data>
    </EventData>
  </Event>
  <Event xmlns="http://schemas.microsoft.com/win/2004/08/events/event">
    <System>
      <Provider Name="Microsoft-Windows-RemoteDesktopServices-RdpCoreTS" Guid="{1139c61b-b549-4251-8ed3-27250a1edec8}" />
      <EventID>72</EventID>
      <Version>0</Version>
      <Level>4</Level>
      <Task>4</Task>
      <Opcode>13</Opcode>
      <Keywords>0x4000000000000000</Keywords>
      <TimeCreated SystemTime="2019-08-28T10:07:44.095477100Z" />
      <EventRecordID>1094</EventRecordID>
      <Correlation ActivityID="{f4202795-713f-468c-ba0b-6c1c2f0c0000}" />
      <Execution ProcessID="396" ThreadID="1064" />
      <Channel>Microsoft-Windows-RemoteDesktopServices-RdpCoreTS/Operational</Channel>
      <Computer>MSEDGEWIN10</Computer>
      <Security UserID="S-1-5-20" />
    </System>
    <EventData>
      <Data Name="MethodName">GetServerAutoReconnectInfo</Data>
    </EventData>
  </Event>
  <Event xmlns="http://schemas.microsoft.com/win/2004/08/events/event">
    <System>
      <Provider Name="Microsoft-Windows-RemoteDesktopServices-RdpCoreTS" Guid="{1139c61b-b549-4251-8ed3-27250a1edec8}" />
      <EventID>103</EventID>
      <Version>0</Version>
      <Level>4</Level>
      <Task>4</Task>
      <Opcode>17</Opcode>
      <Keywords>0x4000000000000000</Keywords>
      <TimeCreated SystemTime="2019-08-28T10:07:44.095484300Z" />
      <EventRecordID>1095</EventRecordID>
      <Correlation ActivityID="{f4202795-713f-468c-ba0b-6c1c2f0c0000}" />
      <Execution ProcessID="396" ThreadID="1064" />
      <Channel>Microsoft-Windows-RemoteDesktopServices-RdpCoreTS/Operational</Channel>
      <Computer>MSEDGEWIN10</Computer>
      <Security UserID="S-1-5-20" />
    </System>
    <EventData>
      <Data Name="ReasonCode">13</Data>
    </EventData>
  </Event>
  <Event xmlns="http://schemas.microsoft.com/win/2004/08/events/event">
    <System>
      <Provider Name="Microsoft-Windows-RemoteDesktopServices-RdpCoreTS" Guid="{1139c61b-b549-4251-8ed3-27250a1edec8}" />
      <EventID>131</EventID>
      <Version>0</Version>
      <Level>4</Level>
      <Task>4</Task>
      <Opcode>15</Opcode>
      <Keywords>0x4000000000000000</Keywords>
      <TimeCreated SystemTime="2019-08-28T13:42:28.567844800Z" />
      <EventRecordID>1096</EventRecordID>
      <Correlation ActivityID="{f420137d-2a77-4b41-8473-e5fbf5f10000}" />
      <Execution ProcessID="396" ThreadID="1172" />
      <Channel>Microsoft-Windows-RemoteDesktopServices-RdpCoreTS/Operational</Channel>
      <Computer>MSEDGEWIN10</Computer>
      <Security UserID="S-1-5-20" />
    </System>
    <EventData>
      <Data Name="ConnType">TCP</Data>
      <Data Name="ClientIP">10.0.2.17:50005</Data>
    </EventData>
  </Event>
  <Event xmlns="http://schemas.microsoft.com/win/2004/08/events/event">
    <System>
      <Provider Name="Microsoft-Windows-RemoteDesktopServices-RdpCoreTS" Guid="{1139c61b-b549-4251-8ed3-27250a1edec8}" />
      <EventID>65</EventID>
      <Version>0</Version>
      <Level>4</Level>
      <Task>4</Task>
      <Opcode>13</Opcode>
      <Keywords>0x4000000000000000</Keywords>
      <TimeCreated SystemTime="2019-08-28T13:42:28.569816700Z" />
      <EventRecordID>1097</EventRecordID>
      <Correlation ActivityID="{f420137d-2a77-4b41-8473-e5fbf5f10000}" />
      <Execution ProcessID="396" ThreadID="1168" />
      <Channel>Microsoft-Windows-RemoteDesktopServices-RdpCoreTS/Operational</Channel>
      <Computer>MSEDGEWIN10</Computer>
      <Security UserID="S-1-5-20" />
    </System>
    <EventData>
      <Data Name="ConnectionName">RDP-Tcp#2</Data>
    </EventData>
  </Event>
  <Event xmlns="http://schemas.microsoft.com/win/2004/08/events/event">
    <System>
      <Provider Name="Microsoft-Windows-RemoteDesktopServices-RdpCoreTS" Guid="{1139c61b-b549-4251-8ed3-27250a1edec8}" />
      <EventID>72</EventID>
      <Version>0</Version>
      <Level>4</Level>
      <Task>4</Task>
      <Opcode>13</Opcode>
      <Keywords>0x4000000000000000</Keywords>
      <TimeCreated SystemTime="2019-08-28T13:42:28.572179200Z" />
      <EventRecordID>1098</EventRecordID>
      <Correlation ActivityID="{f420137d-2a77-4b41-8473-e5fbf5f10000}" />
      <Execution ProcessID="396" ThreadID="4160" />
      <Channel>Microsoft-Windows-RemoteDesktopServices-RdpCoreTS/Operational</Channel>
      <Computer>MSEDGEWIN10</Computer>
      <Security UserID="S-1-5-20" />
    </System>
    <EventData>
      <Data Name="MethodName">PrepareForAccept</Data>
    </EventData>
  </Event>
  <Event xmlns="http://schemas.microsoft.com/win/2004/08/events/event">
    <System>
      <Provider Name="Microsoft-Windows-RemoteDesktopServices-RdpCoreTS" Guid="{1139c61b-b549-4251-8ed3-27250a1edec8}" />
      <EventID>72</EventID>
      <Version>0</Version>
      <Level>4</Level>
      <Task>4</Task>
      <Opcode>13</Opcode>
      <Keywords>0x4000000000000000</Keywords>
      <TimeCreated SystemTime="2019-08-28T13:42:28.572190900Z" />
      <EventRecordID>1099</EventRecordID>
      <Correlation ActivityID="{f420137d-2a77-4b41-8473-e5fbf5f10000}" />
      <Execution ProcessID="396" ThreadID="4160" />
      <Channel>Microsoft-Windows-RemoteDesktopServices-RdpCoreTS/Operational</Channel>
      <Computer>MSEDGEWIN10</Computer>
      <Security UserID="S-1-5-20" />
    </System>
    <EventData>
      <Data Name="MethodName">SendPolicyData</Data>
    </EventData>
  </Event>
  <Event xmlns="http://schemas.microsoft.com/win/2004/08/events/event">
    <System>
      <Provider Name="Microsoft-Windows-RemoteDesktopServices-RdpCoreTS" Guid="{1139c61b-b549-4251-8ed3-27250a1edec8}" />
      <EventID>141</EventID>
      <Version>0</Version>
      <Level>4</Level>
      <Task>4</Task>
      <Opcode>11</Opcode>
      <Keywords>0x4000000000000000</Keywords>
      <TimeCreated SystemTime="2019-08-28T13:42:28.573232400Z" />
      <EventRecordID>1100</EventRecordID>
      <Correlation ActivityID="{f420137d-2a77-4b41-8473-e5fbf5f10000}" />
      <Execution ProcessID="396" ThreadID="4160" />
      <Channel>Microsoft-Windows-RemoteDesktopServices-RdpCoreTS/Operational</Channel>
      <Computer>MSEDGEWIN10</Computer>
      <Security UserID="S-1-5-20" />
    </System>
    <EventData>
      <Data Name="InstanceID">2</Data>
    </EventData>
  </Event>
  <Event xmlns="http://schemas.microsoft.com/win/2004/08/events/event">
    <System>
      <Provider Name="Microsoft-Windows-RemoteDesktopServices-RdpCoreTS" Guid="{1139c61b-b549-4251-8ed3-27250a1edec8}" />
      <EventID>143</EventID>
      <Version>0</Version>
      <Level>3</Level>
      <Task>4</Task>
      <Opcode>15</Opcode>
      <Keywords>0x4000000000000000</Keywords>
      <TimeCreated SystemTime="2019-08-28T13:42:28.632364300Z" />
      <EventRecordID>1101</EventRecordID>
      <Correlation ActivityID="{f420137d-2a77-4b41-8473-e5fbf5f10000}" />
      <Execution ProcessID="396" ThreadID="3508" />
      <Channel>Microsoft-Windows-RemoteDesktopServices-RdpCoreTS/Operational</Channel>
      <Computer>MSEDGEWIN10</Computer>
      <Security UserID="S-1-5-20" />
    </System>
    <EventData>
      <Data Name="error">64</Data>
    </EventData>
  </Event>
  <Event xmlns="http://schemas.microsoft.com/win/2004/08/events/event">
    <System>
      <Provider Name="Microsoft-Windows-RemoteDesktopServices-RdpCoreTS" Guid="{1139c61b-b549-4251-8ed3-27250a1edec8}" />
      <EventID>226</EventID>
      <Version>0</Version>
      <Level>3</Level>
      <Task>4</Task>
      <Opcode>19</Opcode>
      <Keywords>0x4000000000000000</Keywords>
      <TimeCreated SystemTime="2019-08-28T13:42:28.632405700Z" />
      <EventRecordID>1102</EventRecordID>
      <Correlation ActivityID="{f420137d-2a77-4b41-8473-e5fbf5f10000}" />
      <Execution ProcessID="396" ThreadID="3508" />
      <Channel>Microsoft-Windows-RemoteDesktopServices-RdpCoreTS/Operational</Channel>
      <Computer>MSEDGEWIN10</Computer>
      <Security UserID="S-1-5-20" />
    </System>
    <EventData>
      <Data Name="StateTransition">RDP_TCP</Data>
      <Data Name="PreviousState">23</Data>
      <Data Name="PreviousStateName">StateUnknown</Data>
      <Data Name="NewState">21</Data>
      <Data Name="NewStateName">StateDisconnected</Data>
      <Data Name="Event">43</Data>
      <Data Name="EventName">Event_Disconnect</Data>
      <Data Name="ErrorCode">0x80070040</Data>
    </EventData>
  </Event>
  <Event xmlns="http://schemas.microsoft.com/win/2004/08/events/event">
    <System>
      <Provider Name="Microsoft-Windows-RemoteDesktopServices-RdpCoreTS" Guid="{1139c61b-b549-4251-8ed3-27250a1edec8}" />
      <EventID>142</EventID>
      <Version>0</Version>
      <Level>3</Level>
      <Task>4</Task>
      <Opcode>15</Opcode>
      <Keywords>0x4000000000000000</Keywords>
      <TimeCreated SystemTime="2019-08-28T13:42:28.632461300Z" />
      <EventRecordID>1103</EventRecordID>
      <Correlation ActivityID="{f420137d-2a77-4b41-8473-e5fbf5f10000}" />
      <Execution ProcessID="396" ThreadID="5800" />
      <Channel>Microsoft-Windows-RemoteDesktopServices-RdpCoreTS/Operational</Channel>
      <Computer>MSEDGEWIN10</Computer>
      <Security UserID="S-1-5-20" />
    </System>
    <EventData>
      <Data Name="error">64</Data>
    </EventData>
  </Event>
  