<Event xmlns="http://schemas.microsoft.com/win/2004/08/events/event">
    <System>
      <Provider Name="Microsoft-Windows-Security-Auditing" Guid="{54849625-5478-4994-a5ba-3e3b0328c30d}" />
      <EventID>4771</EventID>
      <Version>0</Version>
      <Level>0</Level>
      <Task>14339</Task>
      <Opcode>0</Opcode>
      <Keywords>0x8010000000000000</Keywords>
      <TimeCreated SystemTime="2021-12-02T14:54:33.261951100Z" />
      <EventRecordID>232256557</EventRecordID>
      <Correlation />
      <Execution ProcessID="596" ThreadID="2472" />
      <Channel>Security</Channel>
      <Computer>rootdc1.offsec.lan</Computer>
      <Security />
    </System>
    <EventData>
      <Data Name="TargetUserName">admin-hacker</Data>
      <Data Name="TargetSid">S-1-5-21-4230534742-2542757381-3142984815-1147</Data>
      <Data Name="ServiceName">krbtgt/OFFSEC.LAN</Data>
      <Data Name="TicketOptions">0x50800000</Data>
      <Data Name="Status">0x18</Data>
      <Data Name="PreAuthType">2</Data>
      <Data Name="IpAddress">::ffff:10.23.123.11</Data>
      <Data Name="IpPort">47658</Data>
      <Data Name="CertIssuerName">
      </Data>
      <Data Name="CertSerialNumber">
      </Data>
      <Data Name="CertThumbprint">
      </Data>
    </EventData>
  </Event>
  <Event xmlns="http://schemas.microsoft.com/win/2004/08/events/event">
    <System>
      <Provider Name="Microsoft-Windows-Security-Auditing" Guid="{54849625-5478-4994-a5ba-3e3b0328c30d}" />
      <EventID>4771</EventID>
      <Version>0</Version>
      <Level>0</Level>
      <Task>14339</Task>
      <Opcode>0</Opcode>
      <Keywords>0x8010000000000000</Keywords>
      <TimeCreated SystemTime="2021-12-02T14:54:33.580124900Z" />
      <EventRecordID>232256558</EventRecordID>
      <Correlation />
      <Execution ProcessID="596" ThreadID="2784" />
      <Channel>Security</Channel>
      <Computer>rootdc1.offsec.lan</Computer>
      <Security />
    </System>
    <EventData>
      <Data Name="TargetUserName">admin-hacker</Data>
      <Data Name="TargetSid">S-1-5-21-4230534742-2542757381-3142984815-1147</Data>
      <Data Name="ServiceName">krbtgt/OFFSEC.LAN</Data>
      <Data Name="TicketOptions">0x50800000</Data>
      <Data Name="Status">0x18</Data>
      <Data Name="PreAuthType">2</Data>
      <Data Name="IpAddress">::ffff:10.23.123.11</Data>
      <Data Name="IpPort">47662</Data>
      <Data Name="CertIssuerName">
      </Data>
      <Data Name="CertSerialNumber">
      </Data>
      <Data Name="CertThumbprint">
      </Data>
    </EventData>
  </Event>
  <Event xmlns="http://schemas.microsoft.com/win/2004/08/events/event">
    <System>
      <Provider Name="Microsoft-Windows-Security-Auditing" Guid="{54849625-5478-4994-a5ba-3e3b0328c30d}" />
      <EventID>4771</EventID>
      <Version>0</Version>
      <Level>0</Level>
      <Task>14339</Task>
      <Opcode>0</Opcode>
      <Keywords>0x8010000000000000</Keywords>
      <TimeCreated SystemTime="2021-12-02T14:54:33.894659100Z" />
      <EventRecordID>232256559</EventRecordID>
      <Correlation />
      <Execution ProcessID="596" ThreadID="2472" />
      <Channel>Security</Channel>
      <Computer>rootdc1.offsec.lan</Computer>
      <Security />
    </System>
    <EventData>
      <Data Name="TargetUserName">admin-hacker</Data>
      <Data Name="TargetSid">S-1-5-21-4230534742-2542757381-3142984815-1147</Data>
      <Data Name="ServiceName">krbtgt/OFFSEC.LAN</Data>
      <Data Name="TicketOptions">0x50800000</Data>
      <Data Name="Status">0x18</Data>
      <Data Name="PreAuthType">2</Data>
      <Data Name="IpAddress">::ffff:10.23.123.11</Data>
      <Data Name="IpPort">47666</Data>
      <Data Name="CertIssuerName">
      </Data>
      <Data Name="CertSerialNumber">
      </Data>
      <Data Name="CertThumbprint">
      </Data>
    </EventData>
  </Event>
  <Event xmlns="http://schemas.microsoft.com/win/2004/08/events/event">
    <System>
      <Provider Name="Microsoft-Windows-Security-Auditing" Guid="{54849625-5478-4994-a5ba-3e3b0328c30d}" />
      <EventID>4771</EventID>
      <Version>0</Version>
      <Level>0</Level>
      <Task>14339</Task>
      <Opcode>0</Opcode>
      <Keywords>0x8010000000000000</Keywords>
      <TimeCreated SystemTime="2021-12-02T14:54:34.218406500Z" />
      <EventRecordID>232256560</EventRecordID>
      <Correlation />
      <Execution ProcessID="596" ThreadID="2472" />
      <Channel>Security</Channel>
      <Computer>rootdc1.offsec.lan</Computer>
      <Security />
    </System>
    <EventData>
      <Data Name="TargetUserName">admin-hacker</Data>
      <Data Name="TargetSid">S-1-5-21-4230534742-2542757381-3142984815-1147</Data>
      <Data Name="ServiceName">krbtgt/OFFSEC.LAN</Data>
      <Data Name="TicketOptions">0x50800000</Data>
      <Data Name="Status">0x18</Data>
      <Data Name="PreAuthType">2</Data>
      <Data Name="IpAddress">::ffff:10.23.123.11</Data>
      <Data Name="IpPort">47670</Data>
      <Data Name="CertIssuerName">
      </Data>
      <Data Name="CertSerialNumber">
      </Data>
      <Data Name="CertThumbprint">
      </Data>
    </EventData>
  </Event>
  <Event xmlns="http://schemas.microsoft.com/win/2004/08/events/event">
    <System>
      <Provider Name="Microsoft-Windows-Security-Auditing" Guid="{54849625-5478-4994-a5ba-3e3b0328c30d}" />
      <EventID>4771</EventID>
      <Version>0</Version>
      <Level>0</Level>
      <Task>14339</Task>
      <Opcode>0</Opcode>
      <Keywords>0x8010000000000000</Keywords>
      <TimeCreated SystemTime="2021-12-02T14:54:34.532181700Z" />
      <EventRecordID>232256561</EventRecordID>
      <Correlation />
      <Execution ProcessID="596" ThreadID="2472" />
      <Channel>Security</Channel>
      <Computer>rootdc1.offsec.lan</Computer>
      <Security />
    </System>
    <EventData>
      <Data Name="TargetUserName">admin-hacker</Data>
      <Data Name="TargetSid">S-1-5-21-4230534742-2542757381-3142984815-1147</Data>
      <Data Name="ServiceName">krbtgt/OFFSEC.LAN</Data>
      <Data Name="TicketOptions">0x50800000</Data>
      <Data Name="Status">0x18</Data>
      <Data Name="PreAuthType">2</Data>
      <Data Name="IpAddress">::ffff:10.23.123.11</Data>
      <Data Name="IpPort">47674</Data>
      <Data Name="CertIssuerName">
      </Data>
      <Data Name="CertSerialNumber">
      </Data>
      <Data Name="CertThumbprint">
      </Data>
    </EventData>
  </Event>
  <Event xmlns="http://schemas.microsoft.com/win/2004/08/events/event">
    <System>
      <Provider Name="Microsoft-Windows-Security-Auditing" Guid="{54849625-5478-4994-a5ba-3e3b0328c30d}" />
      <EventID>4771</EventID>
      <Version>0</Version>
      <Level>0</Level>
      <Task>14339</Task>
      <Opcode>0</Opcode>
      <Keywords>0x8010000000000000</Keywords>
      <TimeCreated SystemTime="2021-12-02T14:54:34.842915200Z" />
      <EventRecordID>232256564</EventRecordID>
      <Correlation />
      <Execution ProcessID="596" ThreadID="2472" />
      <Channel>Security</Channel>
      <Computer>rootdc1.offsec.lan</Computer>
      <Security />
    </System>
    <EventData>
      <Data Name="TargetUserName">admin-hacker</Data>
      <Data Name="TargetSid">S-1-5-21-4230534742-2542757381-3142984815-1147</Data>
      <Data Name="ServiceName">krbtgt/OFFSEC.LAN</Data>
      <Data Name="TicketOptions">0x50800000</Data>
      <Data Name="Status">0x18</Data>
      <Data Name="PreAuthType">2</Data>
      <Data Name="IpAddress">::ffff:10.23.123.11</Data>
      <Data Name="IpPort">47678</Data>
      <Data Name="CertIssuerName">
      </Data>
      <Data Name="CertSerialNumber">
      </Data>
      <Data Name="CertThumbprint">
      </Data>
    </EventData>
  </Event>
  <Event xmlns="http://schemas.microsoft.com/win/2004/08/events/event">
    <System>
      <Provider Name="Microsoft-Windows-Security-Auditing" Guid="{54849625-5478-4994-a5ba-3e3b0328c30d}" />
      <EventID>4771</EventID>
      <Version>0</Version>
      <Level>0</Level>
      <Task>14339</Task>
      <Opcode>0</Opcode>
      <Keywords>0x8010000000000000</Keywords>
      <TimeCreated SystemTime="2021-12-02T14:54:35.154640900Z" />
      <EventRecordID>232256565</EventRecordID>
      <Correlation />
      <Execution ProcessID="596" ThreadID="2784" />
      <Channel>Security</Channel>
      <Computer>rootdc1.offsec.lan</Computer>
      <Security />
    </System>
    <EventData>
      <Data Name="TargetUserName">admin-hacker</Data>
      <Data Name="TargetSid">S-1-5-21-4230534742-2542757381-3142984815-1147</Data>
      <Data Name="ServiceName">krbtgt/OFFSEC.LAN</Data>
      <Data Name="TicketOptions">0x50800000</Data>
      <Data Name="Status">0x18</Data>
      <Data Name="PreAuthType">2</Data>
      <Data Name="IpAddress">::ffff:10.23.123.11</Data>
      <Data Name="IpPort">47682</Data>
      <Data Name="CertIssuerName">
      </Data>
      <Data Name="CertSerialNumber">
      </Data>
      <Data Name="CertThumbprint">
      </Data>
    </EventData>
  </Event>
  <Event xmlns="http://schemas.microsoft.com/win/2004/08/events/event">
    <System>
      <Provider Name="Microsoft-Windows-Security-Auditing" Guid="{54849625-5478-4994-a5ba-3e3b0328c30d}" />
      <EventID>4771</EventID>
      <Version>0</Version>
      <Level>0</Level>
      <Task>14339</Task>
      <Opcode>0</Opcode>
      <Keywords>0x8010000000000000</Keywords>
      <TimeCreated SystemTime="2021-12-02T14:54:35.467741800Z" />
      <EventRecordID>232256566</EventRecordID>
      <Correlation />
      <Execution ProcessID="596" ThreadID="2784" />
      <Channel>Security</Channel>
      <Computer>rootdc1.offsec.lan</Computer>
      <Security />
    </System>
    <EventData>
      <Data Name="TargetUserName">admin-hacker</Data>
      <Data Name="TargetSid">S-1-5-21-4230534742-2542757381-3142984815-1147</Data>
      <Data Name="ServiceName">krbtgt/OFFSEC.LAN</Data>
      <Data Name="TicketOptions">0x50800000</Data>
      <Data Name="Status">0x18</Data>
      <Data Name="PreAuthType">2</Data>
      <Data Name="IpAddress">::ffff:10.23.123.11</Data>
      <Data Name="IpPort">47686</Data>
      <Data Name="CertIssuerName">
      </Data>
      <Data Name="CertSerialNumber">
      </Data>
      <Data Name="CertThumbprint">
      </Data>
    </EventData>
  </Event>
  <Event xmlns="http://schemas.microsoft.com/win/2004/08/events/event">
    <System>
      <Provider Name="Microsoft-Windows-Security-Auditing" Guid="{54849625-5478-4994-a5ba-3e3b0328c30d}" />
      <EventID>4771</EventID>
      <Version>0</Version>
      <Level>0</Level>
      <Task>14339</Task>
      <Opcode>0</Opcode>
      <Keywords>0x8010000000000000</Keywords>
      <TimeCreated SystemTime="2021-12-02T14:54:35.772661600Z" />
      <EventRecordID>232256567</EventRecordID>
      <Correlation />
      <Execution ProcessID="596" ThreadID="2784" />
      <Channel>Security</Channel>
      <Computer>rootdc1.offsec.lan</Computer>
      <Security />
    </System>
    <EventData>
      <Data Name="TargetUserName">admin-hacker</Data>
      <Data Name="TargetSid">S-1-5-21-4230534742-2542757381-3142984815-1147</Data>
      <Data Name="ServiceName">krbtgt/OFFSEC.LAN</Data>
      <Data Name="TicketOptions">0x50800000</Data>
      <Data Name="Status">0x18</Data>
      <Data Name="PreAuthType">2</Data>
      <Data Name="IpAddress">::ffff:10.23.123.11</Data>
      <Data Name="IpPort">47690</Data>
      <Data Name="CertIssuerName">
      </Data>
      <Data Name="CertSerialNumber">
      </Data>
      <Data Name="CertThumbprint">
      </Data>
    </EventData>
  </Event>
  <Event xmlns="http://schemas.microsoft.com/win/2004/08/events/event">
    <System>
      <Provider Name="Microsoft-Windows-Security-Auditing" Guid="{54849625-5478-4994-a5ba-3e3b0328c30d}" />
      <EventID>4771</EventID>
      <Version>0</Version>
      <Level>0</Level>
      <Task>14339</Task>
      <Opcode>0</Opcode>
      <Keywords>0x8010000000000000</Keywords>
      <TimeCreated SystemTime="2021-12-02T14:54:36.082018200Z" />
      <EventRecordID>232256568</EventRecordID>
      <Correlation />
      <Execution ProcessID="596" ThreadID="2784" />
      <Channel>Security</Channel>
      <Computer>rootdc1.offsec.lan</Computer>
      <Security />
    </System>
    <EventData>
      <Data Name="TargetUserName">admin-hacker</Data>
      <Data Name="TargetSid">S-1-5-21-4230534742-2542757381-3142984815-1147</Data>
      <Data Name="ServiceName">krbtgt/OFFSEC.LAN</Data>
      <Data Name="TicketOptions">0x50800000</Data>
      <Data Name="Status">0x18</Data>
      <Data Name="PreAuthType">2</Data>
      <Data Name="IpAddress">::ffff:10.23.123.11</Data>
      <Data Name="IpPort">47694</Data>
      <Data Name="CertIssuerName">
      </Data>
      <Data Name="CertSerialNumber">
      </Data>
      <Data Name="CertThumbprint">
      </Data>
    </EventData>
  </Event>
  <Event xmlns="http://schemas.microsoft.com/win/2004/08/events/event">
    <System>
      <Provider Name="Microsoft-Windows-Security-Auditing" Guid="{54849625-5478-4994-a5ba-3e3b0328c30d}" />
      <EventID>4771</EventID>
      <Version>0</Version>
      <Level>0</Level>
      <Task>14339</Task>
      <Opcode>0</Opcode>
      <Keywords>0x8010000000000000</Keywords>
      <TimeCreated SystemTime="2021-12-02T14:54:36.401177000Z" />
      <EventRecordID>232256569</EventRecordID>
      <Correlation />
      <Execution ProcessID="596" ThreadID="2472" />
      <Channel>Security</Channel>
      <Computer>rootdc1.offsec.lan</Computer>
      <Security />
    </System>
    <EventData>
      <Data Name="TargetUserName">admin-hacker</Data>
      <Data Name="TargetSid">S-1-5-21-4230534742-2542757381-3142984815-1147</Data>
      <Data Name="ServiceName">krbtgt/OFFSEC.LAN</Data>
      <Data Name="TicketOptions">0x50800000</Data>
      <Data Name="Status">0x18</Data>
      <Data Name="PreAuthType">2</Data>
      <Data Name="IpAddress">::ffff:10.23.123.11</Data>
      <Data Name="IpPort">47698</Data>
      <Data Name="CertIssuerName">
      </Data>
      <Data Name="CertSerialNumber">
      </Data>
      <Data Name="CertThumbprint">
      </Data>
    </EventData>
  </Event>
  <Event xmlns="http://schemas.microsoft.com/win/2004/08/events/event">
    <System>
      <Provider Name="Microsoft-Windows-Security-Auditing" Guid="{54849625-5478-4994-a5ba-3e3b0328c30d}" />
      <EventID>4771</EventID>
      <Version>0</Version>
      <Level>0</Level>
      <Task>14339</Task>
      <Opcode>0</Opcode>
      <Keywords>0x8010000000000000</Keywords>
      <TimeCreated SystemTime="2021-12-02T14:54:36.723484500Z" />
      <EventRecordID>232256570</EventRecordID>
      <Correlation />
      <Execution ProcessID="596" ThreadID="2472" />
      <Channel>Security</Channel>
      <Computer>rootdc1.offsec.lan</Computer>
      <Security />
    </System>
    <EventData>
      <Data Name="TargetUserName">admin-hacker</Data>
      <Data Name="TargetSid">S-1-5-21-4230534742-2542757381-3142984815-1147</Data>
      <Data Name="ServiceName">krbtgt/OFFSEC.LAN</Data>
      <Data Name="TicketOptions">0x50800000</Data>
      <Data Name="Status">0x18</Data>
      <Data Name="PreAuthType">2</Data>
      <Data Name="IpAddress">::ffff:10.23.123.11</Data>
      <Data Name="IpPort">47702</Data>
      <Data Name="CertIssuerName">
      </Data>
      <Data Name="CertSerialNumber">
      </Data>
      <Data Name="CertThumbprint">
      </Data>
    </EventData>
  </Event>
  <Event xmlns="http://schemas.microsoft.com/win/2004/08/events/event">
    <System>
      <Provider Name="Microsoft-Windows-Security-Auditing" Guid="{54849625-5478-4994-a5ba-3e3b0328c30d}" />
      <EventID>4771</EventID>
      <Version>0</Version>
      <Level>0</Level>
      <Task>14339</Task>
      <Opcode>0</Opcode>
      <Keywords>0x8010000000000000</Keywords>
      <TimeCreated SystemTime="2021-12-02T14:54:37.030339600Z" />
      <EventRecordID>232256573</EventRecordID>
      <Correlation />
      <Execution ProcessID="596" ThreadID="2472" />
      <Channel>Security</Channel>
      <Computer>rootdc1.offsec.lan</Computer>
      <Security />
    </System>
    <EventData>
      <Data Name="TargetUserName">admin-hacker</Data>
      <Data Name="TargetSid">S-1-5-21-4230534742-2542757381-3142984815-1147</Data>
      <Data Name="ServiceName">krbtgt/OFFSEC.LAN</Data>
      <Data Name="TicketOptions">0x50800000</Data>
      <Data Name="Status">0x18</Data>
      <Data Name="PreAuthType">2</Data>
      <Data Name="IpAddress">::ffff:10.23.123.11</Data>
      <Data Name="IpPort">47706</Data>
      <Data Name="CertIssuerName">
      </Data>
      <Data Name="CertSerialNumber">
      </Data>
      <Data Name="CertThumbprint">
      </Data>
    </EventData>
  </Event>
  <Event xmlns="http://schemas.microsoft.com/win/2004/08/events/event">
    <System>
      <Provider Name="Microsoft-Windows-Security-Auditing" Guid="{54849625-5478-4994-a5ba-3e3b0328c30d}" />
      <EventID>4771</EventID>
      <Version>0</Version>
      <Level>0</Level>
      <Task>14339</Task>
      <Opcode>0</Opcode>
      <Keywords>0x8010000000000000</Keywords>
      <TimeCreated SystemTime="2021-12-02T14:54:37.340413800Z" />
      <EventRecordID>232256574</EventRecordID>
      <Correlation />
      <Execution ProcessID="596" ThreadID="2472" />
      <Channel>Security</Channel>
      <Computer>rootdc1.offsec.lan</Computer>
      <Security />
    </System>
    <EventData>
      <Data Name="TargetUserName">admin-hacker</Data>
      <Data Name="TargetSid">S-1-5-21-4230534742-2542757381-3142984815-1147</Data>
      <Data Name="ServiceName">krbtgt/OFFSEC.LAN</Data>
      <Data Name="TicketOptions">0x50800000</Data>
      <Data Name="Status">0x18</Data>
      <Data Name="PreAuthType">2</Data>
      <Data Name="IpAddress">::ffff:10.23.123.11</Data>
      <Data Name="IpPort">47710</Data>
      <Data Name="CertIssuerName">
      </Data>
      <Data Name="CertSerialNumber">
      </Data>
      <Data Name="CertThumbprint">
      </Data>
    </EventData>
  </Event>
  <Event xmlns="http://schemas.microsoft.com/win/2004/08/events/event">
    <System>
      <Provider Name="Microsoft-Windows-Security-Auditing" Guid="{54849625-5478-4994-a5ba-3e3b0328c30d}" />
      <EventID>4771</EventID>
      <Version>0</Version>
      <Level>0</Level>
      <Task>14339</Task>
      <Opcode>0</Opcode>
      <Keywords>0x8010000000000000</Keywords>
      <TimeCreated SystemTime="2021-12-02T14:54:37.652248100Z" />
      <EventRecordID>232256575</EventRecordID>
      <Correlation />
      <Execution ProcessID="596" ThreadID="2472" />
      <Channel>Security</Channel>
      <Computer>rootdc1.offsec.lan</Computer>
      <Security />
    </System>
    <EventData>
      <Data Name="TargetUserName">admin-hacker</Data>
      <Data Name="TargetSid">S-1-5-21-4230534742-2542757381-3142984815-1147</Data>
      <Data Name="ServiceName">krbtgt/OFFSEC.LAN</Data>
      <Data Name="TicketOptions">0x50800000</Data>
      <Data Name="Status">0x18</Data>
      <Data Name="PreAuthType">2</Data>
      <Data Name="IpAddress">::ffff:10.23.123.11</Data>
      <Data Name="IpPort">47714</Data>
      <Data Name="CertIssuerName">
      </Data>
      <Data Name="CertSerialNumber">
      </Data>
      <Data Name="CertThumbprint">
      </Data>
    </EventData>
  </Event>
  <Event xmlns="http://schemas.microsoft.com/win/2004/08/events/event">
    <System>
      <Provider Name="Microsoft-Windows-Security-Auditing" Guid="{54849625-5478-4994-a5ba-3e3b0328c30d}" />
      <EventID>4771</EventID>
      <Version>0</Version>
      <Level>0</Level>
      <Task>14339</Task>
      <Opcode>0</Opcode>
      <Keywords>0x8010000000000000</Keywords>
      <TimeCreated SystemTime="2021-12-02T14:54:37.969114600Z" />
      <EventRecordID>232256576</EventRecordID>
      <Correlation />
      <Execution ProcessID="596" ThreadID="2784" />
      <Channel>Security</Channel>
      <Computer>rootdc1.offsec.lan</Computer>
      <Security />
    </System>
    <EventData>
      <Data Name="TargetUserName">admin-hacker</Data>
      <Data Name="TargetSid">S-1-5-21-4230534742-2542757381-3142984815-1147</Data>
      <Data Name="ServiceName">krbtgt/OFFSEC.LAN</Data>
      <Data Name="TicketOptions">0x50800000</Data>
      <Data Name="Status">0x18</Data>
      <Data Name="PreAuthType">2</Data>
      <Data Name="IpAddress">::ffff:10.23.123.11</Data>
      <Data Name="IpPort">47718</Data>
      <Data Name="CertIssuerName">
      </Data>
      <Data Name="CertSerialNumber">
      </Data>
      <Data Name="CertThumbprint">
      </Data>
    </EventData>
  </Event>
</root>