<Event xmlns="http://schemas.microsoft.com/win/2004/08/events/event">
    <System>
      <Provider Name="Microsoft-Windows-Security-Auditing" Guid="{54849625-5478-4994-a5ba-3e3b0328c30d}" />
      <EventID>5145</EventID>
      <Version>0</Version>
      <Level>0</Level>
      <Task>12811</Task>
      <Opcode>0</Opcode>
      <Keywords>0x8020000000000000</Keywords>
      <TimeCreated SystemTime="2021-04-22T08:51:19.291901300Z" />
      <EventRecordID>435141</EventRecordID>
      <Correlation />
      <Execution ProcessID="480" ThreadID="488" />
      <Channel>Security</Channel>
      <Computer>fs03vuln.offsec.lan</Computer>
      <Security />
    </System>
    <EventData>
      <Data Name="SubjectUserSid">S-1-5-21-4230534742-2542757381-3142984815-1111</Data>
      <Data Name="SubjectUserName">admmig</Data>
      <Data Name="SubjectDomainName">OFFSEC</Data>
      <Data Name="SubjectLogonId">0x6c366</Data>
      <Data Name="ObjectType">File</Data>
      <Data Name="IpAddress">10.23.23.9</Data>
      <Data Name="IpPort">60052</Data>
      <Data Name="ShareName">\\*\C$</Data>
      <Data Name="ShareLocalPath">\??\C:\</Data>
      <Data Name="RelativeTargetName">USERS\ADMMIG\DESKTOP</Data>
      <Data Name="AccessMask">0x100081</Data>
      <Data Name="AccessList">%%1541
				%%4416
				%%4423
				</Data>
      <Data Name="AccessReason">-</Data>
    </EventData>
  </Event>
  <Event xmlns="http://schemas.microsoft.com/win/2004/08/events/event">
    <System>
      <Provider Name="Microsoft-Windows-Security-Auditing" Guid="{54849625-5478-4994-a5ba-3e3b0328c30d}" />
      <EventID>5145</EventID>
      <Version>0</Version>
      <Level>0</Level>
      <Task>12811</Task>
      <Opcode>0</Opcode>
      <Keywords>0x8020000000000000</Keywords>
      <TimeCreated SystemTime="2021-04-22T08:51:22.992024500Z" />
      <EventRecordID>435142</EventRecordID>
      <Correlation />
      <Execution ProcessID="480" ThreadID="488" />
      <Channel>Security</Channel>
      <Computer>fs03vuln.offsec.lan</Computer>
      <Security />
    </System>
    <EventData>
      <Data Name="SubjectUserSid">S-1-5-21-4230534742-2542757381-3142984815-1111</Data>
      <Data Name="SubjectUserName">admmig</Data>
      <Data Name="SubjectDomainName">OFFSEC</Data>
      <Data Name="SubjectLogonId">0x6c49d</Data>
      <Data Name="ObjectType">File</Data>
      <Data Name="IpAddress">10.23.23.9</Data>
      <Data Name="IpPort">60052</Data>
      <Data Name="ShareName">\\*\C$</Data>
      <Data Name="ShareLocalPath">\??\C:\</Data>
      <Data Name="RelativeTargetName">Users\admmig\Desktop\MS17_010_psexec.evtx</Data>
      <Data Name="AccessMask">0x80</Data>
      <Data Name="AccessList">%%4423
				</Data>
      <Data Name="AccessReason">-</Data>
    </EventData>
  </Event>
  <Event xmlns="http://schemas.microsoft.com/win/2004/08/events/event">
    <System>
      <Provider Name="Microsoft-Windows-Security-Auditing" Guid="{54849625-5478-4994-a5ba-3e3b0328c30d}" />
      <EventID>5145</EventID>
      <Version>0</Version>
      <Level>0</Level>
      <Task>12811</Task>
      <Opcode>0</Opcode>
      <Keywords>0x8020000000000000</Keywords>
      <TimeCreated SystemTime="2021-04-22T08:51:22.993423900Z" />
      <EventRecordID>435143</EventRecordID>
      <Correlation />
      <Execution ProcessID="480" ThreadID="488" />
      <Channel>Security</Channel>
      <Computer>fs03vuln.offsec.lan</Computer>
      <Security />
    </System>
    <EventData>
      <Data Name="SubjectUserSid">S-1-5-21-4230534742-2542757381-3142984815-1111</Data>
      <Data Name="SubjectUserName">admmig</Data>
      <Data Name="SubjectDomainName">OFFSEC</Data>
      <Data Name="SubjectLogonId">0x6c49d</Data>
      <Data Name="ObjectType">File</Data>
      <Data Name="IpAddress">10.23.23.9</Data>
      <Data Name="IpPort">60049</Data>
      <Data Name="ShareName">\\*\C$</Data>
      <Data Name="ShareLocalPath">\??\C:\</Data>
      <Data Name="RelativeTargetName">\</Data>
      <Data Name="AccessMask">0x100081</Data>
      <Data Name="AccessList">%%1541
				%%4416
				%%4423
				</Data>
      <Data Name="AccessReason">-</Data>
    </EventData>
  </Event>
  <Event xmlns="http://schemas.microsoft.com/win/2004/08/events/event">
    <System>
      <Provider Name="Microsoft-Windows-Security-Auditing" Guid="{54849625-5478-4994-a5ba-3e3b0328c30d}" />
      <EventID>5145</EventID>
      <Version>0</Version>
      <Level>0</Level>
      <Task>12811</Task>
      <Opcode>0</Opcode>
      <Keywords>0x8020000000000000</Keywords>
      <TimeCreated SystemTime="2021-04-22T08:51:22.994104300Z" />
      <EventRecordID>435144</EventRecordID>
      <Correlation />
      <Execution ProcessID="480" ThreadID="488" />
      <Channel>Security</Channel>
      <Computer>fs03vuln.offsec.lan</Computer>
      <Security />
    </System>
    <EventData>
      <Data Name="SubjectUserSid">S-1-5-21-4230534742-2542757381-3142984815-1111</Data>
      <Data Name="SubjectUserName">admmig</Data>
      <Data Name="SubjectDomainName">OFFSEC</Data>
      <Data Name="SubjectLogonId">0x6c49d</Data>
      <Data Name="ObjectType">File</Data>
      <Data Name="IpAddress">10.23.23.9</Data>
      <Data Name="IpPort">60052</Data>
      <Data Name="ShareName">\\*\C$</Data>
      <Data Name="ShareLocalPath">\??\C:\</Data>
      <Data Name="RelativeTargetName">Users\admmig</Data>
      <Data Name="AccessMask">0x100081</Data>
      <Data Name="AccessList">%%1541
				%%4416
				%%4423
				</Data>
      <Data Name="AccessReason">-</Data>
    </EventData>
  </Event>
  <Event xmlns="http://schemas.microsoft.com/win/2004/08/events/event">
    <System>
      <Provider Name="Microsoft-Windows-Security-Auditing" Guid="{54849625-5478-4994-a5ba-3e3b0328c30d}" />
      <EventID>5145</EventID>
      <Version>0</Version>
      <Level>0</Level>
      <Task>12811</Task>
      <Opcode>0</Opcode>
      <Keywords>0x8020000000000000</Keywords>
      <TimeCreated SystemTime="2021-04-22T08:51:23.009770500Z" />
      <EventRecordID>435145</EventRecordID>
      <Correlation />
      <Execution ProcessID="480" ThreadID="488" />
      <Channel>Security</Channel>
      <Computer>fs03vuln.offsec.lan</Computer>
      <Security />
    </System>
    <EventData>
      <Data Name="SubjectUserSid">S-1-5-21-4230534742-2542757381-3142984815-1111</Data>
      <Data Name="SubjectUserName">admmig</Data>
      <Data Name="SubjectDomainName">OFFSEC</Data>
      <Data Name="SubjectLogonId">0x6c49d</Data>
      <Data Name="ObjectType">File</Data>
      <Data Name="IpAddress">10.23.23.9</Data>
      <Data Name="IpPort">60049</Data>
      <Data Name="ShareName">\\*\C$</Data>
      <Data Name="ShareLocalPath">\??\C:\</Data>
      <Data Name="RelativeTargetName">USERS\ADMMIG\DESKTOP\DESKTOP.INI</Data>
      <Data Name="AccessMask">0x120089</Data>
      <Data Name="AccessList">%%1538
				%%1541
				%%4416
				%%4419
				%%4423
				</Data>
      <Data Name="AccessReason">-</Data>
    </EventData>
  </Event>
  <Event xmlns="http://schemas.microsoft.com/win/2004/08/events/event">
    <System>
      <Provider Name="Microsoft-Windows-Security-Auditing" Guid="{54849625-5478-4994-a5ba-3e3b0328c30d}" />
      <EventID>5140</EventID>
      <Version>1</Version>
      <Level>0</Level>
      <Task>12808</Task>
      <Opcode>0</Opcode>
      <Keywords>0x8020000000000000</Keywords>
      <TimeCreated SystemTime="2021-04-22T08:51:23.009770500Z" />
      <EventRecordID>435146</EventRecordID>
      <Correlation />
      <Execution ProcessID="4" ThreadID="240" />
      <Channel>Security</Channel>
      <Computer>fs03vuln.offsec.lan</Computer>
      <Security />
    </System>
    <EventData>
      <Data Name="SubjectUserSid">S-1-5-21-4230534742-2542757381-3142984815-1111</Data>
      <Data Name="SubjectUserName">admmig</Data>
      <Data Name="SubjectDomainName">OFFSEC</Data>
      <Data Name="SubjectLogonId">0x6c49d</Data>
      <Data Name="ObjectType">File</Data>
      <Data Name="IpAddress">10.23.23.9</Data>
      <Data Name="IpPort">60052</Data>
      <Data Name="ShareName">\\*\IPC$</Data>
      <Data Name="ShareLocalPath">
      </Data>
      <Data Name="AccessMask">0x1</Data>
      <Data Name="AccessList">%%4416
				</Data>
    </EventData>
  </Event>
  <Event xmlns="http://schemas.microsoft.com/win/2004/08/events/event">
    <System>
      <Provider Name="Microsoft-Windows-Security-Auditing" Guid="{54849625-5478-4994-a5ba-3e3b0328c30d}" />
      <EventID>5145</EventID>
      <Version>0</Version>
      <Level>0</Level>
      <Task>12811</Task>
      <Opcode>0</Opcode>
      <Keywords>0x8020000000000000</Keywords>
      <TimeCreated SystemTime="2021-04-22T08:51:23.009770500Z" />
      <EventRecordID>435147</EventRecordID>
      <Correlation />
      <Execution ProcessID="480" ThreadID="488" />
      <Channel>Security</Channel>
      <Computer>fs03vuln.offsec.lan</Computer>
      <Security />
    </System>
    <EventData>
      <Data Name="SubjectUserSid">S-1-5-21-4230534742-2542757381-3142984815-1111</Data>
      <Data Name="SubjectUserName">admmig</Data>
      <Data Name="SubjectDomainName">OFFSEC</Data>
      <Data Name="SubjectLogonId">0x6c49d</Data>
      <Data Name="ObjectType">File</Data>
      <Data Name="IpAddress">10.23.23.9</Data>
      <Data Name="IpPort">60049</Data>
      <Data Name="ShareName">\\*\IPC$</Data>
      <Data Name="ShareLocalPath">
      </Data>
      <Data Name="RelativeTargetName">srvsvc</Data>
      <Data Name="AccessMask">0x12019f</Data>
      <Data Name="AccessList">%%1538
				%%1541
				%%4416
				%%4417
				%%4418
				%%4419
				%%4420
				%%4423
				%%4424
				</Data>
      <Data Name="AccessReason">-</Data>
    </EventData>
  </Event>
  <Event xmlns="http://schemas.microsoft.com/win/2004/08/events/event">
    <System>
      <Provider Name="Microsoft-Windows-Security-Auditing" Guid="{54849625-5478-4994-a5ba-3e3b0328c30d}" />
      <EventID>5145</EventID>
      <Version>0</Version>
      <Level>0</Level>
      <Task>12811</Task>
      <Opcode>0</Opcode>
      <Keywords>0x8020000000000000</Keywords>
      <TimeCreated SystemTime="2021-04-22T08:51:23.009770500Z" />
      <EventRecordID>435148</EventRecordID>
      <Correlation />
      <Execution ProcessID="480" ThreadID="488" />
      <Channel>Security</Channel>
      <Computer>fs03vuln.offsec.lan</Computer>
      <Security />
    </System>
    <EventData>
      <Data Name="SubjectUserSid">S-1-5-21-4230534742-2542757381-3142984815-1111</Data>
      <Data Name="SubjectUserName">admmig</Data>
      <Data Name="SubjectDomainName">OFFSEC</Data>
      <Data Name="SubjectLogonId">0x6c49d</Data>
      <Data Name="ObjectType">File</Data>
      <Data Name="IpAddress">10.23.23.9</Data>
      <Data Name="IpPort">60052</Data>
      <Data Name="ShareName">\\*\C$</Data>
      <Data Name="ShareLocalPath">\??\C:\</Data>
      <Data Name="RelativeTargetName">Users\admmig\Desktop</Data>
      <Data Name="AccessMask">0x100080</Data>
      <Data Name="AccessList">%%1541
				%%4423
				</Data>
      <Data Name="AccessReason">-</Data>
    </EventData>
  </Event>
  <Event xmlns="http://schemas.microsoft.com/win/2004/08/events/event">
    <System>
      <Provider Name="Microsoft-Windows-Security-Auditing" Guid="{54849625-5478-4994-a5ba-3e3b0328c30d}" />
      <EventID>5145</EventID>
      <Version>0</Version>
      <Level>0</Level>
      <Task>12811</Task>
      <Opcode>0</Opcode>
      <Keywords>0x8020000000000000</Keywords>
      <TimeCreated SystemTime="2021-04-22T08:51:23.025403700Z" />
      <EventRecordID>435149</EventRecordID>
      <Correlation />
      <Execution ProcessID="480" ThreadID="488" />
      <Channel>Security</Channel>
      <Computer>fs03vuln.offsec.lan</Computer>
      <Security />
    </System>
    <EventData>
      <Data Name="SubjectUserSid">S-1-5-21-4230534742-2542757381-3142984815-1111</Data>
      <Data Name="SubjectUserName">admmig</Data>
      <Data Name="SubjectDomainName">OFFSEC</Data>
      <Data Name="SubjectLogonId">0x6c49d</Data>
      <Data Name="ObjectType">File</Data>
      <Data Name="IpAddress">10.23.23.9</Data>
      <Data Name="IpPort">60051</Data>
      <Data Name="ShareName">\\*\C$</Data>
      <Data Name="ShareLocalPath">\??\C:\</Data>
      <Data Name="RelativeTargetName">Users\admmig\Desktop\MS17_010_psexec.evtx</Data>
      <Data Name="AccessMask">0x100080</Data>
      <Data Name="AccessList">%%1541
				%%4423
				</Data>
      <Data Name="AccessReason">-</Data>
    </EventData>
  </Event>
  <Event xmlns="http://schemas.microsoft.com/win/2004/08/events/event">
    <System>
      <Provider Name="Microsoft-Windows-Security-Auditing" Guid="{54849625-5478-4994-a5ba-3e3b0328c30d}" />
      <EventID>5145</EventID>
      <Version>0</Version>
      <Level>0</Level>
      <Task>12811</Task>
      <Opcode>0</Opcode>
      <Keywords>0x8020000000000000</Keywords>
      <TimeCreated SystemTime="2021-04-22T08:51:23.025403700Z" />
      <EventRecordID>435150</EventRecordID>
      <Correlation />
      <Execution ProcessID="480" ThreadID="488" />
      <Channel>Security</Channel>
      <Computer>fs03vuln.offsec.lan</Computer>
      <Security />
    </System>
    <EventData>
      <Data Name="SubjectUserSid">S-1-5-21-4230534742-2542757381-3142984815-1111</Data>
      <Data Name="SubjectUserName">admmig</Data>
      <Data Name="SubjectDomainName">OFFSEC</Data>
      <Data Name="SubjectLogonId">0x6c49d</Data>
      <Data Name="ObjectType">File</Data>
      <Data Name="IpAddress">10.23.23.9</Data>
      <Data Name="IpPort">60053</Data>
      <Data Name="ShareName">\\*\C$</Data>
      <Data Name="ShareLocalPath">\??\C:\</Data>
      <Data Name="RelativeTargetName">Users\admmig\Desktop</Data>
      <Data Name="AccessMask">0x100080</Data>
      <Data Name="AccessList">%%1541
				%%4423
				</Data>
      <Data Name="AccessReason">-</Data>
    </EventData>
  </Event>
  <Event xmlns="http://schemas.microsoft.com/win/2004/08/events/event">
    <System>
      <Provider Name="Microsoft-Windows-Security-Auditing" Guid="{54849625-5478-4994-a5ba-3e3b0328c30d}" />
      <EventID>5145</EventID>
      <Version>0</Version>
      <Level>0</Level>
      <Task>12811</Task>
      <Opcode>0</Opcode>
      <Keywords>0x8020000000000000</Keywords>
      <TimeCreated SystemTime="2021-04-22T08:51:23.042419500Z" />
      <EventRecordID>435151</EventRecordID>
      <Correlation />
      <Execution ProcessID="480" ThreadID="488" />
      <Channel>Security</Channel>
      <Computer>fs03vuln.offsec.lan</Computer>
      <Security />
    </System>
    <EventData>
      <Data Name="SubjectUserSid">S-1-5-21-4230534742-2542757381-3142984815-1111</Data>
      <Data Name="SubjectUserName">admmig</Data>
      <Data Name="SubjectDomainName">OFFSEC</Data>
      <Data Name="SubjectLogonId">0x6c49d</Data>
      <Data Name="ObjectType">File</Data>
      <Data Name="IpAddress">10.23.23.9</Data>
      <Data Name="IpPort">60052</Data>
      <Data Name="ShareName">\\*\C$</Data>
      <Data Name="ShareLocalPath">\??\C:\</Data>
      <Data Name="RelativeTargetName">Users\admmig\Desktop\MS17_010_psexec.evtx</Data>
      <Data Name="AccessMask">0x100080</Data>
      <Data Name="AccessList">%%1541
				%%4423
				</Data>
      <Data Name="AccessReason">-</Data>
    </EventData>
  </Event>
  <Event xmlns="http://schemas.microsoft.com/win/2004/08/events/event">
    <System>
      <Provider Name="Microsoft-Windows-Security-Auditing" Guid="{54849625-5478-4994-a5ba-3e3b0328c30d}" />
      <EventID>5145</EventID>
      <Version>0</Version>
      <Level>0</Level>
      <Task>12811</Task>
      <Opcode>0</Opcode>
      <Keywords>0x8020000000000000</Keywords>
      <TimeCreated SystemTime="2021-04-22T08:51:23.044701300Z" />
      <EventRecordID>435152</EventRecordID>
      <Correlation />
      <Execution ProcessID="480" ThreadID="488" />
      <Channel>Security</Channel>
      <Computer>fs03vuln.offsec.lan</Computer>
      <Security />
    </System>
    <EventData>
      <Data Name="SubjectUserSid">S-1-5-21-4230534742-2542757381-3142984815-1111</Data>
      <Data Name="SubjectUserName">admmig</Data>
      <Data Name="SubjectDomainName">OFFSEC</Data>
      <Data Name="SubjectLogonId">0x6c49d</Data>
      <Data Name="ObjectType">File</Data>
      <Data Name="IpAddress">10.23.23.9</Data>
      <Data Name="IpPort">60051</Data>
      <Data Name="ShareName">\\*\C$</Data>
      <Data Name="ShareLocalPath">\??\C:\</Data>
      <Data Name="RelativeTargetName">Users\admmig\Desktop</Data>
      <Data Name="AccessMask">0x100081</Data>
      <Data Name="AccessList">%%1541
				%%4416
				%%4423
				</Data>
      <Data Name="AccessReason">-</Data>
    </EventData>
  </Event>
  <Event xmlns="http://schemas.microsoft.com/win/2004/08/events/event">
    <System>
      <Provider Name="Microsoft-Windows-Security-Auditing" Guid="{54849625-5478-4994-a5ba-3e3b0328c30d}" />
      <EventID>5145</EventID>
      <Version>0</Version>
      <Level>0</Level>
      <Task>12811</Task>
      <Opcode>0</Opcode>
      <Keywords>0x8020000000000000</Keywords>
      <TimeCreated SystemTime="2021-04-22T08:51:23.044701300Z" />
      <EventRecordID>435153</EventRecordID>
      <Correlation />
      <Execution ProcessID="480" ThreadID="488" />
      <Channel>Security</Channel>
      <Computer>fs03vuln.offsec.lan</Computer>
      <Security />
    </System>
    <EventData>
      <Data Name="SubjectUserSid">S-1-5-21-4230534742-2542757381-3142984815-1111</Data>
      <Data Name="SubjectUserName">admmig</Data>
      <Data Name="SubjectDomainName">OFFSEC</Data>
      <Data Name="SubjectLogonId">0x6c49d</Data>
      <Data Name="ObjectType">File</Data>
      <Data Name="IpAddress">10.23.23.9</Data>
      <Data Name="IpPort">60049</Data>
      <Data Name="ShareName">\\*\C$</Data>
      <Data Name="ShareLocalPath">\??\C:\</Data>
      <Data Name="RelativeTargetName">Users\admmig\Desktop\MS17_010_psexec.evtx</Data>
      <Data Name="AccessMask">0x100080</Data>
      <Data Name="AccessList">%%1541
				%%4423
				</Data>
      <Data Name="AccessReason">-</Data>
    </EventData>
  </Event>
  <Event xmlns="http://schemas.microsoft.com/win/2004/08/events/event">
    <System>
      <Provider Name="Microsoft-Windows-Security-Auditing" Guid="{54849625-5478-4994-a5ba-3e3b0328c30d}" />
      <EventID>5145</EventID>
      <Version>0</Version>
      <Level>0</Level>
      <Task>12811</Task>
      <Opcode>0</Opcode>
      <Keywords>0x8020000000000000</Keywords>
      <TimeCreated SystemTime="2021-04-22T08:51:23.060353900Z" />
      <EventRecordID>435154</EventRecordID>
      <Correlation />
      <Execution ProcessID="480" ThreadID="488" />
      <Channel>Security</Channel>
      <Computer>fs03vuln.offsec.lan</Computer>
      <Security />
    </System>
    <EventData>
      <Data Name="SubjectUserSid">S-1-5-21-4230534742-2542757381-3142984815-1111</Data>
      <Data Name="SubjectUserName">admmig</Data>
      <Data Name="SubjectDomainName">OFFSEC</Data>
      <Data Name="SubjectLogonId">0x6c49d</Data>
      <Data Name="ObjectType">File</Data>
      <Data Name="IpAddress">10.23.23.9</Data>
      <Data Name="IpPort">60053</Data>
      <Data Name="ShareName">\\*\C$</Data>
      <Data Name="ShareLocalPath">\??\C:\</Data>
      <Data Name="RelativeTargetName">Users\admmig\Desktop</Data>
      <Data Name="AccessMask">0x100080</Data>
      <Data Name="AccessList">%%1541
				%%4423
				</Data>
      <Data Name="AccessReason">-</Data>
    </EventData>
  </Event>
  <Event xmlns="http://schemas.microsoft.com/win/2004/08/events/event">
    <System>
      <Provider Name="Microsoft-Windows-Security-Auditing" Guid="{54849625-5478-4994-a5ba-3e3b0328c30d}" />
      <EventID>5145</EventID>
      <Version>0</Version>
      <Level>0</Level>
      <Task>12811</Task>
      <Opcode>0</Opcode>
      <Keywords>0x8020000000000000</Keywords>
      <TimeCreated SystemTime="2021-04-22T08:51:23.171018200Z" />
      <EventRecordID>435155</EventRecordID>
      <Correlation />
      <Execution ProcessID="480" ThreadID="488" />
      <Channel>Security</Channel>
      <Computer>fs03vuln.offsec.lan</Computer>
      <Security />
    </System>
    <EventData>
      <Data Name="SubjectUserSid">S-1-5-21-4230534742-2542757381-3142984815-1111</Data>
      <Data Name="SubjectUserName">admmig</Data>
      <Data Name="SubjectDomainName">OFFSEC</Data>
      <Data Name="SubjectLogonId">0x6c366</Data>
      <Data Name="ObjectType">File</Data>
      <Data Name="IpAddress">10.23.23.9</Data>
      <Data Name="IpPort">60051</Data>
      <Data Name="ShareName">\\*\C$</Data>
      <Data Name="ShareLocalPath">\??\C:\</Data>
      <Data Name="RelativeTargetName">Users\admmig\Desktop\MS17_010_psexec.evtx</Data>
      <Data Name="AccessMask">0x10080</Data>
      <Data Name="AccessList">%%1537
				%%4423
				</Data>
      <Data Name="AccessReason">-</Data>
    </EventData>
  </Event>
</root>