<root>
  <Event xmlns="http://schemas.microsoft.com/win/2004/08/events/event">
    <System>
      <Provider Name="Microsoft-Windows-Security-Auditing" Guid="{54849625-5478-4994-a5ba-3e3b0328c30d}" />
      <EventID>4624</EventID>
      <Version>2</Version>
      <Level>0</Level>
      <Task>12544</Task>
      <Opcode>0</Opcode>
      <Keywords>0x8020000000000000</Keywords>
      <TimeCreated SystemTime="2021-06-10T21:21:20.636029900Z" />
      <EventRecordID>2004840</EventRecordID>
      <Correlation ActivityID="{38068009-512d-0000-1d80-06382d51d701}" />
      <Execution ProcessID="556" ThreadID="5604" />
      <Channel>Security</Channel>
      <Computer>fs01.offsec.lan</Computer>
      <Security />
    </System>
    <EventData>
      <Data Name="SubjectUserSid">S-1-0-0</Data>
      <Data Name="SubjectUserName">-</Data>
      <Data Name="SubjectDomainName">-</Data>
      <Data Name="SubjectLogonId">0x0</Data>
      <Data Name="TargetUserSid">S-1-5-21-4230534742-2542757381-3142984815-1111</Data>
      <Data Name="TargetUserName">admmig</Data>
      <Data Name="TargetDomainName">OFFSEC.LAN</Data>
      <Data Name="TargetLogonId">0x5a4175e</Data>
      <Data Name="LogonType">3</Data>
      <Data Name="LogonProcessName">Kerberos</Data>
      <Data Name="AuthenticationPackageName">Kerberos</Data>
      <Data Name="WorkstationName">-</Data>
      <Data Name="LogonGuid">{c0582197-2b6f-e9b6-445f-7d1ca0efc55b}</Data>
      <Data Name="TransmittedServices">-</Data>
      <Data Name="LmPackageName">-</Data>
      <Data Name="KeyLength">0</Data>
      <Data Name="ProcessId">0x0</Data>
      <Data Name="ProcessName">-</Data>
      <Data Name="IpAddress">10.23.23.9</Data>
      <Data Name="IpPort">51503</Data>
      <Data Name="ImpersonationLevel">%%1833</Data>
      <Data Name="RestrictedAdminMode">-</Data>
      <Data Name="TargetOutboundUserName">-</Data>
      <Data Name="TargetOutboundDomainName">-</Data>
      <Data Name="VirtualAccount">%%1843</Data>
      <Data Name="TargetLinkedLogonId">0x0</Data>
      <Data Name="ElevatedToken">%%1842</Data>
    </EventData>
  </Event>
  <Event xmlns="http://schemas.microsoft.com/win/2004/08/events/event">
    <System>
      <Provider Name="Microsoft-Windows-Security-Auditing" Guid="{54849625-5478-4994-a5ba-3e3b0328c30d}" />
      <EventID>4624</EventID>
      <Version>2</Version>
      <Level>0</Level>
      <Task>12544</Task>
      <Opcode>0</Opcode>
      <Keywords>0x8020000000000000</Keywords>
      <TimeCreated SystemTime="2021-06-10T21:21:26.357649600Z" />
      <EventRecordID>2004844</EventRecordID>
      <Correlation ActivityID="{38068009-512d-0000-1d80-06382d51d701}" />
      <Execution ProcessID="556" ThreadID="5604" />
      <Channel>Security</Channel>
      <Computer>fs01.offsec.lan</Computer>
      <Security />
    </System>
    <EventData>
      <Data Name="SubjectUserSid">S-1-0-0</Data>
      <Data Name="SubjectUserName">-</Data>
      <Data Name="SubjectDomainName">-</Data>
      <Data Name="SubjectLogonId">0x0</Data>
      <Data Name="TargetUserSid">S-1-5-21-4230534742-2542757381-3142984815-1111</Data>
      <Data Name="TargetUserName">admmig</Data>
      <Data Name="TargetDomainName">OFFSEC</Data>
      <Data Name="TargetLogonId">0x5a41984</Data>
      <Data Name="LogonType">3</Data>
      <Data Name="LogonProcessName">NtLmSsp </Data>
      <Data Name="AuthenticationPackageName">NTLM</Data>
      <Data Name="WorkstationName">-</Data>
      <Data Name="LogonGuid">{00000000-0000-0000-0000-000000000000}</Data>
      <Data Name="TransmittedServices">-</Data>
      <Data Name="LmPackageName">NTLM V2</Data>
      <Data Name="KeyLength">0</Data>
      <Data Name="ProcessId">0x0</Data>
      <Data Name="ProcessName">-</Data>
      <Data Name="IpAddress">10.23.123.11</Data>
      <Data Name="IpPort">56594</Data>
      <Data Name="ImpersonationLevel">%%1833</Data>
      <Data Name="RestrictedAdminMode">-</Data>
      <Data Name="TargetOutboundUserName">-</Data>
      <Data Name="TargetOutboundDomainName">-</Data>
      <Data Name="VirtualAccount">%%1843</Data>
      <Data Name="TargetLinkedLogonId">0x0</Data>
      <Data Name="ElevatedToken">%%1842</Data>
    </EventData>
  </Event>
  <Event xmlns="http://schemas.microsoft.com/win/2004/08/events/event">
    <System>
      <Provider Name="Microsoft-Windows-Security-Auditing" Guid="{54849625-5478-4994-a5ba-3e3b0328c30d}" />
      <EventID>5145</EventID>
      <Version>0</Version>
      <Level>0</Level>
      <Task>12811</Task>
      <Opcode>0</Opcode>
      <Keywords>0x8020000000000000</Keywords>
      <TimeCreated SystemTime="2021-06-10T21:21:26.363377700Z" />
      <EventRecordID>2004847</EventRecordID>
      <Correlation />
      <Execution ProcessID="4" ThreadID="2756" />
      <Channel>Security</Channel>
      <Computer>fs01.offsec.lan</Computer>
      <Security />
    </System>
    <EventData>
      <Data Name="SubjectUserSid">S-1-5-21-4230534742-2542757381-3142984815-1111</Data>
      <Data Name="SubjectUserName">admmig</Data>
      <Data Name="SubjectDomainName">OFFSEC</Data>
      <Data Name="SubjectLogonId">0x5a41984</Data>
      <Data Name="ObjectType">File</Data>
      <Data Name="IpAddress">10.23.123.11</Data>
      <Data Name="IpPort">56594</Data>
      <Data Name="ShareName">\\*\IPC$</Data>
      <Data Name="ShareLocalPath">
      </Data>
      <Data Name="RelativeTargetName">atsvc</Data>
      <Data Name="AccessMask">0x3</Data>
      <Data Name="AccessList">%%4416
				%%4417
				</Data>
      <Data Name="AccessReason">-</Data>
    </EventData>
  </Event>
  <Event xmlns="http://schemas.microsoft.com/win/2004/08/events/event">
    <System>
      <Provider Name="Microsoft-Windows-Security-Auditing" Guid="{54849625-5478-4994-a5ba-3e3b0328c30d}" />
      <EventID>4624</EventID>
      <Version>2</Version>
      <Level>0</Level>
      <Task>12544</Task>
      <Opcode>0</Opcode>
      <Keywords>0x8020000000000000</Keywords>
      <TimeCreated SystemTime="2021-06-10T21:21:26.377075400Z" />
      <EventRecordID>2004850</EventRecordID>
      <Correlation ActivityID="{38068009-512d-0000-1d80-06382d51d701}" />
      <Execution ProcessID="556" ThreadID="5604" />
      <Channel>Security</Channel>
      <Computer>fs01.offsec.lan</Computer>
      <Security />
    </System>
    <EventData>
      <Data Name="SubjectUserSid">S-1-0-0</Data>
      <Data Name="SubjectUserName">-</Data>
      <Data Name="SubjectDomainName">-</Data>
      <Data Name="SubjectLogonId">0x0</Data>
      <Data Name="TargetUserSid">S-1-5-21-4230534742-2542757381-3142984815-1111</Data>
      <Data Name="TargetUserName">admmig</Data>
      <Data Name="TargetDomainName">OFFSEC</Data>
      <Data Name="TargetLogonId">0x5a419bc</Data>
      <Data Name="LogonType">3</Data>
      <Data Name="LogonProcessName">NtLmSsp </Data>
      <Data Name="AuthenticationPackageName">NTLM</Data>
      <Data Name="WorkstationName">-</Data>
      <Data Name="LogonGuid">{00000000-0000-0000-0000-000000000000}</Data>
      <Data Name="TransmittedServices">-</Data>
      <Data Name="LmPackageName">NTLM V2</Data>
      <Data Name="KeyLength">128</Data>
      <Data Name="ProcessId">0x0</Data>
      <Data Name="ProcessName">-</Data>
      <Data Name="IpAddress">-</Data>
      <Data Name="IpPort">-</Data>
      <Data Name="ImpersonationLevel">%%1833</Data>
      <Data Name="RestrictedAdminMode">-</Data>
      <Data Name="TargetOutboundUserName">-</Data>
      <Data Name="TargetOutboundDomainName">-</Data>
      <Data Name="VirtualAccount">%%1843</Data>
      <Data Name="TargetLinkedLogonId">0x0</Data>
      <Data Name="ElevatedToken">%%1842</Data>
    </EventData>
  </Event>
  <Event xmlns="http://schemas.microsoft.com/win/2004/08/events/event">
    <System>
      <Provider Name="Microsoft-Windows-Security-Auditing" Guid="{54849625-5478-4994-a5ba-3e3b0328c30d}" />
      <EventID>4698</EventID>
      <Version>0</Version>
      <Level>0</Level>
      <Task>12804</Task>
      <Opcode>0</Opcode>
      <Keywords>0x8020000000000000</Keywords>
      <TimeCreated SystemTime="2021-06-10T21:21:26.383726300Z" />
      <EventRecordID>2004852</EventRecordID>
      <Correlation ActivityID="{38068009-512d-0000-1d80-06382d51d701}" />
      <Execution ProcessID="556" ThreadID="5604" />
      <Channel>Security</Channel>
      <Computer>fs01.offsec.lan</Computer>
      <Security />
    </System>
    <EventData>
      <Data Name="SubjectUserSid">S-1-5-21-4230534742-2542757381-3142984815-1111</Data>
      <Data Name="SubjectUserName">admmig</Data>
      <Data Name="SubjectDomainName">OFFSEC</Data>
      <Data Name="SubjectLogonId">0x5a419bc</Data>
      <Data Name="TaskName">\bouWFQYO</Data>
      <Data Name="TaskContent">&lt;?xml version="1.0" encoding="UTF-16"?&gt;
&lt;Task version="1.2" xmlns="http://schemas.microsoft.com/windows/2004/02/mit/task"&gt;
  &lt;Triggers&gt;
    &lt;CalendarTrigger&gt;
      &lt;StartBoundary&gt;2015-07-15T20:35:13.2757294&lt;/StartBoundary&gt;
      &lt;Enabled&gt;true&lt;/Enabled&gt;
      &lt;ScheduleByDay&gt;
        &lt;DaysInterval&gt;1&lt;/DaysInterval&gt;
      &lt;/ScheduleByDay&gt;
    &lt;/CalendarTrigger&gt;
  &lt;/Triggers&gt;
  &lt;Principals&gt;
    &lt;Principal id="LocalSystem"&gt;
      &lt;UserId&gt;S-1-5-18&lt;/UserId&gt;
      &lt;RunLevel&gt;HighestAvailable&lt;/RunLevel&gt;
      &lt;LogonType&gt;InteractiveToken&lt;/LogonType&gt;
    &lt;/Principal&gt;
  &lt;/Principals&gt;
  &lt;Settings&gt;
    &lt;MultipleInstancesPolicy&gt;IgnoreNew&lt;/MultipleInstancesPolicy&gt;
    &lt;DisallowStartIfOnBatteries&gt;false&lt;/DisallowStartIfOnBatteries&gt;
    &lt;StopIfGoingOnBatteries&gt;false&lt;/StopIfGoingOnBatteries&gt;
    &lt;AllowHardTerminate&gt;true&lt;/AllowHardTerminate&gt;
    &lt;RunOnlyIfNetworkAvailable&gt;false&lt;/RunOnlyIfNetworkAvailable&gt;
    &lt;IdleSettings&gt;
      &lt;StopOnIdleEnd&gt;true&lt;/StopOnIdleEnd&gt;
      &lt;RestartOnIdle&gt;false&lt;/RestartOnIdle&gt;
    &lt;/IdleSettings&gt;
    &lt;AllowStartOnDemand&gt;true&lt;/AllowStartOnDemand&gt;
    &lt;Enabled&gt;true&lt;/Enabled&gt;
    &lt;Hidden&gt;true&lt;/Hidden&gt;
    &lt;RunOnlyIfIdle&gt;false&lt;/RunOnlyIfIdle&gt;
    &lt;WakeToRun&gt;false&lt;/WakeToRun&gt;
    &lt;ExecutionTimeLimit&gt;P3D&lt;/ExecutionTimeLimit&gt;
    &lt;Priority&gt;7&lt;/Priority&gt;
  &lt;/Settings&gt;
  &lt;Actions Context="LocalSystem"&gt;
    &lt;Exec&gt;
      &lt;Command&gt;cmd.exe&lt;/Command&gt;
      &lt;Arguments&gt;/C whoami &amp;gt; %windir%\Temp\bouWFQYO.tmp 2&amp;gt;&amp;amp;1&lt;/Arguments&gt;
    &lt;/Exec&gt;
  &lt;/Actions&gt;
  &lt;RegistrationInfo&gt;
    &lt;URI&gt;\bouWFQYO&lt;/URI&gt;
  &lt;/RegistrationInfo&gt;
&lt;/Task&gt;</Data>
    </EventData>
  </Event>
  <Event xmlns="http://schemas.microsoft.com/win/2004/08/events/event">
    <System>
      <Provider Name="Microsoft-Windows-Security-Auditing" Guid="{54849625-5478-4994-a5ba-3e3b0328c30d}" />
      <EventID>4688</EventID>
      <Version>2</Version>
      <Level>0</Level>
      <Task>13312</Task>
      <Opcode>0</Opcode>
      <Keywords>0x8020000000000000</Keywords>
      <TimeCreated SystemTime="2021-06-10T21:21:26.390750800Z" />
      <EventRecordID>2004853</EventRecordID>
      <Correlation />
      <Execution ProcessID="4" ThreadID="2756" />
      <Channel>Security</Channel>
      <Computer>fs01.offsec.lan</Computer>
      <Security />
    </System>
    <EventData>
      <Data Name="SubjectUserSid">S-1-5-18</Data>
      <Data Name="SubjectUserName">FS01$</Data>
      <Data Name="SubjectDomainName">OFFSEC</Data>
      <Data Name="SubjectLogonId">0x3e7</Data>
      <Data Name="NewProcessId">0x3d0</Data>
      <Data Name="NewProcessName">C:\Windows\System32\cmd.exe</Data>
      <Data Name="TokenElevationType">%%1936</Data>
      <Data Name="ProcessId">0x414</Data>
      <Data Name="CommandLine">cmd.exe /C whoami &gt; C:\Windows\Temp\bouWFQYO.tmp 2&gt;&amp;1</Data>
      <Data Name="TargetUserSid">S-1-0-0</Data>
      <Data Name="TargetUserName">-</Data>
      <Data Name="TargetDomainName">-</Data>
      <Data Name="TargetLogonId">0x0</Data>
      <Data Name="ParentProcessName">C:\Windows\System32\svchost.exe</Data>
      <Data Name="MandatoryLabel">S-1-16-16384</Data>
    </EventData>
  </Event>
  <Event xmlns="http://schemas.microsoft.com/win/2004/08/events/event">
    <System>
      <Provider Name="Microsoft-Windows-Security-Auditing" Guid="{54849625-5478-4994-a5ba-3e3b0328c30d}" />
      <EventID>4688</EventID>
      <Version>2</Version>
      <Level>0</Level>
      <Task>13312</Task>
      <Opcode>0</Opcode>
      <Keywords>0x8020000000000000</Keywords>
      <TimeCreated SystemTime="2021-06-10T21:21:26.395312000Z" />
      <EventRecordID>2004854</EventRecordID>
      <Correlation />
      <Execution ProcessID="4" ThreadID="2756" />
      <Channel>Security</Channel>
      <Computer>fs01.offsec.lan</Computer>
      <Security />
    </System>
    <EventData>
      <Data Name="SubjectUserSid">S-1-5-18</Data>
      <Data Name="SubjectUserName">FS01$</Data>
      <Data Name="SubjectDomainName">OFFSEC</Data>
      <Data Name="SubjectLogonId">0x3e7</Data>
      <Data Name="NewProcessId">0x141c</Data>
      <Data Name="NewProcessName">C:\Windows\System32\conhost.exe</Data>
      <Data Name="TokenElevationType">%%1936</Data>
      <Data Name="ProcessId">0x3d0</Data>
      <Data Name="CommandLine">\??\C:\Windows\system32\conhost.exe 0xffffffff -ForceV1</Data>
      <Data Name="TargetUserSid">S-1-0-0</Data>
      <Data Name="TargetUserName">-</Data>
      <Data Name="TargetDomainName">-</Data>
      <Data Name="TargetLogonId">0x0</Data>
      <Data Name="ParentProcessName">C:\Windows\System32\cmd.exe</Data>
      <Data Name="MandatoryLabel">S-1-16-16384</Data>
    </EventData>
  </Event>
  <Event xmlns="http://schemas.microsoft.com/win/2004/08/events/event">
    <System>
      <Provider Name="Microsoft-Windows-Security-Auditing" Guid="{54849625-5478-4994-a5ba-3e3b0328c30d}" />
      <EventID>4699</EventID>
      <Version>0</Version>
      <Level>0</Level>
      <Task>12804</Task>
      <Opcode>0</Opcode>
      <Keywords>0x8020000000000000</Keywords>
      <TimeCreated SystemTime="2021-06-10T21:21:26.406652600Z" />
      <EventRecordID>2004855</EventRecordID>
      <Correlation ActivityID="{38068009-512d-0000-1d80-06382d51d701}" />
      <Execution ProcessID="556" ThreadID="5604" />
      <Channel>Security</Channel>
      <Computer>fs01.offsec.lan</Computer>
      <Security />
    </System>
    <EventData>
      <Data Name="SubjectUserSid">S-1-5-21-4230534742-2542757381-3142984815-1111</Data>
      <Data Name="SubjectUserName">admmig</Data>
      <Data Name="SubjectDomainName">OFFSEC</Data>
      <Data Name="SubjectLogonId">0x5a419bc</Data>
      <Data Name="TaskName">\bouWFQYO</Data>
      <Data Name="TaskContent">
      </Data>
    </EventData>
  </Event>
  <Event xmlns="http://schemas.microsoft.com/win/2004/08/events/event">
    <System>
      <Provider Name="Microsoft-Windows-Security-Auditing" Guid="{54849625-5478-4994-a5ba-3e3b0328c30d}" />
      <EventID>5145</EventID>
      <Version>0</Version>
      <Level>0</Level>
      <Task>12811</Task>
      <Opcode>0</Opcode>
      <Keywords>0x8020000000000000</Keywords>
      <TimeCreated SystemTime="2021-06-10T21:21:26.415349200Z" />
      <EventRecordID>2004857</EventRecordID>
      <Correlation />
      <Execution ProcessID="4" ThreadID="2756" />
      <Channel>Security</Channel>
      <Computer>fs01.offsec.lan</Computer>
      <Security />
    </System>
    <EventData>
      <Data Name="SubjectUserSid">S-1-5-21-4230534742-2542757381-3142984815-1111</Data>
      <Data Name="SubjectUserName">admmig</Data>
      <Data Name="SubjectDomainName">OFFSEC</Data>
      <Data Name="SubjectLogonId">0x5a41984</Data>
      <Data Name="ObjectType">File</Data>
      <Data Name="IpAddress">10.23.123.11</Data>
      <Data Name="IpPort">56594</Data>
      <Data Name="ShareName">\\*\ADMIN$</Data>
      <Data Name="ShareLocalPath">\??\C:\Windows</Data>
      <Data Name="RelativeTargetName">Temp\bouWFQYO.tmp</Data>
      <Data Name="AccessMask">0x1</Data>
      <Data Name="AccessList">%%4416
				</Data>
      <Data Name="AccessReason">-</Data>
    </EventData>
  </Event>
  <Event xmlns="http://schemas.microsoft.com/win/2004/08/events/event">
    <System>
      <Provider Name="Microsoft-Windows-Security-Auditing" Guid="{54849625-5478-4994-a5ba-3e3b0328c30d}" />
      <EventID>4688</EventID>
      <Version>2</Version>
      <Level>0</Level>
      <Task>13312</Task>
      <Opcode>0</Opcode>
      <Keywords>0x8020000000000000</Keywords>
      <TimeCreated SystemTime="2021-06-10T21:21:26.424638900Z" />
      <EventRecordID>2004858</EventRecordID>
      <Correlation />
      <Execution ProcessID="4" ThreadID="2756" />
      <Channel>Security</Channel>
      <Computer>fs01.offsec.lan</Computer>
      <Security />
    </System>
    <EventData>
      <Data Name="SubjectUserSid">S-1-5-18</Data>
      <Data Name="SubjectUserName">FS01$</Data>
      <Data Name="SubjectDomainName">OFFSEC</Data>
      <Data Name="SubjectLogonId">0x3e7</Data>
      <Data Name="NewProcessId">0x1444</Data>
      <Data Name="NewProcessName">C:\Windows\System32\whoami.exe</Data>
      <Data Name="TokenElevationType">%%1936</Data>
      <Data Name="ProcessId">0x3d0</Data>
      <Data Name="CommandLine">whoami  </Data>
      <Data Name="TargetUserSid">S-1-0-0</Data>
      <Data Name="TargetUserName">-</Data>
      <Data Name="TargetDomainName">-</Data>
      <Data Name="TargetLogonId">0x0</Data>
      <Data Name="ParentProcessName">C:\Windows\System32\cmd.exe</Data>
      <Data Name="MandatoryLabel">S-1-16-16384</Data>
    </EventData>
  </Event>
  <Event xmlns="http://schemas.microsoft.com/win/2004/08/events/event">
    <System>
      <Provider Name="Microsoft-Windows-Security-Auditing" Guid="{54849625-5478-4994-a5ba-3e3b0328c30d}" />
      <EventID>5145</EventID>
      <Version>0</Version>
      <Level>0</Level>
      <Task>12811</Task>
      <Opcode>0</Opcode>
      <Keywords>0x8020000000000000</Keywords>
      <TimeCreated SystemTime="2021-06-10T21:21:29.427051400Z" />
      <EventRecordID>2004860</EventRecordID>
      <Correlation />
      <Execution ProcessID="4" ThreadID="5172" />
      <Channel>Security</Channel>
      <Computer>fs01.offsec.lan</Computer>
      <Security />
    </System>
    <EventData>
      <Data Name="SubjectUserSid">S-1-5-21-4230534742-2542757381-3142984815-1111</Data>
      <Data Name="SubjectUserName">admmig</Data>
      <Data Name="SubjectDomainName">OFFSEC</Data>
      <Data Name="SubjectLogonId">0x5a41984</Data>
      <Data Name="ObjectType">File</Data>
      <Data Name="IpAddress">10.23.123.11</Data>
      <Data Name="IpPort">56594</Data>
      <Data Name="ShareName">\\*\ADMIN$</Data>
      <Data Name="ShareLocalPath">\??\C:\Windows</Data>
      <Data Name="RelativeTargetName">Temp\bouWFQYO.tmp</Data>
      <Data Name="AccessMask">0x1</Data>
      <Data Name="AccessList">%%4416
				</Data>
      <Data Name="AccessReason">-</Data>
    </EventData>
  </Event>
  <Event xmlns="http://schemas.microsoft.com/win/2004/08/events/event">
    <System>
      <Provider Name="Microsoft-Windows-Security-Auditing" Guid="{54849625-5478-4994-a5ba-3e3b0328c30d}" />
      <EventID>5145</EventID>
      <Version>0</Version>
      <Level>0</Level>
      <Task>12811</Task>
      <Opcode>0</Opcode>
      <Keywords>0x8020000000000000</Keywords>
      <TimeCreated SystemTime="2021-06-10T21:21:29.441570200Z" />
      <EventRecordID>2004862</EventRecordID>
      <Correlation />
      <Execution ProcessID="4" ThreadID="5172" />
      <Channel>Security</Channel>
      <Computer>fs01.offsec.lan</Computer>
      <Security />
    </System>
    <EventData>
      <Data Name="SubjectUserSid">S-1-5-21-4230534742-2542757381-3142984815-1111</Data>
      <Data Name="SubjectUserName">admmig</Data>
      <Data Name="SubjectDomainName">OFFSEC</Data>
      <Data Name="SubjectLogonId">0x5a41984</Data>
      <Data Name="ObjectType">File</Data>
      <Data Name="IpAddress">10.23.123.11</Data>
      <Data Name="IpPort">56594</Data>
      <Data Name="ShareName">\\*\ADMIN$</Data>
      <Data Name="ShareLocalPath">\??\C:\Windows</Data>
      <Data Name="RelativeTargetName">Temp\bouWFQYO.tmp</Data>
      <Data Name="AccessMask">0x10080</Data>
      <Data Name="AccessList">%%1537
				%%4423
				</Data>
      <Data Name="AccessReason">-</Data>
    </EventData>
  </Event>
</root>