<root>
  <Event xmlns="http://schemas.microsoft.com/win/2004/08/events/event">
    <System>
      <Provider Name="Microsoft-Windows-Security-Auditing" Guid="{54849625-5478-4994-a5ba-3e3b0328c30d}" />
      <EventID>4720</EventID>
      <Version>0</Version>
      <Level>0</Level>
      <Task>13824</Task>
      <Opcode>0</Opcode>
      <Keywords>0x8020000000000000</Keywords>
      <TimeCreated SystemTime="2021-06-01T14:06:34.542413200Z" />
      <EventRecordID>1945920</EventRecordID>
      <Correlation ActivityID="{38068009-512d-0000-1d80-06382d51d701}" />
      <Execution ProcessID="556" ThreadID="1880" />
      <Channel>Security</Channel>
      <Computer>fs01.offsec.lan</Computer>
      <Security />
    </System>
    <EventData>
      <Data Name="TargetUserName">WADGUtilityAccount</Data>
      <Data Name="TargetDomainName">FS01</Data>
      <Data Name="TargetSid">S-1-5-21-1081258321-37805170-3511562335-1000</Data>
      <Data Name="SubjectUserSid">S-1-5-21-4230534742-2542757381-3142984815-1111</Data>
      <Data Name="SubjectUserName">admmig</Data>
      <Data Name="SubjectDomainName">OFFSEC</Data>
      <Data Name="SubjectLogonId">0x46b7b4</Data>
      <Data Name="PrivilegeList">-</Data>
      <Data Name="SamAccountName">WADGUtilityAccount</Data>
      <Data Name="DisplayName">%%1793</Data>
      <Data Name="UserPrincipalName">-</Data>
      <Data Name="HomeDirectory">%%1793</Data>
      <Data Name="HomePath">%%1793</Data>
      <Data Name="ScriptPath">%%1793</Data>
      <Data Name="ProfilePath">%%1793</Data>
      <Data Name="UserWorkstations">%%1793</Data>
      <Data Name="PasswordLastSet">%%1794</Data>
      <Data Name="AccountExpires">%%1794</Data>
      <Data Name="PrimaryGroupId">513</Data>
      <Data Name="AllowedToDelegateTo">-</Data>
      <Data Name="OldUacValue">0x0</Data>
      <Data Name="NewUacValue">0x15</Data>
      <Data Name="UserAccountControl">
		%%2080
		%%2082
		%%2084</Data>
      <Data Name="UserParameters">%%1793</Data>
      <Data Name="SidHistory">-</Data>
      <Data Name="LogonHours">%%1797</Data>
    </EventData>
  </Event>
  <Event xmlns="http://schemas.microsoft.com/win/2004/08/events/event">
    <System>
      <Provider Name="Microsoft-Windows-Security-Auditing" Guid="{54849625-5478-4994-a5ba-3e3b0328c30d}" />
      <EventID>4720</EventID>
      <Version>0</Version>
      <Level>0</Level>
      <Task>13824</Task>
      <Opcode>0</Opcode>
      <Keywords>0x8020000000000000</Keywords>
      <TimeCreated SystemTime="2021-06-01T14:08:21.225567400Z" />
      <EventRecordID>1945943</EventRecordID>
      <Correlation ActivityID="{38068009-512d-0000-1d80-06382d51d701}" />
      <Execution ProcessID="556" ThreadID="596" />
      <Channel>Security</Channel>
      <Computer>fs01.offsec.lan</Computer>
      <Security />
    </System>
    <EventData>
      <Data Name="TargetUserName">elie</Data>
      <Data Name="TargetDomainName">FS01</Data>
      <Data Name="TargetSid">S-1-5-21-1081258321-37805170-3511562335-1001</Data>
      <Data Name="SubjectUserSid">S-1-5-21-4230534742-2542757381-3142984815-1111</Data>
      <Data Name="SubjectUserName">admmig</Data>
      <Data Name="SubjectDomainName">OFFSEC</Data>
      <Data Name="SubjectLogonId">0x46b7b4</Data>
      <Data Name="PrivilegeList">-</Data>
      <Data Name="SamAccountName">elie</Data>
      <Data Name="DisplayName">%%1793</Data>
      <Data Name="UserPrincipalName">-</Data>
      <Data Name="HomeDirectory">%%1793</Data>
      <Data Name="HomePath">%%1793</Data>
      <Data Name="ScriptPath">%%1793</Data>
      <Data Name="ProfilePath">%%1793</Data>
      <Data Name="UserWorkstations">%%1793</Data>
      <Data Name="PasswordLastSet">%%1794</Data>
      <Data Name="AccountExpires">%%1794</Data>
      <Data Name="PrimaryGroupId">513</Data>
      <Data Name="AllowedToDelegateTo">-</Data>
      <Data Name="OldUacValue">0x0</Data>
      <Data Name="NewUacValue">0x15</Data>
      <Data Name="UserAccountControl">
		%%2080
		%%2082
		%%2084</Data>
      <Data Name="UserParameters">%%1793</Data>
      <Data Name="SidHistory">-</Data>
      <Data Name="LogonHours">%%1797</Data>
    </EventData>
  </Event>
  <Event xmlns="http://schemas.microsoft.com/win/2004/08/events/event">
    <System>
      <Provider Name="Microsoft-Windows-Security-Auditing" Guid="{54849625-5478-4994-a5ba-3e3b0328c30d}" />
      <EventID>4698</EventID>
      <Version>0</Version>
      <Level>0</Level>
      <Task>12804</Task>
      <Opcode>0</Opcode>
      <Keywords>0x8020000000000000</Keywords>
      <TimeCreated SystemTime="2021-06-01T14:09:38.437109700Z" />
      <EventRecordID>1945985</EventRecordID>
      <Correlation ActivityID="{38068009-512d-0000-1d80-06382d51d701}" />
      <Execution ProcessID="556" ThreadID="596" />
      <Channel>Security</Channel>
      <Computer>fs01.offsec.lan</Computer>
      <Security />
    </System>
    <EventData>
      <Data Name="SubjectUserSid">S-1-5-21-4230534742-2542757381-3142984815-1111</Data>
      <Data Name="SubjectUserName">admmig</Data>
      <Data Name="SubjectDomainName">OFFSEC</Data>
      <Data Name="SubjectLogonId">0x46b7b4</Data>
      <Data Name="TaskName">\Microsoft\SynchronizeTimeZone</Data>
      <Data Name="TaskContent">&lt;?xml version="1.0" encoding="UTF-16"?&gt;
&lt;Task version="1.2" xmlns="http://schemas.microsoft.com/windows/2004/02/mit/task"&gt;
  &lt;RegistrationInfo&gt;
    &lt;Date&gt;2021-06-01T16:09:38.3707854&lt;/Date&gt;
    &lt;Author&gt;OFFSEC\admmig&lt;/Author&gt;
    &lt;URI&gt;\Microsoft\SynchronizeTimeZone&lt;/URI&gt;
  &lt;/RegistrationInfo&gt;
  &lt;Triggers&gt;
    &lt;CalendarTrigger&gt;
      &lt;StartBoundary&gt;2021-06-01T16:09:35.8747701&lt;/StartBoundary&gt;
      &lt;Enabled&gt;true&lt;/Enabled&gt;
      &lt;ScheduleByDay&gt;
        &lt;DaysInterval&gt;1&lt;/DaysInterval&gt;
      &lt;/ScheduleByDay&gt;
    &lt;/CalendarTrigger&gt;
  &lt;/Triggers&gt;
  &lt;Principals&gt;
    &lt;Principal id="Author"&gt;
      &lt;RunLevel&gt;LeastPrivilege&lt;/RunLevel&gt;
      &lt;UserId&gt;OFFSEC\admmig&lt;/UserId&gt;
      &lt;LogonType&gt;InteractiveToken&lt;/LogonType&gt;
    &lt;/Principal&gt;
  &lt;/Principals&gt;
  &lt;Settings&gt;
    &lt;MultipleInstancesPolicy&gt;IgnoreNew&lt;/MultipleInstancesPolicy&gt;
    &lt;DisallowStartIfOnBatteries&gt;true&lt;/DisallowStartIfOnBatteries&gt;
    &lt;StopIfGoingOnBatteries&gt;true&lt;/StopIfGoingOnBatteries&gt;
    &lt;AllowHardTerminate&gt;true&lt;/AllowHardTerminate&gt;
    &lt;StartWhenAvailable&gt;false&lt;/StartWhenAvailable&gt;
    &lt;RunOnlyIfNetworkAvailable&gt;false&lt;/RunOnlyIfNetworkAvailable&gt;
    &lt;IdleSettings&gt;
      &lt;Duration&gt;PT10M&lt;/Duration&gt;
      &lt;WaitTimeout&gt;PT1H&lt;/WaitTimeout&gt;
      &lt;StopOnIdleEnd&gt;true&lt;/StopOnIdleEnd&gt;
      &lt;RestartOnIdle&gt;false&lt;/RestartOnIdle&gt;
    &lt;/IdleSettings&gt;
    &lt;AllowStartOnDemand&gt;true&lt;/AllowStartOnDemand&gt;
    &lt;Enabled&gt;true&lt;/Enabled&gt;
    &lt;Hidden&gt;false&lt;/Hidden&gt;
    &lt;RunOnlyIfIdle&gt;false&lt;/RunOnlyIfIdle&gt;
    &lt;WakeToRun&gt;false&lt;/WakeToRun&gt;
    &lt;ExecutionTimeLimit&gt;P3D&lt;/ExecutionTimeLimit&gt;
    &lt;Priority&gt;7&lt;/Priority&gt;
  &lt;/Settings&gt;
  &lt;Actions Context="Author"&gt;
    &lt;Exec&gt;
      &lt;Command&gt;adf&lt;/Command&gt;
    &lt;/Exec&gt;
  &lt;/Actions&gt;
&lt;/Task&gt;</Data>
    </EventData>
  </Event>
</root>