<root>
  <Event xmlns="http://schemas.microsoft.com/win/2004/08/events/event">
    <System>
      <Provider Name="Microsoft-Windows-Security-Auditing" Guid="{54849625-5478-4994-a5ba-3e3b0328c30d}" />
      <EventID>4656</EventID>
      <Version>1</Version>
      <Level>0</Level>
      <Task>12804</Task>
      <Opcode>0</Opcode>
      <Keywords>0x8020000000000000</Keywords>
      <TimeCreated SystemTime="2022-01-26T09:16:25.3232236Z" />
      <EventRecordID>7068010</EventRecordID>
      <Correlation />
      <Execution ProcessID="4" ThreadID="4344" />
      <Channel>Security</Channel>
      <Computer>win10-02.offsec.lan</Computer>
      <Security />
    </System>
    <EventData>
      <Data Name="SubjectUserSid">S-1-5-21-4230534742-2542757381-3142984815-1111</Data>
      <Data Name="SubjectUserName">admmig</Data>
      <Data Name="SubjectDomainName">OFFSEC</Data>
      <Data Name="SubjectLogonId">0x1d42387</Data>
      <Data Name="ObjectServer">WS-Management Listener</Data>
      <Data Name="ObjectType">Unknown</Data>
      <Data Name="ObjectName">Unknown</Data>
      <Data Name="HandleId">0x0</Data>
      <Data Name="TransactionId">{00000000-0000-0000-0000-000000000000}</Data>
      <Data Name="AccessList">%%1552
				%%1553
				%%1554
				</Data>
      <Data Name="AccessReason">-</Data>
      <Data Name="AccessMask">0x7</Data>
      <Data Name="PrivilegeList">-</Data>
      <Data Name="RestrictedSidCount">0</Data>
      <Data Name="ProcessId">0x668</Data>
      <Data Name="ProcessName">C:\Windows\System32\svchost.exe</Data>
      <Data Name="ResourceAttributes">-</Data>
    </EventData>
  </Event>
  <Event xmlns="http://schemas.microsoft.com/win/2004/08/events/event">
    <System>
      <Provider Name="Microsoft-Windows-Security-Auditing" Guid="{54849625-5478-4994-A5BA-3E3B0328C30D}" />
      <EventID>4656</EventID>
      <Version>1</Version>
      <Level>0</Level>
      <Task>12804</Task>
      <Opcode>0</Opcode>
      <Keywords>0x8020000000000000</Keywords>
      <TimeCreated SystemTime="2022-01-26T09:16:02.863605900Z" />
      <EventRecordID>1955556</EventRecordID>
      <Correlation />
      <Execution ProcessID="480" ThreadID="488" />
      <Channel>Security</Channel>
      <Computer>fs03vuln.offsec.lan</Computer>
      <Security />
    </System>
    <EventData>
      <Data Name="SubjectUserSid">S-1-5-21-4230534742-2542757381-3142984815-1111</Data>
      <Data Name="SubjectUserName">admmig</Data>
      <Data Name="SubjectDomainName">OFFSEC</Data>
      <Data Name="SubjectLogonId">0x15861ac5</Data>
      <Data Name="ObjectServer">WS-Management Listener</Data>
      <Data Name="ObjectType">Unknown</Data>
      <Data Name="ObjectName">Unknown</Data>
      <Data Name="HandleId">0x0</Data>
      <Data Name="TransactionId">{00000000-0000-0000-0000-000000000000}</Data>
      <Data Name="AccessList">%%1552
				%%1553
				%%1554
				</Data>
      <Data Name="AccessReason">-</Data>
      <Data Name="AccessMask">0x7</Data>
      <Data Name="PrivilegeList">-</Data>
      <Data Name="RestrictedSidCount">0</Data>
      <Data Name="ProcessId">0x370</Data>
      <Data Name="ProcessName">C:\Windows\System32\svchost.exe</Data>
      <Data Name="ResourceAttributes">-</Data>
    </EventData>
  </Event>
  <Event xmlns="http://schemas.microsoft.com/win/2004/08/events/event">
    <System>
      <Provider Name="Microsoft-Windows-Security-Auditing" Guid="{54849625-5478-4994-A5BA-3E3B0328C30D}" />
      <EventID>4656</EventID>
      <Version>1</Version>
      <Level>0</Level>
      <Task>12804</Task>
      <Opcode>0</Opcode>
      <Keywords>0x8020000000000000</Keywords>
      <TimeCreated SystemTime="2022-01-26T09:16:03.030542600Z" />
      <EventRecordID>1955567</EventRecordID>
      <Correlation />
      <Execution ProcessID="480" ThreadID="488" />
      <Channel>Security</Channel>
      <Computer>fs03vuln.offsec.lan</Computer>
      <Security />
    </System>
    <EventData>
      <Data Name="SubjectUserSid">S-1-5-21-4230534742-2542757381-3142984815-1111</Data>
      <Data Name="SubjectUserName">admmig</Data>
      <Data Name="SubjectDomainName">OFFSEC</Data>
      <Data Name="SubjectLogonId">0x15862803</Data>
      <Data Name="ObjectServer">WS-Management Listener</Data>
      <Data Name="ObjectType">Unknown</Data>
      <Data Name="ObjectName">Unknown</Data>
      <Data Name="HandleId">0x0</Data>
      <Data Name="TransactionId">{00000000-0000-0000-0000-000000000000}</Data>
      <Data Name="AccessList">%%1552
				%%1553
				%%1554
				</Data>
      <Data Name="AccessReason">-</Data>
      <Data Name="AccessMask">0x7</Data>
      <Data Name="PrivilegeList">-</Data>
      <Data Name="RestrictedSidCount">0</Data>
      <Data Name="ProcessId">0x370</Data>
      <Data Name="ProcessName">C:\Windows\System32\svchost.exe</Data>
      <Data Name="ResourceAttributes">-</Data>
    </EventData>
  </Event>
  <Event xmlns="http://schemas.microsoft.com/win/2004/08/events/event">
    <System>
      <Provider Name="Microsoft-Windows-Security-Auditing" Guid="{54849625-5478-4994-A5BA-3E3B0328C30D}" />
      <EventID>4656</EventID>
      <Version>1</Version>
      <Level>0</Level>
      <Task>12804</Task>
      <Opcode>0</Opcode>
      <Keywords>0x8020000000000000</Keywords>
      <TimeCreated SystemTime="2022-01-26T09:16:25.419006100Z" />
      <EventRecordID>256171081</EventRecordID>
      <Correlation />
      <Execution ProcessID="4" ThreadID="5832" />
      <Channel>Security</Channel>
      <Computer>rootdc1.offsec.lan</Computer>
      <Security />
    </System>
    <EventData>
      <Data Name="SubjectUserSid">S-1-5-21-4230534742-2542757381-3142984815-1111</Data>
      <Data Name="SubjectUserName">admmig</Data>
      <Data Name="SubjectDomainName">OFFSEC</Data>
      <Data Name="SubjectLogonId">0xdbbde9412</Data>
      <Data Name="ObjectServer">WS-Management Listener</Data>
      <Data Name="ObjectType">Unknown</Data>
      <Data Name="ObjectName">Unknown</Data>
      <Data Name="HandleId">0x0</Data>
      <Data Name="TransactionId">{00000000-0000-0000-0000-000000000000}</Data>
      <Data Name="AccessList">%%1552
				%%1553
				%%1554
				</Data>
      <Data Name="AccessReason">-</Data>
      <Data Name="AccessMask">0x7</Data>
      <Data Name="PrivilegeList">-</Data>
      <Data Name="RestrictedSidCount">0</Data>
      <Data Name="ProcessId">0x420</Data>
      <Data Name="ProcessName">C:\Windows\System32\svchost.exe</Data>
      <Data Name="ResourceAttributes">-</Data>
    </EventData>
  </Event>
  <Event xmlns="http://schemas.microsoft.com/win/2004/08/events/event">
    <System>
      <Provider Name="Microsoft-Windows-Security-Auditing" Guid="{54849625-5478-4994-A5BA-3E3B0328C30D}" />
      <EventID>4656</EventID>
      <Version>1</Version>
      <Level>0</Level>
      <Task>12804</Task>
      <Opcode>0</Opcode>
      <Keywords>0x8020000000000000</Keywords>
      <TimeCreated SystemTime="2022-01-26T09:16:04.345650700Z" />
      <EventRecordID>1955573</EventRecordID>
      <Correlation />
      <Execution ProcessID="480" ThreadID="488" />
      <Channel>Security</Channel>
      <Computer>fs03vuln.offsec.lan</Computer>
      <Security />
    </System>
    <EventData>
      <Data Name="SubjectUserSid">S-1-5-21-4230534742-2542757381-3142984815-1111</Data>
      <Data Name="SubjectUserName">admmig</Data>
      <Data Name="SubjectDomainName">OFFSEC</Data>
      <Data Name="SubjectLogonId">0x15863b32</Data>
      <Data Name="ObjectServer">WS-Management Listener</Data>
      <Data Name="ObjectType">Unknown</Data>
      <Data Name="ObjectName">Unknown</Data>
      <Data Name="HandleId">0x0</Data>
      <Data Name="TransactionId">{00000000-0000-0000-0000-000000000000}</Data>
      <Data Name="AccessList">%%1552
				%%1553
				%%1554
				</Data>
      <Data Name="AccessReason">-</Data>
      <Data Name="AccessMask">0x7</Data>
      <Data Name="PrivilegeList">-</Data>
      <Data Name="RestrictedSidCount">0</Data>
      <Data Name="ProcessId">0x370</Data>
      <Data Name="ProcessName">C:\Windows\System32\svchost.exe</Data>
      <Data Name="ResourceAttributes">-</Data>
    </EventData>
  </Event>
  <Event xmlns="http://schemas.microsoft.com/win/2004/08/events/event">
    <System>
      <Provider Name="Microsoft-Windows-Security-Auditing" Guid="{54849625-5478-4994-A5BA-3E3B0328C30D}" />
      <EventID>4656</EventID>
      <Version>1</Version>
      <Level>0</Level>
      <Task>12804</Task>
      <Opcode>0</Opcode>
      <Keywords>0x8020000000000000</Keywords>
      <TimeCreated SystemTime="2022-01-26T09:16:04.345650700Z" />
      <EventRecordID>1955577</EventRecordID>
      <Correlation />
      <Execution ProcessID="480" ThreadID="488" />
      <Channel>Security</Channel>
      <Computer>fs03vuln.offsec.lan</Computer>
      <Security />
    </System>
    <EventData>
      <Data Name="SubjectUserSid">S-1-5-21-4230534742-2542757381-3142984815-1111</Data>
      <Data Name="SubjectUserName">admmig</Data>
      <Data Name="SubjectDomainName">OFFSEC</Data>
      <Data Name="SubjectLogonId">0x15863b3f</Data>
      <Data Name="ObjectServer">WS-Management Listener</Data>
      <Data Name="ObjectType">Unknown</Data>
      <Data Name="ObjectName">Unknown</Data>
      <Data Name="HandleId">0x0</Data>
      <Data Name="TransactionId">{00000000-0000-0000-0000-000000000000}</Data>
      <Data Name="AccessList">%%1552
				%%1553
				%%1554
				</Data>
      <Data Name="AccessReason">-</Data>
      <Data Name="AccessMask">0x7</Data>
      <Data Name="PrivilegeList">-</Data>
      <Data Name="RestrictedSidCount">0</Data>
      <Data Name="ProcessId">0x370</Data>
      <Data Name="ProcessName">C:\Windows\System32\svchost.exe</Data>
      <Data Name="ResourceAttributes">-</Data>
    </EventData>
  </Event>
  <Event xmlns="http://schemas.microsoft.com/win/2004/08/events/event">
    <System>
      <Provider Name="Microsoft-Windows-Security-Auditing" Guid="{54849625-5478-4994-A5BA-3E3B0328C30D}" />
      <EventID>4656</EventID>
      <Version>1</Version>
      <Level>0</Level>
      <Task>12804</Task>
      <Opcode>0</Opcode>
      <Keywords>0x8020000000000000</Keywords>
      <TimeCreated SystemTime="2022-01-26T09:16:04.345650700Z" />
      <EventRecordID>1955581</EventRecordID>
      <Correlation />
      <Execution ProcessID="480" ThreadID="488" />
      <Channel>Security</Channel>
      <Computer>fs03vuln.offsec.lan</Computer>
      <Security />
    </System>
    <EventData>
      <Data Name="SubjectUserSid">S-1-5-21-4230534742-2542757381-3142984815-1111</Data>
      <Data Name="SubjectUserName">admmig</Data>
      <Data Name="SubjectDomainName">OFFSEC</Data>
      <Data Name="SubjectLogonId">0x15863b4e</Data>
      <Data Name="ObjectServer">WS-Management Listener</Data>
      <Data Name="ObjectType">Unknown</Data>
      <Data Name="ObjectName">Unknown</Data>
      <Data Name="HandleId">0x0</Data>
      <Data Name="TransactionId">{00000000-0000-0000-0000-000000000000}</Data>
      <Data Name="AccessList">%%1552
				%%1553
				%%1554
				</Data>
      <Data Name="AccessReason">-</Data>
      <Data Name="AccessMask">0x7</Data>
      <Data Name="PrivilegeList">-</Data>
      <Data Name="RestrictedSidCount">0</Data>
      <Data Name="ProcessId">0x370</Data>
      <Data Name="ProcessName">C:\Windows\System32\svchost.exe</Data>
      <Data Name="ResourceAttributes">-</Data>
    </EventData>
  </Event>
  <Event xmlns="http://schemas.microsoft.com/win/2004/08/events/event">
    <System>
      <Provider Name="Microsoft-Windows-Security-Auditing" Guid="{54849625-5478-4994-A5BA-3E3B0328C30D}" />
      <EventID>4656</EventID>
      <Version>1</Version>
      <Level>0</Level>
      <Task>12804</Task>
      <Opcode>0</Opcode>
      <Keywords>0x8020000000000000</Keywords>
      <TimeCreated SystemTime="2022-01-26T09:16:04.439402100Z" />
      <EventRecordID>1955586</EventRecordID>
      <Correlation />
      <Execution ProcessID="480" ThreadID="488" />
      <Channel>Security</Channel>
      <Computer>fs03vuln.offsec.lan</Computer>
      <Security />
    </System>
    <EventData>
      <Data Name="SubjectUserSid">S-1-5-21-4230534742-2542757381-3142984815-1111</Data>
      <Data Name="SubjectUserName">admmig</Data>
      <Data Name="SubjectDomainName">OFFSEC</Data>
      <Data Name="SubjectLogonId">0x158648e5</Data>
      <Data Name="ObjectServer">WS-Management Listener</Data>
      <Data Name="ObjectType">Unknown</Data>
      <Data Name="ObjectName">Unknown</Data>
      <Data Name="HandleId">0x0</Data>
      <Data Name="TransactionId">{00000000-0000-0000-0000-000000000000}</Data>
      <Data Name="AccessList">%%1552
				%%1553
				%%1554
				</Data>
      <Data Name="AccessReason">-</Data>
      <Data Name="AccessMask">0x7</Data>
      <Data Name="PrivilegeList">-</Data>
      <Data Name="RestrictedSidCount">0</Data>
      <Data Name="ProcessId">0x370</Data>
      <Data Name="ProcessName">C:\Windows\System32\svchost.exe</Data>
      <Data Name="ResourceAttributes">-</Data>
    </EventData>
  </Event>
  <Event xmlns="http://schemas.microsoft.com/win/2004/08/events/event">
    <System>
      <Provider Name="Microsoft-Windows-Security-Auditing" Guid="{54849625-5478-4994-A5BA-3E3B0328C30D}" />
      <EventID>4656</EventID>
      <Version>1</Version>
      <Level>0</Level>
      <Task>12804</Task>
      <Opcode>0</Opcode>
      <Keywords>0x8020000000000000</Keywords>
      <TimeCreated SystemTime="2022-01-26T09:16:04.798806300Z" />
      <EventRecordID>1955594</EventRecordID>
      <Correlation />
      <Execution ProcessID="480" ThreadID="488" />
      <Channel>Security</Channel>
      <Computer>fs03vuln.offsec.lan</Computer>
      <Security />
    </System>
    <EventData>
      <Data Name="SubjectUserSid">S-1-5-21-4230534742-2542757381-3142984815-1111</Data>
      <Data Name="SubjectUserName">admmig</Data>
      <Data Name="SubjectDomainName">OFFSEC</Data>
      <Data Name="SubjectLogonId">0x15866309</Data>
      <Data Name="ObjectServer">WS-Management Listener</Data>
      <Data Name="ObjectType">Unknown</Data>
      <Data Name="ObjectName">Unknown</Data>
      <Data Name="HandleId">0x0</Data>
      <Data Name="TransactionId">{00000000-0000-0000-0000-000000000000}</Data>
      <Data Name="AccessList">%%1552
				%%1553
				%%1554
				</Data>
      <Data Name="AccessReason">-</Data>
      <Data Name="AccessMask">0x7</Data>
      <Data Name="PrivilegeList">-</Data>
      <Data Name="RestrictedSidCount">0</Data>
      <Data Name="ProcessId">0x370</Data>
      <Data Name="ProcessName">C:\Windows\System32\svchost.exe</Data>
      <Data Name="ResourceAttributes">-</Data>
    </EventData>
  </Event>
  <Event xmlns="http://schemas.microsoft.com/win/2004/08/events/event">
    <System>
      <Provider Name="Microsoft-Windows-Security-Auditing" Guid="{54849625-5478-4994-A5BA-3E3B0328C30D}" />
      <EventID>4656</EventID>
      <Version>1</Version>
      <Level>0</Level>
      <Task>12804</Task>
      <Opcode>0</Opcode>
      <Keywords>0x8020000000000000</Keywords>
      <TimeCreated SystemTime="2022-01-26T09:16:04.814429600Z" />
      <EventRecordID>1955598</EventRecordID>
      <Correlation />
      <Execution ProcessID="480" ThreadID="488" />
      <Channel>Security</Channel>
      <Computer>fs03vuln.offsec.lan</Computer>
      <Security />
    </System>
    <EventData>
      <Data Name="SubjectUserSid">S-1-5-21-4230534742-2542757381-3142984815-1111</Data>
      <Data Name="SubjectUserName">admmig</Data>
      <Data Name="SubjectDomainName">OFFSEC</Data>
      <Data Name="SubjectLogonId">0x15866327</Data>
      <Data Name="ObjectServer">WS-Management Listener</Data>
      <Data Name="ObjectType">Unknown</Data>
      <Data Name="ObjectName">Unknown</Data>
      <Data Name="HandleId">0x0</Data>
      <Data Name="TransactionId">{00000000-0000-0000-0000-000000000000}</Data>
      <Data Name="AccessList">%%1552
				%%1553
				%%1554
				</Data>
      <Data Name="AccessReason">-</Data>
      <Data Name="AccessMask">0x7</Data>
      <Data Name="PrivilegeList">-</Data>
      <Data Name="RestrictedSidCount">0</Data>
      <Data Name="ProcessId">0x370</Data>
      <Data Name="ProcessName">C:\Windows\System32\svchost.exe</Data>
      <Data Name="ResourceAttributes">-</Data>
    </EventData>
  </Event>
  <Event xmlns="http://schemas.microsoft.com/win/2004/08/events/event">
    <System>
      <Provider Name="Microsoft-Windows-Security-Auditing" Guid="{54849625-5478-4994-A5BA-3E3B0328C30D}" />
      <EventID>4656</EventID>
      <Version>1</Version>
      <Level>0</Level>
      <Task>12804</Task>
      <Opcode>0</Opcode>
      <Keywords>0x8020000000000000</Keywords>
      <TimeCreated SystemTime="2022-01-26T09:16:04.814429600Z" />
      <EventRecordID>1955602</EventRecordID>
      <Correlation />
      <Execution ProcessID="480" ThreadID="488" />
      <Channel>Security</Channel>
      <Computer>fs03vuln.offsec.lan</Computer>
      <Security />
    </System>
    <EventData>
      <Data Name="SubjectUserSid">S-1-5-21-4230534742-2542757381-3142984815-1111</Data>
      <Data Name="SubjectUserName">admmig</Data>
      <Data Name="SubjectDomainName">OFFSEC</Data>
      <Data Name="SubjectLogonId">0x15866337</Data>
      <Data Name="ObjectServer">WS-Management Listener</Data>
      <Data Name="ObjectType">Unknown</Data>
      <Data Name="ObjectName">Unknown</Data>
      <Data Name="HandleId">0x0</Data>
      <Data Name="TransactionId">{00000000-0000-0000-0000-000000000000}</Data>
      <Data Name="AccessList">%%1552
				%%1553
				%%1554
				</Data>
      <Data Name="AccessReason">-</Data>
      <Data Name="AccessMask">0x7</Data>
      <Data Name="PrivilegeList">-</Data>
      <Data Name="RestrictedSidCount">0</Data>
      <Data Name="ProcessId">0x370</Data>
      <Data Name="ProcessName">C:\Windows\System32\svchost.exe</Data>
      <Data Name="ResourceAttributes">-</Data>
    </EventData>
  </Event>
  <Event xmlns="http://schemas.microsoft.com/win/2004/08/events/event">
    <System>
      <Provider Name="Microsoft-Windows-Security-Auditing" Guid="{54849625-5478-4994-A5BA-3E3B0328C30D}" />
      <EventID>4656</EventID>
      <Version>1</Version>
      <Level>0</Level>
      <Task>12804</Task>
      <Opcode>0</Opcode>
      <Keywords>0x8020000000000000</Keywords>
      <TimeCreated SystemTime="2022-01-26T09:16:04.814429600Z" />
      <EventRecordID>1955606</EventRecordID>
      <Correlation />
      <Execution ProcessID="480" ThreadID="488" />
      <Channel>Security</Channel>
      <Computer>fs03vuln.offsec.lan</Computer>
      <Security />
    </System>
    <EventData>
      <Data Name="SubjectUserSid">S-1-5-21-4230534742-2542757381-3142984815-1111</Data>
      <Data Name="SubjectUserName">admmig</Data>
      <Data Name="SubjectDomainName">OFFSEC</Data>
      <Data Name="SubjectLogonId">0x15866344</Data>
      <Data Name="ObjectServer">WS-Management Listener</Data>
      <Data Name="ObjectType">Unknown</Data>
      <Data Name="ObjectName">Unknown</Data>
      <Data Name="HandleId">0x0</Data>
      <Data Name="TransactionId">{00000000-0000-0000-0000-000000000000}</Data>
      <Data Name="AccessList">%%1552
				%%1553
				%%1554
				</Data>
      <Data Name="AccessReason">-</Data>
      <Data Name="AccessMask">0x7</Data>
      <Data Name="PrivilegeList">-</Data>
      <Data Name="RestrictedSidCount">0</Data>
      <Data Name="ProcessId">0x370</Data>
      <Data Name="ProcessName">C:\Windows\System32\svchost.exe</Data>
      <Data Name="ResourceAttributes">-</Data>
    </EventData>
  </Event>
  <Event xmlns="http://schemas.microsoft.com/win/2004/08/events/event">
    <System>
      <Provider Name="Microsoft-Windows-Security-Auditing" Guid="{54849625-5478-4994-A5BA-3E3B0328C30D}" />
      <EventID>4656</EventID>
      <Version>1</Version>
      <Level>0</Level>
      <Task>12804</Task>
      <Opcode>0</Opcode>
      <Keywords>0x8020000000000000</Keywords>
      <TimeCreated SystemTime="2022-01-26T09:16:04.861278300Z" />
      <EventRecordID>1955614</EventRecordID>
      <Correlation />
      <Execution ProcessID="480" ThreadID="488" />
      <Channel>Security</Channel>
      <Computer>fs03vuln.offsec.lan</Computer>
      <Security />
    </System>
    <EventData>
      <Data Name="SubjectUserSid">S-1-5-21-4230534742-2542757381-3142984815-1111</Data>
      <Data Name="SubjectUserName">admmig</Data>
      <Data Name="SubjectDomainName">OFFSEC</Data>
      <Data Name="SubjectLogonId">0x158664f8</Data>
      <Data Name="ObjectServer">WS-Management Listener</Data>
      <Data Name="ObjectType">Unknown</Data>
      <Data Name="ObjectName">Unknown</Data>
      <Data Name="HandleId">0x0</Data>
      <Data Name="TransactionId">{00000000-0000-0000-0000-000000000000}</Data>
      <Data Name="AccessList">%%1552
				%%1553
				%%1554
				</Data>
      <Data Name="AccessReason">-</Data>
      <Data Name="AccessMask">0x7</Data>
      <Data Name="PrivilegeList">-</Data>
      <Data Name="RestrictedSidCount">0</Data>
      <Data Name="ProcessId">0x370</Data>
      <Data Name="ProcessName">C:\Windows\System32\svchost.exe</Data>
      <Data Name="ResourceAttributes">-</Data>
    </EventData>
  </Event>
  <Event xmlns="http://schemas.microsoft.com/win/2004/08/events/event">
    <System>
      <Provider Name="Microsoft-Windows-Security-Auditing" Guid="{54849625-5478-4994-A5BA-3E3B0328C30D}" />
      <EventID>4656</EventID>
      <Version>1</Version>
      <Level>0</Level>
      <Task>12804</Task>
      <Opcode>0</Opcode>
      <Keywords>0x8020000000000000</Keywords>
      <TimeCreated SystemTime="2022-01-26T09:16:04.861278300Z" />
      <EventRecordID>1955618</EventRecordID>
      <Correlation />
      <Execution ProcessID="480" ThreadID="488" />
      <Channel>Security</Channel>
      <Computer>fs03vuln.offsec.lan</Computer>
      <Security />
    </System>
    <EventData>
      <Data Name="SubjectUserSid">S-1-5-21-4230534742-2542757381-3142984815-1111</Data>
      <Data Name="SubjectUserName">admmig</Data>
      <Data Name="SubjectDomainName">OFFSEC</Data>
      <Data Name="SubjectLogonId">0x15866505</Data>
      <Data Name="ObjectServer">WS-Management Listener</Data>
      <Data Name="ObjectType">Unknown</Data>
      <Data Name="ObjectName">Unknown</Data>
      <Data Name="HandleId">0x0</Data>
      <Data Name="TransactionId">{00000000-0000-0000-0000-000000000000}</Data>
      <Data Name="AccessList">%%1552
				%%1553
				%%1554
				</Data>
      <Data Name="AccessReason">-</Data>
      <Data Name="AccessMask">0x7</Data>
      <Data Name="PrivilegeList">-</Data>
      <Data Name="RestrictedSidCount">0</Data>
      <Data Name="ProcessId">0x370</Data>
      <Data Name="ProcessName">C:\Windows\System32\svchost.exe</Data>
      <Data Name="ResourceAttributes">-</Data>
    </EventData>
  </Event>
  <Event xmlns="http://schemas.microsoft.com/win/2004/08/events/event">
    <System>
      <Provider Name="Microsoft-Windows-Security-Auditing" Guid="{54849625-5478-4994-A5BA-3E3B0328C30D}" />
      <EventID>4656</EventID>
      <Version>1</Version>
      <Level>0</Level>
      <Task>12804</Task>
      <Opcode>0</Opcode>
      <Keywords>0x8020000000000000</Keywords>
      <TimeCreated SystemTime="2022-01-26T09:16:05.909273800Z" />
      <EventRecordID>1955622</EventRecordID>
      <Correlation />
      <Execution ProcessID="480" ThreadID="488" />
      <Channel>Security</Channel>
      <Computer>fs03vuln.offsec.lan</Computer>
      <Security />
    </System>
    <EventData>
      <Data Name="SubjectUserSid">S-1-5-21-4230534742-2542757381-3142984815-1111</Data>
      <Data Name="SubjectUserName">admmig</Data>
      <Data Name="SubjectDomainName">OFFSEC</Data>
      <Data Name="SubjectLogonId">0x158665d5</Data>
      <Data Name="ObjectServer">WS-Management Listener</Data>
      <Data Name="ObjectType">Unknown</Data>
      <Data Name="ObjectName">Unknown</Data>
      <Data Name="HandleId">0x0</Data>
      <Data Name="TransactionId">{00000000-0000-0000-0000-000000000000}</Data>
      <Data Name="AccessList">%%1552
				%%1553
				%%1554
				</Data>
      <Data Name="AccessReason">-</Data>
      <Data Name="AccessMask">0x7</Data>
      <Data Name="PrivilegeList">-</Data>
      <Data Name="RestrictedSidCount">0</Data>
      <Data Name="ProcessId">0x370</Data>
      <Data Name="ProcessName">C:\Windows\System32\svchost.exe</Data>
      <Data Name="ResourceAttributes">-</Data>
    </EventData>
  </Event>
  <Event xmlns="http://schemas.microsoft.com/win/2004/08/events/event">
    <System>
      <Provider Name="Microsoft-Windows-Security-Auditing" Guid="{54849625-5478-4994-a5ba-3e3b0328c30d}" />
      <EventID>4656</EventID>
      <Version>1</Version>
      <Level>0</Level>
      <Task>12800</Task>
      <Opcode>0</Opcode>
      <Keywords>0x8020000000000000</Keywords>
      <TimeCreated SystemTime="2022-01-26T09:16:29.2669202Z" />
      <EventRecordID>7068135</EventRecordID>
      <Correlation />
      <Execution ProcessID="4" ThreadID="6164" />
      <Channel>Security</Channel>
      <Computer>win10-02.offsec.lan</Computer>
      <Security />
    </System>
    <EventData>
      <Data Name="SubjectUserSid">S-1-5-18</Data>
      <Data Name="SubjectUserName">WIN10-02$</Data>
      <Data Name="SubjectDomainName">OFFSEC</Data>
      <Data Name="SubjectLogonId">0x3e7</Data>
      <Data Name="ObjectServer">Security</Data>
      <Data Name="ObjectType">File</Data>
      <Data Name="ObjectName">C:\ProgramData\Microsoft\Windows Defender Advanced Threat Protection\Cache\{25FC59D8-3DE9-41EA-A4D6-AE68D5131ECC}_1914620234177861815</Data>
      <Data Name="HandleId">0x1ed8</Data>
      <Data Name="TransactionId">{00000000-0000-0000-0000-000000000000}</Data>
      <Data Name="AccessList">%%1537
				%%1538
				%%1541
				%%4416
				%%4417
				%%4418
				%%4419
				%%4420
				%%4423
				%%4424
				</Data>
      <Data Name="AccessReason">%%1537:	%%1801	D:(A;ID;FA;;;SY)
				%%1538:	%%1804
				%%1541:	%%1801	D:(A;ID;FA;;;SY)
				%%4416:	%%1801	D:(A;ID;FA;;;SY)
				%%4417:	%%1801	D:(A;ID;FA;;;SY)
				%%4418:	%%1801	D:(A;ID;FA;;;SY)
				%%4419:	%%1801	D:(A;ID;FA;;;SY)
				%%4420:	%%1801	D:(A;ID;FA;;;SY)
				%%4423:	%%1801	D:(A;ID;FA;;;SY)
				%%4424:	%%1801	D:(A;ID;FA;;;SY)
				</Data>
      <Data Name="AccessMask">0x13019f</Data>
      <Data Name="PrivilegeList">-</Data>
      <Data Name="RestrictedSidCount">0</Data>
      <Data Name="ProcessId">0xb9c</Data>
      <Data Name="ProcessName">C:\Program Files\Windows Defender Advanced Threat Protection\MsSense.exe</Data>
      <Data Name="ResourceAttributes">-</Data>
    </EventData>
  </Event>
  <Event xmlns="http://schemas.microsoft.com/win/2004/08/events/event">
    <System>
      <Provider Name="Microsoft-Windows-Security-Auditing" Guid="{54849625-5478-4994-a5ba-3e3b0328c30d}" />
      <EventID>4656</EventID>
      <Version>1</Version>
      <Level>0</Level>
      <Task>12800</Task>
      <Opcode>0</Opcode>
      <Keywords>0x8020000000000000</Keywords>
      <TimeCreated SystemTime="2022-01-26T09:16:29.2674614Z" />
      <EventRecordID>7068138</EventRecordID>
      <Correlation />
      <Execution ProcessID="4" ThreadID="6164" />
      <Channel>Security</Channel>
      <Computer>win10-02.offsec.lan</Computer>
      <Security />
    </System>
    <EventData>
      <Data Name="SubjectUserSid">S-1-5-18</Data>
      <Data Name="SubjectUserName">WIN10-02$</Data>
      <Data Name="SubjectDomainName">OFFSEC</Data>
      <Data Name="SubjectLogonId">0x3e7</Data>
      <Data Name="ObjectServer">Security</Data>
      <Data Name="ObjectType">File</Data>
      <Data Name="ObjectName">C:\ProgramData\Microsoft\Windows Defender Advanced Threat Protection\Cache\{25FC59D8-3DE9-41EA-A4D6-AE68D5131ECC}_1914620234177861815</Data>
      <Data Name="HandleId">0x1ed8</Data>
      <Data Name="TransactionId">{00000000-0000-0000-0000-000000000000}</Data>
      <Data Name="AccessList">%%1537
				%%1538
				%%1541
				%%4416
				%%4417
				%%4418
				%%4419
				%%4420
				%%4423
				%%4424
				</Data>
      <Data Name="AccessReason">%%1537:	%%1801	D:(A;ID;FA;;;SY)
				%%1538:	%%1804
				%%1541:	%%1801	D:(A;ID;FA;;;SY)
				%%4416:	%%1801	D:(A;ID;FA;;;SY)
				%%4417:	%%1801	D:(A;ID;FA;;;SY)
				%%4418:	%%1801	D:(A;ID;FA;;;SY)
				%%4419:	%%1801	D:(A;ID;FA;;;SY)
				%%4420:	%%1801	D:(A;ID;FA;;;SY)
				%%4423:	%%1801	D:(A;ID;FA;;;SY)
				%%4424:	%%1801	D:(A;ID;FA;;;SY)
				</Data>
      <Data Name="AccessMask">0x13019f</Data>
      <Data Name="PrivilegeList">-</Data>
      <Data Name="RestrictedSidCount">0</Data>
      <Data Name="ProcessId">0xb9c</Data>
      <Data Name="ProcessName">C:\Program Files\Windows Defender Advanced Threat Protection\MsSense.exe</Data>
      <Data Name="ResourceAttributes">-</Data>
    </EventData>
  </Event>
  <Event xmlns="http://schemas.microsoft.com/win/2004/08/events/event">
    <System>
      <Provider Name="Microsoft-Windows-Security-Auditing" Guid="{54849625-5478-4994-A5BA-3E3B0328C30D}" />
      <EventID>4656</EventID>
      <Version>1</Version>
      <Level>0</Level>
      <Task>12804</Task>
      <Opcode>0</Opcode>
      <Keywords>0x8020000000000000</Keywords>
      <TimeCreated SystemTime="2022-01-26T09:16:32.571709900Z" />
      <EventRecordID>256171130</EventRecordID>
      <Correlation />
      <Execution ProcessID="4" ThreadID="3056" />
      <Channel>Security</Channel>
      <Computer>rootdc1.offsec.lan</Computer>
      <Security />
    </System>
    <EventData>
      <Data Name="SubjectUserSid">S-1-5-21-4230534742-2542757381-3142984815-1111</Data>
      <Data Name="SubjectUserName">admmig</Data>
      <Data Name="SubjectDomainName">OFFSEC</Data>
      <Data Name="SubjectLogonId">0xdbbe7fda3</Data>
      <Data Name="ObjectServer">WS-Management Listener</Data>
      <Data Name="ObjectType">Unknown</Data>
      <Data Name="ObjectName">Unknown</Data>
      <Data Name="HandleId">0x0</Data>
      <Data Name="TransactionId">{00000000-0000-0000-0000-000000000000}</Data>
      <Data Name="AccessList">%%1552
				%%1553
				%%1554
				</Data>
      <Data Name="AccessReason">-</Data>
      <Data Name="AccessMask">0x7</Data>
      <Data Name="PrivilegeList">-</Data>
      <Data Name="RestrictedSidCount">0</Data>
      <Data Name="ProcessId">0x420</Data>
      <Data Name="ProcessName">C:\Windows\System32\svchost.exe</Data>
      <Data Name="ResourceAttributes">-</Data>
    </EventData>
  </Event>
  <Event xmlns="http://schemas.microsoft.com/win/2004/08/events/event">
    <System>
      <Provider Name="Microsoft-Windows-Security-Auditing" Guid="{54849625-5478-4994-A5BA-3E3B0328C30D}" />
      <EventID>4656</EventID>
      <Version>1</Version>
      <Level>0</Level>
      <Task>12804</Task>
      <Opcode>0</Opcode>
      <Keywords>0x8020000000000000</Keywords>
      <TimeCreated SystemTime="2022-01-26T09:16:38.159477600Z" />
      <EventRecordID>256171147</EventRecordID>
      <Correlation />
      <Execution ProcessID="4" ThreadID="5560" />
      <Channel>Security</Channel>
      <Computer>rootdc1.offsec.lan</Computer>
      <Security />
    </System>
    <EventData>
      <Data Name="SubjectUserSid">S-1-5-21-4230534742-2542757381-3142984815-1111</Data>
      <Data Name="SubjectUserName">admmig</Data>
      <Data Name="SubjectDomainName">OFFSEC</Data>
      <Data Name="SubjectLogonId">0xdbbefdf9f</Data>
      <Data Name="ObjectServer">WS-Management Listener</Data>
      <Data Name="ObjectType">Unknown</Data>
      <Data Name="ObjectName">Unknown</Data>
      <Data Name="HandleId">0x0</Data>
      <Data Name="TransactionId">{00000000-0000-0000-0000-000000000000}</Data>
      <Data Name="AccessList">%%1552
				%%1553
				%%1554
				</Data>
      <Data Name="AccessReason">-</Data>
      <Data Name="AccessMask">0x7</Data>
      <Data Name="PrivilegeList">-</Data>
      <Data Name="RestrictedSidCount">0</Data>
      <Data Name="ProcessId">0x420</Data>
      <Data Name="ProcessName">C:\Windows\System32\svchost.exe</Data>
      <Data Name="ResourceAttributes">-</Data>
    </EventData>
  </Event>
  <Event xmlns="http://schemas.microsoft.com/win/2004/08/events/event">
    <System>
      <Provider Name="Microsoft-Windows-Security-Auditing" Guid="{54849625-5478-4994-A5BA-3E3B0328C30D}" />
      <EventID>4656</EventID>
      <Version>1</Version>
      <Level>0</Level>
      <Task>12804</Task>
      <Opcode>0</Opcode>
      <Keywords>0x8020000000000000</Keywords>
      <TimeCreated SystemTime="2022-01-26T09:16:38.160362100Z" />
      <EventRecordID>256171152</EventRecordID>
      <Correlation />
      <Execution ProcessID="4" ThreadID="5560" />
      <Channel>Security</Channel>
      <Computer>rootdc1.offsec.lan</Computer>
      <Security />
    </System>
    <EventData>
      <Data Name="SubjectUserSid">S-1-5-21-4230534742-2542757381-3142984815-1111</Data>
      <Data Name="SubjectUserName">admmig</Data>
      <Data Name="SubjectDomainName">OFFSEC</Data>
      <Data Name="SubjectLogonId">0xdbbefdfb8</Data>
      <Data Name="ObjectServer">WS-Management Listener</Data>
      <Data Name="ObjectType">Unknown</Data>
      <Data Name="ObjectName">Unknown</Data>
      <Data Name="HandleId">0x0</Data>
      <Data Name="TransactionId">{00000000-0000-0000-0000-000000000000}</Data>
      <Data Name="AccessList">%%1552
				%%1553
				%%1554
				</Data>
      <Data Name="AccessReason">-</Data>
      <Data Name="AccessMask">0x7</Data>
      <Data Name="PrivilegeList">-</Data>
      <Data Name="RestrictedSidCount">0</Data>
      <Data Name="ProcessId">0x420</Data>
      <Data Name="ProcessName">C:\Windows\System32\svchost.exe</Data>
      <Data Name="ResourceAttributes">-</Data>
    </EventData>
  </Event>
  <Event xmlns="http://schemas.microsoft.com/win/2004/08/events/event">
    <System>
      <Provider Name="Microsoft-Windows-Security-Auditing" Guid="{54849625-5478-4994-A5BA-3E3B0328C30D}" />
      <EventID>4656</EventID>
      <Version>1</Version>
      <Level>0</Level>
      <Task>12804</Task>
      <Opcode>0</Opcode>
      <Keywords>0x8020000000000000</Keywords>
      <TimeCreated SystemTime="2022-01-26T09:16:38.358800200Z" />
      <EventRecordID>256171157</EventRecordID>
      <Correlation />
      <Execution ProcessID="4" ThreadID="5560" />
      <Channel>Security</Channel>
      <Computer>rootdc1.offsec.lan</Computer>
      <Security />
    </System>
    <EventData>
      <Data Name="SubjectUserSid">S-1-5-21-4230534742-2542757381-3142984815-1111</Data>
      <Data Name="SubjectUserName">admmig</Data>
      <Data Name="SubjectDomainName">OFFSEC</Data>
      <Data Name="SubjectLogonId">0xdbbf02b30</Data>
      <Data Name="ObjectServer">WS-Management Listener</Data>
      <Data Name="ObjectType">Unknown</Data>
      <Data Name="ObjectName">Unknown</Data>
      <Data Name="HandleId">0x0</Data>
      <Data Name="TransactionId">{00000000-0000-0000-0000-000000000000}</Data>
      <Data Name="AccessList">%%1552
				%%1553
				%%1554
				</Data>
      <Data Name="AccessReason">-</Data>
      <Data Name="AccessMask">0x7</Data>
      <Data Name="PrivilegeList">-</Data>
      <Data Name="RestrictedSidCount">0</Data>
      <Data Name="ProcessId">0x420</Data>
      <Data Name="ProcessName">C:\Windows\System32\svchost.exe</Data>
      <Data Name="ResourceAttributes">-</Data>
    </EventData>
  </Event>
  <Event xmlns="http://schemas.microsoft.com/win/2004/08/events/event">
    <System>
      <Provider Name="Microsoft-Windows-Security-Auditing" Guid="{54849625-5478-4994-A5BA-3E3B0328C30D}" />
      <EventID>4656</EventID>
      <Version>1</Version>
      <Level>0</Level>
      <Task>12804</Task>
      <Opcode>0</Opcode>
      <Keywords>0x8020000000000000</Keywords>
      <TimeCreated SystemTime="2022-01-26T09:16:39.201436800Z" />
      <EventRecordID>256171164</EventRecordID>
      <Correlation />
      <Execution ProcessID="4" ThreadID="3056" />
      <Channel>Security</Channel>
      <Computer>rootdc1.offsec.lan</Computer>
      <Security />
    </System>
    <EventData>
      <Data Name="SubjectUserSid">S-1-5-21-4230534742-2542757381-3142984815-1111</Data>
      <Data Name="SubjectUserName">admmig</Data>
      <Data Name="SubjectDomainName">OFFSEC</Data>
      <Data Name="SubjectLogonId">0xdbbf1276a</Data>
      <Data Name="ObjectServer">WS-Management Listener</Data>
      <Data Name="ObjectType">Unknown</Data>
      <Data Name="ObjectName">Unknown</Data>
      <Data Name="HandleId">0x0</Data>
      <Data Name="TransactionId">{00000000-0000-0000-0000-000000000000}</Data>
      <Data Name="AccessList">%%1552
				%%1553
				%%1554
				</Data>
      <Data Name="AccessReason">-</Data>
      <Data Name="AccessMask">0x7</Data>
      <Data Name="PrivilegeList">-</Data>
      <Data Name="RestrictedSidCount">0</Data>
      <Data Name="ProcessId">0x420</Data>
      <Data Name="ProcessName">C:\Windows\System32\svchost.exe</Data>
      <Data Name="ResourceAttributes">-</Data>
    </EventData>
  </Event>
  <Event xmlns="http://schemas.microsoft.com/win/2004/08/events/event">
    <System>
      <Provider Name="Microsoft-Windows-Security-Auditing" Guid="{54849625-5478-4994-A5BA-3E3B0328C30D}" />
      <EventID>4656</EventID>
      <Version>1</Version>
      <Level>0</Level>
      <Task>12804</Task>
      <Opcode>0</Opcode>
      <Keywords>0x8020000000000000</Keywords>
      <TimeCreated SystemTime="2022-01-26T09:16:52.488313700Z" />
      <EventRecordID>256171180</EventRecordID>
      <Correlation />
      <Execution ProcessID="4" ThreadID="3056" />
      <Channel>Security</Channel>
      <Computer>rootdc1.offsec.lan</Computer>
      <Security />
    </System>
    <EventData>
      <Data Name="SubjectUserSid">S-1-5-21-4230534742-2542757381-3142984815-1111</Data>
      <Data Name="SubjectUserName">admmig</Data>
      <Data Name="SubjectDomainName">OFFSEC</Data>
      <Data Name="SubjectLogonId">0xdbc0576b2</Data>
      <Data Name="ObjectServer">WS-Management Listener</Data>
      <Data Name="ObjectType">Unknown</Data>
      <Data Name="ObjectName">Unknown</Data>
      <Data Name="HandleId">0x0</Data>
      <Data Name="TransactionId">{00000000-0000-0000-0000-000000000000}</Data>
      <Data Name="AccessList">%%1552
				%%1553
				%%1554
				</Data>
      <Data Name="AccessReason">-</Data>
      <Data Name="AccessMask">0x7</Data>
      <Data Name="PrivilegeList">-</Data>
      <Data Name="RestrictedSidCount">0</Data>
      <Data Name="ProcessId">0x420</Data>
      <Data Name="ProcessName">C:\Windows\System32\svchost.exe</Data>
      <Data Name="ResourceAttributes">-</Data>
    </EventData>
  </Event>
  <Event xmlns="http://schemas.microsoft.com/win/2004/08/events/event">
    <System>
      <Provider Name="Microsoft-Windows-Security-Auditing" Guid="{54849625-5478-4994-A5BA-3E3B0328C30D}" />
      <EventID>4656</EventID>
      <Version>1</Version>
      <Level>0</Level>
      <Task>12804</Task>
      <Opcode>0</Opcode>
      <Keywords>0x8020000000000000</Keywords>
      <TimeCreated SystemTime="2022-01-26T09:16:52.698137600Z" />
      <EventRecordID>256171185</EventRecordID>
      <Correlation />
      <Execution ProcessID="4" ThreadID="3056" />
      <Channel>Security</Channel>
      <Computer>rootdc1.offsec.lan</Computer>
      <Security />
    </System>
    <EventData>
      <Data Name="SubjectUserSid">S-1-5-21-4230534742-2542757381-3142984815-1111</Data>
      <Data Name="SubjectUserName">admmig</Data>
      <Data Name="SubjectDomainName">OFFSEC</Data>
      <Data Name="SubjectLogonId">0xdbc05c9d6</Data>
      <Data Name="ObjectServer">WS-Management Listener</Data>
      <Data Name="ObjectType">Unknown</Data>
      <Data Name="ObjectName">Unknown</Data>
      <Data Name="HandleId">0x0</Data>
      <Data Name="TransactionId">{00000000-0000-0000-0000-000000000000}</Data>
      <Data Name="AccessList">%%1552
				%%1553
				%%1554
				</Data>
      <Data Name="AccessReason">-</Data>
      <Data Name="AccessMask">0x7</Data>
      <Data Name="PrivilegeList">-</Data>
      <Data Name="RestrictedSidCount">0</Data>
      <Data Name="ProcessId">0x420</Data>
      <Data Name="ProcessName">C:\Windows\System32\svchost.exe</Data>
      <Data Name="ResourceAttributes">-</Data>
    </EventData>
  </Event>
  <Event xmlns="http://schemas.microsoft.com/win/2004/08/events/event">
    <System>
      <Provider Name="Microsoft-Windows-Security-Auditing" Guid="{54849625-5478-4994-A5BA-3E3B0328C30D}" />
      <EventID>4656</EventID>
      <Version>1</Version>
      <Level>0</Level>
      <Task>12804</Task>
      <Opcode>0</Opcode>
      <Keywords>0x8020000000000000</Keywords>
      <TimeCreated SystemTime="2022-01-26T09:16:52.721828000Z" />
      <EventRecordID>256171190</EventRecordID>
      <Correlation />
      <Execution ProcessID="4" ThreadID="3056" />
      <Channel>Security</Channel>
      <Computer>rootdc1.offsec.lan</Computer>
      <Security />
    </System>
    <EventData>
      <Data Name="SubjectUserSid">S-1-5-21-4230534742-2542757381-3142984815-1111</Data>
      <Data Name="SubjectUserName">admmig</Data>
      <Data Name="SubjectDomainName">OFFSEC</Data>
      <Data Name="SubjectLogonId">0xdbc05cea1</Data>
      <Data Name="ObjectServer">WS-Management Listener</Data>
      <Data Name="ObjectType">Unknown</Data>
      <Data Name="ObjectName">Unknown</Data>
      <Data Name="HandleId">0x0</Data>
      <Data Name="TransactionId">{00000000-0000-0000-0000-000000000000}</Data>
      <Data Name="AccessList">%%1552
				%%1553
				%%1554
				</Data>
      <Data Name="AccessReason">-</Data>
      <Data Name="AccessMask">0x7</Data>
      <Data Name="PrivilegeList">-</Data>
      <Data Name="RestrictedSidCount">0</Data>
      <Data Name="ProcessId">0x420</Data>
      <Data Name="ProcessName">C:\Windows\System32\svchost.exe</Data>
      <Data Name="ResourceAttributes">-</Data>
    </EventData>
  </Event>
  <Event xmlns="http://schemas.microsoft.com/win/2004/08/events/event">
    <System>
      <Provider Name="Microsoft-Windows-Security-Auditing" Guid="{54849625-5478-4994-A5BA-3E3B0328C30D}" />
      <EventID>4656</EventID>
      <Version>1</Version>
      <Level>0</Level>
      <Task>12804</Task>
      <Opcode>0</Opcode>
      <Keywords>0x8020000000000000</Keywords>
      <TimeCreated SystemTime="2022-01-26T09:16:52.901132200Z" />
      <EventRecordID>256171199</EventRecordID>
      <Correlation />
      <Execution ProcessID="4" ThreadID="3056" />
      <Channel>Security</Channel>
      <Computer>rootdc1.offsec.lan</Computer>
      <Security />
    </System>
    <EventData>
      <Data Name="SubjectUserSid">S-1-5-21-4230534742-2542757381-3142984815-1111</Data>
      <Data Name="SubjectUserName">admmig</Data>
      <Data Name="SubjectDomainName">OFFSEC</Data>
      <Data Name="SubjectLogonId">0xdbc0615dc</Data>
      <Data Name="ObjectServer">WS-Management Listener</Data>
      <Data Name="ObjectType">Unknown</Data>
      <Data Name="ObjectName">Unknown</Data>
      <Data Name="HandleId">0x0</Data>
      <Data Name="TransactionId">{00000000-0000-0000-0000-000000000000}</Data>
      <Data Name="AccessList">%%1552
				%%1553
				%%1554
				</Data>
      <Data Name="AccessReason">-</Data>
      <Data Name="AccessMask">0x7</Data>
      <Data Name="PrivilegeList">-</Data>
      <Data Name="RestrictedSidCount">0</Data>
      <Data Name="ProcessId">0x420</Data>
      <Data Name="ProcessName">C:\Windows\System32\svchost.exe</Data>
      <Data Name="ResourceAttributes">-</Data>
    </EventData>
  </Event>
  <Event xmlns="http://schemas.microsoft.com/win/2004/08/events/event">
    <System>
      <Provider Name="Microsoft-Windows-Security-Auditing" Guid="{54849625-5478-4994-A5BA-3E3B0328C30D}" />
      <EventID>4656</EventID>
      <Version>1</Version>
      <Level>0</Level>
      <Task>12804</Task>
      <Opcode>0</Opcode>
      <Keywords>0x8020000000000000</Keywords>
      <TimeCreated SystemTime="2022-01-26T09:16:52.901218900Z" />
      <EventRecordID>256171200</EventRecordID>
      <Correlation />
      <Execution ProcessID="4" ThreadID="3056" />
      <Channel>Security</Channel>
      <Computer>rootdc1.offsec.lan</Computer>
      <Security />
    </System>
    <EventData>
      <Data Name="SubjectUserSid">S-1-5-21-4230534742-2542757381-3142984815-1111</Data>
      <Data Name="SubjectUserName">admmig</Data>
      <Data Name="SubjectDomainName">OFFSEC</Data>
      <Data Name="SubjectLogonId">0xdbc0615e3</Data>
      <Data Name="ObjectServer">WS-Management Listener</Data>
      <Data Name="ObjectType">Unknown</Data>
      <Data Name="ObjectName">Unknown</Data>
      <Data Name="HandleId">0x0</Data>
      <Data Name="TransactionId">{00000000-0000-0000-0000-000000000000}</Data>
      <Data Name="AccessList">%%1552
				%%1553
				%%1554
				</Data>
      <Data Name="AccessReason">-</Data>
      <Data Name="AccessMask">0x7</Data>
      <Data Name="PrivilegeList">-</Data>
      <Data Name="RestrictedSidCount">0</Data>
      <Data Name="ProcessId">0x420</Data>
      <Data Name="ProcessName">C:\Windows\System32\svchost.exe</Data>
      <Data Name="ResourceAttributes">-</Data>
    </EventData>
  </Event>
  <Event xmlns="http://schemas.microsoft.com/win/2004/08/events/event">
    <System>
      <Provider Name="Microsoft-Windows-Security-Auditing" Guid="{54849625-5478-4994-A5BA-3E3B0328C30D}" />
      <EventID>4656</EventID>
      <Version>1</Version>
      <Level>0</Level>
      <Task>12804</Task>
      <Opcode>0</Opcode>
      <Keywords>0x8020000000000000</Keywords>
      <TimeCreated SystemTime="2022-01-26T09:16:54.303394900Z" />
      <EventRecordID>256171209</EventRecordID>
      <Correlation />
      <Execution ProcessID="4" ThreadID="5628" />
      <Channel>Security</Channel>
      <Computer>rootdc1.offsec.lan</Computer>
      <Security />
    </System>
    <EventData>
      <Data Name="SubjectUserSid">S-1-5-21-4230534742-2542757381-3142984815-1111</Data>
      <Data Name="SubjectUserName">admmig</Data>
      <Data Name="SubjectDomainName">OFFSEC</Data>
      <Data Name="SubjectLogonId">0xdbc08421d</Data>
      <Data Name="ObjectServer">WS-Management Listener</Data>
      <Data Name="ObjectType">Unknown</Data>
      <Data Name="ObjectName">Unknown</Data>
      <Data Name="HandleId">0x0</Data>
      <Data Name="TransactionId">{00000000-0000-0000-0000-000000000000}</Data>
      <Data Name="AccessList">%%1552
				%%1553
				%%1554
				</Data>
      <Data Name="AccessReason">-</Data>
      <Data Name="AccessMask">0x7</Data>
      <Data Name="PrivilegeList">-</Data>
      <Data Name="RestrictedSidCount">0</Data>
      <Data Name="ProcessId">0x420</Data>
      <Data Name="ProcessName">C:\Windows\System32\svchost.exe</Data>
      <Data Name="ResourceAttributes">-</Data>
    </EventData>
  </Event>
  <Event xmlns="http://schemas.microsoft.com/win/2004/08/events/event">
    <System>
      <Provider Name="Microsoft-Windows-Security-Auditing" Guid="{54849625-5478-4994-A5BA-3E3B0328C30D}" />
      <EventID>4656</EventID>
      <Version>1</Version>
      <Level>0</Level>
      <Task>12804</Task>
      <Opcode>0</Opcode>
      <Keywords>0x8020000000000000</Keywords>
      <TimeCreated SystemTime="2022-01-26T09:16:58.713336100Z" />
      <EventRecordID>256171217</EventRecordID>
      <Correlation />
      <Execution ProcessID="4" ThreadID="3056" />
      <Channel>Security</Channel>
      <Computer>rootdc1.offsec.lan</Computer>
      <Security />
    </System>
    <EventData>
      <Data Name="SubjectUserSid">S-1-5-21-4230534742-2542757381-3142984815-1111</Data>
      <Data Name="SubjectUserName">admmig</Data>
      <Data Name="SubjectDomainName">OFFSEC</Data>
      <Data Name="SubjectLogonId">0xdbc0ec1f9</Data>
      <Data Name="ObjectServer">WS-Management Listener</Data>
      <Data Name="ObjectType">Unknown</Data>
      <Data Name="ObjectName">Unknown</Data>
      <Data Name="HandleId">0x0</Data>
      <Data Name="TransactionId">{00000000-0000-0000-0000-000000000000}</Data>
      <Data Name="AccessList">%%1552
				%%1553
				%%1554
				</Data>
      <Data Name="AccessReason">-</Data>
      <Data Name="AccessMask">0x7</Data>
      <Data Name="PrivilegeList">-</Data>
      <Data Name="RestrictedSidCount">0</Data>
      <Data Name="ProcessId">0x420</Data>
      <Data Name="ProcessName">C:\Windows\System32\svchost.exe</Data>
      <Data Name="ResourceAttributes">-</Data>
    </EventData>
  </Event>
</root>