<root>
  <Event xmlns="http://schemas.microsoft.com/win/2004/08/events/event">
    <System>
      <Provider Name="Microsoft-Windows-Eventlog" Guid="{fc65ddd8-d6ef-4962-83d5-6e5cfe9ce148}" />
      <EventID>1102</EventID>
      <Version>0</Version>
      <Level>4</Level>
      <Task>104</Task>
      <Opcode>0</Opcode>
      <Keywords>0x4020000000000000</Keywords>
      <TimeCreated SystemTime="2021-10-25T18:21:02.504672200Z" />
      <EventRecordID>109373</EventRecordID>
      <Correlation />
      <Execution ProcessID="712" ThreadID="1864" />
      <Channel>Security</Channel>
      <Computer>FS03.offsec.lan</Computer>
      <Security />
    </System>
    <UserData>
      <LogFileCleared xmlns="http://manifests.microsoft.com/win/2004/08/windows/eventlog">
        <SubjectUserSid>S-1-5-21-4230534742-2542757381-3142984815-1111</SubjectUserSid>
        <SubjectUserName>admmig</SubjectUserName>
        <SubjectDomainName>OFFSEC</SubjectDomainName>
        <SubjectLogonId>0x123550</SubjectLogonId>
      </LogFileCleared>
    </UserData>
  </Event>
  <Event xmlns="http://schemas.microsoft.com/win/2004/08/events/event">
    <System>
      <Provider Name="Microsoft-Windows-Security-Auditing" Guid="{54849625-5478-4994-a5ba-3e3b0328c30d}" />
      <EventID>4688</EventID>
      <Version>2</Version>
      <Level>0</Level>
      <Task>13312</Task>
      <Opcode>0</Opcode>
      <Keywords>0x8020000000000000</Keywords>
      <TimeCreated SystemTime="2021-10-25T18:21:04.611437400Z" />
      <EventRecordID>109374</EventRecordID>
      <Correlation />
      <Execution ProcessID="4" ThreadID="812" />
      <Channel>Security</Channel>
      <Computer>FS03.offsec.lan</Computer>
      <Security />
    </System>
    <EventData>
      <Data Name="SubjectUserSid">S-1-5-21-4230534742-2542757381-3142984815-1111</Data>
      <Data Name="SubjectUserName">admmig</Data>
      <Data Name="SubjectDomainName">OFFSEC</Data>
      <Data Name="SubjectLogonId">0x123550</Data>
      <Data Name="NewProcessId">0x6d0</Data>
      <Data Name="NewProcessName">C:\Windows\System32\auditpol.exe</Data>
      <Data Name="TokenElevationType">%%1937</Data>
      <Data Name="ProcessId">0xd8</Data>
      <Data Name="CommandLine">"C:\Windows\system32\auditpol.exe"  /get /category:*</Data>
      <Data Name="TargetUserSid">S-1-0-0</Data>
      <Data Name="TargetUserName">-</Data>
      <Data Name="TargetDomainName">-</Data>
      <Data Name="TargetLogonId">0x0</Data>
    </EventData>
  </Event>
  <Event xmlns="http://schemas.microsoft.com/win/2004/08/events/event">
    <System>
      <Provider Name="Microsoft-Windows-Security-Auditing" Guid="{54849625-5478-4994-a5ba-3e3b0328c30d}" />
      <EventID>4674</EventID>
      <Version>0</Version>
      <Level>0</Level>
      <Task>13056</Task>
      <Opcode>0</Opcode>
      <Keywords>0x8020000000000000</Keywords>
      <TimeCreated SystemTime="2021-10-25T18:21:04.611437400Z" />
      <EventRecordID>109375</EventRecordID>
      <Correlation />
      <Execution ProcessID="492" ThreadID="500" />
      <Channel>Security</Channel>
      <Computer>FS03.offsec.lan</Computer>
      <Security />
    </System>
    <EventData>
      <Data Name="SubjectUserSid">S-1-5-21-4230534742-2542757381-3142984815-1111</Data>
      <Data Name="SubjectUserName">admmig</Data>
      <Data Name="SubjectDomainName">OFFSEC</Data>
      <Data Name="SubjectLogonId">0x123550</Data>
      <Data Name="ObjectServer">LSA</Data>
      <Data Name="ObjectType">-</Data>
      <Data Name="ObjectName">-</Data>
      <Data Name="HandleId">0x0</Data>
      <Data Name="AccessMask">16777216</Data>
      <Data Name="PrivilegeList">SeSecurityPrivilege</Data>
      <Data Name="ProcessId">0x1ec</Data>
      <Data Name="ProcessName">C:\Windows\System32\lsass.exe</Data>
    </EventData>
  </Event>
</root>