<root>
  <Event xmlns="http://schemas.microsoft.com/win/2004/08/events/event">
    <System>
      <Provider Name="Microsoft-Windows-Security-Auditing" Guid="{54849625-5478-4994-a5ba-3e3b0328c30d}" />
      <EventID>5121</EventID>
      <Version>0</Version>
      <Level>0</Level>
      <Task>12805</Task>
      <Opcode>0</Opcode>
      <Keywords>0x8020000000000000</Keywords>
      <TimeCreated SystemTime="2020-07-11T09:20:43.401378000Z" />
      <EventRecordID>1207901</EventRecordID>
      <Correlation ActivityID="{2fee2c3a-4f79-0001-502c-ee2f794fd601}" />
      <Execution ProcessID="576" ThreadID="3212" />
      <Channel>Security</Channel>
      <Computer>pki01.offsec.lan</Computer>
      <Security />
    </System>
    <EventData>
    </EventData>
  </Event>
  <Event xmlns="http://schemas.microsoft.com/win/2004/08/events/event">
    <System>
      <Provider Name="Microsoft-Windows-Security-Auditing" Guid="{54849625-5478-4994-a5ba-3e3b0328c30d}" />
      <EventID>5120</EventID>
      <Version>0</Version>
      <Level>0</Level>
      <Task>12805</Task>
      <Opcode>0</Opcode>
      <Keywords>0x8020000000000000</Keywords>
      <TimeCreated SystemTime="2020-07-11T09:20:46.158376200Z" />
      <EventRecordID>1207920</EventRecordID>
      <Correlation ActivityID="{2fee2c3a-4f79-0001-502c-ee2f794fd601}" />
      <Execution ProcessID="576" ThreadID="3212" />
      <Channel>Security</Channel>
      <Computer>pki01.offsec.lan</Computer>
      <Security />
    </System>
    <EventData>
    </EventData>
  </Event>
  <Event xmlns="http://schemas.microsoft.com/win/2004/08/events/event">
    <System>
      <Provider Name="Microsoft-Windows-Security-Auditing" Guid="{54849625-5478-4994-a5ba-3e3b0328c30d}" />
      <EventID>5123</EventID>
      <Version>0</Version>
      <Level>0</Level>
      <Task>12805</Task>
      <Opcode>0</Opcode>
      <Keywords>0x8020000000000000</Keywords>
      <TimeCreated SystemTime="2020-07-11T09:21:24.702958400Z" />
      <EventRecordID>1207931</EventRecordID>
      <Correlation ActivityID="{2fee2c3a-4f79-0001-502c-ee2f794fd601}" />
      <Execution ProcessID="576" ThreadID="3544" />
      <Channel>Security</Channel>
      <Computer>pki01.offsec.lan</Computer>
      <Security />
    </System>
    <EventData>
      <Data Name="PropertyName">MaxNumOfCacheEntries</Data>
      <Data Name="NewValue">5000</Data>
      <Data Name="SubjectUserSid">S-1-5-21-4230534742-2542757381-3142984815-1111</Data>
      <Data Name="SubjectUserName">admmig</Data>
      <Data Name="SubjectDomainName">OFFSEC</Data>
      <Data Name="SubjectLogonId">0x477ac56</Data>
    </EventData>
  </Event>
  <Event xmlns="http://schemas.microsoft.com/win/2004/08/events/event">
    <System>
      <Provider Name="Microsoft-Windows-Security-Auditing" Guid="{54849625-5478-4994-a5ba-3e3b0328c30d}" />
      <EventID>5123</EventID>
      <Version>0</Version>
      <Level>0</Level>
      <Task>12805</Task>
      <Opcode>0</Opcode>
      <Keywords>0x8020000000000000</Keywords>
      <TimeCreated SystemTime="2020-07-11T09:21:24.703073900Z" />
      <EventRecordID>1207932</EventRecordID>
      <Correlation ActivityID="{2fee2c3a-4f79-0001-502c-ee2f794fd601}" />
      <Execution ProcessID="576" ThreadID="3544" />
      <Channel>Security</Channel>
      <Computer>pki01.offsec.lan</Computer>
      <Security />
    </System>
    <EventData>
      <Data Name="PropertyName">NumOfThreads</Data>
      <Data Name="NewValue">60</Data>
      <Data Name="SubjectUserSid">S-1-5-21-4230534742-2542757381-3142984815-1111</Data>
      <Data Name="SubjectUserName">admmig</Data>
      <Data Name="SubjectDomainName">OFFSEC</Data>
      <Data Name="SubjectLogonId">0x477ac56</Data>
    </EventData>
  </Event>
  <Event xmlns="http://schemas.microsoft.com/win/2004/08/events/event">
    <System>
      <Provider Name="Microsoft-Windows-Security-Auditing" Guid="{54849625-5478-4994-a5ba-3e3b0328c30d}" />
      <EventID>5123</EventID>
      <Version>0</Version>
      <Level>0</Level>
      <Task>12805</Task>
      <Opcode>0</Opcode>
      <Keywords>0x8020000000000000</Keywords>
      <TimeCreated SystemTime="2020-07-11T09:21:24.707949100Z" />
      <EventRecordID>1207933</EventRecordID>
      <Correlation ActivityID="{2fee2c3a-4f79-0001-502c-ee2f794fd601}" />
      <Execution ProcessID="576" ThreadID="3544" />
      <Channel>Security</Channel>
      <Computer>pki01.offsec.lan</Computer>
      <Security />
    </System>
    <EventData>
      <Data Name="PropertyName">AuditFilter</Data>
      <Data Name="NewValue">11</Data>
      <Data Name="SubjectUserSid">S-1-5-21-4230534742-2542757381-3142984815-1111</Data>
      <Data Name="SubjectUserName">admmig</Data>
      <Data Name="SubjectDomainName">OFFSEC</Data>
      <Data Name="SubjectLogonId">0x477ac56</Data>
    </EventData>
  </Event>
  <Event xmlns="http://schemas.microsoft.com/win/2004/08/events/event">
    <System>
      <Provider Name="Microsoft-Windows-Security-Auditing" Guid="{54849625-5478-4994-a5ba-3e3b0328c30d}" />
      <EventID>5123</EventID>
      <Version>0</Version>
      <Level>0</Level>
      <Task>12805</Task>
      <Opcode>0</Opcode>
      <Keywords>0x8020000000000000</Keywords>
      <TimeCreated SystemTime="2020-07-11T09:21:50.087867700Z" />
      <EventRecordID>1207946</EventRecordID>
      <Correlation ActivityID="{2fee2c3a-4f79-0001-502c-ee2f794fd601}" />
      <Execution ProcessID="576" ThreadID="3544" />
      <Channel>Security</Channel>
      <Computer>pki01.offsec.lan</Computer>
      <Security />
    </System>
    <EventData>
      <Data Name="PropertyName">AuditFilter</Data>
      <Data Name="NewValue">15</Data>
      <Data Name="SubjectUserSid">S-1-5-21-4230534742-2542757381-3142984815-1111</Data>
      <Data Name="SubjectUserName">admmig</Data>
      <Data Name="SubjectDomainName">OFFSEC</Data>
      <Data Name="SubjectLogonId">0x477ac56</Data>
    </EventData>
  </Event>
  <Event xmlns="http://schemas.microsoft.com/win/2004/08/events/event">
    <System>
      <Provider Name="Microsoft-Windows-Security-Auditing" Guid="{54849625-5478-4994-a5ba-3e3b0328c30d}" />
      <EventID>5124</EventID>
      <Version>0</Version>
      <Level>0</Level>
      <Task>12805</Task>
      <Opcode>0</Opcode>
      <Keywords>0x8020000000000000</Keywords>
      <TimeCreated SystemTime="2020-07-11T09:21:50.109681300Z" />
      <EventRecordID>1207947</EventRecordID>
      <Correlation ActivityID="{2fee2c3a-4f79-0001-502c-ee2f794fd601}" />
      <Execution ProcessID="576" ThreadID="3544" />
      <Channel>Security</Channel>
      <Computer>pki01.offsec.lan</Computer>
      <Security />
    </System>
    <EventData>
      <Data Name="NewSecuritySettings">
Allow(0x00000101)	BUILTIN\Administrators
	OCSP Administrator
	Read
Allow(0x00000300)	IIS APPPOOL\OCSPISAPIAppPool
	Read
	OCSP Requestor
</Data>
      <Data Name="SubjectUserSid">S-1-5-21-4230534742-2542757381-3142984815-1111</Data>
      <Data Name="SubjectUserName">admmig</Data>
      <Data Name="SubjectDomainName">OFFSEC</Data>
      <Data Name="SubjectLogonId">0x477ac56</Data>
    </EventData>
  </Event>
</root>