<root>
  <Event xmlns="http://schemas.microsoft.com/win/2004/08/events/event">
    <System>
      <Provider Name="Microsoft-Windows-Security-Auditing" Guid="{54849625-5478-4994-a5ba-3e3b0328c30d}" />
      <EventID>5379</EventID>
      <Version>0</Version>
      <Level>0</Level>
      <Task>13824</Task>
      <Opcode>0</Opcode>
      <Keywords>0x8020000000000000</Keywords>
      <TimeCreated SystemTime="2022-09-24T19:53:36.327522800Z" />
      <EventRecordID>149979</EventRecordID>
      <Correlation ActivityID="{b2946cf1-cf76-0001-5c6d-94b276cfd801}" />
      <Execution ProcessID="804" ThreadID="9188" />
      <Channel>Security</Channel>
      <Computer>GUAPOS-PC</Computer>
      <Security />
    </System>
    <EventData>
      <Data Name="SubjectUserSid">S-1-5-21-3960598978-2723104146-531989891-1001</Data>
      <Data Name="SubjectUserName">FOXTWO</Data>
      <Data Name="SubjectDomainName">GUAPOS-PC</Data>
      <Data Name="SubjectLogonId">0xda54b</Data>
      <Data Name="TargetName">
      </Data>
      <Data Name="Type">0</Data>
      <Data Name="CountOfCredentialsReturned">9</Data>
      <Data Name="ReadOperation">%%8100</Data>
      <Data Name="ReturnCode">0</Data>
      <Data Name="ProcessCreationTime">2022-09-23T18:02:59.973901100Z</Data>
      <Data Name="ClientProcessId">804</Data>
    </EventData>
  </Event>
  <Event xmlns="http://schemas.microsoft.com/win/2004/08/events/event">
    <System>
      <Provider Name="Microsoft-Windows-Security-Auditing" Guid="{54849625-5478-4994-a5ba-3e3b0328c30d}" />
      <EventID>5381</EventID>
      <Version>0</Version>
      <Level>0</Level>
      <Task>13824</Task>
      <Opcode>0</Opcode>
      <Keywords>0x8020000000000000</Keywords>
      <TimeCreated SystemTime="2022-09-24T19:53:36.328006500Z" />
      <EventRecordID>149980</EventRecordID>
      <Correlation />
      <Execution ProcessID="804" ThreadID="920" />
      <Channel>Security</Channel>
      <Computer>GUAPOS-PC</Computer>
      <Security />
    </System>
    <EventData>
      <Data Name="SubjectUserSid">S-1-5-21-3960598978-2723104146-531989891-1001</Data>
      <Data Name="SubjectUserName">FOXTWO</Data>
      <Data Name="SubjectDomainName">GUAPOS-PC</Data>
      <Data Name="SubjectLogonId">0xda54b</Data>
      <Data Name="Flags">512</Data>
      <Data Name="CountOfCredentialsReturned">0</Data>
      <Data Name="ProcessCreationTime">2022-09-24T19:52:46.595297000Z</Data>
      <Data Name="ClientProcessId">12440</Data>
    </EventData>
  </Event>
  <Event xmlns="http://schemas.microsoft.com/win/2004/08/events/event">
    <System>
      <Provider Name="Microsoft-Windows-Security-Auditing" Guid="{54849625-5478-4994-a5ba-3e3b0328c30d}" />
      <EventID>5379</EventID>
      <Version>0</Version>
      <Level>0</Level>
      <Task>13824</Task>
      <Opcode>0</Opcode>
      <Keywords>0x8020000000000000</Keywords>
      <TimeCreated SystemTime="2022-09-24T19:53:36.328315000Z" />
      <EventRecordID>149981</EventRecordID>
      <Correlation ActivityID="{b2946cf1-cf76-0001-5c6d-94b276cfd801}" />
      <Execution ProcessID="804" ThreadID="920" />
      <Channel>Security</Channel>
      <Computer>GUAPOS-PC</Computer>
      <Security />
    </System>
    <EventData>
      <Data Name="SubjectUserSid">S-1-5-21-3960598978-2723104146-531989891-1001</Data>
      <Data Name="SubjectUserName">FOXTWO</Data>
      <Data Name="SubjectDomainName">GUAPOS-PC</Data>
      <Data Name="SubjectLogonId">0xda54b</Data>
      <Data Name="TargetName">
      </Data>
      <Data Name="Type">0</Data>
      <Data Name="CountOfCredentialsReturned">9</Data>
      <Data Name="ReadOperation">%%8100</Data>
      <Data Name="ReturnCode">0</Data>
      <Data Name="ProcessCreationTime">2022-09-24T19:52:46.595297000Z</Data>
      <Data Name="ClientProcessId">12440</Data>
    </EventData>
  </Event>
  <Event xmlns="http://schemas.microsoft.com/win/2004/08/events/event">
    <System>
      <Provider Name="Microsoft-Windows-Security-Auditing" Guid="{54849625-5478-4994-a5ba-3e3b0328c30d}" />
      <EventID>5379</EventID>
      <Version>0</Version>
      <Level>0</Level>
      <Task>13824</Task>
      <Opcode>0</Opcode>
      <Keywords>0x8020000000000000</Keywords>
      <TimeCreated SystemTime="2022-09-24T19:53:50.748121800Z" />
      <EventRecordID>149982</EventRecordID>
      <Correlation ActivityID="{b2946cf1-cf76-0001-5c6d-94b276cfd801}" />
      <Execution ProcessID="804" ThreadID="9188" />
      <Channel>Security</Channel>
      <Computer>GUAPOS-PC</Computer>
      <Security />
    </System>
    <EventData>
      <Data Name="SubjectUserSid">S-1-5-21-3960598978-2723104146-531989891-1001</Data>
      <Data Name="SubjectUserName">FOXTWO</Data>
      <Data Name="SubjectDomainName">GUAPOS-PC</Data>
      <Data Name="SubjectLogonId">0xda54b</Data>
      <Data Name="TargetName">
      </Data>
      <Data Name="Type">0</Data>
      <Data Name="CountOfCredentialsReturned">9</Data>
      <Data Name="ReadOperation">%%8100</Data>
      <Data Name="ReturnCode">0</Data>
      <Data Name="ProcessCreationTime">2022-09-23T18:02:59.973901100Z</Data>
      <Data Name="ClientProcessId">804</Data>
    </EventData>
  </Event>
  <Event xmlns="http://schemas.microsoft.com/win/2004/08/events/event">
    <System>
      <Provider Name="Microsoft-Windows-Security-Auditing" Guid="{54849625-5478-4994-a5ba-3e3b0328c30d}" />
      <EventID>5381</EventID>
      <Version>0</Version>
      <Level>0</Level>
      <Task>13824</Task>
      <Opcode>0</Opcode>
      <Keywords>0x8020000000000000</Keywords>
      <TimeCreated SystemTime="2022-09-24T19:53:50.748596000Z" />
      <EventRecordID>149983</EventRecordID>
      <Correlation />
      <Execution ProcessID="804" ThreadID="920" />
      <Channel>Security</Channel>
      <Computer>GUAPOS-PC</Computer>
      <Security />
    </System>
    <EventData>
      <Data Name="SubjectUserSid">S-1-5-21-3960598978-2723104146-531989891-1001</Data>
      <Data Name="SubjectUserName">FOXTWO</Data>
      <Data Name="SubjectDomainName">GUAPOS-PC</Data>
      <Data Name="SubjectLogonId">0xda54b</Data>
      <Data Name="Flags">512</Data>
      <Data Name="CountOfCredentialsReturned">0</Data>
      <Data Name="ProcessCreationTime">2022-09-24T19:52:46.595297000Z</Data>
      <Data Name="ClientProcessId">12440</Data>
    </EventData>
  </Event>
  <Event xmlns="http://schemas.microsoft.com/win/2004/08/events/event">
    <System>
      <Provider Name="Microsoft-Windows-Security-Auditing" Guid="{54849625-5478-4994-a5ba-3e3b0328c30d}" />
      <EventID>5379</EventID>
      <Version>0</Version>
      <Level>0</Level>
      <Task>13824</Task>
      <Opcode>0</Opcode>
      <Keywords>0x8020000000000000</Keywords>
      <TimeCreated SystemTime="2022-09-24T19:53:50.748907400Z" />
      <EventRecordID>149984</EventRecordID>
      <Correlation ActivityID="{b2946cf1-cf76-0001-5c6d-94b276cfd801}" />
      <Execution ProcessID="804" ThreadID="920" />
      <Channel>Security</Channel>
      <Computer>GUAPOS-PC</Computer>
      <Security />
    </System>
    <EventData>
      <Data Name="SubjectUserSid">S-1-5-21-3960598978-2723104146-531989891-1001</Data>
      <Data Name="SubjectUserName">FOXTWO</Data>
      <Data Name="SubjectDomainName">GUAPOS-PC</Data>
      <Data Name="SubjectLogonId">0xda54b</Data>
      <Data Name="TargetName">
      </Data>
      <Data Name="Type">0</Data>
      <Data Name="CountOfCredentialsReturned">9</Data>
      <Data Name="ReadOperation">%%8100</Data>
      <Data Name="ReturnCode">0</Data>
      <Data Name="ProcessCreationTime">2022-09-24T19:52:46.595297000Z</Data>
      <Data Name="ClientProcessId">12440</Data>
    </EventData>
  </Event>
  <Event xmlns="http://schemas.microsoft.com/win/2004/08/events/event">
    <System>
      <Provider Name="Microsoft-Windows-Security-Auditing" Guid="{54849625-5478-4994-a5ba-3e3b0328c30d}" />
      <EventID>5381</EventID>
      <Version>0</Version>
      <Level>0</Level>
      <Task>13824</Task>
      <Opcode>0</Opcode>
      <Keywords>0x8020000000000000</Keywords>
      <TimeCreated SystemTime="2022-09-24T19:55:48.286839400Z" />
      <EventRecordID>149992</EventRecordID>
      <Correlation />
      <Execution ProcessID="804" ThreadID="5788" />
      <Channel>Security</Channel>
      <Computer>GUAPOS-PC</Computer>
      <Security />
    </System>
    <EventData>
      <Data Name="SubjectUserSid">S-1-5-21-3960598978-2723104146-531989891-1005</Data>
      <Data Name="SubjectUserName">admin</Data>
      <Data Name="SubjectDomainName">GUAPOS-PC</Data>
      <Data Name="SubjectLogonId">0x5bcc667</Data>
      <Data Name="Flags">0</Data>
      <Data Name="CountOfCredentialsReturned">0</Data>
      <Data Name="ProcessCreationTime">2022-09-24T19:42:45.411371500Z</Data>
      <Data Name="ClientProcessId">7756</Data>
    </EventData>
  </Event>
  <Event xmlns="http://schemas.microsoft.com/win/2004/08/events/event">
    <System>
      <Provider Name="Microsoft-Windows-Security-Auditing" Guid="{54849625-5478-4994-a5ba-3e3b0328c30d}" />
      <EventID>5379</EventID>
      <Version>0</Version>
      <Level>0</Level>
      <Task>13824</Task>
      <Opcode>0</Opcode>
      <Keywords>0x8020000000000000</Keywords>
      <TimeCreated SystemTime="2022-09-24T19:55:55.014412800Z" />
      <EventRecordID>149994</EventRecordID>
      <Correlation ActivityID="{b2946cf1-cf76-0001-5c6d-94b276cfd801}" />
      <Execution ProcessID="804" ThreadID="5788" />
      <Channel>Security</Channel>
      <Computer>GUAPOS-PC</Computer>
      <Security />
    </System>
    <EventData>
      <Data Name="SubjectUserSid">S-1-5-21-3960598978-2723104146-531989891-1001</Data>
      <Data Name="SubjectUserName">FOXTWO</Data>
      <Data Name="SubjectDomainName">GUAPOS-PC</Data>
      <Data Name="SubjectLogonId">0xda54b</Data>
      <Data Name="TargetName">MicrosoftOffice16_Data:live:cid=*</Data>
      <Data Name="Type">0</Data>
      <Data Name="CountOfCredentialsReturned">0</Data>
      <Data Name="ReadOperation">%%8100</Data>
      <Data Name="ReturnCode">3221226021</Data>
      <Data Name="ProcessCreationTime">2022-09-24T19:55:53.639867600Z</Data>
      <Data Name="ClientProcessId">2912</Data>
    </EventData>
  </Event>
  <Event xmlns="http://schemas.microsoft.com/win/2004/08/events/event">
    <System>
      <Provider Name="Microsoft-Windows-Security-Auditing" Guid="{54849625-5478-4994-a5ba-3e3b0328c30d}" />
      <EventID>5381</EventID>
      <Version>0</Version>
      <Level>0</Level>
      <Task>13824</Task>
      <Opcode>0</Opcode>
      <Keywords>0x8020000000000000</Keywords>
      <TimeCreated SystemTime="2022-09-24T19:56:35.501449100Z" />
      <EventRecordID>149997</EventRecordID>
      <Correlation />
      <Execution ProcessID="804" ThreadID="5788" />
      <Channel>Security</Channel>
      <Computer>GUAPOS-PC</Computer>
      <Security />
    </System>
    <EventData>
      <Data Name="SubjectUserSid">S-1-5-21-3960598978-2723104146-531989891-1005</Data>
      <Data Name="SubjectUserName">admin</Data>
      <Data Name="SubjectDomainName">GUAPOS-PC</Data>
      <Data Name="SubjectLogonId">0x5bcc667</Data>
      <Data Name="Flags">0</Data>
      <Data Name="CountOfCredentialsReturned">0</Data>
      <Data Name="ProcessCreationTime">2022-09-24T19:42:45.411371500Z</Data>
      <Data Name="ClientProcessId">7756</Data>
    </EventData>
  </Event>
  <Event xmlns="http://schemas.microsoft.com/win/2004/08/events/event">
    <System>
      <Provider Name="Microsoft-Windows-Security-Auditing" Guid="{54849625-5478-4994-a5ba-3e3b0328c30d}" />
      <EventID>5381</EventID>
      <Version>0</Version>
      <Level>0</Level>
      <Task>13824</Task>
      <Opcode>0</Opcode>
      <Keywords>0x8020000000000000</Keywords>
      <TimeCreated SystemTime="2022-09-24T19:56:42.180045500Z" />
      <EventRecordID>149998</EventRecordID>
      <Correlation />
      <Execution ProcessID="804" ThreadID="5788" />
      <Channel>Security</Channel>
      <Computer>GUAPOS-PC</Computer>
      <Security />
    </System>
    <EventData>
      <Data Name="SubjectUserSid">S-1-5-21-3960598978-2723104146-531989891-1005</Data>
      <Data Name="SubjectUserName">admin</Data>
      <Data Name="SubjectDomainName">GUAPOS-PC</Data>
      <Data Name="SubjectLogonId">0x5bcc667</Data>
      <Data Name="Flags">0</Data>
      <Data Name="CountOfCredentialsReturned">0</Data>
      <Data Name="ProcessCreationTime">2022-09-24T19:42:45.411371500Z</Data>
      <Data Name="ClientProcessId">7756</Data>
    </EventData>
  </Event>
  <Event xmlns="http://schemas.microsoft.com/win/2004/08/events/event">
    <System>
      <Provider Name="Microsoft-Windows-Security-Auditing" Guid="{54849625-5478-4994-a5ba-3e3b0328c30d}" />
      <EventID>5376</EventID>
      <Version>1</Version>
      <Level>0</Level>
      <Task>13824</Task>
      <Opcode>0</Opcode>
      <Keywords>0x8020000000000000</Keywords>
      <TimeCreated SystemTime="2022-09-24T19:57:32.266265600Z" />
      <EventRecordID>150002</EventRecordID>
      <Correlation ActivityID="{b2946cf1-cf76-0001-5c6d-94b276cfd801}" />
      <Execution ProcessID="804" ThreadID="5832" />
      <Channel>Security</Channel>
      <Computer>GUAPOS-PC</Computer>
      <Security />
    </System>
    <EventData>
      <Data Name="SubjectUserSid">S-1-5-21-3960598978-2723104146-531989891-1001</Data>
      <Data Name="SubjectUserName">FOXTWO</Data>
      <Data Name="SubjectDomainName">GUAPOS-PC</Data>
      <Data Name="SubjectLogonId">0xda54b</Data>
      <Data Name="BackupFileName">C:\Windows\TEMP\CRD46C3.tmp</Data>
      <Data Name="ProcessCreationTime">2022-09-24T19:57:27.170660800Z</Data>
      <Data Name="ClientProcessId">5400</Data>
    </EventData>
  </Event>
  <Event xmlns="http://schemas.microsoft.com/win/2004/08/events/event">
    <System>
      <Provider Name="Microsoft-Windows-Security-Auditing" Guid="{54849625-5478-4994-a5ba-3e3b0328c30d}" />
      <EventID>5381</EventID>
      <Version>0</Version>
      <Level>0</Level>
      <Task>13824</Task>
      <Opcode>0</Opcode>
      <Keywords>0x8020000000000000</Keywords>
      <TimeCreated SystemTime="2022-09-24T20:05:10.698529500Z" />
      <EventRecordID>150021</EventRecordID>
      <Correlation />
      <Execution ProcessID="804" ThreadID="920" />
      <Channel>Security</Channel>
      <Computer>GUAPOS-PC</Computer>
      <Security />
    </System>
    <EventData>
      <Data Name="SubjectUserSid">S-1-5-21-3960598978-2723104146-531989891-1005</Data>
      <Data Name="SubjectUserName">admin</Data>
      <Data Name="SubjectDomainName">GUAPOS-PC</Data>
      <Data Name="SubjectLogonId">0x5da4731</Data>
      <Data Name="Flags">0</Data>
      <Data Name="CountOfCredentialsReturned">0</Data>
      <Data Name="ProcessCreationTime">2022-09-24T20:03:38.025556500Z</Data>
      <Data Name="ClientProcessId">8452</Data>
    </EventData>
  </Event>
  <Event xmlns="http://schemas.microsoft.com/win/2004/08/events/event">
    <System>
      <Provider Name="Microsoft-Windows-Security-Auditing" Guid="{54849625-5478-4994-a5ba-3e3b0328c30d}" />
      <EventID>5381</EventID>
      <Version>0</Version>
      <Level>0</Level>
      <Task>13824</Task>
      <Opcode>0</Opcode>
      <Keywords>0x8020000000000000</Keywords>
      <TimeCreated SystemTime="2022-09-24T20:05:50.571779100Z" />
      <EventRecordID>150026</EventRecordID>
      <Correlation />
      <Execution ProcessID="804" ThreadID="5636" />
      <Channel>Security</Channel>
      <Computer>GUAPOS-PC</Computer>
      <Security />
    </System>
    <EventData>
      <Data Name="SubjectUserSid">S-1-5-21-3960598978-2723104146-531989891-1001</Data>
      <Data Name="SubjectUserName">FOXTWO</Data>
      <Data Name="SubjectDomainName">GUAPOS-PC</Data>
      <Data Name="SubjectLogonId">0xda54b</Data>
      <Data Name="Flags">0</Data>
      <Data Name="CountOfCredentialsReturned">1</Data>
      <Data Name="ProcessCreationTime">2022-09-24T20:05:42.317717700Z</Data>
      <Data Name="ClientProcessId">10620</Data>
    </EventData>
  </Event>
  <Event xmlns="http://schemas.microsoft.com/win/2004/08/events/event">
    <System>
      <Provider Name="Microsoft-Windows-Security-Auditing" Guid="{54849625-5478-4994-a5ba-3e3b0328c30d}" />
      <EventID>5382</EventID>
      <Version>0</Version>
      <Level>0</Level>
      <Task>13824</Task>
      <Opcode>0</Opcode>
      <Keywords>0x8020000000000000</Keywords>
      <TimeCreated SystemTime="2022-09-24T20:05:50.594406600Z" />
      <EventRecordID>150027</EventRecordID>
      <Correlation />
      <Execution ProcessID="804" ThreadID="5636" />
      <Channel>Security</Channel>
      <Computer>GUAPOS-PC</Computer>
      <Security />
    </System>
    <EventData>
      <Data Name="SubjectUserSid">S-1-5-21-3960598978-2723104146-531989891-1001</Data>
      <Data Name="SubjectUserName">FOXTWO</Data>
      <Data Name="SubjectDomainName">GUAPOS-PC</Data>
      <Data Name="SubjectLogonId">0xda54b</Data>
      <Data Name="SchemaFriendlyName">Windows Web Password Credential</Data>
      <Data Name="Schema">{3ccd5499-87a8-4b10-a215-608888dd3b55}</Data>
      <Data Name="Resource">https://login.live.com/</Data>
      <Data Name="Identity">m.decrevoisier@outlook.com</Data>
      <Data Name="PackageSid">
      </Data>
      <Data Name="Flags">0</Data>
      <Data Name="ReturnCode">0</Data>
      <Data Name="ProcessCreationTime">2022-09-24T20:05:42.317717700Z</Data>
      <Data Name="ClientProcessId">10620</Data>
    </EventData>
  </Event>
  <Event xmlns="http://schemas.microsoft.com/win/2004/08/events/event">
    <System>
      <Provider Name="Microsoft-Windows-Security-Auditing" Guid="{54849625-5478-4994-a5ba-3e3b0328c30d}" />
      <EventID>5379</EventID>
      <Version>0</Version>
      <Level>0</Level>
      <Task>13824</Task>
      <Opcode>0</Opcode>
      <Keywords>0x8020000000000000</Keywords>
      <TimeCreated SystemTime="2022-09-24T20:06:33.379222200Z" />
      <EventRecordID>150034</EventRecordID>
      <Correlation ActivityID="{b2946cf1-cf76-0001-5c6d-94b276cfd801}" />
      <Execution ProcessID="804" ThreadID="920" />
      <Channel>Security</Channel>
      <Computer>GUAPOS-PC</Computer>
      <Security />
    </System>
    <EventData>
      <Data Name="SubjectUserSid">S-1-5-21-3960598978-2723104146-531989891-1001</Data>
      <Data Name="SubjectUserName">FOXTWO</Data>
      <Data Name="SubjectDomainName">GUAPOS-PC</Data>
      <Data Name="SubjectLogonId">0xda54b</Data>
      <Data Name="TargetName">MicrosoftOffice16_Data:SSPI:*</Data>
      <Data Name="Type">0</Data>
      <Data Name="CountOfCredentialsReturned">0</Data>
      <Data Name="ReadOperation">%%8100</Data>
      <Data Name="ReturnCode">3221226021</Data>
      <Data Name="ProcessCreationTime">2022-09-24T20:06:33.160429700Z</Data>
      <Data Name="ClientProcessId">1312</Data>
    </EventData>
  </Event>
</root>