<Event xmlns="http://schemas.microsoft.com/win/2004/08/events/event">
    <System>
      <Provider Name="Microsoft-Windows-Security-Auditing" Guid="{54849625-5478-4994-a5ba-3e3b0328c30d}" />
      <EventID>4674</EventID>
      <Version>0</Version>
      <Level>0</Level>
      <Task>13056</Task>
      <Opcode>0</Opcode>
      <Keywords>0x8020000000000000</Keywords>
      <TimeCreated SystemTime="2021-11-23T09:26:32.463991400Z" />
      <EventRecordID>937831</EventRecordID>
      <Correlation />
      <Execution ProcessID="480" ThreadID="488" />
      <Channel>Security</Channel>
      <Computer>fs03vuln.offsec.lan</Computer>
      <Security />
    </System>
    <EventData>
      <Data Name="SubjectUserSid">S-1-5-21-4230534742-2542757381-3142984815-1111</Data>
      <Data Name="SubjectUserName">admmig</Data>
      <Data Name="SubjectDomainName">OFFSEC</Data>
      <Data Name="SubjectLogonId">0x8157bac</Data>
      <Data Name="ObjectServer">Security</Data>
      <Data Name="ObjectType">Key</Data>
      <Data Name="ObjectName">\REGISTRY\MACHINE\SOFTWARE\Microsoft\Windows NT\CurrentVersion\PERFLIB</Data>
      <Data Name="HandleId">0x5e8</Data>
      <Data Name="AccessMask">%%1537
				%%1538
				%%1539
				%%1540
				%%1542
				%%4432
				%%4433
				%%4434
				%%4435
				%%4436
				%%4437
				</Data>
      <Data Name="PrivilegeList">SeSecurityPrivilege</Data>
      <Data Name="ProcessId">0x5e4</Data>
      <Data Name="ProcessName">C:\Windows\System32\wbem\WmiPrvSE.exe</Data>
    </EventData>
  </Event>
  <Event xmlns="http://schemas.microsoft.com/win/2004/08/events/event">
    <System>
      <Provider Name="Microsoft-Windows-Security-Auditing" Guid="{54849625-5478-4994-a5ba-3e3b0328c30d}" />
      <EventID>4674</EventID>
      <Version>0</Version>
      <Level>0</Level>
      <Task>13056</Task>
      <Opcode>0</Opcode>
      <Keywords>0x8020000000000000</Keywords>
      <TimeCreated SystemTime="2021-11-23T09:26:32.463991400Z" />
      <EventRecordID>937832</EventRecordID>
      <Correlation />
      <Execution ProcessID="480" ThreadID="488" />
      <Channel>Security</Channel>
      <Computer>fs03vuln.offsec.lan</Computer>
      <Security />
    </System>
    <EventData>
      <Data Name="SubjectUserSid">S-1-5-21-4230534742-2542757381-3142984815-1111</Data>
      <Data Name="SubjectUserName">admmig</Data>
      <Data Name="SubjectDomainName">OFFSEC</Data>
      <Data Name="SubjectLogonId">0x8157bac</Data>
      <Data Name="ObjectServer">Security</Data>
      <Data Name="ObjectType">-</Data>
      <Data Name="ObjectName">-</Data>
      <Data Name="HandleId">0x5e8</Data>
      <Data Name="AccessMask">17760319</Data>
      <Data Name="PrivilegeList">SeSecurityPrivilege</Data>
      <Data Name="ProcessId">0x5e4</Data>
      <Data Name="ProcessName">C:\Windows\System32\wbem\WmiPrvSE.exe</Data>
    </EventData>
  </Event>
  <Event xmlns="http://schemas.microsoft.com/win/2004/08/events/event">
    <System>
      <Provider Name="Microsoft-Windows-Security-Auditing" Guid="{54849625-5478-4994-a5ba-3e3b0328c30d}" />
      <EventID>4688</EventID>
      <Version>1</Version>
      <Level>0</Level>
      <Task>13312</Task>
      <Opcode>0</Opcode>
      <Keywords>0x8020000000000000</Keywords>
      <TimeCreated SystemTime="2021-11-23T09:26:45.843690900Z" />
      <EventRecordID>937833</EventRecordID>
      <Correlation />
      <Execution ProcessID="4" ThreadID="1860" />
      <Channel>Security</Channel>
      <Computer>fs03vuln.offsec.lan</Computer>
      <Security />
    </System>
    <EventData>
      <Data Name="SubjectUserSid">S-1-5-18</Data>
      <Data Name="SubjectUserName">FS03VULN$</Data>
      <Data Name="SubjectDomainName">OFFSEC</Data>
      <Data Name="SubjectLogonId">0x3e7</Data>
      <Data Name="NewProcessId">0x214</Data>
      <Data Name="NewProcessName">C:\Windows\System32\cmd.exe</Data>
      <Data Name="TokenElevationType">%%1936</Data>
      <Data Name="ProcessId">0x2e8</Data>
      <Data Name="CommandLine">C:\Windows\SYSTEM32\cmd.exe /c "C:\tools\shell.cmd"</Data>
    </EventData>
  </Event>
  <Event xmlns="http://schemas.microsoft.com/win/2004/08/events/event">
    <System>
      <Provider Name="Microsoft-Windows-Security-Auditing" Guid="{54849625-5478-4994-a5ba-3e3b0328c30d}" />
      <EventID>4688</EventID>
      <Version>1</Version>
      <Level>0</Level>
      <Task>13312</Task>
      <Opcode>0</Opcode>
      <Keywords>0x8020000000000000</Keywords>
      <TimeCreated SystemTime="2021-11-23T09:26:45.843690900Z" />
      <EventRecordID>937834</EventRecordID>
      <Correlation />
      <Execution ProcessID="4" ThreadID="1860" />
      <Channel>Security</Channel>
      <Computer>fs03vuln.offsec.lan</Computer>
      <Security />
    </System>
    <EventData>
      <Data Name="SubjectUserSid">S-1-5-18</Data>
      <Data Name="SubjectUserName">FS03VULN$</Data>
      <Data Name="SubjectDomainName">OFFSEC</Data>
      <Data Name="SubjectLogonId">0x3e7</Data>
      <Data Name="NewProcessId">0xe74</Data>
      <Data Name="NewProcessName">C:\Windows\System32\conhost.exe</Data>
      <Data Name="TokenElevationType">%%1936</Data>
      <Data Name="ProcessId">0x214</Data>
      <Data Name="CommandLine">\??\C:\Windows\system32\conhost.exe 0xffffffff</Data>
    </EventData>
  </Event>
</root>