<Event xmlns="http://schemas.microsoft.com/win/2004/08/events/event">
    <System>
      <Provider Name="Microsoft-Windows-Security-Auditing" Guid="{54849625-5478-4994-a5ba-3e3b0328c30d}" />
      <EventID>5447</EventID>
      <Version>0</Version>
      <Level>0</Level>
      <Task>13573</Task>
      <Opcode>0</Opcode>
      <Keywords>0x8020000000000000</Keywords>
      <TimeCreated SystemTime="2021-06-03T19:17:46.777153300Z" />
      <EventRecordID>1965710</EventRecordID>
      <Correlation ActivityID="{38068009-512d-0000-1d80-06382d51d701}" />
      <Execution ProcessID="556" ThreadID="2532" />
      <Channel>Security</Channel>
      <Computer>fs01.offsec.lan</Computer>
      <Security />
    </System>
    <EventData>
      <Data Name="ProcessId">1000</Data>
      <Data Name="UserSid">S-1-5-19</Data>
      <Data Name="UserName">NT AUTHORITY\LOCAL SERVICE</Data>
      <Data Name="ProviderKey">{4b153735-1049-4480-aab4-d1b9bdc03710}</Data>
      <Data Name="ProviderName">Microsoft Corporation</Data>
      <Data Name="ChangeType">%%16384</Data>
      <Data Name="FilterKey">{29a01f73-cf0b-4f98-b33d-f07e19a23971}</Data>
      <Data Name="FilterName">Allow inbound TCP port 389 traffic for vmicheartbeat</Data>
      <Data Name="FilterType">%%16388</Data>
      <Data Name="FilterId">72169</Data>
      <Data Name="LayerKey">{e1cd9fe7-f4b5-4273-96c0-592e487b8650}</Data>
      <Data Name="LayerName">ALE Receive/Accept v4 Layer</Data>
      <Data Name="LayerId">44</Data>
      <Data Name="Weight">2111886959050752</Data>
      <Data Name="Conditions">
	Condition ID:	{d78e1e87-8644-4ea5-9437-d809ecefc971}
	Match value:	Equal to
	Condition value:	
    00000000  5c 00 64 00 65 00 76 00-69 00 63 00 65 00 5c 00  \.d.e.v.i.c.e.\.
    00000010  68 00 61 00 72 00 64 00-64 00 69 00 73 00 6b 00  h.a.r.d.d.i.s.k.
    00000020  76 00 6f 00 6c 00 75 00-6d 00 65 00 34 00 5c 00  v.o.l.u.m.e.4.\.
    00000030  77 00 69 00 6e 00 64 00-6f 00 77 00 73 00 5c 00  w.i.n.d.o.w.s.\.
    00000040  73 00 79 00 73 00 74 00-65 00 6d 00 33 00 32 00  s.y.s.t.e.m.3.2.
    00000050  5c 00 73 00 76 00 63 00-68 00 6f 00 73 00 74 00  \.s.v.c.h.o.s.t.
    00000060  2e 00 65 00 78 00 65 00-00 00                    ..e.x.e...


	Condition ID:	{af043a0a-b34d-4f86-979c-c90371af6e66}
	Match value:	Equal to
	Condition value:	
O:SYG:SYD:(A;;CCRC;;;S-1-5-80-534935901-3437432317-481271085-1710633381-983106267)


	Condition ID:	{0c1ba1af-5765-453f-af22-a8f791ac775b}
	Match value:	Equal to
	Condition value:	0x0185

	Condition ID:	{3971ef2b-623e-4f9a-8cb1-6e79b806b9a7}
	Match value:	Equal to
	Condition value:	0x06
</Data>
      <Data Name="Action">%%16390</Data>
      <Data Name="CalloutKey">{00000000-0000-0000-0000-000000000000}</Data>
      <Data Name="CalloutName">-</Data>
    </EventData>
  </Event>
  <Event xmlns="http://schemas.microsoft.com/win/2004/08/events/event">
    <System>
      <Provider Name="Microsoft-Windows-Security-Auditing" Guid="{54849625-5478-4994-a5ba-3e3b0328c30d}" />
      <EventID>5447</EventID>
      <Version>0</Version>
      <Level>0</Level>
      <Task>13573</Task>
      <Opcode>0</Opcode>
      <Keywords>0x8020000000000000</Keywords>
      <TimeCreated SystemTime="2021-06-03T19:17:46.777182700Z" />
      <EventRecordID>1965711</EventRecordID>
      <Correlation ActivityID="{38068009-512d-0000-1d80-06382d51d701}" />
      <Execution ProcessID="556" ThreadID="2532" />
      <Channel>Security</Channel>
      <Computer>fs01.offsec.lan</Computer>
      <Security />
    </System>
    <EventData>
      <Data Name="ProcessId">1000</Data>
      <Data Name="UserSid">S-1-5-19</Data>
      <Data Name="UserName">NT AUTHORITY\LOCAL SERVICE</Data>
      <Data Name="ProviderKey">{4b153735-1049-4480-aab4-d1b9bdc03710}</Data>
      <Data Name="ProviderName">Microsoft Corporation</Data>
      <Data Name="ChangeType">%%16384</Data>
      <Data Name="FilterKey">{3682006e-e4a4-4335-9c26-afb0277c7956}</Data>
      <Data Name="FilterName">Allow inbound TCP port 389 traffic for vmicheartbeat</Data>
      <Data Name="FilterType">%%16388</Data>
      <Data Name="FilterId">72170</Data>
      <Data Name="LayerKey">{a3b42c97-9f04-4672-b87e-cee9c483257f}</Data>
      <Data Name="LayerName">ALE Receive/Accept v6 Layer</Data>
      <Data Name="LayerId">46</Data>
      <Data Name="Weight">246496763052032</Data>
      <Data Name="Conditions">
	Condition ID:	{d78e1e87-8644-4ea5-9437-d809ecefc971}
	Match value:	Equal to
	Condition value:	
    00000000  5c 00 64 00 65 00 76 00-69 00 63 00 65 00 5c 00  \.d.e.v.i.c.e.\.
    00000010  68 00 61 00 72 00 64 00-64 00 69 00 73 00 6b 00  h.a.r.d.d.i.s.k.
    00000020  76 00 6f 00 6c 00 75 00-6d 00 65 00 34 00 5c 00  v.o.l.u.m.e.4.\.
    00000030  77 00 69 00 6e 00 64 00-6f 00 77 00 73 00 5c 00  w.i.n.d.o.w.s.\.
    00000040  73 00 79 00 73 00 74 00-65 00 6d 00 33 00 32 00  s.y.s.t.e.m.3.2.
    00000050  5c 00 73 00 76 00 63 00-68 00 6f 00 73 00 74 00  \.s.v.c.h.o.s.t.
    00000060  2e 00 65 00 78 00 65 00-00 00                    ..e.x.e...


	Condition ID:	{af043a0a-b34d-4f86-979c-c90371af6e66}
	Match value:	Equal to
	Condition value:	
O:SYG:SYD:(A;;CCRC;;;S-1-5-80-534935901-3437432317-481271085-1710633381-983106267)


	Condition ID:	{0c1ba1af-5765-453f-af22-a8f791ac775b}
	Match value:	Equal to
	Condition value:	0x0185

	Condition ID:	{3971ef2b-623e-4f9a-8cb1-6e79b806b9a7}
	Match value:	Equal to
	Condition value:	0x06
</Data>
      <Data Name="Action">%%16390</Data>
      <Data Name="CalloutKey">{00000000-0000-0000-0000-000000000000}</Data>
      <Data Name="CalloutName">-</Data>
    </EventData>
  </Event>
  <Event xmlns="http://schemas.microsoft.com/win/2004/08/events/event">
    <System>
      <Provider Name="Microsoft-Windows-Security-Auditing" Guid="{54849625-5478-4994-a5ba-3e3b0328c30d}" />
      <EventID>5447</EventID>
      <Version>0</Version>
      <Level>0</Level>
      <Task>13573</Task>
      <Opcode>0</Opcode>
      <Keywords>0x8020000000000000</Keywords>
      <TimeCreated SystemTime="2021-06-03T19:17:46.777212000Z" />
      <EventRecordID>1965712</EventRecordID>
      <Correlation ActivityID="{38068009-512d-0000-1d80-06382d51d701}" />
      <Execution ProcessID="556" ThreadID="2532" />
      <Channel>Security</Channel>
      <Computer>fs01.offsec.lan</Computer>
      <Security />
    </System>
    <EventData>
      <Data Name="ProcessId">1000</Data>
      <Data Name="UserSid">S-1-5-19</Data>
      <Data Name="UserName">NT AUTHORITY\LOCAL SERVICE</Data>
      <Data Name="ProviderKey">{4b153735-1049-4480-aab4-d1b9bdc03710}</Data>
      <Data Name="ProviderName">Microsoft Corporation</Data>
      <Data Name="ChangeType">%%16384</Data>
      <Data Name="FilterKey">{6fd9e286-c49f-4595-856c-d6ebd83153f5}</Data>
      <Data Name="FilterName">Allow inbound TCP port 636 traffic for vmicheartbeat</Data>
      <Data Name="FilterType">%%16388</Data>
      <Data Name="FilterId">72171</Data>
      <Data Name="LayerKey">{e1cd9fe7-f4b5-4273-96c0-592e487b8650}</Data>
      <Data Name="LayerName">ALE Receive/Accept v4 Layer</Data>
      <Data Name="LayerId">44</Data>
      <Data Name="Weight">2111886959050752</Data>
      <Data Name="Conditions">
	Condition ID:	{d78e1e87-8644-4ea5-9437-d809ecefc971}
	Match value:	Equal to
	Condition value:	
    00000000  5c 00 64 00 65 00 76 00-69 00 63 00 65 00 5c 00  \.d.e.v.i.c.e.\.
    00000010  68 00 61 00 72 00 64 00-64 00 69 00 73 00 6b 00  h.a.r.d.d.i.s.k.
    00000020  76 00 6f 00 6c 00 75 00-6d 00 65 00 34 00 5c 00  v.o.l.u.m.e.4.\.
    00000030  77 00 69 00 6e 00 64 00-6f 00 77 00 73 00 5c 00  w.i.n.d.o.w.s.\.
    00000040  73 00 79 00 73 00 74 00-65 00 6d 00 33 00 32 00  s.y.s.t.e.m.3.2.
    00000050  5c 00 73 00 76 00 63 00-68 00 6f 00 73 00 74 00  \.s.v.c.h.o.s.t.
    00000060  2e 00 65 00 78 00 65 00-00 00                    ..e.x.e...


	Condition ID:	{af043a0a-b34d-4f86-979c-c90371af6e66}
	Match value:	Equal to
	Condition value:	
O:SYG:SYD:(A;;CCRC;;;S-1-5-80-534935901-3437432317-481271085-1710633381-983106267)


	Condition ID:	{0c1ba1af-5765-453f-af22-a8f791ac775b}
	Match value:	Equal to
	Condition value:	0x027c

	Condition ID:	{3971ef2b-623e-4f9a-8cb1-6e79b806b9a7}
	Match value:	Equal to
	Condition value:	0x06
</Data>
      <Data Name="Action">%%16390</Data>
      <Data Name="CalloutKey">{00000000-0000-0000-0000-000000000000}</Data>
      <Data Name="CalloutName">-</Data>
    </EventData>
  </Event>
  <Event xmlns="http://schemas.microsoft.com/win/2004/08/events/event">
    <System>
      <Provider Name="Microsoft-Windows-Security-Auditing" Guid="{54849625-5478-4994-a5ba-3e3b0328c30d}" />
      <EventID>5447</EventID>
      <Version>0</Version>
      <Level>0</Level>
      <Task>13573</Task>
      <Opcode>0</Opcode>
      <Keywords>0x8020000000000000</Keywords>
      <TimeCreated SystemTime="2021-06-03T19:17:46.777240400Z" />
      <EventRecordID>1965713</EventRecordID>
      <Correlation ActivityID="{38068009-512d-0000-1d80-06382d51d701}" />
      <Execution ProcessID="556" ThreadID="2532" />
      <Channel>Security</Channel>
      <Computer>fs01.offsec.lan</Computer>
      <Security />
    </System>
    <EventData>
      <Data Name="ProcessId">1000</Data>
      <Data Name="UserSid">S-1-5-19</Data>
      <Data Name="UserName">NT AUTHORITY\LOCAL SERVICE</Data>
      <Data Name="ProviderKey">{4b153735-1049-4480-aab4-d1b9bdc03710}</Data>
      <Data Name="ProviderName">Microsoft Corporation</Data>
      <Data Name="ChangeType">%%16384</Data>
      <Data Name="FilterKey">{7a059a58-5b23-400d-b4da-6f2474eaf08b}</Data>
      <Data Name="FilterName">Allow inbound TCP port 636 traffic for vmicheartbeat</Data>
      <Data Name="FilterType">%%16388</Data>
      <Data Name="FilterId">72172</Data>
      <Data Name="LayerKey">{a3b42c97-9f04-4672-b87e-cee9c483257f}</Data>
      <Data Name="LayerName">ALE Receive/Accept v6 Layer</Data>
      <Data Name="LayerId">46</Data>
      <Data Name="Weight">246496763052032</Data>
      <Data Name="Conditions">
	Condition ID:	{d78e1e87-8644-4ea5-9437-d809ecefc971}
	Match value:	Equal to
	Condition value:	
    00000000  5c 00 64 00 65 00 76 00-69 00 63 00 65 00 5c 00  \.d.e.v.i.c.e.\.
    00000010  68 00 61 00 72 00 64 00-64 00 69 00 73 00 6b 00  h.a.r.d.d.i.s.k.
    00000020  76 00 6f 00 6c 00 75 00-6d 00 65 00 34 00 5c 00  v.o.l.u.m.e.4.\.
    00000030  77 00 69 00 6e 00 64 00-6f 00 77 00 73 00 5c 00  w.i.n.d.o.w.s.\.
    00000040  73 00 79 00 73 00 74 00-65 00 6d 00 33 00 32 00  s.y.s.t.e.m.3.2.
    00000050  5c 00 73 00 76 00 63 00-68 00 6f 00 73 00 74 00  \.s.v.c.h.o.s.t.
    00000060  2e 00 65 00 78 00 65 00-00 00                    ..e.x.e...


	Condition ID:	{af043a0a-b34d-4f86-979c-c90371af6e66}
	Match value:	Equal to
	Condition value:	
O:SYG:SYD:(A;;CCRC;;;S-1-5-80-534935901-3437432317-481271085-1710633381-983106267)


	Condition ID:	{0c1ba1af-5765-453f-af22-a8f791ac775b}
	Match value:	Equal to
	Condition value:	0x027c

	Condition ID:	{3971ef2b-623e-4f9a-8cb1-6e79b806b9a7}
	Match value:	Equal to
	Condition value:	0x06
</Data>
      <Data Name="Action">%%16390</Data>
      <Data Name="CalloutKey">{00000000-0000-0000-0000-000000000000}</Data>
      <Data Name="CalloutName">-</Data>
    </EventData>
  </Event>
  <Event xmlns="http://schemas.microsoft.com/win/2004/08/events/event">
    <System>
      <Provider Name="Microsoft-Windows-Security-Auditing" Guid="{54849625-5478-4994-a5ba-3e3b0328c30d}" />
      <EventID>5447</EventID>
      <Version>0</Version>
      <Level>0</Level>
      <Task>13573</Task>
      <Opcode>0</Opcode>
      <Keywords>0x8020000000000000</Keywords>
      <TimeCreated SystemTime="2021-06-03T19:17:46.777269300Z" />
      <EventRecordID>1965714</EventRecordID>
      <Correlation ActivityID="{38068009-512d-0000-1d80-06382d51d701}" />
      <Execution ProcessID="556" ThreadID="2532" />
      <Channel>Security</Channel>
      <Computer>fs01.offsec.lan</Computer>
      <Security />
    </System>
    <EventData>
      <Data Name="ProcessId">1000</Data>
      <Data Name="UserSid">S-1-5-19</Data>
      <Data Name="UserName">NT AUTHORITY\LOCAL SERVICE</Data>
      <Data Name="ProviderKey">{4b153735-1049-4480-aab4-d1b9bdc03710}</Data>
      <Data Name="ProviderName">Microsoft Corporation</Data>
      <Data Name="ChangeType">%%16384</Data>
      <Data Name="FilterKey">{f3dc2f98-242f-47c2-8889-2c88d5113f88}</Data>
      <Data Name="FilterName">Allow outbound TCP traffic for vmicheartbeat</Data>
      <Data Name="FilterType">%%16388</Data>
      <Data Name="FilterId">72173</Data>
      <Data Name="LayerKey">{c38d57d1-05a7-4c33-904f-7fbceee60e82}</Data>
      <Data Name="LayerName">ALE Connect v4 Layer</Data>
      <Data Name="LayerId">48</Data>
      <Data Name="Weight">422418623496192</Data>
      <Data Name="Conditions">
	Condition ID:	{d78e1e87-8644-4ea5-9437-d809ecefc971}
	Match value:	Equal to
	Condition value:	
    00000000  5c 00 64 00 65 00 76 00-69 00 63 00 65 00 5c 00  \.d.e.v.i.c.e.\.
    00000010  68 00 61 00 72 00 64 00-64 00 69 00 73 00 6b 00  h.a.r.d.d.i.s.k.
    00000020  76 00 6f 00 6c 00 75 00-6d 00 65 00 34 00 5c 00  v.o.l.u.m.e.4.\.
    00000030  77 00 69 00 6e 00 64 00-6f 00 77 00 73 00 5c 00  w.i.n.d.o.w.s.\.
    00000040  73 00 79 00 73 00 74 00-65 00 6d 00 33 00 32 00  s.y.s.t.e.m.3.2.
    00000050  5c 00 73 00 76 00 63 00-68 00 6f 00 73 00 74 00  \.s.v.c.h.o.s.t.
    00000060  2e 00 65 00 78 00 65 00-00 00                    ..e.x.e...


	Condition ID:	{af043a0a-b34d-4f86-979c-c90371af6e66}
	Match value:	Equal to
	Condition value:	
O:SYG:SYD:(A;;CCRC;;;S-1-5-80-534935901-3437432317-481271085-1710633381-983106267)


	Condition ID:	{3971ef2b-623e-4f9a-8cb1-6e79b806b9a7}
	Match value:	Equal to
	Condition value:	0x06
</Data>
      <Data Name="Action">%%16390</Data>
      <Data Name="CalloutKey">{00000000-0000-0000-0000-000000000000}</Data>
      <Data Name="CalloutName">-</Data>
    </EventData>
  </Event>
  <Event xmlns="http://schemas.microsoft.com/win/2004/08/events/event">
    <System>
      <Provider Name="Microsoft-Windows-Security-Auditing" Guid="{54849625-5478-4994-a5ba-3e3b0328c30d}" />
      <EventID>5447</EventID>
      <Version>0</Version>
      <Level>0</Level>
      <Task>13573</Task>
      <Opcode>0</Opcode>
      <Keywords>0x8020000000000000</Keywords>
      <TimeCreated SystemTime="2021-06-03T19:17:46.777298200Z" />
      <EventRecordID>1965715</EventRecordID>
      <Correlation ActivityID="{38068009-512d-0000-1d80-06382d51d701}" />
      <Execution ProcessID="556" ThreadID="2532" />
      <Channel>Security</Channel>
      <Computer>fs01.offsec.lan</Computer>
      <Security />
    </System>
    <EventData>
      <Data Name="ProcessId">1000</Data>
      <Data Name="UserSid">S-1-5-19</Data>
      <Data Name="UserName">NT AUTHORITY\LOCAL SERVICE</Data>
      <Data Name="ProviderKey">{4b153735-1049-4480-aab4-d1b9bdc03710}</Data>
      <Data Name="ProviderName">Microsoft Corporation</Data>
      <Data Name="ChangeType">%%16384</Data>
      <Data Name="FilterKey">{2e65c4f2-4729-431b-b89e-90fba241c6f5}</Data>
      <Data Name="FilterName">Allow outbound TCP traffic for vmicheartbeat</Data>
      <Data Name="FilterType">%%16388</Data>
      <Data Name="FilterId">72174</Data>
      <Data Name="LayerKey">{4a72393b-319f-44bc-84c3-ba54dcb3b6b4}</Data>
      <Data Name="LayerName">ALE Connect v6 Layer</Data>
      <Data Name="LayerId">50</Data>
      <Data Name="Weight">105604655874048</Data>
      <Data Name="Conditions">
	Condition ID:	{d78e1e87-8644-4ea5-9437-d809ecefc971}
	Match value:	Equal to
	Condition value:	
    00000000  5c 00 64 00 65 00 76 00-69 00 63 00 65 00 5c 00  \.d.e.v.i.c.e.\.
    00000010  68 00 61 00 72 00 64 00-64 00 69 00 73 00 6b 00  h.a.r.d.d.i.s.k.
    00000020  76 00 6f 00 6c 00 75 00-6d 00 65 00 34 00 5c 00  v.o.l.u.m.e.4.\.
    00000030  77 00 69 00 6e 00 64 00-6f 00 77 00 73 00 5c 00  w.i.n.d.o.w.s.\.
    00000040  73 00 79 00 73 00 74 00-65 00 6d 00 33 00 32 00  s.y.s.t.e.m.3.2.
    00000050  5c 00 73 00 76 00 63 00-68 00 6f 00 73 00 74 00  \.s.v.c.h.o.s.t.
    00000060  2e 00 65 00 78 00 65 00-00 00                    ..e.x.e...


	Condition ID:	{af043a0a-b34d-4f86-979c-c90371af6e66}
	Match value:	Equal to
	Condition value:	
O:SYG:SYD:(A;;CCRC;;;S-1-5-80-534935901-3437432317-481271085-1710633381-983106267)


	Condition ID:	{3971ef2b-623e-4f9a-8cb1-6e79b806b9a7}
	Match value:	Equal to
	Condition value:	0x06
</Data>
      <Data Name="Action">%%16390</Data>
      <Data Name="CalloutKey">{00000000-0000-0000-0000-000000000000}</Data>
      <Data Name="CalloutName">-</Data>
    </EventData>
  </Event>
  <Event xmlns="http://schemas.microsoft.com/win/2004/08/events/event">
    <System>
      <Provider Name="Microsoft-Windows-Security-Auditing" Guid="{54849625-5478-4994-a5ba-3e3b0328c30d}" />
      <EventID>5447</EventID>
      <Version>0</Version>
      <Level>0</Level>
      <Task>13573</Task>
      <Opcode>0</Opcode>
      <Keywords>0x8020000000000000</Keywords>
      <TimeCreated SystemTime="2021-06-03T19:17:46.777327100Z" />
      <EventRecordID>1965716</EventRecordID>
      <Correlation ActivityID="{38068009-512d-0000-1d80-06382d51d701}" />
      <Execution ProcessID="556" ThreadID="2532" />
      <Channel>Security</Channel>
      <Computer>fs01.offsec.lan</Computer>
      <Security />
    </System>
    <EventData>
      <Data Name="ProcessId">1000</Data>
      <Data Name="UserSid">S-1-5-19</Data>
      <Data Name="UserName">NT AUTHORITY\LOCAL SERVICE</Data>
      <Data Name="ProviderKey">{4b153735-1049-4480-aab4-d1b9bdc03710}</Data>
      <Data Name="ProviderName">Microsoft Corporation</Data>
      <Data Name="ChangeType">%%16384</Data>
      <Data Name="FilterKey">{3d597705-8cce-4a7d-aa34-7c2555c5528e}</Data>
      <Data Name="FilterName">Allow TCP traffic from Wcmsvc</Data>
      <Data Name="FilterType">%%16388</Data>
      <Data Name="FilterId">72175</Data>
      <Data Name="LayerKey">{c38d57d1-05a7-4c33-904f-7fbceee60e82}</Data>
      <Data Name="LayerName">ALE Connect v4 Layer</Data>
      <Data Name="LayerId">48</Data>
      <Data Name="Weight">422418623496192</Data>
      <Data Name="Conditions">
	Condition ID:	{d78e1e87-8644-4ea5-9437-d809ecefc971}
	Match value:	Equal to
	Condition value:	
    00000000  5c 00 64 00 65 00 76 00-69 00 63 00 65 00 5c 00  \.d.e.v.i.c.e.\.
    00000010  68 00 61 00 72 00 64 00-64 00 69 00 73 00 6b 00  h.a.r.d.d.i.s.k.
    00000020  76 00 6f 00 6c 00 75 00-6d 00 65 00 34 00 5c 00  v.o.l.u.m.e.4.\.
    00000030  77 00 69 00 6e 00 64 00-6f 00 77 00 73 00 5c 00  w.i.n.d.o.w.s.\.
    00000040  73 00 79 00 73 00 74 00-65 00 6d 00 33 00 32 00  s.y.s.t.e.m.3.2.
    00000050  5c 00 73 00 76 00 63 00-68 00 6f 00 73 00 74 00  \.s.v.c.h.o.s.t.
    00000060  2e 00 65 00 78 00 65 00-00 00                    ..e.x.e...


	Condition ID:	{af043a0a-b34d-4f86-979c-c90371af6e66}
	Match value:	Equal to
	Condition value:	
O:SYG:SYD:(A;;CCRC;;;S-1-5-80-4155767994-3874329934-3800885181-2130851812-726865888)


	Condition ID:	{3971ef2b-623e-4f9a-8cb1-6e79b806b9a7}
	Match value:	Equal to
	Condition value:	0x06
</Data>
      <Data Name="Action">%%16390</Data>
      <Data Name="CalloutKey">{00000000-0000-0000-0000-000000000000}</Data>
      <Data Name="CalloutName">-</Data>
    </EventData>
  </Event>
  <Event xmlns="http://schemas.microsoft.com/win/2004/08/events/event">
    <System>
      <Provider Name="Microsoft-Windows-Security-Auditing" Guid="{54849625-5478-4994-a5ba-3e3b0328c30d}" />
      <EventID>5447</EventID>
      <Version>0</Version>
      <Level>0</Level>
      <Task>13573</Task>
      <Opcode>0</Opcode>
      <Keywords>0x8020000000000000</Keywords>
      <TimeCreated SystemTime="2021-06-03T19:17:46.777360200Z" />
      <EventRecordID>1965717</EventRecordID>
      <Correlation ActivityID="{38068009-512d-0000-1d80-06382d51d701}" />
      <Execution ProcessID="556" ThreadID="2532" />
      <Channel>Security</Channel>
      <Computer>fs01.offsec.lan</Computer>
      <Security />
    </System>
    <EventData>
      <Data Name="ProcessId">1000</Data>
      <Data Name="UserSid">S-1-5-19</Data>
      <Data Name="UserName">NT AUTHORITY\LOCAL SERVICE</Data>
      <Data Name="ProviderKey">{4b153735-1049-4480-aab4-d1b9bdc03710}</Data>
      <Data Name="ProviderName">Microsoft Corporation</Data>
      <Data Name="ChangeType">%%16384</Data>
      <Data Name="FilterKey">{22770c7d-ca96-4781-beed-80b14105cfeb}</Data>
      <Data Name="FilterName">Allow TCP traffic from Wcmsvc</Data>
      <Data Name="FilterType">%%16388</Data>
      <Data Name="FilterId">72176</Data>
      <Data Name="LayerKey">{4a72393b-319f-44bc-84c3-ba54dcb3b6b4}</Data>
      <Data Name="LayerName">ALE Connect v6 Layer</Data>
      <Data Name="LayerId">50</Data>
      <Data Name="Weight">105604655874048</Data>
      <Data Name="Conditions">
	Condition ID:	{d78e1e87-8644-4ea5-9437-d809ecefc971}
	Match value:	Equal to
	Condition value:	
    00000000  5c 00 64 00 65 00 76 00-69 00 63 00 65 00 5c 00  \.d.e.v.i.c.e.\.
    00000010  68 00 61 00 72 00 64 00-64 00 69 00 73 00 6b 00  h.a.r.d.d.i.s.k.
    00000020  76 00 6f 00 6c 00 75 00-6d 00 65 00 34 00 5c 00  v.o.l.u.m.e.4.\.
    00000030  77 00 69 00 6e 00 64 00-6f 00 77 00 73 00 5c 00  w.i.n.d.o.w.s.\.
    00000040  73 00 79 00 73 00 74 00-65 00 6d 00 33 00 32 00  s.y.s.t.e.m.3.2.
    00000050  5c 00 73 00 76 00 63 00-68 00 6f 00 73 00 74 00  \.s.v.c.h.o.s.t.
    00000060  2e 00 65 00 78 00 65 00-00 00                    ..e.x.e...


	Condition ID:	{af043a0a-b34d-4f86-979c-c90371af6e66}
	Match value:	Equal to
	Condition value:	
O:SYG:SYD:(A;;CCRC;;;S-1-5-80-4155767994-3874329934-3800885181-2130851812-726865888)


	Condition ID:	{3971ef2b-623e-4f9a-8cb1-6e79b806b9a7}
	Match value:	Equal to
	Condition value:	0x06
</Data>
      <Data Name="Action">%%16390</Data>
      <Data Name="CalloutKey">{00000000-0000-0000-0000-000000000000}</Data>
      <Data Name="CalloutName">-</Data>
    </EventData>
  </Event>
  <Event xmlns="http://schemas.microsoft.com/win/2004/08/events/event">
    <System>
      <Provider Name="Microsoft-Windows-Security-Auditing" Guid="{54849625-5478-4994-a5ba-3e3b0328c30d}" />
      <EventID>5447</EventID>
      <Version>0</Version>
      <Level>0</Level>
      <Task>13573</Task>
      <Opcode>0</Opcode>
      <Keywords>0x8020000000000000</Keywords>
      <TimeCreated SystemTime="2021-06-03T19:17:46.777413800Z" />
      <EventRecordID>1965718</EventRecordID>
      <Correlation ActivityID="{38068009-512d-0000-1d80-06382d51d701}" />
      <Execution ProcessID="556" ThreadID="2532" />
      <Channel>Security</Channel>
      <Computer>fs01.offsec.lan</Computer>
      <Security />
    </System>
    <EventData>
      <Data Name="ProcessId">1000</Data>
      <Data Name="UserSid">S-1-5-19</Data>
      <Data Name="UserName">NT AUTHORITY\LOCAL SERVICE</Data>
      <Data Name="ProviderKey">{4b153735-1049-4480-aab4-d1b9bdc03710}</Data>
      <Data Name="ProviderName">Microsoft Corporation</Data>
      <Data Name="ChangeType">%%16384</Data>
      <Data Name="FilterKey">{ba112587-4189-46e2-8ac7-3a814917c390}</Data>
      <Data Name="FilterName">Allow NTP traffic from Wcmsvc</Data>
      <Data Name="FilterType">%%16388</Data>
      <Data Name="FilterId">72177</Data>
      <Data Name="LayerKey">{c38d57d1-05a7-4c33-904f-7fbceee60e82}</Data>
      <Data Name="LayerName">ALE Connect v4 Layer</Data>
      <Data Name="LayerId">48</Data>
      <Data Name="Weight">424342768844800</Data>
      <Data Name="Conditions">
	Condition ID:	{d78e1e87-8644-4ea5-9437-d809ecefc971}
	Match value:	Equal to
	Condition value:	
    00000000  5c 00 64 00 65 00 76 00-69 00 63 00 65 00 5c 00  \.d.e.v.i.c.e.\.
    00000010  68 00 61 00 72 00 64 00-64 00 69 00 73 00 6b 00  h.a.r.d.d.i.s.k.
    00000020  76 00 6f 00 6c 00 75 00-6d 00 65 00 34 00 5c 00  v.o.l.u.m.e.4.\.
    00000030  77 00 69 00 6e 00 64 00-6f 00 77 00 73 00 5c 00  w.i.n.d.o.w.s.\.
    00000040  73 00 79 00 73 00 74 00-65 00 6d 00 33 00 32 00  s.y.s.t.e.m.3.2.
    00000050  5c 00 73 00 76 00 63 00-68 00 6f 00 73 00 74 00  \.s.v.c.h.o.s.t.
    00000060  2e 00 65 00 78 00 65 00-00 00                    ..e.x.e...


	Condition ID:	{af043a0a-b34d-4f86-979c-c90371af6e66}
	Match value:	Equal to
	Condition value:	
O:SYG:SYD:(A;;CCRC;;;S-1-5-80-4155767994-3874329934-3800885181-2130851812-726865888)


	Condition ID:	{3971ef2b-623e-4f9a-8cb1-6e79b806b9a7}
	Match value:	Equal to
	Condition value:	0x11

	Condition ID:	{c35a604d-d22b-4e1a-91b4-68f674ee674b}
	Match value:	Equal to
	Condition value:	0x007b
</Data>
      <Data Name="Action">%%16390</Data>
      <Data Name="CalloutKey">{00000000-0000-0000-0000-000000000000}</Data>
      <Data Name="CalloutName">-</Data>
    </EventData>
  </Event>
  <Event xmlns="http://schemas.microsoft.com/win/2004/08/events/event">
    <System>
      <Provider Name="Microsoft-Windows-Security-Auditing" Guid="{54849625-5478-4994-a5ba-3e3b0328c30d}" />
      <EventID>5447</EventID>
      <Version>0</Version>
      <Level>0</Level>
      <Task>13573</Task>
      <Opcode>0</Opcode>
      <Keywords>0x8020000000000000</Keywords>
      <TimeCreated SystemTime="2021-06-03T19:17:46.777445900Z" />
      <EventRecordID>1965719</EventRecordID>
      <Correlation ActivityID="{38068009-512d-0000-1d80-06382d51d701}" />
      <Execution ProcessID="556" ThreadID="2532" />
      <Channel>Security</Channel>
      <Computer>fs01.offsec.lan</Computer>
      <Security />
    </System>
    <EventData>
      <Data Name="ProcessId">1000</Data>
      <Data Name="UserSid">S-1-5-19</Data>
      <Data Name="UserName">NT AUTHORITY\LOCAL SERVICE</Data>
      <Data Name="ProviderKey">{4b153735-1049-4480-aab4-d1b9bdc03710}</Data>
      <Data Name="ProviderName">Microsoft Corporation</Data>
      <Data Name="ChangeType">%%16384</Data>
      <Data Name="FilterKey">{dbc84bd7-b4d4-46c9-ac95-2aec0b0d07a4}</Data>
      <Data Name="FilterName">Allow NTP traffic from Wcmsvc</Data>
      <Data Name="FilterType">%%16388</Data>
      <Data Name="FilterId">72178</Data>
      <Data Name="LayerKey">{4a72393b-319f-44bc-84c3-ba54dcb3b6b4}</Data>
      <Data Name="LayerName">ALE Connect v6 Layer</Data>
      <Data Name="LayerId">50</Data>
      <Data Name="Weight">106085692211200</Data>
      <Data Name="Conditions">
	Condition ID:	{d78e1e87-8644-4ea5-9437-d809ecefc971}
	Match value:	Equal to
	Condition value:	
    00000000  5c 00 64 00 65 00 76 00-69 00 63 00 65 00 5c 00  \.d.e.v.i.c.e.\.
    00000010  68 00 61 00 72 00 64 00-64 00 69 00 73 00 6b 00  h.a.r.d.d.i.s.k.
    00000020  76 00 6f 00 6c 00 75 00-6d 00 65 00 34 00 5c 00  v.o.l.u.m.e.4.\.
    00000030  77 00 69 00 6e 00 64 00-6f 00 77 00 73 00 5c 00  w.i.n.d.o.w.s.\.
    00000040  73 00 79 00 73 00 74 00-65 00 6d 00 33 00 32 00  s.y.s.t.e.m.3.2.
    00000050  5c 00 73 00 76 00 63 00-68 00 6f 00 73 00 74 00  \.s.v.c.h.o.s.t.
    00000060  2e 00 65 00 78 00 65 00-00 00                    ..e.x.e...


	Condition ID:	{af043a0a-b34d-4f86-979c-c90371af6e66}
	Match value:	Equal to
	Condition value:	
O:SYG:SYD:(A;;CCRC;;;S-1-5-80-4155767994-3874329934-3800885181-2130851812-726865888)


	Condition ID:	{3971ef2b-623e-4f9a-8cb1-6e79b806b9a7}
	Match value:	Equal to
	Condition value:	0x11

	Condition ID:	{c35a604d-d22b-4e1a-91b4-68f674ee674b}
	Match value:	Equal to
	Condition value:	0x007b
</Data>
      <Data Name="Action">%%16390</Data>
      <Data Name="CalloutKey">{00000000-0000-0000-0000-000000000000}</Data>
      <Data Name="CalloutName">-</Data>
    </EventData>
  </Event>
  <Event xmlns="http://schemas.microsoft.com/win/2004/08/events/event">
    <System>
      <Provider Name="Microsoft-Windows-Security-Auditing" Guid="{54849625-5478-4994-a5ba-3e3b0328c30d}" />
      <EventID>5447</EventID>
      <Version>0</Version>
      <Level>0</Level>
      <Task>13573</Task>
      <Opcode>0</Opcode>
      <Keywords>0x8020000000000000</Keywords>
      <TimeCreated SystemTime="2021-06-03T19:17:46.777508900Z" />
      <EventRecordID>1965720</EventRecordID>
      <Correlation ActivityID="{38068009-512d-0000-1d80-06382d51d701}" />
      <Execution ProcessID="556" ThreadID="2532" />
      <Channel>Security</Channel>
      <Computer>fs01.offsec.lan</Computer>
      <Security />
    </System>
    <EventData>
      <Data Name="ProcessId">1000</Data>
      <Data Name="UserSid">S-1-5-19</Data>
      <Data Name="UserName">NT AUTHORITY\LOCAL SERVICE</Data>
      <Data Name="ProviderKey">{4b153735-1049-4480-aab4-d1b9bdc03710}</Data>
      <Data Name="ProviderName">Microsoft Corporation</Data>
      <Data Name="ChangeType">%%16384</Data>
      <Data Name="FilterKey">{0fd0971f-759c-47b6-9890-43727a769680}</Data>
      <Data Name="FilterName">WinDefend Outbound for TCP</Data>
      <Data Name="FilterType">%%16388</Data>
      <Data Name="FilterId">72179</Data>
      <Data Name="LayerKey">{c38d57d1-05a7-4c33-904f-7fbceee60e82}</Data>
      <Data Name="LayerName">ALE Connect v4 Layer</Data>
      <Data Name="LayerId">48</Data>
      <Data Name="Weight">422418623496192</Data>
      <Data Name="Conditions">
	Condition ID:	{d78e1e87-8644-4ea5-9437-d809ecefc971}
	Match value:	Equal to
	Condition value:	
    00000000  5c 00 64 00 65 00 76 00-69 00 63 00 65 00 5c 00  \.d.e.v.i.c.e.\.
    00000010  68 00 61 00 72 00 64 00-64 00 69 00 73 00 6b 00  h.a.r.d.d.i.s.k.
    00000020  76 00 6f 00 6c 00 75 00-6d 00 65 00 34 00 5c 00  v.o.l.u.m.e.4.\.
    00000030  70 00 72 00 6f 00 67 00-72 00 61 00 6d 00 64 00  p.r.o.g.r.a.m.d.
    00000040  61 00 74 00 61 00 5c 00-6d 00 69 00 63 00 72 00  a.t.a.\.m.i.c.r.
    00000050  6f 00 73 00 6f 00 66 00-74 00 5c 00 77 00 69 00  o.s.o.f.t.\.w.i.
    00000060  6e 00 64 00 6f 00 77 00-73 00 20 00 64 00 65 00  n.d.o.w.s. .d.e.
    00000070  66 00 65 00 6e 00 64 00-65 00 72 00 5c 00 70 00  f.e.n.d.e.r.\.p.
    00000080  6c 00 61 00 74 00 66 00-6f 00 72 00 6d 00 5c 00  l.a.t.f.o.r.m.\.
    00000090  34 00 2e 00 31 00 38 00-2e 00 31 00 39 00 30 00  4...1.8...1.9.0.
    000000a0  38 00 2e 00 37 00 2d 00-30 00 5c 00 6d 00 73 00  8...7.-.0.\.m.s.
    000000b0  6d 00 70 00 65 00 6e 00-67 00 2e 00 65 00 78 00  m.p.e.n.g...e.x.
    000000c0  65 00 00 00                                      e...


	Condition ID:	{af043a0a-b34d-4f86-979c-c90371af6e66}
	Match value:	Equal to
	Condition value:	
O:SYG:SYD:(A;;CCRC;;;S-1-5-80-1913148863-3492339771-4165695881-2087618961-4109116736)


	Condition ID:	{3971ef2b-623e-4f9a-8cb1-6e79b806b9a7}
	Match value:	Equal to
	Condition value:	0x06
</Data>
      <Data Name="Action">%%16390</Data>
      <Data Name="CalloutKey">{00000000-0000-0000-0000-000000000000}</Data>
      <Data Name="CalloutName">-</Data>
    </EventData>
  </Event>
  <Event xmlns="http://schemas.microsoft.com/win/2004/08/events/event">
    <System>
      <Provider Name="Microsoft-Windows-Security-Auditing" Guid="{54849625-5478-4994-a5ba-3e3b0328c30d}" />
      <EventID>5447</EventID>
      <Version>0</Version>
      <Level>0</Level>
      <Task>13573</Task>
      <Opcode>0</Opcode>
      <Keywords>0x8020000000000000</Keywords>
      <TimeCreated SystemTime="2021-06-03T19:17:46.777594100Z" />
      <EventRecordID>1965721</EventRecordID>
      <Correlation ActivityID="{38068009-512d-0000-1d80-06382d51d701}" />
      <Execution ProcessID="556" ThreadID="2532" />
      <Channel>Security</Channel>
      <Computer>fs01.offsec.lan</Computer>
      <Security />
    </System>
    <EventData>
      <Data Name="ProcessId">1000</Data>
      <Data Name="UserSid">S-1-5-19</Data>
      <Data Name="UserName">NT AUTHORITY\LOCAL SERVICE</Data>
      <Data Name="ProviderKey">{4b153735-1049-4480-aab4-d1b9bdc03710}</Data>
      <Data Name="ProviderName">Microsoft Corporation</Data>
      <Data Name="ChangeType">%%16384</Data>
      <Data Name="FilterKey">{a6164fba-8f39-462a-9908-1aec37233d56}</Data>
      <Data Name="FilterName">WinDefend Outbound for TCP</Data>
      <Data Name="FilterType">%%16388</Data>
      <Data Name="FilterId">72180</Data>
      <Data Name="LayerKey">{4a72393b-319f-44bc-84c3-ba54dcb3b6b4}</Data>
      <Data Name="LayerName">ALE Connect v6 Layer</Data>
      <Data Name="LayerId">50</Data>
      <Data Name="Weight">105604655874048</Data>
      <Data Name="Conditions">
	Condition ID:	{d78e1e87-8644-4ea5-9437-d809ecefc971}
	Match value:	Equal to
	Condition value:	
    00000000  5c 00 64 00 65 00 76 00-69 00 63 00 65 00 5c 00  \.d.e.v.i.c.e.\.
    00000010  68 00 61 00 72 00 64 00-64 00 69 00 73 00 6b 00  h.a.r.d.d.i.s.k.
    00000020  76 00 6f 00 6c 00 75 00-6d 00 65 00 34 00 5c 00  v.o.l.u.m.e.4.\.
    00000030  70 00 72 00 6f 00 67 00-72 00 61 00 6d 00 64 00  p.r.o.g.r.a.m.d.
    00000040  61 00 74 00 61 00 5c 00-6d 00 69 00 63 00 72 00  a.t.a.\.m.i.c.r.
    00000050  6f 00 73 00 6f 00 66 00-74 00 5c 00 77 00 69 00  o.s.o.f.t.\.w.i.
    00000060  6e 00 64 00 6f 00 77 00-73 00 20 00 64 00 65 00  n.d.o.w.s. .d.e.
    00000070  66 00 65 00 6e 00 64 00-65 00 72 00 5c 00 70 00  f.e.n.d.e.r.\.p.
    00000080  6c 00 61 00 74 00 66 00-6f 00 72 00 6d 00 5c 00  l.a.t.f.o.r.m.\.
    00000090  34 00 2e 00 31 00 38 00-2e 00 31 00 39 00 30 00  4...1.8...1.9.0.
    000000a0  38 00 2e 00 37 00 2d 00-30 00 5c 00 6d 00 73 00  8...7.-.0.\.m.s.
    000000b0  6d 00 70 00 65 00 6e 00-67 00 2e 00 65 00 78 00  m.p.e.n.g...e.x.
    000000c0  65 00 00 00                                      e...


	Condition ID:	{af043a0a-b34d-4f86-979c-c90371af6e66}
	Match value:	Equal to
	Condition value:	
O:SYG:SYD:(A;;CCRC;;;S-1-5-80-1913148863-3492339771-4165695881-2087618961-4109116736)


	Condition ID:	{3971ef2b-623e-4f9a-8cb1-6e79b806b9a7}
	Match value:	Equal to
	Condition value:	0x06
</Data>
      <Data Name="Action">%%16390</Data>
      <Data Name="CalloutKey">{00000000-0000-0000-0000-000000000000}</Data>
      <Data Name="CalloutName">-</Data>
    </EventData>
  </Event>
  <Event xmlns="http://schemas.microsoft.com/win/2004/08/events/event">
    <System>
      <Provider Name="Microsoft-Windows-Security-Auditing" Guid="{54849625-5478-4994-a5ba-3e3b0328c30d}" />
      <EventID>5447</EventID>
      <Version>0</Version>
      <Level>0</Level>
      <Task>13573</Task>
      <Opcode>0</Opcode>
      <Keywords>0x8020000000000000</Keywords>
      <TimeCreated SystemTime="2021-06-03T19:17:46.777769800Z" />
      <EventRecordID>1965722</EventRecordID>
      <Correlation ActivityID="{38068009-512d-0000-1d80-06382d51d701}" />
      <Execution ProcessID="556" ThreadID="2532" />
      <Channel>Security</Channel>
      <Computer>fs01.offsec.lan</Computer>
      <Security />
    </System>
    <EventData>
      <Data Name="ProcessId">1000</Data>
      <Data Name="UserSid">S-1-5-19</Data>
      <Data Name="UserName">NT AUTHORITY\LOCAL SERVICE</Data>
      <Data Name="ProviderKey">{4b153735-1049-4480-aab4-d1b9bdc03710}</Data>
      <Data Name="ProviderName">Microsoft Corporation</Data>
      <Data Name="ChangeType">%%16384</Data>
      <Data Name="FilterKey">{da3b8c98-d52e-4668-a22a-dd0661f0e6db}</Data>
      <Data Name="FilterName">WSH Default Inbound Block</Data>
      <Data Name="FilterType">%%16388</Data>
      <Data Name="FilterId">72181</Data>
      <Data Name="LayerKey">{a3b42c97-9f04-4672-b87e-cee9c483257f}</Data>
      <Data Name="LayerName">ALE Receive/Accept v6 Layer</Data>
      <Data Name="LayerId">46</Data>
      <Data Name="Weight">68719476736</Data>
      <Data Name="Conditions">
	Condition ID:	{af043a0a-b34d-4f86-979c-c90371af6e66}
	Match value:	Equal to
	Condition value:	
D:(A;NP;CC;;;S-1-5-80-2676549577-1911656217-2625096541-4178041876-1366760775)(A;NP;CC;;;S-1-5-80-1580948945-3239616721-2529237571-3761093093-1214243633)(A;NP;CC;;;S-1-5-80-1058592404-331734164-3167594226-3910907650-1299295147)(A;NP;CC;;;S-1-5-80-1383147646-27650227-2710666058-1662982300-1023958487)(A;NP;CC;;;S-1-5-80-2611951811-1959136347-1062071333-3982815153-2811717512)(A;NP;CC;;;S-1-5-80-2839768381-3691089589-2614646340-3191585287-3380622033)(A;NP;CC;;;S-1-5-80-1987853863-1639573247-1110726908-1137832616-3599624523)(A;NP;CC;;;S-1-5-80-2940520708-3855866260-481812779-327648279-1710889582)(A;NP;CC;;;S-1-5-80-3787436395-2174616005-3003730137-1094982900-1570567328)(A;NP;CC;;;S-1-5-80-2970612574-78537857-698502321-558674196-1451644582)(A;NP;CC;;;S-1-5-80-880578595-1860270145-482643319-2788375705-1540778122)(A;NP;CC;;;S-1-5-80-89818136-74175777-88572358-3912780041-2421659406)(A;NP;CC;;;S-1-5-80-2251494273-104013570-864825310-3133670442-2017388150)(A;NP;CC;;;S-1-5-80-172094073-716411664-54255058-185476446-2329512179)(A;NP;CC;;;S-1-5-80-3532809085-2652327567-2620918877-1058261733-582902671)(A;NP;CC;;;S-1-5-80-3088073201-1464728630-1879813800-1107566885-823218052)(A;NP;CC;;;S-1-5-80-2898649604-2335086160-1904548223-3761738420-3855444835)(A;NP;CC;;;S-1-5-80-1948712186-1330865447-943413596-1669284603-1648638051)(A;NP;CC;;;S-1-5-80-3596911058-2952229928-1888671852-1743692427-614402820)(A;NP;CC;;;S-1-5-80-3044542841-3639452079-4096941652-1606687743-1256249853)(A;NP;CC;;;S-1-5-80-117416528-2204451360-1913602512-1355018040-1234992034)(A;NP;CC;;;S-1-5-80-3964583643-2633443559-2834438935-3739664028-1580655619)(A;NP;CC;;;S-1-5-80-3895724531-1583119856-3186271294-3795977770-3211684703)(A;NP;CC;;;S-1-5-80-2590341223-3996088049-3993122417-23640849-324535191)(A;NP;CC;;;S-1-5-80-949921180-3923668869-394927020-528789358-3592448931)(A;NP;CC;;;S-1-5-80-768763963-4214222998-2156221936-2953597973-713500239)(A;NP;CC;;;S-1-5-80-997887591-2350776071-3817597635-4146973621-2526406719)(A;NP;CC;;;S-1-5-80-2014626298-1656748749-3847481816-918933055-2469338456)(A;NP;CC;;;S-1-5-80-2196396108-1448510645-203779624-3888580976-3789157697)(A;NP;CC;;;S-1-5-80-3074984378-4122987768-2130325677-2031866499-3405430279)(A;NP;CC;;;S-1-5-80-534935901-3437432317-481271085-1710633381-983106267)(A;NP;CC;;;S-1-5-80-1877308096-3090306141-3032871208-3115266146-1400827410)(A;NP;CC;;;S-1-5-80-3076811988-2254870394-2658297454-3934945422-2393138642)(A;NP;CC;;;S-1-5-80-3110303136-3426481729-3186938678-1087894076-2178433439)(A;NP;CC;;;S-1-5-80-3098585136-2538892366-1097114017-2832417424-2016953023)(A;NP;CC;;;S-1-5-80-235582178-102246843-358262472-4132936818-1867412993)(A;NP;CC;;;S-1-5-80-1752088424-1054500994-3489791022-3310831482-3926524968)(A;NP;CC;;;S-1-5-80-4155767994-3874329934-3800885181-2130851812-726865888)(A;NP;CC;;;S-1-5-80-3524758515-3090971750-345616940-2322499744-3530715838)(A;NP;CC;;;S-1-5-80-3299868208-4286319593-1091140620-3583751967-1732444380)(A;NP;CC;;;S-1-5-80-113310567-2163499630-2787090463-221477905-209227094)(A;NP;CC;;;S-1-5-80-2652678385-582572993-1835434367-1344795993-749280709)(A;NP;CC;;;S-1-5-80-1913148863-3492339771-4165695881-2087618961-4109116736)S:NO_ACCESS_CONTROL

</Data>
      <Data Name="Action">%%16389</Data>
      <Data Name="CalloutKey">{00000000-0000-0000-0000-000000000000}</Data>
      <Data Name="CalloutName">-</Data>
    </EventData>
  </Event>
  <Event xmlns="http://schemas.microsoft.com/win/2004/08/events/event">
    <System>
      <Provider Name="Microsoft-Windows-Security-Auditing" Guid="{54849625-5478-4994-a5ba-3e3b0328c30d}" />
      <EventID>4950</EventID>
      <Version>0</Version>
      <Level>0</Level>
      <Task>13571</Task>
      <Opcode>0</Opcode>
      <Keywords>0x8020000000000000</Keywords>
      <TimeCreated SystemTime="2021-06-03T19:17:46.797360300Z" />
      <EventRecordID>1965723</EventRecordID>
      <Correlation ActivityID="{38068009-512d-0000-1d80-06382d51d701}" />
      <Execution ProcessID="556" ThreadID="2532" />
      <Channel>Security</Channel>
      <Computer>fs01.offsec.lan</Computer>
      <Security />
    </System>
    <EventData>
      <Data Name="ProfileChanged">Domain</Data>
      <Data Name="SettingType">Enable Windows Firewall</Data>
      <Data Name="SettingValue">No</Data>
    </EventData>
  </Event>
  <Event xmlns="http://schemas.microsoft.com/win/2004/08/events/event">
    <System>
      <Provider Name="Microsoft-Windows-Security-Auditing" Guid="{54849625-5478-4994-a5ba-3e3b0328c30d}" />
      <EventID>5447</EventID>
      <Version>0</Version>
      <Level>0</Level>
      <Task>13573</Task>
      <Opcode>0</Opcode>
      <Keywords>0x8020000000000000</Keywords>
      <TimeCreated SystemTime="2021-06-03T19:17:46.797788100Z" />
      <EventRecordID>1965724</EventRecordID>
      <Correlation ActivityID="{38068009-512d-0000-1d80-06382d51d701}" />
      <Execution ProcessID="556" ThreadID="2532" />
      <Channel>Security</Channel>
      <Computer>fs01.offsec.lan</Computer>
      <Security />
    </System>
    <EventData>
      <Data Name="ProcessId">1000</Data>
      <Data Name="UserSid">S-1-5-19</Data>
      <Data Name="UserName">NT AUTHORITY\LOCAL SERVICE</Data>
      <Data Name="ProviderKey">{4b153735-1049-4480-aab4-d1b9bdc03710}</Data>
      <Data Name="ProviderName">Microsoft Corporation</Data>
      <Data Name="ChangeType">%%16384</Data>
      <Data Name="FilterKey">{c6c414ca-b213-4963-84cf-1c8e698782a4}</Data>
      <Data Name="FilterName">WSH Default Inbound Block</Data>
      <Data Name="FilterType">%%16388</Data>
      <Data Name="FilterId">72182</Data>
      <Data Name="LayerKey">{e1cd9fe7-f4b5-4273-96c0-592e487b8650}</Data>
      <Data Name="LayerName">ALE Receive/Accept v4 Layer</Data>
      <Data Name="LayerId">44</Data>
      <Data Name="Weight">274877906944</Data>
      <Data Name="Conditions">
	Condition ID:	{af043a0a-b34d-4f86-979c-c90371af6e66}
	Match value:	Equal to
	Condition value:	
D:(A;NP;CC;;;S-1-5-80-2676549577-1911656217-2625096541-4178041876-1366760775)(A;NP;CC;;;S-1-5-80-1580948945-3239616721-2529237571-3761093093-1214243633)(A;NP;CC;;;S-1-5-80-1058592404-331734164-3167594226-3910907650-1299295147)(A;NP;CC;;;S-1-5-80-1383147646-27650227-2710666058-1662982300-1023958487)(A;NP;CC;;;S-1-5-80-2611951811-1959136347-1062071333-3982815153-2811717512)(A;NP;CC;;;S-1-5-80-2839768381-3691089589-2614646340-3191585287-3380622033)(A;NP;CC;;;S-1-5-80-1987853863-1639573247-1110726908-1137832616-3599624523)(A;NP;CC;;;S-1-5-80-2940520708-3855866260-481812779-327648279-1710889582)(A;NP;CC;;;S-1-5-80-3787436395-2174616005-3003730137-1094982900-1570567328)(A;NP;CC;;;S-1-5-80-2970612574-78537857-698502321-558674196-1451644582)(A;NP;CC;;;S-1-5-80-880578595-1860270145-482643319-2788375705-1540778122)(A;NP;CC;;;S-1-5-80-89818136-74175777-88572358-3912780041-2421659406)(A;NP;CC;;;S-1-5-80-2251494273-104013570-864825310-3133670442-2017388150)(A;NP;CC;;;S-1-5-80-172094073-716411664-54255058-185476446-2329512179)(A;NP;CC;;;S-1-5-80-3532809085-2652327567-2620918877-1058261733-582902671)(A;NP;CC;;;S-1-5-80-3088073201-1464728630-1879813800-1107566885-823218052)(A;NP;CC;;;S-1-5-80-2898649604-2335086160-1904548223-3761738420-3855444835)(A;NP;CC;;;S-1-5-80-1948712186-1330865447-943413596-1669284603-1648638051)(A;NP;CC;;;S-1-5-80-3596911058-2952229928-1888671852-1743692427-614402820)(A;NP;CC;;;S-1-5-80-3044542841-3639452079-4096941652-1606687743-1256249853)(A;NP;CC;;;S-1-5-80-117416528-2204451360-1913602512-1355018040-1234992034)(A;NP;CC;;;S-1-5-80-3964583643-2633443559-2834438935-3739664028-1580655619)(A;NP;CC;;;S-1-5-80-3895724531-1583119856-3186271294-3795977770-3211684703)(A;NP;CC;;;S-1-5-80-2590341223-3996088049-3993122417-23640849-324535191)(A;NP;CC;;;S-1-5-80-949921180-3923668869-394927020-528789358-3592448931)(A;NP;CC;;;S-1-5-80-768763963-4214222998-2156221936-2953597973-713500239)(A;NP;CC;;;S-1-5-80-997887591-2350776071-3817597635-4146973621-2526406719)(A;NP;CC;;;S-1-5-80-2014626298-1656748749-3847481816-918933055-2469338456)(A;NP;CC;;;S-1-5-80-2196396108-1448510645-203779624-3888580976-3789157697)(A;NP;CC;;;S-1-5-80-3074984378-4122987768-2130325677-2031866499-3405430279)(A;NP;CC;;;S-1-5-80-534935901-3437432317-481271085-1710633381-983106267)(A;NP;CC;;;S-1-5-80-1877308096-3090306141-3032871208-3115266146-1400827410)(A;NP;CC;;;S-1-5-80-3076811988-2254870394-2658297454-3934945422-2393138642)(A;NP;CC;;;S-1-5-80-3110303136-3426481729-3186938678-1087894076-2178433439)(A;NP;CC;;;S-1-5-80-3098585136-2538892366-1097114017-2832417424-2016953023)(A;NP;CC;;;S-1-5-80-235582178-102246843-358262472-4132936818-1867412993)(A;NP;CC;;;S-1-5-80-1752088424-1054500994-3489791022-3310831482-3926524968)(A;NP;CC;;;S-1-5-80-4155767994-3874329934-3800885181-2130851812-726865888)(A;NP;CC;;;S-1-5-80-3524758515-3090971750-345616940-2322499744-3530715838)(A;NP;CC;;;S-1-5-80-3299868208-4286319593-1091140620-3583751967-1732444380)(A;NP;CC;;;S-1-5-80-113310567-2163499630-2787090463-221477905-209227094)(A;NP;CC;;;S-1-5-80-2652678385-582572993-1835434367-1344795993-749280709)(A;NP;CC;;;S-1-5-80-1913148863-3492339771-4165695881-2087618961-4109116736)S:NO_ACCESS_CONTROL

</Data>
      <Data Name="Action">%%16389</Data>
      <Data Name="CalloutKey">{00000000-0000-0000-0000-000000000000}</Data>
      <Data Name="CalloutName">-</Data>
    </EventData>
  </Event>
  