<Event xmlns="http://schemas.microsoft.com/win/2004/08/events/event">
    <System>
      <Provider Name="Microsoft-Windows-Security-Auditing" Guid="{54849625-5478-4994-a5ba-3e3b0328c30d}" />
      <EventID>5447</EventID>
      <Version>0</Version>
      <Level>0</Level>
      <Task>13573</Task>
      <Opcode>0</Opcode>
      <Keywords>0x8020000000000000</Keywords>
      <TimeCreated SystemTime="2021-06-03T19:17:46.752658200Z" />
      <EventRecordID>1965620</EventRecordID>
      <Correlation ActivityID="{38068009-512d-0000-1d80-06382d51d701}" />
      <Execution ProcessID="556" ThreadID="2532" />
      <Channel>Security</Channel>
      <Computer>fs01.offsec.lan</Computer>
      <Security />
    </System>
    <EventData>
      <Data Name="ProcessId">1000</Data>
      <Data Name="UserSid">S-1-5-19</Data>
      <Data Name="UserName">NT AUTHORITY\LOCAL SERVICE</Data>
      <Data Name="ProviderKey">{4b153735-1049-4480-aab4-d1b9bdc03710}</Data>
      <Data Name="ProviderName">Microsoft Corporation</Data>
      <Data Name="ChangeType">%%16384</Data>
      <Data Name="FilterKey">{95093a5f-7add-4ce6-9eb0-9afa258a54a9}</Data>
      <Data Name="FilterName">InternetClientServer Outbound Default Rule</Data>
      <Data Name="FilterType">%%16388</Data>
      <Data Name="FilterId">72079</Data>
      <Data Name="LayerKey">{4a72393b-319f-44bc-84c3-ba54dcb3b6b4}</Data>
      <Data Name="LayerName">ALE Connect v6 Layer</Data>
      <Data Name="LayerId">50</Data>
      <Data Name="Weight">20266249862775292</Data>
      <Data Name="Conditions">
	Condition ID:	{71bc78fa-f17c-4997-a602-6abb261f351c}
	Match value:	Not equal to
	Condition value:	-

	Condition ID:	{b235ae9a-1d64-49b8-a44c-5ff3d9095045}
	Match value:	In range
	Condition value:	fe80000000000000ffffffffffffffff - ff000000000000000000000000000000

	Condition ID:	{46ea1551-2255-492b-8019-aabeee349f40}
	Match value:	Equal to
	Condition value:	0x00000003

	Condition ID:	{ab3033c9-c0e3-4759-937d-5758c65d4ae3}
	Match value:	Equal to
	Condition value:	0x00000003

	Condition ID:	{af043a0a-b34d-4f86-979c-c90371af6e66}
	Match value:	Equal to
	Condition value:	
O:LSD:(A;;CC;;;S-1-15-3-2)(A;;CC;;;WD)(A;;CC;;;AN)

</Data>
      <Data Name="Action">%%16390</Data>
      <Data Name="CalloutKey">{00000000-0000-0000-0000-000000000000}</Data>
      <Data Name="CalloutName">-</Data>
    </EventData>
  </Event>
  <Event xmlns="http://schemas.microsoft.com/win/2004/08/events/event">
    <System>
      <Provider Name="Microsoft-Windows-Security-Auditing" Guid="{54849625-5478-4994-a5ba-3e3b0328c30d}" />
      <EventID>5447</EventID>
      <Version>0</Version>
      <Level>0</Level>
      <Task>13573</Task>
      <Opcode>0</Opcode>
      <Keywords>0x8020000000000000</Keywords>
      <TimeCreated SystemTime="2021-06-03T19:17:46.752699700Z" />
      <EventRecordID>1965621</EventRecordID>
      <Correlation ActivityID="{38068009-512d-0000-1d80-06382d51d701}" />
      <Execution ProcessID="556" ThreadID="2532" />
      <Channel>Security</Channel>
      <Computer>fs01.offsec.lan</Computer>
      <Security />
    </System>
    <EventData>
      <Data Name="ProcessId">1000</Data>
      <Data Name="UserSid">S-1-5-19</Data>
      <Data Name="UserName">NT AUTHORITY\LOCAL SERVICE</Data>
      <Data Name="ProviderKey">{4b153735-1049-4480-aab4-d1b9bdc03710}</Data>
      <Data Name="ProviderName">Microsoft Corporation</Data>
      <Data Name="ChangeType">%%16384</Data>
      <Data Name="FilterKey">{a8974abf-b032-4256-9aef-2e1352334621}</Data>
      <Data Name="FilterName">InternetClient Default Rule</Data>
      <Data Name="FilterType">%%16388</Data>
      <Data Name="FilterId">72080</Data>
      <Data Name="LayerKey">{c38d57d1-05a7-4c33-904f-7fbceee60e82}</Data>
      <Data Name="LayerName">ALE Connect v4 Layer</Data>
      <Data Name="LayerId">48</Data>
      <Data Name="Weight">42784402618450940</Data>
      <Data Name="Conditions">
	Condition ID:	{71bc78fa-f17c-4997-a602-6abb261f351c}
	Match value:	Not equal to
	Condition value:	-

	Condition ID:	{b235ae9a-1d64-49b8-a44c-5ff3d9095045}
	Match value:	In range
	Condition value:	0x00000000 - 0x0a172a00

	Condition ID:	{46ea1551-2255-492b-8019-aabeee349f40}
	Match value:	Equal to
	Condition value:	0x00000003

	Condition ID:	{ab3033c9-c0e3-4759-937d-5758c65d4ae3}
	Match value:	Equal to
	Condition value:	0x00000003

	Condition ID:	{af043a0a-b34d-4f86-979c-c90371af6e66}
	Match value:	Equal to
	Condition value:	
O:LSD:(A;;CC;;;S-1-15-3-1)(A;;CC;;;WD)(A;;CC;;;AN)

</Data>
      <Data Name="Action">%%16390</Data>
      <Data Name="CalloutKey">{00000000-0000-0000-0000-000000000000}</Data>
      <Data Name="CalloutName">-</Data>
    </EventData>
  </Event>
  <Event xmlns="http://schemas.microsoft.com/win/2004/08/events/event">
    <System>
      <Provider Name="Microsoft-Windows-Security-Auditing" Guid="{54849625-5478-4994-a5ba-3e3b0328c30d}" />
      <EventID>5447</EventID>
      <Version>0</Version>
      <Level>0</Level>
      <Task>13573</Task>
      <Opcode>0</Opcode>
      <Keywords>0x8020000000000000</Keywords>
      <TimeCreated SystemTime="2021-06-03T19:17:46.752730000Z" />
      <EventRecordID>1965622</EventRecordID>
      <Correlation ActivityID="{38068009-512d-0000-1d80-06382d51d701}" />
      <Execution ProcessID="556" ThreadID="2532" />
      <Channel>Security</Channel>
      <Computer>fs01.offsec.lan</Computer>
      <Security />
    </System>
    <EventData>
      <Data Name="ProcessId">1000</Data>
      <Data Name="UserSid">S-1-5-19</Data>
      <Data Name="UserName">NT AUTHORITY\LOCAL SERVICE</Data>
      <Data Name="ProviderKey">{4b153735-1049-4480-aab4-d1b9bdc03710}</Data>
      <Data Name="ProviderName">Microsoft Corporation</Data>
      <Data Name="ChangeType">%%16384</Data>
      <Data Name="FilterKey">{3ca8e993-2a76-4194-b254-2788aa1b5be6}</Data>
      <Data Name="FilterName">InternetClient Default Rule</Data>
      <Data Name="FilterType">%%16388</Data>
      <Data Name="FilterId">72081</Data>
      <Data Name="LayerKey">{c38d57d1-05a7-4c33-904f-7fbceee60e82}</Data>
      <Data Name="LayerName">ALE Connect v4 Layer</Data>
      <Data Name="LayerId">48</Data>
      <Data Name="Weight">2252005972116476</Data>
      <Data Name="Conditions">
	Condition ID:	{71bc78fa-f17c-4997-a602-6abb261f351c}
	Match value:	Not equal to
	Condition value:	-

	Condition ID:	{b235ae9a-1d64-49b8-a44c-5ff3d9095045}
	Match value:	In range
	Condition value:	0x0a172aff - 0xe0000000

	Condition ID:	{46ea1551-2255-492b-8019-aabeee349f40}
	Match value:	Equal to
	Condition value:	0x00000003

	Condition ID:	{ab3033c9-c0e3-4759-937d-5758c65d4ae3}
	Match value:	Equal to
	Condition value:	0x00000003

	Condition ID:	{af043a0a-b34d-4f86-979c-c90371af6e66}
	Match value:	Equal to
	Condition value:	
O:LSD:(A;;CC;;;S-1-15-3-1)(A;;CC;;;WD)(A;;CC;;;AN)

</Data>
      <Data Name="Action">%%16390</Data>
      <Data Name="CalloutKey">{00000000-0000-0000-0000-000000000000}</Data>
      <Data Name="CalloutName">-</Data>
    </EventData>
  </Event>
  <Event xmlns="http://schemas.microsoft.com/win/2004/08/events/event">
    <System>
      <Provider Name="Microsoft-Windows-Security-Auditing" Guid="{54849625-5478-4994-a5ba-3e3b0328c30d}" />
      <EventID>5447</EventID>
      <Version>0</Version>
      <Level>0</Level>
      <Task>13573</Task>
      <Opcode>0</Opcode>
      <Keywords>0x8020000000000000</Keywords>
      <TimeCreated SystemTime="2021-06-03T19:17:46.752759300Z" />
      <EventRecordID>1965623</EventRecordID>
      <Correlation ActivityID="{38068009-512d-0000-1d80-06382d51d701}" />
      <Execution ProcessID="556" ThreadID="2532" />
      <Channel>Security</Channel>
      <Computer>fs01.offsec.lan</Computer>
      <Security />
    </System>
    <EventData>
      <Data Name="ProcessId">1000</Data>
      <Data Name="UserSid">S-1-5-19</Data>
      <Data Name="UserName">NT AUTHORITY\LOCAL SERVICE</Data>
      <Data Name="ProviderKey">{4b153735-1049-4480-aab4-d1b9bdc03710}</Data>
      <Data Name="ProviderName">Microsoft Corporation</Data>
      <Data Name="ChangeType">%%16384</Data>
      <Data Name="FilterKey">{ceeaa5a3-ad78-43eb-a5c7-02b6383fa6c6}</Data>
      <Data Name="FilterName">InternetClient Default Rule</Data>
      <Data Name="FilterType">%%16388</Data>
      <Data Name="FilterId">72082</Data>
      <Data Name="LayerKey">{c38d57d1-05a7-4c33-904f-7fbceee60e82}</Data>
      <Data Name="LayerName">ALE Connect v4 Layer</Data>
      <Data Name="LayerId">48</Data>
      <Data Name="Weight">36029003177395196</Data>
      <Data Name="Conditions">
	Condition ID:	{71bc78fa-f17c-4997-a602-6abb261f351c}
	Match value:	Not equal to
	Condition value:	-

	Condition ID:	{b235ae9a-1d64-49b8-a44c-5ff3d9095045}
	Match value:	In range
	Condition value:	0xefffffff - 0xffffffff

	Condition ID:	{46ea1551-2255-492b-8019-aabeee349f40}
	Match value:	Equal to
	Condition value:	0x00000003

	Condition ID:	{ab3033c9-c0e3-4759-937d-5758c65d4ae3}
	Match value:	Equal to
	Condition value:	0x00000003

	Condition ID:	{af043a0a-b34d-4f86-979c-c90371af6e66}
	Match value:	Equal to
	Condition value:	
O:LSD:(A;;CC;;;S-1-15-3-1)(A;;CC;;;WD)(A;;CC;;;AN)

</Data>
      <Data Name="Action">%%16390</Data>
      <Data Name="CalloutKey">{00000000-0000-0000-0000-000000000000}</Data>
      <Data Name="CalloutName">-</Data>
    </EventData>
  </Event>
  <Event xmlns="http://schemas.microsoft.com/win/2004/08/events/event">
    <System>
      <Provider Name="Microsoft-Windows-Security-Auditing" Guid="{54849625-5478-4994-a5ba-3e3b0328c30d}" />
      <EventID>5447</EventID>
      <Version>0</Version>
      <Level>0</Level>
      <Task>13573</Task>
      <Opcode>0</Opcode>
      <Keywords>0x8020000000000000</Keywords>
      <TimeCreated SystemTime="2021-06-03T19:17:46.752787700Z" />
      <EventRecordID>1965624</EventRecordID>
      <Correlation ActivityID="{38068009-512d-0000-1d80-06382d51d701}" />
      <Execution ProcessID="556" ThreadID="2532" />
      <Channel>Security</Channel>
      <Computer>fs01.offsec.lan</Computer>
      <Security />
    </System>
    <EventData>
      <Data Name="ProcessId">1000</Data>
      <Data Name="UserSid">S-1-5-19</Data>
      <Data Name="UserName">NT AUTHORITY\LOCAL SERVICE</Data>
      <Data Name="ProviderKey">{4b153735-1049-4480-aab4-d1b9bdc03710}</Data>
      <Data Name="ProviderName">Microsoft Corporation</Data>
      <Data Name="ChangeType">%%16384</Data>
      <Data Name="FilterKey">{60e89372-9465-415a-8dee-381dccd8466b}</Data>
      <Data Name="FilterName">InternetClient Default Rule</Data>
      <Data Name="FilterType">%%16388</Data>
      <Data Name="FilterId">72083</Data>
      <Data Name="LayerKey">{4a72393b-319f-44bc-84c3-ba54dcb3b6b4}</Data>
      <Data Name="LayerName">ALE Connect v6 Layer</Data>
      <Data Name="LayerId">50</Data>
      <Data Name="Weight">563001493029372</Data>
      <Data Name="Conditions">
	Condition ID:	{71bc78fa-f17c-4997-a602-6abb261f351c}
	Match value:	Not equal to
	Condition value:	-

	Condition ID:	{b235ae9a-1d64-49b8-a44c-5ff3d9095045}
	Match value:	In range
	Condition value:	00000000000000000000000000000000 - fe800000000000000000000000000000

	Condition ID:	{46ea1551-2255-492b-8019-aabeee349f40}
	Match value:	Equal to
	Condition value:	0x00000003

	Condition ID:	{ab3033c9-c0e3-4759-937d-5758c65d4ae3}
	Match value:	Equal to
	Condition value:	0x00000003

	Condition ID:	{af043a0a-b34d-4f86-979c-c90371af6e66}
	Match value:	Equal to
	Condition value:	
O:LSD:(A;;CC;;;S-1-15-3-1)(A;;CC;;;WD)(A;;CC;;;AN)

</Data>
      <Data Name="Action">%%16390</Data>
      <Data Name="CalloutKey">{00000000-0000-0000-0000-000000000000}</Data>
      <Data Name="CalloutName">-</Data>
    </EventData>
  </Event>
  <Event xmlns="http://schemas.microsoft.com/win/2004/08/events/event">
    <System>
      <Provider Name="Microsoft-Windows-Security-Auditing" Guid="{54849625-5478-4994-a5ba-3e3b0328c30d}" />
      <EventID>5447</EventID>
      <Version>0</Version>
      <Level>0</Level>
      <Task>13573</Task>
      <Opcode>0</Opcode>
      <Keywords>0x8020000000000000</Keywords>
      <TimeCreated SystemTime="2021-06-03T19:17:46.752817100Z" />
      <EventRecordID>1965625</EventRecordID>
      <Correlation ActivityID="{38068009-512d-0000-1d80-06382d51d701}" />
      <Execution ProcessID="556" ThreadID="2532" />
      <Channel>Security</Channel>
      <Computer>fs01.offsec.lan</Computer>
      <Security />
    </System>
    <EventData>
      <Data Name="ProcessId">1000</Data>
      <Data Name="UserSid">S-1-5-19</Data>
      <Data Name="UserName">NT AUTHORITY\LOCAL SERVICE</Data>
      <Data Name="ProviderKey">{4b153735-1049-4480-aab4-d1b9bdc03710}</Data>
      <Data Name="ProviderName">Microsoft Corporation</Data>
      <Data Name="ChangeType">%%16384</Data>
      <Data Name="FilterKey">{9c05094f-8348-4351-a8b5-a36545ecec3b}</Data>
      <Data Name="FilterName">InternetClient Default Rule</Data>
      <Data Name="FilterType">%%16388</Data>
      <Data Name="FilterId">72084</Data>
      <Data Name="LayerKey">{4a72393b-319f-44bc-84c3-ba54dcb3b6b4}</Data>
      <Data Name="LayerName">ALE Connect v6 Layer</Data>
      <Data Name="LayerId">50</Data>
      <Data Name="Weight">20266249862775292</Data>
      <Data Name="Conditions">
	Condition ID:	{71bc78fa-f17c-4997-a602-6abb261f351c}
	Match value:	Not equal to
	Condition value:	-

	Condition ID:	{b235ae9a-1d64-49b8-a44c-5ff3d9095045}
	Match value:	In range
	Condition value:	fe80000000000000ffffffffffffffff - ff000000000000000000000000000000

	Condition ID:	{46ea1551-2255-492b-8019-aabeee349f40}
	Match value:	Equal to
	Condition value:	0x00000003

	Condition ID:	{ab3033c9-c0e3-4759-937d-5758c65d4ae3}
	Match value:	Equal to
	Condition value:	0x00000003

	Condition ID:	{af043a0a-b34d-4f86-979c-c90371af6e66}
	Match value:	Equal to
	Condition value:	
O:LSD:(A;;CC;;;S-1-15-3-1)(A;;CC;;;WD)(A;;CC;;;AN)

</Data>
      <Data Name="Action">%%16390</Data>
      <Data Name="CalloutKey">{00000000-0000-0000-0000-000000000000}</Data>
      <Data Name="CalloutName">-</Data>
    </EventData>
  </Event>
  <Event xmlns="http://schemas.microsoft.com/win/2004/08/events/event">
    <System>
      <Provider Name="Microsoft-Windows-Security-Auditing" Guid="{54849625-5478-4994-a5ba-3e3b0328c30d}" />
      <EventID>5447</EventID>
      <Version>0</Version>
      <Level>0</Level>
      <Task>13573</Task>
      <Opcode>0</Opcode>
      <Keywords>0x8020000000000000</Keywords>
      <TimeCreated SystemTime="2021-06-03T19:17:46.752845500Z" />
      <EventRecordID>1965626</EventRecordID>
      <Correlation ActivityID="{38068009-512d-0000-1d80-06382d51d701}" />
      <Execution ProcessID="556" ThreadID="2532" />
      <Channel>Security</Channel>
      <Computer>fs01.offsec.lan</Computer>
      <Security />
    </System>
    <EventData>
      <Data Name="ProcessId">1000</Data>
      <Data Name="UserSid">S-1-5-19</Data>
      <Data Name="UserName">NT AUTHORITY\LOCAL SERVICE</Data>
      <Data Name="ProviderKey">{4b153735-1049-4480-aab4-d1b9bdc03710}</Data>
      <Data Name="ProviderName">Microsoft Corporation</Data>
      <Data Name="ChangeType">%%16384</Data>
      <Data Name="FilterKey">{684fb723-ec18-4d62-99bf-0c2b431be2da}</Data>
      <Data Name="FilterName">Block Inbound Default Rule</Data>
      <Data Name="FilterType">%%16388</Data>
      <Data Name="FilterId">72085</Data>
      <Data Name="LayerKey">{e1cd9fe7-f4b5-4273-96c0-592e487b8650}</Data>
      <Data Name="LayerName">ALE Receive/Accept v4 Layer</Data>
      <Data Name="LayerId">44</Data>
      <Data Name="Weight">549755813888</Data>
      <Data Name="Conditions">
	Condition ID:	{71bc78fa-f17c-4997-a602-6abb261f351c}
	Match value:	Not equal to
	Condition value:	-
</Data>
      <Data Name="Action">%%16389</Data>
      <Data Name="CalloutKey">{00000000-0000-0000-0000-000000000000}</Data>
      <Data Name="CalloutName">-</Data>
    </EventData>
  </Event>
  <Event xmlns="http://schemas.microsoft.com/win/2004/08/events/event">
    <System>
      <Provider Name="Microsoft-Windows-Security-Auditing" Guid="{54849625-5478-4994-a5ba-3e3b0328c30d}" />
      <EventID>5447</EventID>
      <Version>0</Version>
      <Level>0</Level>
      <Task>13573</Task>
      <Opcode>0</Opcode>
      <Keywords>0x8020000000000000</Keywords>
      <TimeCreated SystemTime="2021-06-03T19:17:46.752873500Z" />
      <EventRecordID>1965627</EventRecordID>
      <Correlation ActivityID="{38068009-512d-0000-1d80-06382d51d701}" />
      <Execution ProcessID="556" ThreadID="2532" />
      <Channel>Security</Channel>
      <Computer>fs01.offsec.lan</Computer>
      <Security />
    </System>
    <EventData>
      <Data Name="ProcessId">1000</Data>
      <Data Name="UserSid">S-1-5-19</Data>
      <Data Name="UserName">NT AUTHORITY\LOCAL SERVICE</Data>
      <Data Name="ProviderKey">{4b153735-1049-4480-aab4-d1b9bdc03710}</Data>
      <Data Name="ProviderName">Microsoft Corporation</Data>
      <Data Name="ChangeType">%%16384</Data>
      <Data Name="FilterKey">{a060eae1-3212-418b-be67-650da2be525a}</Data>
      <Data Name="FilterName">Block Inbound Default Rule</Data>
      <Data Name="FilterType">%%16388</Data>
      <Data Name="FilterId">72086</Data>
      <Data Name="LayerKey">{a3b42c97-9f04-4672-b87e-cee9c483257f}</Data>
      <Data Name="LayerName">ALE Receive/Accept v6 Layer</Data>
      <Data Name="LayerId">46</Data>
      <Data Name="Weight">137438953472</Data>
      <Data Name="Conditions">
	Condition ID:	{71bc78fa-f17c-4997-a602-6abb261f351c}
	Match value:	Not equal to
	Condition value:	-
</Data>
      <Data Name="Action">%%16389</Data>
      <Data Name="CalloutKey">{00000000-0000-0000-0000-000000000000}</Data>
      <Data Name="CalloutName">-</Data>
    </EventData>
  </Event>
  <Event xmlns="http://schemas.microsoft.com/win/2004/08/events/event">
    <System>
      <Provider Name="Microsoft-Windows-Security-Auditing" Guid="{54849625-5478-4994-a5ba-3e3b0328c30d}" />
      <EventID>5447</EventID>
      <Version>0</Version>
      <Level>0</Level>
      <Task>13573</Task>
      <Opcode>0</Opcode>
      <Keywords>0x8020000000000000</Keywords>
      <TimeCreated SystemTime="2021-06-03T19:17:46.752901000Z" />
      <EventRecordID>1965628</EventRecordID>
      <Correlation ActivityID="{38068009-512d-0000-1d80-06382d51d701}" />
      <Execution ProcessID="556" ThreadID="2532" />
      <Channel>Security</Channel>
      <Computer>fs01.offsec.lan</Computer>
      <Security />
    </System>
    <EventData>
      <Data Name="ProcessId">1000</Data>
      <Data Name="UserSid">S-1-5-19</Data>
      <Data Name="UserName">NT AUTHORITY\LOCAL SERVICE</Data>
      <Data Name="ProviderKey">{4b153735-1049-4480-aab4-d1b9bdc03710}</Data>
      <Data Name="ProviderName">Microsoft Corporation</Data>
      <Data Name="ChangeType">%%16384</Data>
      <Data Name="FilterKey">{1ea5745a-a324-4004-a38b-3ee69f2eaacc}</Data>
      <Data Name="FilterName">Block Outbound Default Rule</Data>
      <Data Name="FilterType">%%16388</Data>
      <Data Name="FilterId">72087</Data>
      <Data Name="LayerKey">{c38d57d1-05a7-4c33-904f-7fbceee60e82}</Data>
      <Data Name="LayerName">ALE Connect v4 Layer</Data>
      <Data Name="LayerId">48</Data>
      <Data Name="Weight">137438953472</Data>
      <Data Name="Conditions">
	Condition ID:	{71bc78fa-f17c-4997-a602-6abb261f351c}
	Match value:	Not equal to
	Condition value:	-
</Data>
      <Data Name="Action">%%16389</Data>
      <Data Name="CalloutKey">{00000000-0000-0000-0000-000000000000}</Data>
      <Data Name="CalloutName">-</Data>
    </EventData>
  </Event>
  <Event xmlns="http://schemas.microsoft.com/win/2004/08/events/event">
    <System>
      <Provider Name="Microsoft-Windows-Security-Auditing" Guid="{54849625-5478-4994-a5ba-3e3b0328c30d}" />
      <EventID>5447</EventID>
      <Version>0</Version>
      <Level>0</Level>
      <Task>13573</Task>
      <Opcode>0</Opcode>
      <Keywords>0x8020000000000000</Keywords>
      <TimeCreated SystemTime="2021-06-03T19:17:46.752928000Z" />
      <EventRecordID>1965629</EventRecordID>
      <Correlation ActivityID="{38068009-512d-0000-1d80-06382d51d701}" />
      <Execution ProcessID="556" ThreadID="2532" />
      <Channel>Security</Channel>
      <Computer>fs01.offsec.lan</Computer>
      <Security />
    </System>
    <EventData>
      <Data Name="ProcessId">1000</Data>
      <Data Name="UserSid">S-1-5-19</Data>
      <Data Name="UserName">NT AUTHORITY\LOCAL SERVICE</Data>
      <Data Name="ProviderKey">{4b153735-1049-4480-aab4-d1b9bdc03710}</Data>
      <Data Name="ProviderName">Microsoft Corporation</Data>
      <Data Name="ChangeType">%%16384</Data>
      <Data Name="FilterKey">{94da35da-25fd-4a23-9f8e-b8750f67244c}</Data>
      <Data Name="FilterName">Block Outbound Default Rule</Data>
      <Data Name="FilterType">%%16388</Data>
      <Data Name="FilterId">72088</Data>
      <Data Name="LayerKey">{4a72393b-319f-44bc-84c3-ba54dcb3b6b4}</Data>
      <Data Name="LayerName">ALE Connect v6 Layer</Data>
      <Data Name="LayerId">50</Data>
      <Data Name="Weight">34359738368</Data>
      <Data Name="Conditions">
	Condition ID:	{71bc78fa-f17c-4997-a602-6abb261f351c}
	Match value:	Not equal to
	Condition value:	-
</Data>
      <Data Name="Action">%%16389</Data>
      <Data Name="CalloutKey">{00000000-0000-0000-0000-000000000000}</Data>
      <Data Name="CalloutName">-</Data>
    </EventData>
  </Event>
  <Event xmlns="http://schemas.microsoft.com/win/2004/08/events/event">
    <System>
      <Provider Name="Microsoft-Windows-Security-Auditing" Guid="{54849625-5478-4994-a5ba-3e3b0328c30d}" />
      <EventID>5447</EventID>
      <Version>0</Version>
      <Level>0</Level>
      <Task>13573</Task>
      <Opcode>0</Opcode>
      <Keywords>0x8020000000000000</Keywords>
      <TimeCreated SystemTime="2021-06-03T19:17:46.752956400Z" />
      <EventRecordID>1965630</EventRecordID>
      <Correlation ActivityID="{38068009-512d-0000-1d80-06382d51d701}" />
      <Execution ProcessID="556" ThreadID="2532" />
      <Channel>Security</Channel>
      <Computer>fs01.offsec.lan</Computer>
      <Security />
    </System>
    <EventData>
      <Data Name="ProcessId">1000</Data>
      <Data Name="UserSid">S-1-5-19</Data>
      <Data Name="UserName">NT AUTHORITY\LOCAL SERVICE</Data>
      <Data Name="ProviderKey">{4b153735-1049-4480-aab4-d1b9bdc03710}</Data>
      <Data Name="ProviderName">Microsoft Corporation</Data>
      <Data Name="ChangeType">%%16384</Data>
      <Data Name="FilterKey">{9f847941-82c5-4dfd-8b5d-b178de9bcb77}</Data>
      <Data Name="FilterName">AxInstSV TCP outbound allow</Data>
      <Data Name="FilterType">%%16388</Data>
      <Data Name="FilterId">72089</Data>
      <Data Name="LayerKey">{c38d57d1-05a7-4c33-904f-7fbceee60e82}</Data>
      <Data Name="LayerName">ALE Connect v4 Layer</Data>
      <Data Name="LayerId">48</Data>
      <Data Name="Weight">422418623496192</Data>
      <Data Name="Conditions">
	Condition ID:	{d78e1e87-8644-4ea5-9437-d809ecefc971}
	Match value:	Equal to
	Condition value:	
    00000000  5c 00 64 00 65 00 76 00-69 00 63 00 65 00 5c 00  \.d.e.v.i.c.e.\.
    00000010  68 00 61 00 72 00 64 00-64 00 69 00 73 00 6b 00  h.a.r.d.d.i.s.k.
    00000020  76 00 6f 00 6c 00 75 00-6d 00 65 00 34 00 5c 00  v.o.l.u.m.e.4.\.
    00000030  77 00 69 00 6e 00 64 00-6f 00 77 00 73 00 5c 00  w.i.n.d.o.w.s.\.
    00000040  73 00 79 00 73 00 74 00-65 00 6d 00 33 00 32 00  s.y.s.t.e.m.3.2.
    00000050  5c 00 73 00 76 00 63 00-68 00 6f 00 73 00 74 00  \.s.v.c.h.o.s.t.
    00000060  2e 00 65 00 78 00 65 00-00 00                    ..e.x.e...


	Condition ID:	{af043a0a-b34d-4f86-979c-c90371af6e66}
	Match value:	Equal to
	Condition value:	
O:SYG:SYD:(A;;CCRC;;;S-1-5-80-1058592404-331734164-3167594226-3910907650-1299295147)


	Condition ID:	{3971ef2b-623e-4f9a-8cb1-6e79b806b9a7}
	Match value:	Equal to
	Condition value:	0x06
</Data>
      <Data Name="Action">%%16390</Data>
      <Data Name="CalloutKey">{00000000-0000-0000-0000-000000000000}</Data>
      <Data Name="CalloutName">-</Data>
    </EventData>
  </Event>
  <Event xmlns="http://schemas.microsoft.com/win/2004/08/events/event">
    <System>
      <Provider Name="Microsoft-Windows-Security-Auditing" Guid="{54849625-5478-4994-a5ba-3e3b0328c30d}" />
      <EventID>5447</EventID>
      <Version>0</Version>
      <Level>0</Level>
      <Task>13573</Task>
      <Opcode>0</Opcode>
      <Keywords>0x8020000000000000</Keywords>
      <TimeCreated SystemTime="2021-06-03T19:17:46.752985300Z" />
      <EventRecordID>1965631</EventRecordID>
      <Correlation ActivityID="{38068009-512d-0000-1d80-06382d51d701}" />
      <Execution ProcessID="556" ThreadID="2532" />
      <Channel>Security</Channel>
      <Computer>fs01.offsec.lan</Computer>
      <Security />
    </System>
    <EventData>
      <Data Name="ProcessId">1000</Data>
      <Data Name="UserSid">S-1-5-19</Data>
      <Data Name="UserName">NT AUTHORITY\LOCAL SERVICE</Data>
      <Data Name="ProviderKey">{4b153735-1049-4480-aab4-d1b9bdc03710}</Data>
      <Data Name="ProviderName">Microsoft Corporation</Data>
      <Data Name="ChangeType">%%16384</Data>
      <Data Name="FilterKey">{6d40e875-d8fc-4da2-b095-5d01f905ae30}</Data>
      <Data Name="FilterName">AxInstSV TCP outbound allow</Data>
      <Data Name="FilterType">%%16388</Data>
      <Data Name="FilterId">72090</Data>
      <Data Name="LayerKey">{4a72393b-319f-44bc-84c3-ba54dcb3b6b4}</Data>
      <Data Name="LayerName">ALE Connect v6 Layer</Data>
      <Data Name="LayerId">50</Data>
      <Data Name="Weight">105604655874048</Data>
      <Data Name="Conditions">
	Condition ID:	{d78e1e87-8644-4ea5-9437-d809ecefc971}
	Match value:	Equal to
	Condition value:	
    00000000  5c 00 64 00 65 00 76 00-69 00 63 00 65 00 5c 00  \.d.e.v.i.c.e.\.
    00000010  68 00 61 00 72 00 64 00-64 00 69 00 73 00 6b 00  h.a.r.d.d.i.s.k.
    00000020  76 00 6f 00 6c 00 75 00-6d 00 65 00 34 00 5c 00  v.o.l.u.m.e.4.\.
    00000030  77 00 69 00 6e 00 64 00-6f 00 77 00 73 00 5c 00  w.i.n.d.o.w.s.\.
    00000040  73 00 79 00 73 00 74 00-65 00 6d 00 33 00 32 00  s.y.s.t.e.m.3.2.
    00000050  5c 00 73 00 76 00 63 00-68 00 6f 00 73 00 74 00  \.s.v.c.h.o.s.t.
    00000060  2e 00 65 00 78 00 65 00-00 00                    ..e.x.e...


	Condition ID:	{af043a0a-b34d-4f86-979c-c90371af6e66}
	Match value:	Equal to
	Condition value:	
O:SYG:SYD:(A;;CCRC;;;S-1-5-80-1058592404-331734164-3167594226-3910907650-1299295147)


	Condition ID:	{3971ef2b-623e-4f9a-8cb1-6e79b806b9a7}
	Match value:	Equal to
	Condition value:	0x06
</Data>
      <Data Name="Action">%%16390</Data>
      <Data Name="CalloutKey">{00000000-0000-0000-0000-000000000000}</Data>
      <Data Name="CalloutName">-</Data>
    </EventData>
  </Event>
  <Event xmlns="http://schemas.microsoft.com/win/2004/08/events/event">
    <System>
      <Provider Name="Microsoft-Windows-Security-Auditing" Guid="{54849625-5478-4994-a5ba-3e3b0328c30d}" />
      <EventID>5447</EventID>
      <Version>0</Version>
      <Level>0</Level>
      <Task>13573</Task>
      <Opcode>0</Opcode>
      <Keywords>0x8020000000000000</Keywords>
      <TimeCreated SystemTime="2021-06-03T19:17:46.753071100Z" />
      <EventRecordID>1965632</EventRecordID>
      <Correlation ActivityID="{38068009-512d-0000-1d80-06382d51d701}" />
      <Execution ProcessID="556" ThreadID="2532" />
      <Channel>Security</Channel>
      <Computer>fs01.offsec.lan</Computer>
      <Security />
    </System>
    <EventData>
      <Data Name="ProcessId">1000</Data>
      <Data Name="UserSid">S-1-5-19</Data>
      <Data Name="UserName">NT AUTHORITY\LOCAL SERVICE</Data>
      <Data Name="ProviderKey">{4b153735-1049-4480-aab4-d1b9bdc03710}</Data>
      <Data Name="ProviderName">Microsoft Corporation</Data>
      <Data Name="ChangeType">%%16384</Data>
      <Data Name="FilterKey">{2755170a-69e2-4ca4-a81e-be4adfdf60f4}</Data>
      <Data Name="FilterName">DhcpFirewallPolicy</Data>
      <Data Name="FilterType">%%16388</Data>
      <Data Name="FilterId">72091</Data>
      <Data Name="LayerKey">{c38d57d1-05a7-4c33-904f-7fbceee60e82}</Data>
      <Data Name="LayerName">ALE Connect v4 Layer</Data>
      <Data Name="LayerId">48</Data>
      <Data Name="Weight">494711513022464</Data>
      <Data Name="Conditions">
	Condition ID:	{d78e1e87-8644-4ea5-9437-d809ecefc971}
	Match value:	Equal to
	Condition value:	
    00000000  5c 00 64 00 65 00 76 00-69 00 63 00 65 00 5c 00  \.d.e.v.i.c.e.\.
    00000010  68 00 61 00 72 00 64 00-64 00 69 00 73 00 6b 00  h.a.r.d.d.i.s.k.
    00000020  76 00 6f 00 6c 00 75 00-6d 00 65 00 34 00 5c 00  v.o.l.u.m.e.4.\.
    00000030  77 00 69 00 6e 00 64 00-6f 00 77 00 73 00 5c 00  w.i.n.d.o.w.s.\.
    00000040  73 00 79 00 73 00 74 00-65 00 6d 00 33 00 32 00  s.y.s.t.e.m.3.2.
    00000050  5c 00 73 00 76 00 63 00-68 00 6f 00 73 00 74 00  \.s.v.c.h.o.s.t.
    00000060  2e 00 65 00 78 00 65 00-00 00                    ..e.x.e...


	Condition ID:	{af043a0a-b34d-4f86-979c-c90371af6e66}
	Match value:	Equal to
	Condition value:	
O:SYG:SYD:(A;;CCRC;;;S-1-5-80-2940520708-3855866260-481812779-327648279-1710889582)


	Condition ID:	{0c1ba1af-5765-453f-af22-a8f791ac775b}
	Match value:	Equal to
	Condition value:	0x0044

	Condition ID:	{3971ef2b-623e-4f9a-8cb1-6e79b806b9a7}
	Match value:	Equal to
	Condition value:	0x11

	Condition ID:	{c35a604d-d22b-4e1a-91b4-68f674ee674b}
	Match value:	Equal to
	Condition value:	0x0043
</Data>
      <Data Name="Action">%%16390</Data>
      <Data Name="CalloutKey">{00000000-0000-0000-0000-000000000000}</Data>
      <Data Name="CalloutName">-</Data>
    </EventData>
  </Event>
  <Event xmlns="http://schemas.microsoft.com/win/2004/08/events/event">
    <System>
      <Provider Name="Microsoft-Windows-Security-Auditing" Guid="{54849625-5478-4994-a5ba-3e3b0328c30d}" />
      <EventID>5447</EventID>
      <Version>0</Version>
      <Level>0</Level>
      <Task>13573</Task>
      <Opcode>0</Opcode>
      <Keywords>0x8020000000000000</Keywords>
      <TimeCreated SystemTime="2021-06-03T19:17:46.753147000Z" />
      <EventRecordID>1965633</EventRecordID>
      <Correlation ActivityID="{38068009-512d-0000-1d80-06382d51d701}" />
      <Execution ProcessID="556" ThreadID="2532" />
      <Channel>Security</Channel>
      <Computer>fs01.offsec.lan</Computer>
      <Security />
    </System>
    <EventData>
      <Data Name="ProcessId">1000</Data>
      <Data Name="UserSid">S-1-5-19</Data>
      <Data Name="UserName">NT AUTHORITY\LOCAL SERVICE</Data>
      <Data Name="ProviderKey">{4b153735-1049-4480-aab4-d1b9bdc03710}</Data>
      <Data Name="ProviderName">Microsoft Corporation</Data>
      <Data Name="ChangeType">%%16384</Data>
      <Data Name="FilterKey">{350f3f34-7e63-43e8-bcfb-b9da2e9ea25d}</Data>
      <Data Name="FilterName">DhcpFirewallPolicy</Data>
      <Data Name="FilterType">%%16388</Data>
      <Data Name="FilterId">72092</Data>
      <Data Name="LayerKey">{4a72393b-319f-44bc-84c3-ba54dcb3b6b4}</Data>
      <Data Name="LayerName">ALE Connect v6 Layer</Data>
      <Data Name="LayerId">50</Data>
      <Data Name="Weight">123677878255616</Data>
      <Data Name="Conditions">
	Condition ID:	{d78e1e87-8644-4ea5-9437-d809ecefc971}
	Match value:	Equal to
	Condition value:	
    00000000  5c 00 64 00 65 00 76 00-69 00 63 00 65 00 5c 00  \.d.e.v.i.c.e.\.
    00000010  68 00 61 00 72 00 64 00-64 00 69 00 73 00 6b 00  h.a.r.d.d.i.s.k.
    00000020  76 00 6f 00 6c 00 75 00-6d 00 65 00 34 00 5c 00  v.o.l.u.m.e.4.\.
    00000030  77 00 69 00 6e 00 64 00-6f 00 77 00 73 00 5c 00  w.i.n.d.o.w.s.\.
    00000040  73 00 79 00 73 00 74 00-65 00 6d 00 33 00 32 00  s.y.s.t.e.m.3.2.
    00000050  5c 00 73 00 76 00 63 00-68 00 6f 00 73 00 74 00  \.s.v.c.h.o.s.t.
    00000060  2e 00 65 00 78 00 65 00-00 00                    ..e.x.e...


	Condition ID:	{af043a0a-b34d-4f86-979c-c90371af6e66}
	Match value:	Equal to
	Condition value:	
O:SYG:SYD:(A;;CCRC;;;S-1-5-80-2940520708-3855866260-481812779-327648279-1710889582)


	Condition ID:	{0c1ba1af-5765-453f-af22-a8f791ac775b}
	Match value:	Equal to
	Condition value:	0x0044

	Condition ID:	{3971ef2b-623e-4f9a-8cb1-6e79b806b9a7}
	Match value:	Equal to
	Condition value:	0x11

	Condition ID:	{c35a604d-d22b-4e1a-91b4-68f674ee674b}
	Match value:	Equal to
	Condition value:	0x0043
</Data>
      <Data Name="Action">%%16390</Data>
      <Data Name="CalloutKey">{00000000-0000-0000-0000-000000000000}</Data>
      <Data Name="CalloutName">-</Data>
    </EventData>
  </Event>
  <Event xmlns="http://schemas.microsoft.com/win/2004/08/events/event">
    <System>
      <Provider Name="Microsoft-Windows-Security-Auditing" Guid="{54849625-5478-4994-a5ba-3e3b0328c30d}" />
      <EventID>5447</EventID>
      <Version>0</Version>
      <Level>0</Level>
      <Task>13573</Task>
      <Opcode>0</Opcode>
      <Keywords>0x8020000000000000</Keywords>
      <TimeCreated SystemTime="2021-06-03T19:17:46.753233200Z" />
      <EventRecordID>1965634</EventRecordID>
      <Correlation ActivityID="{38068009-512d-0000-1d80-06382d51d701}" />
      <Execution ProcessID="556" ThreadID="2532" />
      <Channel>Security</Channel>
      <Computer>fs01.offsec.lan</Computer>
      <Security />
    </System>
    <EventData>
      <Data Name="ProcessId">1000</Data>
      <Data Name="UserSid">S-1-5-19</Data>
      <Data Name="UserName">NT AUTHORITY\LOCAL SERVICE</Data>
      <Data Name="ProviderKey">{4b153735-1049-4480-aab4-d1b9bdc03710}</Data>
      <Data Name="ProviderName">Microsoft Corporation</Data>
      <Data Name="ChangeType">%%16384</Data>
      <Data Name="FilterKey">{f80d4963-d282-4482-bb6c-020357146a0a}</Data>
      <Data Name="FilterName">DhcpFirewallPolicy</Data>
      <Data Name="FilterType">%%16388</Data>
      <Data Name="FilterId">72093</Data>
      <Data Name="LayerKey">{e1cd9fe7-f4b5-4273-96c0-592e487b8650}</Data>
      <Data Name="LayerName">ALE Receive/Accept v4 Layer</Data>
      <Data Name="LayerId">44</Data>
      <Data Name="Weight">2115185493934080</Data>
      <Data Name="Conditions">
	Condition ID:	{d78e1e87-8644-4ea5-9437-d809ecefc971}
	Match value:	Equal to
	Condition value:	
    00000000  5c 00 64 00 65 00 76 00-69 00 63 00 65 00 5c 00  \.d.e.v.i.c.e.\.
    00000010  68 00 61 00 72 00 64 00-64 00 69 00 73 00 6b 00  h.a.r.d.d.i.s.k.
    00000020  76 00 6f 00 6c 00 75 00-6d 00 65 00 34 00 5c 00  v.o.l.u.m.e.4.\.
    00000030  77 00 69 00 6e 00 64 00-6f 00 77 00 73 00 5c 00  w.i.n.d.o.w.s.\.
    00000040  73 00 79 00 73 00 74 00-65 00 6d 00 33 00 32 00  s.y.s.t.e.m.3.2.
    00000050  5c 00 73 00 76 00 63 00-68 00 6f 00 73 00 74 00  \.s.v.c.h.o.s.t.
    00000060  2e 00 65 00 78 00 65 00-00 00                    ..e.x.e...


	Condition ID:	{af043a0a-b34d-4f86-979c-c90371af6e66}
	Match value:	Equal to
	Condition value:	
O:SYG:SYD:(A;;CCRC;;;S-1-5-80-2940520708-3855866260-481812779-327648279-1710889582)


	Condition ID:	{0c1ba1af-5765-453f-af22-a8f791ac775b}
	Match value:	Equal to
	Condition value:	0x0044

	Condition ID:	{3971ef2b-623e-4f9a-8cb1-6e79b806b9a7}
	Match value:	Equal to
	Condition value:	0x11

	Condition ID:	{c35a604d-d22b-4e1a-91b4-68f674ee674b}
	Match value:	Equal to
	Condition value:	0x0043
</Data>
      <Data Name="Action">%%16390</Data>
      <Data Name="CalloutKey">{00000000-0000-0000-0000-000000000000}</Data>
      <Data Name="CalloutName">-</Data>
    </EventData>
  </Event>
  <Event xmlns="http://schemas.microsoft.com/win/2004/08/events/event">
    <System>
      <Provider Name="Microsoft-Windows-Security-Auditing" Guid="{54849625-5478-4994-a5ba-3e3b0328c30d}" />
      <EventID>5447</EventID>
      <Version>0</Version>
      <Level>0</Level>
      <Task>13573</Task>
      <Opcode>0</Opcode>
      <Keywords>0x8020000000000000</Keywords>
      <TimeCreated SystemTime="2021-06-03T19:17:46.753308700Z" />
      <EventRecordID>1965635</EventRecordID>
      <Correlation ActivityID="{38068009-512d-0000-1d80-06382d51d701}" />
      <Execution ProcessID="556" ThreadID="2532" />
      <Channel>Security</Channel>
      <Computer>fs01.offsec.lan</Computer>
      <Security />
    </System>
    <EventData>
      <Data Name="ProcessId">1000</Data>
      <Data Name="UserSid">S-1-5-19</Data>
      <Data Name="UserName">NT AUTHORITY\LOCAL SERVICE</Data>
      <Data Name="ProviderKey">{4b153735-1049-4480-aab4-d1b9bdc03710}</Data>
      <Data Name="ProviderName">Microsoft Corporation</Data>
      <Data Name="ChangeType">%%16384</Data>
      <Data Name="FilterKey">{2ac387e3-3d62-483a-8492-6a3c53b07476}</Data>
      <Data Name="FilterName">DhcpFirewallPolicy</Data>
      <Data Name="FilterType">%%16388</Data>
      <Data Name="FilterId">72094</Data>
      <Data Name="LayerKey">{a3b42c97-9f04-4672-b87e-cee9c483257f}</Data>
      <Data Name="LayerName">ALE Receive/Accept v6 Layer</Data>
      <Data Name="LayerId">46</Data>
      <Data Name="Weight">248420908400640</Data>
      <Data Name="Conditions">
	Condition ID:	{d78e1e87-8644-4ea5-9437-d809ecefc971}
	Match value:	Equal to
	Condition value:	
    00000000  5c 00 64 00 65 00 76 00-69 00 63 00 65 00 5c 00  \.d.e.v.i.c.e.\.
    00000010  68 00 61 00 72 00 64 00-64 00 69 00 73 00 6b 00  h.a.r.d.d.i.s.k.
    00000020  76 00 6f 00 6c 00 75 00-6d 00 65 00 34 00 5c 00  v.o.l.u.m.e.4.\.
    00000030  77 00 69 00 6e 00 64 00-6f 00 77 00 73 00 5c 00  w.i.n.d.o.w.s.\.
    00000040  73 00 79 00 73 00 74 00-65 00 6d 00 33 00 32 00  s.y.s.t.e.m.3.2.
    00000050  5c 00 73 00 76 00 63 00-68 00 6f 00 73 00 74 00  \.s.v.c.h.o.s.t.
    00000060  2e 00 65 00 78 00 65 00-00 00                    ..e.x.e...


	Condition ID:	{af043a0a-b34d-4f86-979c-c90371af6e66}
	Match value:	Equal to
	Condition value:	
O:SYG:SYD:(A;;CCRC;;;S-1-5-80-2940520708-3855866260-481812779-327648279-1710889582)


	Condition ID:	{0c1ba1af-5765-453f-af22-a8f791ac775b}
	Match value:	Equal to
	Condition value:	0x0044

	Condition ID:	{3971ef2b-623e-4f9a-8cb1-6e79b806b9a7}
	Match value:	Equal to
	Condition value:	0x11

	Condition ID:	{c35a604d-d22b-4e1a-91b4-68f674ee674b}
	Match value:	Equal to
	Condition value:	0x0043
</Data>
      <Data Name="Action">%%16390</Data>
      <Data Name="CalloutKey">{00000000-0000-0000-0000-000000000000}</Data>
      <Data Name="CalloutName">-</Data>
    </EventData>
  </Event>
  <Event xmlns="http://schemas.microsoft.com/win/2004/08/events/event">
    <System>
      <Provider Name="Microsoft-Windows-Security-Auditing" Guid="{54849625-5478-4994-a5ba-3e3b0328c30d}" />
      <EventID>5447</EventID>
      <Version>0</Version>
      <Level>0</Level>
      <Task>13573</Task>
      <Opcode>0</Opcode>
      <Keywords>0x8020000000000000</Keywords>
      <TimeCreated SystemTime="2021-06-03T19:17:46.753385100Z" />
      <EventRecordID>1965636</EventRecordID>
      <Correlation ActivityID="{38068009-512d-0000-1d80-06382d51d701}" />
      <Execution ProcessID="556" ThreadID="2532" />
      <Channel>Security</Channel>
      <Computer>fs01.offsec.lan</Computer>
      <Security />
    </System>
    <EventData>
      <Data Name="ProcessId">1000</Data>
      <Data Name="UserSid">S-1-5-19</Data>
      <Data Name="UserName">NT AUTHORITY\LOCAL SERVICE</Data>
      <Data Name="ProviderKey">{4b153735-1049-4480-aab4-d1b9bdc03710}</Data>
      <Data Name="ProviderName">Microsoft Corporation</Data>
      <Data Name="ChangeType">%%16384</Data>
      <Data Name="FilterKey">{847b7007-4455-4c9a-a7f4-50513d09b005}</Data>
      <Data Name="FilterName">DhcpFirewallPolicy</Data>
      <Data Name="FilterType">%%16388</Data>
      <Data Name="FilterId">72095</Data>
      <Data Name="LayerKey">{e1cd9fe7-f4b5-4273-96c0-592e487b8650}</Data>
      <Data Name="LayerName">ALE Receive/Accept v4 Layer</Data>
      <Data Name="LayerId">44</Data>
      <Data Name="Weight">2115185493934080</Data>
      <Data Name="Conditions">
	Condition ID:	{d78e1e87-8644-4ea5-9437-d809ecefc971}
	Match value:	Equal to
	Condition value:	
    00000000  5c 00 64 00 65 00 76 00-69 00 63 00 65 00 5c 00  \.d.e.v.i.c.e.\.
    00000010  68 00 61 00 72 00 64 00-64 00 69 00 73 00 6b 00  h.a.r.d.d.i.s.k.
    00000020  76 00 6f 00 6c 00 75 00-6d 00 65 00 34 00 5c 00  v.o.l.u.m.e.4.\.
    00000030  77 00 69 00 6e 00 64 00-6f 00 77 00 73 00 5c 00  w.i.n.d.o.w.s.\.
    00000040  73 00 79 00 73 00 74 00-65 00 6d 00 33 00 32 00  s.y.s.t.e.m.3.2.
    00000050  5c 00 73 00 76 00 63 00-68 00 6f 00 73 00 74 00  \.s.v.c.h.o.s.t.
    00000060  2e 00 65 00 78 00 65 00-00 00                    ..e.x.e...


	Condition ID:	{af043a0a-b34d-4f86-979c-c90371af6e66}
	Match value:	Equal to
	Condition value:	
O:SYG:SYD:(A;;CCRC;;;S-1-5-80-2940520708-3855866260-481812779-327648279-1710889582)


	Condition ID:	{0c1ba1af-5765-453f-af22-a8f791ac775b}
	Match value:	Equal to
	Condition value:	0x0222

	Condition ID:	{3971ef2b-623e-4f9a-8cb1-6e79b806b9a7}
	Match value:	Equal to
	Condition value:	0x11

	Condition ID:	{c35a604d-d22b-4e1a-91b4-68f674ee674b}
	Match value:	Equal to
	Condition value:	0x0223
</Data>
      <Data Name="Action">%%16390</Data>
      <Data Name="CalloutKey">{00000000-0000-0000-0000-000000000000}</Data>
      <Data Name="CalloutName">-</Data>
    </EventData>
  </Event>
  <Event xmlns="http://schemas.microsoft.com/win/2004/08/events/event">
    <System>
      <Provider Name="Microsoft-Windows-Security-Auditing" Guid="{54849625-5478-4994-a5ba-3e3b0328c30d}" />
      <EventID>5447</EventID>
      <Version>0</Version>
      <Level>0</Level>
      <Task>13573</Task>
      <Opcode>0</Opcode>
      <Keywords>0x8020000000000000</Keywords>
      <TimeCreated SystemTime="2021-06-03T19:17:46.753462500Z" />
      <EventRecordID>1965637</EventRecordID>
      <Correlation ActivityID="{38068009-512d-0000-1d80-06382d51d701}" />
      <Execution ProcessID="556" ThreadID="2532" />
      <Channel>Security</Channel>
      <Computer>fs01.offsec.lan</Computer>
      <Security />
    </System>
    <EventData>
      <Data Name="ProcessId">1000</Data>
      <Data Name="UserSid">S-1-5-19</Data>
      <Data Name="UserName">NT AUTHORITY\LOCAL SERVICE</Data>
      <Data Name="ProviderKey">{4b153735-1049-4480-aab4-d1b9bdc03710}</Data>
      <Data Name="ProviderName">Microsoft Corporation</Data>
      <Data Name="ChangeType">%%16384</Data>
      <Data Name="FilterKey">{5706201f-dfe7-4262-a1f0-2e8dcc1f469e}</Data>
      <Data Name="FilterName">DhcpFirewallPolicy</Data>
      <Data Name="FilterType">%%16388</Data>
      <Data Name="FilterId">72096</Data>
      <Data Name="LayerKey">{a3b42c97-9f04-4672-b87e-cee9c483257f}</Data>
      <Data Name="LayerName">ALE Receive/Accept v6 Layer</Data>
      <Data Name="LayerId">46</Data>
      <Data Name="Weight">248420908400640</Data>
      <Data Name="Conditions">
	Condition ID:	{d78e1e87-8644-4ea5-9437-d809ecefc971}
	Match value:	Equal to
	Condition value:	
    00000000  5c 00 64 00 65 00 76 00-69 00 63 00 65 00 5c 00  \.d.e.v.i.c.e.\.
    00000010  68 00 61 00 72 00 64 00-64 00 69 00 73 00 6b 00  h.a.r.d.d.i.s.k.
    00000020  76 00 6f 00 6c 00 75 00-6d 00 65 00 34 00 5c 00  v.o.l.u.m.e.4.\.
    00000030  77 00 69 00 6e 00 64 00-6f 00 77 00 73 00 5c 00  w.i.n.d.o.w.s.\.
    00000040  73 00 79 00 73 00 74 00-65 00 6d 00 33 00 32 00  s.y.s.t.e.m.3.2.
    00000050  5c 00 73 00 76 00 63 00-68 00 6f 00 73 00 74 00  \.s.v.c.h.o.s.t.
    00000060  2e 00 65 00 78 00 65 00-00 00                    ..e.x.e...


	Condition ID:	{af043a0a-b34d-4f86-979c-c90371af6e66}
	Match value:	Equal to
	Condition value:	
O:SYG:SYD:(A;;CCRC;;;S-1-5-80-2940520708-3855866260-481812779-327648279-1710889582)


	Condition ID:	{0c1ba1af-5765-453f-af22-a8f791ac775b}
	Match value:	Equal to
	Condition value:	0x0222

	Condition ID:	{3971ef2b-623e-4f9a-8cb1-6e79b806b9a7}
	Match value:	Equal to
	Condition value:	0x11

	Condition ID:	{c35a604d-d22b-4e1a-91b4-68f674ee674b}
	Match value:	Equal to
	Condition value:	0x0223
</Data>
      <Data Name="Action">%%16390</Data>
      <Data Name="CalloutKey">{00000000-0000-0000-0000-000000000000}</Data>
      <Data Name="CalloutName">-</Data>
    </EventData>
  </Event>
  <Event xmlns="http://schemas.microsoft.com/win/2004/08/events/event">
    <System>
      <Provider Name="Microsoft-Windows-Security-Auditing" Guid="{54849625-5478-4994-a5ba-3e3b0328c30d}" />
      <EventID>5447</EventID>
      <Version>0</Version>
      <Level>0</Level>
      <Task>13573</Task>
      <Opcode>0</Opcode>
      <Keywords>0x8020000000000000</Keywords>
      <TimeCreated SystemTime="2021-06-03T19:17:46.753543100Z" />
      <EventRecordID>1965638</EventRecordID>
      <Correlation ActivityID="{38068009-512d-0000-1d80-06382d51d701}" />
      <Execution ProcessID="556" ThreadID="2532" />
      <Channel>Security</Channel>
      <Computer>fs01.offsec.lan</Computer>
      <Security />
    </System>
    <EventData>
      <Data Name="ProcessId">1000</Data>
      <Data Name="UserSid">S-1-5-19</Data>
      <Data Name="UserName">NT AUTHORITY\LOCAL SERVICE</Data>
      <Data Name="ProviderKey">{4b153735-1049-4480-aab4-d1b9bdc03710}</Data>
      <Data Name="ProviderName">Microsoft Corporation</Data>
      <Data Name="ChangeType">%%16384</Data>
      <Data Name="FilterKey">{ecf4a6c9-f50a-42bd-bd68-0f649e91a6e2}</Data>
      <Data Name="FilterName">DhcpFirewallPolicy</Data>
      <Data Name="FilterType">%%16388</Data>
      <Data Name="FilterId">72097</Data>
      <Data Name="LayerKey">{c38d57d1-05a7-4c33-904f-7fbceee60e82}</Data>
      <Data Name="LayerName">ALE Connect v4 Layer</Data>
      <Data Name="LayerId">48</Data>
      <Data Name="Weight">494711513022464</Data>
      <Data Name="Conditions">
	Condition ID:	{d78e1e87-8644-4ea5-9437-d809ecefc971}
	Match value:	Equal to
	Condition value:	
    00000000  5c 00 64 00 65 00 76 00-69 00 63 00 65 00 5c 00  \.d.e.v.i.c.e.\.
    00000010  68 00 61 00 72 00 64 00-64 00 69 00 73 00 6b 00  h.a.r.d.d.i.s.k.
    00000020  76 00 6f 00 6c 00 75 00-6d 00 65 00 34 00 5c 00  v.o.l.u.m.e.4.\.
    00000030  77 00 69 00 6e 00 64 00-6f 00 77 00 73 00 5c 00  w.i.n.d.o.w.s.\.
    00000040  73 00 79 00 73 00 74 00-65 00 6d 00 33 00 32 00  s.y.s.t.e.m.3.2.
    00000050  5c 00 73 00 76 00 63 00-68 00 6f 00 73 00 74 00  \.s.v.c.h.o.s.t.
    00000060  2e 00 65 00 78 00 65 00-00 00                    ..e.x.e...


	Condition ID:	{af043a0a-b34d-4f86-979c-c90371af6e66}
	Match value:	Equal to
	Condition value:	
O:SYG:SYD:(A;;CCRC;;;S-1-5-80-2940520708-3855866260-481812779-327648279-1710889582)


	Condition ID:	{0c1ba1af-5765-453f-af22-a8f791ac775b}
	Match value:	Equal to
	Condition value:	0x0222

	Condition ID:	{3971ef2b-623e-4f9a-8cb1-6e79b806b9a7}
	Match value:	Equal to
	Condition value:	0x11

	Condition ID:	{c35a604d-d22b-4e1a-91b4-68f674ee674b}
	Match value:	Equal to
	Condition value:	0x0223
</Data>
      <Data Name="Action">%%16390</Data>
      <Data Name="CalloutKey">{00000000-0000-0000-0000-000000000000}</Data>
      <Data Name="CalloutName">-</Data>
    </EventData>
  </Event>
  