<root>
  <Event xmlns="http://schemas.microsoft.com/win/2004/08/events/event">
    <System>
      <Provider Name="Microsoft-Windows-Eventlog" Guid="{fc65ddd8-d6ef-4962-83d5-6e5cfe9ce148}" />
      <EventID>1102</EventID>
      <Version>0</Version>
      <Level>4</Level>
      <Task>104</Task>
      <Opcode>0</Opcode>
      <Keywords>0x4020000000000000</Keywords>
      <TimeCreated SystemTime="2021-05-14T20:39:33.214543900Z" />
      <EventRecordID>1829531</EventRecordID>
      <Correlation />
      <Execution ProcessID="948" ThreadID="3768" />
      <Channel>Security</Channel>
      <Computer>fs01.offsec.lan</Computer>
      <Security />
    </System>
    <UserData>
      <LogFileCleared xmlns="http://manifests.microsoft.com/win/2004/08/windows/eventlog">
        <SubjectUserSid>S-1-5-21-4230534742-2542757381-3142984815-1111</SubjectUserSid>
        <SubjectUserName>admmig</SubjectUserName>
        <SubjectDomainName>OFFSEC</SubjectDomainName>
        <SubjectLogonId>0x13b593d</SubjectLogonId>
      </LogFileCleared>
    </UserData>
  </Event>
  <Event xmlns="http://schemas.microsoft.com/win/2004/08/events/event">
    <System>
      <Provider Name="Microsoft-Windows-Security-Auditing" Guid="{54849625-5478-4994-a5ba-3e3b0328c30d}" />
      <EventID>4688</EventID>
      <Version>2</Version>
      <Level>0</Level>
      <Task>13312</Task>
      <Opcode>0</Opcode>
      <Keywords>0x8020000000000000</Keywords>
      <TimeCreated SystemTime="2021-05-14T20:39:35.382502100Z" />
      <EventRecordID>1829532</EventRecordID>
      <Correlation />
      <Execution ProcessID="4" ThreadID="4288" />
      <Channel>Security</Channel>
      <Computer>fs01.offsec.lan</Computer>
      <Security />
    </System>
    <EventData>
      <Data Name="SubjectUserSid">S-1-5-21-4230534742-2542757381-3142984815-1111</Data>
      <Data Name="SubjectUserName">admmig</Data>
      <Data Name="SubjectDomainName">OFFSEC</Data>
      <Data Name="SubjectLogonId">0x13b593d</Data>
      <Data Name="NewProcessId">0xbd8</Data>
      <Data Name="NewProcessName">C:\Windows\System32\sc.exe</Data>
      <Data Name="TokenElevationType">%%1937</Data>
      <Data Name="ProcessId">0xbc0</Data>
      <Data Name="CommandLine">sc.exe  create hijackservice binpath= "cmd.exe /k tscon 2 /dest:rdp-tcp#5"</Data>
      <Data Name="TargetUserSid">S-1-0-0</Data>
      <Data Name="TargetUserName">-</Data>
      <Data Name="TargetDomainName">-</Data>
      <Data Name="TargetLogonId">0x0</Data>
      <Data Name="ParentProcessName">C:\Windows\System32\cmd.exe</Data>
      <Data Name="MandatoryLabel">S-1-16-12288</Data>
    </EventData>
  </Event>
  <Event xmlns="http://schemas.microsoft.com/win/2004/08/events/event">
    <System>
      <Provider Name="Microsoft-Windows-Security-Auditing" Guid="{54849625-5478-4994-a5ba-3e3b0328c30d}" />
      <EventID>4697</EventID>
      <Version>0</Version>
      <Level>0</Level>
      <Task>12289</Task>
      <Opcode>0</Opcode>
      <Keywords>0x8020000000000000</Keywords>
      <TimeCreated SystemTime="2021-05-14T20:39:35.406527000Z" />
      <EventRecordID>1829533</EventRecordID>
      <Correlation ActivityID="{a67be420-4636-0001-36e4-7ba63646d701}" />
      <Execution ProcessID="576" ThreadID="4904" />
      <Channel>Security</Channel>
      <Computer>fs01.offsec.lan</Computer>
      <Security />
    </System>
    <EventData>
      <Data Name="SubjectUserSid">S-1-5-21-4230534742-2542757381-3142984815-1111</Data>
      <Data Name="SubjectUserName">admmig</Data>
      <Data Name="SubjectDomainName">OFFSEC</Data>
      <Data Name="SubjectLogonId">0x13b593d</Data>
      <Data Name="ServiceName">hijackservice</Data>
      <Data Name="ServiceFileName">cmd.exe /k tscon 2 /dest:rdp-tcp#5</Data>
      <Data Name="ServiceType">0x10</Data>
      <Data Name="ServiceStartType">3</Data>
      <Data Name="ServiceAccount">LocalSystem</Data>
    </EventData>
  </Event>
</root>