<root>
  <Event xmlns="http://schemas.microsoft.com/win/2004/08/events/event">
    <System>
      <Provider Name="Microsoft-Windows-Eventlog" Guid="{fc65ddd8-d6ef-4962-83d5-6e5cfe9ce148}" />
      <EventID>104</EventID>
      <Version>0</Version>
      <Level>4</Level>
      <Task>104</Task>
      <Opcode>0</Opcode>
      <Keywords>0x8000000000000000</Keywords>
      <TimeCreated SystemTime="2021-04-21T09:27:51.181798500Z" />
      <EventRecordID>471479</EventRecordID>
      <Correlation />
      <Execution ProcessID="492" ThreadID="12164" />
      <Channel>System</Channel>
      <Computer>jump01.offsec.lan</Computer>
      <Security UserID="S-1-5-21-4230534742-2542757381-3142984815-1111" />
    </System>
    <UserData>
      <LogFileCleared xmlns="http://manifests.microsoft.com/win/2004/08/windows/eventlog">
        <SubjectUserName>admmig</SubjectUserName>
        <SubjectDomainName>OFFSEC</SubjectDomainName>
        <Channel>System</Channel>
        <BackupPath>
        </BackupPath>
      </LogFileCleared>
    </UserData>
  </Event>
  <Event xmlns="http://schemas.microsoft.com/win/2004/08/events/event">
    <System>
      <Provider Name="Service Control Manager" Guid="{555908d1-a6d7-4695-8e1e-26931d2012f4}" EventSourceName="Service Control Manager" />
      <EventID Qualifiers="16384">7045</EventID>
      <Version>0</Version>
      <Level>4</Level>
      <Task>0</Task>
      <Opcode>0</Opcode>
      <Keywords>0x8080000000000000</Keywords>
      <TimeCreated SystemTime="2021-04-21T09:27:56.082509200Z" />
      <EventRecordID>471480</EventRecordID>
      <Correlation />
      <Execution ProcessID="708" ThreadID="10604" />
      <Channel>System</Channel>
      <Computer>jump01.offsec.lan</Computer>
      <Security UserID="S-1-5-21-4230534742-2542757381-3142984815-1111" />
    </System>
    <EventData>
      <Data Name="ServiceName">PSEXESVC</Data>
      <Data Name="ImagePath">%SystemRoot%\PSEXESVC.exe</Data>
      <Data Name="ServiceType">user mode service</Data>
      <Data Name="StartType">demand start</Data>
      <Data Name="AccountName">LocalSystem</Data>
    </EventData>
  </Event>
  <Event xmlns="http://schemas.microsoft.com/win/2004/08/events/event">
    <System>
      <Provider Name="Service Control Manager" Guid="{555908d1-a6d7-4695-8e1e-26931d2012f4}" EventSourceName="Service Control Manager" />
      <EventID Qualifiers="16384">7036</EventID>
      <Version>0</Version>
      <Level>4</Level>
      <Task>0</Task>
      <Opcode>0</Opcode>
      <Keywords>0x8080000000000000</Keywords>
      <TimeCreated SystemTime="2021-04-21T09:27:56.102184000Z" />
      <EventRecordID>471481</EventRecordID>
      <Correlation />
      <Execution ProcessID="708" ThreadID="5480" />
      <Channel>System</Channel>
      <Computer>jump01.offsec.lan</Computer>
      <Security />
    </System>
    <EventData>
      <Data Name="param1">PSEXESVC</Data>
      <Data Name="param2">running</Data>
      <Binary>500053004500580045005300560043002F0034000000</Binary>
    </EventData>
  </Event>
  <Event xmlns="http://schemas.microsoft.com/win/2004/08/events/event">
    <System>
      <Provider Name="Service Control Manager" Guid="{555908d1-a6d7-4695-8e1e-26931d2012f4}" EventSourceName="Service Control Manager" />
      <EventID Qualifiers="16384">7036</EventID>
      <Version>0</Version>
      <Level>4</Level>
      <Task>0</Task>
      <Opcode>0</Opcode>
      <Keywords>0x8080000000000000</Keywords>
      <TimeCreated SystemTime="2021-04-21T09:27:56.248896900Z" />
      <EventRecordID>471482</EventRecordID>
      <Correlation />
      <Execution ProcessID="708" ThreadID="10604" />
      <Channel>System</Channel>
      <Computer>jump01.offsec.lan</Computer>
      <Security />
    </System>
    <EventData>
      <Data Name="param1">PSEXESVC</Data>
      <Data Name="param2">stopped</Data>
      <Binary>500053004500580045005300560043002F0031000000</Binary>
    </EventData>
  </Event>
</root>