<Event xmlns="http://schemas.microsoft.com/win/2004/08/events/event">
    <System>
      <Provider Name="Microsoft-Windows-Security-Auditing" Guid="{54849625-5478-4994-a5ba-3e3b0328c30d}" />
      <EventID>4658</EventID>
      <Version>0</Version>
      <Level>0</Level>
      <Task>12801</Task>
      <Opcode>0</Opcode>
      <Keywords>0x8020000000000000</Keywords>
      <TimeCreated SystemTime="2021-10-08T12:57:17.093113500Z" />
      <EventRecordID>2183555</EventRecordID>
      <Correlation />
      <Execution ProcessID="4" ThreadID="5052" />
      <Channel>Security</Channel>
      <Computer>fs01.offsec.lan</Computer>
      <Security />
    </System>
    <EventData>
      <Data Name="SubjectUserSid">S-1-5-18</Data>
      <Data Name="SubjectUserName">FS01$</Data>
      <Data Name="SubjectDomainName">OFFSEC</Data>
      <Data Name="SubjectLogonId">0x3e7</Data>
      <Data Name="ObjectServer">Security</Data>
      <Data Name="HandleId">0x138c</Data>
      <Data Name="ProcessId">0x7a4</Data>
      <Data Name="ProcessName">C:\Windows\System32\drvinst.exe</Data>
    </EventData>
  </Event>
  <Event xmlns="http://schemas.microsoft.com/win/2004/08/events/event">
    <System>
      <Provider Name="Microsoft-Windows-Security-Auditing" Guid="{54849625-5478-4994-a5ba-3e3b0328c30d}" />
      <EventID>4656</EventID>
      <Version>1</Version>
      <Level>0</Level>
      <Task>12801</Task>
      <Opcode>0</Opcode>
      <Keywords>0x8020000000000000</Keywords>
      <TimeCreated SystemTime="2021-10-08T12:57:17.093123300Z" />
      <EventRecordID>2183556</EventRecordID>
      <Correlation />
      <Execution ProcessID="4" ThreadID="5052" />
      <Channel>Security</Channel>
      <Computer>fs01.offsec.lan</Computer>
      <Security />
    </System>
    <EventData>
      <Data Name="SubjectUserSid">S-1-5-18</Data>
      <Data Name="SubjectUserName">FS01$</Data>
      <Data Name="SubjectDomainName">OFFSEC</Data>
      <Data Name="SubjectLogonId">0x3e7</Data>
      <Data Name="ObjectServer">Security</Data>
      <Data Name="ObjectType">Key</Data>
      <Data Name="ObjectName">\REGISTRY\MACHINE\SOFTWARE\Microsoft\EnterpriseCertificates\Root\Certificates</Data>
      <Data Name="HandleId">0x1b4</Data>
      <Data Name="TransactionId">{00000000-0000-0000-0000-000000000000}</Data>
      <Data Name="AccessList">%%1537
				%%1538
				%%4432
				%%4433
				%%4434
				%%4435
				%%4436
				</Data>
      <Data Name="AccessReason">-</Data>
      <Data Name="AccessMask">0x3001f</Data>
      <Data Name="PrivilegeList">-</Data>
      <Data Name="RestrictedSidCount">0</Data>
      <Data Name="ProcessId">0x7a4</Data>
      <Data Name="ProcessName">C:\Windows\System32\drvinst.exe</Data>
      <Data Name="ResourceAttributes">-</Data>
    </EventData>
  </Event>
  <Event xmlns="http://schemas.microsoft.com/win/2004/08/events/event">
    <System>
      <Provider Name="Microsoft-Windows-Security-Auditing" Guid="{54849625-5478-4994-a5ba-3e3b0328c30d}" />
      <EventID>4658</EventID>
      <Version>0</Version>
      <Level>0</Level>
      <Task>12801</Task>
      <Opcode>0</Opcode>
      <Keywords>0x8020000000000000</Keywords>
      <TimeCreated SystemTime="2021-10-08T12:57:17.093196000Z" />
      <EventRecordID>2183557</EventRecordID>
      <Correlation />
      <Execution ProcessID="4" ThreadID="5052" />
      <Channel>Security</Channel>
      <Computer>fs01.offsec.lan</Computer>
      <Security />
    </System>
    <EventData>
      <Data Name="SubjectUserSid">S-1-5-18</Data>
      <Data Name="SubjectUserName">FS01$</Data>
      <Data Name="SubjectDomainName">OFFSEC</Data>
      <Data Name="SubjectLogonId">0x3e7</Data>
      <Data Name="ObjectServer">Security</Data>
      <Data Name="HandleId">0x1b4</Data>
      <Data Name="ProcessId">0x7a4</Data>
      <Data Name="ProcessName">C:\Windows\System32\drvinst.exe</Data>
    </EventData>
  </Event>
  <Event xmlns="http://schemas.microsoft.com/win/2004/08/events/event">
    <System>
      <Provider Name="Microsoft-Windows-Security-Auditing" Guid="{54849625-5478-4994-a5ba-3e3b0328c30d}" />
      <EventID>4690</EventID>
      <Version>0</Version>
      <Level>0</Level>
      <Task>12807</Task>
      <Opcode>0</Opcode>
      <Keywords>0x8020000000000000</Keywords>
      <TimeCreated SystemTime="2021-10-08T12:57:17.728785100Z" />
      <EventRecordID>2183558</EventRecordID>
      <Correlation />
      <Execution ProcessID="4" ThreadID="5052" />
      <Channel>Security</Channel>
      <Computer>fs01.offsec.lan</Computer>
      <Security />
    </System>
    <EventData>
      <Data Name="SubjectUserSid">S-1-5-18</Data>
      <Data Name="SubjectUserName">FS01$</Data>
      <Data Name="SubjectDomainName">OFFSEC</Data>
      <Data Name="SubjectLogonId">0x3e7</Data>
      <Data Name="SourceHandleId">0xa28</Data>
      <Data Name="SourceProcessId">0x678</Data>
      <Data Name="TargetHandleId">0x1644</Data>
      <Data Name="TargetProcessId">0x4</Data>
    </EventData>
  </Event>
  <Event xmlns="http://schemas.microsoft.com/win/2004/08/events/event">
    <System>
      <Provider Name="Microsoft-Windows-Security-Auditing" Guid="{54849625-5478-4994-a5ba-3e3b0328c30d}" />
      <EventID>4658</EventID>
      <Version>0</Version>
      <Level>0</Level>
      <Task>12800</Task>
      <Opcode>0</Opcode>
      <Keywords>0x8020000000000000</Keywords>
      <TimeCreated SystemTime="2021-10-08T12:57:17.728794900Z" />
      <EventRecordID>2183559</EventRecordID>
      <Correlation />
      <Execution ProcessID="4" ThreadID="5052" />
      <Channel>Security</Channel>
      <Computer>fs01.offsec.lan</Computer>
      <Security />
    </System>
    <EventData>
      <Data Name="SubjectUserSid">S-1-5-18</Data>
      <Data Name="SubjectUserName">FS01$</Data>
      <Data Name="SubjectDomainName">OFFSEC</Data>
      <Data Name="SubjectLogonId">0x3e7</Data>
      <Data Name="ObjectServer">Security</Data>
      <Data Name="HandleId">0x1644</Data>
      <Data Name="ProcessId">0x678</Data>
      <Data Name="ProcessName">C:\Windows\System32\spoolsv.exe</Data>
    </EventData>
  </Event>
  <Event xmlns="http://schemas.microsoft.com/win/2004/08/events/event">
    <System>
      <Provider Name="Microsoft-Windows-Security-Auditing" Guid="{54849625-5478-4994-a5ba-3e3b0328c30d}" />
      <EventID>4656</EventID>
      <Version>1</Version>
      <Level>0</Level>
      <Task>12800</Task>
      <Opcode>0</Opcode>
      <Keywords>0x8020000000000000</Keywords>
      <TimeCreated SystemTime="2021-10-08T12:57:17.728827500Z" />
      <EventRecordID>2183560</EventRecordID>
      <Correlation />
      <Execution ProcessID="4" ThreadID="5052" />
      <Channel>Security</Channel>
      <Computer>fs01.offsec.lan</Computer>
      <Security />
    </System>
    <EventData>
      <Data Name="SubjectUserSid">S-1-5-18</Data>
      <Data Name="SubjectUserName">FS01$</Data>
      <Data Name="SubjectDomainName">OFFSEC</Data>
      <Data Name="SubjectLogonId">0x3e7</Data>
      <Data Name="ObjectServer">Security</Data>
      <Data Name="ObjectType">File</Data>
      <Data Name="ObjectName">C:\Windows\INF\TAPISRV\0409</Data>
      <Data Name="HandleId">0xa28</Data>
      <Data Name="TransactionId">{00000000-0000-0000-0000-000000000000}</Data>
      <Data Name="AccessList">%%1541
				%%4416
				</Data>
      <Data Name="AccessReason">%%1541:	%%1801	D:(A;;0x1200a9;;;SY)
				%%4416:	%%1801	D:(A;;0x1200a9;;;SY)
				</Data>
      <Data Name="AccessMask">0x100001</Data>
      <Data Name="PrivilegeList">-</Data>
      <Data Name="RestrictedSidCount">0</Data>
      <Data Name="ProcessId">0x678</Data>
      <Data Name="ProcessName">C:\Windows\System32\spoolsv.exe</Data>
      <Data Name="ResourceAttributes">-</Data>
    </EventData>
  </Event>
  <Event xmlns="http://schemas.microsoft.com/win/2004/08/events/event">
    <System>
      <Provider Name="Microsoft-Windows-Security-Auditing" Guid="{54849625-5478-4994-a5ba-3e3b0328c30d}" />
      <EventID>4658</EventID>
      <Version>0</Version>
      <Level>0</Level>
      <Task>12800</Task>
      <Opcode>0</Opcode>
      <Keywords>0x8020000000000000</Keywords>
      <TimeCreated SystemTime="2021-10-08T12:57:17.728843800Z" />
      <EventRecordID>2183561</EventRecordID>
      <Correlation />
      <Execution ProcessID="4" ThreadID="5052" />
      <Channel>Security</Channel>
      <Computer>fs01.offsec.lan</Computer>
      <Security />
    </System>
    <EventData>
      <Data Name="SubjectUserSid">S-1-5-18</Data>
      <Data Name="SubjectUserName">FS01$</Data>
      <Data Name="SubjectDomainName">OFFSEC</Data>
      <Data Name="SubjectLogonId">0x3e7</Data>
      <Data Name="ObjectServer">Security</Data>
      <Data Name="HandleId">0xa28</Data>
      <Data Name="ProcessId">0x678</Data>
      <Data Name="ProcessName">C:\Windows\System32\spoolsv.exe</Data>
    </EventData>
  </Event>
  <Event xmlns="http://schemas.microsoft.com/win/2004/08/events/event">
    <System>
      <Provider Name="Microsoft-Windows-Security-Auditing" Guid="{54849625-5478-4994-a5ba-3e3b0328c30d}" />
      <EventID>4690</EventID>
      <Version>0</Version>
      <Level>0</Level>
      <Task>12807</Task>
      <Opcode>0</Opcode>
      <Keywords>0x8020000000000000</Keywords>
      <TimeCreated SystemTime="2021-10-08T12:57:17.728881600Z" />
      <EventRecordID>2183562</EventRecordID>
      <Correlation />
      <Execution ProcessID="4" ThreadID="5052" />
      <Channel>Security</Channel>
      <Computer>fs01.offsec.lan</Computer>
      <Security />
    </System>
    <EventData>
      <Data Name="SubjectUserSid">S-1-5-18</Data>
      <Data Name="SubjectUserName">FS01$</Data>
      <Data Name="SubjectDomainName">OFFSEC</Data>
      <Data Name="SubjectLogonId">0x3e7</Data>
      <Data Name="SourceHandleId">0xa28</Data>
      <Data Name="SourceProcessId">0x678</Data>
      <Data Name="TargetHandleId">0x1644</Data>
      <Data Name="TargetProcessId">0x4</Data>
    </EventData>
  </Event>
  <Event xmlns="http://schemas.microsoft.com/win/2004/08/events/event">
    <System>
      <Provider Name="Microsoft-Windows-Security-Auditing" Guid="{54849625-5478-4994-a5ba-3e3b0328c30d}" />
      <EventID>4658</EventID>
      <Version>0</Version>
      <Level>0</Level>
      <Task>12800</Task>
      <Opcode>0</Opcode>
      <Keywords>0x8020000000000000</Keywords>
      <TimeCreated SystemTime="2021-10-08T12:57:17.728887200Z" />
      <EventRecordID>2183563</EventRecordID>
      <Correlation />
      <Execution ProcessID="4" ThreadID="5052" />
      <Channel>Security</Channel>
      <Computer>fs01.offsec.lan</Computer>
      <Security />
    </System>
    <EventData>
      <Data Name="SubjectUserSid">S-1-5-18</Data>
      <Data Name="SubjectUserName">FS01$</Data>
      <Data Name="SubjectDomainName">OFFSEC</Data>
      <Data Name="SubjectLogonId">0x3e7</Data>
      <Data Name="ObjectServer">Security</Data>
      <Data Name="HandleId">0x1644</Data>
      <Data Name="ProcessId">0x678</Data>
      <Data Name="ProcessName">C:\Windows\System32\spoolsv.exe</Data>
    </EventData>
  </Event>
  <Event xmlns="http://schemas.microsoft.com/win/2004/08/events/event">
    <System>
      <Provider Name="Microsoft-Windows-Security-Auditing" Guid="{54849625-5478-4994-a5ba-3e3b0328c30d}" />
      <EventID>4656</EventID>
      <Version>1</Version>
      <Level>0</Level>
      <Task>12800</Task>
      <Opcode>0</Opcode>
      <Keywords>0x8020000000000000</Keywords>
      <TimeCreated SystemTime="2021-10-08T12:57:17.728905800Z" />
      <EventRecordID>2183564</EventRecordID>
      <Correlation />
      <Execution ProcessID="4" ThreadID="5052" />
      <Channel>Security</Channel>
      <Computer>fs01.offsec.lan</Computer>
      <Security />
    </System>
    <EventData>
      <Data Name="SubjectUserSid">S-1-5-18</Data>
      <Data Name="SubjectUserName">FS01$</Data>
      <Data Name="SubjectDomainName">OFFSEC</Data>
      <Data Name="SubjectLogonId">0x3e7</Data>
      <Data Name="ObjectServer">Security</Data>
      <Data Name="ObjectType">File</Data>
      <Data Name="ObjectName">C:\Windows\INF\TAPISRV\0409</Data>
      <Data Name="HandleId">0xa28</Data>
      <Data Name="TransactionId">{00000000-0000-0000-0000-000000000000}</Data>
      <Data Name="AccessList">%%1541
				%%4416
				</Data>
      <Data Name="AccessReason">%%1541:	%%1801	D:(A;;0x1200a9;;;SY)
				%%4416:	%%1801	D:(A;;0x1200a9;;;SY)
				</Data>
      <Data Name="AccessMask">0x100001</Data>
      <Data Name="PrivilegeList">-</Data>
      <Data Name="RestrictedSidCount">0</Data>
      <Data Name="ProcessId">0x678</Data>
      <Data Name="ProcessName">C:\Windows\System32\spoolsv.exe</Data>
      <Data Name="ResourceAttributes">-</Data>
    </EventData>
  </Event>
  <Event xmlns="http://schemas.microsoft.com/win/2004/08/events/event">
    <System>
      <Provider Name="Microsoft-Windows-Security-Auditing" Guid="{54849625-5478-4994-a5ba-3e3b0328c30d}" />
      <EventID>4658</EventID>
      <Version>0</Version>
      <Level>0</Level>
      <Task>12800</Task>
      <Opcode>0</Opcode>
      <Keywords>0x8020000000000000</Keywords>
      <TimeCreated SystemTime="2021-10-08T12:57:17.728930000Z" />
      <EventRecordID>2183565</EventRecordID>
      <Correlation />
      <Execution ProcessID="4" ThreadID="5052" />
      <Channel>Security</Channel>
      <Computer>fs01.offsec.lan</Computer>
      <Security />
    </System>
    <EventData>
      <Data Name="SubjectUserSid">S-1-5-18</Data>
      <Data Name="SubjectUserName">FS01$</Data>
      <Data Name="SubjectDomainName">OFFSEC</Data>
      <Data Name="SubjectLogonId">0x3e7</Data>
      <Data Name="ObjectServer">Security</Data>
      <Data Name="HandleId">0xa28</Data>
      <Data Name="ProcessId">0x678</Data>
      <Data Name="ProcessName">C:\Windows\System32\spoolsv.exe</Data>
    </EventData>
  </Event>
  <Event xmlns="http://schemas.microsoft.com/win/2004/08/events/event">
    <System>
      <Provider Name="Microsoft-Windows-Security-Auditing" Guid="{54849625-5478-4994-a5ba-3e3b0328c30d}" />
      <EventID>6416</EventID>
      <Version>1</Version>
      <Level>0</Level>
      <Task>13316</Task>
      <Opcode>0</Opcode>
      <Keywords>0x8020000000000000</Keywords>
      <TimeCreated SystemTime="2021-10-08T12:57:18.646565900Z" />
      <EventRecordID>2183566</EventRecordID>
      <Correlation />
      <Execution ProcessID="4" ThreadID="848" />
      <Channel>Security</Channel>
      <Computer>fs01.offsec.lan</Computer>
      <Security />
    </System>
    <EventData>
      <Data Name="SubjectUserSid">S-1-5-18</Data>
      <Data Name="SubjectUserName">FS01$</Data>
      <Data Name="SubjectDomainName">OFFSEC</Data>
      <Data Name="SubjectLogonId">0x3e7</Data>
      <Data Name="DeviceId">SWD\PRINTENUM\{F98719DA-2EAC-4BAB-B347-A1C4BA29442C}</Data>
      <Data Name="DeviceDescription">\\printnightmare.gentilkiwi.com\Kiwi Legit Printer</Data>
      <Data Name="ClassId">{00000000-0000-0000-0000-000000000000}</Data>
      <Data Name="ClassName">
      </Data>
      <Data Name="VendorIds">
		PRINTENUM\PrinterConnection
		genericgeneric_/_tex8040
		
		</Data>
      <Data Name="CompatibleIds">
		GenPrinterConnection
		SWD\GenericRaw
		SWD\Generic
		
		</Data>
      <Data Name="LocationInformation">
		Spooler Internal
		</Data>
    </EventData>
  </Event>
  <Event xmlns="http://schemas.microsoft.com/win/2004/08/events/event">
    <System>
      <Provider Name="Microsoft-Windows-Security-Auditing" Guid="{54849625-5478-4994-a5ba-3e3b0328c30d}" />
      <EventID>4688</EventID>
      <Version>2</Version>
      <Level>0</Level>
      <Task>13312</Task>
      <Opcode>0</Opcode>
      <Keywords>0x8020000000000000</Keywords>
      <TimeCreated SystemTime="2021-10-08T12:57:18.677025600Z" />
      <EventRecordID>2183567</EventRecordID>
      <Correlation />
      <Execution ProcessID="4" ThreadID="848" />
      <Channel>Security</Channel>
      <Computer>fs01.offsec.lan</Computer>
      <Security />
    </System>
    <EventData>
      <Data Name="SubjectUserSid">S-1-5-18</Data>
      <Data Name="SubjectUserName">FS01$</Data>
      <Data Name="SubjectDomainName">OFFSEC</Data>
      <Data Name="SubjectLogonId">0x3e7</Data>
      <Data Name="NewProcessId">0x500</Data>
      <Data Name="NewProcessName">C:\Windows\System32\drvinst.exe</Data>
      <Data Name="TokenElevationType">%%1936</Data>
      <Data Name="ProcessId">0x280</Data>
      <Data Name="CommandLine">DrvInst.exe "1" "0" "SWD\PRINTENUM\{F98719DA-2EAC-4BAB-B347-A1C4BA29442C}" "" "" "4f51462e7" "0000000000000000"</Data>
      <Data Name="TargetUserSid">S-1-0-0</Data>
      <Data Name="TargetUserName">-</Data>
      <Data Name="TargetDomainName">-</Data>
      <Data Name="TargetLogonId">0x0</Data>
      <Data Name="ParentProcessName">C:\Windows\System32\svchost.exe</Data>
      <Data Name="MandatoryLabel">S-1-16-16384</Data>
    </EventData>
  </Event>
  <Event xmlns="http://schemas.microsoft.com/win/2004/08/events/event">
    <System>
      <Provider Name="Microsoft-Windows-Security-Auditing" Guid="{54849625-5478-4994-a5ba-3e3b0328c30d}" />
      <EventID>6416</EventID>
      <Version>1</Version>
      <Level>0</Level>
      <Task>13316</Task>
      <Opcode>0</Opcode>
      <Keywords>0x8020000000000000</Keywords>
      <TimeCreated SystemTime="2021-10-08T12:57:19.072507900Z" />
      <EventRecordID>2183568</EventRecordID>
      <Correlation />
      <Execution ProcessID="4" ThreadID="5052" />
      <Channel>Security</Channel>
      <Computer>fs01.offsec.lan</Computer>
      <Security />
    </System>
    <EventData>
      <Data Name="SubjectUserSid">S-1-5-18</Data>
      <Data Name="SubjectUserName">FS01$</Data>
      <Data Name="SubjectDomainName">OFFSEC</Data>
      <Data Name="SubjectLogonId">0x3e7</Data>
      <Data Name="DeviceId">SWD\PRINTENUM\{F98719DA-2EAC-4BAB-B347-A1C4BA29442C}</Data>
      <Data Name="DeviceDescription">\\printnightmare.gentilkiwi.com\Kiwi Legit Printer</Data>
      <Data Name="ClassId">{1ed2bbf9-11f0-4084-b21f-ad83a8e6dcdc}</Data>
      <Data Name="ClassName">PrintQueue</Data>
      <Data Name="VendorIds">
		PRINTENUM\PrinterConnection
		genericgeneric_/_tex8040
		
		</Data>
      <Data Name="CompatibleIds">
		GenPrinterConnection
		SWD\GenericRaw
		SWD\Generic
		
		</Data>
      <Data Name="LocationInformation">
		Spooler Internal
		</Data>
    </EventData>
  </Event>
  <Event xmlns="http://schemas.microsoft.com/win/2004/08/events/event">
    <System>
      <Provider Name="Microsoft-Windows-Security-Auditing" Guid="{54849625-5478-4994-a5ba-3e3b0328c30d}" />
      <EventID>4688</EventID>
      <Version>2</Version>
      <Level>0</Level>
      <Task>13312</Task>
      <Opcode>0</Opcode>
      <Keywords>0x8020000000000000</Keywords>
      <TimeCreated SystemTime="2021-10-08T12:57:21.631490900Z" />
      <EventRecordID>2183569</EventRecordID>
      <Correlation />
      <Execution ProcessID="4" ThreadID="6208" />
      <Channel>Security</Channel>
      <Computer>fs01.offsec.lan</Computer>
      <Security />
    </System>
    <EventData>
      <Data Name="SubjectUserSid">S-1-5-18</Data>
      <Data Name="SubjectUserName">FS01$</Data>
      <Data Name="SubjectDomainName">OFFSEC</Data>
      <Data Name="SubjectLogonId">0x3e7</Data>
      <Data Name="NewProcessId">0x8cc</Data>
      <Data Name="NewProcessName">C:\Windows\System32\cmd.exe</Data>
      <Data Name="TokenElevationType">%%1936</Data>
      <Data Name="ProcessId">0x678</Data>
      <Data Name="CommandLine">"cmd.exe"</Data>
      <Data Name="TargetUserSid">S-1-0-0</Data>
      <Data Name="TargetUserName">-</Data>
      <Data Name="TargetDomainName">-</Data>
      <Data Name="TargetLogonId">0x0</Data>
      <Data Name="ParentProcessName">C:\Windows\System32\spoolsv.exe</Data>
      <Data Name="MandatoryLabel">S-1-16-16384</Data>
    </EventData>
  </Event>
  <Event xmlns="http://schemas.microsoft.com/win/2004/08/events/event">
    <System>
      <Provider Name="Microsoft-Windows-Security-Auditing" Guid="{54849625-5478-4994-a5ba-3e3b0328c30d}" />
      <EventID>4688</EventID>
      <Version>2</Version>
      <Level>0</Level>
      <Task>13312</Task>
      <Opcode>0</Opcode>
      <Keywords>0x8020000000000000</Keywords>
      <TimeCreated SystemTime="2021-10-08T12:57:21.674068800Z" />
      <EventRecordID>2183570</EventRecordID>
      <Correlation />
      <Execution ProcessID="4" ThreadID="6208" />
      <Channel>Security</Channel>
      <Computer>fs01.offsec.lan</Computer>
      <Security />
    </System>
    <EventData>
      <Data Name="SubjectUserSid">S-1-5-18</Data>
      <Data Name="SubjectUserName">FS01$</Data>
      <Data Name="SubjectDomainName">OFFSEC</Data>
      <Data Name="SubjectLogonId">0x3e7</Data>
      <Data Name="NewProcessId">0x9bc</Data>
      <Data Name="NewProcessName">C:\Windows\System32\conhost.exe</Data>
      <Data Name="TokenElevationType">%%1936</Data>
      <Data Name="ProcessId">0x8cc</Data>
      <Data Name="CommandLine">\??\C:\Windows\system32\conhost.exe 0xffffffff -ForceV1</Data>
      <Data Name="TargetUserSid">S-1-0-0</Data>
      <Data Name="TargetUserName">-</Data>
      <Data Name="TargetDomainName">-</Data>
      <Data Name="TargetLogonId">0x0</Data>
      <Data Name="ParentProcessName">C:\Windows\System32\cmd.exe</Data>
      <Data Name="MandatoryLabel">S-1-16-16384</Data>
    </EventData>
  </Event>
</root>